<?xml version="1.0" encoding="UTF-8"?>
<ClinicalDocument xmlns="urn:hl7-org:v3" xmlns:voc="urn:hl7-org:v3/voc" xmlns:xsi="http://www.w3.org/2001/XMLSchema-instance" xmlns:axolotl="urn:axolotl-com:pdo">
    <realmCode code="US"/>
    <typeId root="2.16.840.1.113883.1.3" extension="POCD_HD000040"/>
    <templateId root="1.3.6.1.4.1.19376.1.5.3.1"/>
    <templateId root="1.3.6.1.4.1.19376.1.5.3.1.1"/>
    <templateId root="1.3.6.1.4.1.19376.1.5.3.1.1.1"/>
    <templateId root="2.16.840.1.113883.10.20.3"/>
    <templateId root="2.16.840.1.113883.10.20.1"/>
    <templateId root="2.16.840.1.113883.3.88.11.32.1"/>
    <id root="61ed2717-05c0-4eb0-8721-07473e5f609d"/>
    <code code="34133-9" codeSystem="2.16.840.1.113883.6.1" displayName="Summarization of episode note"/>
    <title>Optum HIE Patient Summary</title>
    <effectiveTime value="20121004095840-0800"/>
    <confidentialityCode code="N" codeSystem="2.16.840.1.113883.5.25" codeSystemName="Confidentiality" displayName="normal"/>
    <languageCode code="en-US"/>
    <recordTarget>
        <patientRole>
            <id root="1.3.6.1.4.1.291484.1.77.8" extension="000000041236"/>
            <addr use="HP">
                <streetAddressLine>100 Main Street</streetAddressLine>
                <city>West Crystal Valley</city>
                <state>CA</state>
                <postalCode>94100</postalCode>
            </addr>
            <telecom value="tel:+1 415-222-3311" use="WP"/>
            <telecom value="tel:+1 415-123-9988" use="HP"/>
            <patient>
                <name use="ASGN">
                    <given>Homer</given>
                    <given>J</given>
                    <family>Simpson</family>
                </name>
                <administrativeGenderCode code="M" codeSystem="2.16.840.1.113883.5.1" codeSystemName="AdministrativeGender" displayName="Male"/>
                <birthTime value="19750731"/>
                <languageCommunication nullFlavor="UNK"/>
            </patient>
        </patientRole>
    </recordTarget>
    <author>
        <time value="20121004095840-0800"/>
        <assignedAuthor classCode="ASSIGNED">
            <id root="47314c58-e134-4126-8215-a115dd4b5b75"/>
            <addr nullFlavor="NI"/>
            <telecom nullFlavor="NI"/>
            <assignedPerson>
                <name>Foo Bar RHIO</name>
            </assignedPerson>
            <representedOrganization>
                <name>Foo Bar RHIO</name>
                <telecom nullFlavor="NI"/>
                <addr nullFlavor="NI"/>
            </representedOrganization>
        </assignedAuthor>
    </author>
    <author>
        <time value="20121004095840-0800"/>
        <assignedAuthor classCode="ASSIGNED">
            <id root="1.3.6.1.4.1.29148"/>
            <addr nullFlavor="NI"/>
            <telecom nullFlavor="NI"/>
            <assignedAuthoringDevice classCode="DEV">
                <code code="SYSTM" codeSystem="2.16.840.1.113883.5.1060" codeSystemName="EntityCode" codeSystemVersion="134" displayName="System"/>
                <manufacturerModelName>2.1.0.0-SNAPSHOT</manufacturerModelName>
                <softwareName>Optum HIE Core Framework - CCD Generator</softwareName>
            </assignedAuthoringDevice>
            <representedOrganization>
                <id nullFlavor="NI"/>
                <name nullFlavor="NI"/>
                <telecom nullFlavor="NI"/>
                <addr nullFlavor="NI"/>
            </representedOrganization>
        </assignedAuthor>
    </author>
    <custodian>
        <assignedCustodian classCode="ASSIGNED">
            <representedCustodianOrganization classCode="ORG">
                <id nullFlavor="NI"/>
                <name nullFlavor="NI"/>
                <telecom nullFlavor="NI"/>
                <addr nullFlavor="NI"/>
            </representedCustodianOrganization>
        </assignedCustodian>
    </custodian>
    <documentationOf>
        <serviceEvent classCode="PCPR">
            <effectiveTime>
                <low value="200002132259-0800"/>
                <high value="200002151416-0800"/>
            </effectiveTime>
        </serviceEvent>
    </documentationOf>
    <component>
        <structuredBody>
            <component>
                <section>
                    <templateId root="2.16.840.1.113883.3.88.11.83.101"/>
                    <templateId root="2.16.840.1.113883.10.20.1.9"/>
                    <templateId root="1.3.6.1.4.1.19376.1.5.3.1.1.5.3.7"/>
                    <id nullFlavor="NI"/>
                    <code code="48768-6" codeSystem="2.16.840.1.113883.6.1" codeSystemName="LOINC" displayName="Payment sources"/>
                    <title>Payers Section</title>
                    <text>
                        <table>
                            <thead>
                                <tr>
                                    <th>Payer</th>
                                    <th>Plan Name</th>
                                    <th>Group ID</th>
                                    <th>Member ID</th>
                                    <th>Coverage Start Date</th>
                                    <th>Coverage End Date</th>
                                </tr>
                            </thead>
                            <tbody>
                                <tr>
                                    <td>CHOICECARE</td>
                                    <td>001</td>
                                    <td>9037</td>
                                    <td>28068116300</td>
                                    <td>No information in source data</td>
                                    <td>No information in source data</td>
                                </tr>
                                <tr>
                                    <td>NEW HEALTH</td>
                                    <td>001</td>
                                    <td>9037</td>
                                    <td>28068116300</td>
                                    <td>No information in source data</td>
                                    <td>No information in source data</td>
                                </tr>
                            </tbody>
                        </table>
                    </text>
                    <entry typeCode="DRIV">
                        <act classCode="ACT" moodCode="DEF">
                            <templateId root="2.16.840.1.113883.10.20.1.20"/>
                            <templateId root="1.3.6.1.4.1.19376.1.5.3.1.4.17"/>
                            <id root="2f30c523-bc25-4ce9-83b6-34aec63a81ec"/>
                            <code code="48768-6" codeSystem="2.16.840.1.113883.6.1" codeSystemName="LOINC" displayName="Payment sources"/>
                            <statusCode code="completed"/>
                            <entryRelationship typeCode="COMP">
                                <act classCode="ACT" moodCode="EVN">
                                    <templateId root="2.16.840.1.113883.10.20.1.26"/>
                                    <templateId root="1.3.6.1.4.1.19376.1.5.3.1.4.18"/>
                                    <id extension="9037"/>
                                    <code nullFlavor="NI"/>
                                    <statusCode code="completed"/>
                                    <performer typeCode="PRF">
                                        <assignedEntity>
                                            <id root="183cba8f-41b1-4095-9d2b-1c6309483625"/>
                                            <code code="PAYOR" codeSystem="2.16.840.1.113883.5.110" codeSystemName="RoleClass"/>
                                            <addr nullFlavor="NI"/>
                                            <telecom nullFlavor="NI"/>
                                            <representedOrganization>
                                                <name>CHOICECARE</name>
                                                <telecom nullFlavor="NI"/>
                                                <addr nullFlavor="NI"/>
                                            </representedOrganization>
                                        </assignedEntity>
                                    </performer>
                                    <participant typeCode="COV" contextControlCode="OP">
                                        <time>
                                            <low nullFlavor="NI"/>
                                            <high nullFlavor="NI"/>
                                        </time>
                                        <participantRole classCode="PAT">
                                            <id extension="28068116300"/>
                                            <code code="PAT" codeSystem="2.16.840.1.113883.5.111" codeSystemName="RoleCode"/>
                                            <addr use="HP">
                                                <streetAddressLine>100 Main Street</streetAddressLine>
                                                <city>West Crystal Valley</city>
                                                <state>CA</state>
                                                <postalCode>94100</postalCode>
                                            </addr>
                                            <playingEntity>
                                                <name use="L">
                                                    <given>Five</given>
                                                    <given>F</given>
                                                    <family>PatientFive</family>
                                                </name>
                                                <name use="ASGN">
                                                    <given>PFIVE, Five F</given>
                                                </name>
                                            </playingEntity>
                                        </participantRole>
                                    </participant>
                                    <entryRelationship typeCode="REFR">
                                        <act classCode="ACT" moodCode="DEF">
                                            <id root="48beade1-08a6-4ffb-b210-79d58d61251b"/>
                                            <code nullFlavor="NA"/>
                                            <text xsi:type="ST">001</text>
                                        </act>
                                    </entryRelationship>
                                </act>
                            </entryRelationship>
                        </act>
                    </entry>
                    <entry typeCode="DRIV">
                        <act classCode="ACT" moodCode="DEF">
                            <templateId root="2.16.840.1.113883.10.20.1.20"/>
                            <templateId root="1.3.6.1.4.1.19376.1.5.3.1.4.17"/>
                            <id root="0a986cea-fa8f-458b-884c-b7adc72e4134"/>
                            <code code="48768-6" codeSystem="2.16.840.1.113883.6.1" codeSystemName="LOINC" displayName="Payment sources"/>
                            <statusCode code="completed"/>
                            <entryRelationship typeCode="COMP">
                                <act classCode="ACT" moodCode="EVN">
                                    <templateId root="2.16.840.1.113883.10.20.1.26"/>
                                    <templateId root="1.3.6.1.4.1.19376.1.5.3.1.4.18"/>
                                    <id extension="9037"/>
                                    <code nullFlavor="NI"/>
                                    <statusCode code="completed"/>
                                    <performer typeCode="PRF">
                                        <assignedEntity>
                                            <id root="db4f1d73-157f-443a-b3fd-e49d37f9e7f2"/>
                                            <code code="PAYOR" codeSystem="2.16.840.1.113883.5.110" codeSystemName="RoleClass"/>
                                            <addr nullFlavor="NI"/>
                                            <telecom nullFlavor="NI"/>
                                            <representedOrganization>
                                                <name>NEW HEALTH</name>
                                                <telecom nullFlavor="NI"/>
                                                <addr nullFlavor="NI"/>
                                            </representedOrganization>
                                        </assignedEntity>
                                    </performer>
                                    <participant typeCode="COV" contextControlCode="OP">
                                        <time>
                                            <low nullFlavor="NI"/>
                                            <high nullFlavor="NI"/>
                                        </time>
                                        <participantRole classCode="PAT">
                                            <id extension="28068116300"/>
                                            <code code="PAT" codeSystem="2.16.840.1.113883.5.111" codeSystemName="RoleCode"/>
                                            <addr use="HP">
                                                <streetAddressLine>100 Main Street</streetAddressLine>
                                                <city>West Crystal Valley</city>
                                                <state>CA</state>
                                                <postalCode>94100</postalCode>
                                            </addr>
                                            <playingEntity>
                                                <name use="L">
                                                    <given>Five</given>
                                                    <given>F</given>
                                                    <family>PatientFive</family>
                                                </name>
                                                <name use="ASGN">
                                                    <given>PFIVE, Five F</given>
                                                </name>
                                            </playingEntity>
                                        </participantRole>
                                    </participant>
                                    <entryRelationship typeCode="REFR">
                                        <act classCode="ACT" moodCode="DEF">
                                            <id root="ad57711b-5f80-4a92-9e98-d1ed568b65af"/>
                                            <code nullFlavor="NA"/>
                                            <text xsi:type="ST">001</text>
                                        </act>
                                    </entryRelationship>
                                </act>
                            </entryRelationship>
                        </act>
                    </entry>
                </section>
            </component>
            <component>
        <structuredBody>
            <component>
                <section>
                    <templateId root="2.16.840.1.113883.10.20.1.2"/>
                    <templateId root="2.16.840.1.113883.3.88.11.83.102"/>
                    <templateId root="1.3.6.1.4.1.19376.1.5.3.1.3.13"/>
                    <code code="48765-2" codeSystem="2.16.840.1.113883.6.1" codeSystemName="LOINC"
                        displayName="Allergies, adverse reactions,alerts"/>
                    <title>Allergies, Adverse Reactions, Alerts</title>
                    <text>
                        <table>
                            <thead>
                                <tr>
                                    <th>Allergen</th>
                                    <th>Reaction</th>
                                    <th>Severity</th>
                                    <th>Start Date</th>
                                    <th>End Date</th>
                                    <th>Status</th>
                                </tr>
                            </thead>
                            <tbody>
                                <tr>
                                    <td>
                                        <content ID="Allergen_2640da886dba39b4b732fa">Peanut's
                                            butter</content>
                                    </td>
                                    <td>
                                        <content ID="Reaction_7f4e4dbb3bc2c87c7981d3">Skin
                                            Rashes/Hives</content>
                                        <content ID="Reaction_d148b994a03c784ea208d2">High
                                            fever</content>
                                    </td>
                                    <td>No Information</td>
                                    <td>Jan 6 2012</td>
                                    <td>No Information</td>
                                    <td>active</td>
                                </tr>
                                <tr>
                                    <td>
                                        <content ID="Allergen_6f4eff91ee9b3a099a7b79">pine
                                            cones</content>
                                    </td>
                                    <td>
                                        <content ID="Reaction_87449d92e782ff9b955506">Skin
                                            Rashes/Hives</content>
                                        <content ID="Reaction_74464faeb201b1a317ddcd"
                                            >Asthma/Shortness of Breath</content>
                                        <content ID="Reaction_0b4761ab9fb5bbfb33583c"
                                            >Nausea/Vomiting/Diarrhea</content>
                                    </td>
                                    <td>No Information</td>
                                    <td>Jan 4 2012</td>
                                    <td>No Information</td>
                                    <td>active</td>
                                </tr>
                            </tbody>
                        </table>
                    </text>
                    <entry>
                        <act classCode="ACT" moodCode="EVN">
                            <templateId root="2.16.840.1.113883.10.20.1.27"/>
                            <templateId root="2.16.840.1.113883.3.88.11.83.6"/>
                            <templateId root="1.3.6.1.4.1.19376.1.5.3.1.4.5.1"/>
                            <templateId root="1.3.6.1.4.1.19376.1.5.3.1.4.5.3"/>
                            <id nullFlavor="NI"/>
                            <code nullFlavor="NA"/>
                            <statusCode code="active"/>
                            <effectiveTime>
                                <low value="20120106"/>
                            </effectiveTime>
                            <entryRelationship typeCode="SUBJ" inversionInd="false">
                                <observation classCode="OBS" moodCode="EVN">
                                    <templateId root="2.16.840.1.113883.10.20.1.28"/>
                                    <templateId root="2.16.840.1.113883.10.20.1.18"/>
                                    <templateId root="1.3.6.1.4.1.19376.1.5.3.1.4.5"/>
                                    <templateId root="1.3.6.1.4.1.19376.1.5.3.1.4.6"/>
                                    <id root="5f4a9a9a-5696-4f0d-941b-c0c94aae8691"/>
                                    <code code="420134006" codeSystem="2.16.840.1.113883.6.96"
                                        codeSystemName="SNOMED_CT" codeSystemVersion="20081218"
                                        displayName="Propensity to adverse reactions"/>
                                    <statusCode code="completed"/>
                                    <effectiveTime>
                                        <low value="20120106"/>
                                    </effectiveTime>
                                    <value nullFlavor="NI" xsi:type="CD"/>
                                    <participant typeCode="CSM" contextControlCode="OP">
                                        <participantRole classCode="MANU">
                                            <playingEntity classCode="MMAT">
                                                <code nullFlavor="NI">
                                                  <originalText>Peanut butter
                                                  <reference
                                                  value="#Allergen_2640da886dba39b4b732fa"/>
                                                  </originalText>
                                                </code>
                                                <name>Peanut butter</name>
                                            </playingEntity>
                                        </participantRole>
                                    </participant>
                                    <entryRelationship typeCode="REFR">
                                        <observation classCode="OBS" moodCode="EVN">
                                            <id nullFlavor="NI"/>
                                            <code nullFlavor="NI"/>
                                            <informant>
                                                <assignedEntity>
                                                  <id nullFlavor="NI"/>
                                                  <addr>
                                                  <streetAddressLine>800 El Camino
                                                  Real</streetAddressLine>
                                                  <city>Mountain View</city>
                                                  <state>CA</state>
                                                  <postalCode>94040</postalCode>
                                                  </addr>
                                                  <telecom nullFlavor="NI"/>
                                                  <assignedPerson>
                                                  <name>
                                                  <given>Test</given>
                                                  <family>Userone</family>
                                                  </name>
                                                  </assignedPerson>
                                                  <representedOrganization>
                                                  <id nullFlavor="NI"/>
                                                  <name>Test One Workgroup</name>
                                                  <telecom nullFlavor="NI"/>
                                                  <addr nullFlavor="NI"/>
                                                  </representedOrganization>
                                                </assignedEntity>
                                            </informant>
                                        </observation>
                                    </entryRelationship>
                                    <entryRelationship typeCode="MFST" inversionInd="true">
                                        <observation classCode="OBS" moodCode="EVN">
                                            <templateId root="2.16.840.1.113883.10.20.1.54"/>
                                            <templateId root="2.16.840.1.113883.10.20.1.28"/>
                                            <id root="11601ab8-37f4-4117-ad1a-894a251bc27c"/>
                                            <code nullFlavor="NI"/>
                                            <text>Skin rashes / Hives
                                                <reference value="#Reaction_7f4e4dbb3bc2c87c7981d3"
                                                />
                                            </text>
                                            <statusCode code="completed"/>
                                            <effectiveTime>
                                                <low nullFlavor="UNK"/>
                                            </effectiveTime>
                                        </observation>
                                    </entryRelationship>
                                    <entryRelationship typeCode="MFST" inversionInd="true">
                                        <observation classCode="OBS" moodCode="EVN">
                                            <templateId root="2.16.840.1.113883.10.20.1.54"/>
                                            <templateId root="2.16.840.1.113883.10.20.1.28"/>
                                            <id root="a8ed603c-570b-4e0c-a703-d4594de1f780"/>
                                            <code nullFlavor="NI"/>
                                            <text>High fever
                                                <reference value="#Reaction_d148b994a03c784ea208d2"
                                                />
                                            </text>
                                            <statusCode code="completed"/>
                                            <effectiveTime>
                                                <low nullFlavor="UNK"/>
                                            </effectiveTime>
                                        </observation>
                                    </entryRelationship>
                                </observation>
                            </entryRelationship>
                            <entryRelationship typeCode="REFR">
                                <observation classCode="OBS" moodCode="EVN">
                                    <code code="33999-4" codeSystem="2.16.840.1.113883.6.1"
                                        displayName="Status"/>
                                    <statusCode code="completed"/>
                                    <value code="55561003" xsi:type="CD"
                                        codeSystem="2.16.840.1.113883.6.96"
                                        codeSystemName="SNOMED CT" displayName="Active"/>
                                </observation>
                            </entryRelationship>
                        </act>
                    </entry>
                    <entry>
                        <act classCode="ACT" moodCode="EVN">
                            <templateId root="2.16.840.1.113883.10.20.1.27"/>
                            <templateId root="2.16.840.1.113883.3.88.11.83.6"/>
                            <templateId root="1.3.6.1.4.1.19376.1.5.3.1.4.5.1"/>
                            <templateId root="1.3.6.1.4.1.19376.1.5.3.1.4.5.3"/>
                            <id nullFlavor="NI"/>
                            <code nullFlavor="NA"/>
                            <statusCode code="active"/>
                            <effectiveTime>
                                <low value="20120104"/>
                            </effectiveTime>
                            <entryRelationship typeCode="SUBJ" inversionInd="false">
                                <observation classCode="OBS" moodCode="EVN">
                                    <templateId root="2.16.840.1.113883.10.20.1.28"/>
                                    <templateId root="2.16.840.1.113883.10.20.1.18"/>
                                    <templateId root="1.3.6.1.4.1.19376.1.5.3.1.4.5"/>
                                    <templateId root="1.3.6.1.4.1.19376.1.5.3.1.4.6"/>
                                    <id root="1ab310ad-4fc6-43b7-81fd-339a97b2c5d2"/>
                                    <code code="420134006" codeSystem="2.16.840.1.113883.6.96"
                                        codeSystemName="SNOMED_CT" codeSystemVersion="20081218"
                                        displayName="Propensity to adverse reactions"/>
                                    <statusCode code="completed"/>
                                    <effectiveTime>
                                        <low value="20120104"/>
                                    </effectiveTime>
                                    <value nullFlavor="NI" xsi:type="CD"/>
                                    <participant typeCode="CSM" contextControlCode="OP">
                                        <participantRole classCode="MANU">
                                            <playingEntity classCode="MMAT">
                                                <code nullFlavor="NI">
                                                  <originalText>pine cones
                                                  <reference
                                                  value="#Allergen_6f4eff91ee9b3a099a7b79"/>
                                                  </originalText>
                                                </code>
                                                <name>pine cones</name>
                                            </playingEntity>
                                        </participantRole>
                                    </participant>
                                    <entryRelationship typeCode="REFR">
                                        <observation classCode="OBS" moodCode="EVN">
                                            <id nullFlavor="NI"/>
                                            <code nullFlavor="NI"/>
                                            <informant>
                                                <assignedEntity>
                                                  <id nullFlavor="NI"/>
                                                  <addr>
                                                  <streetAddressLine>800 El Camino
                                                  Real</streetAddressLine>
                                                  <city>Mountain View</city>
                                                  <state>CA</state>
                                                  <postalCode>94040</postalCode>
                                                  </addr>
                                                  <telecom nullFlavor="NI"/>
                                                  <assignedPerson>
                                                  <name>
                                                  <given>Test</given>
                                                  <family>Userone</family>
                                                  </name>
                                                  </assignedPerson>
                                                  <representedOrganization>
                                                  <id nullFlavor="NI"/>
                                                  <name>Test One Workgroup</name>
                                                  <telecom nullFlavor="NI"/>
                                                  <addr nullFlavor="NI"/>
                                                  </representedOrganization>
                                                </assignedEntity>
                                            </informant>
                                        </observation>
                                    </entryRelationship>
                                    <entryRelationship typeCode="MFST" inversionInd="true">
                                        <observation classCode="OBS" moodCode="EVN">
                                            <templateId root="2.16.840.1.113883.10.20.1.54"/>
                                            <templateId root="2.16.840.1.113883.10.20.1.28"/>
                                            <id root="6de9453a-2e80-419b-9909-b59b7a6561d0"/>
                                            <code nullFlavor="NI"/>
                                            <text>Skin Rashes/Hives
                                                <reference value="#Reaction_87449d92e782ff9b955506"
                                                />
                                            </text>
                                            <statusCode code="completed"/>
                                            <effectiveTime>
                                                <low nullFlavor="UNK"/>
                                            </effectiveTime>
                                        </observation>
                                    </entryRelationship>
                                    <entryRelationship typeCode="MFST" inversionInd="true">
                                        <observation classCode="OBS" moodCode="EVN">
                                            <templateId root="2.16.840.1.113883.10.20.1.54"/>
                                            <templateId root="2.16.840.1.113883.10.20.1.28"/>
                                            <id root="0a4a624e-5b00-4010-9eb6-9ea35e025757"/>
                                            <code nullFlavor="NI"/>
                                            <text>Asthma/Shortness of Breath
                                                <reference value="#Reaction_74464faeb201b1a317ddcd"
                                                />
                                            </text>
                                            <statusCode code="completed"/>
                                            <effectiveTime>
                                                <low nullFlavor="UNK"/>
                                            </effectiveTime>
                                        </observation>
                                    </entryRelationship>
                                    <entryRelationship typeCode="MFST" inversionInd="true">
                                        <observation classCode="OBS" moodCode="EVN">
                                            <templateId root="2.16.840.1.113883.10.20.1.54"/>
                                            <templateId root="2.16.840.1.113883.10.20.1.28"/>
                                            <id root="8ed6c11e-9bd5-4bed-8949-f4440a27d7f9"/>
                                            <code nullFlavor="NI"/>
                                            <text>Nausea/Vomiting/Diarrhea
                                                <reference value="#Reaction_0b4761ab9fb5bbfb33583c"
                                                />
                                            </text>
                                            <statusCode code="completed"/>
                                            <effectiveTime>
                                                <low nullFlavor="UNK"/>
                                            </effectiveTime>
                                        </observation>
                                    </entryRelationship>
                                </observation>
                            </entryRelationship>
                            <entryRelationship typeCode="REFR">
                                <observation classCode="OBS" moodCode="EVN">
                                    <code code="33999-4" codeSystem="2.16.840.1.113883.6.1"
                                        displayName="Status"/>
                                    <statusCode code="completed"/>
                                    <value code="55561003" xsi:type="CD"
                                        codeSystem="2.16.840.1.113883.6.96"
                                        codeSystemName="SNOMED CT" displayName="Active"/>
                                </observation>
                            </entryRelationship>
                        </act>
                    </entry>
                </section>
            </component>
            <component>
                <section>
                    <templateId root="2.16.840.1.113883.10.20.1.6"/>
                    <templateId root="1.3.6.1.4.1.19376.1.5.3.1.3.23"/>
                    <templateId root="2.16.840.1.113883.3.88.11.83.117"/>
                    <id root="8559f277-e78c-4118-974e-7dc124c9544f"/>
                    <code code="11369-6" codeSystem="2.16.840.1.113883.6.1" codeSystemName="LOINC"
                        displayName="History of immunizations"/>
                    <title>Immunizations</title>
                    <text>
                        <table>
                            <thead>
                                <tr>
                                    <th>Immunization</th>
                                    <th>Date</th>
                                    <th>Rejected Reason</th>
                                </tr>
                            </thead>
                            <tbody>
                                <tr>
                                    <td ID="Immunization_e94a459cacf0b5de710cdf">Hepatitis A
                                        Vaccine</td>
                                    <td>Feb 8 2012</td>
                                    <td>Not Applicable</td>
                                </tr>
                                <tr>
                                    <td ID="Immunization_0c4582b58e12d465085bc3">Tetanus-Diphtheria
                                        Toxoids Td</td>
                                    <td>Feb 8 2012</td>
                                    <td>Not Applicable</td>
                                </tr>
                            </tbody>
                        </table>
                    </text>
                    <entry>
                        <substanceAdministration classCode="SBADM" moodCode="EVN"
                            negationInd="false">
                            <templateId root="2.16.840.1.113883.3.88.11.83.13"/>
                            <templateId root="1.3.6.1.4.1.19376.1.5.3.1.4.12"/>
                            <templateId root="2.16.840.1.113883.10.20.1.24"/>
                            <id root="1aee0a18-6b21-46e8-8e33-cfdae86b0273"/>
                            <code code="IMMUNIZ" codeSystem="2.16.840.1.113883.5.4"
                                codeSystemName="ActCode" codeSystemVersion="139"
                                displayName="Immunization"/>
                            <statusCode code="completed"/>
                            <effectiveTime xsi:type="IVL_TS" value="201202081354-0800"/>
                            <routeCode code="C38299" codeSystem="2.16.840.1.113883.3.26.1.1"
                                codeSystemName="National Cancer Institute (NCI) Thesaurus"
                                displayName="SUBCUTANEOUS"/>
                            <consumable>
                                <manufacturedProduct classCode="MANU">
                                    <templateId root="2.16.840.1.113883.10.20.1.53"/>
                                    <templateId root="1.3.6.1.4.1.19376.1.5.3.1.4.7.2"/>
                                    <manufacturedMaterial>
                                        <code nullFlavor="UNK">
                                            <originalText>
                                                <reference
                                                  value="#Immunization_e94a459cacf0b5de710cdf"/>
                                            </originalText>
                                            <translation code="17100008001840"
                                                codeSystem="2.16.840.1.113883.6.68"
                                                codeSystemName="Medispan GPI"
                                                displayName="Hepatitis A Vaccine">
                                                <originalText>Hepatitis A Vaccine Inj Susp 1440 EL
                                                  Unit/ML 0.25 ml</originalText>
                                            </translation>
                                        </code>
                                        <lotNumberText>V245</lotNumberText>
                                    </manufacturedMaterial>
                                </manufacturedProduct>
                            </consumable>
                            <entryRelationship typeCode="REFR">
                                <observation classCode="OBS" moodCode="EVN">
                                    <id nullFlavor="NI"/>
                                    <code nullFlavor="NI"/>
                                    <informant>
                                        <assignedEntity>
                                            <id nullFlavor="NI"/>
                                            <addr nullFlavor="NI"/>
                                            <telecom nullFlavor="NI"/>
                                            <assignedPerson>
                                                <name>Test Userone</name>
                                            </assignedPerson>
                                            <representedOrganization>
                                                <id nullFlavor="NI"/>
                                                <name>Test One Workgroup</name>
                                                <telecom nullFlavor="NI"/>
                                                <addr nullFlavor="NI"/>
                                            </representedOrganization>
                                        </assignedEntity>
                                    </informant>
                                </observation>
                            </entryRelationship>
                        </substanceAdministration>
                    </entry>
                    <entry>
                        <substanceAdministration classCode="SBADM" moodCode="EVN"
                            negationInd="false">
                            <templateId root="2.16.840.1.113883.3.88.11.83.13"/>
                            <templateId root="1.3.6.1.4.1.19376.1.5.3.1.4.12"/>
                            <templateId root="2.16.840.1.113883.10.20.1.24"/>
                            <id root="8599ce20-0b19-4cb4-b2ec-56a4003da412"/>
                            <code code="IMMUNIZ" codeSystem="2.16.840.1.113883.5.4"
                                codeSystemName="ActCode" codeSystemVersion="139"
                                displayName="Immunization"/>
                            <statusCode code="completed"/>
                            <effectiveTime xsi:type="IVL_TS" value="201202081356-0800"/>
                            <routeCode code="C38299" codeSystem="2.16.840.1.113883.3.26.1.1"
                                codeSystemName="National Cancer Institute (NCI) Thesaurus"
                                displayName="SUBCUTANEOUS"/>
                            <consumable>
                                <manufacturedProduct classCode="MANU">
                                    <templateId root="2.16.840.1.113883.10.20.1.53"/>
                                    <templateId root="1.3.6.1.4.1.19376.1.5.3.1.4.7.2"/>
                                    <manufacturedMaterial>
                                        <code nullFlavor="UNK">
                                            <originalText>
                                                <reference
                                                  value="#Immunization_0c4582b58e12d465085bc3"/>
                                            </originalText>
                                            <translation code="18990002201805"
                                                codeSystem="2.16.840.1.113883.6.68"
                                                codeSystemName="Medispan GPI"
                                                displayName="Tetanus-Diphtheria Toxoids Td">
                                                <originalText>Tetanus-Diphtheria Toxoids (Td) Inj
                                                  2-2 LF/0.5ML 0.25 ml</originalText>
                                            </translation>
                                        </code>
                                        <lotNumberText>CBF324</lotNumberText>
                                    </manufacturedMaterial>
                                </manufacturedProduct>
                            </consumable>
                            <entryRelationship typeCode="REFR">
                                <observation classCode="OBS" moodCode="EVN">
                                    <id nullFlavor="NI"/>
                                    <code nullFlavor="NI"/>
                                    <informant>
                                        <assignedEntity>
                                            <id nullFlavor="NI"/>
                                            <addr nullFlavor="NI"/>
                                            <telecom nullFlavor="NI"/>
                                            <assignedPerson>
                                                <name>Test Userone</name>
                                            </assignedPerson>
                                            <representedOrganization>
                                                <id nullFlavor="NI"/>
                                                <name>Test One Workgroup</name>
                                                <telecom nullFlavor="NI"/>
                                                <addr nullFlavor="NI"/>
                                            </representedOrganization>
                                        </assignedEntity>
                                    </informant>
                                </observation>
                            </entryRelationship>
                        </substanceAdministration>
                    </entry>
                </section>
            </component>
            <component>
                <section>
                    <templateId root="2.16.840.1.113883.10.20.1.8"/>
                    <templateId root="2.16.840.1.113883.3.88.11.83.112"/>
                    <templateId root="1.3.6.1.4.1.19376.1.5.3.1.3.19"/>
                    <id root="38a1494d-fa60-4c7e-b68e-b6362a80a727"/>
                    <code code="10160-0" codeSystem="2.16.840.1.113883.6.1" codeSystemName="LOINC"
                        displayName="History of medication use"/>
                    <title>Medications</title>
                    <text>
                        <table>
                            <thead>
                                <tr>
                                    <th>Original Text</th>
                                    <th>Start Date</th>
                                    <th>End Date</th>
                                    <th>Status</th>
                                </tr>
                            </thead>
                            <tbody>
                                <tr>
                                    <td ID="Medtext_7a44678a563bad14f51f1d">Naproxen Sodium Cap 220
                                        MG</td>
                                    <td>Feb 8 2012</td>
                                    <td>No Information</td>
                                    <td>Active</td>
                                </tr>
                            </tbody>
                        </table>
                    </text>
                    <entry typeCode="DRIV">
                        <substanceAdministration classCode="SBADM" moodCode="EVN">
                            <templateId root="1.3.6.1.4.1.19376.1.5.3.1.4.7"/>
                            <templateId root="1.3.6.1.4.1.19376.1.5.3.1.4.7.1"/>
                            <templateId root="2.16.840.1.113883.3.88.11.83.8"/>
                            <templateId root="2.16.840.1.113883.10.20.1.24"/>
                            <id root="0e500114-b8b3-4727-81ca-af05ca35ed02"/>
                            <text>1 CAPSULE EVERY 12 HOURS AS NEEDED</text>
                            <statusCode code="completed"/>
                            <effectiveTime xsi:type="IVL_TS">
                                <low value="20120208"/>
                            </effectiveTime>
                            <consumable>
                                <manufacturedProduct classCode="MANU">
                                    <templateId root="2.16.840.1.113883.10.20.1.53"/>
                                    <templateId root="1.3.6.1.4.1.19376.1.5.3.1.4.7.2"/>
                                    <templateId root="2.16.840.1.113883.3.88.11.83.8.2"/>
                                    <manufacturedMaterial>
                                        <code nullFlavor="NI">
                                            <originalText>Naproxen Sodium Cap 220 MG<reference
                                                  value="#Medtext_7a44678a563bad14f51f1d"
                                                /></originalText>
                                        </code>
                                        <name>Aleve</name>
                                    </manufacturedMaterial>
                                </manufacturedProduct>
                            </consumable>
                            <entryRelationship typeCode="REFR">
                                <observation classCode="OBS" moodCode="EVN">
                                    <templateId root="2.16.840.1.113883.10.20.1.47"/>
                                    <templateId root="2.16.840.1.113883.10.20.1.57"/>
                                    <code code="33999-4" codeSystem="2.16.840.1.113883.6.1"
                                        codeSystemName="LOINC" displayName="Status"/>
                                    <statusCode code="completed"/>
                                    <value code="55561003" xsi:type="CD"
                                        codeSystem="2.16.840.1.113883.6.96"
                                        codeSystemName="SNOMED CT" displayName="Active"/>
                                </observation>
                            </entryRelationship>
                            <entryRelationship typeCode="REFR">
                                <supply classCode="SPLY" moodCode="INT">
                                    <author>
                                        <time nullFlavor="NI"/>
                                        <assignedAuthor classCode="ASSIGNED">
                                            <id root="1.3.6.1.4.1.29148" extension="JJALGHPBIMA"/>
                                            <addr nullFlavor="NI"/>
                                            <telecom nullFlavor="NI"/>
                                            <assignedPerson>
                                                <name>
                                                  <given>Test</given>
                                                  <family>Userone</family>
                                                </name>
                                            </assignedPerson>
                                        </assignedAuthor>
                                    </author>
                                </supply>
                            </entryRelationship>
                        </substanceAdministration>
                    </entry>
                </section>
            </component>
            <component>
                <section>
                    <templateId root="2.16.840.1.113883.3.88.11.83.101"/>
                    <templateId root="2.16.840.1.113883.10.20.1.9"/>
                    <templateId root="1.3.6.1.4.1.19376.1.5.3.1.1.5.3.7"/>
                    <id nullFlavor="NI"/>
                    <code code="48768-6" codeSystem="2.16.840.1.113883.6.1" codeSystemName="LOINC"
                        displayName="Payment sources"/>
                    <title>Payers Section</title>
                    <text>
                        <table>
                            <thead>
                                <tr>
                                    <th>Payer</th>
                                    <th>Plan Name</th>
                                    <th>Group ID</th>
                                    <th>Member ID</th>
                                    <th>Coverage Start Date</th>
                                    <th>Coverage End Date</th>
                                </tr>
                            </thead>
                            <tbody>
                                <tr>
                                    <td>Green Cross of Vermont</td>
                                    <td>PTO</td>
                                    <td>FLY-A380</td>
                                    <td>ABC-9876543210</td>
                                    <td>Jan 1 2011</td>
                                    <td>Mar 31 2013</td>
                                </tr>
                            </tbody>
                        </table>
                    </text>
                    <entry>
                        <act classCode="ACT" moodCode="DEF">
                            <templateId root="2.16.840.1.113883.10.20.1.20"/>
                            <templateId root="1.3.6.1.4.1.19376.1.5.3.1.4.17"/>
                            <id root="08830337-9f76-49d1-86ed-e097dc8ebef7"/>
                            <code code="48768-6" codeSystem="2.16.840.1.113883.6.1"
                                codeSystemName="LOINC" displayName="Payment sources"/>
                            <statusCode code="completed"/>
                            <entryRelationship typeCode="COMP">
                                <act classCode="ACT" moodCode="EVN">
                                    <templateId root="2.16.840.1.113883.10.20.1.26"/>
                                    <templateId root="1.3.6.1.4.1.19376.1.5.3.1.4.18"/>
                                    <id extension="FLY-A380"/>
                                    <code nullFlavor="NI"/>
                                    <statusCode code="completed"/>
                                    <performer typeCode="PRF">
                                        <assignedEntity>
                                            <id root="1f7d5c1c-d231-49ca-9795-f8a6de40b2ee"/>
                                            <code code="PAYOR" codeSystem="2.16.840.1.113883.5.110"
                                                codeSystemName="RoleClass"/>
                                            <addr nullFlavor="NI"/>
                                            <telecom nullFlavor="NI"/>
                                            <representedOrganization>
                                                <name>Green Cross of Vermont</name>
                                                <telecom nullFlavor="NI"/>
                                                <addr nullFlavor="NI"/>
                                            </representedOrganization>
                                        </assignedEntity>
                                    </performer>
                                    <participant typeCode="COV" contextControlCode="OP">
                                        <time>
                                            <low value="20110101"/>
                                            <high value="20130331"/>
                                        </time>
                                        <participantRole classCode="PAT">
                                            <id extension="ABC-9876543210"/>
                                            <code code="PAT" codeSystem="2.16.840.1.113883.5.110"
                                                codeSystemName="RoleClass"/>
                                            <addr>
                                                <streetAddressLine>100 Main
                                                  Street</streetAddressLine>
                                                <city>Crystal Creek</city>
                                                <state>CA</state>
                                                <postalCode>94100</postalCode>
                                            </addr>
                                            <playingEntity>
                                                <name use="L">
                                                  <given>Five</given>
                                                  <family>PatientFive</family>
                                                </name>
                                            </playingEntity>
                                        </participantRole>
                                    </participant>
                                    <entryRelationship typeCode="REFR">
                                        <act classCode="ACT" moodCode="DEF">
                                            <id root="b24706f0-2cfb-4124-97ae-ef9a3aaa50fc"/>
                                            <code nullFlavor="NA"/>
                                            <text xsi:type="ST">PTO</text>
                                        </act>
                                    </entryRelationship>
                                </act>
                            </entryRelationship>
                        </act>
                    </entry>
                </section>
            </component>
            <component>
                <section>
                    <templateId root="2.16.840.1.113883.3.88.11.83.103"/>
                    <templateId root="1.3.6.1.4.1.19376.1.5.3.1.3.6"/>
                    <templateId root="2.16.840.1.113883.10.20.1.11"/>
                    <id nullFlavor="NI"/>
                    <code code="11450-4" codeSystem="2.16.840.1.113883.6.1" codeSystemName="LOINC"
                        displayName="Problem list"/>
                    <title>Problems List Section</title>
                    <text>
                        <table>
                            <thead>
                                <tr>
                                    <th>Condition</th>
                                    <th>Start Date</th>
                                    <th>End Date</th>
                                    <th>Status</th>
                                </tr>
                            </thead>
                            <tbody>
                                <tr>
                                    <td ID="Condition_774b0c845a543f0962d087">CHRONIC SINUSITIS</td>
                                    <td>Feb 3 2012</td>
                                    <td>No Information</td>
                                    <td>Active</td>
                                </tr>
                                <tr>
                                    <td ID="Condition_b3489887c8d5dc4b9aa274">Influenza with
                                        pneumonia</td>
                                    <td>Jan 13 2010</td>
                                    <td>No Information</td>
                                    <td>Active</td>
                                </tr>
                            </tbody>
                        </table>
                    </text>
                    <entry>
                        <act classCode="ACT" moodCode="EVN">
                            <templateId root="2.16.840.1.113883.10.20.1.27"/>
                            <templateId root="1.3.6.1.4.1.19376.1.5.3.1.4.5.1"/>
                            <templateId root="1.3.6.1.4.1.19376.1.5.3.1.4.5.2"/>
                            <templateId root="2.16.840.1.113883.3.88.11.83.7"/>
                            <id nullFlavor="NI"/>
                            <code nullFlavor="NA"/>
                            <statusCode code="active"/>
                            <effectiveTime>
                                <low nullFlavor="NI"/>
                            </effectiveTime>
                            <performer typeCode="PRF">
                                <assignedEntity>
                                    <id root="1.3.6.1.4.1.29148" extension="JJALGHPBIMA"/>
                                    <addr>
                                        <streetAddressLine>800 El Camino Real</streetAddressLine>
                                        <city>Mountain View</city>
                                        <state>CA</state>
                                        <postalCode>94040</postalCode>
                                    </addr>
                                    <telecom value="562 555-1213"/>
                                    <telecom value="562-555-1212"/>
                                    <assignedPerson>
                                        <name>
                                            <given>Test</given>
                                            <family>Userone</family>
                                        </name>
                                    </assignedPerson>
                                    <representedOrganization>
                                        <name>Test One Workgroup</name>
                                        <telecom nullFlavor="NI"/>
                                        <addr nullFlavor="NI"/>
                                    </representedOrganization>
                                </assignedEntity>
                            </performer>
                            <entryRelationship typeCode="SUBJ" inversionInd="false">
                                <observation classCode="OBS" moodCode="EVN">
                                    <templateId root="2.16.840.1.113883.10.20.1.28"/>
                                    <templateId root="1.3.6.1.4.1.19376.1.5.3.1.4.5"/>
                                    <id root="af49be0f-3df8-448c-97b2-3efa041df794"/>
                                    <code code="282291009" codeSystem="2.16.840.1.113883.6.96"
                                        codeSystemName="SNOMED CT" codeSystemVersion="20081218"
                                        displayName="Diagnosis"/>
                                    <text>
                                        <reference value="#Condition_774b0c845a543f0962d087"/>
                                    </text>
                                    <statusCode code="completed"/>
                                    <effectiveTime>
                                        <low value="20120203"/>
                                        <high nullFlavor="NI"/>
                                    </effectiveTime>
                                    <value nullFlavor="UNK" xsi:type="CD">
                                        <translation code="473" codeSystem="2.16.840.1.113883.6.103"
                                            codeSystemName="ICD9-CM" displayName="CHRONIC SINUSITIS"
                                        />
                                    </value>
                                    <entryRelationship typeCode="REFR">
                                        <observation classCode="OBS" moodCode="EVN">
                                            <templateId root="2.16.840.1.113883.10.20.1.50"/>
                                            <code code="33999-4" codeSystem="2.16.840.1.113883.6.1"
                                                codeSystemName="LOINC" displayName="Status"/>
                                            <statusCode code="completed"/>
                                            <value code="55561003" xsi:type="CD"
                                                codeSystem="2.16.840.1.113883.6.96"
                                                codeSystemName="SNOMED CT"
                                                codeSystemVersion="20091109" displayName="Active"/>
                                        </observation>
                                    </entryRelationship>
                                </observation>
                            </entryRelationship>
                        </act>
                    </entry>
                    <entry>
                        <act classCode="ACT" moodCode="EVN">
                            <templateId root="2.16.840.1.113883.10.20.1.27"/>
                            <templateId root="1.3.6.1.4.1.19376.1.5.3.1.4.5.1"/>
                            <templateId root="1.3.6.1.4.1.19376.1.5.3.1.4.5.2"/>
                            <templateId root="2.16.840.1.113883.3.88.11.83.7"/>
                            <id nullFlavor="NI"/>
                            <code nullFlavor="NA"/>
                            <statusCode code="active"/>
                            <effectiveTime>
                                <low nullFlavor="NI"/>
                            </effectiveTime>
                            <performer typeCode="PRF">
                                <assignedEntity>
                                    <id root="1.3.6.1.4.1.29148" extension="JJALGHPBIMA"/>
                                    <addr>
                                        <streetAddressLine>800 El Camino Real</streetAddressLine>
                                        <city>Mountain View</city>
                                        <state>CA</state>
                                        <postalCode>94040</postalCode>
                                    </addr>
                                    <telecom value="562 555-1213"/>
                                    <telecom value="562-555-1212"/>
                                    <assignedPerson>
                                        <name>
                                            <given>Test</given>
                                            <family>Userone</family>
                                        </name>
                                    </assignedPerson>
                                    <representedOrganization>
                                        <name>Test One Workgroup</name>
                                        <telecom nullFlavor="NI"/>
                                        <addr nullFlavor="NI"/>
                                    </representedOrganization>
                                </assignedEntity>
                            </performer>
                            <entryRelationship typeCode="SUBJ" inversionInd="false">
                                <observation classCode="OBS" moodCode="EVN">
                                    <templateId root="2.16.840.1.113883.10.20.1.28"/>
                                    <templateId root="1.3.6.1.4.1.19376.1.5.3.1.4.5"/>
                                    <id root="0fb8be60-c9c1-40c6-81a3-d9c4ee734ba2"/>
                                    <code code="282291009" codeSystem="2.16.840.1.113883.6.96"
                                        codeSystemName="SNOMED CT" codeSystemVersion="20081218"
                                        displayName="Diagnosis"/>
                                    <text>
                                        <reference value="#Condition_b3489887c8d5dc4b9aa274"/>
                                    </text>
                                    <statusCode code="completed"/>
                                    <effectiveTime>
                                        <low value="20100113"/>
                                        <high nullFlavor="NI"/>
                                    </effectiveTime>
                                    <value nullFlavor="UNK" xsi:type="CD">
                                        <translation code="487.0"
                                            codeSystem="2.16.840.1.113883.6.103"
                                            codeSystemName="ICD9-CM"
                                            displayName="Influenza with pneumonia"/>
                                    </value>
                                    <entryRelationship typeCode="REFR">
                                        <observation classCode="OBS" moodCode="EVN">
                                            <templateId root="2.16.840.1.113883.10.20.1.50"/>
                                            <code code="33999-4" codeSystem="2.16.840.1.113883.6.1"
                                                codeSystemName="LOINC" displayName="Status"/>
                                            <statusCode code="completed"/>
                                            <value code="55561003" xsi:type="CD"
                                                codeSystem="2.16.840.1.113883.6.96"
                                                codeSystemName="SNOMED CT"
                                                codeSystemVersion="20091109" displayName="Active"/>
                                        </observation>
                                    </entryRelationship>
                                </observation>
                            </entryRelationship>
                        </act>
                    </entry>
                </section>
            </component>
            <component>
                <section>
                    <templateId root="2.16.840.1.113883.10.20.1.14"/>
                    <templateId root="1.3.6.1.4.1.19376.1.5.3.1.3.28"/>
                    <templateId root="2.16.840.1.113883.3.88.11.83.122"/>
                    <code code="30954-2" codeSystem="2.16.840.1.113883.6.1" codeSystemName="LOINC"
                        displayName="Relevant diagnostic tests and/or laboratory data"/>
                    <title>Results</title>
                    <text>
                        <table>
                            <caption ID="Battery_ff4c85a463899a7622d047" styleCode="bold"
                                >CBC</caption>
                            <thead>
                                <tr>
                                    <th>Observation</th>
                                    <th>Value</th>
                                    <th>Reference Range</th>
                                    <th>Units</th>
                                    <th>Interpretation</th>
                                    <th>Notes</th>
                                    <th>Date</th>
                                </tr>
                            </thead>
                            <tbody>
                                <tr>
                                    <td>
                                        <content ID="Observation_404818997794231c691ea9"
                                            >LEUKOCYTES</content>
                                    </td>
                                    <td>
                                        <content ID="ObservationValue_0142159542842b3bcd4f45">8.30
                                            THOUSAND</content>
                                    </td>
                                    <td>4.80 - 10.80</td>
                                    <td>No Information</td>
                                    <td>No Information</td>
                                    <td>No Information</td>
                                    <td>Feb 14 2000 9:45 AM</td>
                                </tr>
                                <tr>
                                    <td>
                                        <content ID="Observation_0c42c08db8a9aefa74bbc2"
                                            >HEMOGLOBIN</content>
                                    </td>
                                    <td>
                                        <content ID="ObservationValue_334bd49f1b80aa9b6ed433">14.6
                                            G/dl</content>
                                    </td>
                                    <td>14.0 - 18.0</td>
                                    <td>No Information</td>
                                    <td>No Information</td>
                                    <td>No Information</td>
                                    <td>Feb 14 2000 9:45 AM</td>
                                </tr>
                                <tr>
                                    <td>
                                        <content ID="Observation_f64d9f8e16e53cc5a66cc5"
                                            >HEMATOCRIT</content>
                                    </td>
                                    <td>
                                        <content ID="ObservationValue_f64b2bb3f013ad9dada4f0">44.3
                                            PERCENT</content>
                                    </td>
                                    <td>42.0 - 54.0</td>
                                    <td>No Information</td>
                                    <td>No Information</td>
                                    <td>No Information</td>
                                    <td>Feb 14 2000 9:45 AM</td>
                                </tr>
                                <tr>
                                    <td>
                                        <content ID="Observation_104ae290687b24b2dde4f0"
                                            >PLATELETS</content>
                                    </td>
                                    <td>
                                        <content ID="ObservationValue_034a20af654fe166202ed3">135
                                            THOUSAND</content>
                                    </td>
                                    <td>130 - 400</td>
                                    <td>No Information</td>
                                    <td>Normal</td>
                                    <td>No Information</td>
                                    <td>Feb 14 2000 9:45 AM</td>
                                </tr>
                                <tr>
                                    <td>
                                        <content ID="Observation_28456190cb4f9bb1020213"
                                            >ERYTHROCYTES</content>
                                    </td>
                                    <td>
                                        <content ID="ObservationValue_dc44c5997614770cd787f5">4.79
                                            MILLION</content>
                                    </td>
                                    <td>4.70 - 6.10</td>
                                    <td>No Information</td>
                                    <td>No Information</td>
                                    <td>No Information</td>
                                    <td>Feb 14 2000 9:45 AM</td>
                                </tr>
                                <tr>
                                    <td>
                                        <content ID="Observation_0c42b4af90dbd7c37b2bd3">ERYTHROCYTE
                                            MEAN CORPUSCULAR V</content>
                                    </td>
                                    <td>
                                        <content ID="ObservationValue_0442669b661b59783d66a5">92.4
                                            fl</content>
                                    </td>
                                    <td>83.0 - 99.0</td>
                                    <td>No Information</td>
                                    <td>No Information</td>
                                    <td>No Information</td>
                                    <td>Feb 14 2000 9:45 AM</td>
                                </tr>
                                <tr>
                                    <td>
                                        <content ID="Observation_e840fdb5651235da65c937">ERYTHROCYTE
                                            MEAN CORPUSCULAR H</content>
                                    </td>
                                    <td>
                                        <content ID="ObservationValue_4045c8afdc793c9fbed5a2">30.5
                                            pg</content>
                                    </td>
                                    <td>27.0 - 32.0</td>
                                    <td>No Information</td>
                                    <td>No Information</td>
                                    <td>No Information</td>
                                    <td>Feb 14 2000 9:45 AM</td>
                                </tr>
                                <tr>
                                    <td>
                                        <content ID="Observation_9f487c9b34850b9b3d8f85">ERYTHROCYTE
                                            MEAN CORPUSCULAR H</content>
                                    </td>
                                    <td>
                                        <content ID="ObservationValue_3242e4ba105ed5a42c0fe2">33.0
                                            G/dl</content>
                                    </td>
                                    <td>32.0 - 37.0</td>
                                    <td>No Information</td>
                                    <td>No Information</td>
                                    <td>No Information</td>
                                    <td>Feb 14 2000 9:45 AM</td>
                                </tr>
                                <tr>
                                    <td>
                                        <content ID="Observation_1f4798a3d28212eaddebe5">ERYTHROCYTE
                                            SIZE DISTRIBUTION</content>
                                    </td>
                                    <td>
                                        <content ID="ObservationValue_5949588e279b0490d350a5">14
                                            PERCENT</content>
                                    </td>
                                    <td>11.5 - 14.5</td>
                                    <td>No Information</td>
                                    <td>Normal</td>
                                    <td>No Information</td>
                                    <td>Feb 14 2000 9:45 AM</td>
                                </tr>
                                <tr>
                                    <td>
                                        <content ID="Observation_f34e20afcf6d55757bb2f3"
                                            >NEUTROPHILS</content>
                                    </td>
                                    <td>
                                        <content ID="ObservationValue_d5487bacc899189d62db20">69
                                            PERCENT</content>
                                    </td>
                                    <td>40.0 - 74.0</td>
                                    <td>No Information</td>
                                    <td>Normal</td>
                                    <td>No Information</td>
                                    <td>Feb 14 2000 9:45 AM</td>
                                </tr>
                                <tr>
                                    <td>
                                        <content ID="Observation_374acb8ffbf648877df75e"
                                            >LYMPHOCYTES</content>
                                    </td>
                                    <td>
                                        <content ID="ObservationValue_6f41c59e4e2aa4c8383ec6">20
                                            PERCENT</content>
                                    </td>
                                    <td>19.0 - 48.0</td>
                                    <td>No Information</td>
                                    <td>Normal</td>
                                    <td>No Information</td>
                                    <td>Feb 14 2000 9:45 AM</td>
                                </tr>
                                <tr>
                                    <td>
                                        <content ID="Observation_aa46e7bf7aea65f24a59be"
                                            >MONOCYTES</content>
                                    </td>
                                    <td>
                                        <content ID="ObservationValue_86472697e574bfaa63272e">8.5
                                            PERCENT</content>
                                    </td>
                                    <td>3.5 - 9.0</td>
                                    <td>No Information</td>
                                    <td>Normal</td>
                                    <td>No Information</td>
                                    <td>Feb 14 2000 9:45 AM</td>
                                </tr>
                                <tr>
                                    <td>
                                        <content ID="Observation_ce4cb6bc8c8a572b8978f3"
                                            >EOSINOPHILS</content>
                                    </td>
                                    <td>
                                        <content ID="ObservationValue_3d48e9821f28e5ca175cfd">0.6
                                            PERCENT</content>
                                    </td>
                                    <td>0.0 - 7.0</td>
                                    <td>No Information</td>
                                    <td>No Information</td>
                                    <td>No Information</td>
                                    <td>Feb 14 2000 9:45 AM</td>
                                </tr>
                                <tr>
                                    <td>
                                        <content ID="Observation_034861b05b40f57c49f26f"
                                            >BASOPHILS</content>
                                    </td>
                                    <td>
                                        <content ID="ObservationValue_3e452a9f685552178f6612">0.8
                                            PERCENT</content>
                                    </td>
                                    <td>0.0 - 1.5</td>
                                    <td>No Information</td>
                                    <td>No Information</td>
                                    <td>No Information</td>
                                    <td>Feb 14 2000 9:45 AM</td>
                                </tr>
                                <tr>
                                    <td>
                                        <content ID="Observation_c84ce3b9ec997fedc75091">LGE
                                            UNST.CELL</content>
                                    </td>
                                    <td>
                                        <content ID="ObservationValue_8641b88c2aa88007c7ec1a">0.8
                                            PERCENT</content>
                                    </td>
                                    <td>0.0 - 4.0</td>
                                    <td>No Information</td>
                                    <td>No Information</td>
                                    <td>No Information</td>
                                    <td>Feb 14 2000 9:45 AM</td>
                                </tr>
                                <tr>
                                    <td>
                                        <content ID="Observation_394890b2681d3e4ebf2c40"
                                            >NEUTROPHILS/100 LEUKOCYTES</content>
                                    </td>
                                    <td>
                                        <content ID="ObservationValue_6340f486c25c1cc8d4cc96">6.72
                                            THOUSAND</content>
                                    </td>
                                    <td>1.90 - 8.00</td>
                                    <td>No Information</td>
                                    <td>No Information</td>
                                    <td>No Information</td>
                                    <td>Feb 14 2000 9:45 AM</td>
                                </tr>
                                <tr>
                                    <td>
                                        <content ID="Observation_5c421d893067b0dbcef6d5"
                                            >LYMPHOCYTES/100 LEUKOCYTES</content>
                                    </td>
                                    <td>
                                        <content ID="ObservationValue_2b4233883ca7bf3da94be9">1.3
                                            THOUSAND</content>
                                    </td>
                                    <td>0.90 - 5.20</td>
                                    <td>No Information</td>
                                    <td>Normal</td>
                                    <td>No Information</td>
                                    <td>Feb 14 2000 9:45 AM</td>
                                </tr>
                                <tr>
                                    <td>
                                        <content ID="Observation_464815b50ba334d74f53ed"
                                            >MONOCYTES/100 LEUKOCYTES</content>
                                    </td>
                                    <td>
                                        <content ID="ObservationValue_5442dc93f78c1b730a6c3c">0.77
                                            THOUSAND</content>
                                    </td>
                                    <td>0.16 - 1.00</td>
                                    <td>No Information</td>
                                    <td>No Information</td>
                                    <td>No Information</td>
                                    <td>Feb 14 2000 9:45 AM</td>
                                </tr>
                                <tr>
                                    <td>
                                        <content ID="Observation_2344b0bbd713dd9e19a4d6">EOS
                                            ABS</content>
                                    </td>
                                    <td>
                                        <content ID="ObservationValue_314cb5b68df72e8e596911">0.05
                                            THOUSAND</content>
                                    </td>
                                    <td>0.00 - 0.80</td>
                                    <td>No Information</td>
                                    <td>No Information</td>
                                    <td>No Information</td>
                                    <td>Feb 14 2000 9:45 AM</td>
                                </tr>
                                <tr>
                                    <td>
                                        <content ID="Observation_654b6796f77b0c4cddccf1"
                                            >BASOPHILS/100 LEUKOCYTES</content>
                                    </td>
                                    <td>
                                        <content ID="ObservationValue_8c4d619d6d7790d15dee66">0.07
                                            THOUSAND</content>
                                    </td>
                                    <td>0.00 - 0.20</td>
                                    <td>No Information</td>
                                    <td>No Information</td>
                                    <td>No Information</td>
                                    <td>Feb 14 2000 9:45 AM</td>
                                </tr>
                                <tr>
                                    <td>
                                        <content ID="Observation_d645ca95c8e742ae831137">LUC
                                            ABS</content>
                                    </td>
                                    <td>
                                        <content ID="ObservationValue_664cf3a358da29fa27b252">0.07
                                            THOUSAND</content>
                                    </td>
                                    <td>0.00 - 0.40</td>
                                    <td>No Information</td>
                                    <td>No Information</td>
                                    <td>No Information</td>
                                    <td>Feb 14 2000 9:45 AM</td>
                                </tr>
                                <tr>
                                    <td>
                                        <content ID="Observation_a44ca1ac37961198664b42">NEUTROPHILS
                                            BAND FORM/100 LEUK</content>
                                    </td>
                                    <td>
                                        <content ID="ObservationValue_c54896b101ccf8b9905dce">7
                                            PERCENT</content>
                                    </td>
                                    <td>0 - 8</td>
                                    <td>No Information</td>
                                    <td>Normal</td>
                                    <td>No Information</td>
                                    <td>Feb 14 2000 9:45 AM</td>
                                </tr>
                                <tr>
                                    <td>
                                        <content ID="Observation_fb4789b9d8673a6eb8bba2">NEUTROPHILS
                                            SEGMENTED/100 LEUK</content>
                                    </td>
                                    <td>
                                        <content ID="ObservationValue_3840e1bdd15242a0e6547b">71
                                            PERCENT</content>
                                    </td>
                                    <td>40 - 74</td>
                                    <td>No Information</td>
                                    <td>No Information</td>
                                    <td>No Information</td>
                                    <td>Feb 14 2000 9:45 AM</td>
                                </tr>
                                <tr>
                                    <td>
                                        <content ID="Observation_e14253ab3d26a2753383a8"
                                            >LYMPHOCYTES/100 LEUKOCYTES</content>
                                    </td>
                                    <td>
                                        <content ID="ObservationValue_b541bdbcc81c603a548c40">23
                                            PERCENT</content>
                                    </td>
                                    <td>19 - 48</td>
                                    <td>No Information</td>
                                    <td>Normal</td>
                                    <td>No Information</td>
                                    <td>Feb 14 2000 9:45 AM</td>
                                </tr>
                                <tr>
                                    <td>
                                        <content ID="Observation_6d44689bc5255c3052510f"
                                            >MONOCYTES/100 LEUKOCYTES</content>
                                    </td>
                                    <td>
                                        <content ID="ObservationValue_ae4bcc8660126bdd646841">9
                                            PERCENT</content>
                                    </td>
                                    <td>4 - 9</td>
                                    <td>No Information</td>
                                    <td>No Information</td>
                                    <td>No Information</td>
                                    <td>Feb 14 2000 9:45 AM</td>
                                </tr>
                                <tr>
                                    <td>
                                        <content ID="Observation_51439a971316897e0dad20"
                                            >EOSINOPHILS/100 LEUKOCYTES</content>
                                    </td>
                                    <td>
                                        <content ID="ObservationValue_b9440694986413e927cdba">3
                                            PERCENT</content>
                                    </td>
                                    <td>0 - 7</td>
                                    <td>No Information</td>
                                    <td>No Information</td>
                                    <td>No Information</td>
                                    <td>Feb 14 2000 9:45 AM</td>
                                </tr>
                                <tr>
                                    <td>
                                        <content ID="Observation_2840ea8afdcf90287a98bc"
                                            >BASOPHILS/100 LEUKOCYTES</content>
                                    </td>
                                    <td>
                                        <content ID="ObservationValue_3a4919a2cde1dad130c325">0
                                            PERCENT</content>
                                    </td>
                                    <td>0 - 2</td>
                                    <td>No Information</td>
                                    <td>No Information</td>
                                    <td>No Information</td>
                                    <td>Feb 14 2000 9:45 AM</td>
                                </tr>
                                <tr>
                                    <td>
                                        <content ID="Observation_2d42f0805129e705e2b568"
                                            >METAMYELOCYTES/100 LEUKOCYTES</content>
                                    </td>
                                    <td>
                                        <content ID="ObservationValue_6045e88b92338ae6e7cb59">0
                                            PERCENT</content>
                                    </td>
                                    <td>0 - 1</td>
                                    <td>No Information</td>
                                    <td>No Information</td>
                                    <td>No Information</td>
                                    <td>Feb 14 2000 9:45 AM</td>
                                </tr>
                                <tr>
                                    <td>
                                        <content ID="Observation_654c81bbb5b1563511d1da"
                                            >MYELOCYTES/100 LEUKOCYTES</content>
                                    </td>
                                    <td>
                                        <content ID="ObservationValue_ff4512937ceae47a944870">0
                                            PERCENT</content>
                                    </td>
                                    <td>0 - 1</td>
                                    <td>No Information</td>
                                    <td>No Information</td>
                                    <td>No Information</td>
                                    <td>Feb 14 2000 9:45 AM</td>
                                </tr>
                                <tr>
                                    <td>
                                        <content ID="Observation_6e41b89d1dfb03873ae233"
                                            >PROMYELOCYTES/100 LEUKOCYTES</content>
                                    </td>
                                    <td>
                                        <content ID="ObservationValue_664aa189cfdb05dc8968a8">0
                                            PERCENT</content>
                                    </td>
                                    <td>0 - 0</td>
                                    <td>No Information</td>
                                    <td>No Information</td>
                                    <td>No Information</td>
                                    <td>Feb 14 2000 9:45 AM</td>
                                </tr>
                                <tr>
                                    <td>
                                        <content ID="Observation_3a4bb59a8ff2a8b81d31bb">BLASTS/100
                                            LEUKOCYTES</content>
                                    </td>
                                    <td>
                                        <content ID="ObservationValue_d74aea953c943e74bf65cc">0
                                            PERCENT</content>
                                    </td>
                                    <td>0 - 0</td>
                                    <td>No Information</td>
                                    <td>No Information</td>
                                    <td>No Information</td>
                                    <td>Feb 14 2000 9:45 AM</td>
                                </tr>
                                <tr>
                                    <td>
                                        <content ID="Observation_3b483bb30edf586cf15381">PLATELET
                                            (EST)</content>
                                    </td>
                                    <td>
                                        <content ID="ObservationValue_e74cf7a1a26ee1ba19dd48">10-12
                                            PER_OIF</content>
                                    </td>
                                    <td>7 - 20</td>
                                    <td>No Information</td>
                                    <td>No Information</td>
                                    <td>PLATELET COUNT CONSISTENT WITH SLIDE REVIEW ESPLT EACH
                                        PLATELET PER OIL IMMERSION FIELD REPRESENTS APPROXIMATELY
                                        TWENTY THOUSAND PLATELETS PER CUBIC MILLIMETER.</td>
                                    <td>Feb 14 2000 9:45 AM</td>
                                </tr>
                            </tbody>
                        </table>
                        <table>
                            <caption ID="Battery_7b4f39819a1fd492652f3e" styleCode="bold">UA
                                COMPLETE</caption>
                            <thead>
                                <tr>
                                    <th>Observation</th>
                                    <th>Value</th>
                                    <th>Reference Range</th>
                                    <th>Units</th>
                                    <th>Interpretation</th>
                                    <th>Notes</th>
                                    <th>Date</th>
                                </tr>
                            </thead>
                            <tbody>
                                <tr>
                                    <td>
                                        <content ID="Observation_e249d1b57c1f1aac99db9c"
                                            >COLOR</content>
                                    </td>
                                    <td>
                                        <content ID="ObservationValue_93448d9200f8a365826742"
                                            >YELLOW</content>
                                    </td>
                                    <td>YELLOW-STRAW</td>
                                    <td>No Information</td>
                                    <td>No Information</td>
                                    <td>URINE SAVED - CALL LAB WITHIN 24HR IF FURTHER WORKUP
                                        REQUIRED</td>
                                    <td>Feb 14 2000 9:45 AM</td>
                                </tr>
                                <tr>
                                    <td>
                                        <content ID="Observation_89486eb6654566430be78e"
                                            >APPEARANCE</content>
                                    </td>
                                    <td>
                                        <content ID="ObservationValue_384a4f85db16d2b7eee7a4"
                                            >CLEAR</content>
                                    </td>
                                    <td>CLEAR</td>
                                    <td>No Information</td>
                                    <td>No Information</td>
                                    <td>No Information</td>
                                    <td>Feb 14 2000 9:45 AM</td>
                                </tr>
                                <tr>
                                    <td>
                                        <content ID="Observation_6e4abdb41dc023ef4a9edf">SPECIFIC
                                            GRAVITY</content>
                                    </td>
                                    <td>
                                        <content ID="ObservationValue_1a4f59b6e649526757aacd">1.016
                                            ION.CONC</content>
                                    </td>
                                    <td>1.003 - 1.030</td>
                                    <td>No Information</td>
                                    <td>No Information</td>
                                    <td>No Information</td>
                                    <td>Feb 14 2000 9:45 AM</td>
                                </tr>
                                <tr>
                                    <td>
                                        <content ID="Observation_27479db0e0764ee9e61c3a"
                                            >PH</content>
                                    </td>
                                    <td>
                                        <content ID="ObservationValue_e341bc93f7b5185bd03a89"
                                            >6.5</content>
                                    </td>
                                    <td>6.0 - 8.0</td>
                                    <td>No Information</td>
                                    <td>Normal</td>
                                    <td>No Information</td>
                                    <td>Feb 14 2000 9:45 AM</td>
                                </tr>
                                <tr>
                                    <td>
                                        <content ID="Observation_4a444b9a5ad05460dea293"
                                            >GLUCOSE</content>
                                    </td>
                                    <td>
                                        <content ID="ObservationValue_474836a37994e78e0d9766">NORMAL
                                            MG/DL</content>
                                    </td>
                                    <td>NORMAL</td>
                                    <td>No Information</td>
                                    <td>No Information</td>
                                    <td>No Information</td>
                                    <td>Feb 14 2000 9:45 AM</td>
                                </tr>
                                <tr>
                                    <td>
                                        <content ID="Observation_cc4a43a2330ea3858c6bf0"
                                            >BILIRUBIN</content>
                                    </td>
                                    <td>
                                        <content ID="ObservationValue_1045d19a3b13b9c93e34a4"
                                            >NEGATIVE MG/DL</content>
                                    </td>
                                    <td>NEGATIVE</td>
                                    <td>No Information</td>
                                    <td>No Information</td>
                                    <td>No Information</td>
                                    <td>Feb 14 2000 9:45 AM</td>
                                </tr>
                                <tr>
                                    <td>
                                        <content ID="Observation_95477db123490311300c4d"
                                            >KETONES</content>
                                    </td>
                                    <td>
                                        <content ID="ObservationValue_e846849aceab62c7b35724"
                                            >NEGATIVE MG/DL</content>
                                    </td>
                                    <td>NEGATIVE</td>
                                    <td>No Information</td>
                                    <td>No Information</td>
                                    <td>No Information</td>
                                    <td>Feb 14 2000 9:45 AM</td>
                                </tr>
                                <tr>
                                    <td>
                                        <content ID="Observation_ed406e92734a9525460ee3"
                                            >HEMOGLOBIN</content>
                                    </td>
                                    <td>
                                        <content ID="ObservationValue_fa43f0bfbd6d9c711175de"
                                            >NEGATIVE</content>
                                    </td>
                                    <td>NEGATIVE</td>
                                    <td>No Information</td>
                                    <td>No Information</td>
                                    <td>No Information</td>
                                    <td>Feb 14 2000 9:45 AM</td>
                                </tr>
                                <tr>
                                    <td>
                                        <content ID="Observation_ca40a6b637ddd5523f3eac"
                                            >PROTEIN.TOTAL</content>
                                    </td>
                                    <td>
                                        <content ID="ObservationValue_d14c7bb600dcd70dbc88e6">100
                                            MG/DL</content>
                                    </td>
                                    <td>NEGATIVE</td>
                                    <td>No Information</td>
                                    <td>No Information</td>
                                    <td>No Information</td>
                                    <td>Feb 14 2000 9:45 AM</td>
                                </tr>
                                <tr>
                                    <td>
                                        <content ID="Observation_934782bdef412195b700bf"
                                            >UROBILINOGEN</content>
                                    </td>
                                    <td>
                                        <content ID="ObservationValue_d348b38cceb08cb2e955cc">NORMAL
                                            MG/DL</content>
                                    </td>
                                    <td>NORMAL</td>
                                    <td>No Information</td>
                                    <td>No Information</td>
                                    <td>No Information</td>
                                    <td>Feb 14 2000 9:45 AM</td>
                                </tr>
                                <tr>
                                    <td>
                                        <content ID="Observation_754b0e8a3d05608b8a7a96"
                                            >NITRITE</content>
                                    </td>
                                    <td>
                                        <content ID="ObservationValue_9d4196a9bb236eeb22afc8"
                                            >NEGATIVE MG/DL</content>
                                    </td>
                                    <td>NEGATIVE</td>
                                    <td>No Information</td>
                                    <td>No Information</td>
                                    <td>No Information</td>
                                    <td>Feb 14 2000 9:45 AM</td>
                                </tr>
                                <tr>
                                    <td>
                                        <content ID="Observation_c94633ae757bcc6ea48919">LEUKOCYTE
                                            ESTERASE</content>
                                    </td>
                                    <td>
                                        <content ID="ObservationValue_24440493ff7bd1ffbb5b42"
                                            >NORMAL</content>
                                    </td>
                                    <td>NORMAL</td>
                                    <td>No Information</td>
                                    <td>No Information</td>
                                    <td>No Information</td>
                                    <td>Feb 14 2000 9:45 AM</td>
                                </tr>
                                <tr>
                                    <td>
                                        <content ID="Observation_f9443f9b532fe72f2cb1e5"
                                            >ASCORBATE</content>
                                    </td>
                                    <td>
                                        <content ID="ObservationValue_04433c82b0cabfef0608b5"
                                            >NEGATIVE MG/DL</content>
                                    </td>
                                    <td>NEGATIVE</td>
                                    <td>No Information</td>
                                    <td>No Information</td>
                                    <td>UAASC ELEVATED ASCORBIC ACID LEVELS CAN INTERFERE WITH TEST
                                        AND PRODUCE FALSELY LOWER RESULTS FOR BLOOD, BILIRUBIN,
                                        NITRITE AND GLUCOSE</td>
                                    <td>Feb 14 2000 9:45 AM</td>
                                </tr>
                                <tr>
                                    <td>
                                        <content ID="Observation_e1413f8b295dd830ac254f"
                                            >ERYTHROCYTES</content>
                                    </td>
                                    <td>
                                        <content ID="ObservationValue_e2406c9ede7ef86ff4f544">0-2
                                            /HPF</content>
                                    </td>
                                    <td>0-2-NONE SEEN</td>
                                    <td>No Information</td>
                                    <td>No Information</td>
                                    <td>No Information</td>
                                    <td>Feb 14 2000 9:45 AM</td>
                                </tr>
                                <tr>
                                    <td>
                                        <content ID="Observation_094f8ca6caa1e46daeb4c2"
                                            >LEUKOCYTES</content>
                                    </td>
                                    <td>
                                        <content ID="ObservationValue_fd4c55ab72e4a10b6ed0a2">NONE
                                            SEEN /HPF</content>
                                    </td>
                                    <td>NONESEEN-0-5</td>
                                    <td>No Information</td>
                                    <td>Normal</td>
                                    <td>No Information</td>
                                    <td>Feb 14 2000 9:45 AM</td>
                                </tr>
                                <tr>
                                    <td>
                                        <content ID="Observation_c04c76b4559a12a677919d"
                                            >BACTERIA</content>
                                    </td>
                                    <td>
                                        <content ID="ObservationValue_d74bddb69e7e785506fa75">NONE
                                            SEEN</content>
                                    </td>
                                    <td>NONESEEN-TRACE</td>
                                    <td>No Information</td>
                                    <td>No Information</td>
                                    <td>No Information</td>
                                    <td>Feb 14 2000 9:45 AM</td>
                                </tr>
                                <tr>
                                    <td>
                                        <content ID="Observation_b0485ca581bbf61a63fe2b">EPITHELIAL
                                            CELLS</content>
                                    </td>
                                    <td>
                                        <content ID="ObservationValue_694ddab7ca4e4d5b0c17ad">6-10
                                            /HPF</content>
                                    </td>
                                    <td>0-5-6-10</td>
                                    <td>No Information</td>
                                    <td>No Information</td>
                                    <td>No Information</td>
                                    <td>Feb 14 2000 9:45 AM</td>
                                </tr>
                            </tbody>
                        </table>
                    </text>
                    <entry>
                        <organizer classCode="BATTERY" moodCode="EVN">
                            <templateId root="2.16.840.1.113883.10.20.1.32"/>
                            <id root="1b97829b-283c-4992-8ebc-455476c8abfa"/>
                            <code code="CBC" codeSystemName="L" displayName="CBC">
                                <translation code="LAB"/>
                            </code>
                            <statusCode code="completed"/>
                            <component>
                                <procedure classCode="PROC" moodCode="EVN">
                                    <templateId root="2.16.840.1.113883.10.20.1.29"/>
                                    <templateId root="1.3.6.1.4.1.19376.1.5.3.1.4.19"/>
                                    <templateId root="2.16.840.1.113883.3.88.11.83.17"/>
                                    <id root="bdb79fc9-46f8-41aa-a961-21565f77d9e9"/>
                                    <code nullFlavor="NI">
                                        <originalText>CBC<reference
                                                value="#Battery_ff4c85a463899a7622d047"
                                            /></originalText>
                                    </code>
                                    <text>CBC<reference value="#Battery_ff4c85a463899a7622d047"
                                        /></text>
                                    <statusCode code="completed"/>
                                    <effectiveTime>
                                        <low value="200002140945-0800"/>
                                    </effectiveTime>
                                    <priorityCode code="S"
                                        codeSystem="2.16.840.1.113883.3.88.12.80.71"
                                        codeSystemName="Order Priority" displayName="Stat"/>
                                    <participant typeCode="RESP" contextControlCode="OP">
                                        <participantRole>
                                            <addr nullFlavor="NI"/>
                                            <playingEntity>
                                                <name>
                                                  <given>Doctor</given>
                                                  <family>Doom</family>
                                                </name>
                                            </playingEntity>
                                        </participantRole>
                                    </participant>
                                    <participant typeCode="ORG" contextControlCode="OP">
                                        <participantRole>
                                            <addr nullFlavor="NI"/>
                                            <telecom nullFlavor="NI"/>
                                            <playingEntity>
                                                <name>UniLab</name>
                                            </playingEntity>
                                        </participantRole>
                                    </participant>
                                </procedure>
                            </component>
                            <component>
                                <observation classCode="OBS" moodCode="EVN">
                                    <templateId root="2.16.840.1.113883.10.20.1.31"/>
                                    <templateId root="1.3.6.1.4.1.19376.1.5.3.1.4.13"/>
                                    <templateId root="2.16.840.1.113883.3.88.11.83.15.1"/>
                                    <id root="4746bfba-c0fa-420e-b84d-cfa441901f41"/>
                                    <code code="6690-2" codeSystem="2.16.840.1.113883.6.1"
                                        displayName="LEUKOCYTES">
                                        <translation code="#WBC" codeSystemName="L"
                                            displayName="WBC"/>
                                    </code>
                                    <text>LEUKOCYTES<reference
                                            value="#Observation_404818997794231c691ea9"/></text>
                                    <statusCode code="completed"/>
                                    <effectiveTime value="200002140945-0800"/>
                                    <value xsi:type="ED">8.30 THOUSAND<reference
                                            value="#ObservationValue_0142159542842b3bcd4f45"
                                        /></value>
                                    <referenceRange>
                                        <observationRange>
                                            <value xsi:type="IVL_PQ">
                                                <low value="4.80" unit="THOUSAND"/>
                                                <high value="10.80" unit="THOUSAND"/>
                                            </value>
                                        </observationRange>
                                    </referenceRange>
                                </observation>
                            </component>
                            <component>
                                <observation classCode="OBS" moodCode="EVN">
                                    <templateId root="2.16.840.1.113883.10.20.1.31"/>
                                    <templateId root="1.3.6.1.4.1.19376.1.5.3.1.4.13"/>
                                    <templateId root="2.16.840.1.113883.3.88.11.83.15.1"/>
                                    <id root="bd5798de-fbd4-477e-a12c-2b464567c91f"/>
                                    <code code="718-7" codeSystem="2.16.840.1.113883.6.1"
                                        displayName="HEMOGLOBIN">
                                        <translation code="#HGB" codeSystemName="L"
                                            displayName="HGB"/>
                                    </code>
                                    <text>HEMOGLOBIN<reference
                                            value="#Observation_0c42c08db8a9aefa74bbc2"/></text>
                                    <statusCode code="completed"/>
                                    <effectiveTime value="200002140945-0800"/>
                                    <value xsi:type="ED">14.6 G/dl<reference
                                            value="#ObservationValue_334bd49f1b80aa9b6ed433"
                                        /></value>
                                    <referenceRange>
                                        <observationRange>
                                            <value xsi:type="IVL_PQ">
                                                <low value="14.0" unit="G/dl"/>
                                                <high value="18.0" unit="G/dl"/>
                                            </value>
                                        </observationRange>
                                    </referenceRange>
                                </observation>
                            </component>
                            <component>
                                <observation classCode="OBS" moodCode="EVN">
                                    <templateId root="2.16.840.1.113883.10.20.1.31"/>
                                    <templateId root="1.3.6.1.4.1.19376.1.5.3.1.4.13"/>
                                    <templateId root="2.16.840.1.113883.3.88.11.83.15.1"/>
                                    <id root="03b4eb64-6ba3-4c3b-b818-8e36eca98616"/>
                                    <code code="4544-3" codeSystem="2.16.840.1.113883.6.1"
                                        displayName="HEMATOCRIT">
                                        <translation code="#HCT" codeSystemName="L"
                                            displayName="HCT"/>
                                    </code>
                                    <text>HEMATOCRIT<reference
                                            value="#Observation_f64d9f8e16e53cc5a66cc5"/></text>
                                    <statusCode code="completed"/>
                                    <effectiveTime value="200002140945-0800"/>
                                    <value xsi:type="ED">44.3 PERCENT<reference
                                            value="#ObservationValue_f64b2bb3f013ad9dada4f0"
                                        /></value>
                                    <referenceRange>
                                        <observationRange>
                                            <value xsi:type="IVL_PQ">
                                                <low value="42.0" unit="PERCENT"/>
                                                <high value="54.0" unit="PERCENT"/>
                                            </value>
                                        </observationRange>
                                    </referenceRange>
                                </observation>
                            </component>
                            <component>
                                <observation classCode="OBS" moodCode="EVN">
                                    <templateId root="2.16.840.1.113883.10.20.1.31"/>
                                    <templateId root="1.3.6.1.4.1.19376.1.5.3.1.4.13"/>
                                    <templateId root="2.16.840.1.113883.3.88.11.83.15.1"/>
                                    <id root="cdeaf30c-8951-4af3-a747-f65cb4120aca"/>
                                    <code code="777-3" codeSystem="2.16.840.1.113883.6.1"
                                        displayName="PLATELETS">
                                        <translation code="#PLT" codeSystemName="L"
                                            displayName="PLATELETS"/>
                                    </code>
                                    <text>PLATELETS<reference
                                            value="#Observation_104ae290687b24b2dde4f0"/></text>
                                    <statusCode code="completed"/>
                                    <effectiveTime value="200002140945-0800"/>
                                    <value xsi:type="ED">135 THOUSAND<reference
                                            value="#ObservationValue_034a20af654fe166202ed3"
                                        /></value>
                                    <interpretationCode code="N" codeSystem="2.16.840.1.113883.5.83"
                                        codeSystemName="Observation Interpretation"
                                        displayName="Normal"/>
                                    <referenceRange>
                                        <observationRange>
                                            <value xsi:type="IVL_PQ">
                                                <low value="130" unit="THOUSAND"/>
                                                <high value="400" unit="THOUSAND"/>
                                            </value>
                                        </observationRange>
                                    </referenceRange>
                                </observation>
                            </component>
                            <component>
                                <observation classCode="OBS" moodCode="EVN">
                                    <templateId root="2.16.840.1.113883.10.20.1.31"/>
                                    <templateId root="1.3.6.1.4.1.19376.1.5.3.1.4.13"/>
                                    <templateId root="2.16.840.1.113883.3.88.11.83.15.1"/>
                                    <id root="3aa233bc-3acb-4a31-923a-ec4729dcafe0"/>
                                    <code code="789-8" codeSystem="2.16.840.1.113883.6.1"
                                        displayName="ERYTHROCYTES">
                                        <translation code="#RBC" codeSystemName="L"
                                            displayName="RBC"/>
                                    </code>
                                    <text>ERYTHROCYTES<reference
                                            value="#Observation_28456190cb4f9bb1020213"/></text>
                                    <statusCode code="completed"/>
                                    <effectiveTime value="200002140945-0800"/>
                                    <value xsi:type="ED">4.79 MILLION<reference
                                            value="#ObservationValue_dc44c5997614770cd787f5"
                                        /></value>
                                    <referenceRange>
                                        <observationRange>
                                            <value xsi:type="IVL_PQ">
                                                <low value="4.70" unit="MILLION"/>
                                                <high value="6.10" unit="MILLION"/>
                                            </value>
                                        </observationRange>
                                    </referenceRange>
                                </observation>
                            </component>
                            <component>
                                <observation classCode="OBS" moodCode="EVN">
                                    <templateId root="2.16.840.1.113883.10.20.1.31"/>
                                    <templateId root="1.3.6.1.4.1.19376.1.5.3.1.4.13"/>
                                    <templateId root="2.16.840.1.113883.3.88.11.83.15.1"/>
                                    <id root="3d600e7b-f170-43ae-8f71-d1e8b8dc68f0"/>
                                    <code code="787-2" codeSystem="2.16.840.1.113883.6.1"
                                        displayName="ERYTHROCYTE MEAN CORPUSCULAR V">
                                        <translation code="#MCV" codeSystemName="L"
                                            displayName="MCV"/>
                                    </code>
                                    <text>ERYTHROCYTE MEAN CORPUSCULAR V<reference
                                            value="#Observation_0c42b4af90dbd7c37b2bd3"/></text>
                                    <statusCode code="completed"/>
                                    <effectiveTime value="200002140945-0800"/>
                                    <value xsi:type="ED">92.4 fl<reference
                                            value="#ObservationValue_0442669b661b59783d66a5"
                                        /></value>
                                    <referenceRange>
                                        <observationRange>
                                            <value xsi:type="IVL_PQ">
                                                <low value="83.0" unit="fl"/>
                                                <high value="99.0" unit="fl"/>
                                            </value>
                                        </observationRange>
                                    </referenceRange>
                                </observation>
                            </component>
                            <component>
                                <observation classCode="OBS" moodCode="EVN">
                                    <templateId root="2.16.840.1.113883.10.20.1.31"/>
                                    <templateId root="1.3.6.1.4.1.19376.1.5.3.1.4.13"/>
                                    <templateId root="2.16.840.1.113883.3.88.11.83.15.1"/>
                                    <id root="61446b4d-755c-4309-8526-40ffdc4e6b24"/>
                                    <code code="785-6" codeSystem="2.16.840.1.113883.6.1"
                                        displayName="ERYTHROCYTE MEAN CORPUSCULAR H">
                                        <translation code="#MCH" codeSystemName="L"
                                            displayName="MCH"/>
                                    </code>
                                    <text>ERYTHROCYTE MEAN CORPUSCULAR H<reference
                                            value="#Observation_e840fdb5651235da65c937"/></text>
                                    <statusCode code="completed"/>
                                    <effectiveTime value="200002140945-0800"/>
                                    <value xsi:type="ED">30.5 pg<reference
                                            value="#ObservationValue_4045c8afdc793c9fbed5a2"
                                        /></value>
                                    <referenceRange>
                                        <observationRange>
                                            <value xsi:type="IVL_PQ">
                                                <low value="27.0" unit="pg"/>
                                                <high value="32.0" unit="pg"/>
                                            </value>
                                        </observationRange>
                                    </referenceRange>
                                </observation>
                            </component>
                            <component>
                                <observation classCode="OBS" moodCode="EVN">
                                    <templateId root="2.16.840.1.113883.10.20.1.31"/>
                                    <templateId root="1.3.6.1.4.1.19376.1.5.3.1.4.13"/>
                                    <templateId root="2.16.840.1.113883.3.88.11.83.15.1"/>
                                    <id root="2e8389ff-3f00-4e32-abe8-f6bf572508fa"/>
                                    <code code="786-4" codeSystem="2.16.840.1.113883.6.1"
                                        displayName="ERYTHROCYTE MEAN CORPUSCULAR H">
                                        <translation code="#MCHC" codeSystemName="L"
                                            displayName="MCHC"/>
                                    </code>
                                    <text>ERYTHROCYTE MEAN CORPUSCULAR H<reference
                                            value="#Observation_9f487c9b34850b9b3d8f85"/></text>
                                    <statusCode code="completed"/>
                                    <effectiveTime value="200002140945-0800"/>
                                    <value xsi:type="ED">33.0 G/dl<reference
                                            value="#ObservationValue_3242e4ba105ed5a42c0fe2"
                                        /></value>
                                    <referenceRange>
                                        <observationRange>
                                            <value xsi:type="IVL_PQ">
                                                <low value="32.0" unit="G/dl"/>
                                                <high value="37.0" unit="G/dl"/>
                                            </value>
                                        </observationRange>
                                    </referenceRange>
                                </observation>
                            </component>
                            <component>
                                <observation classCode="OBS" moodCode="EVN">
                                    <templateId root="2.16.840.1.113883.10.20.1.31"/>
                                    <templateId root="1.3.6.1.4.1.19376.1.5.3.1.4.13"/>
                                    <templateId root="2.16.840.1.113883.3.88.11.83.15.1"/>
                                    <id root="1cd38d8a-590d-4687-9256-2353626d45c7"/>
                                    <code code="788-0" codeSystem="2.16.840.1.113883.6.1"
                                        displayName="ERYTHROCYTE SIZE DISTRIBUTION">
                                        <translation code="#RDW" codeSystemName="L"
                                            displayName="RDW"/>
                                    </code>
                                    <text>ERYTHROCYTE SIZE DISTRIBUTION<reference
                                            value="#Observation_1f4798a3d28212eaddebe5"/></text>
                                    <statusCode code="completed"/>
                                    <effectiveTime value="200002140945-0800"/>
                                    <value xsi:type="ED">14 PERCENT<reference
                                            value="#ObservationValue_5949588e279b0490d350a5"
                                        /></value>
                                    <interpretationCode code="N" codeSystem="2.16.840.1.113883.5.83"
                                        codeSystemName="Observation Interpretation"
                                        displayName="Normal"/>
                                    <referenceRange>
                                        <observationRange>
                                            <value xsi:type="IVL_PQ">
                                                <low value="11.5" unit="PERCENT"/>
                                                <high value="14.5" unit="PERCENT"/>
                                            </value>
                                        </observationRange>
                                    </referenceRange>
                                </observation>
                            </component>
                            <component>
                                <observation classCode="OBS" moodCode="EVN">
                                    <templateId root="2.16.840.1.113883.10.20.1.31"/>
                                    <templateId root="1.3.6.1.4.1.19376.1.5.3.1.4.13"/>
                                    <templateId root="2.16.840.1.113883.3.88.11.83.15.1"/>
                                    <id root="ad36b8fa-0505-47d4-b7ed-71d9b823b8b5"/>
                                    <code code="751-8" codeSystem="2.16.840.1.113883.6.1"
                                        displayName="NEUTROPHILS">
                                        <translation code="#NEUT" codeSystemName="L"
                                            displayName="NEUT"/>
                                    </code>
                                    <text>NEUTROPHILS<reference
                                            value="#Observation_f34e20afcf6d55757bb2f3"/></text>
                                    <statusCode code="completed"/>
                                    <effectiveTime value="200002140945-0800"/>
                                    <value xsi:type="ED">69 PERCENT<reference
                                            value="#ObservationValue_d5487bacc899189d62db20"
                                        /></value>
                                    <interpretationCode code="N" codeSystem="2.16.840.1.113883.5.83"
                                        codeSystemName="Observation Interpretation"
                                        displayName="Normal"/>
                                    <referenceRange>
                                        <observationRange>
                                            <value xsi:type="IVL_PQ">
                                                <low value="40.0" unit="PERCENT"/>
                                                <high value="74.0" unit="PERCENT"/>
                                            </value>
                                        </observationRange>
                                    </referenceRange>
                                </observation>
                            </component>
                            <component>
                                <observation classCode="OBS" moodCode="EVN">
                                    <templateId root="2.16.840.1.113883.10.20.1.31"/>
                                    <templateId root="1.3.6.1.4.1.19376.1.5.3.1.4.13"/>
                                    <templateId root="2.16.840.1.113883.3.88.11.83.15.1"/>
                                    <id root="94c618ec-ae9c-47df-95fa-aee7ce6fbdbc"/>
                                    <code code="731-0" codeSystem="2.16.840.1.113883.6.1"
                                        displayName="LYMPHOCYTES">
                                        <translation code="#LYMPH" codeSystemName="L"
                                            displayName="LYMPH"/>
                                    </code>
                                    <text>LYMPHOCYTES<reference
                                            value="#Observation_374acb8ffbf648877df75e"/></text>
                                    <statusCode code="completed"/>
                                    <effectiveTime value="200002140945-0800"/>
                                    <value xsi:type="ED">20 PERCENT<reference
                                            value="#ObservationValue_6f41c59e4e2aa4c8383ec6"
                                        /></value>
                                    <interpretationCode code="N" codeSystem="2.16.840.1.113883.5.83"
                                        codeSystemName="Observation Interpretation"
                                        displayName="Normal"/>
                                    <referenceRange>
                                        <observationRange>
                                            <value xsi:type="IVL_PQ">
                                                <low value="19.0" unit="PERCENT"/>
                                                <high value="48.0" unit="PERCENT"/>
                                            </value>
                                        </observationRange>
                                    </referenceRange>
                                </observation>
                            </component>
                            <component>
                                <observation classCode="OBS" moodCode="EVN">
                                    <templateId root="2.16.840.1.113883.10.20.1.31"/>
                                    <templateId root="1.3.6.1.4.1.19376.1.5.3.1.4.13"/>
                                    <templateId root="2.16.840.1.113883.3.88.11.83.15.1"/>
                                    <id root="ad1127a5-27dc-4e1a-b019-f5bbe2b3df55"/>
                                    <code code="742-7" codeSystem="2.16.840.1.113883.6.1"
                                        displayName="MONOCYTES">
                                        <translation code="#MONO" codeSystemName="L"
                                            displayName="MONO"/>
                                    </code>
                                    <text>MONOCYTES<reference
                                            value="#Observation_aa46e7bf7aea65f24a59be"/></text>
                                    <statusCode code="completed"/>
                                    <effectiveTime value="200002140945-0800"/>
                                    <value xsi:type="ED">8.5 PERCENT<reference
                                            value="#ObservationValue_86472697e574bfaa63272e"
                                        /></value>
                                    <interpretationCode code="N" codeSystem="2.16.840.1.113883.5.83"
                                        codeSystemName="Observation Interpretation"
                                        displayName="Normal"/>
                                    <referenceRange>
                                        <observationRange>
                                            <value xsi:type="IVL_PQ">
                                                <low value="3.5" unit="PERCENT"/>
                                                <high value="9.0" unit="PERCENT"/>
                                            </value>
                                        </observationRange>
                                    </referenceRange>
                                </observation>
                            </component>
                            <component>
                                <observation classCode="OBS" moodCode="EVN">
                                    <templateId root="2.16.840.1.113883.10.20.1.31"/>
                                    <templateId root="1.3.6.1.4.1.19376.1.5.3.1.4.13"/>
                                    <templateId root="2.16.840.1.113883.3.88.11.83.15.1"/>
                                    <id root="b2b04955-e9d9-4fb2-94e2-c3b60c0b04f2"/>
                                    <code code="711-2" codeSystem="2.16.840.1.113883.6.1"
                                        displayName="EOSINOPHILS">
                                        <translation code="#EOS" codeSystemName="L"
                                            displayName="EOS"/>
                                    </code>
                                    <text>EOSINOPHILS<reference
                                            value="#Observation_ce4cb6bc8c8a572b8978f3"/></text>
                                    <statusCode code="completed"/>
                                    <effectiveTime value="200002140945-0800"/>
                                    <value xsi:type="ED">0.6 PERCENT<reference
                                            value="#ObservationValue_3d48e9821f28e5ca175cfd"
                                        /></value>
                                    <referenceRange>
                                        <observationRange>
                                            <value xsi:type="IVL_PQ">
                                                <low value="0.0" unit="PERCENT"/>
                                                <high value="7.0" unit="PERCENT"/>
                                            </value>
                                        </observationRange>
                                    </referenceRange>
                                </observation>
                            </component>
                            <component>
                                <observation classCode="OBS" moodCode="EVN">
                                    <templateId root="2.16.840.1.113883.10.20.1.31"/>
                                    <templateId root="1.3.6.1.4.1.19376.1.5.3.1.4.13"/>
                                    <templateId root="2.16.840.1.113883.3.88.11.83.15.1"/>
                                    <id root="cd2918d6-8537-4504-8129-b6ffccf7a908"/>
                                    <code code="704-7" codeSystem="2.16.840.1.113883.6.1"
                                        displayName="BASOPHILS">
                                        <translation code="#BASO" codeSystemName="L"
                                            displayName="BASO"/>
                                    </code>
                                    <text>BASOPHILS<reference
                                            value="#Observation_034861b05b40f57c49f26f"/></text>
                                    <statusCode code="completed"/>
                                    <effectiveTime value="200002140945-0800"/>
                                    <value xsi:type="ED">0.8 PERCENT<reference
                                            value="#ObservationValue_3e452a9f685552178f6612"
                                        /></value>
                                    <referenceRange>
                                        <observationRange>
                                            <value xsi:type="IVL_PQ">
                                                <low value="0.0" unit="PERCENT"/>
                                                <high value="1.5" unit="PERCENT"/>
                                            </value>
                                        </observationRange>
                                    </referenceRange>
                                </observation>
                            </component>
                            <component>
                                <observation classCode="OBS" moodCode="EVN">
                                    <templateId root="2.16.840.1.113883.10.20.1.31"/>
                                    <templateId root="1.3.6.1.4.1.19376.1.5.3.1.4.13"/>
                                    <templateId root="2.16.840.1.113883.3.88.11.83.15.1"/>
                                    <id root="f20ee1b9-2e8d-4f3d-9c87-756188c40b4d"/>
                                    <code code="#LUC" codeSystemName="L" displayName="LGE UNST.CELL"/>
                                    <text>LGE UNST.CELL<reference
                                            value="#Observation_c84ce3b9ec997fedc75091"/></text>
                                    <statusCode code="completed"/>
                                    <effectiveTime value="200002140945-0800"/>
                                    <value xsi:type="ED">0.8 PERCENT<reference
                                            value="#ObservationValue_8641b88c2aa88007c7ec1a"
                                        /></value>
                                    <referenceRange>
                                        <observationRange>
                                            <value xsi:type="IVL_PQ">
                                                <low value="0.0" unit="PERCENT"/>
                                                <high value="4.0" unit="PERCENT"/>
                                            </value>
                                        </observationRange>
                                    </referenceRange>
                                </observation>
                            </component>
                            <component>
                                <observation classCode="OBS" moodCode="EVN">
                                    <templateId root="2.16.840.1.113883.10.20.1.31"/>
                                    <templateId root="1.3.6.1.4.1.19376.1.5.3.1.4.13"/>
                                    <templateId root="2.16.840.1.113883.3.88.11.83.15.1"/>
                                    <id root="1b70981c-3acb-455a-ad73-cdc034d3f518"/>
                                    <code code="770-8" codeSystem="2.16.840.1.113883.6.1"
                                        displayName="NEUTROPHILS/100 LEUKOCYTES">
                                        <translation code="##NEUT" codeSystemName="L"
                                            displayName="NEUT ABS"/>
                                    </code>
                                    <text>NEUTROPHILS/100 LEUKOCYTES<reference
                                            value="#Observation_394890b2681d3e4ebf2c40"/></text>
                                    <statusCode code="completed"/>
                                    <effectiveTime value="200002140945-0800"/>
                                    <value xsi:type="ED">6.72 THOUSAND<reference
                                            value="#ObservationValue_6340f486c25c1cc8d4cc96"
                                        /></value>
                                    <referenceRange>
                                        <observationRange>
                                            <value xsi:type="IVL_PQ">
                                                <low value="1.90" unit="THOUSAND"/>
                                                <high value="8.00" unit="THOUSAND"/>
                                            </value>
                                        </observationRange>
                                    </referenceRange>
                                </observation>
                            </component>
                            <component>
                                <observation classCode="OBS" moodCode="EVN">
                                    <templateId root="2.16.840.1.113883.10.20.1.31"/>
                                    <templateId root="1.3.6.1.4.1.19376.1.5.3.1.4.13"/>
                                    <templateId root="2.16.840.1.113883.3.88.11.83.15.1"/>
                                    <id root="72395a87-4052-48c0-b79c-299d68e19c3d"/>
                                    <code code="736-9" codeSystem="2.16.840.1.113883.6.1"
                                        displayName="LYMPHOCYTES/100 LEUKOCYTES">
                                        <translation code="##LYMP" codeSystemName="L"
                                            displayName="LYMPH ABS"/>
                                    </code>
                                    <text>LYMPHOCYTES/100 LEUKOCYTES<reference
                                            value="#Observation_5c421d893067b0dbcef6d5"/></text>
                                    <statusCode code="completed"/>
                                    <effectiveTime value="200002140945-0800"/>
                                    <value xsi:type="ED">1.3 THOUSAND<reference
                                            value="#ObservationValue_2b4233883ca7bf3da94be9"
                                        /></value>
                                    <interpretationCode code="N" codeSystem="2.16.840.1.113883.5.83"
                                        codeSystemName="Observation Interpretation"
                                        displayName="Normal"/>
                                    <referenceRange>
                                        <observationRange>
                                            <value xsi:type="IVL_PQ">
                                                <low value="0.90" unit="THOUSAND"/>
                                                <high value="5.20" unit="THOUSAND"/>
                                            </value>
                                        </observationRange>
                                    </referenceRange>
                                </observation>
                            </component>
                            <component>
                                <observation classCode="OBS" moodCode="EVN">
                                    <templateId root="2.16.840.1.113883.10.20.1.31"/>
                                    <templateId root="1.3.6.1.4.1.19376.1.5.3.1.4.13"/>
                                    <templateId root="2.16.840.1.113883.3.88.11.83.15.1"/>
                                    <id root="cea705fa-78f7-4a14-ad27-c73ae132ac72"/>
                                    <code code="5905-5" codeSystem="2.16.840.1.113883.6.1"
                                        displayName="MONOCYTES/100 LEUKOCYTES">
                                        <translation code="##MONO" codeSystemName="L"
                                            displayName="MONO ABS"/>
                                    </code>
                                    <text>MONOCYTES/100 LEUKOCYTES<reference
                                            value="#Observation_464815b50ba334d74f53ed"/></text>
                                    <statusCode code="completed"/>
                                    <effectiveTime value="200002140945-0800"/>
                                    <value xsi:type="ED">0.77 THOUSAND<reference
                                            value="#ObservationValue_5442dc93f78c1b730a6c3c"
                                        /></value>
                                    <referenceRange>
                                        <observationRange>
                                            <value xsi:type="IVL_PQ">
                                                <low value="0.16" unit="THOUSAND"/>
                                                <high value="1.00" unit="THOUSAND"/>
                                            </value>
                                        </observationRange>
                                    </referenceRange>
                                </observation>
                            </component>
                            <component>
                                <observation classCode="OBS" moodCode="EVN">
                                    <templateId root="2.16.840.1.113883.10.20.1.31"/>
                                    <templateId root="1.3.6.1.4.1.19376.1.5.3.1.4.13"/>
                                    <templateId root="2.16.840.1.113883.3.88.11.83.15.1"/>
                                    <id root="b6b9083f-612a-4da2-bc1f-bff403a333f3"/>
                                    <code code="EOS" codeSystemName="L" displayName="EOS ABS"/>
                                    <text>EOS ABS<reference
                                            value="#Observation_2344b0bbd713dd9e19a4d6"/></text>
                                    <statusCode code="completed"/>
                                    <effectiveTime value="200002140945-0800"/>
                                    <value xsi:type="ED">0.05 THOUSAND<reference
                                            value="#ObservationValue_314cb5b68df72e8e596911"
                                        /></value>
                                    <referenceRange>
                                        <observationRange>
                                            <value xsi:type="IVL_PQ">
                                                <low value="0.00" unit="THOUSAND"/>
                                                <high value="0.80" unit="THOUSAND"/>
                                            </value>
                                        </observationRange>
                                    </referenceRange>
                                </observation>
                            </component>
                            <component>
                                <observation classCode="OBS" moodCode="EVN">
                                    <templateId root="2.16.840.1.113883.10.20.1.31"/>
                                    <templateId root="1.3.6.1.4.1.19376.1.5.3.1.4.13"/>
                                    <templateId root="2.16.840.1.113883.3.88.11.83.15.1"/>
                                    <id root="2ee0ed3f-441a-4b66-b7f6-9ec54737ff16"/>
                                    <code code="706-2" codeSystem="2.16.840.1.113883.6.1"
                                        displayName="BASOPHILS/100 LEUKOCYTES">
                                        <translation code="BASO" codeSystemName="L"
                                            displayName="BASO ABS"/>
                                    </code>
                                    <text>BASOPHILS/100 LEUKOCYTES<reference
                                            value="#Observation_654b6796f77b0c4cddccf1"/></text>
                                    <statusCode code="completed"/>
                                    <effectiveTime value="200002140945-0800"/>
                                    <value xsi:type="ED">0.07 THOUSAND<reference
                                            value="#ObservationValue_8c4d619d6d7790d15dee66"
                                        /></value>
                                    <referenceRange>
                                        <observationRange>
                                            <value xsi:type="IVL_PQ">
                                                <low value="0.00" unit="THOUSAND"/>
                                                <high value="0.20" unit="THOUSAND"/>
                                            </value>
                                        </observationRange>
                                    </referenceRange>
                                </observation>
                            </component>
                            <component>
                                <observation classCode="OBS" moodCode="EVN">
                                    <templateId root="2.16.840.1.113883.10.20.1.31"/>
                                    <templateId root="1.3.6.1.4.1.19376.1.5.3.1.4.13"/>
                                    <templateId root="2.16.840.1.113883.3.88.11.83.15.1"/>
                                    <id root="5315aa5b-c57a-42d8-ac5b-0951cc231199"/>
                                    <code code="##LUC" codeSystemName="L" displayName="LUC ABS"/>
                                    <text>LUC ABS<reference
                                            value="#Observation_d645ca95c8e742ae831137"/></text>
                                    <statusCode code="completed"/>
                                    <effectiveTime value="200002140945-0800"/>
                                    <value xsi:type="ED">0.07 THOUSAND<reference
                                            value="#ObservationValue_664cf3a358da29fa27b252"
                                        /></value>
                                    <referenceRange>
                                        <observationRange>
                                            <value xsi:type="IVL_PQ">
                                                <low value="0.00" unit="THOUSAND"/>
                                                <high value="0.40" unit="THOUSAND"/>
                                            </value>
                                        </observationRange>
                                    </referenceRange>
                                </observation>
                            </component>
                            <component>
                                <observation classCode="OBS" moodCode="EVN">
                                    <templateId root="2.16.840.1.113883.10.20.1.31"/>
                                    <templateId root="1.3.6.1.4.1.19376.1.5.3.1.4.13"/>
                                    <templateId root="2.16.840.1.113883.3.88.11.83.15.1"/>
                                    <id root="bca98575-bd60-4ef0-9189-5c7b2dbb4b51"/>
                                    <code code="764-1" codeSystem="2.16.840.1.113883.6.1"
                                        displayName="NEUTROPHILS BAND FORM/100 LEUK">
                                        <translation code="#MNBND" codeSystemName="L"
                                            displayName="MAN BAND NEUT"/>
                                    </code>
                                    <text>NEUTROPHILS BAND FORM/100 LEUK<reference
                                            value="#Observation_a44ca1ac37961198664b42"/></text>
                                    <statusCode code="completed"/>
                                    <effectiveTime value="200002140945-0800"/>
                                    <value xsi:type="ED">7 PERCENT<reference
                                            value="#ObservationValue_c54896b101ccf8b9905dce"
                                        /></value>
                                    <interpretationCode code="N" codeSystem="2.16.840.1.113883.5.83"
                                        codeSystemName="Observation Interpretation"
                                        displayName="Normal"/>
                                    <referenceRange>
                                        <observationRange>
                                            <value xsi:type="IVL_PQ">
                                                <low value="0" unit="PERCENT"/>
                                                <high value="8" unit="PERCENT"/>
                                            </value>
                                        </observationRange>
                                    </referenceRange>
                                </observation>
                            </component>
                            <component>
                                <observation classCode="OBS" moodCode="EVN">
                                    <templateId root="2.16.840.1.113883.10.20.1.31"/>
                                    <templateId root="1.3.6.1.4.1.19376.1.5.3.1.4.13"/>
                                    <templateId root="2.16.840.1.113883.3.88.11.83.15.1"/>
                                    <id root="f1b7013a-a73c-4db6-b462-514c2b24ec71"/>
                                    <code code="769-0" codeSystem="2.16.840.1.113883.6.1"
                                        displayName="NEUTROPHILS SEGMENTED/100 LEUK">
                                        <translation code="#MNSEG" codeSystemName="L"
                                            displayName="MAN SEG NEUT"/>
                                    </code>
                                    <text>NEUTROPHILS SEGMENTED/100 LEUK<reference
                                            value="#Observation_fb4789b9d8673a6eb8bba2"/></text>
                                    <statusCode code="completed"/>
                                    <effectiveTime value="200002140945-0800"/>
                                    <value xsi:type="ED">71 PERCENT<reference
                                            value="#ObservationValue_3840e1bdd15242a0e6547b"
                                        /></value>
                                    <referenceRange>
                                        <observationRange>
                                            <value xsi:type="IVL_PQ">
                                                <low value="40" unit="PERCENT"/>
                                                <high value="74" unit="PERCENT"/>
                                            </value>
                                        </observationRange>
                                    </referenceRange>
                                </observation>
                            </component>
                            <component>
                                <observation classCode="OBS" moodCode="EVN">
                                    <templateId root="2.16.840.1.113883.10.20.1.31"/>
                                    <templateId root="1.3.6.1.4.1.19376.1.5.3.1.4.13"/>
                                    <templateId root="2.16.840.1.113883.3.88.11.83.15.1"/>
                                    <id root="2559442b-e114-4456-a424-2fe776e504df"/>
                                    <code code="737-7" codeSystem="2.16.840.1.113883.6.1"
                                        displayName="LYMPHOCYTES/100 LEUKOCYTES">
                                        <translation code="#MNLYM" codeSystemName="L"
                                            displayName="MAN LYMPH"/>
                                    </code>
                                    <text>LYMPHOCYTES/100 LEUKOCYTES<reference
                                            value="#Observation_e14253ab3d26a2753383a8"/></text>
                                    <statusCode code="completed"/>
                                    <effectiveTime value="200002140945-0800"/>
                                    <value xsi:type="ED">23 PERCENT<reference
                                            value="#ObservationValue_b541bdbcc81c603a548c40"
                                        /></value>
                                    <interpretationCode code="N" codeSystem="2.16.840.1.113883.5.83"
                                        codeSystemName="Observation Interpretation"
                                        displayName="Normal"/>
                                    <referenceRange>
                                        <observationRange>
                                            <value xsi:type="IVL_PQ">
                                                <low value="19" unit="PERCENT"/>
                                                <high value="48" unit="PERCENT"/>
                                            </value>
                                        </observationRange>
                                    </referenceRange>
                                </observation>
                            </component>
                            <component>
                                <observation classCode="OBS" moodCode="EVN">
                                    <templateId root="2.16.840.1.113883.10.20.1.31"/>
                                    <templateId root="1.3.6.1.4.1.19376.1.5.3.1.4.13"/>
                                    <templateId root="2.16.840.1.113883.3.88.11.83.15.1"/>
                                    <id root="141bc1eb-7ee1-4ca6-8eaa-456c84610bc1"/>
                                    <code code="744-3" codeSystem="2.16.840.1.113883.6.1"
                                        displayName="MONOCYTES/100 LEUKOCYTES">
                                        <translation code="#MNMNO" codeSystemName="L"
                                            displayName="MAN MONO"/>
                                    </code>
                                    <text>MONOCYTES/100 LEUKOCYTES<reference
                                            value="#Observation_6d44689bc5255c3052510f"/></text>
                                    <statusCode code="completed"/>
                                    <effectiveTime value="200002140945-0800"/>
                                    <value xsi:type="ED">9 PERCENT<reference
                                            value="#ObservationValue_ae4bcc8660126bdd646841"
                                        /></value>
                                    <referenceRange>
                                        <observationRange>
                                            <value xsi:type="IVL_PQ">
                                                <low value="4" unit="PERCENT"/>
                                                <high value="9" unit="PERCENT"/>
                                            </value>
                                        </observationRange>
                                    </referenceRange>
                                </observation>
                            </component>
                            <component>
                                <observation classCode="OBS" moodCode="EVN">
                                    <templateId root="2.16.840.1.113883.10.20.1.31"/>
                                    <templateId root="1.3.6.1.4.1.19376.1.5.3.1.4.13"/>
                                    <templateId root="2.16.840.1.113883.3.88.11.83.15.1"/>
                                    <id root="cc73d9f2-fd23-46b4-a7eb-b54ff4c2fafa"/>
                                    <code code="714-6" codeSystem="2.16.840.1.113883.6.1"
                                        displayName="EOSINOPHILS/100 LEUKOCYTES">
                                        <translation code="#MNEOS" codeSystemName="L"
                                            displayName="MAN EOS"/>
                                    </code>
                                    <text>EOSINOPHILS/100 LEUKOCYTES<reference
                                            value="#Observation_51439a971316897e0dad20"/></text>
                                    <statusCode code="completed"/>
                                    <effectiveTime value="200002140945-0800"/>
                                    <value xsi:type="ED">3 PERCENT<reference
                                            value="#ObservationValue_b9440694986413e927cdba"
                                        /></value>
                                    <referenceRange>
                                        <observationRange>
                                            <value xsi:type="IVL_PQ">
                                                <low value="0" unit="PERCENT"/>
                                                <high value="7" unit="PERCENT"/>
                                            </value>
                                        </observationRange>
                                    </referenceRange>
                                </observation>
                            </component>
                            <component>
                                <observation classCode="OBS" moodCode="EVN">
                                    <templateId root="2.16.840.1.113883.10.20.1.31"/>
                                    <templateId root="1.3.6.1.4.1.19376.1.5.3.1.4.13"/>
                                    <templateId root="2.16.840.1.113883.3.88.11.83.15.1"/>
                                    <id root="1621174c-d703-4128-96f3-9cffe1536186"/>
                                    <code code="707-0" codeSystem="2.16.840.1.113883.6.1"
                                        displayName="BASOPHILS/100 LEUKOCYTES">
                                        <translation code="#MNBAS" codeSystemName="L"
                                            displayName="MAN BASO"/>
                                    </code>
                                    <text>BASOPHILS/100 LEUKOCYTES<reference
                                            value="#Observation_2840ea8afdcf90287a98bc"/></text>
                                    <statusCode code="completed"/>
                                    <effectiveTime value="200002140945-0800"/>
                                    <value xsi:type="ED">0 PERCENT<reference
                                            value="#ObservationValue_3a4919a2cde1dad130c325"
                                        /></value>
                                    <referenceRange>
                                        <observationRange>
                                            <value xsi:type="IVL_PQ">
                                                <low value="0" unit="PERCENT"/>
                                                <high value="2" unit="PERCENT"/>
                                            </value>
                                        </observationRange>
                                    </referenceRange>
                                </observation>
                            </component>
                            <component>
                                <observation classCode="OBS" moodCode="EVN">
                                    <templateId root="2.16.840.1.113883.10.20.1.31"/>
                                    <templateId root="1.3.6.1.4.1.19376.1.5.3.1.4.13"/>
                                    <templateId root="2.16.840.1.113883.3.88.11.83.15.1"/>
                                    <id root="65666221-ac99-45ba-8b50-bb07a61e8533"/>
                                    <code code="740-1" codeSystem="2.16.840.1.113883.6.1"
                                        displayName="METAMYELOCYTES/100 LEUKOCYTES">
                                        <translation code="#MNMET" codeSystemName="L"
                                            displayName="MAN METAMYL"/>
                                    </code>
                                    <text>METAMYELOCYTES/100 LEUKOCYTES<reference
                                            value="#Observation_2d42f0805129e705e2b568"/></text>
                                    <statusCode code="completed"/>
                                    <effectiveTime value="200002140945-0800"/>
                                    <value xsi:type="ED">0 PERCENT<reference
                                            value="#ObservationValue_6045e88b92338ae6e7cb59"
                                        /></value>
                                    <referenceRange>
                                        <observationRange>
                                            <value xsi:type="IVL_PQ">
                                                <low value="0" unit="PERCENT"/>
                                                <high value="1" unit="PERCENT"/>
                                            </value>
                                        </observationRange>
                                    </referenceRange>
                                </observation>
                            </component>
                            <component>
                                <observation classCode="OBS" moodCode="EVN">
                                    <templateId root="2.16.840.1.113883.10.20.1.31"/>
                                    <templateId root="1.3.6.1.4.1.19376.1.5.3.1.4.13"/>
                                    <templateId root="2.16.840.1.113883.3.88.11.83.15.1"/>
                                    <id root="9ac5349f-8f88-4092-8f50-018bf3e1244c"/>
                                    <code code="749-2" codeSystem="2.16.840.1.113883.6.1"
                                        displayName="MYELOCYTES/100 LEUKOCYTES">
                                        <translation code="#MNMYL" codeSystemName="L"
                                            displayName="MAN MYELOCYTE"/>
                                    </code>
                                    <text>MYELOCYTES/100 LEUKOCYTES<reference
                                            value="#Observation_654c81bbb5b1563511d1da"/></text>
                                    <statusCode code="completed"/>
                                    <effectiveTime value="200002140945-0800"/>
                                    <value xsi:type="ED">0 PERCENT<reference
                                            value="#ObservationValue_ff4512937ceae47a944870"
                                        /></value>
                                    <referenceRange>
                                        <observationRange>
                                            <value xsi:type="IVL_PQ">
                                                <low value="0" unit="PERCENT"/>
                                                <high value="1" unit="PERCENT"/>
                                            </value>
                                        </observationRange>
                                    </referenceRange>
                                </observation>
                            </component>
                            <component>
                                <observation classCode="OBS" moodCode="EVN">
                                    <templateId root="2.16.840.1.113883.10.20.1.31"/>
                                    <templateId root="1.3.6.1.4.1.19376.1.5.3.1.4.13"/>
                                    <templateId root="2.16.840.1.113883.3.88.11.83.15.1"/>
                                    <id root="39b2c32f-64fc-45c6-9131-be72611ca973"/>
                                    <code code="783-1" codeSystem="2.16.840.1.113883.6.1"
                                        displayName="PROMYELOCYTES/100 LEUKOCYTES">
                                        <translation code="#MNPRO" codeSystemName="L"
                                            displayName="MAN PROMYELO"/>
                                    </code>
                                    <text>PROMYELOCYTES/100 LEUKOCYTES<reference
                                            value="#Observation_6e41b89d1dfb03873ae233"/></text>
                                    <statusCode code="completed"/>
                                    <effectiveTime value="200002140945-0800"/>
                                    <value xsi:type="ED">0 PERCENT<reference
                                            value="#ObservationValue_664aa189cfdb05dc8968a8"
                                        /></value>
                                    <referenceRange>
                                        <observationRange>
                                            <value xsi:type="IVL_PQ">
                                                <low value="0" unit="PERCENT"/>
                                                <high value="0" unit="PERCENT"/>
                                            </value>
                                        </observationRange>
                                    </referenceRange>
                                </observation>
                            </component>
                            <component>
                                <observation classCode="OBS" moodCode="EVN">
                                    <templateId root="2.16.840.1.113883.10.20.1.31"/>
                                    <templateId root="1.3.6.1.4.1.19376.1.5.3.1.4.13"/>
                                    <templateId root="2.16.840.1.113883.3.88.11.83.15.1"/>
                                    <id root="71a6e830-98c5-4b72-8093-1182a553f4fe"/>
                                    <code code="709-6" codeSystem="2.16.840.1.113883.6.1"
                                        displayName="BLASTS/100 LEUKOCYTES">
                                        <translation code="#MNBLS" codeSystemName="L"
                                            displayName="MAN BLASTS"/>
                                    </code>
                                    <text>BLASTS/100 LEUKOCYTES<reference
                                            value="#Observation_3a4bb59a8ff2a8b81d31bb"/></text>
                                    <statusCode code="completed"/>
                                    <effectiveTime value="200002140945-0800"/>
                                    <value xsi:type="ED">0 PERCENT<reference
                                            value="#ObservationValue_d74aea953c943e74bf65cc"
                                        /></value>
                                    <referenceRange>
                                        <observationRange>
                                            <value xsi:type="IVL_PQ">
                                                <low value="0" unit="PERCENT"/>
                                                <high value="0" unit="PERCENT"/>
                                            </value>
                                        </observationRange>
                                    </referenceRange>
                                </observation>
                            </component>
                            <component>
                                <observation classCode="OBS" moodCode="EVN">
                                    <templateId root="2.16.840.1.113883.10.20.1.31"/>
                                    <templateId root="1.3.6.1.4.1.19376.1.5.3.1.4.13"/>
                                    <templateId root="2.16.840.1.113883.3.88.11.83.15.1"/>
                                    <id root="82317ac3-1bda-4de1-b725-bd865b7dd712"/>
                                    <code code="#ESPLT" codeSystemName="L"
                                        displayName="PLATELET (EST)"/>
                                    <text>PLATELET (EST)<reference
                                            value="#Observation_3b483bb30edf586cf15381"/></text>
                                    <statusCode code="completed"/>
                                    <effectiveTime value="200002140945-0800"/>
                                    <value xsi:type="ED">10-12 PER_OIF<reference
                                            value="#ObservationValue_e74cf7a1a26ee1ba19dd48"
                                        /></value>
                                    <referenceRange>
                                        <observationRange>
                                            <value xsi:type="IVL_PQ">
                                                <low value="7" unit="PER_OIF"/>
                                                <high value="20" unit="PER_OIF"/>
                                            </value>
                                        </observationRange>
                                    </referenceRange>
                                </observation>
                            </component>
                        </organizer>
                    </entry>
                    <entry>
                        <organizer classCode="BATTERY" moodCode="EVN">
                            <templateId root="2.16.840.1.113883.10.20.1.32"/>
                            <id root="1a009342-d22d-4ed8-aaae-82f92ab29525"/>
                            <code code="OPUA" codeSystemName="L" displayName="UA COMPLETE">
                                <translation code="LAB"/>
                            </code>
                            <statusCode code="completed"/>
                            <component>
                                <procedure classCode="PROC" moodCode="EVN">
                                    <templateId root="2.16.840.1.113883.10.20.1.29"/>
                                    <templateId root="1.3.6.1.4.1.19376.1.5.3.1.4.19"/>
                                    <templateId root="2.16.840.1.113883.3.88.11.83.17"/>
                                    <id root="9934c0f4-d922-4296-a4bb-7a3988aafc75"/>
                                    <code nullFlavor="NI">
                                        <originalText>UA COMPLETE<reference
                                                value="#Battery_7b4f39819a1fd492652f3e"
                                            /></originalText>
                                    </code>
                                    <text>UA COMPLETE<reference
                                            value="#Battery_7b4f39819a1fd492652f3e"/></text>
                                    <statusCode code="completed"/>
                                    <effectiveTime>
                                        <low value="200002140945-0800"/>
                                    </effectiveTime>
                                    <priorityCode code="S"
                                        codeSystem="2.16.840.1.113883.3.88.12.80.71"
                                        codeSystemName="Order Priority" displayName="Stat"/>
                                    <participant typeCode="RESP" contextControlCode="OP">
                                        <participantRole>
                                            <addr nullFlavor="NI"/>
                                            <playingEntity>
                                                <name>
                                                  <given>Doctor</given>
                                                  <family>Doom</family>
                                                </name>
                                            </playingEntity>
                                        </participantRole>
                                    </participant>
                                    <participant typeCode="ORG" contextControlCode="OP">
                                        <participantRole>
                                            <addr nullFlavor="NI"/>
                                            <telecom nullFlavor="NI"/>
                                            <playingEntity>
                                                <name>UniLab</name>
                                            </playingEntity>
                                        </participantRole>
                                    </participant>
                                </procedure>
                            </component>
                            <component>
                                <observation classCode="OBS" moodCode="EVN">
                                    <templateId root="2.16.840.1.113883.10.20.1.31"/>
                                    <templateId root="1.3.6.1.4.1.19376.1.5.3.1.4.13"/>
                                    <templateId root="2.16.840.1.113883.3.88.11.83.15.1"/>
                                    <id root="c16662f0-bc49-4d0b-b9d8-884cead3f49c"/>
                                    <code code="5778-6" codeSystem="2.16.840.1.113883.6.1"
                                        displayName="COLOR">
                                        <translation code="#UACOL" codeSystemName="L"
                                            displayName="UA COLOR"/>
                                    </code>
                                    <text>COLOR<reference
                                            value="#Observation_e249d1b57c1f1aac99db9c"/></text>
                                    <statusCode code="completed"/>
                                    <effectiveTime value="200002140945-0800"/>
                                    <value xsi:type="ED">YELLOW<reference
                                            value="#ObservationValue_93448d9200f8a365826742"
                                        /></value>
                                    <referenceRange>
                                        <observationRange>
                                            <text>YELLOW-STRAW</text>
                                        </observationRange>
                                    </referenceRange>
                                </observation>
                            </component>
                            <component>
                                <observation classCode="OBS" moodCode="EVN">
                                    <templateId root="2.16.840.1.113883.10.20.1.31"/>
                                    <templateId root="1.3.6.1.4.1.19376.1.5.3.1.4.13"/>
                                    <templateId root="2.16.840.1.113883.3.88.11.83.15.1"/>
                                    <id root="23bc0abe-2d87-4299-8c65-5a62c38d3a6b"/>
                                    <code code="5767-9" codeSystem="2.16.840.1.113883.6.1"
                                        displayName="APPEARANCE">
                                        <translation code="#UAAPP" codeSystemName="L"
                                            displayName="UA APPEARANCE"/>
                                    </code>
                                    <text>APPEARANCE<reference
                                            value="#Observation_89486eb6654566430be78e"/></text>
                                    <statusCode code="completed"/>
                                    <effectiveTime value="200002140945-0800"/>
                                    <value xsi:type="ED">CLEAR<reference
                                            value="#ObservationValue_384a4f85db16d2b7eee7a4"
                                        /></value>
                                    <referenceRange>
                                        <observationRange>
                                            <text>CLEAR</text>
                                        </observationRange>
                                    </referenceRange>
                                </observation>
                            </component>
                            <component>
                                <observation classCode="OBS" moodCode="EVN">
                                    <templateId root="2.16.840.1.113883.10.20.1.31"/>
                                    <templateId root="1.3.6.1.4.1.19376.1.5.3.1.4.13"/>
                                    <templateId root="2.16.840.1.113883.3.88.11.83.15.1"/>
                                    <id root="be8b5e99-7ad7-483f-b967-29d287e6dfff"/>
                                    <code code="5810-7" codeSystem="2.16.840.1.113883.6.1"
                                        displayName="SPECIFIC GRAVITY">
                                        <translation code="#UASPG" codeSystemName="L"
                                            displayName="UA SPEC GRAV"/>
                                    </code>
                                    <text>SPECIFIC GRAVITY<reference
                                            value="#Observation_6e4abdb41dc023ef4a9edf"/></text>
                                    <statusCode code="completed"/>
                                    <effectiveTime value="200002140945-0800"/>
                                    <value xsi:type="ED">1.016 ION.CONC<reference
                                            value="#ObservationValue_1a4f59b6e649526757aacd"
                                        /></value>
                                    <referenceRange>
                                        <observationRange>
                                            <value xsi:type="IVL_PQ">
                                                <low value="1.003" unit="ION.CONC"/>
                                                <high value="1.030" unit="ION.CONC"/>
                                            </value>
                                        </observationRange>
                                    </referenceRange>
                                </observation>
                            </component>
                            <component>
                                <observation classCode="OBS" moodCode="EVN">
                                    <templateId root="2.16.840.1.113883.10.20.1.31"/>
                                    <templateId root="1.3.6.1.4.1.19376.1.5.3.1.4.13"/>
                                    <templateId root="2.16.840.1.113883.3.88.11.83.15.1"/>
                                    <id root="507ebf42-05f0-4424-acad-2d97f3122b00"/>
                                    <code code="5803-2" codeSystem="2.16.840.1.113883.6.1"
                                        displayName="PH">
                                        <translation code="#UAPH" codeSystemName="L"
                                            displayName="UA PH"/>
                                    </code>
                                    <text>PH<reference value="#Observation_27479db0e0764ee9e61c3a"
                                        /></text>
                                    <statusCode code="completed"/>
                                    <effectiveTime value="200002140945-0800"/>
                                    <value xsi:type="ED">6.5<reference
                                            value="#ObservationValue_e341bc93f7b5185bd03a89"
                                        /></value>
                                    <interpretationCode code="N" codeSystem="2.16.840.1.113883.5.83"
                                        codeSystemName="Observation Interpretation"
                                        displayName="Normal"/>
                                    <referenceRange>
                                        <observationRange>
                                            <value xsi:type="IVL_PQ">
                                                <low value="6.0"/>
                                                <high value="8.0"/>
                                            </value>
                                        </observationRange>
                                    </referenceRange>
                                </observation>
                            </component>
                            <component>
                                <observation classCode="OBS" moodCode="EVN">
                                    <templateId root="2.16.840.1.113883.10.20.1.31"/>
                                    <templateId root="1.3.6.1.4.1.19376.1.5.3.1.4.13"/>
                                    <templateId root="2.16.840.1.113883.3.88.11.83.15.1"/>
                                    <id root="b228b0a3-0d7b-4178-9a3a-48fbdfd31875"/>
                                    <code code="5792-7" codeSystem="2.16.840.1.113883.6.1"
                                        displayName="GLUCOSE">
                                        <translation code="#UAGLU" codeSystemName="L"
                                            displayName="UA GLUCOSE"/>
                                    </code>
                                    <text>GLUCOSE<reference
                                            value="#Observation_4a444b9a5ad05460dea293"/></text>
                                    <statusCode code="completed"/>
                                    <effectiveTime value="200002140945-0800"/>
                                    <value xsi:type="ED">NORMAL MG/DL<reference
                                            value="#ObservationValue_474836a37994e78e0d9766"
                                        /></value>
                                    <referenceRange>
                                        <observationRange>
                                            <text>NORMAL</text>
                                        </observationRange>
                                    </referenceRange>
                                </observation>
                            </component>
                            <component>
                                <observation classCode="OBS" moodCode="EVN">
                                    <templateId root="2.16.840.1.113883.10.20.1.31"/>
                                    <templateId root="1.3.6.1.4.1.19376.1.5.3.1.4.13"/>
                                    <templateId root="2.16.840.1.113883.3.88.11.83.15.1"/>
                                    <id root="60f74692-bb9e-4c83-80e3-e7d4c1ff43b0"/>
                                    <code code="5770-3" codeSystem="2.16.840.1.113883.6.1"
                                        displayName="BILIRUBIN">
                                        <translation code="#UABIL" codeSystemName="L"
                                            displayName="UA BILIRUBIN"/>
                                    </code>
                                    <text>BILIRUBIN<reference
                                            value="#Observation_cc4a43a2330ea3858c6bf0"/></text>
                                    <statusCode code="completed"/>
                                    <effectiveTime value="200002140945-0800"/>
                                    <value xsi:type="ED">NEGATIVE MG/DL<reference
                                            value="#ObservationValue_1045d19a3b13b9c93e34a4"
                                        /></value>
                                    <referenceRange>
                                        <observationRange>
                                            <text>NEGATIVE</text>
                                        </observationRange>
                                    </referenceRange>
                                </observation>
                            </component>
                            <component>
                                <observation classCode="OBS" moodCode="EVN">
                                    <templateId root="2.16.840.1.113883.10.20.1.31"/>
                                    <templateId root="1.3.6.1.4.1.19376.1.5.3.1.4.13"/>
                                    <templateId root="2.16.840.1.113883.3.88.11.83.15.1"/>
                                    <id root="5772fe81-27be-42be-bd09-2cb33d34bb0b"/>
                                    <code code="5797-6" codeSystem="2.16.840.1.113883.6.1"
                                        displayName="KETONES">
                                        <translation code="#UAKET" codeSystemName="L"
                                            displayName="UA KETONE"/>
                                    </code>
                                    <text>KETONES<reference
                                            value="#Observation_95477db123490311300c4d"/></text>
                                    <statusCode code="completed"/>
                                    <effectiveTime value="200002140945-0800"/>
                                    <value xsi:type="ED">NEGATIVE MG/DL<reference
                                            value="#ObservationValue_e846849aceab62c7b35724"
                                        /></value>
                                    <referenceRange>
                                        <observationRange>
                                            <text>NEGATIVE</text>
                                        </observationRange>
                                    </referenceRange>
                                </observation>
                            </component>
                            <component>
                                <observation classCode="OBS" moodCode="EVN">
                                    <templateId root="2.16.840.1.113883.10.20.1.31"/>
                                    <templateId root="1.3.6.1.4.1.19376.1.5.3.1.4.13"/>
                                    <templateId root="2.16.840.1.113883.3.88.11.83.15.1"/>
                                    <id root="3fe9dc3e-0328-4d71-adae-f79b84b6c863"/>
                                    <code code="5794-3" codeSystem="2.16.840.1.113883.6.1"
                                        displayName="HEMOGLOBIN">
                                        <translation code="#UABLD" codeSystemName="L"
                                            displayName="UA BLOOD"/>
                                    </code>
                                    <text>HEMOGLOBIN<reference
                                            value="#Observation_ed406e92734a9525460ee3"/></text>
                                    <statusCode code="completed"/>
                                    <effectiveTime value="200002140945-0800"/>
                                    <value xsi:type="ED">NEGATIVE<reference
                                            value="#ObservationValue_fa43f0bfbd6d9c711175de"
                                        /></value>
                                    <referenceRange>
                                        <observationRange>
                                            <text>NEGATIVE</text>
                                        </observationRange>
                                    </referenceRange>
                                </observation>
                            </component>
                            <component>
                                <observation classCode="OBS" moodCode="EVN">
                                    <templateId root="2.16.840.1.113883.10.20.1.31"/>
                                    <templateId root="1.3.6.1.4.1.19376.1.5.3.1.4.13"/>
                                    <templateId root="2.16.840.1.113883.3.88.11.83.15.1"/>
                                    <id root="3febe6bf-063e-4e12-bd09-f3fbb071a798"/>
                                    <code code="5804-0" codeSystem="2.16.840.1.113883.6.1"
                                        displayName="PROTEIN.TOTAL">
                                        <translation code="#UAPRO" codeSystemName="L"
                                            displayName="UA PROTEIN"/>
                                    </code>
                                    <text>PROTEIN.TOTAL<reference
                                            value="#Observation_ca40a6b637ddd5523f3eac"/></text>
                                    <statusCode code="completed"/>
                                    <effectiveTime value="200002140945-0800"/>
                                    <value xsi:type="ED">100 MG/DL<reference
                                            value="#ObservationValue_d14c7bb600dcd70dbc88e6"
                                        /></value>
                                    <referenceRange>
                                        <observationRange>
                                            <text>NEGATIVE</text>
                                        </observationRange>
                                    </referenceRange>
                                </observation>
                            </component>
                            <component>
                                <observation classCode="OBS" moodCode="EVN">
                                    <templateId root="2.16.840.1.113883.10.20.1.31"/>
                                    <templateId root="1.3.6.1.4.1.19376.1.5.3.1.4.13"/>
                                    <templateId root="2.16.840.1.113883.3.88.11.83.15.1"/>
                                    <id root="e6f6ce3a-71b1-43aa-add3-cabcceddbc38"/>
                                    <code code="5818-0" codeSystem="2.16.840.1.113883.6.1"
                                        displayName="UROBILINOGEN">
                                        <translation code="#UAURO" codeSystemName="L"
                                            displayName="UA UROBILINOGEN"/>
                                    </code>
                                    <text>UROBILINOGEN<reference
                                            value="#Observation_934782bdef412195b700bf"/></text>
                                    <statusCode code="completed"/>
                                    <effectiveTime value="200002140945-0800"/>
                                    <value xsi:type="ED">NORMAL MG/DL<reference
                                            value="#ObservationValue_d348b38cceb08cb2e955cc"
                                        /></value>
                                    <referenceRange>
                                        <observationRange>
                                            <text>NORMAL</text>
                                        </observationRange>
                                    </referenceRange>
                                </observation>
                            </component>
                            <component>
                                <observation classCode="OBS" moodCode="EVN">
                                    <templateId root="2.16.840.1.113883.10.20.1.31"/>
                                    <templateId root="1.3.6.1.4.1.19376.1.5.3.1.4.13"/>
                                    <templateId root="2.16.840.1.113883.3.88.11.83.15.1"/>
                                    <id root="a4d70f05-ec70-4953-ad38-f8a57b4f409c"/>
                                    <code code="5802-4" codeSystem="2.16.840.1.113883.6.1"
                                        displayName="NITRITE">
                                        <translation code="#UANIT" codeSystemName="L"
                                            displayName="UA NITRITE"/>
                                    </code>
                                    <text>NITRITE<reference
                                            value="#Observation_754b0e8a3d05608b8a7a96"/></text>
                                    <statusCode code="completed"/>
                                    <effectiveTime value="200002140945-0800"/>
                                    <value xsi:type="ED">NEGATIVE MG/DL<reference
                                            value="#ObservationValue_9d4196a9bb236eeb22afc8"
                                        /></value>
                                    <referenceRange>
                                        <observationRange>
                                            <text>NEGATIVE</text>
                                        </observationRange>
                                    </referenceRange>
                                </observation>
                            </component>
                            <component>
                                <observation classCode="OBS" moodCode="EVN">
                                    <templateId root="2.16.840.1.113883.10.20.1.31"/>
                                    <templateId root="1.3.6.1.4.1.19376.1.5.3.1.4.13"/>
                                    <templateId root="2.16.840.1.113883.3.88.11.83.15.1"/>
                                    <id root="dc40aef2-195b-4570-9a85-5ebcee14c4d7"/>
                                    <code code="5799-2" codeSystem="2.16.840.1.113883.6.1"
                                        displayName="LEUKOCYTE ESTERASE">
                                        <translation code="#UALEU" codeSystemName="L"
                                            displayName="UA LEUK ESTER"/>
                                    </code>
                                    <text>LEUKOCYTE ESTERASE<reference
                                            value="#Observation_c94633ae757bcc6ea48919"/></text>
                                    <statusCode code="completed"/>
                                    <effectiveTime value="200002140945-0800"/>
                                    <value xsi:type="ED">NORMAL<reference
                                            value="#ObservationValue_24440493ff7bd1ffbb5b42"
                                        /></value>
                                    <referenceRange>
                                        <observationRange>
                                            <text>NORMAL</text>
                                        </observationRange>
                                    </referenceRange>
                                </observation>
                            </component>
                            <component>
                                <observation classCode="OBS" moodCode="EVN">
                                    <templateId root="2.16.840.1.113883.10.20.1.31"/>
                                    <templateId root="1.3.6.1.4.1.19376.1.5.3.1.4.13"/>
                                    <templateId root="2.16.840.1.113883.3.88.11.83.15.1"/>
                                    <id root="32b04dd9-382f-4477-bb85-67998f8d8bd8"/>
                                    <code code="5768-7" codeSystem="2.16.840.1.113883.6.1"
                                        displayName="ASCORBATE">
                                        <translation code="#UAASC" codeSystemName="L"
                                            displayName="UA ASCORBIC ACD"/>
                                    </code>
                                    <text>ASCORBATE<reference
                                            value="#Observation_f9443f9b532fe72f2cb1e5"/></text>
                                    <statusCode code="completed"/>
                                    <effectiveTime value="200002140945-0800"/>
                                    <value xsi:type="ED">NEGATIVE MG/DL<reference
                                            value="#ObservationValue_04433c82b0cabfef0608b5"
                                        /></value>
                                    <referenceRange>
                                        <observationRange>
                                            <text>NEGATIVE</text>
                                        </observationRange>
                                    </referenceRange>
                                </observation>
                            </component>
                            <component>
                                <observation classCode="OBS" moodCode="EVN">
                                    <templateId root="2.16.840.1.113883.10.20.1.31"/>
                                    <templateId root="1.3.6.1.4.1.19376.1.5.3.1.4.13"/>
                                    <templateId root="2.16.840.1.113883.3.88.11.83.15.1"/>
                                    <id root="c3c03abd-aa86-47c5-ba21-04cd8156833b"/>
                                    <code code="5808-1" codeSystem="2.16.840.1.113883.6.1"
                                        displayName="ERYTHROCYTES">
                                        <translation code="#UARBC" codeSystemName="L"
                                            displayName="UA RBC"/>
                                    </code>
                                    <text>ERYTHROCYTES<reference
                                            value="#Observation_e1413f8b295dd830ac254f"/></text>
                                    <statusCode code="completed"/>
                                    <effectiveTime value="200002140945-0800"/>
                                    <value xsi:type="ED">0-2 /HPF<reference
                                            value="#ObservationValue_e2406c9ede7ef86ff4f544"
                                        /></value>
                                    <referenceRange>
                                        <observationRange>
                                            <text>0-2-NONE SEEN</text>
                                        </observationRange>
                                    </referenceRange>
                                </observation>
                            </component>
                            <component>
                                <observation classCode="OBS" moodCode="EVN">
                                    <templateId root="2.16.840.1.113883.10.20.1.31"/>
                                    <templateId root="1.3.6.1.4.1.19376.1.5.3.1.4.13"/>
                                    <templateId root="2.16.840.1.113883.3.88.11.83.15.1"/>
                                    <id root="eb66b0b1-4614-4587-8128-c58a5a692105"/>
                                    <code code="5821-4" codeSystem="2.16.840.1.113883.6.1"
                                        displayName="LEUKOCYTES">
                                        <translation code="#UAWBC" codeSystemName="L"
                                            displayName="UA WBC"/>
                                    </code>
                                    <text>LEUKOCYTES<reference
                                            value="#Observation_094f8ca6caa1e46daeb4c2"/></text>
                                    <statusCode code="completed"/>
                                    <effectiveTime value="200002140945-0800"/>
                                    <value xsi:type="ED">NONE SEEN /HPF<reference
                                            value="#ObservationValue_fd4c55ab72e4a10b6ed0a2"
                                        /></value>
                                    <interpretationCode code="N" codeSystem="2.16.840.1.113883.5.83"
                                        codeSystemName="Observation Interpretation"
                                        displayName="Normal"/>
                                    <referenceRange>
                                        <observationRange>
                                            <text>NONESEEN-0-5</text>
                                        </observationRange>
                                    </referenceRange>
                                </observation>
                            </component>
                            <component>
                                <observation classCode="OBS" moodCode="EVN">
                                    <templateId root="2.16.840.1.113883.10.20.1.31"/>
                                    <templateId root="1.3.6.1.4.1.19376.1.5.3.1.4.13"/>
                                    <templateId root="2.16.840.1.113883.3.88.11.83.15.1"/>
                                    <id root="a2a9ad8d-5571-45c7-aff4-2fcf13b7a3a3"/>
                                    <code code="5769-5" codeSystem="2.16.840.1.113883.6.1"
                                        displayName="BACTERIA">
                                        <translation code="#UABAC" codeSystemName="L"
                                            displayName="UA BACTERIA"/>
                                    </code>
                                    <text>BACTERIA<reference
                                            value="#Observation_c04c76b4559a12a677919d"/></text>
                                    <statusCode code="completed"/>
                                    <effectiveTime value="200002140945-0800"/>
                                    <value xsi:type="ED">NONE SEEN<reference
                                            value="#ObservationValue_d74bddb69e7e785506fa75"
                                        /></value>
                                    <referenceRange>
                                        <observationRange>
                                            <text>NONESEEN-TRACE</text>
                                        </observationRange>
                                    </referenceRange>
                                </observation>
                            </component>
                            <component>
                                <observation classCode="OBS" moodCode="EVN">
                                    <templateId root="2.16.840.1.113883.10.20.1.31"/>
                                    <templateId root="1.3.6.1.4.1.19376.1.5.3.1.4.13"/>
                                    <templateId root="2.16.840.1.113883.3.88.11.83.15.1"/>
                                    <id root="bcf9aead-df38-44fb-8e53-23fdfdad22f4"/>
                                    <code code="5787-7" codeSystem="2.16.840.1.113883.6.1"
                                        displayName="EPITHELIAL CELLS">
                                        <translation code="#UASQE" codeSystemName="L"
                                            displayName="UA SQUAM EPITH"/>
                                    </code>
                                    <text>EPITHELIAL CELLS<reference
                                            value="#Observation_b0485ca581bbf61a63fe2b"/></text>
                                    <statusCode code="completed"/>
                                    <effectiveTime value="200002140945-0800"/>
                                    <value xsi:type="ED">6-10 /HPF<reference
                                            value="#ObservationValue_694ddab7ca4e4d5b0c17ad"
                                        /></value>
                                    <referenceRange>
                                        <observationRange>
                                            <text>0-5-6-10</text>
                                        </observationRange>
                                    </referenceRange>
                                </observation>
                            </component>
                        </organizer>
                    </entry>
                </section>
            </component>
            <component>
                <section>
                    <templateId root="2.16.840.1.113883.10.20.1.16"/>
                    <templateId root="1.3.6.1.4.1.19376.1.5.3.1.3.25"/>
                    <templateId root="2.16.840.1.113883.3.88.11.83.119"/>
                    <templateId root="1.3.6.1.4.1.19376.1.5.3.1.1.5.3.2"/>
                    <code code="8716-3" codeSystem="2.16.840.1.113883.6.1" codeSystemName="LOINC"
                        displayName="Vital signs"/>
                    <title>Vital Signs</title>
                    <text>
                        <table>
                            <caption ID="Battery_6c4c27b7a5278f7ee14512" styleCode="bold"/>
                            <thead>
                                <tr>
                                    <th>Observation</th>
                                    <th>Value</th>
                                    <th>Reference Range</th>
                                    <th>Units</th>
                                    <th>Interpretation</th>
                                    <th>Notes</th>
                                </tr>
                            </thead>
                            <tbody>
                                <tr>
                                    <td ID="Observation_f44fe783f1dc2642d541bf">BODY HEIGHT
                                        (MEASURED)</td>
                                    <td>173.0</td>
                                    <td>No Information</td>
                                    <td/>
                                    <td>No Information</td>
                                    <td>No Information</td>
                                </tr>
                                <tr>
                                    <td ID="Observation_13417cb46f4b463f9207ff">BODY WEIGHT
                                        (MEASURED)</td>
                                    <td>70.0</td>
                                    <td>No Information</td>
                                    <td/>
                                    <td>No Information</td>
                                    <td>No Information</td>
                                </tr>
                                <tr>
                                    <td ID="Observation_3345d4b5eb91276b3a5e8c">BODY
                                        TEMPERATURE</td>
                                    <td>32.0</td>
                                    <td>No Information</td>
                                    <td/>
                                    <td>No Information</td>
                                    <td>No Information</td>
                                </tr>
                                <tr>
                                    <td ID="Observation_0449e89e5aaed3452dceb2">INTRAVASCULAR
                                        SYSTOLIC</td>
                                    <td>120.0</td>
                                    <td>No Information</td>
                                    <td>mm[Hg]</td>
                                    <td>No Information</td>
                                    <td>No Information</td>
                                </tr>
                                <tr>
                                    <td ID="Observation_0e4683b0a6ecea0957ec8a">INTRAVASCULAR
                                        DIASTOLIC</td>
                                    <td>80.0</td>
                                    <td>No Information</td>
                                    <td>mm[Hg]</td>
                                    <td>No Information</td>
                                    <td>No Information</td>
                                </tr>
                                <tr>
                                    <td ID="Observation_ba4f0ea566d486463bd06a">HEART BEAT</td>
                                    <td>150.0</td>
                                    <td>No Information</td>
                                    <td>/min</td>
                                    <td>No Information</td>
                                    <td>No Information</td>
                                </tr>
                                <tr>
                                    <td ID="Observation_ef47888ddb409c3e87b509">RESPIRATION
                                        RATE</td>
                                    <td>17.0</td>
                                    <td>No Information</td>
                                    <td>/min</td>
                                    <td>No Information</td>
                                    <td>No Information</td>
                                </tr>
                                <tr>
                                    <td ID="Observation_d7451488f52f7b404d739e">ELY-PEFR^PEAK
                                        EXPIRATION FLOW RATE^L</td>
                                    <td>93</td>
                                    <td>No Information</td>
                                    <td/>
                                    <td>No Information</td>
                                    <td>No Information</td>
                                </tr>
                                <tr>
                                    <td ID="Observation_214cbfbec7036357ec671b">BODY MASS INDEX</td>
                                    <td>23.4</td>
                                    <td>No Information</td>
                                    <td/>
                                    <td>No Information</td>
                                    <td>No Information</td>
                                </tr>
                            </tbody>
                        </table>
                        <table>
                            <caption ID="Battery_ed4a6295ceb4cb5e116299" styleCode="bold">Vital
                                Signs</caption>
                            <thead>
                                <tr>
                                    <th>Observation</th>
                                    <th>Value</th>
                                    <th>Reference Range</th>
                                    <th>Units</th>
                                    <th>Interpretation</th>
                                    <th>Notes</th>
                                </tr>
                            </thead>
                            <tbody>
                                <tr>
                                    <td ID="Observation_7544a5b7f9d2d014b42dc9">BODY HEIGHT
                                        (MEASURED)</td>
                                    <td>70.0</td>
                                    <td>No Information</td>
                                    <td>[in_us]</td>
                                    <td>No Information</td>
                                    <td>No Information</td>
                                </tr>
                                <tr>
                                    <td ID="Observation_4043919c5ac8298bf1be0f">BODY WEIGHT
                                        (MEASURED)</td>
                                    <td>150.0</td>
                                    <td>No Information</td>
                                    <td>[lb_av]</td>
                                    <td>No Information</td>
                                    <td>No Information</td>
                                </tr>
                                <tr>
                                    <td ID="Observation_a54ef48bbb12bb42c654c0">BODY
                                        TEMPERATURE</td>
                                    <td>98.5</td>
                                    <td>No Information</td>
                                    <td/>
                                    <td>No Information</td>
                                    <td>No Information</td>
                                </tr>
                                <tr>
                                    <td ID="Observation_ef46dfb181e465553c844f">INTRAVASCULAR
                                        SYSTOLIC</td>
                                    <td>120.0</td>
                                    <td>No Information</td>
                                    <td>mm[Hg]</td>
                                    <td>No Information</td>
                                    <td>No Information</td>
                                </tr>
                                <tr>
                                    <td ID="Observation_fb41a38ab291d5e61bedfa">INTRAVASCULAR
                                        DIASTOLIC</td>
                                    <td>60.0</td>
                                    <td>No Information</td>
                                    <td>mm[Hg]</td>
                                    <td>No Information</td>
                                    <td>No Information</td>
                                </tr>
                                <tr>
                                    <td ID="Observation_214aee8a755badd8dc610b">HEART BEAT</td>
                                    <td>65.0</td>
                                    <td>No Information</td>
                                    <td>/min</td>
                                    <td>No Information</td>
                                    <td>No Information</td>
                                </tr>
                                <tr>
                                    <td ID="Observation_2e45a297a2cec3e714f975">RESPIRATION
                                        RATE</td>
                                    <td>99.0</td>
                                    <td>No Information</td>
                                    <td>/min</td>
                                    <td>No Information</td>
                                    <td>No Information</td>
                                </tr>
                                <tr>
                                    <td ID="Observation_914c5c936dee9f4717de50">ELY-PEFR^PEAK
                                        EXPIRATION FLOW RATE^L</td>
                                    <td>100</td>
                                    <td>No Information</td>
                                    <td/>
                                    <td>No Information</td>
                                    <td>No Information</td>
                                </tr>
                                <tr>
                                    <td ID="Observation_134f239e4ef59c57bd64e2">BODY MASS INDEX</td>
                                    <td>21.5</td>
                                    <td>No Information</td>
                                    <td/>
                                    <td>No Information</td>
                                    <td>No Information</td>
                                </tr>
                            </tbody>
                        </table>
                        <table>
                            <caption ID="Battery_c545b68439fd31106e095d" styleCode="bold">Vital
                                Signs</caption>
                            <thead>
                                <tr>
                                    <th>Observation</th>
                                    <th>Value</th>
                                    <th>Reference Range</th>
                                    <th>Units</th>
                                    <th>Interpretation</th>
                                    <th>Notes</th>
                                </tr>
                            </thead>
                            <tbody>
                                <tr>
                                    <td ID="Observation_774a7e986686be3cb82b98">BODY HEIGHT
                                        (MEASURED)</td>
                                    <td>70.0</td>
                                    <td>No Information</td>
                                    <td>[in_us]</td>
                                    <td>No Information</td>
                                    <td>No Information</td>
                                </tr>
                                <tr>
                                    <td ID="Observation_bb4e4b81582ae95eb051fa">BODY WEIGHT
                                        (MEASURED)</td>
                                    <td>150.0</td>
                                    <td>No Information</td>
                                    <td>[lb_av]</td>
                                    <td>No Information</td>
                                    <td>No Information</td>
                                </tr>
                                <tr>
                                    <td ID="Observation_c745a68614383356e9f3a4">BODY
                                        TEMPERATURE</td>
                                    <td>98.5</td>
                                    <td>No Information</td>
                                    <td/>
                                    <td>No Information</td>
                                    <td>No Information</td>
                                </tr>
                                <tr>
                                    <td ID="Observation_344e419ff73e6310a6cdb8">INTRAVASCULAR
                                        SYSTOLIC</td>
                                    <td>120.0</td>
                                    <td>No Information</td>
                                    <td>mm[Hg]</td>
                                    <td>No Information</td>
                                    <td>No Information</td>
                                </tr>
                                <tr>
                                    <td ID="Observation_6544b4a892b437edeb3b28">INTRAVASCULAR
                                        DIASTOLIC</td>
                                    <td>60.0</td>
                                    <td>No Information</td>
                                    <td>mm[Hg]</td>
                                    <td>No Information</td>
                                    <td>No Information</td>
                                </tr>
                                <tr>
                                    <td ID="Observation_d44eeab4bd9db69e3f6543">HEART BEAT</td>
                                    <td>65.0</td>
                                    <td>No Information</td>
                                    <td>/min</td>
                                    <td>No Information</td>
                                    <td>No Information</td>
                                </tr>
                                <tr>
                                    <td ID="Observation_fb40508b6308c0e5fa80ea">RESPIRATION
                                        RATE</td>
                                    <td>99.0</td>
                                    <td>No Information</td>
                                    <td>/min</td>
                                    <td>No Information</td>
                                    <td>No Information</td>
                                </tr>
                                <tr>
                                    <td ID="Observation_ce475f9f81f96b0858a4d9">ELY-PEFR^PEAK
                                        EXPIRATION FLOW RATE^L</td>
                                    <td>100</td>
                                    <td>No Information</td>
                                    <td/>
                                    <td>No Information</td>
                                    <td>No Information</td>
                                </tr>
                                <tr>
                                    <td ID="Observation_a24e67b23be57027977aed">BODY MASS INDEX</td>
                                    <td>21.5</td>
                                    <td>No Information</td>
                                    <td/>
                                    <td>No Information</td>
                                    <td>No Information</td>
                                </tr>
                            </tbody>
                        </table>
                    </text>
                    
                    <entry>
                        <organizer classCode="BATTERY" moodCode="EVN">
                            <templateId root="2.16.840.1.113883.10.20.1.35"/>
                            <templateId root="1.3.6.1.4.1.19376.1.5.3.1.4.13.1"/>
                            <templateId root="2.16.840.1.113883.10.20.1.32"/>
                            <id root="0215fe40-6c64-497d-b9ec-d947baea32bb"/>
                            <code code="46680005" codeSystem="2.16.840.1.113883.6.96" codeSystemName="SNOMED CT" displayName="Vital signs"/>
                            <statusCode code="completed"/>
                            <effectiveTime value="201201241537-0800"/>
                            <component>
                                <procedure classCode="PROC" moodCode="EVN">
                                    <templateId root="2.16.840.1.113883.10.20.1.29"/>
                                    <templateId root="1.3.6.1.4.1.19376.1.5.3.1.4.19"/>
                                    <templateId root="2.16.840.1.113883.3.88.11.83.17"/>
                                    <id root="03a272af-a1d6-4e62-97da-36bc13c40d82"/>
                                    <code nullFlavor="NI">
                                        <originalText>
                                            <reference value="#Battery_344bd19818db7f7ae2663c"/>
                                        </originalText>
                                    </code>
                                    <text>
                                        <reference value="#Battery_344bd19818db7f7ae2663c"/>
                                    </text>
                                    <statusCode code="completed"/>
                                    <effectiveTime value="201201241537-0800"/>
                                    <priorityCode nullFlavor="NI"/>
                                    <participant typeCode="RESP" contextControlCode="OP">
                                        <participantRole>
                                            <playingEntity>
                                                <name>
                                                    <given>Doctor</given>
                                                    <family>Doom</family>
                                                </name>
                                            </playingEntity>
                                        </participantRole>
                                    </participant>
                                    <participant typeCode="ORG" contextControlCode="OP">
                                        <participantRole>
                                            <playingEntity>
                                                <name>Elysium</name>
                                            </playingEntity>
                                        </participantRole>
                                    </participant>
                                </procedure>
                            </component>
                            <component>
                                <observation classCode="OBS" moodCode="EVN">
                                    <templateId root="2.16.840.1.113883.10.20.1.31"/>
                                    <templateId root="1.3.6.1.4.1.19376.1.5.3.1.4.13"/>
                                    <templateId root="1.3.6.1.4.1.19376.1.5.3.1.4.13.2"/>
                                    <templateId root="2.16.840.1.113883.3.88.11.83.14"/>
                                    <id root="5db46319-e032-4e65-a43e-dc6e5ef0e54f"/>
                                    <code code="8302-2" codeSystem="2.16.840.1.113883.6.1" displayName="BODY HEIGHT (MEASURED)"/>
                                    <text>BODY HEIGHT (MEASURED)<reference value="#Observation_4f4c0eaea556ecba42ffd7"/>
                                    </text>
                                    <statusCode code="completed"/>
                                    <effectiveTime value="201201241537-0800"/>
                                    <value xsi:type="PQ" value="173" unit=".0"/>
                                </observation>
                            </component>
                            <component>
                                <observation classCode="OBS" moodCode="EVN">
                                    <templateId root="2.16.840.1.113883.10.20.1.31"/>
                                    <templateId root="1.3.6.1.4.1.19376.1.5.3.1.4.13"/>
                                    <templateId root="1.3.6.1.4.1.19376.1.5.3.1.4.13.2"/>
                                    <templateId root="2.16.840.1.113883.3.88.11.83.14"/>
                                    <id root="805c2e37-98cb-4354-b96d-799f290b1432"/>
                                    <code code="3141-9" codeSystem="2.16.840.1.113883.6.1" displayName="BODY WEIGHT (MEASURED)"/>
                                    <text>BODY WEIGHT (MEASURED)<reference value="#Observation_e743aa91ae3518edb85216"/>
                                    </text>
                                    <statusCode code="completed"/>
                                    <effectiveTime value="201201241537-0800"/>
                                    <value xsi:type="PQ" value="70" unit=".0"/>
                                </observation>
                            </component>
                            <component>
                                <observation classCode="OBS" moodCode="EVN">
                                    <templateId root="2.16.840.1.113883.10.20.1.31"/>
                                    <templateId root="1.3.6.1.4.1.19376.1.5.3.1.4.13"/>
                                    <templateId root="1.3.6.1.4.1.19376.1.5.3.1.4.13.2"/>
                                    <templateId root="2.16.840.1.113883.3.88.11.83.14"/>
                                    <id root="70caf299-7a42-4cd7-bccb-061e2e90cef8"/>
                                    <code code="8310-5" codeSystem="2.16.840.1.113883.6.1" displayName="BODY TEMPERATURE"/>
                                    <text>BODY TEMPERATURE<reference value="#Observation_ad41a5ae7e1d9d7fa66a92"/>
                                    </text>
                                    <statusCode code="completed"/>
                                    <effectiveTime value="201201241537-0800"/>
                                    <value xsi:type="PQ" value="32" unit=".0"/>
                                </observation>
                            </component>
                            <component>
                                <observation classCode="OBS" moodCode="EVN">
                                    <templateId root="2.16.840.1.113883.10.20.1.31"/>
                                    <templateId root="1.3.6.1.4.1.19376.1.5.3.1.4.13"/>
                                    <templateId root="1.3.6.1.4.1.19376.1.5.3.1.4.13.2"/>
                                    <templateId root="2.16.840.1.113883.3.88.11.83.14"/>
                                    <id root="f19b9d35-3054-4653-9b1e-1b50b46f4409"/>
                                    <code code="8480-6" codeSystem="2.16.840.1.113883.6.1" displayName="INTRAVASCULAR SYSTOLIC"/>
                                    <text>INTRAVASCULAR SYSTOLIC<reference value="#Observation_be4baab4c34fcffde785e3"/>
                                    </text>
                                    <statusCode code="completed"/>
                                    <effectiveTime value="201201241537-0800"/>
                                    <value xsi:type="PQ" value="120.0" unit="mm[Hg]"/>
                                </observation>
                            </component>
                            <component>
                                <observation classCode="OBS" moodCode="EVN">
                                    <templateId root="2.16.840.1.113883.10.20.1.31"/>
                                    <templateId root="1.3.6.1.4.1.19376.1.5.3.1.4.13"/>
                                    <templateId root="1.3.6.1.4.1.19376.1.5.3.1.4.13.2"/>
                                    <templateId root="2.16.840.1.113883.3.88.11.83.14"/>
                                    <id root="a03456fc-0b62-4018-9bd2-69656750f653"/>
                                    <code code="8462-4" codeSystem="2.16.840.1.113883.6.1" displayName="INTRAVASCULAR DIASTOLIC"/>
                                    <text>INTRAVASCULAR DIASTOLIC<reference value="#Observation_78497895d2ee2ac57595bb"/>
                                    </text>
                                    <statusCode code="completed"/>
                                    <effectiveTime value="201201241537-0800"/>
                                    <value xsi:type="PQ" value="80.0" unit="mm[Hg]"/>
                                </observation>
                            </component>
                            <component>
                                <observation classCode="OBS" moodCode="EVN">
                                    <templateId root="2.16.840.1.113883.10.20.1.31"/>
                                    <templateId root="1.3.6.1.4.1.19376.1.5.3.1.4.13"/>
                                    <templateId root="1.3.6.1.4.1.19376.1.5.3.1.4.13.2"/>
                                    <templateId root="2.16.840.1.113883.3.88.11.83.14"/>
                                    <id root="8a21b379-92e2-4e0f-a3ab-1b1b70a0d4d3"/>
                                    <code code="8867-4" codeSystem="2.16.840.1.113883.6.1" displayName="HEART BEAT"/>
                                    <text>HEART BEAT<reference value="#Observation_1342bb84600b52c211e0c1"/>
                                    </text>
                                    <statusCode code="completed"/>
                                    <effectiveTime value="201201241537-0800"/>
                                    <value xsi:type="PQ" value="150.0" unit="/min"/>
                                </observation>
                            </component>
                            <component>
                                <observation classCode="OBS" moodCode="EVN">
                                    <templateId root="2.16.840.1.113883.10.20.1.31"/>
                                    <templateId root="1.3.6.1.4.1.19376.1.5.3.1.4.13"/>
                                    <templateId root="1.3.6.1.4.1.19376.1.5.3.1.4.13.2"/>
                                    <templateId root="2.16.840.1.113883.3.88.11.83.14"/>
                                    <id root="07c2b9a7-b6d8-4c11-90d8-ff906ef862d0"/>
                                    <code code="9279-1" codeSystem="2.16.840.1.113883.6.1" displayName="RESPIRATION RATE"/>
                                    <text>RESPIRATION RATE<reference value="#Observation_4747009c43384f840c1e26"/>
                                    </text>
                                    <statusCode code="completed"/>
                                    <effectiveTime value="201201241537-0800"/>
                                    <value xsi:type="PQ" value="17.0" unit="/min"/>
                                </observation>
                            </component>
                            <component>
                                <observation classCode="OBS" moodCode="EVN">
                                    <templateId root="2.16.840.1.113883.10.20.1.31"/>
                                    <templateId root="1.3.6.1.4.1.19376.1.5.3.1.4.13"/>
                                    <templateId root="1.3.6.1.4.1.19376.1.5.3.1.4.13.2"/>
                                    <templateId root="2.16.840.1.113883.3.88.11.83.14"/>
                                    <id root="23cec0af-8ff1-4400-adfc-5cb2745613fe"/>
                                    <code nullFlavor="NI">
                                        <originalText>ELY-PEFR^PEAK EXPIRATION FLOW RATE^L</originalText>
                                    </code>
                                    <text>ELY-PEFR^PEAK EXPIRATION FLOW RATE^L</text>
                                    <statusCode code="completed"/>
                                    <effectiveTime value="201201241537-0800"/>
                                    <value xsi:type="PQ" value="9" unit="3"/>
                                </observation>
                            </component>
                            <component>
                                <observation classCode="OBS" moodCode="EVN">
                                    <templateId root="2.16.840.1.113883.10.20.1.31"/>
                                    <templateId root="1.3.6.1.4.1.19376.1.5.3.1.4.13"/>
                                    <templateId root="1.3.6.1.4.1.19376.1.5.3.1.4.13.2"/>
                                    <templateId root="2.16.840.1.113883.3.88.11.83.14"/>
                                    <id root="1c510011-210b-421b-a279-da0147da3469"/>
                                    <code code="41909-3" codeSystem="2.16.840.1.113883.6.1" displayName="BODY MASS INDEX"/>
                                    <text>BODY MASS INDEX<reference value="#Observation_314819906247b9b932a427"/>
                                    </text>
                                    <statusCode code="completed"/>
                                    <effectiveTime value="201201241537-0800"/>
                                    <value xsi:type="PQ" value="23" unit=".4"/>
                                </observation>
                            </component>
                        </organizer>
                    </entry>
                    <entry>
                        <organizer classCode="BATTERY" moodCode="EVN">
                            <templateId root="2.16.840.1.113883.10.20.1.35"/>
                            <templateId root="1.3.6.1.4.1.19376.1.5.3.1.4.13.1"/>
                            <templateId root="2.16.840.1.113883.10.20.1.32"/>
                            <id root="782c3558-4379-4276-acba-a67a3bf55f1e"/>
                            <code code="46680005" codeSystem="2.16.840.1.113883.6.96" codeSystemName="SNOMED CT" displayName="Vital signs"/>
                            <statusCode code="completed"/>
                            <effectiveTime value="201106061134-0800"/>
                            <component>
                                <procedure classCode="PROC" moodCode="EVN">
                                    <templateId root="2.16.840.1.113883.10.20.1.29"/>
                                    <templateId root="1.3.6.1.4.1.19376.1.5.3.1.4.19"/>
                                    <templateId root="2.16.840.1.113883.3.88.11.83.17"/>
                                    <id root="aad1b118-656d-465b-9af6-954958484fd5"/>
                                    <code nullFlavor="NI">
                                        <originalText>Vital Signs<reference value="#Battery_5f42189eabad40f3e63ac2"/>
                                        </originalText>
                                    </code>
                                    <text>Vital Signs<reference value="#Battery_5f42189eabad40f3e63ac2"/>
                                    </text>
                                    <statusCode code="completed"/>
                                    <effectiveTime value="201106061134-0800"/>
                                    <priorityCode nullFlavor="NI"/>
                                    <participant typeCode="RESP" contextControlCode="OP">
                                        <participantRole>
                                            <playingEntity>
                                                <name>
                                                    <given>Doctor</given>
                                                    <family>Doom</family>
                                                </name>
                                            </playingEntity>
                                        </participantRole>
                                    </participant>
                                    <participant typeCode="ORG" contextControlCode="OP">
                                        <participantRole>
                                            <playingEntity>
                                                <name>AOMC</name>
                                            </playingEntity>
                                        </participantRole>
                                    </participant>
                                </procedure>
                            </component>
                            <component>
                                <observation classCode="OBS" moodCode="EVN">
                                    <templateId root="2.16.840.1.113883.10.20.1.31"/>
                                    <templateId root="1.3.6.1.4.1.19376.1.5.3.1.4.13"/>
                                    <templateId root="1.3.6.1.4.1.19376.1.5.3.1.4.13.2"/>
                                    <templateId root="2.16.840.1.113883.3.88.11.83.14"/>
                                    <id root="1baba9e0-4a15-4d5d-b3d6-fb65a74a8aac"/>
                                    <code code="8302-2" codeSystem="2.16.840.1.113883.6.1" displayName="BODY HEIGHT (MEASURED)"/>
                                    <text>BODY HEIGHT (MEASURED)<reference value="#Observation_ab408a980d792b8799e7c7"/>
                                    </text>
                                    <statusCode code="completed"/>
                                    <effectiveTime value="201106061134-0800"/>
                                    <value xsi:type="PQ" value="70.0" unit="[in_us]"/>
                                </observation>
                            </component>
                            <component>
                                <observation classCode="OBS" moodCode="EVN">
                                    <templateId root="2.16.840.1.113883.10.20.1.31"/>
                                    <templateId root="1.3.6.1.4.1.19376.1.5.3.1.4.13"/>
                                    <templateId root="1.3.6.1.4.1.19376.1.5.3.1.4.13.2"/>
                                    <templateId root="2.16.840.1.113883.3.88.11.83.14"/>
                                    <id root="b757f67e-5d07-454f-8eb7-f2410e6a1a26"/>
                                    <code code="3141-9" codeSystem="2.16.840.1.113883.6.1" displayName="BODY WEIGHT (MEASURED)"/>
                                    <text>BODY WEIGHT (MEASURED)<reference value="#Observation_1342e2bc7772f2c8bd0d47"/>
                                    </text>
                                    <statusCode code="completed"/>
                                    <effectiveTime value="201106061134-0800"/>
                                    <value xsi:type="PQ" value="150.0" unit="[lb_av]"/>
                                </observation>
                            </component>
                            <component>
                                <observation classCode="OBS" moodCode="EVN">
                                    <templateId root="2.16.840.1.113883.10.20.1.31"/>
                                    <templateId root="1.3.6.1.4.1.19376.1.5.3.1.4.13"/>
                                    <templateId root="1.3.6.1.4.1.19376.1.5.3.1.4.13.2"/>
                                    <templateId root="2.16.840.1.113883.3.88.11.83.14"/>
                                    <id root="8080a10e-f018-42b1-9fa2-b89e37de5f77"/>
                                    <code code="8310-5" codeSystem="2.16.840.1.113883.6.1" displayName="BODY TEMPERATURE"/>
                                    <text>BODY TEMPERATURE<reference value="#Observation_2d47c8bfafa69a6a4d3d2f"/>
                                    </text>
                                    <statusCode code="completed"/>
                                    <effectiveTime value="201106061134-0800"/>
                                    <value xsi:type="PQ" value="98" unit=".5"/>
                                </observation>
                            </component>
                            <component>
                                <observation classCode="OBS" moodCode="EVN">
                                    <templateId root="2.16.840.1.113883.10.20.1.31"/>
                                    <templateId root="1.3.6.1.4.1.19376.1.5.3.1.4.13"/>
                                    <templateId root="1.3.6.1.4.1.19376.1.5.3.1.4.13.2"/>
                                    <templateId root="2.16.840.1.113883.3.88.11.83.14"/>
                                    <id root="2fd4025f-9e8b-493f-be16-d39196d1b0b7"/>
                                    <code code="8480-6" codeSystem="2.16.840.1.113883.6.1" displayName="INTRAVASCULAR SYSTOLIC"/>
                                    <text>INTRAVASCULAR SYSTOLIC<reference value="#Observation_c04d9985ff18661d4abad0"/>
                                    </text>
                                    <statusCode code="completed"/>
                                    <effectiveTime value="201106061134-0800"/>
                                    <value xsi:type="PQ" value="120.0" unit="mm[Hg]"/>
                                </observation>
                            </component>
                            <component>
                                <observation classCode="OBS" moodCode="EVN">
                                    <templateId root="2.16.840.1.113883.10.20.1.31"/>
                                    <templateId root="1.3.6.1.4.1.19376.1.5.3.1.4.13"/>
                                    <templateId root="1.3.6.1.4.1.19376.1.5.3.1.4.13.2"/>
                                    <templateId root="2.16.840.1.113883.3.88.11.83.14"/>
                                    <id root="650896bd-c383-49ab-8146-7688b209b872"/>
                                    <code code="8462-4" codeSystem="2.16.840.1.113883.6.1" displayName="INTRAVASCULAR DIASTOLIC"/>
                                    <text>INTRAVASCULAR DIASTOLIC<reference value="#Observation_f64592b470944f95d9c0d3"/>
                                    </text>
                                    <statusCode code="completed"/>
                                    <effectiveTime value="201106061134-0800"/>
                                    <value xsi:type="PQ" value="60.0" unit="mm[Hg]"/>
                                </observation>
                            </component>
                            <component>
                                <observation classCode="OBS" moodCode="EVN">
                                    <templateId root="2.16.840.1.113883.10.20.1.31"/>
                                    <templateId root="1.3.6.1.4.1.19376.1.5.3.1.4.13"/>
                                    <templateId root="1.3.6.1.4.1.19376.1.5.3.1.4.13.2"/>
                                    <templateId root="2.16.840.1.113883.3.88.11.83.14"/>
                                    <id root="95db751c-46ab-4bdb-975b-c28493859687"/>
                                    <code code="8867-4" codeSystem="2.16.840.1.113883.6.1" displayName="HEART BEAT"/>
                                    <text>HEART BEAT<reference value="#Observation_9d420dad97988ae93f40f8"/>
                                    </text>
                                    <statusCode code="completed"/>
                                    <effectiveTime value="201106061134-0800"/>
                                    <value xsi:type="PQ" value="65.0" unit="/min"/>
                                </observation>
                            </component>
                            <component>
                                <observation classCode="OBS" moodCode="EVN">
                                    <templateId root="2.16.840.1.113883.10.20.1.31"/>
                                    <templateId root="1.3.6.1.4.1.19376.1.5.3.1.4.13"/>
                                    <templateId root="1.3.6.1.4.1.19376.1.5.3.1.4.13.2"/>
                                    <templateId root="2.16.840.1.113883.3.88.11.83.14"/>
                                    <id root="904abf1d-fc14-42ce-8a39-40f0591623f8"/>
                                    <code code="9279-1" codeSystem="2.16.840.1.113883.6.1" displayName="RESPIRATION RATE"/>
                                    <text>RESPIRATION RATE<reference value="#Observation_2842b8bc0ebfddc7196bf0"/>
                                    </text>
                                    <statusCode code="completed"/>
                                    <effectiveTime value="201106061134-0800"/>
                                    <value xsi:type="PQ" value="99.0" unit="/min"/>
                                </observation>
                            </component>
                            <component>
                                <observation classCode="OBS" moodCode="EVN">
                                    <templateId root="2.16.840.1.113883.10.20.1.31"/>
                                    <templateId root="1.3.6.1.4.1.19376.1.5.3.1.4.13"/>
                                    <templateId root="1.3.6.1.4.1.19376.1.5.3.1.4.13.2"/>
                                    <templateId root="2.16.840.1.113883.3.88.11.83.14"/>
                                    <id root="d105626c-6c73-4c84-a351-b9ca8e3f5ba3"/>
                                    <code nullFlavor="NI">
                                        <originalText>ELY-PEFR^PEAK EXPIRATION FLOW RATE^L</originalText>
                                    </code>
                                    <text>ELY-PEFR^PEAK EXPIRATION FLOW RATE^L</text>
                                    <statusCode code="completed"/>
                                    <effectiveTime value="201106061134-0800"/>
                                    <value xsi:type="PQ" value="10" unit="0"/>
                                </observation>
                            </component>
                            <component>
                                <observation classCode="OBS" moodCode="EVN">
                                    <templateId root="2.16.840.1.113883.10.20.1.31"/>
                                    <templateId root="1.3.6.1.4.1.19376.1.5.3.1.4.13"/>
                                    <templateId root="1.3.6.1.4.1.19376.1.5.3.1.4.13.2"/>
                                    <templateId root="2.16.840.1.113883.3.88.11.83.14"/>
                                    <id root="90cf80c9-27aa-4a51-85d4-b918f15ae0ad"/>
                                    <code code="41909-3" codeSystem="2.16.840.1.113883.6.1" displayName="BODY MASS INDEX"/>
                                    <text>BODY MASS INDEX<reference value="#Observation_31473faf7377059acb8b8b"/>
                                    </text>
                                    <statusCode code="completed"/>
                                    <effectiveTime value="201106061134-0800"/>
                                    <value xsi:type="PQ" value="21" unit=".5"/>
                                </observation>
                            </component>
                        </organizer>
                    </entry>
                    <entry>
                        <organizer classCode="BATTERY" moodCode="EVN">
                            <templateId root="2.16.840.1.113883.10.20.1.35"/>
                            <templateId root="1.3.6.1.4.1.19376.1.5.3.1.4.13.1"/>
                            <templateId root="2.16.840.1.113883.10.20.1.32"/>
                            <id root="5e6b080a-03a9-42b4-8815-9a472620bf33"/>
                            <code code="46680005" codeSystem="2.16.840.1.113883.6.96" codeSystemName="SNOMED CT" displayName="Vital signs"/>
                            <statusCode code="completed"/>
                            <effectiveTime value="201106061134-0800"/>
                            <component>
                                <procedure classCode="PROC" moodCode="EVN">
                                    <templateId root="2.16.840.1.113883.10.20.1.29"/>
                                    <templateId root="1.3.6.1.4.1.19376.1.5.3.1.4.19"/>
                                    <templateId root="2.16.840.1.113883.3.88.11.83.17"/>
                                    <id root="219d8535-5206-41cf-9bf8-db22e85a414e"/>
                                    <code nullFlavor="NI">
                                        <originalText>Vital Signs<reference value="#Battery_8c4a7c9e10efd5dce2a6f7"/>
                                        </originalText>
                                    </code>
                                    <text>Vital Signs<reference value="#Battery_8c4a7c9e10efd5dce2a6f7"/>
                                    </text>
                                    <statusCode code="completed"/>
                                    <effectiveTime value="201106061134-0800"/>
                                    <priorityCode nullFlavor="NI"/>
                                    <participant typeCode="RESP" contextControlCode="OP">
                                        <participantRole>
                                            <playingEntity>
                                                <name>
                                                    <given>Doctor</given>
                                                    <family>Doom</family>
                                                </name>
                                            </playingEntity>
                                        </participantRole>
                                    </participant>
                                    <participant typeCode="ORG" contextControlCode="OP">
                                        <participantRole>
                                            <playingEntity>
                                                <name>AOMC</name>
                                            </playingEntity>
                                        </participantRole>
                                    </participant>
                                </procedure>
                            </component>
                            <component>
                                <observation classCode="OBS" moodCode="EVN">
                                    <templateId root="2.16.840.1.113883.10.20.1.31"/>
                                    <templateId root="1.3.6.1.4.1.19376.1.5.3.1.4.13"/>
                                    <templateId root="1.3.6.1.4.1.19376.1.5.3.1.4.13.2"/>
                                    <templateId root="2.16.840.1.113883.3.88.11.83.14"/>
                                    <id root="5cc76264-72e8-4fc9-bca8-1b3d87fbddc0"/>
                                    <code code="8302-2" codeSystem="2.16.840.1.113883.6.1" displayName="BODY HEIGHT (MEASURED)"/>
                                    <text>BODY HEIGHT (MEASURED)<reference value="#Observation_8a4048a5078f6b1c58943f"/>
                                    </text>
                                    <statusCode code="completed"/>
                                    <effectiveTime value="201106061134-0800"/>
                                    <value xsi:type="PQ" value="70.0" unit="[in_us]"/>
                                </observation>
                            </component>
                            <component>
                                <observation classCode="OBS" moodCode="EVN">
                                    <templateId root="2.16.840.1.113883.10.20.1.31"/>
                                    <templateId root="1.3.6.1.4.1.19376.1.5.3.1.4.13"/>
                                    <templateId root="1.3.6.1.4.1.19376.1.5.3.1.4.13.2"/>
                                    <templateId root="2.16.840.1.113883.3.88.11.83.14"/>
                                    <id root="ce24389d-6af5-4f4f-98fe-db4924422d3b"/>
                                    <code code="3141-9" codeSystem="2.16.840.1.113883.6.1" displayName="BODY WEIGHT (MEASURED)"/>
                                    <text>BODY WEIGHT (MEASURED)<reference value="#Observation_814f5b8cee3a5aa7386407"/>
                                    </text>
                                    <statusCode code="completed"/>
                                    <effectiveTime value="201106061134-0800"/>
                                    <value xsi:type="PQ" value="150.0" unit="[lb_av]"/>
                                </observation>
                            </component>
                            <component>
                                <observation classCode="OBS" moodCode="EVN">
                                    <templateId root="2.16.840.1.113883.10.20.1.31"/>
                                    <templateId root="1.3.6.1.4.1.19376.1.5.3.1.4.13"/>
                                    <templateId root="1.3.6.1.4.1.19376.1.5.3.1.4.13.2"/>
                                    <templateId root="2.16.840.1.113883.3.88.11.83.14"/>
                                    <id root="535068e4-fbc7-4f3b-896b-352f939afcdf"/>
                                    <code code="8310-5" codeSystem="2.16.840.1.113883.6.1" displayName="BODY TEMPERATURE"/>
                                    <text>BODY TEMPERATURE<reference value="#Observation_084750bae68e1ef6b5b826"/>
                                    </text>
                                    <statusCode code="completed"/>
                                    <effectiveTime value="201106061134-0800"/>
                                    <value xsi:type="PQ" value="98" unit=".5"/>
                                </observation>
                            </component>
                            <component>
                                <observation classCode="OBS" moodCode="EVN">
                                    <templateId root="2.16.840.1.113883.10.20.1.31"/>
                                    <templateId root="1.3.6.1.4.1.19376.1.5.3.1.4.13"/>
                                    <templateId root="1.3.6.1.4.1.19376.1.5.3.1.4.13.2"/>
                                    <templateId root="2.16.840.1.113883.3.88.11.83.14"/>
                                    <id root="fa3bccf1-32a4-453e-b509-5e983c056438"/>
                                    <code code="8480-6" codeSystem="2.16.840.1.113883.6.1" displayName="INTRAVASCULAR SYSTOLIC"/>
                                    <text>INTRAVASCULAR SYSTOLIC<reference value="#Observation_75431bbd78c5b13e07d252"/>
                                    </text>
                                    <statusCode code="completed"/>
                                    <effectiveTime value="201106061134-0800"/>
                                    <value xsi:type="PQ" value="120.0" unit="mm[Hg]"/>
                                </observation>
                            </component>
                            <component>
                                <observation classCode="OBS" moodCode="EVN">
                                    <templateId root="2.16.840.1.113883.10.20.1.31"/>
                                    <templateId root="1.3.6.1.4.1.19376.1.5.3.1.4.13"/>
                                    <templateId root="1.3.6.1.4.1.19376.1.5.3.1.4.13.2"/>
                                    <templateId root="2.16.840.1.113883.3.88.11.83.14"/>
                                    <id root="132b8d59-073c-456a-b3be-b0f54ae95a75"/>
                                    <code code="8462-4" codeSystem="2.16.840.1.113883.6.1" displayName="INTRAVASCULAR DIASTOLIC"/>
                                    <text>INTRAVASCULAR DIASTOLIC<reference value="#Observation_cf4d5c9d1f06845f71476a"/>
                                    </text>
                                    <statusCode code="completed"/>
                                    <effectiveTime value="201106061134-0800"/>
                                    <value xsi:type="PQ" value="60.0" unit="mm[Hg]"/>
                                </observation>
                            </component>
                            <component>
                                <observation classCode="OBS" moodCode="EVN">
                                    <templateId root="2.16.840.1.113883.10.20.1.31"/>
                                    <templateId root="1.3.6.1.4.1.19376.1.5.3.1.4.13"/>
                                    <templateId root="1.3.6.1.4.1.19376.1.5.3.1.4.13.2"/>
                                    <templateId root="2.16.840.1.113883.3.88.11.83.14"/>
                                    <id root="4f697a6b-9088-47bf-bd12-90081803a99c"/>
                                    <code code="8867-4" codeSystem="2.16.840.1.113883.6.1" displayName="HEART BEAT"/>
                                    <text>HEART BEAT<reference value="#Observation_dd4020994140f937a500e0"/>
                                    </text>
                                    <statusCode code="completed"/>
                                    <effectiveTime value="201106061134-0800"/>
                                    <value xsi:type="PQ" value="65.0" unit="/min"/>
                                </observation>
                            </component>
                            <component>
                                <observation classCode="OBS" moodCode="EVN">
                                    <templateId root="2.16.840.1.113883.10.20.1.31"/>
                                    <templateId root="1.3.6.1.4.1.19376.1.5.3.1.4.13"/>
                                    <templateId root="1.3.6.1.4.1.19376.1.5.3.1.4.13.2"/>
                                    <templateId root="2.16.840.1.113883.3.88.11.83.14"/>
                                    <id root="54f6f81e-0463-43f0-bcab-80d5eb50962b"/>
                                    <code code="9279-1" codeSystem="2.16.840.1.113883.6.1" displayName="RESPIRATION RATE"/>
                                    <text>RESPIRATION RATE<reference value="#Observation_2b4837b509d775ca8f900b"/>
                                    </text>
                                    <statusCode code="completed"/>
                                    <effectiveTime value="201106061134-0800"/>
                                    <value xsi:type="PQ" value="99.0" unit="/min"/>
                                </observation>
                            </component>
                            <component>
                                <observation classCode="OBS" moodCode="EVN">
                                    <templateId root="2.16.840.1.113883.10.20.1.31"/>
                                    <templateId root="1.3.6.1.4.1.19376.1.5.3.1.4.13"/>
                                    <templateId root="1.3.6.1.4.1.19376.1.5.3.1.4.13.2"/>
                                    <templateId root="2.16.840.1.113883.3.88.11.83.14"/>
                                    <id root="1cb49668-87db-42dd-b86b-db548153e3ab"/>
                                    <code nullFlavor="NI">
                                        <originalText>ELY-PEFR^PEAK EXPIRATION FLOW RATE^L</originalText>
                                    </code>
                                    <text>ELY-PEFR^PEAK EXPIRATION FLOW RATE^L</text>
                                    <statusCode code="completed"/>
                                    <effectiveTime value="201106061134-0800"/>
                                    <value xsi:type="PQ" value="10" unit="0"/>
                                </observation>
                            </component>
                            <component>
                                <observation classCode="OBS" moodCode="EVN">
                                    <templateId root="2.16.840.1.113883.10.20.1.31"/>
                                    <templateId root="1.3.6.1.4.1.19376.1.5.3.1.4.13"/>
                                    <templateId root="1.3.6.1.4.1.19376.1.5.3.1.4.13.2"/>
                                    <templateId root="2.16.840.1.113883.3.88.11.83.14"/>
                                    <id root="eaa2b910-8f6f-4a05-957a-642100ab6d18"/>
                                    <code code="41909-3" codeSystem="2.16.840.1.113883.6.1" displayName="BODY MASS INDEX"/>
                                    <text>BODY MASS INDEX<reference value="#Observation_5b485eb6e5d67588df6585"/>
                                    </text>
                                    <statusCode code="completed"/>
                                    <effectiveTime value="201106061134-0800"/>
                                    <value xsi:type="PQ" value="21" unit=".5"/>
                                </observation>
                            </component>
                        </organizer>
                    </entry>
                </section>
            </component>
        </structuredBody>
    </component>
            <component>
                <section>
                    <templateId root="2.16.840.1.113883.10.20.1.8"/>
                    <templateId root="2.16.840.1.113883.3.88.11.83.112"/>
                    <templateId root="1.3.6.1.4.1.19376.1.5.3.1.3.19"/>
                    <id root="d9e6c1e3-8e5b-44b0-b4ab-ad72196a1eca"/>
                    <code code="10160-0" codeSystem="2.16.840.1.113883.6.1" codeSystemName="LOINC" displayName="History of medication use"/>
                    <title>Medications</title>
                    <text>
                        <table>
                            <thead>
                                <tr>
                                    <th>Original Text</th>
                                    <th>Start Date</th>
                                    <th>End Date</th>
                                    <th>Status</th>
                                </tr>
                            </thead>
                            <tbody>
                                <tr>
                                    <td>
                                        <content ID="Medtext_5e40fd8731fb0d8db7c2d0">Aspirin Tab Delayed Release 325 MG</content>
                                    </td>
                                    <td>Nov 10 2010</td>
                                    <td>No information in source data</td>
                                    <td>No information in source data</td>
                                </tr>
                            </tbody>
                        </table>
                    </text>
                    <entry typeCode="DRIV">
                        <substanceAdministration classCode="SBADM" moodCode="EVN">
                            <templateId root="1.3.6.1.4.1.19376.1.5.3.1.4.7"/>
                            <templateId root="1.3.6.1.4.1.19376.1.5.3.1.4.7.1"/>
                            <templateId root="2.16.840.1.113883.3.88.11.83.8"/>
                            <templateId root="2.16.840.1.113883.10.20.1.24"/>
                            <id root="18ad6538-9655-41c6-8f1f-fdd205a97c19"/>
                            <text>1TQ4HP</text>
                            <statusCode code="completed"/>
                            <effectiveTime xsi:type="IVL_TS">
                                <low value="20101110"/>
                            </effectiveTime>
                            <consumable>
                                <manufacturedProduct classCode="MANU">
                                    <templateId root="2.16.840.1.113883.10.20.1.53"/>
                                    <templateId root="1.3.6.1.4.1.19376.1.5.3.1.4.7.2"/>
                                    <templateId root="2.16.840.1.113883.3.88.11.83.8.2"/>
                                    <manufacturedMaterial>
                                        <code code="198467" codeSystem="2.16.840.1.113883.6.88" codeSystemName="RxNorm" displayName="Aspirin 325 MG Enteric Coated Tablet">
                                            <originalText>Aspirin Tab Delayed Release 325 MG<reference value="#Medtext_5e40fd8731fb0d8db7c2d0"/>
                                            </originalText>
                                        </code>
                                        <name>Aspirin</name>
                                    </manufacturedMaterial>
                                </manufacturedProduct>
                            </consumable>
                            <entryRelationship typeCode="REFR">
                                <supply classCode="SPLY" moodCode="INT">
                                    <author>
                                        <time nullFlavor="NI"/>
                                        <assignedAuthor classCode="ASSIGNED">
                                            <id root="1.3.6.1.4.1.29148" extension="DKCIKCIGIFD"/>
                                            <addr nullFlavor="NI"/>
                                            <telecom nullFlavor="NI"/>
                                            <assignedPerson>
                                                <name>
                                                    <given>Doctor</given>
                                                    <family>Doom</family>
                                                </name>
                                            </assignedPerson>
                                        </assignedAuthor>
                                    </author>
                                </supply>
                            </entryRelationship>
                        </substanceAdministration>
                    </entry>
                </section>
            </component>
            <component> 
                <section>
                    <templateId root="2.16.840.1.113883.3.88.11.83.127" assigningAuthorityName="HITSP/C83"/>
                    <templateId root="1.3.6.1.4.1.19376.1.5.3.1.1.5.3.3" assigningAuthorityName="IHE PCC"/>
                    <templateId root="2.16.840.1.113883.10.20.1.3" assigningAuthorityName="HL7 CCD"/>
                    <code code="46240-8" codeSystem="2.16.840.1.113883.6.1" codeSystemName="LOINC" displayName="History of encounters"/>
                    <title>Encounters</title>
                    <text>
                        <table border="1" width="100%">
                            <thead>
                                <tr>
                                    <th>Description</th>
                                    <th>Codes</th>
                                    <th>Time</th>
                                </tr>
                            </thead>
                            <tbody>
                                <tr>
                                    <td ID="encounters-desc-2">Encounter Office and Outpatient Consult</td>
                                    <td ID="encounters-code-2">CPT: 99241</td>
                                    <td>November 10th, 2010 00:00</td>
                                </tr>
                                <tr>
                                    <td ID="encounters-desc-8">Encounter Office and Outpatient Consult</td>
                                    <td ID="encounters-code-8">CPT: 99241</td>
                                    <td>April 1st, 2010 00:00</td>
                                </tr>
                            </tbody>
                        </table>
                    </text>
                    <entry typeCode="DRIV">
                        <encounter classCode="ENC" moodCode="EVN">
                            <templateId root="2.16.840.1.113883.3.88.11.83.16" assigningAuthorityName="HITSP C83"/>
                            <templateId root="2.16.840.1.113883.10.20.1.21" assigningAuthorityName="CCD"/>
                            <templateId root="1.3.6.1.4.1.19376.1.5.3.1.4.14" assigningAuthorityName="IHE PCC"/>
                            <!-- Encounter activity template -->
                            <id root="f1634260-bc9a-012e-dfde-001f5b35af7c"/>
                            <code code="99241" codeSystem="2.16.840.1.113883.6.12"><originalText>Encounter Office and Outpatient Consult</originalText></code>
                            <text>The patient was very nice.
                                <reference value="#encounters-desc-2"/>
                            </text>
                            <effectiveTime value="20120910050000"/>
                        </encounter>
                    </entry>
                    <entry typeCode="DRIV">
                        <encounter classCode="ENC" moodCode="EVN">
                            <templateId root="2.16.840.1.113883.3.88.11.83.16" assigningAuthorityName="HITSP C83"/>
                            <templateId root="2.16.840.1.113883.10.20.1.21" assigningAuthorityName="CCD"/>
                            <templateId root="1.3.6.1.4.1.19376.1.5.3.1.4.14" assigningAuthorityName="IHE PCC"/>
                            <!-- Encounter activity template -->
                            <id root="f1635340-bc9a-012e-dfde-001f5b35af7c"/>
                            <code code="99241" codeSystem="2.16.840.1.113883.6.12"><originalText>Encounter Office and Outpatient Consult</originalText></code>
                            <text>The patient was very ornery.
                                <reference value="#encounters-desc-8"/>
                            </text>
                            <effectiveTime value="20120401040000"/>
                        </encounter>
                    </entry>
                </section>
            </component>
            <component>
                <section>
                    <templateId root="2.16.840.1.113883.3.88.11.83.103"/>
                    <templateId root="1.3.6.1.4.1.19376.1.5.3.1.3.6"/>
                    <templateId root="2.16.840.1.113883.10.20.1.11"/>
                    <id nullFlavor="NI"/>
                    <code code="11450-4" codeSystem="2.16.840.1.113883.6.1" codeSystemName="LOINC" displayName="Problem list"/>
                    <title>Problems List Section</title>
                    <text>
                        <table>
                            <thead>
                                <tr>
                                    <th>Condition</th>
                                    <th>Start Date</th>
                                    <th>End Date</th>
                                    <th>Status</th>
                                </tr>
                            </thead>
                            <tbody>
                                <tr>
                                    <td ID="Condition_d5466aa30018599c84c5cf">Hornet/wasp/bee sting</td>
                                    <td>May 12 2011</td>
                                    <td>No information in source data</td>
                                    <td>Active</td>
                                </tr>
                                <tr>
                                    <td ID="Condition_29482ba63888b52a1eff88">Spacecraft acc-occupant</td>
                                    <td>Jun 20 2012</td>
                                    <td>No Information</td>
                                    <td>Active</td>
                                </tr>
                                <tr>
                                    <td ID="Condition_c340878d3ea465119361d5">War injury:lasers</td>
                                    <td>Jun 20 2012</td>
                                    <td>No Information</td>
                                    <td>Active</td>
                                </tr>
                                <tr>
                                    <td ID="Condition_18491c9ff5e4ad111505f3">Benign hypertension</td>
                                    <td>Jun 20 2012</td>
                                    <td>No Information</td>
                                    <td>Resolved</td>
                                </tr>
                                <tr>
                                    <td ID="Condition_4b4676a6ee5cafcd2faf3a">Cosmetic dermatitis</td>
                                    <td>May 20 2012</td>
                                    <td>No Information</td>
                                    <td>Inactive</td>
                                </tr>
                                <tr>
                                    <td ID="Condition_3348d3a242080500584090">Part arterial occlusion</td>
                                    <td>Sep 20 2012</td>
                                    <td>No Information</td>
                                    <td>Active</td>
                                </tr>
                                <tr>
                                    <td ID="Condition_2849988cfdb73b211ad60b">Cardiac dysrhythmia NOS</td>
                                    <td>Sep 20 2012</td>
                                    <td>No Information</td>
                                    <td>Active</td>
                                </tr>
                            </tbody>
                        </table>
                    </text>
                    <entry typeCode="DRIV">
                        <act classCode="ACT" moodCode="EVN">
                            <templateId root="2.16.840.1.113883.10.20.1.27"/>
                            <templateId root="1.3.6.1.4.1.19376.1.5.3.1.4.5.1"/>
                            <templateId root="1.3.6.1.4.1.19376.1.5.3.1.4.5.2"/>
                            <templateId root="2.16.840.1.113883.3.88.11.83.7"/>
                            <id nullFlavor="NI"/>
                            <code nullFlavor="NA"/>
                            <statusCode code="completed"/>
                            <effectiveTime>
                                <low nullFlavor="NI"/>
                                <high nullFlavor="NI"/>
                            </effectiveTime>
                            <performer typeCode="PRF">
                                <assignedEntity>
                                    <id root="1.3.6.1.4.1.29148" extension="DKCIKCIGIFD"/>
                                    <addr>
                                        <streetAddressLine>445 256th St</streetAddressLine>
                                        <city>Hollywood</city>
                                        <state>CA</state>
                                        <postalCode>90028</postalCode>
                                    </addr>
                                    <telecom value="fax:+1 650-555-5554"/>
                                    <telecom value="tel:+1 650-555-9854" use="PUB"/>
                                    <assignedPerson>
                                        <name>
                                            <given>Doctor</given>
                                            <family>Doom</family>
                                        </name>
                                    </assignedPerson>
                                    <representedOrganization>
                                        <name>InGen Workgroup</name>
                                        <telecom nullFlavor="NI"/>
                                        <addr nullFlavor="NI"/>
                                    </representedOrganization>
                                </assignedEntity>
                            </performer>
                            <entryRelationship typeCode="SUBJ" inversionInd="false">
                                <observation classCode="OBS" moodCode="EVN">
                                    <templateId root="2.16.840.1.113883.10.20.1.28"/>
                                    <templateId root="1.3.6.1.4.1.19376.1.5.3.1.4.5"/>
                                    <id root="b1b67c35-0f5d-4809-a5d1-318a9b75593e"/>
                                    <code code="282291009" codeSystem="2.16.840.1.113883.6.96" codeSystemName="SNOMED CT" codeSystemVersion="20081218" displayName="Diagnosis"/>
                                    <text>
                                        <reference value="#Condition_d5466aa30018599c84c5cf"/>
                                    </text>
                                    <statusCode code="completed"/>
                                    <effectiveTime>
                                        <low value="20110512"/>
                                        <high nullFlavor="NI"/>
                                    </effectiveTime>
                                    <value code="E905.3" codeSystem="2.16.840.1.113883.6.103" codeSystemName="ICD9-CM" displayName="Hornet/wasp/bee sting"/>
                                    <entryRelationship typeCode="REFR">
                                        <observation classCode="OBS" moodCode="EVN">
                                            <templateId root="2.16.840.1.113883.10.20.1.50"/>
                                            <code code="33999-4" codeSystem="2.16.840.1.113883.6.1" codeSystemName="LOINC" displayName="Status"/>
                                            <statusCode code="completed"/>
                                            <value code="55561003" xsi:type="CD" codeSystem="2.16.840.1.113883.6.96" codeSystemName="SNOMED CT" codeSystemVersion="20091109" displayName="Active"/>
                                        </observation>
                                    </entryRelationship>
                                </observation>
                            </entryRelationship>
                        </act>
                    </entry>
                    <entry>
                        <act classCode="ACT" moodCode="EVN">
                            <templateId root="2.16.840.1.113883.10.20.1.27"/>
                            <templateId root="1.3.6.1.4.1.19376.1.5.3.1.4.5.1"/>
                            <templateId root="1.3.6.1.4.1.19376.1.5.3.1.4.5.2"/>
                            <templateId root="2.16.840.1.113883.3.88.11.83.7"/>
                            <id nullFlavor="NI"/>
                            <code nullFlavor="NA"/>
                            <statusCode code="completed"/>
                            <effectiveTime>
                                <low nullFlavor="NI"/>
                                <high nullFlavor="NI"/>
                            </effectiveTime>
                            <performer typeCode="PRF">
                                <assignedEntity>
                                    <id root="1.3.6.1.4.1.29148" extension="DKCIKCIGIFD"/>
                                    <addr>
                                        <streetAddressLine>445 256th St</streetAddressLine>
                                        <city>Hollywood</city>
                                        <state>CA</state>
                                        <postalCode>90028</postalCode>
                                    </addr>
                                    <telecom value="fax:+1 650-555-5554"/>
                                    <telecom value="tel:+1 650-555-9854" use="PUB"/>
                                    <assignedPerson>
                                        <name>
                                            <given>Doctor</given>
                                            <family>Doom</family>
                                        </name>
                                    </assignedPerson>
                                    <representedOrganization>
                                        <name>InGen Workgroup</name>
                                        <telecom nullFlavor="NI"/>
                                        <addr nullFlavor="NI"/>
                                    </representedOrganization>
                                </assignedEntity>
                            </performer>
                            <entryRelationship typeCode="SUBJ" inversionInd="false">
                                <observation classCode="OBS" moodCode="EVN">
                                    <templateId root="2.16.840.1.113883.10.20.1.28"/>
                                    <templateId root="1.3.6.1.4.1.19376.1.5.3.1.4.5"/>
                                    <id root="aa02fd1e-fca8-460a-88bd-ee28bd11d26d"/>
                                    <code code="282291009" codeSystem="2.16.840.1.113883.6.96" codeSystemName="SNOMED CT" codeSystemVersion="20081218" displayName="Diagnosis"/>
                                    <text>
                                        <reference value="#Condition_29482ba63888b52a1eff88"/>
                                    </text>
                                    <statusCode code="completed"/>
                                    <effectiveTime>
                                        <low value="20120620"/>
                                        <high nullFlavor="NI"/>
                                    </effectiveTime>
                                    <value code="E845.0" codeSystem="2.16.840.1.113883.6.103" codeSystemName="ICD9-CM" displayName="Spacecraft acc-occupant"/>
                                    <entryRelationship typeCode="REFR">
                                        <observation classCode="OBS" moodCode="EVN">
                                            <templateId root="2.16.840.1.113883.10.20.1.50"/>
                                            <code code="33999-4" codeSystem="2.16.840.1.113883.6.1" codeSystemName="LOINC" displayName="Status"/>
                                            <statusCode code="completed"/>
                                            <value code="55561003" xsi:type="CD" codeSystem="2.16.840.1.113883.6.96" codeSystemName="SNOMED CT" codeSystemVersion="20091109" displayName="Active"/>
                                        </observation>
                                    </entryRelationship>
                                </observation>
                            </entryRelationship>
                        </act>
                    </entry>
                    <entry>
                        <act classCode="ACT" moodCode="EVN">
                            <templateId root="2.16.840.1.113883.10.20.1.27"/>
                            <templateId root="1.3.6.1.4.1.19376.1.5.3.1.4.5.1"/>
                            <templateId root="1.3.6.1.4.1.19376.1.5.3.1.4.5.2"/>
                            <templateId root="2.16.840.1.113883.3.88.11.83.7"/>
                            <id nullFlavor="NI"/>
                            <code nullFlavor="NA"/>
                            <statusCode code="completed"/>
                            <effectiveTime>
                                <low nullFlavor="NI"/>
                                <high nullFlavor="NI"/>
                            </effectiveTime>
                            <performer typeCode="PRF">
                                <assignedEntity>
                                    <id root="1.3.6.1.4.1.29148" extension="DKCIKCIGIFD"/>
                                    <addr>
                                        <streetAddressLine>445 256th St</streetAddressLine>
                                        <city>Hollywood</city>
                                        <state>CA</state>
                                        <postalCode>90028</postalCode>
                                    </addr>
                                    <telecom value="fax:+1 650-555-5554"/>
                                    <telecom value="tel:+1 650-555-9854" use="PUB"/>
                                    <assignedPerson>
                                        <name>
                                            <given>Doctor</given>
                                            <family>Doom</family>
                                        </name>
                                    </assignedPerson>
                                    <representedOrganization>
                                        <name>InGen Workgroup</name>
                                        <telecom nullFlavor="NI"/>
                                        <addr nullFlavor="NI"/>
                                    </representedOrganization>
                                </assignedEntity>
                            </performer>
                            <entryRelationship typeCode="SUBJ" inversionInd="false">
                                <observation classCode="OBS" moodCode="EVN">
                                    <templateId root="2.16.840.1.113883.10.20.1.28"/>
                                    <templateId root="1.3.6.1.4.1.19376.1.5.3.1.4.5"/>
                                    <id root="cb3256e4-ed94-442f-a039-5e2f1e0d8a24"/>
                                    <code code="282291009" codeSystem="2.16.840.1.113883.6.96" codeSystemName="SNOMED CT" codeSystemVersion="20081218" displayName="Diagnosis"/>
                                    <text>
                                        <reference value="#Condition_c340878d3ea465119361d5"/>
                                    </text>
                                    <statusCode code="completed"/>
                                    <effectiveTime>
                                        <low value="20120620"/>
                                        <high nullFlavor="NI"/>
                                    </effectiveTime>
                                    <value code="E997.0" codeSystem="2.16.840.1.113883.6.103" codeSystemName="ICD9-CM" displayName="War injury:lasers"/>
                                    <entryRelationship typeCode="REFR">
                                        <observation classCode="OBS" moodCode="EVN">
                                            <templateId root="2.16.840.1.113883.10.20.1.50"/>
                                            <code code="33999-4" codeSystem="2.16.840.1.113883.6.1" codeSystemName="LOINC" displayName="Status"/>
                                            <statusCode code="completed"/>
                                            <value code="55561003" xsi:type="CD" codeSystem="2.16.840.1.113883.6.96" codeSystemName="SNOMED CT" codeSystemVersion="20091109" displayName="Active"/>
                                        </observation>
                                    </entryRelationship>
                                </observation>
                            </entryRelationship>
                        </act>
                    </entry>
                    <entry>
                        <act classCode="ACT" moodCode="EVN">
                            <templateId root="2.16.840.1.113883.10.20.1.27"/>
                            <templateId root="1.3.6.1.4.1.19376.1.5.3.1.4.5.1"/>
                            <templateId root="1.3.6.1.4.1.19376.1.5.3.1.4.5.2"/>
                            <templateId root="2.16.840.1.113883.3.88.11.83.7"/>
                            <id nullFlavor="NI"/>
                            <code nullFlavor="NA"/>
                            <statusCode code="completed"/>
                            <effectiveTime>
                                <low nullFlavor="NI"/>
                                <high nullFlavor="NI"/>
                            </effectiveTime>
                            <performer typeCode="PRF">
                                <assignedEntity>
                                    <id root="1.3.6.1.4.1.29148" extension="DKCIKCIGIFD"/>
                                    <addr>
                                        <streetAddressLine>445 256th St</streetAddressLine>
                                        <city>Hollywood</city>
                                        <state>CA</state>
                                        <postalCode>90028</postalCode>
                                    </addr>
                                    <telecom value="fax:+1 650-555-5554"/>
                                    <telecom value="tel:+1 650-555-9854" use="PUB"/>
                                    <assignedPerson>
                                        <name>
                                            <given>Doctor</given>
                                            <family>Doom</family>
                                        </name>
                                    </assignedPerson>
                                    <representedOrganization>
                                        <name>InGen Workgroup</name>
                                        <telecom nullFlavor="NI"/>
                                        <addr nullFlavor="NI"/>
                                    </representedOrganization>
                                </assignedEntity>
                            </performer>
                            <entryRelationship typeCode="SUBJ" inversionInd="false">
                                <observation classCode="OBS" moodCode="EVN">
                                    <templateId root="2.16.840.1.113883.10.20.1.28"/>
                                    <templateId root="1.3.6.1.4.1.19376.1.5.3.1.4.5"/>
                                    <id root="f80b1f84-d314-4215-bee4-c3b19cf305ca"/>
                                    <code code="282291009" codeSystem="2.16.840.1.113883.6.96" codeSystemName="SNOMED CT" codeSystemVersion="20081218" displayName="Diagnosis"/>
                                    <text>
                                        <reference value="#Condition_18491c9ff5e4ad111505f3"/>
                                    </text>
                                    <statusCode code="completed"/>
                                    <effectiveTime>
                                        <low value="20120620"/>
                                        <high nullFlavor="NI"/>
                                    </effectiveTime>
                                    <value code="E905.3" codeSystem="2.16.840.1.113883.6.103" codeSystemName="ICD9-CM" displayName="Benign hypertension"/>
                                    <entryRelationship typeCode="REFR">
                                        <observation classCode="OBS" moodCode="EVN">
                                            <templateId root="2.16.840.1.113883.10.20.1.50"/>
                                            <code code="33999-4" codeSystem="2.16.840.1.113883.6.1" codeSystemName="LOINC" displayName="Status"/>
                                            <statusCode code="completed"/>
                                            <value code="413322009" xsi:type="CD" codeSystem="2.16.840.1.113883.6.96" codeSystemName="SNOMED CT" codeSystemVersion="20091109" displayName="Resolved"/>
                                        </observation>
                                    </entryRelationship>
                                </observation>
                            </entryRelationship>
                        </act>
                    </entry>
                    <entry>
                        <act classCode="ACT" moodCode="EVN">
                            <templateId root="2.16.840.1.113883.10.20.1.27"/>
                            <templateId root="1.3.6.1.4.1.19376.1.5.3.1.4.5.1"/>
                            <templateId root="1.3.6.1.4.1.19376.1.5.3.1.4.5.2"/>
                            <templateId root="2.16.840.1.113883.3.88.11.83.7"/>
                            <id nullFlavor="NI"/>
                            <code nullFlavor="NA"/>
                            <statusCode code="completed"/>
                            <effectiveTime>
                                <low nullFlavor="NI"/>
                                <high nullFlavor="NI"/>
                            </effectiveTime>
                            <performer typeCode="PRF">
                                <assignedEntity>
                                    <id root="1.3.6.1.4.1.29148" extension="DKCIKCIGIFD"/>
                                    <addr>
                                        <streetAddressLine>445 256th St</streetAddressLine>
                                        <city>Hollywood</city>
                                        <state>CA</state>
                                        <postalCode>90028</postalCode>
                                    </addr>
                                    <telecom value="fax:+1 650-555-5554"/>
                                    <telecom value="tel:+1 650-555-9854" use="PUB"/>
                                    <assignedPerson>
                                        <name>
                                            <given>Doctor</given>
                                            <family>Doom</family>
                                        </name>
                                    </assignedPerson>
                                    <representedOrganization>
                                        <name>InGen Workgroup</name>
                                        <telecom nullFlavor="NI"/>
                                        <addr nullFlavor="NI"/>
                                    </representedOrganization>
                                </assignedEntity>
                            </performer>
                            <entryRelationship typeCode="SUBJ" inversionInd="false">
                                <observation classCode="OBS" moodCode="EVN">
                                    <templateId root="2.16.840.1.113883.10.20.1.28"/>
                                    <templateId root="1.3.6.1.4.1.19376.1.5.3.1.4.5"/>
                                    <id root="8f781e92-63b9-464f-ad37-51dc89aa694b"/>
                                    <code code="282291009" codeSystem="2.16.840.1.113883.6.96" codeSystemName="SNOMED CT" codeSystemVersion="20081218" displayName="Diagnosis"/>
                                    <text>
                                        <reference value="#Condition_4b4676a6ee5cafcd2faf3a"/>
                                    </text>
                                    <statusCode code="completed"/>
                                    <effectiveTime>
                                        <low value="20120520"/>
                                        <high nullFlavor="NI"/>
                                    </effectiveTime>
                                    <value code="692.81" codeSystem="2.16.840.1.113883.6.103" codeSystemName="ICD9-CM" displayName="Cosmetic dermatitis"/>
                                    <entryRelationship typeCode="REFR">
                                        <observation classCode="OBS" moodCode="EVN">
                                            <templateId root="2.16.840.1.113883.10.20.1.50"/>
                                            <code code="33999-4" codeSystem="2.16.840.1.113883.6.1" codeSystemName="LOINC" displayName="Status"/>
                                            <statusCode code="completed"/>
                                            <value code="73425007" xsi:type="CD" codeSystem="2.16.840.1.113883.6.96" codeSystemName="SNOMED CT" codeSystemVersion="20091109" displayName="Inactive"/>
                                        </observation>
                                    </entryRelationship>
                                </observation>
                            </entryRelationship>
                        </act>
                    </entry>
                    <entry>
                        <act classCode="ACT" moodCode="EVN">
                            <templateId root="2.16.840.1.113883.10.20.1.27"/>
                            <templateId root="1.3.6.1.4.1.19376.1.5.3.1.4.5.1"/>
                            <templateId root="1.3.6.1.4.1.19376.1.5.3.1.4.5.2"/>
                            <templateId root="2.16.840.1.113883.3.88.11.83.7"/>
                            <id nullFlavor="NI"/>
                            <code nullFlavor="NA"/>
                            <statusCode code="completed"/>
                            <effectiveTime>
                                <low nullFlavor="NI"/>
                                <high nullFlavor="NI"/>
                            </effectiveTime>
                            <performer typeCode="PRF">
                                <assignedEntity>
                                    <id root="1.3.6.1.4.1.29148" extension="DKCIKCIGIFD"/>
                                    <addr>
                                        <streetAddressLine>445 256th St</streetAddressLine>
                                        <city>Hollywood</city>
                                        <state>CA</state>
                                        <postalCode>90028</postalCode>
                                    </addr>
                                    <telecom value="fax:+1 650-555-5554"/>
                                    <telecom value="tel:+1 650-555-9854" use="PUB"/>
                                    <assignedPerson>
                                        <name>
                                            <given>Doctor</given>
                                            <family>Doom</family>
                                        </name>
                                    </assignedPerson>
                                    <representedOrganization>
                                        <name>InGen Workgroup</name>
                                        <telecom nullFlavor="NI"/>
                                        <addr nullFlavor="NI"/>
                                    </representedOrganization>
                                </assignedEntity>
                            </performer>
                            <entryRelationship typeCode="SUBJ" inversionInd="false">
                                <observation classCode="OBS" moodCode="EVN">
                                    <templateId root="2.16.840.1.113883.10.20.1.28"/>
                                    <templateId root="1.3.6.1.4.1.19376.1.5.3.1.4.5"/>
                                    <id root="4e1bcd9c-d6a9-4b35-80e0-fd2944962466"/>
                                    <code code="282291009" codeSystem="2.16.840.1.113883.6.96" codeSystemName="SNOMED CT" codeSystemVersion="20081218" displayName="Diagnosis"/>
                                    <text>
                                        <reference value="#Condition_3348d3a242080500584090"/>
                                    </text>
                                    <statusCode code="completed"/>
                                    <effectiveTime>
                                        <low value="20120920"/>
                                        <high nullFlavor="NI"/>
                                    </effectiveTime>
                                    <value code="362.33" codeSystem="2.16.840.1.113883.6.103" codeSystemName="ICD9-CM" displayName="Part arterial occlusion"/>
                                    <entryRelationship typeCode="REFR">
                                        <observation classCode="OBS" moodCode="EVN">
                                            <templateId root="2.16.840.1.113883.10.20.1.50"/>
                                            <code code="33999-4" codeSystem="2.16.840.1.113883.6.1" codeSystemName="LOINC" displayName="Status"/>
                                            <statusCode code="completed"/>
                                            <value code="55561003" xsi:type="CD" codeSystem="2.16.840.1.113883.6.96" codeSystemName="SNOMED CT" codeSystemVersion="20091109" displayName="Active"/>
                                        </observation>
                                    </entryRelationship>
                                </observation>
                            </entryRelationship>
                        </act>
                    </entry>
                    <entry>
                        <act classCode="ACT" moodCode="EVN">
                            <templateId root="2.16.840.1.113883.10.20.1.27"/>
                            <templateId root="1.3.6.1.4.1.19376.1.5.3.1.4.5.1"/>
                            <templateId root="1.3.6.1.4.1.19376.1.5.3.1.4.5.2"/>
                            <templateId root="2.16.840.1.113883.3.88.11.83.7"/>
                            <id nullFlavor="NI"/>
                            <code nullFlavor="NA"/>
                            <statusCode code="completed"/>
                            <effectiveTime>
                                <low nullFlavor="NI"/>
                                <high nullFlavor="NI"/>
                            </effectiveTime>
                            <performer typeCode="PRF">
                                <assignedEntity>
                                    <id root="1.3.6.1.4.1.29148" extension="DKCIKCIGIFD"/>
                                    <addr>
                                        <streetAddressLine>445 256th St</streetAddressLine>
                                        <city>Hollywood</city>
                                        <state>CA</state>
                                        <postalCode>90028</postalCode>
                                    </addr>
                                    <telecom value="fax:+1 650-555-5554"/>
                                    <telecom value="tel:+1 650-555-9854" use="PUB"/>
                                    <assignedPerson>
                                        <name>
                                            <given>Doctor</given>
                                            <family>Doom</family>
                                        </name>
                                    </assignedPerson>
                                    <representedOrganization>
                                        <name>InGen Workgroup</name>
                                        <telecom nullFlavor="NI"/>
                                        <addr nullFlavor="NI"/>
                                    </representedOrganization>
                                </assignedEntity>
                            </performer>
                            <entryRelationship typeCode="SUBJ" inversionInd="false">
                                <observation classCode="OBS" moodCode="EVN">
                                    <templateId root="2.16.840.1.113883.10.20.1.28"/>
                                    <templateId root="1.3.6.1.4.1.19376.1.5.3.1.4.5"/>
                                    <id root="7cb88525-aa5c-44e8-83b2-d88ee7b7b138"/>
                                    <code code="282291009" codeSystem="2.16.840.1.113883.6.96" codeSystemName="SNOMED CT" codeSystemVersion="20081218" displayName="Diagnosis"/>
                                    <text>
                                        <reference value="#Condition_2849988cfdb73b211ad60b"/>
                                    </text>
                                    <statusCode code="completed"/>
                                    <effectiveTime>
                                        <low value="20120920"/>
                                        <high nullFlavor="NI"/>
                                    </effectiveTime>
                                    <value code="427.9" codeSystem="2.16.840.1.113883.6.103" codeSystemName="ICD9-CM" displayName="Cardiac dysrhythmia NOS"/>
                                    <entryRelationship typeCode="REFR">
                                        <observation classCode="OBS" moodCode="EVN">
                                            <templateId root="2.16.840.1.113883.10.20.1.50"/>
                                            <code code="33999-4" codeSystem="2.16.840.1.113883.6.1" codeSystemName="LOINC" displayName="Status"/>
                                            <statusCode code="completed"/>
                                            <value code="55561003" xsi:type="CD" codeSystem="2.16.840.1.113883.6.96" codeSystemName="SNOMED CT" codeSystemVersion="20091109" displayName="Active"/>
                                        </observation>
                                    </entryRelationship>
                                </observation>
                            </entryRelationship>
                        </act>
                    </entry>
                </section>
            </component>
            <component>
                <section>
                    <templateId root="2.16.840.1.113883.10.20.1.14"/>
                    <templateId root="1.3.6.1.4.1.19376.1.5.3.1.3.28"/>
                    <templateId root="2.16.840.1.113883.3.88.11.83.122"/>
                    <code code="30954-2" codeSystem="2.16.840.1.113883.6.1" codeSystemName="LOINC" displayName="Relevant diagnostic tests and/or laboratory data"/>
                    <title>Results</title>
                    <text>
                        <table>
                            <caption styleCode="bold">CBC</caption>
                            <thead>
                                <tr>
                                    <th>Observation</th>
                                    <th>Value</th>
                                    <th>Reference Range</th>
                                    <th>Units</th>
                                    <th>Interpretation</th>
                                    <th>Notes</th>
                                    <th>Date</th>
                                </tr>
                            </thead>
                            <tbody>
                                <tr>
                                    <td>
                                        <content ID="Observation_9d4d979292a455248177c6">WBC</content>
                                    </td>
                                    <td>
                                        <content ID="ObservationValue_224d49b0ffd0a9c665081f">8.30</content>
                                    </td>
                                    <td>4.80 - 10.80</td>
                                    <td>No information in source data</td>
                                    <td>No information in source data</td>
                                    <td>No information in source data</td>
                                    <td>Feb 14 2000 9:45 AM</td>
                                </tr>
                                <tr>
                                    <td>
                                        <content ID="Observation_8d4c7c8384c855e72f52f6">WBC</content>
                                    </td>
                                    <td>
                                        <content ID="ObservationValue_3145cb8f5c263391d1e90e">8.30</content>
                                    </td>
                                    <td>4.80 - 10.80</td>
                                    <td>No information in source data</td>
                                    <td>No information in source data</td>
                                    <td>No information in source data</td>
                                    <td>Feb 14 2000 9:45 AM</td>
                                </tr>
                                <tr>
                                    <td>
                                        <content ID="Observation_ec4859b2971f53a508d85d">HGB</content>
                                    </td>
                                    <td>
                                        <content ID="ObservationValue_0a459abfa2dc88e7c6ffed">14.6</content>
                                    </td>
                                    <td>14.0 - 18.0</td>
                                    <td>No information in source data</td>
                                    <td>No information in source data</td>
                                    <td>No information in source data</td>
                                    <td>Feb 14 2000 9:45 AM</td>
                                </tr>
                                <tr>
                                    <td>
                                        <content ID="Observation_8949b7a3df4cad578123ce">HCT</content>
                                    </td>
                                    <td>
                                        <content ID="ObservationValue_1448eab474e86223cc6616">44.3</content>
                                    </td>
                                    <td>42.0 - 54.0</td>
                                    <td>No information in source data</td>
                                    <td>No information in source data</td>
                                    <td>No information in source data</td>
                                    <td>Feb 14 2000 9:45 AM</td>
                                </tr>
                                <tr>
                                    <td>
                                        <content ID="Observation_534e86b838e285923e1633">PLATELETS</content>
                                    </td>
                                    <td>
                                        <content ID="ObservationValue_ef44338954bec48d2a0578">135</content>
                                    </td>
                                    <td>130 - 400</td>
                                    <td>No information in source data</td>
                                    <td>Normal</td>
                                    <td>No information in source data</td>
                                    <td>Feb 14 2000 9:45 AM</td>
                                </tr>
                                <tr>
                                    <td>
                                        <content ID="Observation_c5491fae51400adc166e5c">RBC</content>
                                    </td>
                                    <td>
                                        <content ID="ObservationValue_784c2cb7b70cf39f564f12">4.79</content>
                                    </td>
                                    <td>4.70 - 6.10</td>
                                    <td>No information in source data</td>
                                    <td>No information in source data</td>
                                    <td>No information in source data</td>
                                    <td>Feb 14 2000 9:45 AM</td>
                                </tr>
                                <tr>
                                    <td>
                                        <content ID="Observation_934eab991faeb00312cd4c">MCV</content>
                                    </td>
                                    <td>
                                        <content ID="ObservationValue_f842f4af567cb8f7ecfe54">92.4</content>
                                    </td>
                                    <td>83.0 - 99.0</td>
                                    <td>No information in source data</td>
                                    <td>No information in source data</td>
                                    <td>No information in source data</td>
                                    <td>Feb 14 2000 9:45 AM</td>
                                </tr>
                                <tr>
                                    <td>
                                        <content ID="Observation_1545a590716f0ad3e74ed5">MCH</content>
                                    </td>
                                    <td>
                                        <content ID="ObservationValue_254e658cb5408ec82000f7">30.5</content>
                                    </td>
                                    <td>27.0 - 32.0</td>
                                    <td>No information in source data</td>
                                    <td>No information in source data</td>
                                    <td>No information in source data</td>
                                    <td>Feb 14 2000 9:45 AM</td>
                                </tr>
                                <tr>
                                    <td>
                                        <content ID="Observation_6c4153ba12e6b7c69e1a09">MCHC</content>
                                    </td>
                                    <td>
                                        <content ID="ObservationValue_924488b9efffaff9ce0606">33.0</content>
                                    </td>
                                    <td>32.0 - 37.0</td>
                                    <td>No information in source data</td>
                                    <td>No information in source data</td>
                                    <td>No information in source data</td>
                                    <td>Feb 14 2000 9:45 AM</td>
                                </tr>
                                <tr>
                                    <td>
                                        <content ID="Observation_99417f8f0b8f8eac1e8f6e">RDW</content>
                                    </td>
                                    <td>
                                        <content ID="ObservationValue_36463793e57327d03a9da4">14</content>
                                    </td>
                                    <td>11.5 - 14.5</td>
                                    <td>No information in source data</td>
                                    <td>Normal</td>
                                    <td>No information in source data</td>
                                    <td>Feb 14 2000 9:45 AM</td>
                                </tr>
                                <tr>
                                    <td>
                                        <content ID="Observation_5d42efb372b90b49739802">NEUT</content>
                                    </td>
                                    <td>
                                        <content ID="ObservationValue_6146e3a71464cab2d378ae">69</content>
                                    </td>
                                    <td>40.0 - 74.0</td>
                                    <td>No information in source data</td>
                                    <td>Normal</td>
                                    <td>No information in source data</td>
                                    <td>Feb 14 2000 9:45 AM</td>
                                </tr>
                                <tr>
                                    <td>
                                        <content ID="Observation_b448649e37ece75c60e1e8">LYMPH</content>
                                    </td>
                                    <td>
                                        <content ID="ObservationValue_594715a0dcca30bce81d32">20</content>
                                    </td>
                                    <td>19.0 - 48.0</td>
                                    <td>No information in source data</td>
                                    <td>Normal</td>
                                    <td>No information in source data</td>
                                    <td>Feb 14 2000 9:45 AM</td>
                                </tr>
                                <tr>
                                    <td>
                                        <content ID="Observation_5d48cf966e5cc77978eb90">MONO</content>
                                    </td>
                                    <td>
                                        <content ID="ObservationValue_cf4a238d0d86a301699b74">8.5</content>
                                    </td>
                                    <td>3.5 - 9.0</td>
                                    <td>No information in source data</td>
                                    <td>Normal</td>
                                    <td>No information in source data</td>
                                    <td>Feb 14 2000 9:45 AM</td>
                                </tr>
                                <tr>
                                    <td>
                                        <content ID="Observation_bd40f79251580a0213d290">EOS</content>
                                    </td>
                                    <td>
                                        <content ID="ObservationValue_e04176a8f94d81b4556d52">0.6</content>
                                    </td>
                                    <td>0.0 - 7.0</td>
                                    <td>No information in source data</td>
                                    <td>No information in source data</td>
                                    <td>No information in source data</td>
                                    <td>Feb 14 2000 9:45 AM</td>
                                </tr>
                                <tr>
                                    <td>
                                        <content ID="Observation_a34a1aaa935918ae496c5c">BASO</content>
                                    </td>
                                    <td>
                                        <content ID="ObservationValue_754d1a8fc502207f3c0aa4">0.8</content>
                                    </td>
                                    <td>0.0 - 1.5</td>
                                    <td>No information in source data</td>
                                    <td>No information in source data</td>
                                    <td>No information in source data</td>
                                    <td>Feb 14 2000 9:45 AM</td>
                                </tr>
                                <tr>
                                    <td>
                                        <content ID="Observation_e5414db559e66cf000feb8">LGE UNST.CELL</content>
                                    </td>
                                    <td>
                                        <content ID="ObservationValue_d54743823c901189f3c16d">0.8</content>
                                    </td>
                                    <td>0.0 - 4.0</td>
                                    <td>No information in source data</td>
                                    <td>No information in source data</td>
                                    <td>No information in source data</td>
                                    <td>Feb 14 2000 9:45 AM</td>
                                </tr>
                                <tr>
                                    <td>
                                        <content ID="Observation_564d268bc7a0739d071ecc">NEUT ABS</content>
                                    </td>
                                    <td>
                                        <content ID="ObservationValue_b54c758bf41a58a6500076">6.72</content>
                                    </td>
                                    <td>1.90 - 8.00</td>
                                    <td>No information in source data</td>
                                    <td>No information in source data</td>
                                    <td>No information in source data</td>
                                    <td>Feb 14 2000 9:45 AM</td>
                                </tr>
                                <tr>
                                    <td>
                                        <content ID="Observation_c64b03baa4856645f97874">LYMPH ABS</content>
                                    </td>
                                    <td>
                                        <content ID="ObservationValue_d747a2b649043a647e091e">1.3</content>
                                    </td>
                                    <td>0.90 - 5.20</td>
                                    <td>No information in source data</td>
                                    <td>Normal</td>
                                    <td>No information in source data</td>
                                    <td>Feb 14 2000 9:45 AM</td>
                                </tr>
                                <tr>
                                    <td>
                                        <content ID="Observation_35481d87a94e0ed4a17538">MONO ABS</content>
                                    </td>
                                    <td>
                                        <content ID="ObservationValue_494ae1b0cb837a1b570076">0.77</content>
                                    </td>
                                    <td>0.16 - 1.00</td>
                                    <td>No information in source data</td>
                                    <td>No information in source data</td>
                                    <td>No information in source data</td>
                                    <td>Feb 14 2000 9:45 AM</td>
                                </tr>
                                <tr>
                                    <td>
                                        <content ID="Observation_df4659b873eaf6b8eb1a8f">EOS ABS</content>
                                    </td>
                                    <td>
                                        <content ID="ObservationValue_fb4167b96c5b3ba63fb81c">0.05</content>
                                    </td>
                                    <td>0.00 - 0.80</td>
                                    <td>No information in source data</td>
                                    <td>No information in source data</td>
                                    <td>No information in source data</td>
                                    <td>Feb 14 2000 9:45 AM</td>
                                </tr>
                                <tr>
                                    <td>
                                        <content ID="Observation_e44752b0f510cbda01f9ad">BASO ABS</content>
                                    </td>
                                    <td>
                                        <content ID="ObservationValue_c747169b35f58759797b99">0.07</content>
                                    </td>
                                    <td>0.00 - 0.20</td>
                                    <td>No information in source data</td>
                                    <td>No information in source data</td>
                                    <td>No information in source data</td>
                                    <td>Feb 14 2000 9:45 AM</td>
                                </tr>
                                <tr>
                                    <td>
                                        <content ID="Observation_e1442d90e10dfb115a08fb">LUC ABS</content>
                                    </td>
                                    <td>
                                        <content ID="ObservationValue_d84a81a8b45bfa59b6a063">0.07</content>
                                    </td>
                                    <td>0.00 - 0.40</td>
                                    <td>No information in source data</td>
                                    <td>No information in source data</td>
                                    <td>No information in source data</td>
                                    <td>Feb 14 2000 9:45 AM</td>
                                </tr>
                                <tr>
                                    <td>
                                        <content ID="Observation_0b42c2bdf4bbd385ad4c9d">MAN BAND NEUT</content>
                                    </td>
                                    <td>
                                        <content ID="ObservationValue_1b4ed3a0143537345621ab">7</content>
                                    </td>
                                    <td>0 - 8</td>
                                    <td>No information in source data</td>
                                    <td>Normal</td>
                                    <td>No information in source data</td>
                                    <td>Feb 14 2000 9:45 AM</td>
                                </tr>
                                <tr>
                                    <td>
                                        <content ID="Observation_c84c7e8618d073230e06f8">MAN SEG NEUT</content>
                                    </td>
                                    <td>
                                        <content ID="ObservationValue_2143848015e0301bd26809">71</content>
                                    </td>
                                    <td>40 - 74</td>
                                    <td>No information in source data</td>
                                    <td>No information in source data</td>
                                    <td>No information in source data</td>
                                    <td>Feb 14 2000 9:45 AM</td>
                                </tr>
                                <tr>
                                    <td>
                                        <content ID="Observation_3740c683fb5a57325771ac">MAN LYMPH</content>
                                    </td>
                                    <td>
                                        <content ID="ObservationValue_c6421a9b4720ff95cb8d44">23</content>
                                    </td>
                                    <td>19 - 48</td>
                                    <td>No information in source data</td>
                                    <td>Normal</td>
                                    <td>No information in source data</td>
                                    <td>Feb 14 2000 9:45 AM</td>
                                </tr>
                                <tr>
                                    <td>
                                        <content ID="Observation_7a4537a4727a9e980e09de">MAN MONO</content>
                                    </td>
                                    <td>
                                        <content ID="ObservationValue_6f4561957ae4d70b9f360a">9</content>
                                    </td>
                                    <td>4 - 9</td>
                                    <td>No information in source data</td>
                                    <td>No information in source data</td>
                                    <td>No information in source data</td>
                                    <td>Feb 14 2000 9:45 AM</td>
                                </tr>
                                <tr>
                                    <td>
                                        <content ID="Observation_ba447e89adff2da60ae614">MAN EOS</content>
                                    </td>
                                    <td>
                                        <content ID="ObservationValue_5b47b3a139b729caafafac">3</content>
                                    </td>
                                    <td>0 - 7</td>
                                    <td>No information in source data</td>
                                    <td>No information in source data</td>
                                    <td>No information in source data</td>
                                    <td>Feb 14 2000 9:45 AM</td>
                                </tr>
                                <tr>
                                    <td>
                                        <content ID="Observation_8f4514a3a1c143f5f88bfc">MAN BASO</content>
                                    </td>
                                    <td>
                                        <content ID="ObservationValue_6a46f884682ff5e3547ab8">0</content>
                                    </td>
                                    <td>0 - 2</td>
                                    <td>No information in source data</td>
                                    <td>No information in source data</td>
                                    <td>No information in source data</td>
                                    <td>Feb 14 2000 9:45 AM</td>
                                </tr>
                                <tr>
                                    <td>
                                        <content ID="Observation_8d457e9cc229239195ad05">MAN METAMYL</content>
                                    </td>
                                    <td>
                                        <content ID="ObservationValue_8e4170bb177764743e61f9">0</content>
                                    </td>
                                    <td>0 - 1</td>
                                    <td>No information in source data</td>
                                    <td>No information in source data</td>
                                    <td>No information in source data</td>
                                    <td>Feb 14 2000 9:45 AM</td>
                                </tr>
                                <tr>
                                    <td>
                                        <content ID="Observation_d940819da9e5bacdf83ada">MAN MYELOCYTE</content>
                                    </td>
                                    <td>
                                        <content ID="ObservationValue_9b4cd5b0f74ab6629b8c82">0</content>
                                    </td>
                                    <td>0 - 1</td>
                                    <td>No information in source data</td>
                                    <td>No information in source data</td>
                                    <td>No information in source data</td>
                                    <td>Feb 14 2000 9:45 AM</td>
                                </tr>
                                <tr>
                                    <td>
                                        <content ID="Observation_194f42bf6d38c2bdc1285e">MAN PROMYELO</content>
                                    </td>
                                    <td>
                                        <content ID="ObservationValue_164b70a32d03b2caa86f4f">0</content>
                                    </td>
                                    <td>0 - 0</td>
                                    <td>No information in source data</td>
                                    <td>No information in source data</td>
                                    <td>No information in source data</td>
                                    <td>Feb 14 2000 9:45 AM</td>
                                </tr>
                                <tr>
                                    <td>
                                        <content ID="Observation_4e4c72bd697b023a5b3c01">MAN BLASTS</content>
                                    </td>
                                    <td>
                                        <content ID="ObservationValue_ff43acaf2b81c90e0c6a0c">0</content>
                                    </td>
                                    <td>0 - 0</td>
                                    <td>No information in source data</td>
                                    <td>No information in source data</td>
                                    <td>No information in source data</td>
                                    <td>Feb 14 2000 9:45 AM</td>
                                </tr>
                                <tr>
                                    <td>
                                        <content ID="Observation_884653a121a07984bf8dba">PLATELET (EST)</content>
                                    </td>
                                    <td>
                                        <content ID="ObservationValue_8149dbb3baec9c98e31ae4">10-12 PER_OIF</content>
                                    </td>
                                    <td>7 - 20</td>
                                    <td>No information in source data</td>
                                    <td>No information in source data</td>
                                    <td>
                                        <content ID="Comment_2147dd92cd162b1f34fe6e">PLATELET COUNT CONSISTENT  WITH SLIDE REVIEW ESPLT  EACH PLATELET PER OIL IMMERSION FIELD REPRESENTS APPROXIMATELY        TWENTY THOUSAND PLATELETS PER CUBIC MILLIMETER.</content>
                                    </td>
                                    <td>Feb 14 2000 9:45 AM</td>
                                </tr>
                            </tbody>
                        </table>
                        <table>
                            <caption styleCode="bold">CBC</caption>
                            <thead>
                                <tr>
                                    <th>Observation</th>
                                    <th>Value</th>
                                    <th>Reference Range</th>
                                    <th>Units</th>
                                    <th>Interpretation</th>
                                    <th>Notes</th>
                                    <th>Date</th>
                                </tr>
                            </thead>
                            <tbody>
                                <tr>
                                    <td>
                                        <content ID="Observation_cd4e40a4ad5ac4829edbec">WBC</content>
                                    </td>
                                    <td>
                                        <content ID="ObservationValue_184f2d948ae1cbfad9dc0a">8.30</content>
                                    </td>
                                    <td>4.80 - 10.80</td>
                                    <td>No information in source data</td>
                                    <td>No information in source data</td>
                                    <td>No information in source data</td>
                                    <td>Feb 14 2000 9:45 AM</td>
                                </tr>
                                <tr>
                                    <td>
                                        <content ID="Observation_2e45d2b30e5ad4d5e79d06">WBC</content>
                                    </td>
                                    <td>
                                        <content ID="ObservationValue_e24170898dbccb8a7ec481">8.30</content>
                                    </td>
                                    <td>4.80 - 10.80</td>
                                    <td>No information in source data</td>
                                    <td>No information in source data</td>
                                    <td>No information in source data</td>
                                    <td>Feb 14 2000 9:45 AM</td>
                                </tr>
                                <tr>
                                    <td>
                                        <content ID="Observation_f94ce6b1079460174f5bf0">HGB</content>
                                    </td>
                                    <td>
                                        <content ID="ObservationValue_af4f18827ad38bd13d4c46">14.6</content>
                                    </td>
                                    <td>14.0 - 18.0</td>
                                    <td>No information in source data</td>
                                    <td>No information in source data</td>
                                    <td>No information in source data</td>
                                    <td>Feb 14 2000 9:45 AM</td>
                                </tr>
                                <tr>
                                    <td>
                                        <content ID="Observation_d84dfe940ea7dbdca07c7e">HCT</content>
                                    </td>
                                    <td>
                                        <content ID="ObservationValue_9a4028ace41cf44eb1d67e">44.3</content>
                                    </td>
                                    <td>42.0 - 54.0</td>
                                    <td>No information in source data</td>
                                    <td>No information in source data</td>
                                    <td>No information in source data</td>
                                    <td>Feb 14 2000 9:45 AM</td>
                                </tr>
                                <tr>
                                    <td>
                                        <content ID="Observation_0d479c915b894b22afeeb7">PLATELETS</content>
                                    </td>
                                    <td>
                                        <content ID="ObservationValue_5e420f8e1bb160615d21a2">135</content>
                                    </td>
                                    <td>130 - 400</td>
                                    <td>No information in source data</td>
                                    <td>Normal</td>
                                    <td>No information in source data</td>
                                    <td>Feb 14 2000 9:45 AM</td>
                                </tr>
                                <tr>
                                    <td>
                                        <content ID="Observation_3b4617ab856e6e75d0ad29">RBC</content>
                                    </td>
                                    <td>
                                        <content ID="ObservationValue_f340aeb0644857d21a7512">4.79</content>
                                    </td>
                                    <td>4.70 - 6.10</td>
                                    <td>No information in source data</td>
                                    <td>No information in source data</td>
                                    <td>No information in source data</td>
                                    <td>Feb 14 2000 9:45 AM</td>
                                </tr>
                                <tr>
                                    <td>
                                        <content ID="Observation_1e4a9688eb063621345314">MCV</content>
                                    </td>
                                    <td>
                                        <content ID="ObservationValue_954a7485de234b5f0fd160">92.4</content>
                                    </td>
                                    <td>83.0 - 99.0</td>
                                    <td>No information in source data</td>
                                    <td>No information in source data</td>
                                    <td>No information in source data</td>
                                    <td>Feb 14 2000 9:45 AM</td>
                                </tr>
                                <tr>
                                    <td>
                                        <content ID="Observation_8a411a9e2b5807e0cc9251">MCH</content>
                                    </td>
                                    <td>
                                        <content ID="ObservationValue_1b4990956c1462af39eb81">30.5</content>
                                    </td>
                                    <td>27.0 - 32.0</td>
                                    <td>No information in source data</td>
                                    <td>No information in source data</td>
                                    <td>No information in source data</td>
                                    <td>Feb 14 2000 9:45 AM</td>
                                </tr>
                                <tr>
                                    <td>
                                        <content ID="Observation_c74a39bb0ce6676e9c8a3f">MCHC</content>
                                    </td>
                                    <td>
                                        <content ID="ObservationValue_8e4380bff64ccc8ee3a1dd">33.0</content>
                                    </td>
                                    <td>32.0 - 37.0</td>
                                    <td>No information in source data</td>
                                    <td>No information in source data</td>
                                    <td>No information in source data</td>
                                    <td>Feb 14 2000 9:45 AM</td>
                                </tr>
                                <tr>
                                    <td>
                                        <content ID="Observation_144e0caa9302e5d7043c79">RDW</content>
                                    </td>
                                    <td>
                                        <content ID="ObservationValue_9e4c51b244e001ea8d79d6">14</content>
                                    </td>
                                    <td>11.5 - 14.5</td>
                                    <td>No information in source data</td>
                                    <td>Normal</td>
                                    <td>No information in source data</td>
                                    <td>Feb 14 2000 9:45 AM</td>
                                </tr>
                                <tr>
                                    <td>
                                        <content ID="Observation_9e47019df14e9e01ae6cd9">NEUT</content>
                                    </td>
                                    <td>
                                        <content ID="ObservationValue_6343d892d4f7fc2a6b45eb">69</content>
                                    </td>
                                    <td>40.0 - 74.0</td>
                                    <td>No information in source data</td>
                                    <td>Normal</td>
                                    <td>No information in source data</td>
                                    <td>Feb 14 2000 9:45 AM</td>
                                </tr>
                                <tr>
                                    <td>
                                        <content ID="Observation_634148a95a698579a5a535">LYMPH</content>
                                    </td>
                                    <td>
                                        <content ID="ObservationValue_434cb08ce1c99dbfee0c88">20</content>
                                    </td>
                                    <td>19.0 - 48.0</td>
                                    <td>No information in source data</td>
                                    <td>Normal</td>
                                    <td>No information in source data</td>
                                    <td>Feb 14 2000 9:45 AM</td>
                                </tr>
                                <tr>
                                    <td>
                                        <content ID="Observation_ac413b8305b28ce4829d46">MONO</content>
                                    </td>
                                    <td>
                                        <content ID="ObservationValue_0c493083e7a3df4ea45836">8.5</content>
                                    </td>
                                    <td>3.5 - 9.0</td>
                                    <td>No information in source data</td>
                                    <td>Normal</td>
                                    <td>No information in source data</td>
                                    <td>Feb 14 2000 9:45 AM</td>
                                </tr>
                                <tr>
                                    <td>
                                        <content ID="Observation_fc49dd8acf43616c34e5eb">EOS</content>
                                    </td>
                                    <td>
                                        <content ID="ObservationValue_554b8e88315bf42f5bbfac">0.6</content>
                                    </td>
                                    <td>0.0 - 7.0</td>
                                    <td>No information in source data</td>
                                    <td>No information in source data</td>
                                    <td>No information in source data</td>
                                    <td>Feb 14 2000 9:45 AM</td>
                                </tr>
                                <tr>
                                    <td>
                                        <content ID="Observation_484971b4ca5f32ac30f5a1">BASO</content>
                                    </td>
                                    <td>
                                        <content ID="ObservationValue_b14ec9b18be9272fc22d03">0.8</content>
                                    </td>
                                    <td>0.0 - 1.5</td>
                                    <td>No information in source data</td>
                                    <td>No information in source data</td>
                                    <td>No information in source data</td>
                                    <td>Feb 14 2000 9:45 AM</td>
                                </tr>
                                <tr>
                                    <td>
                                        <content ID="Observation_1e425498f0a95f64c5b545">LGE UNST.CELL</content>
                                    </td>
                                    <td>
                                        <content ID="ObservationValue_7d4c39bb2e59023facefde">0.8</content>
                                    </td>
                                    <td>0.0 - 4.0</td>
                                    <td>No information in source data</td>
                                    <td>No information in source data</td>
                                    <td>No information in source data</td>
                                    <td>Feb 14 2000 9:45 AM</td>
                                </tr>
                                <tr>
                                    <td>
                                        <content ID="Observation_e24562aa2e782e6add5eb3">NEUT ABS</content>
                                    </td>
                                    <td>
                                        <content ID="ObservationValue_7f42b6b8afa778df64a051">6.72</content>
                                    </td>
                                    <td>1.90 - 8.00</td>
                                    <td>No information in source data</td>
                                    <td>No information in source data</td>
                                    <td>No information in source data</td>
                                    <td>Feb 14 2000 9:45 AM</td>
                                </tr>
                                <tr>
                                    <td>
                                        <content ID="Observation_7940f38ada3251cf87db02">LYMPH ABS</content>
                                    </td>
                                    <td>
                                        <content ID="ObservationValue_fe42ceb2d272c9da64300b">1.3</content>
                                    </td>
                                    <td>0.90 - 5.20</td>
                                    <td>No information in source data</td>
                                    <td>Normal</td>
                                    <td>No information in source data</td>
                                    <td>Feb 14 2000 9:45 AM</td>
                                </tr>
                                <tr>
                                    <td>
                                        <content ID="Observation_67484189bbbb1922974e1d">MONO ABS</content>
                                    </td>
                                    <td>
                                        <content ID="ObservationValue_534e85b1b597c63a00bb7f">0.77</content>
                                    </td>
                                    <td>0.16 - 1.00</td>
                                    <td>No information in source data</td>
                                    <td>No information in source data</td>
                                    <td>No information in source data</td>
                                    <td>Feb 14 2000 9:45 AM</td>
                                </tr>
                                <tr>
                                    <td>
                                        <content ID="Observation_904bdd8b07c5a1f13d4a40">EOS ABS</content>
                                    </td>
                                    <td>
                                        <content ID="ObservationValue_524e92a4e36a52d304a8a0">0.05</content>
                                    </td>
                                    <td>0.00 - 0.80</td>
                                    <td>No information in source data</td>
                                    <td>No information in source data</td>
                                    <td>No information in source data</td>
                                    <td>Feb 14 2000 9:45 AM</td>
                                </tr>
                                <tr>
                                    <td>
                                        <content ID="Observation_c443c79744f4ad8b3e8295">BASO ABS</content>
                                    </td>
                                    <td>
                                        <content ID="ObservationValue_5c4381873443f44509d859">0.07</content>
                                    </td>
                                    <td>0.00 - 0.20</td>
                                    <td>No information in source data</td>
                                    <td>No information in source data</td>
                                    <td>No information in source data</td>
                                    <td>Feb 14 2000 9:45 AM</td>
                                </tr>
                                <tr>
                                    <td>
                                        <content ID="Observation_c94771968e7cc13e89bf78">LUC ABS</content>
                                    </td>
                                    <td>
                                        <content ID="ObservationValue_3342e0a4ef0ed87f375209">0.07</content>
                                    </td>
                                    <td>0.00 - 0.40</td>
                                    <td>No information in source data</td>
                                    <td>No information in source data</td>
                                    <td>No information in source data</td>
                                    <td>Feb 14 2000 9:45 AM</td>
                                </tr>
                                <tr>
                                    <td>
                                        <content ID="Observation_b24d5aa46ab25cf68f22f3">MAN BAND NEUT</content>
                                    </td>
                                    <td>
                                        <content ID="ObservationValue_c04b16ad6b3c94893ab2e6">7</content>
                                    </td>
                                    <td>0 - 8</td>
                                    <td>No information in source data</td>
                                    <td>Normal</td>
                                    <td>No information in source data</td>
                                    <td>Feb 14 2000 9:45 AM</td>
                                </tr>
                                <tr>
                                    <td>
                                        <content ID="Observation_504cd1b92f4b61c67ea799">MAN SEG NEUT</content>
                                    </td>
                                    <td>
                                        <content ID="ObservationValue_044700bb88ab4bd746be73">71</content>
                                    </td>
                                    <td>40 - 74</td>
                                    <td>No information in source data</td>
                                    <td>No information in source data</td>
                                    <td>No information in source data</td>
                                    <td>Feb 14 2000 9:45 AM</td>
                                </tr>
                                <tr>
                                    <td>
                                        <content ID="Observation_78436eb62164eb6282509e">MAN LYMPH</content>
                                    </td>
                                    <td>
                                        <content ID="ObservationValue_f64a96b090a6922fa356e3">23</content>
                                    </td>
                                    <td>19 - 48</td>
                                    <td>No information in source data</td>
                                    <td>Normal</td>
                                    <td>No information in source data</td>
                                    <td>Feb 14 2000 9:45 AM</td>
                                </tr>
                                <tr>
                                    <td>
                                        <content ID="Observation_5841999d517598bc0858ad">MAN MONO</content>
                                    </td>
                                    <td>
                                        <content ID="ObservationValue_e040ef8e2f505fac400e6d">9</content>
                                    </td>
                                    <td>4 - 9</td>
                                    <td>No information in source data</td>
                                    <td>No information in source data</td>
                                    <td>No information in source data</td>
                                    <td>Feb 14 2000 9:45 AM</td>
                                </tr>
                                <tr>
                                    <td>
                                        <content ID="Observation_cf477da5319618c6caa53c">MAN EOS</content>
                                    </td>
                                    <td>
                                        <content ID="ObservationValue_1548b4bada106383b06959">3</content>
                                    </td>
                                    <td>0 - 7</td>
                                    <td>No information in source data</td>
                                    <td>No information in source data</td>
                                    <td>No information in source data</td>
                                    <td>Feb 14 2000 9:45 AM</td>
                                </tr>
                                <tr>
                                    <td>
                                        <content ID="Observation_7549a3b8f3561b85ce3ae9">MAN BASO</content>
                                    </td>
                                    <td>
                                        <content ID="ObservationValue_f3436aa15629786c52fa1a">0</content>
                                    </td>
                                    <td>0 - 2</td>
                                    <td>No information in source data</td>
                                    <td>No information in source data</td>
                                    <td>No information in source data</td>
                                    <td>Feb 14 2000 9:45 AM</td>
                                </tr>
                                <tr>
                                    <td>
                                        <content ID="Observation_4b43cd97766dcd3f390272">MAN METAMYL</content>
                                    </td>
                                    <td>
                                        <content ID="ObservationValue_7f46c8b8c32ae297cc3786">0</content>
                                    </td>
                                    <td>0 - 1</td>
                                    <td>No information in source data</td>
                                    <td>No information in source data</td>
                                    <td>No information in source data</td>
                                    <td>Feb 14 2000 9:45 AM</td>
                                </tr>
                                <tr>
                                    <td>
                                        <content ID="Observation_ab4d2599bbfb5883a00ef7">MAN MYELOCYTE</content>
                                    </td>
                                    <td>
                                        <content ID="ObservationValue_09472aa86f61513ed46b69">0</content>
                                    </td>
                                    <td>0 - 1</td>
                                    <td>No information in source data</td>
                                    <td>No information in source data</td>
                                    <td>No information in source data</td>
                                    <td>Feb 14 2000 9:45 AM</td>
                                </tr>
                                <tr>
                                    <td>
                                        <content ID="Observation_e4416eb5725aa8818e05a8">MAN PROMYELO</content>
                                    </td>
                                    <td>
                                        <content ID="ObservationValue_c54f50ad6e4c4efb729bab">0</content>
                                    </td>
                                    <td>0 - 0</td>
                                    <td>No information in source data</td>
                                    <td>No information in source data</td>
                                    <td>No information in source data</td>
                                    <td>Feb 14 2000 9:45 AM</td>
                                </tr>
                                <tr>
                                    <td>
                                        <content ID="Observation_d543c7b35be6fb360eedbb">MAN BLASTS</content>
                                    </td>
                                    <td>
                                        <content ID="ObservationValue_de4c9d94485eaec8478263">0</content>
                                    </td>
                                    <td>0 - 0</td>
                                    <td>No information in source data</td>
                                    <td>No information in source data</td>
                                    <td>No information in source data</td>
                                    <td>Feb 14 2000 9:45 AM</td>
                                </tr>
                                <tr>
                                    <td>
                                        <content ID="Observation_7144738710cc8e00b90631">PLATELET (EST)</content>
                                    </td>
                                    <td>
                                        <content ID="ObservationValue_11460db486cf3c6a45045e">10-12 PER_OIF</content>
                                    </td>
                                    <td>7 - 20</td>
                                    <td>No information in source data</td>
                                    <td>No information in source data</td>
                                    <td>
                                        <content ID="Comment_1c49d3988eed8b0a0a16ad">PLATELET COUNT CONSISTENT  WITH SLIDE REVIEW ESPLT  EACH PLATELET PER OIL IMMERSION FIELD REPRESENTS APPROXIMATELY        TWENTY THOUSAND PLATELETS PER CUBIC MILLIMETER.</content>
                                    </td>
                                    <td>Feb 14 2000 9:45 AM</td>
                                </tr>
                            </tbody>
                        </table>
                        <table>
                            <caption styleCode="bold">CBC</caption>
                            <thead>
                                <tr>
                                    <th>Observation</th>
                                    <th>Value</th>
                                    <th>Reference Range</th>
                                    <th>Units</th>
                                    <th>Interpretation</th>
                                    <th>Notes</th>
                                    <th>Date</th>
                                </tr>
                            </thead>
                            <tbody>
                                <tr>
                                    <td>
                                        <content ID="Observation_384e0fba740751acc4b23d">WBC</content>
                                    </td>
                                    <td>
                                        <content ID="ObservationValue_434a458b79331363bb522e">8.30</content>
                                    </td>
                                    <td>4.80 - 10.80</td>
                                    <td>No information in source data</td>
                                    <td>No information in source data</td>
                                    <td>No information in source data</td>
                                    <td>Feb 14 2000 9:45 AM</td>
                                </tr>
                                <tr>
                                    <td>
                                        <content ID="Observation_9a48c8845fd07601a62b7a">WBC</content>
                                    </td>
                                    <td>
                                        <content ID="ObservationValue_5248ada4f6cae671980930">8.30</content>
                                    </td>
                                    <td>4.80 - 10.80</td>
                                    <td>No information in source data</td>
                                    <td>No information in source data</td>
                                    <td>No information in source data</td>
                                    <td>Feb 14 2000 9:45 AM</td>
                                </tr>
                                <tr>
                                    <td>
                                        <content ID="Observation_5244b7a692d333acc0662a">HGB</content>
                                    </td>
                                    <td>
                                        <content ID="ObservationValue_e244bbb6d2cc511a619325">14.6</content>
                                    </td>
                                    <td>14.0 - 18.0</td>
                                    <td>No information in source data</td>
                                    <td>No information in source data</td>
                                    <td>No information in source data</td>
                                    <td>Feb 14 2000 9:45 AM</td>
                                </tr>
                                <tr>
                                    <td>
                                        <content ID="Observation_704ca6959ac1a90a26081a">HCT</content>
                                    </td>
                                    <td>
                                        <content ID="ObservationValue_4742b095615b499f92be06">44.3</content>
                                    </td>
                                    <td>42.0 - 54.0</td>
                                    <td>No information in source data</td>
                                    <td>No information in source data</td>
                                    <td>No information in source data</td>
                                    <td>Feb 14 2000 9:45 AM</td>
                                </tr>
                                <tr>
                                    <td>
                                        <content ID="Observation_634eebb4ede9031ca05595">PLATELETS</content>
                                    </td>
                                    <td>
                                        <content ID="ObservationValue_6940ab93e936e2a259887a">135</content>
                                    </td>
                                    <td>130 - 400</td>
                                    <td>No information in source data</td>
                                    <td>Normal</td>
                                    <td>No information in source data</td>
                                    <td>Feb 14 2000 9:45 AM</td>
                                </tr>
                                <tr>
                                    <td>
                                        <content ID="Observation_82419d9445b2e17121a6a4">RBC</content>
                                    </td>
                                    <td>
                                        <content ID="ObservationValue_bc4c368eabd7089b260878">4.79</content>
                                    </td>
                                    <td>4.70 - 6.10</td>
                                    <td>No information in source data</td>
                                    <td>No information in source data</td>
                                    <td>No information in source data</td>
                                    <td>Feb 14 2000 9:45 AM</td>
                                </tr>
                                <tr>
                                    <td>
                                        <content ID="Observation_4547b0b6dc93f6d6286003">MCV</content>
                                    </td>
                                    <td>
                                        <content ID="ObservationValue_f544459803c88ab167510b">92.4</content>
                                    </td>
                                    <td>83.0 - 99.0</td>
                                    <td>No information in source data</td>
                                    <td>No information in source data</td>
                                    <td>No information in source data</td>
                                    <td>Feb 14 2000 9:45 AM</td>
                                </tr>
                                <tr>
                                    <td>
                                        <content ID="Observation_484bcebb5a0a8008e68dca">MCH</content>
                                    </td>
                                    <td>
                                        <content ID="ObservationValue_f3499a970073ffd762f431">30.5</content>
                                    </td>
                                    <td>27.0 - 32.0</td>
                                    <td>No information in source data</td>
                                    <td>No information in source data</td>
                                    <td>No information in source data</td>
                                    <td>Feb 14 2000 9:45 AM</td>
                                </tr>
                                <tr>
                                    <td>
                                        <content ID="Observation_c44d25b1f78404436cc9c9">MCHC</content>
                                    </td>
                                    <td>
                                        <content ID="ObservationValue_a8474eae7d6cd3b2175409">33.0</content>
                                    </td>
                                    <td>32.0 - 37.0</td>
                                    <td>No information in source data</td>
                                    <td>No information in source data</td>
                                    <td>No information in source data</td>
                                    <td>Feb 14 2000 9:45 AM</td>
                                </tr>
                                <tr>
                                    <td>
                                        <content ID="Observation_394aea942bce6201632166">RDW</content>
                                    </td>
                                    <td>
                                        <content ID="ObservationValue_734df794745844233d9c3a">14</content>
                                    </td>
                                    <td>11.5 - 14.5</td>
                                    <td>No information in source data</td>
                                    <td>Normal</td>
                                    <td>No information in source data</td>
                                    <td>Feb 14 2000 9:45 AM</td>
                                </tr>
                                <tr>
                                    <td>
                                        <content ID="Observation_e74a488281cdf224bc069e">NEUT</content>
                                    </td>
                                    <td>
                                        <content ID="ObservationValue_e846d4a55ca1df02886685">69</content>
                                    </td>
                                    <td>40.0 - 74.0</td>
                                    <td>No information in source data</td>
                                    <td>Normal</td>
                                    <td>No information in source data</td>
                                    <td>Feb 14 2000 9:45 AM</td>
                                </tr>
                                <tr>
                                    <td>
                                        <content ID="Observation_99456cb3bab570ce36d175">LYMPH</content>
                                    </td>
                                    <td>
                                        <content ID="ObservationValue_e6410c889b7ed3a8dc4b73">20</content>
                                    </td>
                                    <td>19.0 - 48.0</td>
                                    <td>No information in source data</td>
                                    <td>Normal</td>
                                    <td>No information in source data</td>
                                    <td>Feb 14 2000 9:45 AM</td>
                                </tr>
                                <tr>
                                    <td>
                                        <content ID="Observation_49451eb435ed17379e115a">MONO</content>
                                    </td>
                                    <td>
                                        <content ID="ObservationValue_6e4543a2850fefaca3f263">8.5</content>
                                    </td>
                                    <td>3.5 - 9.0</td>
                                    <td>No information in source data</td>
                                    <td>Normal</td>
                                    <td>No information in source data</td>
                                    <td>Feb 14 2000 9:45 AM</td>
                                </tr>
                                <tr>
                                    <td>
                                        <content ID="Observation_8c424785f59a6d2e5bfbf6">EOS</content>
                                    </td>
                                    <td>
                                        <content ID="ObservationValue_734e92b258d81ecbd2bf9c">0.6</content>
                                    </td>
                                    <td>0.0 - 7.0</td>
                                    <td>No information in source data</td>
                                    <td>No information in source data</td>
                                    <td>No information in source data</td>
                                    <td>Feb 14 2000 9:45 AM</td>
                                </tr>
                                <tr>
                                    <td>
                                        <content ID="Observation_85441a965052326973eef0">BASO</content>
                                    </td>
                                    <td>
                                        <content ID="ObservationValue_63473588349a8d6b76281f">0.8</content>
                                    </td>
                                    <td>0.0 - 1.5</td>
                                    <td>No information in source data</td>
                                    <td>No information in source data</td>
                                    <td>No information in source data</td>
                                    <td>Feb 14 2000 9:45 AM</td>
                                </tr>
                                <tr>
                                    <td>
                                        <content ID="Observation_da4dff84aa950bd4790b9e">LGE UNST.CELL</content>
                                    </td>
                                    <td>
                                        <content ID="ObservationValue_6a414f9f5c23db3a9b7105">0.8</content>
                                    </td>
                                    <td>0.0 - 4.0</td>
                                    <td>No information in source data</td>
                                    <td>No information in source data</td>
                                    <td>No information in source data</td>
                                    <td>Feb 14 2000 9:45 AM</td>
                                </tr>
                                <tr>
                                    <td>
                                        <content ID="Observation_d34a249f2890baa671c893">NEUT ABS</content>
                                    </td>
                                    <td>
                                        <content ID="ObservationValue_874c0d8dc37920bdfbccd3">6.72</content>
                                    </td>
                                    <td>1.90 - 8.00</td>
                                    <td>No information in source data</td>
                                    <td>No information in source data</td>
                                    <td>No information in source data</td>
                                    <td>Feb 14 2000 9:45 AM</td>
                                </tr>
                                <tr>
                                    <td>
                                        <content ID="Observation_4849b087405177d9863278">LYMPH ABS</content>
                                    </td>
                                    <td>
                                        <content ID="ObservationValue_f548b8ae456e9f856b0210">1.3</content>
                                    </td>
                                    <td>0.90 - 5.20</td>
                                    <td>No information in source data</td>
                                    <td>Normal</td>
                                    <td>No information in source data</td>
                                    <td>Feb 14 2000 9:45 AM</td>
                                </tr>
                                <tr>
                                    <td>
                                        <content ID="Observation_044bfdbb68f5e4aff51c02">MONO ABS</content>
                                    </td>
                                    <td>
                                        <content ID="ObservationValue_6c474eb74f733eb13423f7">0.77</content>
                                    </td>
                                    <td>0.16 - 1.00</td>
                                    <td>No information in source data</td>
                                    <td>No information in source data</td>
                                    <td>No information in source data</td>
                                    <td>Feb 14 2000 9:45 AM</td>
                                </tr>
                                <tr>
                                    <td>
                                        <content ID="Observation_5b41809a7608acf255c127">EOS ABS</content>
                                    </td>
                                    <td>
                                        <content ID="ObservationValue_894c7baa38b15bc638d515">0.05</content>
                                    </td>
                                    <td>0.00 - 0.80</td>
                                    <td>No information in source data</td>
                                    <td>No information in source data</td>
                                    <td>No information in source data</td>
                                    <td>Feb 14 2000 9:45 AM</td>
                                </tr>
                                <tr>
                                    <td>
                                        <content ID="Observation_7d4c6786e717e8efbbe4fa">BASO ABS</content>
                                    </td>
                                    <td>
                                        <content ID="ObservationValue_3f4e9e9f5f927937cc9fc6">0.07</content>
                                    </td>
                                    <td>0.00 - 0.20</td>
                                    <td>No information in source data</td>
                                    <td>No information in source data</td>
                                    <td>No information in source data</td>
                                    <td>Feb 14 2000 9:45 AM</td>
                                </tr>
                                <tr>
                                    <td>
                                        <content ID="Observation_16437f8f48d1afee31a83c">LUC ABS</content>
                                    </td>
                                    <td>
                                        <content ID="ObservationValue_6c49b9a356481592990e0d">0.07</content>
                                    </td>
                                    <td>0.00 - 0.40</td>
                                    <td>No information in source data</td>
                                    <td>No information in source data</td>
                                    <td>No information in source data</td>
                                    <td>Feb 14 2000 9:45 AM</td>
                                </tr>
                                <tr>
                                    <td>
                                        <content ID="Observation_1446cb933e1885df326837">MAN BAND NEUT</content>
                                    </td>
                                    <td>
                                        <content ID="ObservationValue_454fedba80f8c2425ba79a">7</content>
                                    </td>
                                    <td>0 - 8</td>
                                    <td>No information in source data</td>
                                    <td>Normal</td>
                                    <td>No information in source data</td>
                                    <td>Feb 14 2000 9:45 AM</td>
                                </tr>
                                <tr>
                                    <td>
                                        <content ID="Observation_d24d838d9d2a3d8484a8d2">MAN SEG NEUT</content>
                                    </td>
                                    <td>
                                        <content ID="ObservationValue_f34e89a4853f2c2bef644a">71</content>
                                    </td>
                                    <td>40 - 74</td>
                                    <td>No information in source data</td>
                                    <td>No information in source data</td>
                                    <td>No information in source data</td>
                                    <td>Feb 14 2000 9:45 AM</td>
                                </tr>
                                <tr>
                                    <td>
                                        <content ID="Observation_304eb0933f247a5eaa6055">MAN LYMPH</content>
                                    </td>
                                    <td>
                                        <content ID="ObservationValue_d1426a97c54969422bf54f">23</content>
                                    </td>
                                    <td>19 - 48</td>
                                    <td>No information in source data</td>
                                    <td>Normal</td>
                                    <td>No information in source data</td>
                                    <td>Feb 14 2000 9:45 AM</td>
                                </tr>
                                <tr>
                                    <td>
                                        <content ID="Observation_8b46cdb9327026abef2f83">MAN MONO</content>
                                    </td>
                                    <td>
                                        <content ID="ObservationValue_524584b0731dae72d569e5">9</content>
                                    </td>
                                    <td>4 - 9</td>
                                    <td>No information in source data</td>
                                    <td>No information in source data</td>
                                    <td>No information in source data</td>
                                    <td>Feb 14 2000 9:45 AM</td>
                                </tr>
                                <tr>
                                    <td>
                                        <content ID="Observation_b148198315fc9a2be9f70e">MAN EOS</content>
                                    </td>
                                    <td>
                                        <content ID="ObservationValue_f749239761fc7ecf9fbaf1">3</content>
                                    </td>
                                    <td>0 - 7</td>
                                    <td>No information in source data</td>
                                    <td>No information in source data</td>
                                    <td>No information in source data</td>
                                    <td>Feb 14 2000 9:45 AM</td>
                                </tr>
                                <tr>
                                    <td>
                                        <content ID="Observation_394c85837c7427860dd088">MAN BASO</content>
                                    </td>
                                    <td>
                                        <content ID="ObservationValue_7a4cde8c02d5045bec2f70">0</content>
                                    </td>
                                    <td>0 - 2</td>
                                    <td>No information in source data</td>
                                    <td>No information in source data</td>
                                    <td>No information in source data</td>
                                    <td>Feb 14 2000 9:45 AM</td>
                                </tr>
                                <tr>
                                    <td>
                                        <content ID="Observation_b04221bffb5fdb3287c3b4">MAN METAMYL</content>
                                    </td>
                                    <td>
                                        <content ID="ObservationValue_fc4db48dddcae5c1808b1e">0</content>
                                    </td>
                                    <td>0 - 1</td>
                                    <td>No information in source data</td>
                                    <td>No information in source data</td>
                                    <td>No information in source data</td>
                                    <td>Feb 14 2000 9:45 AM</td>
                                </tr>
                                <tr>
                                    <td>
                                        <content ID="Observation_a940e88da8b12a0b535ab5">MAN MYELOCYTE</content>
                                    </td>
                                    <td>
                                        <content ID="ObservationValue_cf45a188bbac328e2c85a2">0</content>
                                    </td>
                                    <td>0 - 1</td>
                                    <td>No information in source data</td>
                                    <td>No information in source data</td>
                                    <td>No information in source data</td>
                                    <td>Feb 14 2000 9:45 AM</td>
                                </tr>
                                <tr>
                                    <td>
                                        <content ID="Observation_184ec491c1fd90c52e1528">MAN PROMYELO</content>
                                    </td>
                                    <td>
                                        <content ID="ObservationValue_c441a09fea8b1e9ab208c1">0</content>
                                    </td>
                                    <td>0 - 0</td>
                                    <td>No information in source data</td>
                                    <td>No information in source data</td>
                                    <td>No information in source data</td>
                                    <td>Feb 14 2000 9:45 AM</td>
                                </tr>
                                <tr>
                                    <td>
                                        <content ID="Observation_96435f86d626923a20e04c">MAN BLASTS</content>
                                    </td>
                                    <td>
                                        <content ID="ObservationValue_75442cbae2061c1fb7ab61">0</content>
                                    </td>
                                    <td>0 - 0</td>
                                    <td>No information in source data</td>
                                    <td>No information in source data</td>
                                    <td>No information in source data</td>
                                    <td>Feb 14 2000 9:45 AM</td>
                                </tr>
                                <tr>
                                    <td>
                                        <content ID="Observation_814574bdc1ae9d77d4ab88">PLATELET (EST)</content>
                                    </td>
                                    <td>
                                        <content ID="ObservationValue_c643e4922885287d05e951">10-12 PER_OIF</content>
                                    </td>
                                    <td>7 - 20</td>
                                    <td>No information in source data</td>
                                    <td>No information in source data</td>
                                    <td>
                                        <content ID="Comment_bb4d40b0ffa021d3815e1b">PLATELET COUNT CONSISTENT  WITH SLIDE REVIEW ESPLT  EACH PLATELET PER OIL IMMERSION FIELD REPRESENTS APPROXIMATELY        TWENTY THOUSAND PLATELETS PER CUBIC MILLIMETER.</content>
                                    </td>
                                    <td>Feb 14 2000 9:45 AM</td>
                                </tr>
                            </tbody>
                        </table>
                        <table>
                            <caption styleCode="bold">CBC</caption>
                            <thead>
                                <tr>
                                    <th>Observation</th>
                                    <th>Value</th>
                                    <th>Reference Range</th>
                                    <th>Units</th>
                                    <th>Interpretation</th>
                                    <th>Notes</th>
                                    <th>Date</th>
                                </tr>
                            </thead>
                            <tbody>
                                <tr>
                                    <td>
                                        <content ID="Observation_e44095b6dd04e9a012c4c8">WBC</content>
                                    </td>
                                    <td>
                                        <content ID="ObservationValue_0648198b456cda25cbace9">8.30</content>
                                    </td>
                                    <td>4.80 - 10.80</td>
                                    <td>No information in source data</td>
                                    <td>No information in source data</td>
                                    <td>No information in source data</td>
                                    <td>Feb 14 2000 9:45 AM</td>
                                </tr>
                                <tr>
                                    <td>
                                        <content ID="Observation_97408892313fff54667d48">HGB</content>
                                    </td>
                                    <td>
                                        <content ID="ObservationValue_194638a132aa09c03f4e8a">14.6</content>
                                    </td>
                                    <td>14.0 - 18.0</td>
                                    <td>No information in source data</td>
                                    <td>No information in source data</td>
                                    <td>No information in source data</td>
                                    <td>Feb 14 2000 9:45 AM</td>
                                </tr>
                                <tr>
                                    <td>
                                        <content ID="Observation_c441fa9baae67775566cd0">HCT</content>
                                    </td>
                                    <td>
                                        <content ID="ObservationValue_c745f49a2419f1e6b5cc0e">44.3</content>
                                    </td>
                                    <td>42.0 - 54.0</td>
                                    <td>No information in source data</td>
                                    <td>No information in source data</td>
                                    <td>No information in source data</td>
                                    <td>Feb 14 2000 9:45 AM</td>
                                </tr>
                                <tr>
                                    <td>
                                        <content ID="Observation_534dfc84d2d4aa9630fc03">PLATELETS</content>
                                    </td>
                                    <td>
                                        <content ID="ObservationValue_404008be85d1099acf5e2f">135</content>
                                    </td>
                                    <td>130 - 400</td>
                                    <td>No information in source data</td>
                                    <td>Normal</td>
                                    <td>No information in source data</td>
                                    <td>Feb 14 2000 9:45 AM</td>
                                </tr>
                                <tr>
                                    <td>
                                        <content ID="Observation_8c4fa095dfd038e32804da">RBC</content>
                                    </td>
                                    <td>
                                        <content ID="ObservationValue_f94218a8974f4ad325b817">4.79</content>
                                    </td>
                                    <td>4.70 - 6.10</td>
                                    <td>No information in source data</td>
                                    <td>No information in source data</td>
                                    <td>No information in source data</td>
                                    <td>Feb 14 2000 9:45 AM</td>
                                </tr>
                                <tr>
                                    <td>
                                        <content ID="Observation_cd4f3bbc3efe6f5cd2edc8">MCV</content>
                                    </td>
                                    <td>
                                        <content ID="ObservationValue_1a431ab3a1f130b67db242">92.4</content>
                                    </td>
                                    <td>83.0 - 99.0</td>
                                    <td>No information in source data</td>
                                    <td>No information in source data</td>
                                    <td>No information in source data</td>
                                    <td>Feb 14 2000 9:45 AM</td>
                                </tr>
                                <tr>
                                    <td>
                                        <content ID="Observation_c94c9cb1917311fd05db1b">MCH</content>
                                    </td>
                                    <td>
                                        <content ID="ObservationValue_f44e7d99102998b7dba252">30.5</content>
                                    </td>
                                    <td>27.0 - 32.0</td>
                                    <td>No information in source data</td>
                                    <td>No information in source data</td>
                                    <td>No information in source data</td>
                                    <td>Feb 14 2000 9:45 AM</td>
                                </tr>
                                <tr>
                                    <td>
                                        <content ID="Observation_c24ea898cc111fc395260b">MCHC</content>
                                    </td>
                                    <td>
                                        <content ID="ObservationValue_834f32bce1e91fb015f791">33.0</content>
                                    </td>
                                    <td>32.0 - 37.0</td>
                                    <td>No information in source data</td>
                                    <td>No information in source data</td>
                                    <td>No information in source data</td>
                                    <td>Feb 14 2000 9:45 AM</td>
                                </tr>
                                <tr>
                                    <td>
                                        <content ID="Observation_a04cff92d8d51c40f2c887">RDW</content>
                                    </td>
                                    <td>
                                        <content ID="ObservationValue_7740d28020e63ee54eb65a">14</content>
                                    </td>
                                    <td>11.5 - 14.5</td>
                                    <td>No information in source data</td>
                                    <td>Normal</td>
                                    <td>No information in source data</td>
                                    <td>Feb 14 2000 9:45 AM</td>
                                </tr>
                                <tr>
                                    <td>
                                        <content ID="Observation_e84ecc9f1d948d923e12d1">NEUT</content>
                                    </td>
                                    <td>
                                        <content ID="ObservationValue_ea4c7eb5a68e475075e367">69</content>
                                    </td>
                                    <td>40.0 - 74.0</td>
                                    <td>No information in source data</td>
                                    <td>Normal</td>
                                    <td>No information in source data</td>
                                    <td>Feb 14 2000 9:45 AM</td>
                                </tr>
                                <tr>
                                    <td>
                                        <content ID="Observation_424045ac12745a57a60754">LYMPH</content>
                                    </td>
                                    <td>
                                        <content ID="ObservationValue_8048fe935a20b033240108">20</content>
                                    </td>
                                    <td>19.0 - 48.0</td>
                                    <td>No information in source data</td>
                                    <td>Normal</td>
                                    <td>No information in source data</td>
                                    <td>Feb 14 2000 9:45 AM</td>
                                </tr>
                                <tr>
                                    <td>
                                        <content ID="Observation_964461a9e266a44bfb9751">MONO</content>
                                    </td>
                                    <td>
                                        <content ID="ObservationValue_4448b0ac0d556a0944c093">8.5</content>
                                    </td>
                                    <td>3.5 - 9.0</td>
                                    <td>No information in source data</td>
                                    <td>Normal</td>
                                    <td>No information in source data</td>
                                    <td>Feb 14 2000 9:45 AM</td>
                                </tr>
                                <tr>
                                    <td>
                                        <content ID="Observation_a34261b6844bb448c7459f">EOS</content>
                                    </td>
                                    <td>
                                        <content ID="ObservationValue_b6481cb3feb828f59b6e24">0.6</content>
                                    </td>
                                    <td>0.0 - 7.0</td>
                                    <td>No information in source data</td>
                                    <td>No information in source data</td>
                                    <td>No information in source data</td>
                                    <td>Feb 14 2000 9:45 AM</td>
                                </tr>
                                <tr>
                                    <td>
                                        <content ID="Observation_af4b84940a3615ac2ee289">BASO</content>
                                    </td>
                                    <td>
                                        <content ID="ObservationValue_cc407cbe4810ff9c93b81d">0.8</content>
                                    </td>
                                    <td>0.0 - 1.5</td>
                                    <td>No information in source data</td>
                                    <td>No information in source data</td>
                                    <td>No information in source data</td>
                                    <td>Feb 14 2000 9:45 AM</td>
                                </tr>
                                <tr>
                                    <td>
                                        <content ID="Observation_a94f198b270b07a0c2c8af">LGE UNST.CELL</content>
                                    </td>
                                    <td>
                                        <content ID="ObservationValue_3b4fddbf5f0f963e825181">0.8</content>
                                    </td>
                                    <td>0.0 - 4.0</td>
                                    <td>No information in source data</td>
                                    <td>No information in source data</td>
                                    <td>No information in source data</td>
                                    <td>Feb 14 2000 9:45 AM</td>
                                </tr>
                                <tr>
                                    <td>
                                        <content ID="Observation_df400a827bb680ab857141">NEUT ABS</content>
                                    </td>
                                    <td>
                                        <content ID="ObservationValue_2649918703b8f7a25446d4">6.72</content>
                                    </td>
                                    <td>1.90 - 8.00</td>
                                    <td>No information in source data</td>
                                    <td>No information in source data</td>
                                    <td>No information in source data</td>
                                    <td>Feb 14 2000 9:45 AM</td>
                                </tr>
                                <tr>
                                    <td>
                                        <content ID="Observation_4c4f898d1696b8919f25ce">LYMPH ABS</content>
                                    </td>
                                    <td>
                                        <content ID="ObservationValue_a446498f0f032943c765c9">1.3</content>
                                    </td>
                                    <td>0.90 - 5.20</td>
                                    <td>No information in source data</td>
                                    <td>Normal</td>
                                    <td>No information in source data</td>
                                    <td>Feb 14 2000 9:45 AM</td>
                                </tr>
                                <tr>
                                    <td>
                                        <content ID="Observation_2b45b59759a80d8f948a31">MONO ABS</content>
                                    </td>
                                    <td>
                                        <content ID="ObservationValue_3d428c910e0108c6929ffa">0.77</content>
                                    </td>
                                    <td>0.16 - 1.00</td>
                                    <td>No information in source data</td>
                                    <td>No information in source data</td>
                                    <td>No information in source data</td>
                                    <td>Feb 14 2000 9:45 AM</td>
                                </tr>
                                <tr>
                                    <td>
                                        <content ID="Observation_8e4212b2bea301349e88bd">EOS ABS</content>
                                    </td>
                                    <td>
                                        <content ID="ObservationValue_994126a1fccde152dbdb14">0.05</content>
                                    </td>
                                    <td>0.00 - 0.80</td>
                                    <td>No information in source data</td>
                                    <td>No information in source data</td>
                                    <td>No information in source data</td>
                                    <td>Feb 14 2000 9:45 AM</td>
                                </tr>
                                <tr>
                                    <td>
                                        <content ID="Observation_24415ab6f69ab899945e07">BASO ABS</content>
                                    </td>
                                    <td>
                                        <content ID="ObservationValue_e64e489b3301d34d944464">0.07</content>
                                    </td>
                                    <td>0.00 - 0.20</td>
                                    <td>No information in source data</td>
                                    <td>No information in source data</td>
                                    <td>No information in source data</td>
                                    <td>Feb 14 2000 9:45 AM</td>
                                </tr>
                                <tr>
                                    <td>
                                        <content ID="Observation_144e988f71a40fdaf2aa5c">LUC ABS</content>
                                    </td>
                                    <td>
                                        <content ID="ObservationValue_6148a2823643683ceaad32">0.07</content>
                                    </td>
                                    <td>0.00 - 0.40</td>
                                    <td>No information in source data</td>
                                    <td>No information in source data</td>
                                    <td>No information in source data</td>
                                    <td>Feb 14 2000 9:45 AM</td>
                                </tr>
                                <tr>
                                    <td>
                                        <content ID="Observation_2d4594ab3fcf3809e8e5d1">MAN BAND NEUT</content>
                                    </td>
                                    <td>
                                        <content ID="ObservationValue_7f4519a54a3fc333e3fd62">7</content>
                                    </td>
                                    <td>0 - 8</td>
                                    <td>No information in source data</td>
                                    <td>Normal</td>
                                    <td>No information in source data</td>
                                    <td>Feb 14 2000 9:45 AM</td>
                                </tr>
                                <tr>
                                    <td>
                                        <content ID="Observation_0040d08a714ee08bd045a4">MAN SEG NEUT</content>
                                    </td>
                                    <td>
                                        <content ID="ObservationValue_e541e7840d9287670dab9e">71</content>
                                    </td>
                                    <td>40 - 74</td>
                                    <td>No information in source data</td>
                                    <td>No information in source data</td>
                                    <td>No information in source data</td>
                                    <td>Feb 14 2000 9:45 AM</td>
                                </tr>
                                <tr>
                                    <td>
                                        <content ID="Observation_7240a3903fdede3c530c90">MAN LYMPH</content>
                                    </td>
                                    <td>
                                        <content ID="ObservationValue_294159b2b92d97529efc03">23</content>
                                    </td>
                                    <td>19 - 48</td>
                                    <td>No information in source data</td>
                                    <td>Normal</td>
                                    <td>No information in source data</td>
                                    <td>Feb 14 2000 9:45 AM</td>
                                </tr>
                                <tr>
                                    <td>
                                        <content ID="Observation_2e4e239efa147a0956a270">MAN MONO</content>
                                    </td>
                                    <td>
                                        <content ID="ObservationValue_c94113ac83d5d911a7840b">9</content>
                                    </td>
                                    <td>4 - 9</td>
                                    <td>No information in source data</td>
                                    <td>No information in source data</td>
                                    <td>No information in source data</td>
                                    <td>Feb 14 2000 9:45 AM</td>
                                </tr>
                                <tr>
                                    <td>
                                        <content ID="Observation_9c4ab4b107afc4fe32c227">MAN EOS</content>
                                    </td>
                                    <td>
                                        <content ID="ObservationValue_0e4b4c8d70d12c69006a91">3</content>
                                    </td>
                                    <td>0 - 7</td>
                                    <td>No information in source data</td>
                                    <td>No information in source data</td>
                                    <td>No information in source data</td>
                                    <td>Feb 14 2000 9:45 AM</td>
                                </tr>
                                <tr>
                                    <td>
                                        <content ID="Observation_214045a154b6ad6f33e083">MAN BASO</content>
                                    </td>
                                    <td>
                                        <content ID="ObservationValue_e745e2bd581d0ae2c682dd">0</content>
                                    </td>
                                    <td>0 - 2</td>
                                    <td>No information in source data</td>
                                    <td>No information in source data</td>
                                    <td>No information in source data</td>
                                    <td>Feb 14 2000 9:45 AM</td>
                                </tr>
                                <tr>
                                    <td>
                                        <content ID="Observation_ac41d4b8fb99f44dd67527">MAN METAMYL</content>
                                    </td>
                                    <td>
                                        <content ID="ObservationValue_e947a3aa7421e69a9b5e7f">0</content>
                                    </td>
                                    <td>0 - 1</td>
                                    <td>No information in source data</td>
                                    <td>No information in source data</td>
                                    <td>No information in source data</td>
                                    <td>Feb 14 2000 9:45 AM</td>
                                </tr>
                                <tr>
                                    <td>
                                        <content ID="Observation_454ff4b84db38d8aac58f6">MAN MYELOCYTE</content>
                                    </td>
                                    <td>
                                        <content ID="ObservationValue_4f4fdf829925ff5cd8a175">0</content>
                                    </td>
                                    <td>0 - 1</td>
                                    <td>No information in source data</td>
                                    <td>No information in source data</td>
                                    <td>No information in source data</td>
                                    <td>Feb 14 2000 9:45 AM</td>
                                </tr>
                                <tr>
                                    <td>
                                        <content ID="Observation_5e4a6eb280df794d2b977e">MAN PROMYELO</content>
                                    </td>
                                    <td>
                                        <content ID="ObservationValue_6f409ba8adb743a6d358b2">0</content>
                                    </td>
                                    <td>0 - 0</td>
                                    <td>No information in source data</td>
                                    <td>No information in source data</td>
                                    <td>No information in source data</td>
                                    <td>Feb 14 2000 9:45 AM</td>
                                </tr>
                                <tr>
                                    <td>
                                        <content ID="Observation_604d03b6c3bd2e3886276f">MAN BLASTS</content>
                                    </td>
                                    <td>
                                        <content ID="ObservationValue_d34ef29634fe67e29454d0">0</content>
                                    </td>
                                    <td>0 - 0</td>
                                    <td>No information in source data</td>
                                    <td>No information in source data</td>
                                    <td>No information in source data</td>
                                    <td>Feb 14 2000 9:45 AM</td>
                                </tr>
                                <tr>
                                    <td>
                                        <content ID="Observation_c34c5dab5cc74575777655">PLATELET (EST)</content>
                                    </td>
                                    <td>
                                        <content ID="ObservationValue_ac4aaa839d9ce785701bb9">10-12 PER_OIF</content>
                                    </td>
                                    <td>7 - 20</td>
                                    <td>No information in source data</td>
                                    <td>No information in source data</td>
                                    <td>
                                        <content ID="Comment_ec4b10aa035c6707d3b239">PLATELET COUNT CONSISTENT  WITH SLIDE REVIEW ESPLT  EACH PLATELET PER OIL IMMERSION FIELD REPRESENTS APPROXIMATELY        TWENTY THOUSAND PLATELETS PER CUBIC MILLIMETER.</content>
                                    </td>
                                    <td>Feb 14 2000 9:45 AM</td>
                                </tr>
                                <tr>
                                    <td>
                                        <content ID="Observation_774911af126b2664cb6f19">WBC</content>
                                    </td>
                                    <td>
                                        <content ID="ObservationValue_4c4df9b5ea68bca3b15cca">8.30</content>
                                    </td>
                                    <td>4.80 - 10.80</td>
                                    <td>No information in source data</td>
                                    <td>No information in source data</td>
                                    <td>No information in source data</td>
                                    <td>Feb 14 2000 9:45 AM</td>
                                </tr>
                            </tbody>
                        </table>
                        <table>
                            <caption styleCode="bold">AMYLASE SERUM</caption>
                            <thead>
                                <tr>
                                    <th>Observation</th>
                                    <th>Value</th>
                                    <th>Reference Range</th>
                                    <th>Units</th>
                                    <th>Interpretation</th>
                                    <th>Notes</th>
                                    <th>Date</th>
                                </tr>
                            </thead>
                            <tbody>
                                <tr>
                                    <td>
                                        <content ID="Observation_dd475b80e2bb7957b6a880">AMYLASE</content>
                                    </td>
                                    <td>
                                        <content ID="ObservationValue_374b069581e84a482b4fa5">26</content>
                                    </td>
                                    <td>12 - 87</td>
                                    <td>No information in source data</td>
                                    <td>No information in source data</td>
                                    <td>No information in source data</td>
                                    <td>Feb 14 2000 9:45 AM</td>
                                </tr>
                            </tbody>
                        </table>
                        <table>
                            <caption styleCode="bold">UA COMPLETE</caption>
                            <thead>
                                <tr>
                                    <th>Observation</th>
                                    <th>Value</th>
                                    <th>Reference Range</th>
                                    <th>Units</th>
                                    <th>Interpretation</th>
                                    <th>Notes</th>
                                    <th>Date</th>
                                </tr>
                            </thead>
                            <tbody>
                                <tr>
                                    <td>
                                        <content ID="Observation_60462ca65a1a4b4829ebc9">UA COLOR</content>
                                    </td>
                                    <td>
                                        <content ID="ObservationValue_b84c76bb44860730dcc843">YELLOW</content>
                                    </td>
                                    <td>YELLOW-STRAW</td>
                                    <td>No information in source data</td>
                                    <td>No information in source data</td>
                                    <td>
                                        <content ID="Comment_f2421296ba336485923c77">URINE SAVED - CALL LAB WITHIN 24HR IF FURTHER WORKUP REQUIRED</content>
                                    </td>
                                    <td>Feb 14 2000 9:45 AM</td>
                                </tr>
                                <tr>
                                    <td>
                                        <content ID="Observation_3b46bf918f94de4848c5c0">UA APPEARANCE</content>
                                    </td>
                                    <td>
                                        <content ID="ObservationValue_9c495090abe24cfbc71e10">CLEAR</content>
                                    </td>
                                    <td>CLEAR</td>
                                    <td>No information in source data</td>
                                    <td>No information in source data</td>
                                    <td>No information in source data</td>
                                    <td>Feb 14 2000 9:45 AM</td>
                                </tr>
                                <tr>
                                    <td>
                                        <content ID="Observation_e34cedbc427e89e2923a09">UA SPEC GRAV</content>
                                    </td>
                                    <td>
                                        <content ID="ObservationValue_d9450d83707b9b051d2dc3">1.016 ION.CONC</content>
                                    </td>
                                    <td>1.003 - 1.030</td>
                                    <td>No information in source data</td>
                                    <td>No information in source data</td>
                                    <td>No information in source data</td>
                                    <td>Feb 14 2000 9:45 AM</td>
                                </tr>
                                <tr>
                                    <td>
                                        <content ID="Observation_0b442c9c83d098e545d39f">UA PH</content>
                                    </td>
                                    <td>
                                        <content ID="ObservationValue_6b4a3da43ba2429e528dfc">6.5</content>
                                    </td>
                                    <td>6.0 - 8.0</td>
                                    <td>No information in source data</td>
                                    <td>Normal</td>
                                    <td>No information in source data</td>
                                    <td>Feb 14 2000 9:45 AM</td>
                                </tr>
                                <tr>
                                    <td>
                                        <content ID="Observation_ba4bacbbebcacaec202f50">UA GLUCOSE</content>
                                    </td>
                                    <td>
                                        <content ID="ObservationValue_fd4b4cbe05b15199184738">NORMAL MG/DL</content>
                                    </td>
                                    <td>NORMAL</td>
                                    <td>No information in source data</td>
                                    <td>No information in source data</td>
                                    <td>No information in source data</td>
                                    <td>Feb 14 2000 9:45 AM</td>
                                </tr>
                                <tr>
                                    <td>
                                        <content ID="Observation_634ef787f05edf3e1a1ee9">UA BILIRUBIN</content>
                                    </td>
                                    <td>
                                        <content ID="ObservationValue_2c4e169d87ffc620e2496f">NEGATIVE MG/DL</content>
                                    </td>
                                    <td>NEGATIVE</td>
                                    <td>No information in source data</td>
                                    <td>No information in source data</td>
                                    <td>No information in source data</td>
                                    <td>Feb 14 2000 9:45 AM</td>
                                </tr>
                                <tr>
                                    <td>
                                        <content ID="Observation_d742719f8c0385ddb126ea">UA KETONE</content>
                                    </td>
                                    <td>
                                        <content ID="ObservationValue_414f9a9aafc0e3d87dd892">NEGATIVE MG/DL</content>
                                    </td>
                                    <td>NEGATIVE</td>
                                    <td>No information in source data</td>
                                    <td>No information in source data</td>
                                    <td>No information in source data</td>
                                    <td>Feb 14 2000 9:45 AM</td>
                                </tr>
                                <tr>
                                    <td>
                                        <content ID="Observation_774119a11bf91b7b31ca34">UA BLOOD</content>
                                    </td>
                                    <td>
                                        <content ID="ObservationValue_1049b288616fd663b9b401">NEGATIVE</content>
                                    </td>
                                    <td>NEGATIVE</td>
                                    <td>No information in source data</td>
                                    <td>No information in source data</td>
                                    <td>No information in source data</td>
                                    <td>Feb 14 2000 9:45 AM</td>
                                </tr>
                                <tr>
                                    <td>
                                        <content ID="Observation_6749a8bbd0ed1cf21d56a5">UA PROTEIN</content>
                                    </td>
                                    <td>
                                        <content ID="ObservationValue_e54f55aad0f9a52f1d7857">100 MG/DL</content>
                                    </td>
                                    <td>NEGATIVE</td>
                                    <td>No information in source data</td>
                                    <td>No information in source data</td>
                                    <td>No information in source data</td>
                                    <td>Feb 14 2000 9:45 AM</td>
                                </tr>
                                <tr>
                                    <td>
                                        <content ID="Observation_0a4aab9b873f659e2ba508">UA UROBILINOGEN</content>
                                    </td>
                                    <td>
                                        <content ID="ObservationValue_c04c609a1ad07d6f6efb21">NORMAL MG/DL</content>
                                    </td>
                                    <td>NORMAL</td>
                                    <td>No information in source data</td>
                                    <td>No information in source data</td>
                                    <td>No information in source data</td>
                                    <td>Feb 14 2000 9:45 AM</td>
                                </tr>
                                <tr>
                                    <td>
                                        <content ID="Observation_994e8287eb15a79071ad85">UA NITRITE</content>
                                    </td>
                                    <td>
                                        <content ID="ObservationValue_8349138c1a3db20cf657e7">NEGATIVE MG/DL</content>
                                    </td>
                                    <td>NEGATIVE</td>
                                    <td>No information in source data</td>
                                    <td>No information in source data</td>
                                    <td>No information in source data</td>
                                    <td>Feb 14 2000 9:45 AM</td>
                                </tr>
                                <tr>
                                    <td>
                                        <content ID="Observation_a446018930c122a8a94752">UA LEUK ESTER</content>
                                    </td>
                                    <td>
                                        <content ID="ObservationValue_b44431bbb3164f0b841c9e">NORMAL</content>
                                    </td>
                                    <td>NORMAL</td>
                                    <td>No information in source data</td>
                                    <td>No information in source data</td>
                                    <td>No information in source data</td>
                                    <td>Feb 14 2000 9:45 AM</td>
                                </tr>
                                <tr>
                                    <td>
                                        <content ID="Observation_33444a9f579147a5d7dde8">UA ASCORBIC ACD</content>
                                    </td>
                                    <td>
                                        <content ID="ObservationValue_cf4006a69ad21bb5f3afd6">NEGATIVE MG/DL</content>
                                    </td>
                                    <td>NEGATIVE</td>
                                    <td>No information in source data</td>
                                    <td>No information in source data</td>
                                    <td>
                                        <content ID="Comment_4848bca863fb34b2d62a39">UAASC  ELEVATED ASCORBIC ACID LEVELS CAN INTERFERE WITH TEST AND        PRODUCE FALSELY LOWER RESULTS FOR BLOOD, BILIRUBIN,        NITRITE AND GLUCOSE</content>
                                    </td>
                                    <td>Feb 14 2000 9:45 AM</td>
                                </tr>
                                <tr>
                                    <td>
                                        <content ID="Observation_0f437fb4a24d4f46bb3193">UA RBC</content>
                                    </td>
                                    <td>
                                        <content ID="ObservationValue_de4f418eb43f3d469676de">0-2 /HPF</content>
                                    </td>
                                    <td>0-2-NONE SEEN</td>
                                    <td>No information in source data</td>
                                    <td>No information in source data</td>
                                    <td>No information in source data</td>
                                    <td>Feb 14 2000 9:45 AM</td>
                                </tr>
                                <tr>
                                    <td>
                                        <content ID="Observation_e44c2f84d1c167cab22534">UA WBC</content>
                                    </td>
                                    <td>
                                        <content ID="ObservationValue_bf45269b38e28c1961e9f2">NONE SEEN /HPF</content>
                                    </td>
                                    <td>NONESEEN-0-5</td>
                                    <td>No information in source data</td>
                                    <td>Normal</td>
                                    <td>No information in source data</td>
                                    <td>Feb 14 2000 9:45 AM</td>
                                </tr>
                                <tr>
                                    <td>
                                        <content ID="Observation_fb4e019abcea37b46eafd6">UA BACTERIA</content>
                                    </td>
                                    <td>
                                        <content ID="ObservationValue_e146dd8beca65a70e2e90a">NONE SEEN</content>
                                    </td>
                                    <td>NONESEEN-TRACE</td>
                                    <td>No information in source data</td>
                                    <td>No information in source data</td>
                                    <td>No information in source data</td>
                                    <td>Feb 14 2000 9:45 AM</td>
                                </tr>
                                <tr>
                                    <td>
                                        <content ID="Observation_c5453b8a96a78a742dec55">UA SQUAM EPITH</content>
                                    </td>
                                    <td>
                                        <content ID="ObservationValue_a142bb9435e9865b2ac01e">6-10 /HPF</content>
                                    </td>
                                    <td>0-5-6-10</td>
                                    <td>No information in source data</td>
                                    <td>No information in source data</td>
                                    <td>No information in source data</td>
                                    <td>Feb 14 2000 9:45 AM</td>
                                </tr>
                            </tbody>
                        </table>
                        <table>
                            <caption styleCode="bold">CBC</caption>
                            <thead>
                                <tr>
                                    <th>Observation</th>
                                    <th>Value</th>
                                    <th>Reference Range</th>
                                    <th>Units</th>
                                    <th>Interpretation</th>
                                    <th>Notes</th>
                                    <th>Date</th>
                                </tr>
                            </thead>
                            <tbody>
                                <tr>
                                    <td>
                                        <content ID="Observation_cf4b57b1529f5c840360c8">WBC</content>
                                    </td>
                                    <td>
                                        <content ID="ObservationValue_3d4007a4e814f8891c0421">8.30</content>
                                    </td>
                                    <td>4.80 - 10.80</td>
                                    <td>No information in source data</td>
                                    <td>No information in source data</td>
                                    <td>No information in source data</td>
                                    <td>Feb 14 2000 9:45 AM</td>
                                </tr>
                                <tr>
                                    <td>
                                        <content ID="Observation_db45d5890ebdbcef48c569">HGB</content>
                                    </td>
                                    <td>
                                        <content ID="ObservationValue_9d4138bdfe80fe87d2741a">14.6</content>
                                    </td>
                                    <td>14.0 - 18.0</td>
                                    <td>No information in source data</td>
                                    <td>No information in source data</td>
                                    <td>No information in source data</td>
                                    <td>Feb 14 2000 9:45 AM</td>
                                </tr>
                                <tr>
                                    <td>
                                        <content ID="Observation_ca481186de8c1fbcb1ca39">HCT</content>
                                    </td>
                                    <td>
                                        <content ID="ObservationValue_174f44b2824474cef6ad3b">44.3</content>
                                    </td>
                                    <td>42.0 - 54.0</td>
                                    <td>No information in source data</td>
                                    <td>No information in source data</td>
                                    <td>No information in source data</td>
                                    <td>Feb 14 2000 9:45 AM</td>
                                </tr>
                                <tr>
                                    <td>
                                        <content ID="Observation_0444a9a84f47db55bcc84b">PLATELETS</content>
                                    </td>
                                    <td>
                                        <content ID="ObservationValue_7a4e15bf5930015ad1ffcd">135</content>
                                    </td>
                                    <td>130 - 400</td>
                                    <td>No information in source data</td>
                                    <td>Normal</td>
                                    <td>No information in source data</td>
                                    <td>Feb 14 2000 9:45 AM</td>
                                </tr>
                                <tr>
                                    <td>
                                        <content ID="Observation_be4a438ae37febda47292d">RBC</content>
                                    </td>
                                    <td>
                                        <content ID="ObservationValue_e44a53939c2500028cbfd2">4.79</content>
                                    </td>
                                    <td>4.70 - 6.10</td>
                                    <td>No information in source data</td>
                                    <td>No information in source data</td>
                                    <td>No information in source data</td>
                                    <td>Feb 14 2000 9:45 AM</td>
                                </tr>
                                <tr>
                                    <td>
                                        <content ID="Observation_ad4062ab2f4f970c0c55fe">MCV</content>
                                    </td>
                                    <td>
                                        <content ID="ObservationValue_a5450cb0062dd8c0e3c0e0">92.4</content>
                                    </td>
                                    <td>83.0 - 99.0</td>
                                    <td>No information in source data</td>
                                    <td>No information in source data</td>
                                    <td>No information in source data</td>
                                    <td>Feb 14 2000 9:45 AM</td>
                                </tr>
                                <tr>
                                    <td>
                                        <content ID="Observation_cb41a195d79e59d8b6191f">MCH</content>
                                    </td>
                                    <td>
                                        <content ID="ObservationValue_314471bce791124e69eea3">30.5</content>
                                    </td>
                                    <td>27.0 - 32.0</td>
                                    <td>No information in source data</td>
                                    <td>No information in source data</td>
                                    <td>No information in source data</td>
                                    <td>Feb 14 2000 9:45 AM</td>
                                </tr>
                                <tr>
                                    <td>
                                        <content ID="Observation_794508a56921e067994875">MCHC</content>
                                    </td>
                                    <td>
                                        <content ID="ObservationValue_3943619e27089b98bec9c7">33.0</content>
                                    </td>
                                    <td>32.0 - 37.0</td>
                                    <td>No information in source data</td>
                                    <td>No information in source data</td>
                                    <td>No information in source data</td>
                                    <td>Feb 14 2000 9:45 AM</td>
                                </tr>
                                <tr>
                                    <td>
                                        <content ID="Observation_144d269455400cdf8427b9">RDW</content>
                                    </td>
                                    <td>
                                        <content ID="ObservationValue_654b04ac5e9e4938f60b30">14</content>
                                    </td>
                                    <td>11.5 - 14.5</td>
                                    <td>No information in source data</td>
                                    <td>Normal</td>
                                    <td>No information in source data</td>
                                    <td>Feb 14 2000 9:45 AM</td>
                                </tr>
                                <tr>
                                    <td>
                                        <content ID="Observation_3948c9a989e1d8977c40ff">NEUT</content>
                                    </td>
                                    <td>
                                        <content ID="ObservationValue_6b4bcba4dd70ce6e8fc0fc">69</content>
                                    </td>
                                    <td>40.0 - 74.0</td>
                                    <td>No information in source data</td>
                                    <td>Normal</td>
                                    <td>No information in source data</td>
                                    <td>Feb 14 2000 9:45 AM</td>
                                </tr>
                                <tr>
                                    <td>
                                        <content ID="Observation_bc4753a6095b968fbe3482">LYMPH</content>
                                    </td>
                                    <td>
                                        <content ID="ObservationValue_714c79a97ff7abc65d886f">20</content>
                                    </td>
                                    <td>19.0 - 48.0</td>
                                    <td>No information in source data</td>
                                    <td>Normal</td>
                                    <td>No information in source data</td>
                                    <td>Feb 14 2000 9:45 AM</td>
                                </tr>
                                <tr>
                                    <td>
                                        <content ID="Observation_ee4eae8a739a63508efa85">MONO</content>
                                    </td>
                                    <td>
                                        <content ID="ObservationValue_1149ceb9f936f50ca293dc">8.5</content>
                                    </td>
                                    <td>3.5 - 9.0</td>
                                    <td>No information in source data</td>
                                    <td>Normal</td>
                                    <td>No information in source data</td>
                                    <td>Feb 14 2000 9:45 AM</td>
                                </tr>
                                <tr>
                                    <td>
                                        <content ID="Observation_574b43b4c43852e7cb325f">EOS</content>
                                    </td>
                                    <td>
                                        <content ID="ObservationValue_ab48399a31cde37c3ad58f">0.6</content>
                                    </td>
                                    <td>0.0 - 7.0</td>
                                    <td>No information in source data</td>
                                    <td>No information in source data</td>
                                    <td>No information in source data</td>
                                    <td>Feb 14 2000 9:45 AM</td>
                                </tr>
                                <tr>
                                    <td>
                                        <content ID="Observation_854a60bc1e8f5650e48bdb">BASO</content>
                                    </td>
                                    <td>
                                        <content ID="ObservationValue_5f497c90483f90afe494ab">0.8</content>
                                    </td>
                                    <td>0.0 - 1.5</td>
                                    <td>No information in source data</td>
                                    <td>No information in source data</td>
                                    <td>No information in source data</td>
                                    <td>Feb 14 2000 9:45 AM</td>
                                </tr>
                                <tr>
                                    <td>
                                        <content ID="Observation_314265b896f8a63a6e7324">LGE UNST.CELL</content>
                                    </td>
                                    <td>
                                        <content ID="ObservationValue_1a4179b762a94eb0813608">0.8</content>
                                    </td>
                                    <td>0.0 - 4.0</td>
                                    <td>No information in source data</td>
                                    <td>No information in source data</td>
                                    <td>No information in source data</td>
                                    <td>Feb 14 2000 9:45 AM</td>
                                </tr>
                                <tr>
                                    <td>
                                        <content ID="Observation_e84cd0b38aaa4d8d1c3d68">NEUT ABS</content>
                                    </td>
                                    <td>
                                        <content ID="ObservationValue_9a433faa69f8335a78666e">6.72</content>
                                    </td>
                                    <td>1.90 - 8.00</td>
                                    <td>No information in source data</td>
                                    <td>No information in source data</td>
                                    <td>No information in source data</td>
                                    <td>Feb 14 2000 9:45 AM</td>
                                </tr>
                                <tr>
                                    <td>
                                        <content ID="Observation_b54cb2830cefb64adae27f">LYMPH ABS</content>
                                    </td>
                                    <td>
                                        <content ID="ObservationValue_7a48d48cca3e85ad6f4f50">1.3</content>
                                    </td>
                                    <td>0.90 - 5.20</td>
                                    <td>No information in source data</td>
                                    <td>Normal</td>
                                    <td>No information in source data</td>
                                    <td>Feb 14 2000 9:45 AM</td>
                                </tr>
                                <tr>
                                    <td>
                                        <content ID="Observation_2447a0938193e2eccae9eb">MONO ABS</content>
                                    </td>
                                    <td>
                                        <content ID="ObservationValue_ac4b2f8f3ff85dbf466ddf">0.77</content>
                                    </td>
                                    <td>0.16 - 1.00</td>
                                    <td>No information in source data</td>
                                    <td>No information in source data</td>
                                    <td>No information in source data</td>
                                    <td>Feb 14 2000 9:45 AM</td>
                                </tr>
                                <tr>
                                    <td>
                                        <content ID="Observation_2b46bdb2cd6ef403400a8d">EOS ABS</content>
                                    </td>
                                    <td>
                                        <content ID="ObservationValue_014b7ebe83cac1124b1e84">0.05</content>
                                    </td>
                                    <td>0.00 - 0.80</td>
                                    <td>No information in source data</td>
                                    <td>No information in source data</td>
                                    <td>No information in source data</td>
                                    <td>Feb 14 2000 9:45 AM</td>
                                </tr>
                                <tr>
                                    <td>
                                        <content ID="Observation_f14468b4d608868c8fa82b">BASO ABS</content>
                                    </td>
                                    <td>
                                        <content ID="ObservationValue_c4453e851b088990e35e2c">0.07</content>
                                    </td>
                                    <td>0.00 - 0.20</td>
                                    <td>No information in source data</td>
                                    <td>No information in source data</td>
                                    <td>No information in source data</td>
                                    <td>Feb 14 2000 9:45 AM</td>
                                </tr>
                                <tr>
                                    <td>
                                        <content ID="Observation_084516b6ebd656cb610d46">LUC ABS</content>
                                    </td>
                                    <td>
                                        <content ID="ObservationValue_6a4207a86a600e3f9bc034">0.07</content>
                                    </td>
                                    <td>0.00 - 0.40</td>
                                    <td>No information in source data</td>
                                    <td>No information in source data</td>
                                    <td>No information in source data</td>
                                    <td>Feb 14 2000 9:45 AM</td>
                                </tr>
                                <tr>
                                    <td>
                                        <content ID="Observation_6a4982a2682dc22bb01d9c">MAN BAND NEUT</content>
                                    </td>
                                    <td>
                                        <content ID="ObservationValue_c84462a299c3d90c1e3a9d">7</content>
                                    </td>
                                    <td>0 - 8</td>
                                    <td>No information in source data</td>
                                    <td>Normal</td>
                                    <td>No information in source data</td>
                                    <td>Feb 14 2000 9:45 AM</td>
                                </tr>
                                <tr>
                                    <td>
                                        <content ID="Observation_3e4c39bc522624ad3861e3">MAN SEG NEUT</content>
                                    </td>
                                    <td>
                                        <content ID="ObservationValue_e9427f96a039d6bcc524e8">71</content>
                                    </td>
                                    <td>40 - 74</td>
                                    <td>No information in source data</td>
                                    <td>No information in source data</td>
                                    <td>No information in source data</td>
                                    <td>Feb 14 2000 9:45 AM</td>
                                </tr>
                                <tr>
                                    <td>
                                        <content ID="Observation_e0444ab11b286b19c2b685">MAN LYMPH</content>
                                    </td>
                                    <td>
                                        <content ID="ObservationValue_0047258a15f4604d51dde3">23</content>
                                    </td>
                                    <td>19 - 48</td>
                                    <td>No information in source data</td>
                                    <td>Normal</td>
                                    <td>No information in source data</td>
                                    <td>Feb 14 2000 9:45 AM</td>
                                </tr>
                                <tr>
                                    <td>
                                        <content ID="Observation_3948f5a229cda260ad1905">MAN MONO</content>
                                    </td>
                                    <td>
                                        <content ID="ObservationValue_4b4eba9b9f34267353444a">9</content>
                                    </td>
                                    <td>4 - 9</td>
                                    <td>No information in source data</td>
                                    <td>No information in source data</td>
                                    <td>No information in source data</td>
                                    <td>Feb 14 2000 9:45 AM</td>
                                </tr>
                                <tr>
                                    <td>
                                        <content ID="Observation_f14a268a6491d331ba84b4">MAN EOS</content>
                                    </td>
                                    <td>
                                        <content ID="ObservationValue_f246aabf0013cec237d880">3</content>
                                    </td>
                                    <td>0 - 7</td>
                                    <td>No information in source data</td>
                                    <td>No information in source data</td>
                                    <td>No information in source data</td>
                                    <td>Feb 14 2000 9:45 AM</td>
                                </tr>
                                <tr>
                                    <td>
                                        <content ID="Observation_2a4eaabe9cbbda27115eb5">MAN BASO</content>
                                    </td>
                                    <td>
                                        <content ID="ObservationValue_464fa69c28f5e90a6c9270">0</content>
                                    </td>
                                    <td>0 - 2</td>
                                    <td>No information in source data</td>
                                    <td>No information in source data</td>
                                    <td>No information in source data</td>
                                    <td>Feb 14 2000 9:45 AM</td>
                                </tr>
                                <tr>
                                    <td>
                                        <content ID="Observation_fc4fcc8ca713ae0cee2c4d">MAN METAMYL</content>
                                    </td>
                                    <td>
                                        <content ID="ObservationValue_804741885869f636d8878b">0</content>
                                    </td>
                                    <td>0 - 1</td>
                                    <td>No information in source data</td>
                                    <td>No information in source data</td>
                                    <td>No information in source data</td>
                                    <td>Feb 14 2000 9:45 AM</td>
                                </tr>
                                <tr>
                                    <td>
                                        <content ID="Observation_364505b998ad1bd0664e14">MAN MYELOCYTE</content>
                                    </td>
                                    <td>
                                        <content ID="ObservationValue_2643a6ae312f12595017a1">0</content>
                                    </td>
                                    <td>0 - 1</td>
                                    <td>No information in source data</td>
                                    <td>No information in source data</td>
                                    <td>No information in source data</td>
                                    <td>Feb 14 2000 9:45 AM</td>
                                </tr>
                                <tr>
                                    <td>
                                        <content ID="Observation_2b47e692f5ab50d28bf799">MAN PROMYELO</content>
                                    </td>
                                    <td>
                                        <content ID="ObservationValue_934e4086918e113a1435ca">0</content>
                                    </td>
                                    <td>0 - 0</td>
                                    <td>No information in source data</td>
                                    <td>No information in source data</td>
                                    <td>No information in source data</td>
                                    <td>Feb 14 2000 9:45 AM</td>
                                </tr>
                                <tr>
                                    <td>
                                        <content ID="Observation_ae4cee98517672656c0236">MAN BLASTS</content>
                                    </td>
                                    <td>
                                        <content ID="ObservationValue_2f4f5ebabe3e0279b40dea">0</content>
                                    </td>
                                    <td>0 - 0</td>
                                    <td>No information in source data</td>
                                    <td>No information in source data</td>
                                    <td>No information in source data</td>
                                    <td>Feb 14 2000 9:45 AM</td>
                                </tr>
                                <tr>
                                    <td>
                                        <content ID="Observation_6d4bfcaeb87a601cad3098">PLATELET (EST)</content>
                                    </td>
                                    <td>
                                        <content ID="ObservationValue_2e49cd823e917c2aa4fca8">10-12 PER_OIF</content>
                                    </td>
                                    <td>7 - 20</td>
                                    <td>No information in source data</td>
                                    <td>No information in source data</td>
                                    <td>
                                        <content ID="Comment_c64a2c8dd2c091fb00f87a">PLATELET COUNT CONSISTENT  WITH SLIDE REVIEW ESPLT  EACH PLATELET PER OIL IMMERSION FIELD REPRESENTS APPROXIMATELY        TWENTY THOUSAND PLATELETS PER CUBIC MILLIMETER.</content>
                                    </td>
                                    <td>Feb 14 2000 9:45 AM</td>
                                </tr>
                            </tbody>
                        </table>
                        <table>
                            <caption styleCode="bold">CBC</caption>
                            <thead>
                                <tr>
                                    <th>Observation</th>
                                    <th>Value</th>
                                    <th>Reference Range</th>
                                    <th>Units</th>
                                    <th>Interpretation</th>
                                    <th>Notes</th>
                                    <th>Date</th>
                                </tr>
                            </thead>
                            <tbody>
                                <tr>
                                    <td>
                                        <content ID="Observation_7744a0a3521db2b7031ff9">WBC</content>
                                    </td>
                                    <td>
                                        <content ID="ObservationValue_b643cd930ba51df2475ed9">8.30</content>
                                    </td>
                                    <td>4.80 - 10.80</td>
                                    <td>No information in source data</td>
                                    <td>No information in source data</td>
                                    <td>No information in source data</td>
                                    <td>Feb 14 2000 9:45 AM</td>
                                </tr>
                                <tr>
                                    <td>
                                        <content ID="Observation_5f403d86594e3fdb928988">HGB</content>
                                    </td>
                                    <td>
                                        <content ID="ObservationValue_3c41029044c8d2e966121f">14.6</content>
                                    </td>
                                    <td>14.0 - 18.0</td>
                                    <td>No information in source data</td>
                                    <td>No information in source data</td>
                                    <td>No information in source data</td>
                                    <td>Feb 14 2000 9:45 AM</td>
                                </tr>
                                <tr>
                                    <td>
                                        <content ID="Observation_ae4931a9245c00819b3d61">HCT</content>
                                    </td>
                                    <td>
                                        <content ID="ObservationValue_e142a3bcabf02293877ca3">44.3</content>
                                    </td>
                                    <td>42.0 - 54.0</td>
                                    <td>No information in source data</td>
                                    <td>No information in source data</td>
                                    <td>No information in source data</td>
                                    <td>Feb 14 2000 9:45 AM</td>
                                </tr>
                                <tr>
                                    <td>
                                        <content ID="Observation_6742829cd5f5f1f75a3405">PLATELETS</content>
                                    </td>
                                    <td>
                                        <content ID="ObservationValue_9246ce9d7e5d33906e256d">135</content>
                                    </td>
                                    <td>130 - 400</td>
                                    <td>No information in source data</td>
                                    <td>Normal</td>
                                    <td>No information in source data</td>
                                    <td>Feb 14 2000 9:45 AM</td>
                                </tr>
                                <tr>
                                    <td>
                                        <content ID="Observation_1744d586b354664a767865">RBC</content>
                                    </td>
                                    <td>
                                        <content ID="ObservationValue_da417c86895088c4b33ede">4.79</content>
                                    </td>
                                    <td>4.70 - 6.10</td>
                                    <td>No information in source data</td>
                                    <td>No information in source data</td>
                                    <td>No information in source data</td>
                                    <td>Feb 14 2000 9:45 AM</td>
                                </tr>
                                <tr>
                                    <td>
                                        <content ID="Observation_66481fb5bb245f64976edf">MCV</content>
                                    </td>
                                    <td>
                                        <content ID="ObservationValue_664b788b5f420263fca03f">92.4</content>
                                    </td>
                                    <td>83.0 - 99.0</td>
                                    <td>No information in source data</td>
                                    <td>No information in source data</td>
                                    <td>No information in source data</td>
                                    <td>Feb 14 2000 9:45 AM</td>
                                </tr>
                                <tr>
                                    <td>
                                        <content ID="Observation_bf4f6bb780eebd38787a58">MCH</content>
                                    </td>
                                    <td>
                                        <content ID="ObservationValue_6b4bc190531ad0fc1f46dd">30.5</content>
                                    </td>
                                    <td>27.0 - 32.0</td>
                                    <td>No information in source data</td>
                                    <td>No information in source data</td>
                                    <td>No information in source data</td>
                                    <td>Feb 14 2000 9:45 AM</td>
                                </tr>
                                <tr>
                                    <td>
                                        <content ID="Observation_784f678c8abbdf4eac4a7a">MCHC</content>
                                    </td>
                                    <td>
                                        <content ID="ObservationValue_b6486ba64d3c7149f22bb7">33.0</content>
                                    </td>
                                    <td>32.0 - 37.0</td>
                                    <td>No information in source data</td>
                                    <td>No information in source data</td>
                                    <td>No information in source data</td>
                                    <td>Feb 14 2000 9:45 AM</td>
                                </tr>
                                <tr>
                                    <td>
                                        <content ID="Observation_2a42c9bc569eb2bbad28d3">RDW</content>
                                    </td>
                                    <td>
                                        <content ID="ObservationValue_e14ffe8f89036582a1e498">14</content>
                                    </td>
                                    <td>11.5 - 14.5</td>
                                    <td>No information in source data</td>
                                    <td>Normal</td>
                                    <td>No information in source data</td>
                                    <td>Feb 14 2000 9:45 AM</td>
                                </tr>
                                <tr>
                                    <td>
                                        <content ID="Observation_6f4974847c576c7d9012dc">NEUT</content>
                                    </td>
                                    <td>
                                        <content ID="ObservationValue_254ce3a1ca8a23cdd37050">69</content>
                                    </td>
                                    <td>40.0 - 74.0</td>
                                    <td>No information in source data</td>
                                    <td>Normal</td>
                                    <td>No information in source data</td>
                                    <td>Feb 14 2000 9:45 AM</td>
                                </tr>
                                <tr>
                                    <td>
                                        <content ID="Observation_4a490ba8271bfff3a3a286">LYMPH</content>
                                    </td>
                                    <td>
                                        <content ID="ObservationValue_bc402e95695561e1404a77">20</content>
                                    </td>
                                    <td>19.0 - 48.0</td>
                                    <td>No information in source data</td>
                                    <td>Normal</td>
                                    <td>No information in source data</td>
                                    <td>Feb 14 2000 9:45 AM</td>
                                </tr>
                                <tr>
                                    <td>
                                        <content ID="Observation_4248e9becfffe8daf97a62">MONO</content>
                                    </td>
                                    <td>
                                        <content ID="ObservationValue_3346e09f1ecaac7679f932">8.5</content>
                                    </td>
                                    <td>3.5 - 9.0</td>
                                    <td>No information in source data</td>
                                    <td>Normal</td>
                                    <td>No information in source data</td>
                                    <td>Feb 14 2000 9:45 AM</td>
                                </tr>
                                <tr>
                                    <td>
                                        <content ID="Observation_d44b90901dab9c51e78b01">EOS</content>
                                    </td>
                                    <td>
                                        <content ID="ObservationValue_5b4ea687dba3b178aa65a0">0.6</content>
                                    </td>
                                    <td>0.0 - 7.0</td>
                                    <td>No information in source data</td>
                                    <td>No information in source data</td>
                                    <td>No information in source data</td>
                                    <td>Feb 14 2000 9:45 AM</td>
                                </tr>
                                <tr>
                                    <td>
                                        <content ID="Observation_c244baa641c45dce04b57d">BASO</content>
                                    </td>
                                    <td>
                                        <content ID="ObservationValue_014879a5f5ec43a3c2035a">0.8</content>
                                    </td>
                                    <td>0.0 - 1.5</td>
                                    <td>No information in source data</td>
                                    <td>No information in source data</td>
                                    <td>No information in source data</td>
                                    <td>Feb 14 2000 9:45 AM</td>
                                </tr>
                                <tr>
                                    <td>
                                        <content ID="Observation_b645b2badd4777eb7b6a9d">LGE UNST.CELL</content>
                                    </td>
                                    <td>
                                        <content ID="ObservationValue_da47b5a0f901543aee2547">0.8</content>
                                    </td>
                                    <td>0.0 - 4.0</td>
                                    <td>No information in source data</td>
                                    <td>No information in source data</td>
                                    <td>No information in source data</td>
                                    <td>Feb 14 2000 9:45 AM</td>
                                </tr>
                                <tr>
                                    <td>
                                        <content ID="Observation_a743c09870bcd21b53a3f0">NEUT ABS</content>
                                    </td>
                                    <td>
                                        <content ID="ObservationValue_bf476d8c842b9c4a679e5e">6.72</content>
                                    </td>
                                    <td>1.90 - 8.00</td>
                                    <td>No information in source data</td>
                                    <td>No information in source data</td>
                                    <td>No information in source data</td>
                                    <td>Feb 14 2000 9:45 AM</td>
                                </tr>
                                <tr>
                                    <td>
                                        <content ID="Observation_9a477da4d3893e8eb6a589">LYMPH ABS</content>
                                    </td>
                                    <td>
                                        <content ID="ObservationValue_314b42b9eddb61be0aef57">1.3</content>
                                    </td>
                                    <td>0.90 - 5.20</td>
                                    <td>No information in source data</td>
                                    <td>Normal</td>
                                    <td>No information in source data</td>
                                    <td>Feb 14 2000 9:45 AM</td>
                                </tr>
                                <tr>
                                    <td>
                                        <content ID="Observation_674a32a6536e243f46d8ad">MONO ABS</content>
                                    </td>
                                    <td>
                                        <content ID="ObservationValue_b24d889db8b3f20ac4b22e">0.77</content>
                                    </td>
                                    <td>0.16 - 1.00</td>
                                    <td>No information in source data</td>
                                    <td>No information in source data</td>
                                    <td>No information in source data</td>
                                    <td>Feb 14 2000 9:45 AM</td>
                                </tr>
                                <tr>
                                    <td>
                                        <content ID="Observation_4a4988a75b1cfb7dc8816c">EOS ABS</content>
                                    </td>
                                    <td>
                                        <content ID="ObservationValue_84402985471158de9111bc">0.05</content>
                                    </td>
                                    <td>0.00 - 0.80</td>
                                    <td>No information in source data</td>
                                    <td>No information in source data</td>
                                    <td>No information in source data</td>
                                    <td>Feb 14 2000 9:45 AM</td>
                                </tr>
                                <tr>
                                    <td>
                                        <content ID="Observation_f1451aa7d37b71464bc0bf">BASO ABS</content>
                                    </td>
                                    <td>
                                        <content ID="ObservationValue_f446408a91ade92824f218">0.07</content>
                                    </td>
                                    <td>0.00 - 0.20</td>
                                    <td>No information in source data</td>
                                    <td>No information in source data</td>
                                    <td>No information in source data</td>
                                    <td>Feb 14 2000 9:45 AM</td>
                                </tr>
                                <tr>
                                    <td>
                                        <content ID="Observation_224339bd41eb28df40ab6b">LUC ABS</content>
                                    </td>
                                    <td>
                                        <content ID="ObservationValue_864e7eac595e66d1b0bbc4">0.07</content>
                                    </td>
                                    <td>0.00 - 0.40</td>
                                    <td>No information in source data</td>
                                    <td>No information in source data</td>
                                    <td>No information in source data</td>
                                    <td>Feb 14 2000 9:45 AM</td>
                                </tr>
                                <tr>
                                    <td>
                                        <content ID="Observation_ae4728a016e9ff55d4c049">MAN BAND NEUT</content>
                                    </td>
                                    <td>
                                        <content ID="ObservationValue_bd46819d3f9d76eb36ca62">7</content>
                                    </td>
                                    <td>0 - 8</td>
                                    <td>No information in source data</td>
                                    <td>Normal</td>
                                    <td>No information in source data</td>
                                    <td>Feb 14 2000 9:45 AM</td>
                                </tr>
                                <tr>
                                    <td>
                                        <content ID="Observation_594a24be6343a2b619c540">MAN SEG NEUT</content>
                                    </td>
                                    <td>
                                        <content ID="ObservationValue_ff4a48a9d703b3d2bd4279">71</content>
                                    </td>
                                    <td>40 - 74</td>
                                    <td>No information in source data</td>
                                    <td>No information in source data</td>
                                    <td>No information in source data</td>
                                    <td>Feb 14 2000 9:45 AM</td>
                                </tr>
                                <tr>
                                    <td>
                                        <content ID="Observation_dd46b99817815f0b041864">MAN LYMPH</content>
                                    </td>
                                    <td>
                                        <content ID="ObservationValue_81451aa84511d4149e3958">23</content>
                                    </td>
                                    <td>19 - 48</td>
                                    <td>No information in source data</td>
                                    <td>Normal</td>
                                    <td>No information in source data</td>
                                    <td>Feb 14 2000 9:45 AM</td>
                                </tr>
                                <tr>
                                    <td>
                                        <content ID="Observation_404e5484409506e09c89a6">MAN MONO</content>
                                    </td>
                                    <td>
                                        <content ID="ObservationValue_ea4e57b6b23b16e2e1c6ab">9</content>
                                    </td>
                                    <td>4 - 9</td>
                                    <td>No information in source data</td>
                                    <td>No information in source data</td>
                                    <td>No information in source data</td>
                                    <td>Feb 14 2000 9:45 AM</td>
                                </tr>
                                <tr>
                                    <td>
                                        <content ID="Observation_c24af7a3971c739da1702b">MAN EOS</content>
                                    </td>
                                    <td>
                                        <content ID="ObservationValue_194d1ebacd7917fbd8b068">3</content>
                                    </td>
                                    <td>0 - 7</td>
                                    <td>No information in source data</td>
                                    <td>No information in source data</td>
                                    <td>No information in source data</td>
                                    <td>Feb 14 2000 9:45 AM</td>
                                </tr>
                                <tr>
                                    <td>
                                        <content ID="Observation_d14c82ad1e6757687274b0">MAN BASO</content>
                                    </td>
                                    <td>
                                        <content ID="ObservationValue_76428998d6098a28e706c6">0</content>
                                    </td>
                                    <td>0 - 2</td>
                                    <td>No information in source data</td>
                                    <td>No information in source data</td>
                                    <td>No information in source data</td>
                                    <td>Feb 14 2000 9:45 AM</td>
                                </tr>
                                <tr>
                                    <td>
                                        <content ID="Observation_274e10b234a126f93925c5">MAN METAMYL</content>
                                    </td>
                                    <td>
                                        <content ID="ObservationValue_a94b3e8bbf58a3672579d2">0</content>
                                    </td>
                                    <td>0 - 1</td>
                                    <td>No information in source data</td>
                                    <td>No information in source data</td>
                                    <td>No information in source data</td>
                                    <td>Feb 14 2000 9:45 AM</td>
                                </tr>
                                <tr>
                                    <td>
                                        <content ID="Observation_5b417c80dfe770b1cabd20">MAN MYELOCYTE</content>
                                    </td>
                                    <td>
                                        <content ID="ObservationValue_ea442fa9832d2aeb089093">0</content>
                                    </td>
                                    <td>0 - 1</td>
                                    <td>No information in source data</td>
                                    <td>No information in source data</td>
                                    <td>No information in source data</td>
                                    <td>Feb 14 2000 9:45 AM</td>
                                </tr>
                                <tr>
                                    <td>
                                        <content ID="Observation_2647b7b23125eef78d8391">MAN PROMYELO</content>
                                    </td>
                                    <td>
                                        <content ID="ObservationValue_104a0293f8162fb68d8128">0</content>
                                    </td>
                                    <td>0 - 0</td>
                                    <td>No information in source data</td>
                                    <td>No information in source data</td>
                                    <td>No information in source data</td>
                                    <td>Feb 14 2000 9:45 AM</td>
                                </tr>
                                <tr>
                                    <td>
                                        <content ID="Observation_cc49dda1a118f69cbd22d2">MAN BLASTS</content>
                                    </td>
                                    <td>
                                        <content ID="ObservationValue_724f20b9229c9ec7a9a9d2">0</content>
                                    </td>
                                    <td>0 - 0</td>
                                    <td>No information in source data</td>
                                    <td>No information in source data</td>
                                    <td>No information in source data</td>
                                    <td>Feb 14 2000 9:45 AM</td>
                                </tr>
                                <tr>
                                    <td>
                                        <content ID="Observation_2f4430807aaa8492c28bd5">PLATELET (EST)</content>
                                    </td>
                                    <td>
                                        <content ID="ObservationValue_e3484ca6756b457756ed15">10-12 PER_OIF</content>
                                    </td>
                                    <td>7 - 20</td>
                                    <td>No information in source data</td>
                                    <td>No information in source data</td>
                                    <td>
                                        <content ID="Comment_1b488eace0ae1b8165153a">PLATELET COUNT CONSISTENT  WITH SLIDE REVIEW ESPLT  EACH PLATELET PER OIL IMMERSION FIELD REPRESENTS APPROXIMATELY        TWENTY THOUSAND PLATELETS PER CUBIC MILLIMETER.</content>
                                    </td>
                                    <td>Feb 14 2000 9:45 AM</td>
                                </tr>
                            </tbody>
                        </table>
                        <table>
                            <caption styleCode="bold">AMYLASE SERUM</caption>
                            <thead>
                                <tr>
                                    <th>Observation</th>
                                    <th>Value</th>
                                    <th>Reference Range</th>
                                    <th>Units</th>
                                    <th>Interpretation</th>
                                    <th>Notes</th>
                                    <th>Date</th>
                                </tr>
                            </thead>
                            <tbody>
                                <tr>
                                    <td>
                                        <content ID="Observation_c342588e5b00dd8cca48bd">AMYLASE</content>
                                    </td>
                                    <td>
                                        <content ID="ObservationValue_344519831d8ecd4b19b039">26</content>
                                    </td>
                                    <td>12 - 87</td>
                                    <td>No information in source data</td>
                                    <td>No information in source data</td>
                                    <td>No information in source data</td>
                                    <td>Feb 14 2000 9:45 AM</td>
                                </tr>
                            </tbody>
                        </table>
                        <table>
                            <caption styleCode="bold">UA COMPLETE</caption>
                            <thead>
                                <tr>
                                    <th>Observation</th>
                                    <th>Value</th>
                                    <th>Reference Range</th>
                                    <th>Units</th>
                                    <th>Interpretation</th>
                                    <th>Notes</th>
                                    <th>Date</th>
                                </tr>
                            </thead>
                            <tbody>
                                <tr>
                                    <td>
                                        <content ID="Observation_d44b38b2429c526a66be79">UA COLOR</content>
                                    </td>
                                    <td>
                                        <content ID="ObservationValue_e94d6297537e9c0850c52f">YELLOW</content>
                                    </td>
                                    <td>YELLOW-STRAW</td>
                                    <td>No information in source data</td>
                                    <td>No information in source data</td>
                                    <td>
                                        <content ID="Comment_0047d2b8c19e0a82ef88f2">URINE SAVED - CALL LAB WITHIN 24HR IF FURTHER WORKUP REQUIRED</content>
                                    </td>
                                    <td>Feb 14 2000 9:45 AM</td>
                                </tr>
                                <tr>
                                    <td>
                                        <content ID="Observation_4a49b5b3e6d5ba48344061">UA APPEARANCE</content>
                                    </td>
                                    <td>
                                        <content ID="ObservationValue_fc4dff93594e30a775ca99">CLEAR</content>
                                    </td>
                                    <td>CLEAR</td>
                                    <td>No information in source data</td>
                                    <td>No information in source data</td>
                                    <td>No information in source data</td>
                                    <td>Feb 14 2000 9:45 AM</td>
                                </tr>
                                <tr>
                                    <td>
                                        <content ID="Observation_8348afaca842e0ade78328">UA SPEC GRAV</content>
                                    </td>
                                    <td>
                                        <content ID="ObservationValue_c24080a7b1e819be1b9f37">1.016 ION.CONC</content>
                                    </td>
                                    <td>1.003 - 1.030</td>
                                    <td>No information in source data</td>
                                    <td>No information in source data</td>
                                    <td>No information in source data</td>
                                    <td>Feb 14 2000 9:45 AM</td>
                                </tr>
                                <tr>
                                    <td>
                                        <content ID="Observation_9c4cdab51ff5b55ba3966f">UA PH</content>
                                    </td>
                                    <td>
                                        <content ID="ObservationValue_2749d1a327f8f063cacc2a">6.5</content>
                                    </td>
                                    <td>6.0 - 8.0</td>
                                    <td>No information in source data</td>
                                    <td>Normal</td>
                                    <td>No information in source data</td>
                                    <td>Feb 14 2000 9:45 AM</td>
                                </tr>
                                <tr>
                                    <td>
                                        <content ID="Observation_ba4d4daeead8e69613ea40">UA GLUCOSE</content>
                                    </td>
                                    <td>
                                        <content ID="ObservationValue_cb471faeaf2cc42c112155">NORMAL MG/DL</content>
                                    </td>
                                    <td>NORMAL</td>
                                    <td>No information in source data</td>
                                    <td>No information in source data</td>
                                    <td>No information in source data</td>
                                    <td>Feb 14 2000 9:45 AM</td>
                                </tr>
                                <tr>
                                    <td>
                                        <content ID="Observation_f84e919538bc47c7403f67">UA BILIRUBIN</content>
                                    </td>
                                    <td>
                                        <content ID="ObservationValue_9b45948521b42790ceb946">NEGATIVE MG/DL</content>
                                    </td>
                                    <td>NEGATIVE</td>
                                    <td>No information in source data</td>
                                    <td>No information in source data</td>
                                    <td>No information in source data</td>
                                    <td>Feb 14 2000 9:45 AM</td>
                                </tr>
                                <tr>
                                    <td>
                                        <content ID="Observation_c84c83a48fa10415aeb475">UA KETONE</content>
                                    </td>
                                    <td>
                                        <content ID="ObservationValue_59422daff700ba5bed0050">NEGATIVE MG/DL</content>
                                    </td>
                                    <td>NEGATIVE</td>
                                    <td>No information in source data</td>
                                    <td>No information in source data</td>
                                    <td>No information in source data</td>
                                    <td>Feb 14 2000 9:45 AM</td>
                                </tr>
                                <tr>
                                    <td>
                                        <content ID="Observation_1e4e5fbb407d92ff78b2c0">UA BLOOD</content>
                                    </td>
                                    <td>
                                        <content ID="ObservationValue_054659b665b100998dd9c5">NEGATIVE</content>
                                    </td>
                                    <td>NEGATIVE</td>
                                    <td>No information in source data</td>
                                    <td>No information in source data</td>
                                    <td>No information in source data</td>
                                    <td>Feb 14 2000 9:45 AM</td>
                                </tr>
                                <tr>
                                    <td>
                                        <content ID="Observation_6d4b7189d3443762c78ee2">UA PROTEIN</content>
                                    </td>
                                    <td>
                                        <content ID="ObservationValue_f945b8b31b1a27d57117a3">100 MG/DL</content>
                                    </td>
                                    <td>NEGATIVE</td>
                                    <td>No information in source data</td>
                                    <td>No information in source data</td>
                                    <td>No information in source data</td>
                                    <td>Feb 14 2000 9:45 AM</td>
                                </tr>
                                <tr>
                                    <td>
                                        <content ID="Observation_0b4109a2fa300231d24507">UA UROBILINOGEN</content>
                                    </td>
                                    <td>
                                        <content ID="ObservationValue_604b4a9770db97c4fd20fb">NORMAL MG/DL</content>
                                    </td>
                                    <td>NORMAL</td>
                                    <td>No information in source data</td>
                                    <td>No information in source data</td>
                                    <td>No information in source data</td>
                                    <td>Feb 14 2000 9:45 AM</td>
                                </tr>
                                <tr>
                                    <td>
                                        <content ID="Observation_0042e398fb806f07c68d2f">UA NITRITE</content>
                                    </td>
                                    <td>
                                        <content ID="ObservationValue_8c40cf84a5b7090c3f3d24">NEGATIVE MG/DL</content>
                                    </td>
                                    <td>NEGATIVE</td>
                                    <td>No information in source data</td>
                                    <td>No information in source data</td>
                                    <td>No information in source data</td>
                                    <td>Feb 14 2000 9:45 AM</td>
                                </tr>
                                <tr>
                                    <td>
                                        <content ID="Observation_114b34aec837b3875192cd">UA LEUK ESTER</content>
                                    </td>
                                    <td>
                                        <content ID="ObservationValue_4744839ba0b1a4e59c70a9">NORMAL</content>
                                    </td>
                                    <td>NORMAL</td>
                                    <td>No information in source data</td>
                                    <td>No information in source data</td>
                                    <td>No information in source data</td>
                                    <td>Feb 14 2000 9:45 AM</td>
                                </tr>
                                <tr>
                                    <td>
                                        <content ID="Observation_0141339f4b88528c3789cb">UA ASCORBIC ACD</content>
                                    </td>
                                    <td>
                                        <content ID="ObservationValue_c04fe49fea06861f1b9a8a">NEGATIVE MG/DL</content>
                                    </td>
                                    <td>NEGATIVE</td>
                                    <td>No information in source data</td>
                                    <td>No information in source data</td>
                                    <td>
                                        <content ID="Comment_f048e1bdffd9c47defb668">UAASC  ELEVATED ASCORBIC ACID LEVELS CAN INTERFERE WITH TEST AND        PRODUCE FALSELY LOWER RESULTS FOR BLOOD, BILIRUBIN,        NITRITE AND GLUCOSE</content>
                                    </td>
                                    <td>Feb 14 2000 9:45 AM</td>
                                </tr>
                                <tr>
                                    <td>
                                        <content ID="Observation_d34e14962c442adba6c89f">UA RBC</content>
                                    </td>
                                    <td>
                                        <content ID="ObservationValue_9046cfaae356aac7f429a9">0-2 /HPF</content>
                                    </td>
                                    <td>0-2-NONE SEEN</td>
                                    <td>No information in source data</td>
                                    <td>No information in source data</td>
                                    <td>No information in source data</td>
                                    <td>Feb 14 2000 9:45 AM</td>
                                </tr>
                                <tr>
                                    <td>
                                        <content ID="Observation_f349058045ac42dbdf0d60">UA WBC</content>
                                    </td>
                                    <td>
                                        <content ID="ObservationValue_2e4a188b7d668c6fec0251">NONE SEEN /HPF</content>
                                    </td>
                                    <td>NONESEEN-0-5</td>
                                    <td>No information in source data</td>
                                    <td>Normal</td>
                                    <td>No information in source data</td>
                                    <td>Feb 14 2000 9:45 AM</td>
                                </tr>
                                <tr>
                                    <td>
                                        <content ID="Observation_a944b280f690f87404408b">UA BACTERIA</content>
                                    </td>
                                    <td>
                                        <content ID="ObservationValue_e646ea9c6bed950ccc6968">NONE SEEN</content>
                                    </td>
                                    <td>NONESEEN-TRACE</td>
                                    <td>No information in source data</td>
                                    <td>No information in source data</td>
                                    <td>No information in source data</td>
                                    <td>Feb 14 2000 9:45 AM</td>
                                </tr>
                                <tr>
                                    <td>
                                        <content ID="Observation_a9449d80ef5df859bc9f8d">UA SQUAM EPITH</content>
                                    </td>
                                    <td>
                                        <content ID="ObservationValue_9e43dca9026ac1ba2388aa">6-10 /HPF</content>
                                    </td>
                                    <td>0-5-6-10</td>
                                    <td>No information in source data</td>
                                    <td>No information in source data</td>
                                    <td>No information in source data</td>
                                    <td>Feb 14 2000 9:45 AM</td>
                                </tr>
                            </tbody>
                        </table>
                        <table>
                            <caption styleCode="bold">UA COMPLETE</caption>
                            <thead>
                                <tr>
                                    <th>Observation</th>
                                    <th>Value</th>
                                    <th>Reference Range</th>
                                    <th>Units</th>
                                    <th>Interpretation</th>
                                    <th>Notes</th>
                                    <th>Date</th>
                                </tr>
                            </thead>
                            <tbody>
                                <tr>
                                    <td>
                                        <content ID="Observation_31464ead8809a9ff1aa5d7">UA COLOR</content>
                                    </td>
                                    <td>
                                        <content ID="ObservationValue_bf48c3bcfb5f74b9837adc">YELLOW</content>
                                    </td>
                                    <td>YELLOW-STRAW</td>
                                    <td>No information in source data</td>
                                    <td>No information in source data</td>
                                    <td>
                                        <content ID="Comment_eb402b9284980777158a48">URINE SAVED - CALL LAB WITHIN 24HR IF FURTHER WORKUP REQUIRED</content>
                                    </td>
                                    <td>Feb 14 2000 9:45 AM</td>
                                </tr>
                                <tr>
                                    <td>
                                        <content ID="Observation_4741ac964999536ef75e2a">UA APPEARANCE</content>
                                    </td>
                                    <td>
                                        <content ID="ObservationValue_d144deb2057874132ee227">CLEAR</content>
                                    </td>
                                    <td>CLEAR</td>
                                    <td>No information in source data</td>
                                    <td>No information in source data</td>
                                    <td>No information in source data</td>
                                    <td>Feb 14 2000 9:45 AM</td>
                                </tr>
                                <tr>
                                    <td>
                                        <content ID="Observation_864a8aa99821c89fad9b53">UA SPEC GRAV</content>
                                    </td>
                                    <td>
                                        <content ID="ObservationValue_744022abfb6da4995b33c6">1.016 ION.CONC</content>
                                    </td>
                                    <td>1.003 - 1.030</td>
                                    <td>No information in source data</td>
                                    <td>No information in source data</td>
                                    <td>No information in source data</td>
                                    <td>Feb 14 2000 9:45 AM</td>
                                </tr>
                                <tr>
                                    <td>
                                        <content ID="Observation_a343f4b92036e6b728485c">UA PH</content>
                                    </td>
                                    <td>
                                        <content ID="ObservationValue_684aeab7ab5297025c93ac">6.5</content>
                                    </td>
                                    <td>6.0 - 8.0</td>
                                    <td>No information in source data</td>
                                    <td>Normal</td>
                                    <td>No information in source data</td>
                                    <td>Feb 14 2000 9:45 AM</td>
                                </tr>
                                <tr>
                                    <td>
                                        <content ID="Observation_9540db92be85ab3dc9c04c">UA GLUCOSE</content>
                                    </td>
                                    <td>
                                        <content ID="ObservationValue_e34af6923aa075f75ab280">NORMAL MG/DL</content>
                                    </td>
                                    <td>NORMAL</td>
                                    <td>No information in source data</td>
                                    <td>No information in source data</td>
                                    <td>No information in source data</td>
                                    <td>Feb 14 2000 9:45 AM</td>
                                </tr>
                                <tr>
                                    <td>
                                        <content ID="Observation_2a4eedab73096b8e5b5c4c">UA BILIRUBIN</content>
                                    </td>
                                    <td>
                                        <content ID="ObservationValue_76432c9f50c86495dbd4c1">NEGATIVE MG/DL</content>
                                    </td>
                                    <td>NEGATIVE</td>
                                    <td>No information in source data</td>
                                    <td>No information in source data</td>
                                    <td>No information in source data</td>
                                    <td>Feb 14 2000 9:45 AM</td>
                                </tr>
                                <tr>
                                    <td>
                                        <content ID="Observation_f348889a3156233388d14f">UA KETONE</content>
                                    </td>
                                    <td>
                                        <content ID="ObservationValue_5b4a2f91545200f631a19c">NEGATIVE MG/DL</content>
                                    </td>
                                    <td>NEGATIVE</td>
                                    <td>No information in source data</td>
                                    <td>No information in source data</td>
                                    <td>No information in source data</td>
                                    <td>Feb 14 2000 9:45 AM</td>
                                </tr>
                                <tr>
                                    <td>
                                        <content ID="Observation_674c4397ad89717929d8d0">UA BLOOD</content>
                                    </td>
                                    <td>
                                        <content ID="ObservationValue_5f4e3193bc41eea6178045">NEGATIVE</content>
                                    </td>
                                    <td>NEGATIVE</td>
                                    <td>No information in source data</td>
                                    <td>No information in source data</td>
                                    <td>No information in source data</td>
                                    <td>Feb 14 2000 9:45 AM</td>
                                </tr>
                                <tr>
                                    <td>
                                        <content ID="Observation_664cfc94f15048d89725be">UA PROTEIN</content>
                                    </td>
                                    <td>
                                        <content ID="ObservationValue_0c40f688fd6ab27e2f460a">100 MG/DL</content>
                                    </td>
                                    <td>NEGATIVE</td>
                                    <td>No information in source data</td>
                                    <td>No information in source data</td>
                                    <td>No information in source data</td>
                                    <td>Feb 14 2000 9:45 AM</td>
                                </tr>
                                <tr>
                                    <td>
                                        <content ID="Observation_8a4925ad0c59f8c6719010">UA UROBILINOGEN</content>
                                    </td>
                                    <td>
                                        <content ID="ObservationValue_c447fcb3698ac0db4e7a96">NORMAL MG/DL</content>
                                    </td>
                                    <td>NORMAL</td>
                                    <td>No information in source data</td>
                                    <td>No information in source data</td>
                                    <td>No information in source data</td>
                                    <td>Feb 14 2000 9:45 AM</td>
                                </tr>
                                <tr>
                                    <td>
                                        <content ID="Observation_d84faab2e8f3bf8b4a65a4">UA NITRITE</content>
                                    </td>
                                    <td>
                                        <content ID="ObservationValue_8743b0a07474a97903cd23">NEGATIVE MG/DL</content>
                                    </td>
                                    <td>NEGATIVE</td>
                                    <td>No information in source data</td>
                                    <td>No information in source data</td>
                                    <td>No information in source data</td>
                                    <td>Feb 14 2000 9:45 AM</td>
                                </tr>
                                <tr>
                                    <td>
                                        <content ID="Observation_794a02b43b77c59366af31">UA LEUK ESTER</content>
                                    </td>
                                    <td>
                                        <content ID="ObservationValue_c6444e83d8d0089adc2239">NORMAL</content>
                                    </td>
                                    <td>NORMAL</td>
                                    <td>No information in source data</td>
                                    <td>No information in source data</td>
                                    <td>No information in source data</td>
                                    <td>Feb 14 2000 9:45 AM</td>
                                </tr>
                                <tr>
                                    <td>
                                        <content ID="Observation_2f49589979c7e3e2e8f5c4">UA ASCORBIC ACD</content>
                                    </td>
                                    <td>
                                        <content ID="ObservationValue_7642c09d10efbd51d11899">NEGATIVE MG/DL</content>
                                    </td>
                                    <td>NEGATIVE</td>
                                    <td>No information in source data</td>
                                    <td>No information in source data</td>
                                    <td>
                                        <content ID="Comment_b04e1f997d091c6f66b479">UAASC  ELEVATED ASCORBIC ACID LEVELS CAN INTERFERE WITH TEST AND        PRODUCE FALSELY LOWER RESULTS FOR BLOOD, BILIRUBIN,        NITRITE AND GLUCOSE</content>
                                    </td>
                                    <td>Feb 14 2000 9:45 AM</td>
                                </tr>
                                <tr>
                                    <td>
                                        <content ID="Observation_6b41d191383418f56703fd">UA RBC</content>
                                    </td>
                                    <td>
                                        <content ID="ObservationValue_bb4eee9d02f40c40c3083f">0-2 /HPF</content>
                                    </td>
                                    <td>0-2-NONE SEEN</td>
                                    <td>No information in source data</td>
                                    <td>No information in source data</td>
                                    <td>No information in source data</td>
                                    <td>Feb 14 2000 9:45 AM</td>
                                </tr>
                                <tr>
                                    <td>
                                        <content ID="Observation_2d47969be2bcf12e39ca65">UA WBC</content>
                                    </td>
                                    <td>
                                        <content ID="ObservationValue_7a4b87939dd287fdf61af9">NONE SEEN /HPF</content>
                                    </td>
                                    <td>NONESEEN-0-5</td>
                                    <td>No information in source data</td>
                                    <td>Normal</td>
                                    <td>No information in source data</td>
                                    <td>Feb 14 2000 9:45 AM</td>
                                </tr>
                                <tr>
                                    <td>
                                        <content ID="Observation_5d457294ea9ca6212f845c">UA BACTERIA</content>
                                    </td>
                                    <td>
                                        <content ID="ObservationValue_ad47138eaf2392c8c0038b">NONE SEEN</content>
                                    </td>
                                    <td>NONESEEN-TRACE</td>
                                    <td>No information in source data</td>
                                    <td>No information in source data</td>
                                    <td>No information in source data</td>
                                    <td>Feb 14 2000 9:45 AM</td>
                                </tr>
                                <tr>
                                    <td>
                                        <content ID="Observation_d54e3c8ed5b6d3abc03883">UA SQUAM EPITH</content>
                                    </td>
                                    <td>
                                        <content ID="ObservationValue_4b435184ced878f7e438fc">6-10 /HPF</content>
                                    </td>
                                    <td>0-5-6-10</td>
                                    <td>No information in source data</td>
                                    <td>No information in source data</td>
                                    <td>No information in source data</td>
                                    <td>Feb 14 2000 9:45 AM</td>
                                </tr>
                            </tbody>
                        </table>
                        <table>
                            <caption styleCode="bold">CBC</caption>
                            <thead>
                                <tr>
                                    <th>Observation</th>
                                    <th>Value</th>
                                    <th>Reference Range</th>
                                    <th>Units</th>
                                    <th>Interpretation</th>
                                    <th>Notes</th>
                                    <th>Date</th>
                                </tr>
                            </thead>
                            <tbody>
                                <tr>
                                    <td>
                                        <content ID="Observation_4f489980dce30755f89d72">WBC</content>
                                    </td>
                                    <td>
                                        <content ID="ObservationValue_544a6cb1693fc186e1997e">8.30</content>
                                    </td>
                                    <td>4.80 - 10.80</td>
                                    <td>No information in source data</td>
                                    <td>No information in source data</td>
                                    <td>No information in source data</td>
                                    <td>Feb 14 2000 9:45 AM</td>
                                </tr>
                                <tr>
                                    <td>
                                        <content ID="Observation_6643b1b636d8df265a677b">HGB</content>
                                    </td>
                                    <td>
                                        <content ID="ObservationValue_29491a81bb1f6f5ff2e6a5">14.6</content>
                                    </td>
                                    <td>14.0 - 18.0</td>
                                    <td>No information in source data</td>
                                    <td>No information in source data</td>
                                    <td>No information in source data</td>
                                    <td>Feb 14 2000 9:45 AM</td>
                                </tr>
                                <tr>
                                    <td>
                                        <content ID="Observation_264191bdc00e496b87457c">HCT</content>
                                    </td>
                                    <td>
                                        <content ID="ObservationValue_2c46a1ac09001fedf629b3">44.3</content>
                                    </td>
                                    <td>42.0 - 54.0</td>
                                    <td>No information in source data</td>
                                    <td>No information in source data</td>
                                    <td>No information in source data</td>
                                    <td>Feb 14 2000 9:45 AM</td>
                                </tr>
                                <tr>
                                    <td>
                                        <content ID="Observation_e44426b46fbd7231f6e534">PLATELETS</content>
                                    </td>
                                    <td>
                                        <content ID="ObservationValue_2c4d1ebb89624e11340661">135</content>
                                    </td>
                                    <td>130 - 400</td>
                                    <td>No information in source data</td>
                                    <td>Normal</td>
                                    <td>No information in source data</td>
                                    <td>Feb 14 2000 9:45 AM</td>
                                </tr>
                                <tr>
                                    <td>
                                        <content ID="Observation_38456db2e9d077289412c7">RBC</content>
                                    </td>
                                    <td>
                                        <content ID="ObservationValue_ea44da8c345f004655c367">4.79</content>
                                    </td>
                                    <td>4.70 - 6.10</td>
                                    <td>No information in source data</td>
                                    <td>No information in source data</td>
                                    <td>No information in source data</td>
                                    <td>Feb 14 2000 9:45 AM</td>
                                </tr>
                                <tr>
                                    <td>
                                        <content ID="Observation_7a4404b68b5ef376f28525">MCV</content>
                                    </td>
                                    <td>
                                        <content ID="ObservationValue_e34e4f83f1ed901f7215f3">92.4</content>
                                    </td>
                                    <td>83.0 - 99.0</td>
                                    <td>No information in source data</td>
                                    <td>No information in source data</td>
                                    <td>No information in source data</td>
                                    <td>Feb 14 2000 9:45 AM</td>
                                </tr>
                                <tr>
                                    <td>
                                        <content ID="Observation_b241778356b7a027c63f87">MCH</content>
                                    </td>
                                    <td>
                                        <content ID="ObservationValue_454916b9ad73ad38090a49">30.5</content>
                                    </td>
                                    <td>27.0 - 32.0</td>
                                    <td>No information in source data</td>
                                    <td>No information in source data</td>
                                    <td>No information in source data</td>
                                    <td>Feb 14 2000 9:45 AM</td>
                                </tr>
                                <tr>
                                    <td>
                                        <content ID="Observation_44497a86d3979bbea31200">MCHC</content>
                                    </td>
                                    <td>
                                        <content ID="ObservationValue_ee45e1a1f45493729d7599">33.0</content>
                                    </td>
                                    <td>32.0 - 37.0</td>
                                    <td>No information in source data</td>
                                    <td>No information in source data</td>
                                    <td>No information in source data</td>
                                    <td>Feb 14 2000 9:45 AM</td>
                                </tr>
                                <tr>
                                    <td>
                                        <content ID="Observation_eb4982b2f15dcc01f925ad">RDW</content>
                                    </td>
                                    <td>
                                        <content ID="ObservationValue_2e439fb3e95e064b529b94">14</content>
                                    </td>
                                    <td>11.5 - 14.5</td>
                                    <td>No information in source data</td>
                                    <td>Normal</td>
                                    <td>No information in source data</td>
                                    <td>Feb 14 2000 9:45 AM</td>
                                </tr>
                                <tr>
                                    <td>
                                        <content ID="Observation_414552bb602720368bda01">NEUT</content>
                                    </td>
                                    <td>
                                        <content ID="ObservationValue_0b4076a7a5f2cb0c727797">69</content>
                                    </td>
                                    <td>40.0 - 74.0</td>
                                    <td>No information in source data</td>
                                    <td>Normal</td>
                                    <td>No information in source data</td>
                                    <td>Feb 14 2000 9:45 AM</td>
                                </tr>
                                <tr>
                                    <td>
                                        <content ID="Observation_4a4a1cbe2abf04a8a54884">LYMPH</content>
                                    </td>
                                    <td>
                                        <content ID="ObservationValue_e1489189f37ae372c37ff6">20</content>
                                    </td>
                                    <td>19.0 - 48.0</td>
                                    <td>No information in source data</td>
                                    <td>Normal</td>
                                    <td>No information in source data</td>
                                    <td>Feb 14 2000 9:45 AM</td>
                                </tr>
                                <tr>
                                    <td>
                                        <content ID="Observation_e94363b44b5403643c4f64">MONO</content>
                                    </td>
                                    <td>
                                        <content ID="ObservationValue_a541a6ba413ae8791b74c0">8.5</content>
                                    </td>
                                    <td>3.5 - 9.0</td>
                                    <td>No information in source data</td>
                                    <td>Normal</td>
                                    <td>No information in source data</td>
                                    <td>Feb 14 2000 9:45 AM</td>
                                </tr>
                                <tr>
                                    <td>
                                        <content ID="Observation_184cfa86df2ab39c03fa33">EOS</content>
                                    </td>
                                    <td>
                                        <content ID="ObservationValue_15495c944c53c49e667055">0.6</content>
                                    </td>
                                    <td>0.0 - 7.0</td>
                                    <td>No information in source data</td>
                                    <td>No information in source data</td>
                                    <td>No information in source data</td>
                                    <td>Feb 14 2000 9:45 AM</td>
                                </tr>
                                <tr>
                                    <td>
                                        <content ID="Observation_7b4282b2271a14242887df">BASO</content>
                                    </td>
                                    <td>
                                        <content ID="ObservationValue_2c4d2591e724bf555acc16">0.8</content>
                                    </td>
                                    <td>0.0 - 1.5</td>
                                    <td>No information in source data</td>
                                    <td>No information in source data</td>
                                    <td>No information in source data</td>
                                    <td>Feb 14 2000 9:45 AM</td>
                                </tr>
                                <tr>
                                    <td>
                                        <content ID="Observation_7f43a8aa8522601877b9d5">LGE UNST.CELL</content>
                                    </td>
                                    <td>
                                        <content ID="ObservationValue_6a40daa6fcb6a820ab29c6">0.8</content>
                                    </td>
                                    <td>0.0 - 4.0</td>
                                    <td>No information in source data</td>
                                    <td>No information in source data</td>
                                    <td>No information in source data</td>
                                    <td>Feb 14 2000 9:45 AM</td>
                                </tr>
                                <tr>
                                    <td>
                                        <content ID="Observation_5d4179b3b7bee52172e9d7">NEUT ABS</content>
                                    </td>
                                    <td>
                                        <content ID="ObservationValue_8242e69fb7a2525ae4214e">6.72</content>
                                    </td>
                                    <td>1.90 - 8.00</td>
                                    <td>No information in source data</td>
                                    <td>No information in source data</td>
                                    <td>No information in source data</td>
                                    <td>Feb 14 2000 9:45 AM</td>
                                </tr>
                                <tr>
                                    <td>
                                        <content ID="Observation_de4f5ea7ae25b9b105d866">LYMPH ABS</content>
                                    </td>
                                    <td>
                                        <content ID="ObservationValue_a2435abfb7458cc1ae36a2">1.3</content>
                                    </td>
                                    <td>0.90 - 5.20</td>
                                    <td>No information in source data</td>
                                    <td>Normal</td>
                                    <td>No information in source data</td>
                                    <td>Feb 14 2000 9:45 AM</td>
                                </tr>
                                <tr>
                                    <td>
                                        <content ID="Observation_a44ef3b8b59130f9ab6f25">MONO ABS</content>
                                    </td>
                                    <td>
                                        <content ID="ObservationValue_2b4b61ba052278ec57ca1f">0.77</content>
                                    </td>
                                    <td>0.16 - 1.00</td>
                                    <td>No information in source data</td>
                                    <td>No information in source data</td>
                                    <td>No information in source data</td>
                                    <td>Feb 14 2000 9:45 AM</td>
                                </tr>
                                <tr>
                                    <td>
                                        <content ID="Observation_dd4de2a4316c228eb3eb90">EOS ABS</content>
                                    </td>
                                    <td>
                                        <content ID="ObservationValue_d74ef784b5d5b702a666ae">0.05</content>
                                    </td>
                                    <td>0.00 - 0.80</td>
                                    <td>No information in source data</td>
                                    <td>No information in source data</td>
                                    <td>No information in source data</td>
                                    <td>Feb 14 2000 9:45 AM</td>
                                </tr>
                                <tr>
                                    <td>
                                        <content ID="Observation_5045a09af2052e6f96404f">BASO ABS</content>
                                    </td>
                                    <td>
                                        <content ID="ObservationValue_2f4fbcbb8a3e9e93b9f239">0.07</content>
                                    </td>
                                    <td>0.00 - 0.20</td>
                                    <td>No information in source data</td>
                                    <td>No information in source data</td>
                                    <td>No information in source data</td>
                                    <td>Feb 14 2000 9:45 AM</td>
                                </tr>
                                <tr>
                                    <td>
                                        <content ID="Observation_f7472b93d232029646ee6a">LUC ABS</content>
                                    </td>
                                    <td>
                                        <content ID="ObservationValue_3841bfb6105304acb1f995">0.07</content>
                                    </td>
                                    <td>0.00 - 0.40</td>
                                    <td>No information in source data</td>
                                    <td>No information in source data</td>
                                    <td>No information in source data</td>
                                    <td>Feb 14 2000 9:45 AM</td>
                                </tr>
                                <tr>
                                    <td>
                                        <content ID="Observation_32416daf39fbdac71d8693">MAN BAND NEUT</content>
                                    </td>
                                    <td>
                                        <content ID="ObservationValue_db4b9888eb7a93562b03c1">7</content>
                                    </td>
                                    <td>0 - 8</td>
                                    <td>No information in source data</td>
                                    <td>Normal</td>
                                    <td>No information in source data</td>
                                    <td>Feb 14 2000 9:45 AM</td>
                                </tr>
                                <tr>
                                    <td>
                                        <content ID="Observation_5e44feb7a6294727214c4c">MAN SEG NEUT</content>
                                    </td>
                                    <td>
                                        <content ID="ObservationValue_00496b973bbc1f9c55490f">71</content>
                                    </td>
                                    <td>40 - 74</td>
                                    <td>No information in source data</td>
                                    <td>No information in source data</td>
                                    <td>No information in source data</td>
                                    <td>Feb 14 2000 9:45 AM</td>
                                </tr>
                                <tr>
                                    <td>
                                        <content ID="Observation_f44bbd84a8109c324e063c">MAN LYMPH</content>
                                    </td>
                                    <td>
                                        <content ID="ObservationValue_fe4258a6d615246e59ee1b">23</content>
                                    </td>
                                    <td>19 - 48</td>
                                    <td>No information in source data</td>
                                    <td>Normal</td>
                                    <td>No information in source data</td>
                                    <td>Feb 14 2000 9:45 AM</td>
                                </tr>
                                <tr>
                                    <td>
                                        <content ID="Observation_1b4a46bfcefcaf28a9fe08">MAN MONO</content>
                                    </td>
                                    <td>
                                        <content ID="ObservationValue_1c4549927977f23019be52">9</content>
                                    </td>
                                    <td>4 - 9</td>
                                    <td>No information in source data</td>
                                    <td>No information in source data</td>
                                    <td>No information in source data</td>
                                    <td>Feb 14 2000 9:45 AM</td>
                                </tr>
                                <tr>
                                    <td>
                                        <content ID="Observation_a94232976690f6383d1507">MAN EOS</content>
                                    </td>
                                    <td>
                                        <content ID="ObservationValue_be4e0cada2a7dee874ed16">3</content>
                                    </td>
                                    <td>0 - 7</td>
                                    <td>No information in source data</td>
                                    <td>No information in source data</td>
                                    <td>No information in source data</td>
                                    <td>Feb 14 2000 9:45 AM</td>
                                </tr>
                                <tr>
                                    <td>
                                        <content ID="Observation_494ec58d07adfc5d1dfa55">MAN BASO</content>
                                    </td>
                                    <td>
                                        <content ID="ObservationValue_ab4ea8bf65814b9223d29b">0</content>
                                    </td>
                                    <td>0 - 2</td>
                                    <td>No information in source data</td>
                                    <td>No information in source data</td>
                                    <td>No information in source data</td>
                                    <td>Feb 14 2000 9:45 AM</td>
                                </tr>
                                <tr>
                                    <td>
                                        <content ID="Observation_284ecf9ef4f9748e9fca80">MAN METAMYL</content>
                                    </td>
                                    <td>
                                        <content ID="ObservationValue_3c4994996a3e4d39e96df4">0</content>
                                    </td>
                                    <td>0 - 1</td>
                                    <td>No information in source data</td>
                                    <td>No information in source data</td>
                                    <td>No information in source data</td>
                                    <td>Feb 14 2000 9:45 AM</td>
                                </tr>
                                <tr>
                                    <td>
                                        <content ID="Observation_fd4c03a9e3f1a72a94f6a7">MAN MYELOCYTE</content>
                                    </td>
                                    <td>
                                        <content ID="ObservationValue_3241f391c555b87ae0f4de">0</content>
                                    </td>
                                    <td>0 - 1</td>
                                    <td>No information in source data</td>
                                    <td>No information in source data</td>
                                    <td>No information in source data</td>
                                    <td>Feb 14 2000 9:45 AM</td>
                                </tr>
                                <tr>
                                    <td>
                                        <content ID="Observation_304aadbe9a1ef2d11c7ba0">MAN PROMYELO</content>
                                    </td>
                                    <td>
                                        <content ID="ObservationValue_5842a4bde0436eafb18175">0</content>
                                    </td>
                                    <td>0 - 0</td>
                                    <td>No information in source data</td>
                                    <td>No information in source data</td>
                                    <td>No information in source data</td>
                                    <td>Feb 14 2000 9:45 AM</td>
                                </tr>
                                <tr>
                                    <td>
                                        <content ID="Observation_de4d9eb0e6a110f6e0a952">MAN BLASTS</content>
                                    </td>
                                    <td>
                                        <content ID="ObservationValue_134414bd5f5704cf308027">0</content>
                                    </td>
                                    <td>0 - 0</td>
                                    <td>No information in source data</td>
                                    <td>No information in source data</td>
                                    <td>No information in source data</td>
                                    <td>Feb 14 2000 9:45 AM</td>
                                </tr>
                                <tr>
                                    <td>
                                        <content ID="Observation_26430fb4f9e2c6bf8a9202">PLATELET (EST)</content>
                                    </td>
                                    <td>
                                        <content ID="ObservationValue_2542dc8087fcf4bdba7c17">10-12 PER_OIF</content>
                                    </td>
                                    <td>7 - 20</td>
                                    <td>No information in source data</td>
                                    <td>No information in source data</td>
                                    <td>
                                        <content ID="Comment_d44aa2b3976ed945fce2d7">PLATELET COUNT CONSISTENT  WITH SLIDE REVIEW ESPLT  EACH PLATELET PER OIL IMMERSION FIELD REPRESENTS APPROXIMATELY        TWENTY THOUSAND PLATELETS PER CUBIC MILLIMETER.</content>
                                    </td>
                                    <td>Feb 14 2000 9:45 AM</td>
                                </tr>
                                <tr>
                                    <td>
                                        <content ID="Observation_a346b3acc938be7d329252">WBC</content>
                                    </td>
                                    <td>
                                        <content ID="ObservationValue_ab4edd87a7416ef9faa5fe">8.30</content>
                                    </td>
                                    <td>4.80 - 10.80</td>
                                    <td>No information in source data</td>
                                    <td>No information in source data</td>
                                    <td>No information in source data</td>
                                    <td>Feb 14 2000 9:45 AM</td>
                                </tr>
                            </tbody>
                        </table>
                        <table>
                            <caption styleCode="bold">UA COMPLETE</caption>
                            <thead>
                                <tr>
                                    <th>Observation</th>
                                    <th>Value</th>
                                    <th>Reference Range</th>
                                    <th>Units</th>
                                    <th>Interpretation</th>
                                    <th>Notes</th>
                                    <th>Date</th>
                                </tr>
                            </thead>
                            <tbody>
                                <tr>
                                    <td>
                                        <content ID="Observation_8e4be8b65e02e3fe5fc708">UA COLOR</content>
                                    </td>
                                    <td>
                                        <content ID="ObservationValue_36496786e05e3cc918e92e">YELLOW</content>
                                    </td>
                                    <td>YELLOW-STRAW</td>
                                    <td>No information in source data</td>
                                    <td>No information in source data</td>
                                    <td>
                                        <content ID="Comment_4e4a819ab32ec37795a630">URINE SAVED - CALL LAB WITHIN 24HR IF FURTHER WORKUP REQUIRED</content>
                                    </td>
                                    <td>Feb 14 2000 9:45 AM</td>
                                </tr>
                                <tr>
                                    <td>
                                        <content ID="Observation_8141f4bac54317b8ad4da0">UA APPEARANCE</content>
                                    </td>
                                    <td>
                                        <content ID="ObservationValue_8d4e0e9ff4e4c2ee0c6a49">CLEAR</content>
                                    </td>
                                    <td>CLEAR</td>
                                    <td>No information in source data</td>
                                    <td>No information in source data</td>
                                    <td>No information in source data</td>
                                    <td>Feb 14 2000 9:45 AM</td>
                                </tr>
                                <tr>
                                    <td>
                                        <content ID="Observation_d04194945f055de9ace837">UA SPEC GRAV</content>
                                    </td>
                                    <td>
                                        <content ID="ObservationValue_b04f1ba1b245034e3417f6">1.016 ION.CONC</content>
                                    </td>
                                    <td>1.003 - 1.030</td>
                                    <td>No information in source data</td>
                                    <td>No information in source data</td>
                                    <td>No information in source data</td>
                                    <td>Feb 14 2000 9:45 AM</td>
                                </tr>
                                <tr>
                                    <td>
                                        <content ID="Observation_45483faa842a4793c7873a">UA PH</content>
                                    </td>
                                    <td>
                                        <content ID="ObservationValue_d44eedb1e0debd9c88d276">6.5</content>
                                    </td>
                                    <td>6.0 - 8.0</td>
                                    <td>No information in source data</td>
                                    <td>Normal</td>
                                    <td>No information in source data</td>
                                    <td>Feb 14 2000 9:45 AM</td>
                                </tr>
                                <tr>
                                    <td>
                                        <content ID="Observation_5243108a58e3fda746892c">UA GLUCOSE</content>
                                    </td>
                                    <td>
                                        <content ID="ObservationValue_0d41f98db4427bbfb54cb4">NORMAL MG/DL</content>
                                    </td>
                                    <td>NORMAL</td>
                                    <td>No information in source data</td>
                                    <td>No information in source data</td>
                                    <td>No information in source data</td>
                                    <td>Feb 14 2000 9:45 AM</td>
                                </tr>
                                <tr>
                                    <td>
                                        <content ID="Observation_5840fdba1e88402b9a601a">UA BILIRUBIN</content>
                                    </td>
                                    <td>
                                        <content ID="ObservationValue_fb43a0be8fa19c9be9e3a9">NEGATIVE MG/DL</content>
                                    </td>
                                    <td>NEGATIVE</td>
                                    <td>No information in source data</td>
                                    <td>No information in source data</td>
                                    <td>No information in source data</td>
                                    <td>Feb 14 2000 9:45 AM</td>
                                </tr>
                                <tr>
                                    <td>
                                        <content ID="Observation_3f42a383ad911b4781cf1a">UA KETONE</content>
                                    </td>
                                    <td>
                                        <content ID="ObservationValue_8140e78aecbfaa2f70dbd7">NEGATIVE MG/DL</content>
                                    </td>
                                    <td>NEGATIVE</td>
                                    <td>No information in source data</td>
                                    <td>No information in source data</td>
                                    <td>No information in source data</td>
                                    <td>Feb 14 2000 9:45 AM</td>
                                </tr>
                                <tr>
                                    <td>
                                        <content ID="Observation_9a49efaa399026d5b61a8e">UA BLOOD</content>
                                    </td>
                                    <td>
                                        <content ID="ObservationValue_c84827912546ce4e08ea8a">NEGATIVE</content>
                                    </td>
                                    <td>NEGATIVE</td>
                                    <td>No information in source data</td>
                                    <td>No information in source data</td>
                                    <td>No information in source data</td>
                                    <td>Feb 14 2000 9:45 AM</td>
                                </tr>
                                <tr>
                                    <td>
                                        <content ID="Observation_044b719bf0b004de2b9e91">UA PROTEIN</content>
                                    </td>
                                    <td>
                                        <content ID="ObservationValue_2a461b880e9c9d9eb0479e">100 MG/DL</content>
                                    </td>
                                    <td>NEGATIVE</td>
                                    <td>No information in source data</td>
                                    <td>No information in source data</td>
                                    <td>No information in source data</td>
                                    <td>Feb 14 2000 9:45 AM</td>
                                </tr>
                                <tr>
                                    <td>
                                        <content ID="Observation_c3436da9c4212e19fa209a">UA UROBILINOGEN</content>
                                    </td>
                                    <td>
                                        <content ID="ObservationValue_f54ff2879d5c8bcdacbeb0">NORMAL MG/DL</content>
                                    </td>
                                    <td>NORMAL</td>
                                    <td>No information in source data</td>
                                    <td>No information in source data</td>
                                    <td>No information in source data</td>
                                    <td>Feb 14 2000 9:45 AM</td>
                                </tr>
                                <tr>
                                    <td>
                                        <content ID="Observation_d44212a90d9ad54930cbea">UA NITRITE</content>
                                    </td>
                                    <td>
                                        <content ID="ObservationValue_524d43abbae13af9e547b8">NEGATIVE MG/DL</content>
                                    </td>
                                    <td>NEGATIVE</td>
                                    <td>No information in source data</td>
                                    <td>No information in source data</td>
                                    <td>No information in source data</td>
                                    <td>Feb 14 2000 9:45 AM</td>
                                </tr>
                                <tr>
                                    <td>
                                        <content ID="Observation_734600a02380505036de25">UA LEUK ESTER</content>
                                    </td>
                                    <td>
                                        <content ID="ObservationValue_8f41c1ac185ec654b524dc">NORMAL</content>
                                    </td>
                                    <td>NORMAL</td>
                                    <td>No information in source data</td>
                                    <td>No information in source data</td>
                                    <td>No information in source data</td>
                                    <td>Feb 14 2000 9:45 AM</td>
                                </tr>
                                <tr>
                                    <td>
                                        <content ID="Observation_4c4cc5b2d5c8918007635b">UA ASCORBIC ACD</content>
                                    </td>
                                    <td>
                                        <content ID="ObservationValue_2a41b8936bb83583f08d4f">NEGATIVE MG/DL</content>
                                    </td>
                                    <td>NEGATIVE</td>
                                    <td>No information in source data</td>
                                    <td>No information in source data</td>
                                    <td>
                                        <content ID="Comment_ac4a4a9617c993c628881f">UAASC  ELEVATED ASCORBIC ACID LEVELS CAN INTERFERE WITH TEST AND        PRODUCE FALSELY LOWER RESULTS FOR BLOOD, BILIRUBIN,        NITRITE AND GLUCOSE</content>
                                    </td>
                                    <td>Feb 14 2000 9:45 AM</td>
                                </tr>
                                <tr>
                                    <td>
                                        <content ID="Observation_2248b59b5b528e87395bd1">UA RBC</content>
                                    </td>
                                    <td>
                                        <content ID="ObservationValue_014a838623b16063d5946d">0-2 /HPF</content>
                                    </td>
                                    <td>0-2-NONE SEEN</td>
                                    <td>No information in source data</td>
                                    <td>No information in source data</td>
                                    <td>No information in source data</td>
                                    <td>Feb 14 2000 9:45 AM</td>
                                </tr>
                                <tr>
                                    <td>
                                        <content ID="Observation_f14c18b0dc73399ebcee38">UA WBC</content>
                                    </td>
                                    <td>
                                        <content ID="ObservationValue_104f31a6a184635e49a940">NONE SEEN /HPF</content>
                                    </td>
                                    <td>NONESEEN-0-5</td>
                                    <td>No information in source data</td>
                                    <td>Normal</td>
                                    <td>No information in source data</td>
                                    <td>Feb 14 2000 9:45 AM</td>
                                </tr>
                                <tr>
                                    <td>
                                        <content ID="Observation_be40e1b05d83fa94d21da2">UA BACTERIA</content>
                                    </td>
                                    <td>
                                        <content ID="ObservationValue_9147939dbb751ba260af61">NONE SEEN</content>
                                    </td>
                                    <td>NONESEEN-TRACE</td>
                                    <td>No information in source data</td>
                                    <td>No information in source data</td>
                                    <td>No information in source data</td>
                                    <td>Feb 14 2000 9:45 AM</td>
                                </tr>
                                <tr>
                                    <td>
                                        <content ID="Observation_ef4c2da7071d1bee15cc5f">UA SQUAM EPITH</content>
                                    </td>
                                    <td>
                                        <content ID="ObservationValue_1e401390d5a0cf54e948bf">6-10 /HPF</content>
                                    </td>
                                    <td>0-5-6-10</td>
                                    <td>No information in source data</td>
                                    <td>No information in source data</td>
                                    <td>No information in source data</td>
                                    <td>Feb 14 2000 9:45 AM</td>
                                </tr>
                            </tbody>
                        </table>
                        <table>
                            <caption styleCode="bold">CBC</caption>
                            <thead>
                                <tr>
                                    <th>Observation</th>
                                    <th>Value</th>
                                    <th>Reference Range</th>
                                    <th>Units</th>
                                    <th>Interpretation</th>
                                    <th>Notes</th>
                                    <th>Date</th>
                                </tr>
                            </thead>
                            <tbody>
                                <tr>
                                    <td>
                                        <content ID="Observation_d3463d93cec48046c5a662">WBC</content>
                                    </td>
                                    <td>
                                        <content ID="ObservationValue_3545ed8d932fe17fad3f42">8.30</content>
                                    </td>
                                    <td>4.80 - 10.80</td>
                                    <td>No information in source data</td>
                                    <td>No information in source data</td>
                                    <td>No information in source data</td>
                                    <td>Feb 14 2000 9:45 AM</td>
                                </tr>
                                <tr>
                                    <td>
                                        <content ID="Observation_93457d84c4896cbc469357">HGB</content>
                                    </td>
                                    <td>
                                        <content ID="ObservationValue_904b2f908f1848f1f58702">14.6</content>
                                    </td>
                                    <td>14.0 - 18.0</td>
                                    <td>No information in source data</td>
                                    <td>No information in source data</td>
                                    <td>No information in source data</td>
                                    <td>Feb 14 2000 9:45 AM</td>
                                </tr>
                                <tr>
                                    <td>
                                        <content ID="Observation_964d55bca1ce6b97f46ccf">HCT</content>
                                    </td>
                                    <td>
                                        <content ID="ObservationValue_7045ef831ddcf5ded51196">44.3</content>
                                    </td>
                                    <td>42.0 - 54.0</td>
                                    <td>No information in source data</td>
                                    <td>No information in source data</td>
                                    <td>No information in source data</td>
                                    <td>Feb 14 2000 9:45 AM</td>
                                </tr>
                                <tr>
                                    <td>
                                        <content ID="Observation_2f4d798a90d08d343fed09">PLATELETS</content>
                                    </td>
                                    <td>
                                        <content ID="ObservationValue_5746458dacaeabb605bd9b">135</content>
                                    </td>
                                    <td>130 - 400</td>
                                    <td>No information in source data</td>
                                    <td>Normal</td>
                                    <td>No information in source data</td>
                                    <td>Feb 14 2000 9:45 AM</td>
                                </tr>
                                <tr>
                                    <td>
                                        <content ID="Observation_e54ef3a24217332618aa68">RBC</content>
                                    </td>
                                    <td>
                                        <content ID="ObservationValue_e04f458668e066a616500c">4.79</content>
                                    </td>
                                    <td>4.70 - 6.10</td>
                                    <td>No information in source data</td>
                                    <td>No information in source data</td>
                                    <td>No information in source data</td>
                                    <td>Feb 14 2000 9:45 AM</td>
                                </tr>
                                <tr>
                                    <td>
                                        <content ID="Observation_de4b5ba414a85a097e844c">MCV</content>
                                    </td>
                                    <td>
                                        <content ID="ObservationValue_d04da09181a3dd93e99cd4">92.4</content>
                                    </td>
                                    <td>83.0 - 99.0</td>
                                    <td>No information in source data</td>
                                    <td>No information in source data</td>
                                    <td>No information in source data</td>
                                    <td>Feb 14 2000 9:45 AM</td>
                                </tr>
                                <tr>
                                    <td>
                                        <content ID="Observation_3a4400b7a348089e835d9b">MCH</content>
                                    </td>
                                    <td>
                                        <content ID="ObservationValue_6e421d9d72895cfe43e9ff">30.5</content>
                                    </td>
                                    <td>27.0 - 32.0</td>
                                    <td>No information in source data</td>
                                    <td>No information in source data</td>
                                    <td>No information in source data</td>
                                    <td>Feb 14 2000 9:45 AM</td>
                                </tr>
                                <tr>
                                    <td>
                                        <content ID="Observation_f24c0d99b87df2de506bcf">MCHC</content>
                                    </td>
                                    <td>
                                        <content ID="ObservationValue_8042e68a57849ddc85dfeb">33.0</content>
                                    </td>
                                    <td>32.0 - 37.0</td>
                                    <td>No information in source data</td>
                                    <td>No information in source data</td>
                                    <td>No information in source data</td>
                                    <td>Feb 14 2000 9:45 AM</td>
                                </tr>
                                <tr>
                                    <td>
                                        <content ID="Observation_1e4ad7b3530845900a7525">RDW</content>
                                    </td>
                                    <td>
                                        <content ID="ObservationValue_7146d0b79e53f69f0d796f">14</content>
                                    </td>
                                    <td>11.5 - 14.5</td>
                                    <td>No information in source data</td>
                                    <td>Normal</td>
                                    <td>No information in source data</td>
                                    <td>Feb 14 2000 9:45 AM</td>
                                </tr>
                                <tr>
                                    <td>
                                        <content ID="Observation_584c89b1df47c2b2fa7596">NEUT</content>
                                    </td>
                                    <td>
                                        <content ID="ObservationValue_c84a5dbf8ea0a7c0d53d67">69</content>
                                    </td>
                                    <td>40.0 - 74.0</td>
                                    <td>No information in source data</td>
                                    <td>Normal</td>
                                    <td>No information in source data</td>
                                    <td>Feb 14 2000 9:45 AM</td>
                                </tr>
                                <tr>
                                    <td>
                                        <content ID="Observation_934a3ebd41385e415ba443">LYMPH</content>
                                    </td>
                                    <td>
                                        <content ID="ObservationValue_744cadaed7dd8c252cafe3">20</content>
                                    </td>
                                    <td>19.0 - 48.0</td>
                                    <td>No information in source data</td>
                                    <td>Normal</td>
                                    <td>No information in source data</td>
                                    <td>Feb 14 2000 9:45 AM</td>
                                </tr>
                                <tr>
                                    <td>
                                        <content ID="Observation_324419a6bdea1de1e03aea">MONO</content>
                                    </td>
                                    <td>
                                        <content ID="ObservationValue_6b4c32b58fd1804ddcb0eb">8.5</content>
                                    </td>
                                    <td>3.5 - 9.0</td>
                                    <td>No information in source data</td>
                                    <td>Normal</td>
                                    <td>No information in source data</td>
                                    <td>Feb 14 2000 9:45 AM</td>
                                </tr>
                                <tr>
                                    <td>
                                        <content ID="Observation_d942ccb7b4fae4a3ee7979">EOS</content>
                                    </td>
                                    <td>
                                        <content ID="ObservationValue_0047b4b48634945a0d63f7">0.6</content>
                                    </td>
                                    <td>0.0 - 7.0</td>
                                    <td>No information in source data</td>
                                    <td>No information in source data</td>
                                    <td>No information in source data</td>
                                    <td>Feb 14 2000 9:45 AM</td>
                                </tr>
                                <tr>
                                    <td>
                                        <content ID="Observation_7b4499a71d5f2ba5bdff86">BASO</content>
                                    </td>
                                    <td>
                                        <content ID="ObservationValue_bc4f999016666d782fbcdf">0.8</content>
                                    </td>
                                    <td>0.0 - 1.5</td>
                                    <td>No information in source data</td>
                                    <td>No information in source data</td>
                                    <td>No information in source data</td>
                                    <td>Feb 14 2000 9:45 AM</td>
                                </tr>
                                <tr>
                                    <td>
                                        <content ID="Observation_c34f338b85a0b7a326c442">LGE UNST.CELL</content>
                                    </td>
                                    <td>
                                        <content ID="ObservationValue_614733843e0468b620071b">0.8</content>
                                    </td>
                                    <td>0.0 - 4.0</td>
                                    <td>No information in source data</td>
                                    <td>No information in source data</td>
                                    <td>No information in source data</td>
                                    <td>Feb 14 2000 9:45 AM</td>
                                </tr>
                                <tr>
                                    <td>
                                        <content ID="Observation_8147b3a58c7b37ac775c89">NEUT ABS</content>
                                    </td>
                                    <td>
                                        <content ID="ObservationValue_184946b2b8a13b55205626">6.72</content>
                                    </td>
                                    <td>1.90 - 8.00</td>
                                    <td>No information in source data</td>
                                    <td>No information in source data</td>
                                    <td>No information in source data</td>
                                    <td>Feb 14 2000 9:45 AM</td>
                                </tr>
                                <tr>
                                    <td>
                                        <content ID="Observation_114f6d8a61110d97813849">LYMPH ABS</content>
                                    </td>
                                    <td>
                                        <content ID="ObservationValue_1944e9a0cc3eef400985a4">1.3</content>
                                    </td>
                                    <td>0.90 - 5.20</td>
                                    <td>No information in source data</td>
                                    <td>Normal</td>
                                    <td>No information in source data</td>
                                    <td>Feb 14 2000 9:45 AM</td>
                                </tr>
                                <tr>
                                    <td>
                                        <content ID="Observation_0f4f1ca173cdcfbc072669">MONO ABS</content>
                                    </td>
                                    <td>
                                        <content ID="ObservationValue_454617974fc5a498b878ee">0.77</content>
                                    </td>
                                    <td>0.16 - 1.00</td>
                                    <td>No information in source data</td>
                                    <td>No information in source data</td>
                                    <td>No information in source data</td>
                                    <td>Feb 14 2000 9:45 AM</td>
                                </tr>
                                <tr>
                                    <td>
                                        <content ID="Observation_6949fdbee20d0ea99582af">EOS ABS</content>
                                    </td>
                                    <td>
                                        <content ID="ObservationValue_774681b2d9dccf33c1ac34">0.05</content>
                                    </td>
                                    <td>0.00 - 0.80</td>
                                    <td>No information in source data</td>
                                    <td>No information in source data</td>
                                    <td>No information in source data</td>
                                    <td>Feb 14 2000 9:45 AM</td>
                                </tr>
                                <tr>
                                    <td>
                                        <content ID="Observation_5d43f3a6f26c808a5976cd">BASO ABS</content>
                                    </td>
                                    <td>
                                        <content ID="ObservationValue_b644db847e438d1b6e116a">0.07</content>
                                    </td>
                                    <td>0.00 - 0.20</td>
                                    <td>No information in source data</td>
                                    <td>No information in source data</td>
                                    <td>No information in source data</td>
                                    <td>Feb 14 2000 9:45 AM</td>
                                </tr>
                                <tr>
                                    <td>
                                        <content ID="Observation_5a4eed97705430b4d241b7">LUC ABS</content>
                                    </td>
                                    <td>
                                        <content ID="ObservationValue_3a42cfbb196546f41a372b">0.07</content>
                                    </td>
                                    <td>0.00 - 0.40</td>
                                    <td>No information in source data</td>
                                    <td>No information in source data</td>
                                    <td>No information in source data</td>
                                    <td>Feb 14 2000 9:45 AM</td>
                                </tr>
                                <tr>
                                    <td>
                                        <content ID="Observation_ad4d3eaa52b03755f6c3f3">MAN BAND NEUT</content>
                                    </td>
                                    <td>
                                        <content ID="ObservationValue_6045528fcb218af18f0eb0">7</content>
                                    </td>
                                    <td>0 - 8</td>
                                    <td>No information in source data</td>
                                    <td>Normal</td>
                                    <td>No information in source data</td>
                                    <td>Feb 14 2000 9:45 AM</td>
                                </tr>
                                <tr>
                                    <td>
                                        <content ID="Observation_464ffcb888f871c715628b">MAN SEG NEUT</content>
                                    </td>
                                    <td>
                                        <content ID="ObservationValue_3a42eca595f2859470d577">71</content>
                                    </td>
                                    <td>40 - 74</td>
                                    <td>No information in source data</td>
                                    <td>No information in source data</td>
                                    <td>No information in source data</td>
                                    <td>Feb 14 2000 9:45 AM</td>
                                </tr>
                                <tr>
                                    <td>
                                        <content ID="Observation_7c49b2bbaf79282d94ec5b">MAN LYMPH</content>
                                    </td>
                                    <td>
                                        <content ID="ObservationValue_3143b0b3b8804d0a768d74">23</content>
                                    </td>
                                    <td>19 - 48</td>
                                    <td>No information in source data</td>
                                    <td>Normal</td>
                                    <td>No information in source data</td>
                                    <td>Feb 14 2000 9:45 AM</td>
                                </tr>
                                <tr>
                                    <td>
                                        <content ID="Observation_7e45c58d48dad648efd8b9">MAN MONO</content>
                                    </td>
                                    <td>
                                        <content ID="ObservationValue_114711918036c052acfc71">9</content>
                                    </td>
                                    <td>4 - 9</td>
                                    <td>No information in source data</td>
                                    <td>No information in source data</td>
                                    <td>No information in source data</td>
                                    <td>Feb 14 2000 9:45 AM</td>
                                </tr>
                                <tr>
                                    <td>
                                        <content ID="Observation_c6403d80471d039d8060c2">MAN EOS</content>
                                    </td>
                                    <td>
                                        <content ID="ObservationValue_034bbfb4a90e4014e54288">3</content>
                                    </td>
                                    <td>0 - 7</td>
                                    <td>No information in source data</td>
                                    <td>No information in source data</td>
                                    <td>No information in source data</td>
                                    <td>Feb 14 2000 9:45 AM</td>
                                </tr>
                                <tr>
                                    <td>
                                        <content ID="Observation_66472eb6edaca61bb56b0c">MAN BASO</content>
                                    </td>
                                    <td>
                                        <content ID="ObservationValue_b14f3985d68382da44ddb7">0</content>
                                    </td>
                                    <td>0 - 2</td>
                                    <td>No information in source data</td>
                                    <td>No information in source data</td>
                                    <td>No information in source data</td>
                                    <td>Feb 14 2000 9:45 AM</td>
                                </tr>
                                <tr>
                                    <td>
                                        <content ID="Observation_7f44ccbc806e14ae317862">MAN METAMYL</content>
                                    </td>
                                    <td>
                                        <content ID="ObservationValue_a44815afd6a0573fd9cb47">0</content>
                                    </td>
                                    <td>0 - 1</td>
                                    <td>No information in source data</td>
                                    <td>No information in source data</td>
                                    <td>No information in source data</td>
                                    <td>Feb 14 2000 9:45 AM</td>
                                </tr>
                                <tr>
                                    <td>
                                        <content ID="Observation_314b1cb37d1e8f9bd7bc76">MAN MYELOCYTE</content>
                                    </td>
                                    <td>
                                        <content ID="ObservationValue_ec4e07b9610e4c1395e8ac">0</content>
                                    </td>
                                    <td>0 - 1</td>
                                    <td>No information in source data</td>
                                    <td>No information in source data</td>
                                    <td>No information in source data</td>
                                    <td>Feb 14 2000 9:45 AM</td>
                                </tr>
                                <tr>
                                    <td>
                                        <content ID="Observation_8849b2869c233abad5022a">MAN PROMYELO</content>
                                    </td>
                                    <td>
                                        <content ID="ObservationValue_7542988d2429ef8724e74c">0</content>
                                    </td>
                                    <td>0 - 0</td>
                                    <td>No information in source data</td>
                                    <td>No information in source data</td>
                                    <td>No information in source data</td>
                                    <td>Feb 14 2000 9:45 AM</td>
                                </tr>
                                <tr>
                                    <td>
                                        <content ID="Observation_c542438d6a49947aba4568">MAN BLASTS</content>
                                    </td>
                                    <td>
                                        <content ID="ObservationValue_b4453f9af222f2f8b90fab">0</content>
                                    </td>
                                    <td>0 - 0</td>
                                    <td>No information in source data</td>
                                    <td>No information in source data</td>
                                    <td>No information in source data</td>
                                    <td>Feb 14 2000 9:45 AM</td>
                                </tr>
                                <tr>
                                    <td>
                                        <content ID="Observation_6c453696ac63b2c6366102">PLATELET (EST)</content>
                                    </td>
                                    <td>
                                        <content ID="ObservationValue_b44f008e47c521de085ab9">10-12 PER_OIF</content>
                                    </td>
                                    <td>7 - 20</td>
                                    <td>No information in source data</td>
                                    <td>No information in source data</td>
                                    <td>
                                        <content ID="Comment_f94406b3af18f6dcb85a84">PLATELET COUNT CONSISTENT  WITH SLIDE REVIEW ESPLT  EACH PLATELET PER OIL IMMERSION FIELD REPRESENTS APPROXIMATELY        TWENTY THOUSAND PLATELETS PER CUBIC MILLIMETER.</content>
                                    </td>
                                    <td>Feb 14 2000 9:45 AM</td>
                                </tr>
                            </tbody>
                        </table>
                        <table>
                            <caption styleCode="bold">AMYLASE SERUM</caption>
                            <thead>
                                <tr>
                                    <th>Observation</th>
                                    <th>Value</th>
                                    <th>Reference Range</th>
                                    <th>Units</th>
                                    <th>Interpretation</th>
                                    <th>Notes</th>
                                    <th>Date</th>
                                </tr>
                            </thead>
                            <tbody>
                                <tr>
                                    <td>
                                        <content ID="Observation_4f4472ae62d2ebd0148d4c">AMYLASE</content>
                                    </td>
                                    <td>
                                        <content ID="ObservationValue_0a44aa8a048f8ae3702271">26</content>
                                    </td>
                                    <td>12 - 87</td>
                                    <td>No information in source data</td>
                                    <td>No information in source data</td>
                                    <td>No information in source data</td>
                                    <td>Feb 14 2000 9:45 AM</td>
                                </tr>
                            </tbody>
                        </table>
                        <table>
                            <caption styleCode="bold">UA COMPLETE</caption>
                            <thead>
                                <tr>
                                    <th>Observation</th>
                                    <th>Value</th>
                                    <th>Reference Range</th>
                                    <th>Units</th>
                                    <th>Interpretation</th>
                                    <th>Notes</th>
                                    <th>Date</th>
                                </tr>
                            </thead>
                            <tbody>
                                <tr>
                                    <td>
                                        <content ID="Observation_cd4be1be1d159c97d42846">UA COLOR</content>
                                    </td>
                                    <td>
                                        <content ID="ObservationValue_304942818862b59f7fdb0e">YELLOW</content>
                                    </td>
                                    <td>YELLOW-STRAW</td>
                                    <td>No information in source data</td>
                                    <td>No information in source data</td>
                                    <td>
                                        <content ID="Comment_114d488d2b822e4a76b6fe">URINE SAVED - CALL LAB WITHIN 24HR IF FURTHER WORKUP REQUIRED</content>
                                    </td>
                                    <td>Feb 14 2000 9:45 AM</td>
                                </tr>
                                <tr>
                                    <td>
                                        <content ID="Observation_fa4774b602521446d07ae2">UA APPEARANCE</content>
                                    </td>
                                    <td>
                                        <content ID="ObservationValue_584d6293826e8b47d9815d">CLEAR</content>
                                    </td>
                                    <td>CLEAR</td>
                                    <td>No information in source data</td>
                                    <td>No information in source data</td>
                                    <td>No information in source data</td>
                                    <td>Feb 14 2000 9:45 AM</td>
                                </tr>
                                <tr>
                                    <td>
                                        <content ID="Observation_884f998288fdbe337f5692">UA SPEC GRAV</content>
                                    </td>
                                    <td>
                                        <content ID="ObservationValue_ed48b391138ace005d023a">1.016 ION.CONC</content>
                                    </td>
                                    <td>1.003 - 1.030</td>
                                    <td>No information in source data</td>
                                    <td>No information in source data</td>
                                    <td>No information in source data</td>
                                    <td>Feb 14 2000 9:45 AM</td>
                                </tr>
                                <tr>
                                    <td>
                                        <content ID="Observation_7a405c9bed493ab93ae40b">UA PH</content>
                                    </td>
                                    <td>
                                        <content ID="ObservationValue_d743b59787b0a2a71d1781">6.5</content>
                                    </td>
                                    <td>6.0 - 8.0</td>
                                    <td>No information in source data</td>
                                    <td>Normal</td>
                                    <td>No information in source data</td>
                                    <td>Feb 14 2000 9:45 AM</td>
                                </tr>
                                <tr>
                                    <td>
                                        <content ID="Observation_d74acaba077e467446b010">UA GLUCOSE</content>
                                    </td>
                                    <td>
                                        <content ID="ObservationValue_224d9c958256cd785d2875">NORMAL MG/DL</content>
                                    </td>
                                    <td>NORMAL</td>
                                    <td>No information in source data</td>
                                    <td>No information in source data</td>
                                    <td>No information in source data</td>
                                    <td>Feb 14 2000 9:45 AM</td>
                                </tr>
                                <tr>
                                    <td>
                                        <content ID="Observation_124741a537db244e6b820d">UA BILIRUBIN</content>
                                    </td>
                                    <td>
                                        <content ID="ObservationValue_754045bfbd679674d23ad9">NEGATIVE MG/DL</content>
                                    </td>
                                    <td>NEGATIVE</td>
                                    <td>No information in source data</td>
                                    <td>No information in source data</td>
                                    <td>No information in source data</td>
                                    <td>Feb 14 2000 9:45 AM</td>
                                </tr>
                                <tr>
                                    <td>
                                        <content ID="Observation_0b48acb8df6a4906409f4c">UA KETONE</content>
                                    </td>
                                    <td>
                                        <content ID="ObservationValue_c74a71b761f55650ad8e3c">NEGATIVE MG/DL</content>
                                    </td>
                                    <td>NEGATIVE</td>
                                    <td>No information in source data</td>
                                    <td>No information in source data</td>
                                    <td>No information in source data</td>
                                    <td>Feb 14 2000 9:45 AM</td>
                                </tr>
                                <tr>
                                    <td>
                                        <content ID="Observation_08401994a701ae71ab6bae">UA BLOOD</content>
                                    </td>
                                    <td>
                                        <content ID="ObservationValue_25453081529659f1ead49f">NEGATIVE</content>
                                    </td>
                                    <td>NEGATIVE</td>
                                    <td>No information in source data</td>
                                    <td>No information in source data</td>
                                    <td>No information in source data</td>
                                    <td>Feb 14 2000 9:45 AM</td>
                                </tr>
                                <tr>
                                    <td>
                                        <content ID="Observation_0d41dfacf8a90e19929222">UA PROTEIN</content>
                                    </td>
                                    <td>
                                        <content ID="ObservationValue_fd4cd0a83bab622f9a680a">100 MG/DL</content>
                                    </td>
                                    <td>NEGATIVE</td>
                                    <td>No information in source data</td>
                                    <td>No information in source data</td>
                                    <td>No information in source data</td>
                                    <td>Feb 14 2000 9:45 AM</td>
                                </tr>
                                <tr>
                                    <td>
                                        <content ID="Observation_fa40d6a18ba3ad29d41b1e">UA UROBILINOGEN</content>
                                    </td>
                                    <td>
                                        <content ID="ObservationValue_9a430ba826542b7b1eaacb">NORMAL MG/DL</content>
                                    </td>
                                    <td>NORMAL</td>
                                    <td>No information in source data</td>
                                    <td>No information in source data</td>
                                    <td>No information in source data</td>
                                    <td>Feb 14 2000 9:45 AM</td>
                                </tr>
                                <tr>
                                    <td>
                                        <content ID="Observation_a94d308f482157080a0a9a">UA NITRITE</content>
                                    </td>
                                    <td>
                                        <content ID="ObservationValue_e74a9e884a6c11a2b6ca2e">NEGATIVE MG/DL</content>
                                    </td>
                                    <td>NEGATIVE</td>
                                    <td>No information in source data</td>
                                    <td>No information in source data</td>
                                    <td>No information in source data</td>
                                    <td>Feb 14 2000 9:45 AM</td>
                                </tr>
                                <tr>
                                    <td>
                                        <content ID="Observation_bb48deb351b65cb969f514">UA LEUK ESTER</content>
                                    </td>
                                    <td>
                                        <content ID="ObservationValue_2e43cf9d7ca63693e75722">NORMAL</content>
                                    </td>
                                    <td>NORMAL</td>
                                    <td>No information in source data</td>
                                    <td>No information in source data</td>
                                    <td>No information in source data</td>
                                    <td>Feb 14 2000 9:45 AM</td>
                                </tr>
                                <tr>
                                    <td>
                                        <content ID="Observation_c343a183a7d5cb1f4a790f">UA ASCORBIC ACD</content>
                                    </td>
                                    <td>
                                        <content ID="ObservationValue_9548e28c556d9b88e5cd1f">NEGATIVE MG/DL</content>
                                    </td>
                                    <td>NEGATIVE</td>
                                    <td>No information in source data</td>
                                    <td>No information in source data</td>
                                    <td>
                                        <content ID="Comment_a54b8ea2b4142c4a6fa25f">UAASC  ELEVATED ASCORBIC ACID LEVELS CAN INTERFERE WITH TEST AND        PRODUCE FALSELY LOWER RESULTS FOR BLOOD, BILIRUBIN,        NITRITE AND GLUCOSE</content>
                                    </td>
                                    <td>Feb 14 2000 9:45 AM</td>
                                </tr>
                                <tr>
                                    <td>
                                        <content ID="Observation_974be38761651ac139b3b0">UA RBC</content>
                                    </td>
                                    <td>
                                        <content ID="ObservationValue_534d5ba70ad074b679da78">0-2 /HPF</content>
                                    </td>
                                    <td>0-2-NONE SEEN</td>
                                    <td>No information in source data</td>
                                    <td>No information in source data</td>
                                    <td>No information in source data</td>
                                    <td>Feb 14 2000 9:45 AM</td>
                                </tr>
                                <tr>
                                    <td>
                                        <content ID="Observation_f44df28a78e9147fff7996">UA WBC</content>
                                    </td>
                                    <td>
                                        <content ID="ObservationValue_3d494b9a29ab74b59802b3">NONE SEEN /HPF</content>
                                    </td>
                                    <td>NONESEEN-0-5</td>
                                    <td>No information in source data</td>
                                    <td>Normal</td>
                                    <td>No information in source data</td>
                                    <td>Feb 14 2000 9:45 AM</td>
                                </tr>
                                <tr>
                                    <td>
                                        <content ID="Observation_0a49b6bd3a27a506e7367d">UA BACTERIA</content>
                                    </td>
                                    <td>
                                        <content ID="ObservationValue_29417995084439c7a6f1b4">NONE SEEN</content>
                                    </td>
                                    <td>NONESEEN-TRACE</td>
                                    <td>No information in source data</td>
                                    <td>No information in source data</td>
                                    <td>No information in source data</td>
                                    <td>Feb 14 2000 9:45 AM</td>
                                </tr>
                                <tr>
                                    <td>
                                        <content ID="Observation_764f89bea903a675d5b962">UA SQUAM EPITH</content>
                                    </td>
                                    <td>
                                        <content ID="ObservationValue_45469085793ead80817e0c">6-10 /HPF</content>
                                    </td>
                                    <td>0-5-6-10</td>
                                    <td>No information in source data</td>
                                    <td>No information in source data</td>
                                    <td>No information in source data</td>
                                    <td>Feb 14 2000 9:45 AM</td>
                                </tr>
                            </tbody>
                        </table>
                        <table>
                            <caption styleCode="bold">UA COMPLETE</caption>
                            <thead>
                                <tr>
                                    <th>Observation</th>
                                    <th>Value</th>
                                    <th>Reference Range</th>
                                    <th>Units</th>
                                    <th>Interpretation</th>
                                    <th>Notes</th>
                                    <th>Date</th>
                                </tr>
                            </thead>
                            <tbody>
                                <tr>
                                    <td>
                                        <content ID="Observation_ab4bf386b066c781776aa9">UA COLOR</content>
                                    </td>
                                    <td>
                                        <content ID="ObservationValue_cf476c9f83f7e35e71c1ff">YELLOW</content>
                                    </td>
                                    <td>YELLOW-STRAW</td>
                                    <td>No information in source data</td>
                                    <td>No information in source data</td>
                                    <td>
                                        <content ID="Comment_414f0182d6d1ed16310205">URINE SAVED - CALL LAB WITHIN 24HR IF FURTHER WORKUP REQUIRED</content>
                                    </td>
                                    <td>Feb 14 2000 9:45 AM</td>
                                </tr>
                                <tr>
                                    <td>
                                        <content ID="Observation_5446e5a832691b73ebac32">UA APPEARANCE</content>
                                    </td>
                                    <td>
                                        <content ID="ObservationValue_13474b8d0c60b625f4d963">CLEAR</content>
                                    </td>
                                    <td>CLEAR</td>
                                    <td>No information in source data</td>
                                    <td>No information in source data</td>
                                    <td>No information in source data</td>
                                    <td>Feb 14 2000 9:45 AM</td>
                                </tr>
                                <tr>
                                    <td>
                                        <content ID="Observation_ea4bccb94f664ed0a2e129">UA SPEC GRAV</content>
                                    </td>
                                    <td>
                                        <content ID="ObservationValue_104415ab0ffad8685b60c3">1.016 ION.CONC</content>
                                    </td>
                                    <td>1.003 - 1.030</td>
                                    <td>No information in source data</td>
                                    <td>No information in source data</td>
                                    <td>No information in source data</td>
                                    <td>Feb 14 2000 9:45 AM</td>
                                </tr>
                                <tr>
                                    <td>
                                        <content ID="Observation_3749418958548455aa2722">UA PH</content>
                                    </td>
                                    <td>
                                        <content ID="ObservationValue_d242a88bef3ef2105aa956">6.5</content>
                                    </td>
                                    <td>6.0 - 8.0</td>
                                    <td>No information in source data</td>
                                    <td>Normal</td>
                                    <td>No information in source data</td>
                                    <td>Feb 14 2000 9:45 AM</td>
                                </tr>
                                <tr>
                                    <td>
                                        <content ID="Observation_8f4803a86fe787626ec407">UA GLUCOSE</content>
                                    </td>
                                    <td>
                                        <content ID="ObservationValue_18474997a74c3ec11ce1c6">NORMAL MG/DL</content>
                                    </td>
                                    <td>NORMAL</td>
                                    <td>No information in source data</td>
                                    <td>No information in source data</td>
                                    <td>No information in source data</td>
                                    <td>Feb 14 2000 9:45 AM</td>
                                </tr>
                                <tr>
                                    <td>
                                        <content ID="Observation_cd4664b9ecf16da3de52fa">UA BILIRUBIN</content>
                                    </td>
                                    <td>
                                        <content ID="ObservationValue_eb4dc680c9b2932d0640e2">NEGATIVE MG/DL</content>
                                    </td>
                                    <td>NEGATIVE</td>
                                    <td>No information in source data</td>
                                    <td>No information in source data</td>
                                    <td>No information in source data</td>
                                    <td>Feb 14 2000 9:45 AM</td>
                                </tr>
                                <tr>
                                    <td>
                                        <content ID="Observation_e94e01a7ef356844cfd428">UA KETONE</content>
                                    </td>
                                    <td>
                                        <content ID="ObservationValue_874e33a2fa002bd64ed837">NEGATIVE MG/DL</content>
                                    </td>
                                    <td>NEGATIVE</td>
                                    <td>No information in source data</td>
                                    <td>No information in source data</td>
                                    <td>No information in source data</td>
                                    <td>Feb 14 2000 9:45 AM</td>
                                </tr>
                                <tr>
                                    <td>
                                        <content ID="Observation_6147ffa44c592eede63c0e">UA BLOOD</content>
                                    </td>
                                    <td>
                                        <content ID="ObservationValue_df4245acee40b337386180">NEGATIVE</content>
                                    </td>
                                    <td>NEGATIVE</td>
                                    <td>No information in source data</td>
                                    <td>No information in source data</td>
                                    <td>No information in source data</td>
                                    <td>Feb 14 2000 9:45 AM</td>
                                </tr>
                                <tr>
                                    <td>
                                        <content ID="Observation_53485b99b74a98148d6352">UA PROTEIN</content>
                                    </td>
                                    <td>
                                        <content ID="ObservationValue_524032a0f4beeb8515745a">100 MG/DL</content>
                                    </td>
                                    <td>NEGATIVE</td>
                                    <td>No information in source data</td>
                                    <td>No information in source data</td>
                                    <td>No information in source data</td>
                                    <td>Feb 14 2000 9:45 AM</td>
                                </tr>
                                <tr>
                                    <td>
                                        <content ID="Observation_2549f6969cd74b037ca409">UA UROBILINOGEN</content>
                                    </td>
                                    <td>
                                        <content ID="ObservationValue_7c46b68273aae1e8001dfc">NORMAL MG/DL</content>
                                    </td>
                                    <td>NORMAL</td>
                                    <td>No information in source data</td>
                                    <td>No information in source data</td>
                                    <td>No information in source data</td>
                                    <td>Feb 14 2000 9:45 AM</td>
                                </tr>
                                <tr>
                                    <td>
                                        <content ID="Observation_f54613b7c5b8660dbeccd4">UA NITRITE</content>
                                    </td>
                                    <td>
                                        <content ID="ObservationValue_fc40fb9b3d393acf48941d">NEGATIVE MG/DL</content>
                                    </td>
                                    <td>NEGATIVE</td>
                                    <td>No information in source data</td>
                                    <td>No information in source data</td>
                                    <td>No information in source data</td>
                                    <td>Feb 14 2000 9:45 AM</td>
                                </tr>
                                <tr>
                                    <td>
                                        <content ID="Observation_5e462db17ecfcc1bd26ea0">UA LEUK ESTER</content>
                                    </td>
                                    <td>
                                        <content ID="ObservationValue_7f410fbcfdc733083561c9">NORMAL</content>
                                    </td>
                                    <td>NORMAL</td>
                                    <td>No information in source data</td>
                                    <td>No information in source data</td>
                                    <td>No information in source data</td>
                                    <td>Feb 14 2000 9:45 AM</td>
                                </tr>
                                <tr>
                                    <td>
                                        <content ID="Observation_42434ca25c729fef14e746">UA ASCORBIC ACD</content>
                                    </td>
                                    <td>
                                        <content ID="ObservationValue_834cbebf2f2b876da26ba3">NEGATIVE MG/DL</content>
                                    </td>
                                    <td>NEGATIVE</td>
                                    <td>No information in source data</td>
                                    <td>No information in source data</td>
                                    <td>
                                        <content ID="Comment_9c433a8c0b0603270c7666">UAASC  ELEVATED ASCORBIC ACID LEVELS CAN INTERFERE WITH TEST AND        PRODUCE FALSELY LOWER RESULTS FOR BLOOD, BILIRUBIN,        NITRITE AND GLUCOSE</content>
                                    </td>
                                    <td>Feb 14 2000 9:45 AM</td>
                                </tr>
                                <tr>
                                    <td>
                                        <content ID="Observation_9246bdbd8727af48a4460e">UA RBC</content>
                                    </td>
                                    <td>
                                        <content ID="ObservationValue_2249c183784fb59a9f4576">0-2 /HPF</content>
                                    </td>
                                    <td>0-2-NONE SEEN</td>
                                    <td>No information in source data</td>
                                    <td>No information in source data</td>
                                    <td>No information in source data</td>
                                    <td>Feb 14 2000 9:45 AM</td>
                                </tr>
                                <tr>
                                    <td>
                                        <content ID="Observation_de45f69c15c50a25770917">UA WBC</content>
                                    </td>
                                    <td>
                                        <content ID="ObservationValue_d644a6ace4df5d9b21e520">NONE SEEN /HPF</content>
                                    </td>
                                    <td>NONESEEN-0-5</td>
                                    <td>No information in source data</td>
                                    <td>Normal</td>
                                    <td>No information in source data</td>
                                    <td>Feb 14 2000 9:45 AM</td>
                                </tr>
                                <tr>
                                    <td>
                                        <content ID="Observation_f6436dade44a3fe5ca2bc0">UA BACTERIA</content>
                                    </td>
                                    <td>
                                        <content ID="ObservationValue_2243cba43bc5c36e017d56">NONE SEEN</content>
                                    </td>
                                    <td>NONESEEN-TRACE</td>
                                    <td>No information in source data</td>
                                    <td>No information in source data</td>
                                    <td>No information in source data</td>
                                    <td>Feb 14 2000 9:45 AM</td>
                                </tr>
                                <tr>
                                    <td>
                                        <content ID="Observation_1c47bf90faa64b22923ff6">UA SQUAM EPITH</content>
                                    </td>
                                    <td>
                                        <content ID="ObservationValue_2d408ab13eefa71e0ca00e">6-10 /HPF</content>
                                    </td>
                                    <td>0-5-6-10</td>
                                    <td>No information in source data</td>
                                    <td>No information in source data</td>
                                    <td>No information in source data</td>
                                    <td>Feb 14 2000 9:45 AM</td>
                                </tr>
                            </tbody>
                        </table>
                        <table>
                            <caption styleCode="bold">UA COMPLETE</caption>
                            <thead>
                                <tr>
                                    <th>Observation</th>
                                    <th>Value</th>
                                    <th>Reference Range</th>
                                    <th>Units</th>
                                    <th>Interpretation</th>
                                    <th>Notes</th>
                                    <th>Date</th>
                                </tr>
                            </thead>
                            <tbody>
                                <tr>
                                    <td>
                                        <content ID="Observation_2743618e8ddc2d831531cc">UA COLOR</content>
                                    </td>
                                    <td>
                                        <content ID="ObservationValue_644bfa8c61469361a8bde9">YELLOW</content>
                                    </td>
                                    <td>YELLOW-STRAW</td>
                                    <td>No information in source data</td>
                                    <td>No information in source data</td>
                                    <td>
                                        <content ID="Comment_0542419c00ad219ff43189">URINE SAVED - CALL LAB WITHIN 24HR IF FURTHER WORKUP REQUIRED</content>
                                    </td>
                                    <td>Feb 14 2000 9:45 AM</td>
                                </tr>
                                <tr>
                                    <td>
                                        <content ID="Observation_43402fa5d867662cecbf48">UA APPEARANCE</content>
                                    </td>
                                    <td>
                                        <content ID="ObservationValue_d6498c8c0cdfbf16eb4d6c">CLEAR</content>
                                    </td>
                                    <td>CLEAR</td>
                                    <td>No information in source data</td>
                                    <td>No information in source data</td>
                                    <td>No information in source data</td>
                                    <td>Feb 14 2000 9:45 AM</td>
                                </tr>
                                <tr>
                                    <td>
                                        <content ID="Observation_494e6da3fe2261e502fad9">UA SPEC GRAV</content>
                                    </td>
                                    <td>
                                        <content ID="ObservationValue_6b47da8bc8708cadcefeca">1.016 ION.CONC</content>
                                    </td>
                                    <td>1.003 - 1.030</td>
                                    <td>No information in source data</td>
                                    <td>No information in source data</td>
                                    <td>No information in source data</td>
                                    <td>Feb 14 2000 9:45 AM</td>
                                </tr>
                                <tr>
                                    <td>
                                        <content ID="Observation_fa4cc3bba8393cd1f858fc">UA PH</content>
                                    </td>
                                    <td>
                                        <content ID="ObservationValue_ba4caba92e47ac6d5a7c1b">6.5</content>
                                    </td>
                                    <td>6.0 - 8.0</td>
                                    <td>No information in source data</td>
                                    <td>Normal</td>
                                    <td>No information in source data</td>
                                    <td>Feb 14 2000 9:45 AM</td>
                                </tr>
                                <tr>
                                    <td>
                                        <content ID="Observation_a0447a8492ebc78a1c0f7a">UA GLUCOSE</content>
                                    </td>
                                    <td>
                                        <content ID="ObservationValue_984332b920e5fe54646fbf">NORMAL MG/DL</content>
                                    </td>
                                    <td>NORMAL</td>
                                    <td>No information in source data</td>
                                    <td>No information in source data</td>
                                    <td>No information in source data</td>
                                    <td>Feb 14 2000 9:45 AM</td>
                                </tr>
                                <tr>
                                    <td>
                                        <content ID="Observation_d34ceb9c7b9b6c707b1ce0">UA BILIRUBIN</content>
                                    </td>
                                    <td>
                                        <content ID="ObservationValue_7e46349058dc8bd3a22706">NEGATIVE MG/DL</content>
                                    </td>
                                    <td>NEGATIVE</td>
                                    <td>No information in source data</td>
                                    <td>No information in source data</td>
                                    <td>No information in source data</td>
                                    <td>Feb 14 2000 9:45 AM</td>
                                </tr>
                                <tr>
                                    <td>
                                        <content ID="Observation_384d0798dec11b9e1989cf">UA KETONE</content>
                                    </td>
                                    <td>
                                        <content ID="ObservationValue_5a496086d4f25f9d1b4a1f">NEGATIVE MG/DL</content>
                                    </td>
                                    <td>NEGATIVE</td>
                                    <td>No information in source data</td>
                                    <td>No information in source data</td>
                                    <td>No information in source data</td>
                                    <td>Feb 14 2000 9:45 AM</td>
                                </tr>
                                <tr>
                                    <td>
                                        <content ID="Observation_8247cb85840caadcc8e26d">UA BLOOD</content>
                                    </td>
                                    <td>
                                        <content ID="ObservationValue_3347259727ba7928343a4e">NEGATIVE</content>
                                    </td>
                                    <td>NEGATIVE</td>
                                    <td>No information in source data</td>
                                    <td>No information in source data</td>
                                    <td>No information in source data</td>
                                    <td>Feb 14 2000 9:45 AM</td>
                                </tr>
                                <tr>
                                    <td>
                                        <content ID="Observation_a74ee88f39e68ebb37ef19">UA PROTEIN</content>
                                    </td>
                                    <td>
                                        <content ID="ObservationValue_cf48d4b8a0db91ec95dcf8">100 MG/DL</content>
                                    </td>
                                    <td>NEGATIVE</td>
                                    <td>No information in source data</td>
                                    <td>No information in source data</td>
                                    <td>No information in source data</td>
                                    <td>Feb 14 2000 9:45 AM</td>
                                </tr>
                                <tr>
                                    <td>
                                        <content ID="Observation_f94158bb5c5eda517461cc">UA UROBILINOGEN</content>
                                    </td>
                                    <td>
                                        <content ID="ObservationValue_d24a32b87fcbc8ea48ab6e">NORMAL MG/DL</content>
                                    </td>
                                    <td>NORMAL</td>
                                    <td>No information in source data</td>
                                    <td>No information in source data</td>
                                    <td>No information in source data</td>
                                    <td>Feb 14 2000 9:45 AM</td>
                                </tr>
                                <tr>
                                    <td>
                                        <content ID="Observation_2c4dac85ec4cf7877e7ae1">UA NITRITE</content>
                                    </td>
                                    <td>
                                        <content ID="ObservationValue_9e40f9ad660eee1710f181">NEGATIVE MG/DL</content>
                                    </td>
                                    <td>NEGATIVE</td>
                                    <td>No information in source data</td>
                                    <td>No information in source data</td>
                                    <td>No information in source data</td>
                                    <td>Feb 14 2000 9:45 AM</td>
                                </tr>
                                <tr>
                                    <td>
                                        <content ID="Observation_884e94a0bac3ce5302ba4e">UA LEUK ESTER</content>
                                    </td>
                                    <td>
                                        <content ID="ObservationValue_7444d3b91442e7e56e190c">NORMAL</content>
                                    </td>
                                    <td>NORMAL</td>
                                    <td>No information in source data</td>
                                    <td>No information in source data</td>
                                    <td>No information in source data</td>
                                    <td>Feb 14 2000 9:45 AM</td>
                                </tr>
                                <tr>
                                    <td>
                                        <content ID="Observation_964720a0593e9b9be5dcb6">UA ASCORBIC ACD</content>
                                    </td>
                                    <td>
                                        <content ID="ObservationValue_3c4a2987475b58ad61ff5c">NEGATIVE MG/DL</content>
                                    </td>
                                    <td>NEGATIVE</td>
                                    <td>No information in source data</td>
                                    <td>No information in source data</td>
                                    <td>
                                        <content ID="Comment_8b4e58a034b96abf49dc76">UAASC  ELEVATED ASCORBIC ACID LEVELS CAN INTERFERE WITH TEST AND        PRODUCE FALSELY LOWER RESULTS FOR BLOOD, BILIRUBIN,        NITRITE AND GLUCOSE</content>
                                    </td>
                                    <td>Feb 14 2000 9:45 AM</td>
                                </tr>
                                <tr>
                                    <td>
                                        <content ID="Observation_6a4cdf94a118341b8ec1fc">UA RBC</content>
                                    </td>
                                    <td>
                                        <content ID="ObservationValue_a244c49b410d165e8570a2">0-2 /HPF</content>
                                    </td>
                                    <td>0-2-NONE SEEN</td>
                                    <td>No information in source data</td>
                                    <td>No information in source data</td>
                                    <td>No information in source data</td>
                                    <td>Feb 14 2000 9:45 AM</td>
                                </tr>
                                <tr>
                                    <td>
                                        <content ID="Observation_124022aacae215055a9c79">UA WBC</content>
                                    </td>
                                    <td>
                                        <content ID="ObservationValue_b04474a0312a14d226316c">NONE SEEN /HPF</content>
                                    </td>
                                    <td>NONESEEN-0-5</td>
                                    <td>No information in source data</td>
                                    <td>Normal</td>
                                    <td>No information in source data</td>
                                    <td>Feb 14 2000 9:45 AM</td>
                                </tr>
                                <tr>
                                    <td>
                                        <content ID="Observation_1a4f9db696e9c85d4185c9">UA BACTERIA</content>
                                    </td>
                                    <td>
                                        <content ID="ObservationValue_9e4539a198ee9a0148733f">NONE SEEN</content>
                                    </td>
                                    <td>NONESEEN-TRACE</td>
                                    <td>No information in source data</td>
                                    <td>No information in source data</td>
                                    <td>No information in source data</td>
                                    <td>Feb 14 2000 9:45 AM</td>
                                </tr>
                                <tr>
                                    <td>
                                        <content ID="Observation_7341b4b65eb600919392f9">UA SQUAM EPITH</content>
                                    </td>
                                    <td>
                                        <content ID="ObservationValue_db4999b588bcba2f286e3b">6-10 /HPF</content>
                                    </td>
                                    <td>0-5-6-10</td>
                                    <td>No information in source data</td>
                                    <td>No information in source data</td>
                                    <td>No information in source data</td>
                                    <td>Feb 14 2000 9:45 AM</td>
                                </tr>
                            </tbody>
                        </table>
                        <table>
                            <caption styleCode="bold">UA COMPLETE</caption>
                            <thead>
                                <tr>
                                    <th>Observation</th>
                                    <th>Value</th>
                                    <th>Reference Range</th>
                                    <th>Units</th>
                                    <th>Interpretation</th>
                                    <th>Notes</th>
                                    <th>Date</th>
                                </tr>
                            </thead>
                            <tbody>
                                <tr>
                                    <td>
                                        <content ID="Observation_704c889f616aa637d9376f">UA COLOR</content>
                                    </td>
                                    <td>
                                        <content ID="ObservationValue_05443e97f03117eb77ea06">YELLOW</content>
                                    </td>
                                    <td>YELLOW-STRAW</td>
                                    <td>No information in source data</td>
                                    <td>No information in source data</td>
                                    <td>
                                        <content ID="Comment_85434e8b90bbb970d63549">URINE SAVED - CALL LAB WITHIN 24HR IF FURTHER WORKUP REQUIRED</content>
                                    </td>
                                    <td>Feb 14 2000 9:45 AM</td>
                                </tr>
                                <tr>
                                    <td>
                                        <content ID="Observation_df41a99f3ac230d00961ba">UA APPEARANCE</content>
                                    </td>
                                    <td>
                                        <content ID="ObservationValue_dd4f318aae866497992e64">CLEAR</content>
                                    </td>
                                    <td>CLEAR</td>
                                    <td>No information in source data</td>
                                    <td>No information in source data</td>
                                    <td>No information in source data</td>
                                    <td>Feb 14 2000 9:45 AM</td>
                                </tr>
                                <tr>
                                    <td>
                                        <content ID="Observation_cf4a96be9e1e28b7d4f61a">UA SPEC GRAV</content>
                                    </td>
                                    <td>
                                        <content ID="ObservationValue_524e7892db00a7c39e2587">1.016 ION.CONC</content>
                                    </td>
                                    <td>1.003 - 1.030</td>
                                    <td>No information in source data</td>
                                    <td>No information in source data</td>
                                    <td>No information in source data</td>
                                    <td>Feb 14 2000 9:45 AM</td>
                                </tr>
                                <tr>
                                    <td>
                                        <content ID="Observation_124b66b0fdccb998c73f14">UA PH</content>
                                    </td>
                                    <td>
                                        <content ID="ObservationValue_c54a3ba5a139b19da378d4">6.5</content>
                                    </td>
                                    <td>6.0 - 8.0</td>
                                    <td>No information in source data</td>
                                    <td>Normal</td>
                                    <td>No information in source data</td>
                                    <td>Feb 14 2000 9:45 AM</td>
                                </tr>
                                <tr>
                                    <td>
                                        <content ID="Observation_96420ab4b15ddfb95a7fd8">UA GLUCOSE</content>
                                    </td>
                                    <td>
                                        <content ID="ObservationValue_bb4362a2e5c9c496672456">NORMAL MG/DL</content>
                                    </td>
                                    <td>NORMAL</td>
                                    <td>No information in source data</td>
                                    <td>No information in source data</td>
                                    <td>No information in source data</td>
                                    <td>Feb 14 2000 9:45 AM</td>
                                </tr>
                                <tr>
                                    <td>
                                        <content ID="Observation_034616b1a749928dc32515">UA BILIRUBIN</content>
                                    </td>
                                    <td>
                                        <content ID="ObservationValue_5949b28616ba583989987d">NEGATIVE MG/DL</content>
                                    </td>
                                    <td>NEGATIVE</td>
                                    <td>No information in source data</td>
                                    <td>No information in source data</td>
                                    <td>No information in source data</td>
                                    <td>Feb 14 2000 9:45 AM</td>
                                </tr>
                                <tr>
                                    <td>
                                        <content ID="Observation_c647a1956431e467cef394">UA KETONE</content>
                                    </td>
                                    <td>
                                        <content ID="ObservationValue_444152bb75500200a1fc4f">NEGATIVE MG/DL</content>
                                    </td>
                                    <td>NEGATIVE</td>
                                    <td>No information in source data</td>
                                    <td>No information in source data</td>
                                    <td>No information in source data</td>
                                    <td>Feb 14 2000 9:45 AM</td>
                                </tr>
                                <tr>
                                    <td>
                                        <content ID="Observation_774756b8e025b6adf12660">UA BLOOD</content>
                                    </td>
                                    <td>
                                        <content ID="ObservationValue_ce4ca08812d5b4cfccd259">NEGATIVE</content>
                                    </td>
                                    <td>NEGATIVE</td>
                                    <td>No information in source data</td>
                                    <td>No information in source data</td>
                                    <td>No information in source data</td>
                                    <td>Feb 14 2000 9:45 AM</td>
                                </tr>
                                <tr>
                                    <td>
                                        <content ID="Observation_914d9d91efbf248fea4b65">UA PROTEIN</content>
                                    </td>
                                    <td>
                                        <content ID="ObservationValue_ea4830a74f4f4f3e44624f">100 MG/DL</content>
                                    </td>
                                    <td>NEGATIVE</td>
                                    <td>No information in source data</td>
                                    <td>No information in source data</td>
                                    <td>No information in source data</td>
                                    <td>Feb 14 2000 9:45 AM</td>
                                </tr>
                                <tr>
                                    <td>
                                        <content ID="Observation_994b4faab6e0bd63ab2b1c">UA UROBILINOGEN</content>
                                    </td>
                                    <td>
                                        <content ID="ObservationValue_904479830392843f623e34">NORMAL MG/DL</content>
                                    </td>
                                    <td>NORMAL</td>
                                    <td>No information in source data</td>
                                    <td>No information in source data</td>
                                    <td>No information in source data</td>
                                    <td>Feb 14 2000 9:45 AM</td>
                                </tr>
                                <tr>
                                    <td>
                                        <content ID="Observation_e5427d9112ae369a830470">UA NITRITE</content>
                                    </td>
                                    <td>
                                        <content ID="ObservationValue_9e42458cde31d217c10d09">NEGATIVE MG/DL</content>
                                    </td>
                                    <td>NEGATIVE</td>
                                    <td>No information in source data</td>
                                    <td>No information in source data</td>
                                    <td>No information in source data</td>
                                    <td>Feb 14 2000 9:45 AM</td>
                                </tr>
                                <tr>
                                    <td>
                                        <content ID="Observation_514112969cec88b89abe46">UA LEUK ESTER</content>
                                    </td>
                                    <td>
                                        <content ID="ObservationValue_2d4c98bea7f3ee70046083">NORMAL</content>
                                    </td>
                                    <td>NORMAL</td>
                                    <td>No information in source data</td>
                                    <td>No information in source data</td>
                                    <td>No information in source data</td>
                                    <td>Feb 14 2000 9:45 AM</td>
                                </tr>
                                <tr>
                                    <td>
                                        <content ID="Observation_0f41f49d7132b306ff8996">UA ASCORBIC ACD</content>
                                    </td>
                                    <td>
                                        <content ID="ObservationValue_0e473780f77328b8fe1ce9">NEGATIVE MG/DL</content>
                                    </td>
                                    <td>NEGATIVE</td>
                                    <td>No information in source data</td>
                                    <td>No information in source data</td>
                                    <td>
                                        <content ID="Comment_c44b81bd3b1adb59316e35">UAASC  ELEVATED ASCORBIC ACID LEVELS CAN INTERFERE WITH TEST AND        PRODUCE FALSELY LOWER RESULTS FOR BLOOD, BILIRUBIN,        NITRITE AND GLUCOSE</content>
                                    </td>
                                    <td>Feb 14 2000 9:45 AM</td>
                                </tr>
                                <tr>
                                    <td>
                                        <content ID="Observation_9b4162b40c905733dbf08b">UA RBC</content>
                                    </td>
                                    <td>
                                        <content ID="ObservationValue_7c40e7b0d068782193717c">0-2 /HPF</content>
                                    </td>
                                    <td>0-2-NONE SEEN</td>
                                    <td>No information in source data</td>
                                    <td>No information in source data</td>
                                    <td>No information in source data</td>
                                    <td>Feb 14 2000 9:45 AM</td>
                                </tr>
                                <tr>
                                    <td>
                                        <content ID="Observation_374456ac5536155de9448e">UA WBC</content>
                                    </td>
                                    <td>
                                        <content ID="ObservationValue_294ad48f7c794b29170f37">NONE SEEN /HPF</content>
                                    </td>
                                    <td>NONESEEN-0-5</td>
                                    <td>No information in source data</td>
                                    <td>Normal</td>
                                    <td>No information in source data</td>
                                    <td>Feb 14 2000 9:45 AM</td>
                                </tr>
                                <tr>
                                    <td>
                                        <content ID="Observation_0245349eedbf4630c96483">UA BACTERIA</content>
                                    </td>
                                    <td>
                                        <content ID="ObservationValue_0648179983500b0ce1d766">NONE SEEN</content>
                                    </td>
                                    <td>NONESEEN-TRACE</td>
                                    <td>No information in source data</td>
                                    <td>No information in source data</td>
                                    <td>No information in source data</td>
                                    <td>Feb 14 2000 9:45 AM</td>
                                </tr>
                                <tr>
                                    <td>
                                        <content ID="Observation_ac4aab8c32153c0a29b19f">UA SQUAM EPITH</content>
                                    </td>
                                    <td>
                                        <content ID="ObservationValue_ce40dc8bed39410ddf9a14">6-10 /HPF</content>
                                    </td>
                                    <td>0-5-6-10</td>
                                    <td>No information in source data</td>
                                    <td>No information in source data</td>
                                    <td>No information in source data</td>
                                    <td>Feb 14 2000 9:45 AM</td>
                                </tr>
                            </tbody>
                        </table>
                        <table>
                            <caption styleCode="bold">CBC</caption>
                            <thead>
                                <tr>
                                    <th>Observation</th>
                                    <th>Value</th>
                                    <th>Reference Range</th>
                                    <th>Units</th>
                                    <th>Interpretation</th>
                                    <th>Notes</th>
                                    <th>Date</th>
                                </tr>
                            </thead>
                            <tbody>
                                <tr>
                                    <td>
                                        <content ID="Observation_82406c92b67d587ba55419">WBC</content>
                                    </td>
                                    <td>
                                        <content ID="ObservationValue_014c4e9ac1f7cacf8d88e7">8.30</content>
                                    </td>
                                    <td>4.80 - 10.80</td>
                                    <td>No information in source data</td>
                                    <td>No information in source data</td>
                                    <td>No information in source data</td>
                                    <td>Feb 14 2000 9:45 AM</td>
                                </tr>
                                <tr>
                                    <td>
                                        <content ID="Observation_fb41479eea87823d974140">HGB</content>
                                    </td>
                                    <td>
                                        <content ID="ObservationValue_e64596a85bc5f71b120cfe">14.6</content>
                                    </td>
                                    <td>14.0 - 18.0</td>
                                    <td>No information in source data</td>
                                    <td>No information in source data</td>
                                    <td>No information in source data</td>
                                    <td>Feb 14 2000 9:45 AM</td>
                                </tr>
                                <tr>
                                    <td>
                                        <content ID="Observation_2446998b341d4ceefcc39c">HCT</content>
                                    </td>
                                    <td>
                                        <content ID="ObservationValue_de4cc19c380e050b253597">44.3</content>
                                    </td>
                                    <td>42.0 - 54.0</td>
                                    <td>No information in source data</td>
                                    <td>No information in source data</td>
                                    <td>No information in source data</td>
                                    <td>Feb 14 2000 9:45 AM</td>
                                </tr>
                                <tr>
                                    <td>
                                        <content ID="Observation_524d5e9b969b50358a5199">PLATELETS</content>
                                    </td>
                                    <td>
                                        <content ID="ObservationValue_d247c8b6949f89ef2a99a6">135</content>
                                    </td>
                                    <td>130 - 400</td>
                                    <td>No information in source data</td>
                                    <td>Normal</td>
                                    <td>No information in source data</td>
                                    <td>Feb 14 2000 9:45 AM</td>
                                </tr>
                                <tr>
                                    <td>
                                        <content ID="Observation_b34d799d926907e214062d">RBC</content>
                                    </td>
                                    <td>
                                        <content ID="ObservationValue_af4ba193e1986d2e3c5b81">4.79</content>
                                    </td>
                                    <td>4.70 - 6.10</td>
                                    <td>No information in source data</td>
                                    <td>No information in source data</td>
                                    <td>No information in source data</td>
                                    <td>Feb 14 2000 9:45 AM</td>
                                </tr>
                                <tr>
                                    <td>
                                        <content ID="Observation_254c3397fc1c303d95d0a5">MCV</content>
                                    </td>
                                    <td>
                                        <content ID="ObservationValue_62455e9eae9e44630ab3b9">92.4</content>
                                    </td>
                                    <td>83.0 - 99.0</td>
                                    <td>No information in source data</td>
                                    <td>No information in source data</td>
                                    <td>No information in source data</td>
                                    <td>Feb 14 2000 9:45 AM</td>
                                </tr>
                                <tr>
                                    <td>
                                        <content ID="Observation_d44fd69671ff3707f7b224">MCH</content>
                                    </td>
                                    <td>
                                        <content ID="ObservationValue_fd4ceb8d56eec691a48379">30.5</content>
                                    </td>
                                    <td>27.0 - 32.0</td>
                                    <td>No information in source data</td>
                                    <td>No information in source data</td>
                                    <td>No information in source data</td>
                                    <td>Feb 14 2000 9:45 AM</td>
                                </tr>
                                <tr>
                                    <td>
                                        <content ID="Observation_85402d86196b321aebcde4">MCHC</content>
                                    </td>
                                    <td>
                                        <content ID="ObservationValue_bf47c2aa720f3445f6d28d">33.0</content>
                                    </td>
                                    <td>32.0 - 37.0</td>
                                    <td>No information in source data</td>
                                    <td>No information in source data</td>
                                    <td>No information in source data</td>
                                    <td>Feb 14 2000 9:45 AM</td>
                                </tr>
                                <tr>
                                    <td>
                                        <content ID="Observation_c747c3831f6259ac4e62ba">RDW</content>
                                    </td>
                                    <td>
                                        <content ID="ObservationValue_3941418b8f6275702fe995">14</content>
                                    </td>
                                    <td>11.5 - 14.5</td>
                                    <td>No information in source data</td>
                                    <td>Normal</td>
                                    <td>No information in source data</td>
                                    <td>Feb 14 2000 9:45 AM</td>
                                </tr>
                                <tr>
                                    <td>
                                        <content ID="Observation_32442bbc59f93de9be224d">NEUT</content>
                                    </td>
                                    <td>
                                        <content ID="ObservationValue_80483b8222fb1ac46e84f4">69</content>
                                    </td>
                                    <td>40.0 - 74.0</td>
                                    <td>No information in source data</td>
                                    <td>Normal</td>
                                    <td>No information in source data</td>
                                    <td>Feb 14 2000 9:45 AM</td>
                                </tr>
                                <tr>
                                    <td>
                                        <content ID="Observation_8e4025b844e680cf73aa59">LYMPH</content>
                                    </td>
                                    <td>
                                        <content ID="ObservationValue_0b4dbfb63a73e31826aa90">20</content>
                                    </td>
                                    <td>19.0 - 48.0</td>
                                    <td>No information in source data</td>
                                    <td>Normal</td>
                                    <td>No information in source data</td>
                                    <td>Feb 14 2000 9:45 AM</td>
                                </tr>
                                <tr>
                                    <td>
                                        <content ID="Observation_41423d8e209534ab00ac60">MONO</content>
                                    </td>
                                    <td>
                                        <content ID="ObservationValue_f24f3c834fe568ddfa3562">8.5</content>
                                    </td>
                                    <td>3.5 - 9.0</td>
                                    <td>No information in source data</td>
                                    <td>Normal</td>
                                    <td>No information in source data</td>
                                    <td>Feb 14 2000 9:45 AM</td>
                                </tr>
                                <tr>
                                    <td>
                                        <content ID="Observation_0748f88d9deec7b0693e45">EOS</content>
                                    </td>
                                    <td>
                                        <content ID="ObservationValue_014d46a070314e4ae9f61b">0.6</content>
                                    </td>
                                    <td>0.0 - 7.0</td>
                                    <td>No information in source data</td>
                                    <td>No information in source data</td>
                                    <td>No information in source data</td>
                                    <td>Feb 14 2000 9:45 AM</td>
                                </tr>
                                <tr>
                                    <td>
                                        <content ID="Observation_6d4d1b8604bced15bc5a64">BASO</content>
                                    </td>
                                    <td>
                                        <content ID="ObservationValue_1b4c43bc6ab427181c6c8d">0.8</content>
                                    </td>
                                    <td>0.0 - 1.5</td>
                                    <td>No information in source data</td>
                                    <td>No information in source data</td>
                                    <td>No information in source data</td>
                                    <td>Feb 14 2000 9:45 AM</td>
                                </tr>
                                <tr>
                                    <td>
                                        <content ID="Observation_dd49f7b815a8ff6f39e031">LGE UNST.CELL</content>
                                    </td>
                                    <td>
                                        <content ID="ObservationValue_bc42f0a1ef89270f7389d4">0.8</content>
                                    </td>
                                    <td>0.0 - 4.0</td>
                                    <td>No information in source data</td>
                                    <td>No information in source data</td>
                                    <td>No information in source data</td>
                                    <td>Feb 14 2000 9:45 AM</td>
                                </tr>
                                <tr>
                                    <td>
                                        <content ID="Observation_f94e57b22ea07265fe5222">NEUT ABS</content>
                                    </td>
                                    <td>
                                        <content ID="ObservationValue_2045a89fa0d8ff6d9e2d82">6.72</content>
                                    </td>
                                    <td>1.90 - 8.00</td>
                                    <td>No information in source data</td>
                                    <td>No information in source data</td>
                                    <td>No information in source data</td>
                                    <td>Feb 14 2000 9:45 AM</td>
                                </tr>
                                <tr>
                                    <td>
                                        <content ID="Observation_4549b2afd2e8fc76336792">LYMPH ABS</content>
                                    </td>
                                    <td>
                                        <content ID="ObservationValue_da409aadc07fba4525b413">1.3</content>
                                    </td>
                                    <td>0.90 - 5.20</td>
                                    <td>No information in source data</td>
                                    <td>Normal</td>
                                    <td>No information in source data</td>
                                    <td>Feb 14 2000 9:45 AM</td>
                                </tr>
                                <tr>
                                    <td>
                                        <content ID="Observation_0042b186ab2a57fb5b31c1">MONO ABS</content>
                                    </td>
                                    <td>
                                        <content ID="ObservationValue_37476397bdbdcbecfb8926">0.77</content>
                                    </td>
                                    <td>0.16 - 1.00</td>
                                    <td>No information in source data</td>
                                    <td>No information in source data</td>
                                    <td>No information in source data</td>
                                    <td>Feb 14 2000 9:45 AM</td>
                                </tr>
                                <tr>
                                    <td>
                                        <content ID="Observation_5947f795cde7b484fa67b5">EOS ABS</content>
                                    </td>
                                    <td>
                                        <content ID="ObservationValue_2b4ba4ba6b2698e7f85629">0.05</content>
                                    </td>
                                    <td>0.00 - 0.80</td>
                                    <td>No information in source data</td>
                                    <td>No information in source data</td>
                                    <td>No information in source data</td>
                                    <td>Feb 14 2000 9:45 AM</td>
                                </tr>
                                <tr>
                                    <td>
                                        <content ID="Observation_be4d86abf6d983b2d474f0">BASO ABS</content>
                                    </td>
                                    <td>
                                        <content ID="ObservationValue_bc48b3b92c5bc3f47bd14a">0.07</content>
                                    </td>
                                    <td>0.00 - 0.20</td>
                                    <td>No information in source data</td>
                                    <td>No information in source data</td>
                                    <td>No information in source data</td>
                                    <td>Feb 14 2000 9:45 AM</td>
                                </tr>
                                <tr>
                                    <td>
                                        <content ID="Observation_264256a72b77236f0f4982">LUC ABS</content>
                                    </td>
                                    <td>
                                        <content ID="ObservationValue_8a4a5e9b92ad4f21dcd726">0.07</content>
                                    </td>
                                    <td>0.00 - 0.40</td>
                                    <td>No information in source data</td>
                                    <td>No information in source data</td>
                                    <td>No information in source data</td>
                                    <td>Feb 14 2000 9:45 AM</td>
                                </tr>
                                <tr>
                                    <td>
                                        <content ID="Observation_4942a8954443411c056860">MAN BAND NEUT</content>
                                    </td>
                                    <td>
                                        <content ID="ObservationValue_2d4964882469e73abd2b17">7</content>
                                    </td>
                                    <td>0 - 8</td>
                                    <td>No information in source data</td>
                                    <td>Normal</td>
                                    <td>No information in source data</td>
                                    <td>Feb 14 2000 9:45 AM</td>
                                </tr>
                                <tr>
                                    <td>
                                        <content ID="Observation_0840659ce4dac9c2aa0557">MAN SEG NEUT</content>
                                    </td>
                                    <td>
                                        <content ID="ObservationValue_ed4081be92a661f0ff4984">71</content>
                                    </td>
                                    <td>40 - 74</td>
                                    <td>No information in source data</td>
                                    <td>No information in source data</td>
                                    <td>No information in source data</td>
                                    <td>Feb 14 2000 9:45 AM</td>
                                </tr>
                                <tr>
                                    <td>
                                        <content ID="Observation_b249ff84cf94b0fe984071">MAN LYMPH</content>
                                    </td>
                                    <td>
                                        <content ID="ObservationValue_f74431b5831288f6c09c72">23</content>
                                    </td>
                                    <td>19 - 48</td>
                                    <td>No information in source data</td>
                                    <td>Normal</td>
                                    <td>No information in source data</td>
                                    <td>Feb 14 2000 9:45 AM</td>
                                </tr>
                                <tr>
                                    <td>
                                        <content ID="Observation_444d4d9c45bc91bc6b2987">MAN MONO</content>
                                    </td>
                                    <td>
                                        <content ID="ObservationValue_8446caab7288223fc80615">9</content>
                                    </td>
                                    <td>4 - 9</td>
                                    <td>No information in source data</td>
                                    <td>No information in source data</td>
                                    <td>No information in source data</td>
                                    <td>Feb 14 2000 9:45 AM</td>
                                </tr>
                                <tr>
                                    <td>
                                        <content ID="Observation_364f8288a997e57bb12906">MAN EOS</content>
                                    </td>
                                    <td>
                                        <content ID="ObservationValue_674961a005b3c07ff60c5b">3</content>
                                    </td>
                                    <td>0 - 7</td>
                                    <td>No information in source data</td>
                                    <td>No information in source data</td>
                                    <td>No information in source data</td>
                                    <td>Feb 14 2000 9:45 AM</td>
                                </tr>
                                <tr>
                                    <td>
                                        <content ID="Observation_b548b68e01bec012e07301">MAN BASO</content>
                                    </td>
                                    <td>
                                        <content ID="ObservationValue_59433fbbec209e1780647e">0</content>
                                    </td>
                                    <td>0 - 2</td>
                                    <td>No information in source data</td>
                                    <td>No information in source data</td>
                                    <td>No information in source data</td>
                                    <td>Feb 14 2000 9:45 AM</td>
                                </tr>
                                <tr>
                                    <td>
                                        <content ID="Observation_d341a89ab25e14327294cc">MAN METAMYL</content>
                                    </td>
                                    <td>
                                        <content ID="ObservationValue_844a8fbb058c78b3d35bf4">0</content>
                                    </td>
                                    <td>0 - 1</td>
                                    <td>No information in source data</td>
                                    <td>No information in source data</td>
                                    <td>No information in source data</td>
                                    <td>Feb 14 2000 9:45 AM</td>
                                </tr>
                                <tr>
                                    <td>
                                        <content ID="Observation_0849b98e9f31dec611d9db">MAN MYELOCYTE</content>
                                    </td>
                                    <td>
                                        <content ID="ObservationValue_bb40fbb33e44645cfea596">0</content>
                                    </td>
                                    <td>0 - 1</td>
                                    <td>No information in source data</td>
                                    <td>No information in source data</td>
                                    <td>No information in source data</td>
                                    <td>Feb 14 2000 9:45 AM</td>
                                </tr>
                                <tr>
                                    <td>
                                        <content ID="Observation_cb4bba8681c431b1cdedd9">MAN PROMYELO</content>
                                    </td>
                                    <td>
                                        <content ID="ObservationValue_094a059e6162d35a0cd483">0</content>
                                    </td>
                                    <td>0 - 0</td>
                                    <td>No information in source data</td>
                                    <td>No information in source data</td>
                                    <td>No information in source data</td>
                                    <td>Feb 14 2000 9:45 AM</td>
                                </tr>
                                <tr>
                                    <td>
                                        <content ID="Observation_5442aca732eec9eb411efa">MAN BLASTS</content>
                                    </td>
                                    <td>
                                        <content ID="ObservationValue_5e4ede900ea814e39fdbd8">0</content>
                                    </td>
                                    <td>0 - 0</td>
                                    <td>No information in source data</td>
                                    <td>No information in source data</td>
                                    <td>No information in source data</td>
                                    <td>Feb 14 2000 9:45 AM</td>
                                </tr>
                                <tr>
                                    <td>
                                        <content ID="Observation_05472891432dcc66a01b2f">PLATELET (EST)</content>
                                    </td>
                                    <td>
                                        <content ID="ObservationValue_9943f59286528924f7c7c7">10-12 PER_OIF</content>
                                    </td>
                                    <td>7 - 20</td>
                                    <td>No information in source data</td>
                                    <td>No information in source data</td>
                                    <td>
                                        <content ID="Comment_744254bc9767c679a01987">PLATELET COUNT CONSISTENT  WITH SLIDE REVIEW ESPLT  EACH PLATELET PER OIL IMMERSION FIELD REPRESENTS APPROXIMATELY        TWENTY THOUSAND PLATELETS PER CUBIC MILLIMETER.</content>
                                    </td>
                                    <td>Feb 14 2000 9:45 AM</td>
                                </tr>
                                <tr>
                                    <td>
                                        <content ID="Observation_164adfa11f9c3c4b24711c">WBC</content>
                                    </td>
                                    <td>
                                        <content ID="ObservationValue_b04514b47c2877628d8c6b">8.30</content>
                                    </td>
                                    <td>4.80 - 10.80</td>
                                    <td>No information in source data</td>
                                    <td>No information in source data</td>
                                    <td>No information in source data</td>
                                    <td>Feb 14 2000 9:45 AM</td>
                                </tr>
                            </tbody>
                        </table>
                        <table>
                            <caption styleCode="bold">UA COMPLETE</caption>
                            <thead>
                                <tr>
                                    <th>Observation</th>
                                    <th>Value</th>
                                    <th>Reference Range</th>
                                    <th>Units</th>
                                    <th>Interpretation</th>
                                    <th>Notes</th>
                                    <th>Date</th>
                                </tr>
                            </thead>
                            <tbody>
                                <tr>
                                    <td>
                                        <content ID="Observation_094a5b99bb1c77e036a52c">UA COLOR</content>
                                    </td>
                                    <td>
                                        <content ID="ObservationValue_194a65844ea6c5e5ab1871">YELLOW</content>
                                    </td>
                                    <td>YELLOW-STRAW</td>
                                    <td>No information in source data</td>
                                    <td>No information in source data</td>
                                    <td>
                                        <content ID="Comment_fb4689884cf90a6d2ebe5f">URINE SAVED - CALL LAB WITHIN 24HR IF FURTHER WORKUP REQUIRED</content>
                                    </td>
                                    <td>Feb 14 2000 9:45 AM</td>
                                </tr>
                                <tr>
                                    <td>
                                        <content ID="Observation_5f48abbae3085908800b25">UA APPEARANCE</content>
                                    </td>
                                    <td>
                                        <content ID="ObservationValue_a7423193e0c7844aeb7cfa">CLEAR</content>
                                    </td>
                                    <td>CLEAR</td>
                                    <td>No information in source data</td>
                                    <td>No information in source data</td>
                                    <td>No information in source data</td>
                                    <td>Feb 14 2000 9:45 AM</td>
                                </tr>
                                <tr>
                                    <td>
                                        <content ID="Observation_9844e2a6994e8e32d21ec4">UA SPEC GRAV</content>
                                    </td>
                                    <td>
                                        <content ID="ObservationValue_8a4948b03fc3199333d3b5">1.016 ION.CONC</content>
                                    </td>
                                    <td>1.003 - 1.030</td>
                                    <td>No information in source data</td>
                                    <td>No information in source data</td>
                                    <td>No information in source data</td>
                                    <td>Feb 14 2000 9:45 AM</td>
                                </tr>
                                <tr>
                                    <td>
                                        <content ID="Observation_6048c0afd7e9f453dab9cb">UA PH</content>
                                    </td>
                                    <td>
                                        <content ID="ObservationValue_e846799045b29c7a8e0c44">6.5</content>
                                    </td>
                                    <td>6.0 - 8.0</td>
                                    <td>No information in source data</td>
                                    <td>Normal</td>
                                    <td>No information in source data</td>
                                    <td>Feb 14 2000 9:45 AM</td>
                                </tr>
                                <tr>
                                    <td>
                                        <content ID="Observation_ff4c4290d2ef03ad7dbc3c">UA GLUCOSE</content>
                                    </td>
                                    <td>
                                        <content ID="ObservationValue_ce4fb3b3f2a0f5ef4f393b">NORMAL MG/DL</content>
                                    </td>
                                    <td>NORMAL</td>
                                    <td>No information in source data</td>
                                    <td>No information in source data</td>
                                    <td>No information in source data</td>
                                    <td>Feb 14 2000 9:45 AM</td>
                                </tr>
                                <tr>
                                    <td>
                                        <content ID="Observation_ea4042b440c286c1f9e5cb">UA BILIRUBIN</content>
                                    </td>
                                    <td>
                                        <content ID="ObservationValue_c84ec88aa7724685a48738">NEGATIVE MG/DL</content>
                                    </td>
                                    <td>NEGATIVE</td>
                                    <td>No information in source data</td>
                                    <td>No information in source data</td>
                                    <td>No information in source data</td>
                                    <td>Feb 14 2000 9:45 AM</td>
                                </tr>
                                <tr>
                                    <td>
                                        <content ID="Observation_6d4287a914fb78eb7e3766">UA KETONE</content>
                                    </td>
                                    <td>
                                        <content ID="ObservationValue_0c4a9eb97d110c105052f1">NEGATIVE MG/DL</content>
                                    </td>
                                    <td>NEGATIVE</td>
                                    <td>No information in source data</td>
                                    <td>No information in source data</td>
                                    <td>No information in source data</td>
                                    <td>Feb 14 2000 9:45 AM</td>
                                </tr>
                                <tr>
                                    <td>
                                        <content ID="Observation_ca445e9953ce2e9160ba57">UA BLOOD</content>
                                    </td>
                                    <td>
                                        <content ID="ObservationValue_aa47a6b26a6892ff622bf7">NEGATIVE</content>
                                    </td>
                                    <td>NEGATIVE</td>
                                    <td>No information in source data</td>
                                    <td>No information in source data</td>
                                    <td>No information in source data</td>
                                    <td>Feb 14 2000 9:45 AM</td>
                                </tr>
                                <tr>
                                    <td>
                                        <content ID="Observation_3445d584c67516da9b9922">UA PROTEIN</content>
                                    </td>
                                    <td>
                                        <content ID="ObservationValue_c845de92774b7eaac02af0">100 MG/DL</content>
                                    </td>
                                    <td>NEGATIVE</td>
                                    <td>No information in source data</td>
                                    <td>No information in source data</td>
                                    <td>No information in source data</td>
                                    <td>Feb 14 2000 9:45 AM</td>
                                </tr>
                                <tr>
                                    <td>
                                        <content ID="Observation_314a94b7aac7315c962fcd">UA UROBILINOGEN</content>
                                    </td>
                                    <td>
                                        <content ID="ObservationValue_c0482287a0cd3fc0865a7b">NORMAL MG/DL</content>
                                    </td>
                                    <td>NORMAL</td>
                                    <td>No information in source data</td>
                                    <td>No information in source data</td>
                                    <td>No information in source data</td>
                                    <td>Feb 14 2000 9:45 AM</td>
                                </tr>
                                <tr>
                                    <td>
                                        <content ID="Observation_844305bf771c478e0b7f8d">UA NITRITE</content>
                                    </td>
                                    <td>
                                        <content ID="ObservationValue_754fac9963256f8797dfbb">NEGATIVE MG/DL</content>
                                    </td>
                                    <td>NEGATIVE</td>
                                    <td>No information in source data</td>
                                    <td>No information in source data</td>
                                    <td>No information in source data</td>
                                    <td>Feb 14 2000 9:45 AM</td>
                                </tr>
                                <tr>
                                    <td>
                                        <content ID="Observation_2541b391d7f18b9e142568">UA LEUK ESTER</content>
                                    </td>
                                    <td>
                                        <content ID="ObservationValue_924949bcc7d7a8fbf281a6">NORMAL</content>
                                    </td>
                                    <td>NORMAL</td>
                                    <td>No information in source data</td>
                                    <td>No information in source data</td>
                                    <td>No information in source data</td>
                                    <td>Feb 14 2000 9:45 AM</td>
                                </tr>
                                <tr>
                                    <td>
                                        <content ID="Observation_484889bd0d4b2173ddfe35">UA ASCORBIC ACD</content>
                                    </td>
                                    <td>
                                        <content ID="ObservationValue_324461810c5e33a3c1f018">NEGATIVE MG/DL</content>
                                    </td>
                                    <td>NEGATIVE</td>
                                    <td>No information in source data</td>
                                    <td>No information in source data</td>
                                    <td>
                                        <content ID="Comment_7d44a99a36a91a6fbea434">UAASC  ELEVATED ASCORBIC ACID LEVELS CAN INTERFERE WITH TEST AND        PRODUCE FALSELY LOWER RESULTS FOR BLOOD, BILIRUBIN,        NITRITE AND GLUCOSE</content>
                                    </td>
                                    <td>Feb 14 2000 9:45 AM</td>
                                </tr>
                                <tr>
                                    <td>
                                        <content ID="Observation_f242a785c75207034cea92">UA RBC</content>
                                    </td>
                                    <td>
                                        <content ID="ObservationValue_5a46e0a94e6d83bce821fe">0-2 /HPF</content>
                                    </td>
                                    <td>0-2-NONE SEEN</td>
                                    <td>No information in source data</td>
                                    <td>No information in source data</td>
                                    <td>No information in source data</td>
                                    <td>Feb 14 2000 9:45 AM</td>
                                </tr>
                                <tr>
                                    <td>
                                        <content ID="Observation_c648c29fddfb59e99c1ab0">UA WBC</content>
                                    </td>
                                    <td>
                                        <content ID="ObservationValue_4d4adcb9a3c54b2040e89a">NONE SEEN /HPF</content>
                                    </td>
                                    <td>NONESEEN-0-5</td>
                                    <td>No information in source data</td>
                                    <td>Normal</td>
                                    <td>No information in source data</td>
                                    <td>Feb 14 2000 9:45 AM</td>
                                </tr>
                                <tr>
                                    <td>
                                        <content ID="Observation_5540bea34e4d0a100822b8">UA BACTERIA</content>
                                    </td>
                                    <td>
                                        <content ID="ObservationValue_ee4de29de52a980ce480d9">NONE SEEN</content>
                                    </td>
                                    <td>NONESEEN-TRACE</td>
                                    <td>No information in source data</td>
                                    <td>No information in source data</td>
                                    <td>No information in source data</td>
                                    <td>Feb 14 2000 9:45 AM</td>
                                </tr>
                                <tr>
                                    <td>
                                        <content ID="Observation_cf4dd7b3cea0ac4e6d9122">UA SQUAM EPITH</content>
                                    </td>
                                    <td>
                                        <content ID="ObservationValue_50481693a5f63af8131745">6-10 /HPF</content>
                                    </td>
                                    <td>0-5-6-10</td>
                                    <td>No information in source data</td>
                                    <td>No information in source data</td>
                                    <td>No information in source data</td>
                                    <td>Feb 14 2000 9:45 AM</td>
                                </tr>
                            </tbody>
                        </table>
                        <table>
                            <caption styleCode="bold">UA COMPLETE</caption>
                            <thead>
                                <tr>
                                    <th>Observation</th>
                                    <th>Value</th>
                                    <th>Reference Range</th>
                                    <th>Units</th>
                                    <th>Interpretation</th>
                                    <th>Notes</th>
                                    <th>Date</th>
                                </tr>
                            </thead>
                            <tbody>
                                <tr>
                                    <td>
                                        <content ID="Observation_c742c88a9d1aed060cf50e">UA COLOR</content>
                                    </td>
                                    <td>
                                        <content ID="ObservationValue_124c55816731b6970a781d">YELLOW</content>
                                    </td>
                                    <td>YELLOW-STRAW</td>
                                    <td>No information in source data</td>
                                    <td>No information in source data</td>
                                    <td>
                                        <content ID="Comment_72465bbe54fd76ed6ab953">URINE SAVED - CALL LAB WITHIN 24HR IF FURTHER WORKUP REQUIRED</content>
                                    </td>
                                    <td>Feb 14 2000 9:45 AM</td>
                                </tr>
                                <tr>
                                    <td>
                                        <content ID="Observation_704b9b8467144c58846b67">UA APPEARANCE</content>
                                    </td>
                                    <td>
                                        <content ID="ObservationValue_fb438a821b4537c18af037">CLEAR</content>
                                    </td>
                                    <td>CLEAR</td>
                                    <td>No information in source data</td>
                                    <td>No information in source data</td>
                                    <td>No information in source data</td>
                                    <td>Feb 14 2000 9:45 AM</td>
                                </tr>
                                <tr>
                                    <td>
                                        <content ID="Observation_a748d78ea10b4fb5a0b49c">UA SPEC GRAV</content>
                                    </td>
                                    <td>
                                        <content ID="ObservationValue_40483bb45d01b87b3c9096">1.016 ION.CONC</content>
                                    </td>
                                    <td>1.003 - 1.030</td>
                                    <td>No information in source data</td>
                                    <td>No information in source data</td>
                                    <td>No information in source data</td>
                                    <td>Feb 14 2000 9:45 AM</td>
                                </tr>
                                <tr>
                                    <td>
                                        <content ID="Observation_8c433faae7f3f0fb7f893b">UA PH</content>
                                    </td>
                                    <td>
                                        <content ID="ObservationValue_16498e93f8047fa118f03f">6.5</content>
                                    </td>
                                    <td>6.0 - 8.0</td>
                                    <td>No information in source data</td>
                                    <td>Normal</td>
                                    <td>No information in source data</td>
                                    <td>Feb 14 2000 9:45 AM</td>
                                </tr>
                                <tr>
                                    <td>
                                        <content ID="Observation_744181b171bb903415ac5d">UA GLUCOSE</content>
                                    </td>
                                    <td>
                                        <content ID="ObservationValue_aa4f45aa7bd92265117d2b">NORMAL MG/DL</content>
                                    </td>
                                    <td>NORMAL</td>
                                    <td>No information in source data</td>
                                    <td>No information in source data</td>
                                    <td>No information in source data</td>
                                    <td>Feb 14 2000 9:45 AM</td>
                                </tr>
                                <tr>
                                    <td>
                                        <content ID="Observation_b8432f83a542eaf5742b28">UA BILIRUBIN</content>
                                    </td>
                                    <td>
                                        <content ID="ObservationValue_5349a0a9e110baccfba94b">NEGATIVE MG/DL</content>
                                    </td>
                                    <td>NEGATIVE</td>
                                    <td>No information in source data</td>
                                    <td>No information in source data</td>
                                    <td>No information in source data</td>
                                    <td>Feb 14 2000 9:45 AM</td>
                                </tr>
                                <tr>
                                    <td>
                                        <content ID="Observation_25494d9cdf775c23692dcb">UA KETONE</content>
                                    </td>
                                    <td>
                                        <content ID="ObservationValue_294afc9ed63718577f6dc7">NEGATIVE MG/DL</content>
                                    </td>
                                    <td>NEGATIVE</td>
                                    <td>No information in source data</td>
                                    <td>No information in source data</td>
                                    <td>No information in source data</td>
                                    <td>Feb 14 2000 9:45 AM</td>
                                </tr>
                                <tr>
                                    <td>
                                        <content ID="Observation_334fcd964bc096b2450059">UA BLOOD</content>
                                    </td>
                                    <td>
                                        <content ID="ObservationValue_cc475098b7d6e2a8214650">NEGATIVE</content>
                                    </td>
                                    <td>NEGATIVE</td>
                                    <td>No information in source data</td>
                                    <td>No information in source data</td>
                                    <td>No information in source data</td>
                                    <td>Feb 14 2000 9:45 AM</td>
                                </tr>
                                <tr>
                                    <td>
                                        <content ID="Observation_ca495ab4256a26ddda918b">UA PROTEIN</content>
                                    </td>
                                    <td>
                                        <content ID="ObservationValue_064f85939d3003e8e09eec">100 MG/DL</content>
                                    </td>
                                    <td>NEGATIVE</td>
                                    <td>No information in source data</td>
                                    <td>No information in source data</td>
                                    <td>No information in source data</td>
                                    <td>Feb 14 2000 9:45 AM</td>
                                </tr>
                                <tr>
                                    <td>
                                        <content ID="Observation_644755aef9865eeaabc7e7">UA UROBILINOGEN</content>
                                    </td>
                                    <td>
                                        <content ID="ObservationValue_9c4ac09a692b562a0727f5">NORMAL MG/DL</content>
                                    </td>
                                    <td>NORMAL</td>
                                    <td>No information in source data</td>
                                    <td>No information in source data</td>
                                    <td>No information in source data</td>
                                    <td>Feb 14 2000 9:45 AM</td>
                                </tr>
                                <tr>
                                    <td>
                                        <content ID="Observation_a149aaa2f8d30238bfcfdc">UA NITRITE</content>
                                    </td>
                                    <td>
                                        <content ID="ObservationValue_c04b7c8412dbf02efdbc87">NEGATIVE MG/DL</content>
                                    </td>
                                    <td>NEGATIVE</td>
                                    <td>No information in source data</td>
                                    <td>No information in source data</td>
                                    <td>No information in source data</td>
                                    <td>Feb 14 2000 9:45 AM</td>
                                </tr>
                                <tr>
                                    <td>
                                        <content ID="Observation_af4adf85809486b53855df">UA LEUK ESTER</content>
                                    </td>
                                    <td>
                                        <content ID="ObservationValue_294d0dade629e22161e7eb">NORMAL</content>
                                    </td>
                                    <td>NORMAL</td>
                                    <td>No information in source data</td>
                                    <td>No information in source data</td>
                                    <td>No information in source data</td>
                                    <td>Feb 14 2000 9:45 AM</td>
                                </tr>
                                <tr>
                                    <td>
                                        <content ID="Observation_224eb8a2748fc369553ce3">UA ASCORBIC ACD</content>
                                    </td>
                                    <td>
                                        <content ID="ObservationValue_f0433685180335b5ca65fa">NEGATIVE MG/DL</content>
                                    </td>
                                    <td>NEGATIVE</td>
                                    <td>No information in source data</td>
                                    <td>No information in source data</td>
                                    <td>
                                        <content ID="Comment_cd4682882d0ade910600d0">UAASC  ELEVATED ASCORBIC ACID LEVELS CAN INTERFERE WITH TEST AND        PRODUCE FALSELY LOWER RESULTS FOR BLOOD, BILIRUBIN,        NITRITE AND GLUCOSE</content>
                                    </td>
                                    <td>Feb 14 2000 9:45 AM</td>
                                </tr>
                                <tr>
                                    <td>
                                        <content ID="Observation_21411f8def73556eb26cdb">UA RBC</content>
                                    </td>
                                    <td>
                                        <content ID="ObservationValue_c74109b1b54a44ffad44fc">0-2 /HPF</content>
                                    </td>
                                    <td>0-2-NONE SEEN</td>
                                    <td>No information in source data</td>
                                    <td>No information in source data</td>
                                    <td>No information in source data</td>
                                    <td>Feb 14 2000 9:45 AM</td>
                                </tr>
                                <tr>
                                    <td>
                                        <content ID="Observation_824e76a3880b2f88e4a0e7">UA WBC</content>
                                    </td>
                                    <td>
                                        <content ID="ObservationValue_52429090188e60885cd2b0">NONE SEEN /HPF</content>
                                    </td>
                                    <td>NONESEEN-0-5</td>
                                    <td>No information in source data</td>
                                    <td>Normal</td>
                                    <td>No information in source data</td>
                                    <td>Feb 14 2000 9:45 AM</td>
                                </tr>
                                <tr>
                                    <td>
                                        <content ID="Observation_2b4e8685cf52256f04e66a">UA BACTERIA</content>
                                    </td>
                                    <td>
                                        <content ID="ObservationValue_514419a39537cd8431a8bd">NONE SEEN</content>
                                    </td>
                                    <td>NONESEEN-TRACE</td>
                                    <td>No information in source data</td>
                                    <td>No information in source data</td>
                                    <td>No information in source data</td>
                                    <td>Feb 14 2000 9:45 AM</td>
                                </tr>
                                <tr>
                                    <td>
                                        <content ID="Observation_d94f1fae95bea6f2f2c2c1">UA SQUAM EPITH</content>
                                    </td>
                                    <td>
                                        <content ID="ObservationValue_45404a8db8e22cae2f1106">6-10 /HPF</content>
                                    </td>
                                    <td>0-5-6-10</td>
                                    <td>No information in source data</td>
                                    <td>No information in source data</td>
                                    <td>No information in source data</td>
                                    <td>Feb 14 2000 9:45 AM</td>
                                </tr>
                            </tbody>
                        </table>
                        <table>
                            <caption styleCode="bold">UA COMPLETE</caption>
                            <thead>
                                <tr>
                                    <th>Observation</th>
                                    <th>Value</th>
                                    <th>Reference Range</th>
                                    <th>Units</th>
                                    <th>Interpretation</th>
                                    <th>Notes</th>
                                    <th>Date</th>
                                </tr>
                            </thead>
                            <tbody>
                                <tr>
                                    <td>
                                        <content ID="Observation_07451abb28ad0fa899669d">UA COLOR</content>
                                    </td>
                                    <td>
                                        <content ID="ObservationValue_ef45cfbfae6e61b20731b2">YELLOW</content>
                                    </td>
                                    <td>YELLOW-STRAW</td>
                                    <td>No information in source data</td>
                                    <td>No information in source data</td>
                                    <td>
                                        <content ID="Comment_5d493fb25284af49ebb527">URINE SAVED - CALL LAB WITHIN 24HR IF FURTHER WORKUP REQUIRED</content>
                                    </td>
                                    <td>Feb 14 2000 9:45 AM</td>
                                </tr>
                                <tr>
                                    <td>
                                        <content ID="Observation_5746db92c0f5af8abc7de4">UA APPEARANCE</content>
                                    </td>
                                    <td>
                                        <content ID="ObservationValue_bf45ec82d57b38be03f1b0">CLEAR</content>
                                    </td>
                                    <td>CLEAR</td>
                                    <td>No information in source data</td>
                                    <td>No information in source data</td>
                                    <td>No information in source data</td>
                                    <td>Feb 14 2000 9:45 AM</td>
                                </tr>
                                <tr>
                                    <td>
                                        <content ID="Observation_53411fbd9c7a1e575297a8">UA SPEC GRAV</content>
                                    </td>
                                    <td>
                                        <content ID="ObservationValue_c247ccbf97380bcbe8f68c">1.016 ION.CONC</content>
                                    </td>
                                    <td>1.003 - 1.030</td>
                                    <td>No information in source data</td>
                                    <td>No information in source data</td>
                                    <td>No information in source data</td>
                                    <td>Feb 14 2000 9:45 AM</td>
                                </tr>
                                <tr>
                                    <td>
                                        <content ID="Observation_66406f868de6541a91a76b">UA PH</content>
                                    </td>
                                    <td>
                                        <content ID="ObservationValue_8c4b39a0e2e738394e4e0d">6.5</content>
                                    </td>
                                    <td>6.0 - 8.0</td>
                                    <td>No information in source data</td>
                                    <td>Normal</td>
                                    <td>No information in source data</td>
                                    <td>Feb 14 2000 9:45 AM</td>
                                </tr>
                                <tr>
                                    <td>
                                        <content ID="Observation_23481e825f8b5e235cabf3">UA GLUCOSE</content>
                                    </td>
                                    <td>
                                        <content ID="ObservationValue_d44ba0a8227c125eb0daf3">NORMAL MG/DL</content>
                                    </td>
                                    <td>NORMAL</td>
                                    <td>No information in source data</td>
                                    <td>No information in source data</td>
                                    <td>No information in source data</td>
                                    <td>Feb 14 2000 9:45 AM</td>
                                </tr>
                                <tr>
                                    <td>
                                        <content ID="Observation_a3453495fad838b8efe0d3">UA BILIRUBIN</content>
                                    </td>
                                    <td>
                                        <content ID="ObservationValue_934e95ac1bea03c7ede0da">NEGATIVE MG/DL</content>
                                    </td>
                                    <td>NEGATIVE</td>
                                    <td>No information in source data</td>
                                    <td>No information in source data</td>
                                    <td>No information in source data</td>
                                    <td>Feb 14 2000 9:45 AM</td>
                                </tr>
                                <tr>
                                    <td>
                                        <content ID="Observation_c144a382f69741feeca9ee">UA KETONE</content>
                                    </td>
                                    <td>
                                        <content ID="ObservationValue_1b42ccb71dce73ef0a5c43">NEGATIVE MG/DL</content>
                                    </td>
                                    <td>NEGATIVE</td>
                                    <td>No information in source data</td>
                                    <td>No information in source data</td>
                                    <td>No information in source data</td>
                                    <td>Feb 14 2000 9:45 AM</td>
                                </tr>
                                <tr>
                                    <td>
                                        <content ID="Observation_9f4dd7a5883bae36a5a9fd">UA BLOOD</content>
                                    </td>
                                    <td>
                                        <content ID="ObservationValue_8449b386664169df9808c8">NEGATIVE</content>
                                    </td>
                                    <td>NEGATIVE</td>
                                    <td>No information in source data</td>
                                    <td>No information in source data</td>
                                    <td>No information in source data</td>
                                    <td>Feb 14 2000 9:45 AM</td>
                                </tr>
                                <tr>
                                    <td>
                                        <content ID="Observation_b1450bb79cf2b28ffe9a49">UA PROTEIN</content>
                                    </td>
                                    <td>
                                        <content ID="ObservationValue_7b4703a8bef08cde521e92">100 MG/DL</content>
                                    </td>
                                    <td>NEGATIVE</td>
                                    <td>No information in source data</td>
                                    <td>No information in source data</td>
                                    <td>No information in source data</td>
                                    <td>Feb 14 2000 9:45 AM</td>
                                </tr>
                                <tr>
                                    <td>
                                        <content ID="Observation_2b435c925913edbb703136">UA UROBILINOGEN</content>
                                    </td>
                                    <td>
                                        <content ID="ObservationValue_c74f8eb3fd870a4460b410">NORMAL MG/DL</content>
                                    </td>
                                    <td>NORMAL</td>
                                    <td>No information in source data</td>
                                    <td>No information in source data</td>
                                    <td>No information in source data</td>
                                    <td>Feb 14 2000 9:45 AM</td>
                                </tr>
                                <tr>
                                    <td>
                                        <content ID="Observation_ef4d589fad2fa5e0c1dadd">UA NITRITE</content>
                                    </td>
                                    <td>
                                        <content ID="ObservationValue_9049f1adc5c69c205fb3f7">NEGATIVE MG/DL</content>
                                    </td>
                                    <td>NEGATIVE</td>
                                    <td>No information in source data</td>
                                    <td>No information in source data</td>
                                    <td>No information in source data</td>
                                    <td>Feb 14 2000 9:45 AM</td>
                                </tr>
                                <tr>
                                    <td>
                                        <content ID="Observation_d04b73a4fa108f362fe6b8">UA LEUK ESTER</content>
                                    </td>
                                    <td>
                                        <content ID="ObservationValue_ba46c59664af3ed329a421">NORMAL</content>
                                    </td>
                                    <td>NORMAL</td>
                                    <td>No information in source data</td>
                                    <td>No information in source data</td>
                                    <td>No information in source data</td>
                                    <td>Feb 14 2000 9:45 AM</td>
                                </tr>
                                <tr>
                                    <td>
                                        <content ID="Observation_6d404f9dfe1aa65401df2e">UA ASCORBIC ACD</content>
                                    </td>
                                    <td>
                                        <content ID="ObservationValue_814502a3d52f4be6db0a59">NEGATIVE MG/DL</content>
                                    </td>
                                    <td>NEGATIVE</td>
                                    <td>No information in source data</td>
                                    <td>No information in source data</td>
                                    <td>
                                        <content ID="Comment_db4c908d719586fe170aff">UAASC  ELEVATED ASCORBIC ACID LEVELS CAN INTERFERE WITH TEST AND        PRODUCE FALSELY LOWER RESULTS FOR BLOOD, BILIRUBIN,        NITRITE AND GLUCOSE</content>
                                    </td>
                                    <td>Feb 14 2000 9:45 AM</td>
                                </tr>
                                <tr>
                                    <td>
                                        <content ID="Observation_28454fbe9f437006f2070d">UA RBC</content>
                                    </td>
                                    <td>
                                        <content ID="ObservationValue_004bc49275f8f2b83e85cd">0-2 /HPF</content>
                                    </td>
                                    <td>0-2-NONE SEEN</td>
                                    <td>No information in source data</td>
                                    <td>No information in source data</td>
                                    <td>No information in source data</td>
                                    <td>Feb 14 2000 9:45 AM</td>
                                </tr>
                                <tr>
                                    <td>
                                        <content ID="Observation_4143499bfb3e61d865f695">UA WBC</content>
                                    </td>
                                    <td>
                                        <content ID="ObservationValue_3f43de8a2f9ab81dcf940a">NONE SEEN /HPF</content>
                                    </td>
                                    <td>NONESEEN-0-5</td>
                                    <td>No information in source data</td>
                                    <td>Normal</td>
                                    <td>No information in source data</td>
                                    <td>Feb 14 2000 9:45 AM</td>
                                </tr>
                                <tr>
                                    <td>
                                        <content ID="Observation_994e44855b41ffcc2049dd">UA BACTERIA</content>
                                    </td>
                                    <td>
                                        <content ID="ObservationValue_7142028774f5f1fe847202">NONE SEEN</content>
                                    </td>
                                    <td>NONESEEN-TRACE</td>
                                    <td>No information in source data</td>
                                    <td>No information in source data</td>
                                    <td>No information in source data</td>
                                    <td>Feb 14 2000 9:45 AM</td>
                                </tr>
                                <tr>
                                    <td>
                                        <content ID="Observation_cb4f07952068bdbc71876a">UA SQUAM EPITH</content>
                                    </td>
                                    <td>
                                        <content ID="ObservationValue_3b4f80aa197ef9f0a80c98">6-10 /HPF</content>
                                    </td>
                                    <td>0-5-6-10</td>
                                    <td>No information in source data</td>
                                    <td>No information in source data</td>
                                    <td>No information in source data</td>
                                    <td>Feb 14 2000 9:45 AM</td>
                                </tr>
                            </tbody>
                        </table>
                        <table>
                            <caption styleCode="bold">UA COMPLETE</caption>
                            <thead>
                                <tr>
                                    <th>Observation</th>
                                    <th>Value</th>
                                    <th>Reference Range</th>
                                    <th>Units</th>
                                    <th>Interpretation</th>
                                    <th>Notes</th>
                                    <th>Date</th>
                                </tr>
                            </thead>
                            <tbody>
                                <tr>
                                    <td>
                                        <content ID="Observation_1c4de5a793b59eb8655d21">UA COLOR</content>
                                    </td>
                                    <td>
                                        <content ID="ObservationValue_02453fbc2fba26a439a270">YELLOW</content>
                                    </td>
                                    <td>YELLOW-STRAW</td>
                                    <td>No information in source data</td>
                                    <td>No information in source data</td>
                                    <td>
                                        <content ID="Comment_79416c9af85ec4b5ea46b0">URINE SAVED - CALL LAB WITHIN 24HR IF FURTHER WORKUP REQUIRED</content>
                                    </td>
                                    <td>Feb 14 2000 9:45 AM</td>
                                </tr>
                                <tr>
                                    <td>
                                        <content ID="Observation_c346b29b7c8bffe57204b9">UA APPEARANCE</content>
                                    </td>
                                    <td>
                                        <content ID="ObservationValue_ef4f7abc0b60d459575027">CLEAR</content>
                                    </td>
                                    <td>CLEAR</td>
                                    <td>No information in source data</td>
                                    <td>No information in source data</td>
                                    <td>No information in source data</td>
                                    <td>Feb 14 2000 9:45 AM</td>
                                </tr>
                                <tr>
                                    <td>
                                        <content ID="Observation_8941699ffd4ede0f03b781">UA SPEC GRAV</content>
                                    </td>
                                    <td>
                                        <content ID="ObservationValue_2a41609b56e44c90bec0e2">1.016 ION.CONC</content>
                                    </td>
                                    <td>1.003 - 1.030</td>
                                    <td>No information in source data</td>
                                    <td>No information in source data</td>
                                    <td>No information in source data</td>
                                    <td>Feb 14 2000 9:45 AM</td>
                                </tr>
                                <tr>
                                    <td>
                                        <content ID="Observation_cd45e580b5ace0e6427b66">UA PH</content>
                                    </td>
                                    <td>
                                        <content ID="ObservationValue_96450e8af9105ce46ee768">6.5</content>
                                    </td>
                                    <td>6.0 - 8.0</td>
                                    <td>No information in source data</td>
                                    <td>Normal</td>
                                    <td>No information in source data</td>
                                    <td>Feb 14 2000 9:45 AM</td>
                                </tr>
                                <tr>
                                    <td>
                                        <content ID="Observation_1a487083298a5f8c673ea3">UA GLUCOSE</content>
                                    </td>
                                    <td>
                                        <content ID="ObservationValue_1849e4af3206bba87e6a7b">NORMAL MG/DL</content>
                                    </td>
                                    <td>NORMAL</td>
                                    <td>No information in source data</td>
                                    <td>No information in source data</td>
                                    <td>No information in source data</td>
                                    <td>Feb 14 2000 9:45 AM</td>
                                </tr>
                                <tr>
                                    <td>
                                        <content ID="Observation_8e4110ad6175fc84d3ad93">UA BILIRUBIN</content>
                                    </td>
                                    <td>
                                        <content ID="ObservationValue_d24b82abc26c9ce764bdc8">NEGATIVE MG/DL</content>
                                    </td>
                                    <td>NEGATIVE</td>
                                    <td>No information in source data</td>
                                    <td>No information in source data</td>
                                    <td>No information in source data</td>
                                    <td>Feb 14 2000 9:45 AM</td>
                                </tr>
                                <tr>
                                    <td>
                                        <content ID="Observation_ab4679bd0badd5e80a51a3">UA KETONE</content>
                                    </td>
                                    <td>
                                        <content ID="ObservationValue_2847b886d81ab6f2a260af">NEGATIVE MG/DL</content>
                                    </td>
                                    <td>NEGATIVE</td>
                                    <td>No information in source data</td>
                                    <td>No information in source data</td>
                                    <td>No information in source data</td>
                                    <td>Feb 14 2000 9:45 AM</td>
                                </tr>
                                <tr>
                                    <td>
                                        <content ID="Observation_b04aefac5774cabd1f79b6">UA BLOOD</content>
                                    </td>
                                    <td>
                                        <content ID="ObservationValue_964546b36c62875b14503c">NEGATIVE</content>
                                    </td>
                                    <td>NEGATIVE</td>
                                    <td>No information in source data</td>
                                    <td>No information in source data</td>
                                    <td>No information in source data</td>
                                    <td>Feb 14 2000 9:45 AM</td>
                                </tr>
                                <tr>
                                    <td>
                                        <content ID="Observation_c34bb29caccee8300fdf64">UA PROTEIN</content>
                                    </td>
                                    <td>
                                        <content ID="ObservationValue_34400fa905dd6783feb1fd">100 MG/DL</content>
                                    </td>
                                    <td>NEGATIVE</td>
                                    <td>No information in source data</td>
                                    <td>No information in source data</td>
                                    <td>No information in source data</td>
                                    <td>Feb 14 2000 9:45 AM</td>
                                </tr>
                                <tr>
                                    <td>
                                        <content ID="Observation_344b75ab1fb2df868af088">UA UROBILINOGEN</content>
                                    </td>
                                    <td>
                                        <content ID="ObservationValue_6b439b8464cc6e2ba1b789">NORMAL MG/DL</content>
                                    </td>
                                    <td>NORMAL</td>
                                    <td>No information in source data</td>
                                    <td>No information in source data</td>
                                    <td>No information in source data</td>
                                    <td>Feb 14 2000 9:45 AM</td>
                                </tr>
                                <tr>
                                    <td>
                                        <content ID="Observation_3d4967b68f00d7954f7096">UA NITRITE</content>
                                    </td>
                                    <td>
                                        <content ID="ObservationValue_d14aa49c47ff185403234e">NEGATIVE MG/DL</content>
                                    </td>
                                    <td>NEGATIVE</td>
                                    <td>No information in source data</td>
                                    <td>No information in source data</td>
                                    <td>No information in source data</td>
                                    <td>Feb 14 2000 9:45 AM</td>
                                </tr>
                                <tr>
                                    <td>
                                        <content ID="Observation_4d4e8c88e724969e52acd2">UA LEUK ESTER</content>
                                    </td>
                                    <td>
                                        <content ID="ObservationValue_73473181b9762df234a89a">NORMAL</content>
                                    </td>
                                    <td>NORMAL</td>
                                    <td>No information in source data</td>
                                    <td>No information in source data</td>
                                    <td>No information in source data</td>
                                    <td>Feb 14 2000 9:45 AM</td>
                                </tr>
                                <tr>
                                    <td>
                                        <content ID="Observation_f34a63bf2450e4f81ef594">UA ASCORBIC ACD</content>
                                    </td>
                                    <td>
                                        <content ID="ObservationValue_294de09f990eee56154fe5">NEGATIVE MG/DL</content>
                                    </td>
                                    <td>NEGATIVE</td>
                                    <td>No information in source data</td>
                                    <td>No information in source data</td>
                                    <td>
                                        <content ID="Comment_7a4be9b8274150fe61ec2c">UAASC  ELEVATED ASCORBIC ACID LEVELS CAN INTERFERE WITH TEST AND        PRODUCE FALSELY LOWER RESULTS FOR BLOOD, BILIRUBIN,        NITRITE AND GLUCOSE</content>
                                    </td>
                                    <td>Feb 14 2000 9:45 AM</td>
                                </tr>
                                <tr>
                                    <td>
                                        <content ID="Observation_184628904c0221b2170756">UA RBC</content>
                                    </td>
                                    <td>
                                        <content ID="ObservationValue_174b62ac9c0c5ad1792ebc">0-2 /HPF</content>
                                    </td>
                                    <td>0-2-NONE SEEN</td>
                                    <td>No information in source data</td>
                                    <td>No information in source data</td>
                                    <td>No information in source data</td>
                                    <td>Feb 14 2000 9:45 AM</td>
                                </tr>
                                <tr>
                                    <td>
                                        <content ID="Observation_fd4475aa38d30d640a3ad9">UA WBC</content>
                                    </td>
                                    <td>
                                        <content ID="ObservationValue_c8410886fd7e6e07d032d1">NONE SEEN /HPF</content>
                                    </td>
                                    <td>NONESEEN-0-5</td>
                                    <td>No information in source data</td>
                                    <td>Normal</td>
                                    <td>No information in source data</td>
                                    <td>Feb 14 2000 9:45 AM</td>
                                </tr>
                                <tr>
                                    <td>
                                        <content ID="Observation_e647d48d41252dbf95f87f">UA BACTERIA</content>
                                    </td>
                                    <td>
                                        <content ID="ObservationValue_9a49f794d73855eafcbf09">NONE SEEN</content>
                                    </td>
                                    <td>NONESEEN-TRACE</td>
                                    <td>No information in source data</td>
                                    <td>No information in source data</td>
                                    <td>No information in source data</td>
                                    <td>Feb 14 2000 9:45 AM</td>
                                </tr>
                                <tr>
                                    <td>
                                        <content ID="Observation_984b098d535e41994f0642">UA SQUAM EPITH</content>
                                    </td>
                                    <td>
                                        <content ID="ObservationValue_0f481193fd9fcce818e511">6-10 /HPF</content>
                                    </td>
                                    <td>0-5-6-10</td>
                                    <td>No information in source data</td>
                                    <td>No information in source data</td>
                                    <td>No information in source data</td>
                                    <td>Feb 14 2000 9:45 AM</td>
                                </tr>
                            </tbody>
                        </table>
                        <table>
                            <caption styleCode="bold">UA COMPLETE</caption>
                            <thead>
                                <tr>
                                    <th>Observation</th>
                                    <th>Value</th>
                                    <th>Reference Range</th>
                                    <th>Units</th>
                                    <th>Interpretation</th>
                                    <th>Notes</th>
                                    <th>Date</th>
                                </tr>
                            </thead>
                            <tbody>
                                <tr>
                                    <td>
                                        <content ID="Observation_da428497af0f9b6ca9f7d4">UA COLOR</content>
                                    </td>
                                    <td>
                                        <content ID="ObservationValue_b04f78983e741b3b64f684">YELLOW</content>
                                    </td>
                                    <td>YELLOW-STRAW</td>
                                    <td>No information in source data</td>
                                    <td>No information in source data</td>
                                    <td>
                                        <content ID="Comment_fc4e19bdc32ebb23f0b89c">URINE SAVED - CALL LAB WITHIN 24HR IF FURTHER WORKUP REQUIRED</content>
                                    </td>
                                    <td>Feb 14 2000 9:45 AM</td>
                                </tr>
                                <tr>
                                    <td>
                                        <content ID="Observation_074e6e95b804c1f5b4e871">UA APPEARANCE</content>
                                    </td>
                                    <td>
                                        <content ID="ObservationValue_5e4377994671aeb85e1bf1">CLEAR</content>
                                    </td>
                                    <td>CLEAR</td>
                                    <td>No information in source data</td>
                                    <td>No information in source data</td>
                                    <td>No information in source data</td>
                                    <td>Feb 14 2000 9:45 AM</td>
                                </tr>
                                <tr>
                                    <td>
                                        <content ID="Observation_4a424d94ff1b10cd02990e">UA SPEC GRAV</content>
                                    </td>
                                    <td>
                                        <content ID="ObservationValue_42456cb8b006d9bc07f7cc">1.016 ION.CONC</content>
                                    </td>
                                    <td>1.003 - 1.030</td>
                                    <td>No information in source data</td>
                                    <td>No information in source data</td>
                                    <td>No information in source data</td>
                                    <td>Feb 14 2000 9:45 AM</td>
                                </tr>
                                <tr>
                                    <td>
                                        <content ID="Observation_df4fceb41fee05c975a81f">UA PH</content>
                                    </td>
                                    <td>
                                        <content ID="ObservationValue_414d15a05d55ec33dea8a7">6.5</content>
                                    </td>
                                    <td>6.0 - 8.0</td>
                                    <td>No information in source data</td>
                                    <td>Normal</td>
                                    <td>No information in source data</td>
                                    <td>Feb 14 2000 9:45 AM</td>
                                </tr>
                                <tr>
                                    <td>
                                        <content ID="Observation_e44863bdd3c363c93e9ee5">UA GLUCOSE</content>
                                    </td>
                                    <td>
                                        <content ID="ObservationValue_e7499688d70eba558fa16c">NORMAL MG/DL</content>
                                    </td>
                                    <td>NORMAL</td>
                                    <td>No information in source data</td>
                                    <td>No information in source data</td>
                                    <td>No information in source data</td>
                                    <td>Feb 14 2000 9:45 AM</td>
                                </tr>
                                <tr>
                                    <td>
                                        <content ID="Observation_264ba29563c865220b1547">UA BILIRUBIN</content>
                                    </td>
                                    <td>
                                        <content ID="ObservationValue_a6451e8e92e2a12b9db77b">NEGATIVE MG/DL</content>
                                    </td>
                                    <td>NEGATIVE</td>
                                    <td>No information in source data</td>
                                    <td>No information in source data</td>
                                    <td>No information in source data</td>
                                    <td>Feb 14 2000 9:45 AM</td>
                                </tr>
                                <tr>
                                    <td>
                                        <content ID="Observation_d74476ab65519ab733c96a">UA KETONE</content>
                                    </td>
                                    <td>
                                        <content ID="ObservationValue_cb40e7adaee691033e279a">NEGATIVE MG/DL</content>
                                    </td>
                                    <td>NEGATIVE</td>
                                    <td>No information in source data</td>
                                    <td>No information in source data</td>
                                    <td>No information in source data</td>
                                    <td>Feb 14 2000 9:45 AM</td>
                                </tr>
                                <tr>
                                    <td>
                                        <content ID="Observation_2f4854bf1abced48bee7da">UA BLOOD</content>
                                    </td>
                                    <td>
                                        <content ID="ObservationValue_3d498ba969f8db41640ca1">NEGATIVE</content>
                                    </td>
                                    <td>NEGATIVE</td>
                                    <td>No information in source data</td>
                                    <td>No information in source data</td>
                                    <td>No information in source data</td>
                                    <td>Feb 14 2000 9:45 AM</td>
                                </tr>
                                <tr>
                                    <td>
                                        <content ID="Observation_b942a496b8429eb67dffa9">UA PROTEIN</content>
                                    </td>
                                    <td>
                                        <content ID="ObservationValue_bc46fb83b408340a28c8b8">100 MG/DL</content>
                                    </td>
                                    <td>NEGATIVE</td>
                                    <td>No information in source data</td>
                                    <td>No information in source data</td>
                                    <td>No information in source data</td>
                                    <td>Feb 14 2000 9:45 AM</td>
                                </tr>
                                <tr>
                                    <td>
                                        <content ID="Observation_4e469fbd9b4421f16fa30e">UA UROBILINOGEN</content>
                                    </td>
                                    <td>
                                        <content ID="ObservationValue_624e54aec0f6d17019b5c3">NORMAL MG/DL</content>
                                    </td>
                                    <td>NORMAL</td>
                                    <td>No information in source data</td>
                                    <td>No information in source data</td>
                                    <td>No information in source data</td>
                                    <td>Feb 14 2000 9:45 AM</td>
                                </tr>
                                <tr>
                                    <td>
                                        <content ID="Observation_9744e4b60478ce040a7a4e">UA NITRITE</content>
                                    </td>
                                    <td>
                                        <content ID="ObservationValue_26408c95184afe13651a50">NEGATIVE MG/DL</content>
                                    </td>
                                    <td>NEGATIVE</td>
                                    <td>No information in source data</td>
                                    <td>No information in source data</td>
                                    <td>No information in source data</td>
                                    <td>Feb 14 2000 9:45 AM</td>
                                </tr>
                                <tr>
                                    <td>
                                        <content ID="Observation_0149b3be8cc6f816419d43">UA LEUK ESTER</content>
                                    </td>
                                    <td>
                                        <content ID="ObservationValue_434b268d25ec798bc51f15">NORMAL</content>
                                    </td>
                                    <td>NORMAL</td>
                                    <td>No information in source data</td>
                                    <td>No information in source data</td>
                                    <td>No information in source data</td>
                                    <td>Feb 14 2000 9:45 AM</td>
                                </tr>
                                <tr>
                                    <td>
                                        <content ID="Observation_7c4fdf8c4c5c7883446c0d">UA ASCORBIC ACD</content>
                                    </td>
                                    <td>
                                        <content ID="ObservationValue_ba4860a99d1c2bf1f5fae9">NEGATIVE MG/DL</content>
                                    </td>
                                    <td>NEGATIVE</td>
                                    <td>No information in source data</td>
                                    <td>No information in source data</td>
                                    <td>
                                        <content ID="Comment_e44a228d13538eab67ec65">UAASC  ELEVATED ASCORBIC ACID LEVELS CAN INTERFERE WITH TEST AND        PRODUCE FALSELY LOWER RESULTS FOR BLOOD, BILIRUBIN,        NITRITE AND GLUCOSE</content>
                                    </td>
                                    <td>Feb 14 2000 9:45 AM</td>
                                </tr>
                                <tr>
                                    <td>
                                        <content ID="Observation_86460c8d98db67b1d111f0">UA RBC</content>
                                    </td>
                                    <td>
                                        <content ID="ObservationValue_ac4065a69bcb917e6e3a3c">0-2 /HPF</content>
                                    </td>
                                    <td>0-2-NONE SEEN</td>
                                    <td>No information in source data</td>
                                    <td>No information in source data</td>
                                    <td>No information in source data</td>
                                    <td>Feb 14 2000 9:45 AM</td>
                                </tr>
                                <tr>
                                    <td>
                                        <content ID="Observation_884197a4cceac5ee3699b9">UA WBC</content>
                                    </td>
                                    <td>
                                        <content ID="ObservationValue_4741088829a82e43986dee">NONE SEEN /HPF</content>
                                    </td>
                                    <td>NONESEEN-0-5</td>
                                    <td>No information in source data</td>
                                    <td>Normal</td>
                                    <td>No information in source data</td>
                                    <td>Feb 14 2000 9:45 AM</td>
                                </tr>
                                <tr>
                                    <td>
                                        <content ID="Observation_9549a792f20ea0b45b4d42">UA BACTERIA</content>
                                    </td>
                                    <td>
                                        <content ID="ObservationValue_234206a53b4c00c6c6702f">NONE SEEN</content>
                                    </td>
                                    <td>NONESEEN-TRACE</td>
                                    <td>No information in source data</td>
                                    <td>No information in source data</td>
                                    <td>No information in source data</td>
                                    <td>Feb 14 2000 9:45 AM</td>
                                </tr>
                                <tr>
                                    <td>
                                        <content ID="Observation_9d494fb7005d72fab3041f">UA SQUAM EPITH</content>
                                    </td>
                                    <td>
                                        <content ID="ObservationValue_6f4bf3b05ace5f71f0aaa1">6-10 /HPF</content>
                                    </td>
                                    <td>0-5-6-10</td>
                                    <td>No information in source data</td>
                                    <td>No information in source data</td>
                                    <td>No information in source data</td>
                                    <td>Feb 14 2000 9:45 AM</td>
                                </tr>
                            </tbody>
                        </table>
                        <table>
                            <caption styleCode="bold">UA COMPLETE</caption>
                            <thead>
                                <tr>
                                    <th>Observation</th>
                                    <th>Value</th>
                                    <th>Reference Range</th>
                                    <th>Units</th>
                                    <th>Interpretation</th>
                                    <th>Notes</th>
                                    <th>Date</th>
                                </tr>
                            </thead>
                            <tbody>
                                <tr>
                                    <td>
                                        <content ID="Observation_f04d7b9f1c14d6ab557f25">UA COLOR</content>
                                    </td>
                                    <td>
                                        <content ID="ObservationValue_644b5dbf03798730ac80b4">YELLOW</content>
                                    </td>
                                    <td>YELLOW-STRAW</td>
                                    <td>No information in source data</td>
                                    <td>No information in source data</td>
                                    <td>
                                        <content ID="Comment_6e4d4cb336321b18463703">URINE SAVED - CALL LAB WITHIN 24HR IF FURTHER WORKUP REQUIRED</content>
                                    </td>
                                    <td>Feb 14 2000 9:45 AM</td>
                                </tr>
                                <tr>
                                    <td>
                                        <content ID="Observation_444d4a8c7f9f402dd7b6ca">UA APPEARANCE</content>
                                    </td>
                                    <td>
                                        <content ID="ObservationValue_124ce6a91f4f5138327dfe">CLEAR</content>
                                    </td>
                                    <td>CLEAR</td>
                                    <td>No information in source data</td>
                                    <td>No information in source data</td>
                                    <td>No information in source data</td>
                                    <td>Feb 14 2000 9:45 AM</td>
                                </tr>
                                <tr>
                                    <td>
                                        <content ID="Observation_1843c99c65722cbc06c94c">UA SPEC GRAV</content>
                                    </td>
                                    <td>
                                        <content ID="ObservationValue_824dc8ae503da4a95e5f7b">1.016 ION.CONC</content>
                                    </td>
                                    <td>1.003 - 1.030</td>
                                    <td>No information in source data</td>
                                    <td>No information in source data</td>
                                    <td>No information in source data</td>
                                    <td>Feb 14 2000 9:45 AM</td>
                                </tr>
                                <tr>
                                    <td>
                                        <content ID="Observation_f04bd598023bef84dd8154">UA PH</content>
                                    </td>
                                    <td>
                                        <content ID="ObservationValue_b84793b2ab3cabef7c872b">6.5</content>
                                    </td>
                                    <td>6.0 - 8.0</td>
                                    <td>No information in source data</td>
                                    <td>Normal</td>
                                    <td>No information in source data</td>
                                    <td>Feb 14 2000 9:45 AM</td>
                                </tr>
                                <tr>
                                    <td>
                                        <content ID="Observation_0b46a0ac1b4548becda41a">UA GLUCOSE</content>
                                    </td>
                                    <td>
                                        <content ID="ObservationValue_b4429f8b994f456fe059ca">NORMAL MG/DL</content>
                                    </td>
                                    <td>NORMAL</td>
                                    <td>No information in source data</td>
                                    <td>No information in source data</td>
                                    <td>No information in source data</td>
                                    <td>Feb 14 2000 9:45 AM</td>
                                </tr>
                                <tr>
                                    <td>
                                        <content ID="Observation_9547ba941b701a48a5bbac">UA BILIRUBIN</content>
                                    </td>
                                    <td>
                                        <content ID="ObservationValue_8e4e08a79b8a9093572269">NEGATIVE MG/DL</content>
                                    </td>
                                    <td>NEGATIVE</td>
                                    <td>No information in source data</td>
                                    <td>No information in source data</td>
                                    <td>No information in source data</td>
                                    <td>Feb 14 2000 9:45 AM</td>
                                </tr>
                                <tr>
                                    <td>
                                        <content ID="Observation_244d9d9f0e5fabf847d47c">UA KETONE</content>
                                    </td>
                                    <td>
                                        <content ID="ObservationValue_ab41ffb3af96c0b7ac2ab9">NEGATIVE MG/DL</content>
                                    </td>
                                    <td>NEGATIVE</td>
                                    <td>No information in source data</td>
                                    <td>No information in source data</td>
                                    <td>No information in source data</td>
                                    <td>Feb 14 2000 9:45 AM</td>
                                </tr>
                                <tr>
                                    <td>
                                        <content ID="Observation_0b46b5a16fb3bdfe59cdb9">UA BLOOD</content>
                                    </td>
                                    <td>
                                        <content ID="ObservationValue_4c4dce83c7363811de417f">NEGATIVE</content>
                                    </td>
                                    <td>NEGATIVE</td>
                                    <td>No information in source data</td>
                                    <td>No information in source data</td>
                                    <td>No information in source data</td>
                                    <td>Feb 14 2000 9:45 AM</td>
                                </tr>
                                <tr>
                                    <td>
                                        <content ID="Observation_ca4ae3a0b88e21aa543a99">UA PROTEIN</content>
                                    </td>
                                    <td>
                                        <content ID="ObservationValue_e0419a9b9a2aaa90413c7f">100 MG/DL</content>
                                    </td>
                                    <td>NEGATIVE</td>
                                    <td>No information in source data</td>
                                    <td>No information in source data</td>
                                    <td>No information in source data</td>
                                    <td>Feb 14 2000 9:45 AM</td>
                                </tr>
                                <tr>
                                    <td>
                                        <content ID="Observation_9f4563b0af5c68ea344c05">UA UROBILINOGEN</content>
                                    </td>
                                    <td>
                                        <content ID="ObservationValue_30477fb77c387d9e4080d2">NORMAL MG/DL</content>
                                    </td>
                                    <td>NORMAL</td>
                                    <td>No information in source data</td>
                                    <td>No information in source data</td>
                                    <td>No information in source data</td>
                                    <td>Feb 14 2000 9:45 AM</td>
                                </tr>
                                <tr>
                                    <td>
                                        <content ID="Observation_e044b780cb816879caf38f">UA NITRITE</content>
                                    </td>
                                    <td>
                                        <content ID="ObservationValue_50483595c475542f9b85cb">NEGATIVE MG/DL</content>
                                    </td>
                                    <td>NEGATIVE</td>
                                    <td>No information in source data</td>
                                    <td>No information in source data</td>
                                    <td>No information in source data</td>
                                    <td>Feb 14 2000 9:45 AM</td>
                                </tr>
                                <tr>
                                    <td>
                                        <content ID="Observation_b648b79985745903c74aca">UA LEUK ESTER</content>
                                    </td>
                                    <td>
                                        <content ID="ObservationValue_9d46e1b63bbde29c4ce7e8">NORMAL</content>
                                    </td>
                                    <td>NORMAL</td>
                                    <td>No information in source data</td>
                                    <td>No information in source data</td>
                                    <td>No information in source data</td>
                                    <td>Feb 14 2000 9:45 AM</td>
                                </tr>
                                <tr>
                                    <td>
                                        <content ID="Observation_aa42909893886482306e9f">UA ASCORBIC ACD</content>
                                    </td>
                                    <td>
                                        <content ID="ObservationValue_8a4e86a4221fde7d807e40">NEGATIVE MG/DL</content>
                                    </td>
                                    <td>NEGATIVE</td>
                                    <td>No information in source data</td>
                                    <td>No information in source data</td>
                                    <td>
                                        <content ID="Comment_a04b4ba76a78d0dfefe122">UAASC  ELEVATED ASCORBIC ACID LEVELS CAN INTERFERE WITH TEST AND        PRODUCE FALSELY LOWER RESULTS FOR BLOOD, BILIRUBIN,        NITRITE AND GLUCOSE</content>
                                    </td>
                                    <td>Feb 14 2000 9:45 AM</td>
                                </tr>
                                <tr>
                                    <td>
                                        <content ID="Observation_39404caad79ac50425ab67">UA RBC</content>
                                    </td>
                                    <td>
                                        <content ID="ObservationValue_c544fb9394b7fb778fe4e4">0-2 /HPF</content>
                                    </td>
                                    <td>0-2-NONE SEEN</td>
                                    <td>No information in source data</td>
                                    <td>No information in source data</td>
                                    <td>No information in source data</td>
                                    <td>Feb 14 2000 9:45 AM</td>
                                </tr>
                                <tr>
                                    <td>
                                        <content ID="Observation_8c4917835c0389c87c0dfc">UA WBC</content>
                                    </td>
                                    <td>
                                        <content ID="ObservationValue_f045d1ac739c05503f825b">NONE SEEN /HPF</content>
                                    </td>
                                    <td>NONESEEN-0-5</td>
                                    <td>No information in source data</td>
                                    <td>Normal</td>
                                    <td>No information in source data</td>
                                    <td>Feb 14 2000 9:45 AM</td>
                                </tr>
                                <tr>
                                    <td>
                                        <content ID="Observation_b749c7ab4d7c62ae846f19">UA BACTERIA</content>
                                    </td>
                                    <td>
                                        <content ID="ObservationValue_5848b390b3d445f8244d18">NONE SEEN</content>
                                    </td>
                                    <td>NONESEEN-TRACE</td>
                                    <td>No information in source data</td>
                                    <td>No information in source data</td>
                                    <td>No information in source data</td>
                                    <td>Feb 14 2000 9:45 AM</td>
                                </tr>
                                <tr>
                                    <td>
                                        <content ID="Observation_644ea1867c066b5c0fd0ad">UA SQUAM EPITH</content>
                                    </td>
                                    <td>
                                        <content ID="ObservationValue_b143d4b302d91c56c3e653">6-10 /HPF</content>
                                    </td>
                                    <td>0-5-6-10</td>
                                    <td>No information in source data</td>
                                    <td>No information in source data</td>
                                    <td>No information in source data</td>
                                    <td>Feb 14 2000 9:45 AM</td>
                                </tr>
                            </tbody>
                        </table>
                        <table>
                            <caption styleCode="bold">UA COMPLETE</caption>
                            <thead>
                                <tr>
                                    <th>Observation</th>
                                    <th>Value</th>
                                    <th>Reference Range</th>
                                    <th>Units</th>
                                    <th>Interpretation</th>
                                    <th>Notes</th>
                                    <th>Date</th>
                                </tr>
                            </thead>
                            <tbody>
                                <tr>
                                    <td>
                                        <content ID="Observation_05434e855518417519a2c2">UA COLOR</content>
                                    </td>
                                    <td>
                                        <content ID="ObservationValue_8547309a37fc8c4f191923">YELLOW</content>
                                    </td>
                                    <td>YELLOW-STRAW</td>
                                    <td>No information in source data</td>
                                    <td>No information in source data</td>
                                    <td>
                                        <content ID="Comment_8d43268df7462efb7e2e56">URINE SAVED - CALL LAB WITHIN 24HR IF FURTHER WORKUP REQUIRED</content>
                                    </td>
                                    <td>Feb 14 2000 9:45 AM</td>
                                </tr>
                                <tr>
                                    <td>
                                        <content ID="Observation_cf43578bf0cd13299d2c8a">UA APPEARANCE</content>
                                    </td>
                                    <td>
                                        <content ID="ObservationValue_d846c4bba7bd5ea1493c6e">CLEAR</content>
                                    </td>
                                    <td>CLEAR</td>
                                    <td>No information in source data</td>
                                    <td>No information in source data</td>
                                    <td>No information in source data</td>
                                    <td>Feb 14 2000 9:45 AM</td>
                                </tr>
                                <tr>
                                    <td>
                                        <content ID="Observation_9c4c42bfb51019bf9d9236">UA SPEC GRAV</content>
                                    </td>
                                    <td>
                                        <content ID="ObservationValue_3e40f5867eca47a53e183f">1.016 ION.CONC</content>
                                    </td>
                                    <td>1.003 - 1.030</td>
                                    <td>No information in source data</td>
                                    <td>No information in source data</td>
                                    <td>No information in source data</td>
                                    <td>Feb 14 2000 9:45 AM</td>
                                </tr>
                                <tr>
                                    <td>
                                        <content ID="Observation_86422cbcb1fa74eccccf9c">UA PH</content>
                                    </td>
                                    <td>
                                        <content ID="ObservationValue_654faaaef391dd864fbb49">6.5</content>
                                    </td>
                                    <td>6.0 - 8.0</td>
                                    <td>No information in source data</td>
                                    <td>Normal</td>
                                    <td>No information in source data</td>
                                    <td>Feb 14 2000 9:45 AM</td>
                                </tr>
                                <tr>
                                    <td>
                                        <content ID="Observation_2e4ed2a3edb7339712a7e0">UA GLUCOSE</content>
                                    </td>
                                    <td>
                                        <content ID="ObservationValue_9644669d8a83e18b859ff5">NORMAL MG/DL</content>
                                    </td>
                                    <td>NORMAL</td>
                                    <td>No information in source data</td>
                                    <td>No information in source data</td>
                                    <td>No information in source data</td>
                                    <td>Feb 14 2000 9:45 AM</td>
                                </tr>
                                <tr>
                                    <td>
                                        <content ID="Observation_124ba381168a3b3a9a14c3">UA BILIRUBIN</content>
                                    </td>
                                    <td>
                                        <content ID="ObservationValue_464f7990e10f506f43a94e">NEGATIVE MG/DL</content>
                                    </td>
                                    <td>NEGATIVE</td>
                                    <td>No information in source data</td>
                                    <td>No information in source data</td>
                                    <td>No information in source data</td>
                                    <td>Feb 14 2000 9:45 AM</td>
                                </tr>
                                <tr>
                                    <td>
                                        <content ID="Observation_7641ecbceb384807c6c2bd">UA KETONE</content>
                                    </td>
                                    <td>
                                        <content ID="ObservationValue_314f18ae9484894ace8368">NEGATIVE MG/DL</content>
                                    </td>
                                    <td>NEGATIVE</td>
                                    <td>No information in source data</td>
                                    <td>No information in source data</td>
                                    <td>No information in source data</td>
                                    <td>Feb 14 2000 9:45 AM</td>
                                </tr>
                                <tr>
                                    <td>
                                        <content ID="Observation_0c4d42980753364616cb76">UA BLOOD</content>
                                    </td>
                                    <td>
                                        <content ID="ObservationValue_3d4af5831e74f229594ed8">NEGATIVE</content>
                                    </td>
                                    <td>NEGATIVE</td>
                                    <td>No information in source data</td>
                                    <td>No information in source data</td>
                                    <td>No information in source data</td>
                                    <td>Feb 14 2000 9:45 AM</td>
                                </tr>
                                <tr>
                                    <td>
                                        <content ID="Observation_d142dd9e6ec4b4461fb4e8">UA PROTEIN</content>
                                    </td>
                                    <td>
                                        <content ID="ObservationValue_914a27832fb576f82457df">100 MG/DL</content>
                                    </td>
                                    <td>NEGATIVE</td>
                                    <td>No information in source data</td>
                                    <td>No information in source data</td>
                                    <td>No information in source data</td>
                                    <td>Feb 14 2000 9:45 AM</td>
                                </tr>
                                <tr>
                                    <td>
                                        <content ID="Observation_8146fc9afe068230ab171b">UA UROBILINOGEN</content>
                                    </td>
                                    <td>
                                        <content ID="ObservationValue_864dd1b8fefbe388fb1cc2">NORMAL MG/DL</content>
                                    </td>
                                    <td>NORMAL</td>
                                    <td>No information in source data</td>
                                    <td>No information in source data</td>
                                    <td>No information in source data</td>
                                    <td>Feb 14 2000 9:45 AM</td>
                                </tr>
                                <tr>
                                    <td>
                                        <content ID="Observation_1547528415f3739fc69778">UA NITRITE</content>
                                    </td>
                                    <td>
                                        <content ID="ObservationValue_8a47fd826ae37839b5ba91">NEGATIVE MG/DL</content>
                                    </td>
                                    <td>NEGATIVE</td>
                                    <td>No information in source data</td>
                                    <td>No information in source data</td>
                                    <td>No information in source data</td>
                                    <td>Feb 14 2000 9:45 AM</td>
                                </tr>
                                <tr>
                                    <td>
                                        <content ID="Observation_cd47a5b733de4ed5813956">UA LEUK ESTER</content>
                                    </td>
                                    <td>
                                        <content ID="ObservationValue_034743a7639ecb561e48f9">NORMAL</content>
                                    </td>
                                    <td>NORMAL</td>
                                    <td>No information in source data</td>
                                    <td>No information in source data</td>
                                    <td>No information in source data</td>
                                    <td>Feb 14 2000 9:45 AM</td>
                                </tr>
                                <tr>
                                    <td>
                                        <content ID="Observation_c1427581fd737563e56abe">UA ASCORBIC ACD</content>
                                    </td>
                                    <td>
                                        <content ID="ObservationValue_0844d09f317dcd4f7d90f7">NEGATIVE MG/DL</content>
                                    </td>
                                    <td>NEGATIVE</td>
                                    <td>No information in source data</td>
                                    <td>No information in source data</td>
                                    <td>
                                        <content ID="Comment_3b480193cebda7e8104484">UAASC  ELEVATED ASCORBIC ACID LEVELS CAN INTERFERE WITH TEST AND        PRODUCE FALSELY LOWER RESULTS FOR BLOOD, BILIRUBIN,        NITRITE AND GLUCOSE</content>
                                    </td>
                                    <td>Feb 14 2000 9:45 AM</td>
                                </tr>
                                <tr>
                                    <td>
                                        <content ID="Observation_0e4ea1a0e6f9b5af4e774e">UA RBC</content>
                                    </td>
                                    <td>
                                        <content ID="ObservationValue_904fc2bb1358514f78f4f3">0-2 /HPF</content>
                                    </td>
                                    <td>0-2-NONE SEEN</td>
                                    <td>No information in source data</td>
                                    <td>No information in source data</td>
                                    <td>No information in source data</td>
                                    <td>Feb 14 2000 9:45 AM</td>
                                </tr>
                                <tr>
                                    <td>
                                        <content ID="Observation_8c4b538a933a87a280a6e3">UA WBC</content>
                                    </td>
                                    <td>
                                        <content ID="ObservationValue_2b4f5ab7a616846361301d">NONE SEEN /HPF</content>
                                    </td>
                                    <td>NONESEEN-0-5</td>
                                    <td>No information in source data</td>
                                    <td>Normal</td>
                                    <td>No information in source data</td>
                                    <td>Feb 14 2000 9:45 AM</td>
                                </tr>
                                <tr>
                                    <td>
                                        <content ID="Observation_b94b2282ecd4ec9ffe3d23">UA BACTERIA</content>
                                    </td>
                                    <td>
                                        <content ID="ObservationValue_bc48eb8b170fa77996a3d3">NONE SEEN</content>
                                    </td>
                                    <td>NONESEEN-TRACE</td>
                                    <td>No information in source data</td>
                                    <td>No information in source data</td>
                                    <td>No information in source data</td>
                                    <td>Feb 14 2000 9:45 AM</td>
                                </tr>
                                <tr>
                                    <td>
                                        <content ID="Observation_da42b98367153e322e55bb">UA SQUAM EPITH</content>
                                    </td>
                                    <td>
                                        <content ID="ObservationValue_e34535829c8a9cd1776c35">6-10 /HPF</content>
                                    </td>
                                    <td>0-5-6-10</td>
                                    <td>No information in source data</td>
                                    <td>No information in source data</td>
                                    <td>No information in source data</td>
                                    <td>Feb 14 2000 9:45 AM</td>
                                </tr>
                            </tbody>
                        </table>
                        <table>
                            <caption styleCode="bold">UA COMPLETE</caption>
                            <thead>
                                <tr>
                                    <th>Observation</th>
                                    <th>Value</th>
                                    <th>Reference Range</th>
                                    <th>Units</th>
                                    <th>Interpretation</th>
                                    <th>Notes</th>
                                    <th>Date</th>
                                </tr>
                            </thead>
                            <tbody>
                                <tr>
                                    <td>
                                        <content ID="Observation_ef47758502fd1569afff5b">UA COLOR</content>
                                    </td>
                                    <td>
                                        <content ID="ObservationValue_97415c88d510b02d4118f0">YELLOW</content>
                                    </td>
                                    <td>YELLOW-STRAW</td>
                                    <td>No information in source data</td>
                                    <td>No information in source data</td>
                                    <td>
                                        <content ID="Comment_314ef49fb05109fc6ea548">URINE SAVED - CALL LAB WITHIN 24HR IF FURTHER WORKUP REQUIRED</content>
                                    </td>
                                    <td>Feb 14 2000 9:45 AM</td>
                                </tr>
                                <tr>
                                    <td>
                                        <content ID="Observation_0d4be1978b1b270dbbe425">UA APPEARANCE</content>
                                    </td>
                                    <td>
                                        <content ID="ObservationValue_794082835bc105e4b6af9d">CLEAR</content>
                                    </td>
                                    <td>CLEAR</td>
                                    <td>No information in source data</td>
                                    <td>No information in source data</td>
                                    <td>No information in source data</td>
                                    <td>Feb 14 2000 9:45 AM</td>
                                </tr>
                                <tr>
                                    <td>
                                        <content ID="Observation_684502a550dbf3dfb82eb2">UA SPEC GRAV</content>
                                    </td>
                                    <td>
                                        <content ID="ObservationValue_ff465b91fc73e1a23db31e">1.016 ION.CONC</content>
                                    </td>
                                    <td>1.003 - 1.030</td>
                                    <td>No information in source data</td>
                                    <td>No information in source data</td>
                                    <td>No information in source data</td>
                                    <td>Feb 14 2000 9:45 AM</td>
                                </tr>
                                <tr>
                                    <td>
                                        <content ID="Observation_7243fb8e5a55be93e4c764">UA PH</content>
                                    </td>
                                    <td>
                                        <content ID="ObservationValue_154ff4a1df4bfb8cef4854">6.5</content>
                                    </td>
                                    <td>6.0 - 8.0</td>
                                    <td>No information in source data</td>
                                    <td>Normal</td>
                                    <td>No information in source data</td>
                                    <td>Feb 14 2000 9:45 AM</td>
                                </tr>
                                <tr>
                                    <td>
                                        <content ID="Observation_c44cdbbfb0f7b3d27adb21">UA GLUCOSE</content>
                                    </td>
                                    <td>
                                        <content ID="ObservationValue_79465fb99c7dac7037eba0">NORMAL MG/DL</content>
                                    </td>
                                    <td>NORMAL</td>
                                    <td>No information in source data</td>
                                    <td>No information in source data</td>
                                    <td>No information in source data</td>
                                    <td>Feb 14 2000 9:45 AM</td>
                                </tr>
                                <tr>
                                    <td>
                                        <content ID="Observation_504c0ba4d896d0dd3f9d95">UA BILIRUBIN</content>
                                    </td>
                                    <td>
                                        <content ID="ObservationValue_864884be15f0bbc356c430">NEGATIVE MG/DL</content>
                                    </td>
                                    <td>NEGATIVE</td>
                                    <td>No information in source data</td>
                                    <td>No information in source data</td>
                                    <td>No information in source data</td>
                                    <td>Feb 14 2000 9:45 AM</td>
                                </tr>
                                <tr>
                                    <td>
                                        <content ID="Observation_6543789280a3e619623537">UA KETONE</content>
                                    </td>
                                    <td>
                                        <content ID="ObservationValue_65426897da0fe7608d6527">NEGATIVE MG/DL</content>
                                    </td>
                                    <td>NEGATIVE</td>
                                    <td>No information in source data</td>
                                    <td>No information in source data</td>
                                    <td>No information in source data</td>
                                    <td>Feb 14 2000 9:45 AM</td>
                                </tr>
                                <tr>
                                    <td>
                                        <content ID="Observation_4144118f6363d15a126185">UA BLOOD</content>
                                    </td>
                                    <td>
                                        <content ID="ObservationValue_d04ea78f1b6961bb656249">NEGATIVE</content>
                                    </td>
                                    <td>NEGATIVE</td>
                                    <td>No information in source data</td>
                                    <td>No information in source data</td>
                                    <td>No information in source data</td>
                                    <td>Feb 14 2000 9:45 AM</td>
                                </tr>
                                <tr>
                                    <td>
                                        <content ID="Observation_4b4addac4d1e84c3103720">UA PROTEIN</content>
                                    </td>
                                    <td>
                                        <content ID="ObservationValue_924842b1c0a51b0878358f">100 MG/DL</content>
                                    </td>
                                    <td>NEGATIVE</td>
                                    <td>No information in source data</td>
                                    <td>No information in source data</td>
                                    <td>No information in source data</td>
                                    <td>Feb 14 2000 9:45 AM</td>
                                </tr>
                                <tr>
                                    <td>
                                        <content ID="Observation_d249e6b2c1b5c03b868b05">UA UROBILINOGEN</content>
                                    </td>
                                    <td>
                                        <content ID="ObservationValue_6a43f185a65223582191f4">NORMAL MG/DL</content>
                                    </td>
                                    <td>NORMAL</td>
                                    <td>No information in source data</td>
                                    <td>No information in source data</td>
                                    <td>No information in source data</td>
                                    <td>Feb 14 2000 9:45 AM</td>
                                </tr>
                                <tr>
                                    <td>
                                        <content ID="Observation_fb46228a167ca65a9f4f70">UA NITRITE</content>
                                    </td>
                                    <td>
                                        <content ID="ObservationValue_d64757a8fcc2ed9ecba059">NEGATIVE MG/DL</content>
                                    </td>
                                    <td>NEGATIVE</td>
                                    <td>No information in source data</td>
                                    <td>No information in source data</td>
                                    <td>No information in source data</td>
                                    <td>Feb 14 2000 9:45 AM</td>
                                </tr>
                                <tr>
                                    <td>
                                        <content ID="Observation_b046f7b7865e5f14edf7a5">UA LEUK ESTER</content>
                                    </td>
                                    <td>
                                        <content ID="ObservationValue_d8427d9993f3c5663d1d30">NORMAL</content>
                                    </td>
                                    <td>NORMAL</td>
                                    <td>No information in source data</td>
                                    <td>No information in source data</td>
                                    <td>No information in source data</td>
                                    <td>Feb 14 2000 9:45 AM</td>
                                </tr>
                                <tr>
                                    <td>
                                        <content ID="Observation_77488e9f26194144574d59">UA ASCORBIC ACD</content>
                                    </td>
                                    <td>
                                        <content ID="ObservationValue_e04daabf1eae3a4ec8200c">NEGATIVE MG/DL</content>
                                    </td>
                                    <td>NEGATIVE</td>
                                    <td>No information in source data</td>
                                    <td>No information in source data</td>
                                    <td>
                                        <content ID="Comment_ad48c4bcb5abcdc2ea5fde">UAASC  ELEVATED ASCORBIC ACID LEVELS CAN INTERFERE WITH TEST AND        PRODUCE FALSELY LOWER RESULTS FOR BLOOD, BILIRUBIN,        NITRITE AND GLUCOSE</content>
                                    </td>
                                    <td>Feb 14 2000 9:45 AM</td>
                                </tr>
                                <tr>
                                    <td>
                                        <content ID="Observation_324db3879f21fcc31312ac">UA RBC</content>
                                    </td>
                                    <td>
                                        <content ID="ObservationValue_2c4bd8ad182489cd76b162">0-2 /HPF</content>
                                    </td>
                                    <td>0-2-NONE SEEN</td>
                                    <td>No information in source data</td>
                                    <td>No information in source data</td>
                                    <td>No information in source data</td>
                                    <td>Feb 14 2000 9:45 AM</td>
                                </tr>
                                <tr>
                                    <td>
                                        <content ID="Observation_8f43ff8bafc6be1b4c6f06">UA WBC</content>
                                    </td>
                                    <td>
                                        <content ID="ObservationValue_7f4276b957ee0a7ac14671">NONE SEEN /HPF</content>
                                    </td>
                                    <td>NONESEEN-0-5</td>
                                    <td>No information in source data</td>
                                    <td>Normal</td>
                                    <td>No information in source data</td>
                                    <td>Feb 14 2000 9:45 AM</td>
                                </tr>
                                <tr>
                                    <td>
                                        <content ID="Observation_074277a2acf83aa9e6b797">UA BACTERIA</content>
                                    </td>
                                    <td>
                                        <content ID="ObservationValue_4349a49bf1b830366c114e">NONE SEEN</content>
                                    </td>
                                    <td>NONESEEN-TRACE</td>
                                    <td>No information in source data</td>
                                    <td>No information in source data</td>
                                    <td>No information in source data</td>
                                    <td>Feb 14 2000 9:45 AM</td>
                                </tr>
                                <tr>
                                    <td>
                                        <content ID="Observation_954b93a0a3c94e93690c73">UA SQUAM EPITH</content>
                                    </td>
                                    <td>
                                        <content ID="ObservationValue_524cd882259daba4fa7947">6-10 /HPF</content>
                                    </td>
                                    <td>0-5-6-10</td>
                                    <td>No information in source data</td>
                                    <td>No information in source data</td>
                                    <td>No information in source data</td>
                                    <td>Feb 14 2000 9:45 AM</td>
                                </tr>
                            </tbody>
                        </table>
                        <table>
                            <caption styleCode="bold">UA COMPLETE</caption>
                            <thead>
                                <tr>
                                    <th>Observation</th>
                                    <th>Value</th>
                                    <th>Reference Range</th>
                                    <th>Units</th>
                                    <th>Interpretation</th>
                                    <th>Notes</th>
                                    <th>Date</th>
                                </tr>
                            </thead>
                            <tbody>
                                <tr>
                                    <td>
                                        <content ID="Observation_a84ae7b99d2287391954a0">UA COLOR</content>
                                    </td>
                                    <td>
                                        <content ID="ObservationValue_9443beb6003daae6a1b71e">YELLOW</content>
                                    </td>
                                    <td>YELLOW-STRAW</td>
                                    <td>No information in source data</td>
                                    <td>No information in source data</td>
                                    <td>
                                        <content ID="Comment_5e4c39af4c613c7ba7d7eb">URINE SAVED - CALL LAB WITHIN 24HR IF FURTHER WORKUP REQUIRED</content>
                                    </td>
                                    <td>Feb 14 2000 9:45 AM</td>
                                </tr>
                                <tr>
                                    <td>
                                        <content ID="Observation_16489a8bbef4483613c51f">UA APPEARANCE</content>
                                    </td>
                                    <td>
                                        <content ID="ObservationValue_eb41b98e4be4b47c2b7921">CLEAR</content>
                                    </td>
                                    <td>CLEAR</td>
                                    <td>No information in source data</td>
                                    <td>No information in source data</td>
                                    <td>No information in source data</td>
                                    <td>Feb 14 2000 9:45 AM</td>
                                </tr>
                                <tr>
                                    <td>
                                        <content ID="Observation_c04e698002728faa58cee1">UA SPEC GRAV</content>
                                    </td>
                                    <td>
                                        <content ID="ObservationValue_ed438c8d8c8fb1869838b4">1.016 ION.CONC</content>
                                    </td>
                                    <td>1.003 - 1.030</td>
                                    <td>No information in source data</td>
                                    <td>No information in source data</td>
                                    <td>No information in source data</td>
                                    <td>Feb 14 2000 9:45 AM</td>
                                </tr>
                                <tr>
                                    <td>
                                        <content ID="Observation_054e329233c68f5610e9bc">UA PH</content>
                                    </td>
                                    <td>
                                        <content ID="ObservationValue_4b4058a2eb17c2b95b205a">6.5</content>
                                    </td>
                                    <td>6.0 - 8.0</td>
                                    <td>No information in source data</td>
                                    <td>Normal</td>
                                    <td>No information in source data</td>
                                    <td>Feb 14 2000 9:45 AM</td>
                                </tr>
                                <tr>
                                    <td>
                                        <content ID="Observation_1f4ba2acd365c8f1a88c26">UA GLUCOSE</content>
                                    </td>
                                    <td>
                                        <content ID="ObservationValue_f34066a9eb0a7ecf13310b">NORMAL MG/DL</content>
                                    </td>
                                    <td>NORMAL</td>
                                    <td>No information in source data</td>
                                    <td>No information in source data</td>
                                    <td>No information in source data</td>
                                    <td>Feb 14 2000 9:45 AM</td>
                                </tr>
                                <tr>
                                    <td>
                                        <content ID="Observation_fd4c09bf936c5462efd0a3">UA BILIRUBIN</content>
                                    </td>
                                    <td>
                                        <content ID="ObservationValue_714ee78f07e468d385d140">NEGATIVE MG/DL</content>
                                    </td>
                                    <td>NEGATIVE</td>
                                    <td>No information in source data</td>
                                    <td>No information in source data</td>
                                    <td>No information in source data</td>
                                    <td>Feb 14 2000 9:45 AM</td>
                                </tr>
                                <tr>
                                    <td>
                                        <content ID="Observation_084bdabc2bb02527f82b32">UA KETONE</content>
                                    </td>
                                    <td>
                                        <content ID="ObservationValue_0d4cd4b3244a1ea591d775">NEGATIVE MG/DL</content>
                                    </td>
                                    <td>NEGATIVE</td>
                                    <td>No information in source data</td>
                                    <td>No information in source data</td>
                                    <td>No information in source data</td>
                                    <td>Feb 14 2000 9:45 AM</td>
                                </tr>
                                <tr>
                                    <td>
                                        <content ID="Observation_f94f1e8194838cd85f8bd2">UA BLOOD</content>
                                    </td>
                                    <td>
                                        <content ID="ObservationValue_ea4fd9b87facccc10b41f5">NEGATIVE</content>
                                    </td>
                                    <td>NEGATIVE</td>
                                    <td>No information in source data</td>
                                    <td>No information in source data</td>
                                    <td>No information in source data</td>
                                    <td>Feb 14 2000 9:45 AM</td>
                                </tr>
                                <tr>
                                    <td>
                                        <content ID="Observation_8f44a6b2308e7b917523e3">UA PROTEIN</content>
                                    </td>
                                    <td>
                                        <content ID="ObservationValue_804e8cac0b0f016a548253">100 MG/DL</content>
                                    </td>
                                    <td>NEGATIVE</td>
                                    <td>No information in source data</td>
                                    <td>No information in source data</td>
                                    <td>No information in source data</td>
                                    <td>Feb 14 2000 9:45 AM</td>
                                </tr>
                                <tr>
                                    <td>
                                        <content ID="Observation_2b49fc83b01ef6bc22ea91">UA UROBILINOGEN</content>
                                    </td>
                                    <td>
                                        <content ID="ObservationValue_9544d8b91ef152d5476794">NORMAL MG/DL</content>
                                    </td>
                                    <td>NORMAL</td>
                                    <td>No information in source data</td>
                                    <td>No information in source data</td>
                                    <td>No information in source data</td>
                                    <td>Feb 14 2000 9:45 AM</td>
                                </tr>
                                <tr>
                                    <td>
                                        <content ID="Observation_2547edbc53a310a07ba64c">UA NITRITE</content>
                                    </td>
                                    <td>
                                        <content ID="ObservationValue_bc44a8b7f8424a35609f09">NEGATIVE MG/DL</content>
                                    </td>
                                    <td>NEGATIVE</td>
                                    <td>No information in source data</td>
                                    <td>No information in source data</td>
                                    <td>No information in source data</td>
                                    <td>Feb 14 2000 9:45 AM</td>
                                </tr>
                                <tr>
                                    <td>
                                        <content ID="Observation_f74c548eb3fd6d310685f7">UA LEUK ESTER</content>
                                    </td>
                                    <td>
                                        <content ID="ObservationValue_ba4b0fb1594ed0ea90dea7">NORMAL</content>
                                    </td>
                                    <td>NORMAL</td>
                                    <td>No information in source data</td>
                                    <td>No information in source data</td>
                                    <td>No information in source data</td>
                                    <td>Feb 14 2000 9:45 AM</td>
                                </tr>
                                <tr>
                                    <td>
                                        <content ID="Observation_f14ccaa5e064735d83fd4d">UA ASCORBIC ACD</content>
                                    </td>
                                    <td>
                                        <content ID="ObservationValue_b44d728685fa0b42ab7621">NEGATIVE MG/DL</content>
                                    </td>
                                    <td>NEGATIVE</td>
                                    <td>No information in source data</td>
                                    <td>No information in source data</td>
                                    <td>
                                        <content ID="Comment_cd49ab9419b4fc09b28a93">UAASC  ELEVATED ASCORBIC ACID LEVELS CAN INTERFERE WITH TEST AND        PRODUCE FALSELY LOWER RESULTS FOR BLOOD, BILIRUBIN,        NITRITE AND GLUCOSE</content>
                                    </td>
                                    <td>Feb 14 2000 9:45 AM</td>
                                </tr>
                                <tr>
                                    <td>
                                        <content ID="Observation_e247ecae699b756694d3e1">UA RBC</content>
                                    </td>
                                    <td>
                                        <content ID="ObservationValue_574fda971c158c161f4747">0-2 /HPF</content>
                                    </td>
                                    <td>0-2-NONE SEEN</td>
                                    <td>No information in source data</td>
                                    <td>No information in source data</td>
                                    <td>No information in source data</td>
                                    <td>Feb 14 2000 9:45 AM</td>
                                </tr>
                                <tr>
                                    <td>
                                        <content ID="Observation_8c484586e0773a2ff01001">UA WBC</content>
                                    </td>
                                    <td>
                                        <content ID="ObservationValue_fc4ddb98a0fdc7a8e7c324">NONE SEEN /HPF</content>
                                    </td>
                                    <td>NONESEEN-0-5</td>
                                    <td>No information in source data</td>
                                    <td>Normal</td>
                                    <td>No information in source data</td>
                                    <td>Feb 14 2000 9:45 AM</td>
                                </tr>
                                <tr>
                                    <td>
                                        <content ID="Observation_124b2c9ca08df8dc4ba4b1">UA BACTERIA</content>
                                    </td>
                                    <td>
                                        <content ID="ObservationValue_0c4cfab138ddca03064c89">NONE SEEN</content>
                                    </td>
                                    <td>NONESEEN-TRACE</td>
                                    <td>No information in source data</td>
                                    <td>No information in source data</td>
                                    <td>No information in source data</td>
                                    <td>Feb 14 2000 9:45 AM</td>
                                </tr>
                                <tr>
                                    <td>
                                        <content ID="Observation_994bf78fe8795ac6c28f83">UA SQUAM EPITH</content>
                                    </td>
                                    <td>
                                        <content ID="ObservationValue_3e431fa4fa50fd9b89bc53">6-10 /HPF</content>
                                    </td>
                                    <td>0-5-6-10</td>
                                    <td>No information in source data</td>
                                    <td>No information in source data</td>
                                    <td>No information in source data</td>
                                    <td>Feb 14 2000 9:45 AM</td>
                                </tr>
                            </tbody>
                        </table>
                        <table>
                            <caption styleCode="bold">UA COMPLETE</caption>
                            <thead>
                                <tr>
                                    <th>Observation</th>
                                    <th>Value</th>
                                    <th>Reference Range</th>
                                    <th>Units</th>
                                    <th>Interpretation</th>
                                    <th>Notes</th>
                                    <th>Date</th>
                                </tr>
                            </thead>
                            <tbody>
                                <tr>
                                    <td>
                                        <content ID="Observation_4e478b90e272c3c133bd3f">UA COLOR</content>
                                    </td>
                                    <td>
                                        <content ID="ObservationValue_2943c5bf6ccbdc1af49044">YELLOW</content>
                                    </td>
                                    <td>YELLOW-STRAW</td>
                                    <td>No information in source data</td>
                                    <td>No information in source data</td>
                                    <td>
                                        <content ID="Comment_9c44b09fd9642bd83226ba">URINE SAVED - CALL LAB WITHIN 24HR IF FURTHER WORKUP REQUIRED</content>
                                    </td>
                                    <td>Feb 14 2000 9:45 AM</td>
                                </tr>
                                <tr>
                                    <td>
                                        <content ID="Observation_0b49a692b89cb11e959497">UA APPEARANCE</content>
                                    </td>
                                    <td>
                                        <content ID="ObservationValue_b04e728a925e39032fe111">CLEAR</content>
                                    </td>
                                    <td>CLEAR</td>
                                    <td>No information in source data</td>
                                    <td>No information in source data</td>
                                    <td>No information in source data</td>
                                    <td>Feb 14 2000 9:45 AM</td>
                                </tr>
                                <tr>
                                    <td>
                                        <content ID="Observation_634b1885518acd3d27a653">UA SPEC GRAV</content>
                                    </td>
                                    <td>
                                        <content ID="ObservationValue_b5457da6deee27213cc7ce">1.016 ION.CONC</content>
                                    </td>
                                    <td>1.003 - 1.030</td>
                                    <td>No information in source data</td>
                                    <td>No information in source data</td>
                                    <td>No information in source data</td>
                                    <td>Feb 14 2000 9:45 AM</td>
                                </tr>
                                <tr>
                                    <td>
                                        <content ID="Observation_6f402cb05aed52195a5edc">UA PH</content>
                                    </td>
                                    <td>
                                        <content ID="ObservationValue_d44d77982a0d743f6b20ee">6.5</content>
                                    </td>
                                    <td>6.0 - 8.0</td>
                                    <td>No information in source data</td>
                                    <td>Normal</td>
                                    <td>No information in source data</td>
                                    <td>Feb 14 2000 9:45 AM</td>
                                </tr>
                                <tr>
                                    <td>
                                        <content ID="Observation_0646dd85fed7f17ba017cf">UA GLUCOSE</content>
                                    </td>
                                    <td>
                                        <content ID="ObservationValue_f2442aaa86f657c8ed66ac">NORMAL MG/DL</content>
                                    </td>
                                    <td>NORMAL</td>
                                    <td>No information in source data</td>
                                    <td>No information in source data</td>
                                    <td>No information in source data</td>
                                    <td>Feb 14 2000 9:45 AM</td>
                                </tr>
                                <tr>
                                    <td>
                                        <content ID="Observation_d040abbc4149e675a4d9d2">UA BILIRUBIN</content>
                                    </td>
                                    <td>
                                        <content ID="ObservationValue_604566b7b2cd25b7f6774b">NEGATIVE MG/DL</content>
                                    </td>
                                    <td>NEGATIVE</td>
                                    <td>No information in source data</td>
                                    <td>No information in source data</td>
                                    <td>No information in source data</td>
                                    <td>Feb 14 2000 9:45 AM</td>
                                </tr>
                                <tr>
                                    <td>
                                        <content ID="Observation_324ce48e5c782bf356e022">UA KETONE</content>
                                    </td>
                                    <td>
                                        <content ID="ObservationValue_eb454c8a5cb3baad57f86b">NEGATIVE MG/DL</content>
                                    </td>
                                    <td>NEGATIVE</td>
                                    <td>No information in source data</td>
                                    <td>No information in source data</td>
                                    <td>No information in source data</td>
                                    <td>Feb 14 2000 9:45 AM</td>
                                </tr>
                                <tr>
                                    <td>
                                        <content ID="Observation_764f05830382330e67f9de">UA BLOOD</content>
                                    </td>
                                    <td>
                                        <content ID="ObservationValue_154756ad3d2ce084388136">NEGATIVE</content>
                                    </td>
                                    <td>NEGATIVE</td>
                                    <td>No information in source data</td>
                                    <td>No information in source data</td>
                                    <td>No information in source data</td>
                                    <td>Feb 14 2000 9:45 AM</td>
                                </tr>
                                <tr>
                                    <td>
                                        <content ID="Observation_a64d8aa93eff88815d3b97">UA PROTEIN</content>
                                    </td>
                                    <td>
                                        <content ID="ObservationValue_8248d7b1629cb33aeaddef">100 MG/DL</content>
                                    </td>
                                    <td>NEGATIVE</td>
                                    <td>No information in source data</td>
                                    <td>No information in source data</td>
                                    <td>No information in source data</td>
                                    <td>Feb 14 2000 9:45 AM</td>
                                </tr>
                                <tr>
                                    <td>
                                        <content ID="Observation_28480ebbca401af6857609">UA UROBILINOGEN</content>
                                    </td>
                                    <td>
                                        <content ID="ObservationValue_da437b928d3a50154beeae">NORMAL MG/DL</content>
                                    </td>
                                    <td>NORMAL</td>
                                    <td>No information in source data</td>
                                    <td>No information in source data</td>
                                    <td>No information in source data</td>
                                    <td>Feb 14 2000 9:45 AM</td>
                                </tr>
                                <tr>
                                    <td>
                                        <content ID="Observation_4c4bb48eb5e7a763c5fe90">UA NITRITE</content>
                                    </td>
                                    <td>
                                        <content ID="ObservationValue_f442d2940b94d703fc3ba5">NEGATIVE MG/DL</content>
                                    </td>
                                    <td>NEGATIVE</td>
                                    <td>No information in source data</td>
                                    <td>No information in source data</td>
                                    <td>No information in source data</td>
                                    <td>Feb 14 2000 9:45 AM</td>
                                </tr>
                                <tr>
                                    <td>
                                        <content ID="Observation_6a45c38172e1abcf5dfd0e">UA LEUK ESTER</content>
                                    </td>
                                    <td>
                                        <content ID="ObservationValue_af4ecd98752e61805f2bc1">NORMAL</content>
                                    </td>
                                    <td>NORMAL</td>
                                    <td>No information in source data</td>
                                    <td>No information in source data</td>
                                    <td>No information in source data</td>
                                    <td>Feb 14 2000 9:45 AM</td>
                                </tr>
                                <tr>
                                    <td>
                                        <content ID="Observation_de48e8a4c3275165617054">UA ASCORBIC ACD</content>
                                    </td>
                                    <td>
                                        <content ID="ObservationValue_304acb90e41f5fa4ebd517">NEGATIVE MG/DL</content>
                                    </td>
                                    <td>NEGATIVE</td>
                                    <td>No information in source data</td>
                                    <td>No information in source data</td>
                                    <td>
                                        <content ID="Comment_b4475496402d0c43a086a5">UAASC  ELEVATED ASCORBIC ACID LEVELS CAN INTERFERE WITH TEST AND        PRODUCE FALSELY LOWER RESULTS FOR BLOOD, BILIRUBIN,        NITRITE AND GLUCOSE</content>
                                    </td>
                                    <td>Feb 14 2000 9:45 AM</td>
                                </tr>
                                <tr>
                                    <td>
                                        <content ID="Observation_ab4dda8521b25f15ad1d53">UA RBC</content>
                                    </td>
                                    <td>
                                        <content ID="ObservationValue_564d67983ede95b12b9c90">0-2 /HPF</content>
                                    </td>
                                    <td>0-2-NONE SEEN</td>
                                    <td>No information in source data</td>
                                    <td>No information in source data</td>
                                    <td>No information in source data</td>
                                    <td>Feb 14 2000 9:45 AM</td>
                                </tr>
                                <tr>
                                    <td>
                                        <content ID="Observation_974d4a88101c0bec62917d">UA WBC</content>
                                    </td>
                                    <td>
                                        <content ID="ObservationValue_6e45c88798728833adfe8e">NONE SEEN /HPF</content>
                                    </td>
                                    <td>NONESEEN-0-5</td>
                                    <td>No information in source data</td>
                                    <td>Normal</td>
                                    <td>No information in source data</td>
                                    <td>Feb 14 2000 9:45 AM</td>
                                </tr>
                                <tr>
                                    <td>
                                        <content ID="Observation_4b44c4adc188085d01ef59">UA BACTERIA</content>
                                    </td>
                                    <td>
                                        <content ID="ObservationValue_d24788bbc26f0e890faa36">NONE SEEN</content>
                                    </td>
                                    <td>NONESEEN-TRACE</td>
                                    <td>No information in source data</td>
                                    <td>No information in source data</td>
                                    <td>No information in source data</td>
                                    <td>Feb 14 2000 9:45 AM</td>
                                </tr>
                                <tr>
                                    <td>
                                        <content ID="Observation_604165bc9635ddfa953195">UA SQUAM EPITH</content>
                                    </td>
                                    <td>
                                        <content ID="ObservationValue_7e40fba3f7452c2beb640a">6-10 /HPF</content>
                                    </td>
                                    <td>0-5-6-10</td>
                                    <td>No information in source data</td>
                                    <td>No information in source data</td>
                                    <td>No information in source data</td>
                                    <td>Feb 14 2000 9:45 AM</td>
                                </tr>
                            </tbody>
                        </table>
                        <table>
                            <caption styleCode="bold">UA COMPLETE</caption>
                            <thead>
                                <tr>
                                    <th>Observation</th>
                                    <th>Value</th>
                                    <th>Reference Range</th>
                                    <th>Units</th>
                                    <th>Interpretation</th>
                                    <th>Notes</th>
                                    <th>Date</th>
                                </tr>
                            </thead>
                            <tbody>
                                <tr>
                                    <td>
                                        <content ID="Observation_8041fe9c84505eb9e64c6d">UA COLOR</content>
                                    </td>
                                    <td>
                                        <content ID="ObservationValue_6742e59c51791c368b1638">YELLOW</content>
                                    </td>
                                    <td>YELLOW-STRAW</td>
                                    <td>No information in source data</td>
                                    <td>No information in source data</td>
                                    <td>
                                        <content ID="Comment_d04d608dbc5674d4e97ea0">URINE SAVED - CALL LAB WITHIN 24HR IF FURTHER WORKUP REQUIRED</content>
                                    </td>
                                    <td>Feb 14 2000 9:45 AM</td>
                                </tr>
                                <tr>
                                    <td>
                                        <content ID="Observation_a24a8e95cc57e11843e2a4">UA APPEARANCE</content>
                                    </td>
                                    <td>
                                        <content ID="ObservationValue_a24235a3790c89c8c6fa8d">CLEAR</content>
                                    </td>
                                    <td>CLEAR</td>
                                    <td>No information in source data</td>
                                    <td>No information in source data</td>
                                    <td>No information in source data</td>
                                    <td>Feb 14 2000 9:45 AM</td>
                                </tr>
                                <tr>
                                    <td>
                                        <content ID="Observation_614e13864d5ff8601bac0c">UA SPEC GRAV</content>
                                    </td>
                                    <td>
                                        <content ID="ObservationValue_f4403dbd014076208a5df4">1.016 ION.CONC</content>
                                    </td>
                                    <td>1.003 - 1.030</td>
                                    <td>No information in source data</td>
                                    <td>No information in source data</td>
                                    <td>No information in source data</td>
                                    <td>Feb 14 2000 9:45 AM</td>
                                </tr>
                                <tr>
                                    <td>
                                        <content ID="Observation_674e928bb618fdc3a0ff75">UA PH</content>
                                    </td>
                                    <td>
                                        <content ID="ObservationValue_5e466bb9533d8dcac3922b">6.5</content>
                                    </td>
                                    <td>6.0 - 8.0</td>
                                    <td>No information in source data</td>
                                    <td>Normal</td>
                                    <td>No information in source data</td>
                                    <td>Feb 14 2000 9:45 AM</td>
                                </tr>
                                <tr>
                                    <td>
                                        <content ID="Observation_cc409ab110e8bab3b5feca">UA GLUCOSE</content>
                                    </td>
                                    <td>
                                        <content ID="ObservationValue_cf439395500bc9879854da">NORMAL MG/DL</content>
                                    </td>
                                    <td>NORMAL</td>
                                    <td>No information in source data</td>
                                    <td>No information in source data</td>
                                    <td>No information in source data</td>
                                    <td>Feb 14 2000 9:45 AM</td>
                                </tr>
                                <tr>
                                    <td>
                                        <content ID="Observation_d5418faf0d5df5d3eb5061">UA BILIRUBIN</content>
                                    </td>
                                    <td>
                                        <content ID="ObservationValue_694df6a51320143501212a">NEGATIVE MG/DL</content>
                                    </td>
                                    <td>NEGATIVE</td>
                                    <td>No information in source data</td>
                                    <td>No information in source data</td>
                                    <td>No information in source data</td>
                                    <td>Feb 14 2000 9:45 AM</td>
                                </tr>
                                <tr>
                                    <td>
                                        <content ID="Observation_36481a98609b17c20f3a2a">UA KETONE</content>
                                    </td>
                                    <td>
                                        <content ID="ObservationValue_3441fa98b89c667c55cdee">NEGATIVE MG/DL</content>
                                    </td>
                                    <td>NEGATIVE</td>
                                    <td>No information in source data</td>
                                    <td>No information in source data</td>
                                    <td>No information in source data</td>
                                    <td>Feb 14 2000 9:45 AM</td>
                                </tr>
                                <tr>
                                    <td>
                                        <content ID="Observation_a546d582df194777b1921d">UA BLOOD</content>
                                    </td>
                                    <td>
                                        <content ID="ObservationValue_424a91884270b290a967fd">NEGATIVE</content>
                                    </td>
                                    <td>NEGATIVE</td>
                                    <td>No information in source data</td>
                                    <td>No information in source data</td>
                                    <td>No information in source data</td>
                                    <td>Feb 14 2000 9:45 AM</td>
                                </tr>
                                <tr>
                                    <td>
                                        <content ID="Observation_7540dc936af72fa71a0be5">UA PROTEIN</content>
                                    </td>
                                    <td>
                                        <content ID="ObservationValue_ab4262a0b1d9ccae2febc3">100 MG/DL</content>
                                    </td>
                                    <td>NEGATIVE</td>
                                    <td>No information in source data</td>
                                    <td>No information in source data</td>
                                    <td>No information in source data</td>
                                    <td>Feb 14 2000 9:45 AM</td>
                                </tr>
                                <tr>
                                    <td>
                                        <content ID="Observation_8844cdaef69282c540dfa9">UA UROBILINOGEN</content>
                                    </td>
                                    <td>
                                        <content ID="ObservationValue_ba45a9b993cf7db515a665">NORMAL MG/DL</content>
                                    </td>
                                    <td>NORMAL</td>
                                    <td>No information in source data</td>
                                    <td>No information in source data</td>
                                    <td>No information in source data</td>
                                    <td>Feb 14 2000 9:45 AM</td>
                                </tr>
                                <tr>
                                    <td>
                                        <content ID="Observation_634b0c95def19aac0753ea">UA NITRITE</content>
                                    </td>
                                    <td>
                                        <content ID="ObservationValue_094ed88519c9d5c36cf54c">NEGATIVE MG/DL</content>
                                    </td>
                                    <td>NEGATIVE</td>
                                    <td>No information in source data</td>
                                    <td>No information in source data</td>
                                    <td>No information in source data</td>
                                    <td>Feb 14 2000 9:45 AM</td>
                                </tr>
                                <tr>
                                    <td>
                                        <content ID="Observation_b8450bacb9b78554e627cf">UA LEUK ESTER</content>
                                    </td>
                                    <td>
                                        <content ID="ObservationValue_1745f9b3040a4e2c233b56">NORMAL</content>
                                    </td>
                                    <td>NORMAL</td>
                                    <td>No information in source data</td>
                                    <td>No information in source data</td>
                                    <td>No information in source data</td>
                                    <td>Feb 14 2000 9:45 AM</td>
                                </tr>
                                <tr>
                                    <td>
                                        <content ID="Observation_ca4483984f64e7e38b3cdd">UA ASCORBIC ACD</content>
                                    </td>
                                    <td>
                                        <content ID="ObservationValue_4e466faa2794b3632deceb">NEGATIVE MG/DL</content>
                                    </td>
                                    <td>NEGATIVE</td>
                                    <td>No information in source data</td>
                                    <td>No information in source data</td>
                                    <td>
                                        <content ID="Comment_0c4ecba480dca72d1d1398">UAASC  ELEVATED ASCORBIC ACID LEVELS CAN INTERFERE WITH TEST AND        PRODUCE FALSELY LOWER RESULTS FOR BLOOD, BILIRUBIN,        NITRITE AND GLUCOSE</content>
                                    </td>
                                    <td>Feb 14 2000 9:45 AM</td>
                                </tr>
                                <tr>
                                    <td>
                                        <content ID="Observation_f94ce9ba73387a5403d1af">UA RBC</content>
                                    </td>
                                    <td>
                                        <content ID="ObservationValue_b443efacf69b4557073916">0-2 /HPF</content>
                                    </td>
                                    <td>0-2-NONE SEEN</td>
                                    <td>No information in source data</td>
                                    <td>No information in source data</td>
                                    <td>No information in source data</td>
                                    <td>Feb 14 2000 9:45 AM</td>
                                </tr>
                                <tr>
                                    <td>
                                        <content ID="Observation_d6407b8c68ee1859493c41">UA WBC</content>
                                    </td>
                                    <td>
                                        <content ID="ObservationValue_ea42c1b4af3af8d0107ce3">NONE SEEN /HPF</content>
                                    </td>
                                    <td>NONESEEN-0-5</td>
                                    <td>No information in source data</td>
                                    <td>Normal</td>
                                    <td>No information in source data</td>
                                    <td>Feb 14 2000 9:45 AM</td>
                                </tr>
                                <tr>
                                    <td>
                                        <content ID="Observation_f748acadc5f274f25952e1">UA BACTERIA</content>
                                    </td>
                                    <td>
                                        <content ID="ObservationValue_44482db477d79553a18f8e">NONE SEEN</content>
                                    </td>
                                    <td>NONESEEN-TRACE</td>
                                    <td>No information in source data</td>
                                    <td>No information in source data</td>
                                    <td>No information in source data</td>
                                    <td>Feb 14 2000 9:45 AM</td>
                                </tr>
                                <tr>
                                    <td>
                                        <content ID="Observation_3f4a4cb9b0ac1bc1b2f179">UA SQUAM EPITH</content>
                                    </td>
                                    <td>
                                        <content ID="ObservationValue_1741d392668abc068dff3d">6-10 /HPF</content>
                                    </td>
                                    <td>0-5-6-10</td>
                                    <td>No information in source data</td>
                                    <td>No information in source data</td>
                                    <td>No information in source data</td>
                                    <td>Feb 14 2000 9:45 AM</td>
                                </tr>
                            </tbody>
                        </table>
                        <table>
                            <caption styleCode="bold">UA COMPLETE</caption>
                            <thead>
                                <tr>
                                    <th>Observation</th>
                                    <th>Value</th>
                                    <th>Reference Range</th>
                                    <th>Units</th>
                                    <th>Interpretation</th>
                                    <th>Notes</th>
                                    <th>Date</th>
                                </tr>
                            </thead>
                            <tbody>
                                <tr>
                                    <td>
                                        <content ID="Observation_1c453880f533db08eb2072">UA COLOR</content>
                                    </td>
                                    <td>
                                        <content ID="ObservationValue_e74c4a867d43d478ff9031">YELLOW</content>
                                    </td>
                                    <td>YELLOW-STRAW</td>
                                    <td>No information in source data</td>
                                    <td>No information in source data</td>
                                    <td>
                                        <content ID="Comment_f84db6b58c25f635fc2399">URINE SAVED - CALL LAB WITHIN 24HR IF FURTHER WORKUP REQUIRED</content>
                                    </td>
                                    <td>Feb 14 2000 9:45 AM</td>
                                </tr>
                                <tr>
                                    <td>
                                        <content ID="Observation_304d5fbb51eabff0b630b4">UA APPEARANCE</content>
                                    </td>
                                    <td>
                                        <content ID="ObservationValue_884ef98ef843ba673608a8">CLEAR</content>
                                    </td>
                                    <td>CLEAR</td>
                                    <td>No information in source data</td>
                                    <td>No information in source data</td>
                                    <td>No information in source data</td>
                                    <td>Feb 14 2000 9:45 AM</td>
                                </tr>
                                <tr>
                                    <td>
                                        <content ID="Observation_8a4f299eccf886a627a416">UA SPEC GRAV</content>
                                    </td>
                                    <td>
                                        <content ID="ObservationValue_ca49e89d87d14a887d068d">1.016 ION.CONC</content>
                                    </td>
                                    <td>1.003 - 1.030</td>
                                    <td>No information in source data</td>
                                    <td>No information in source data</td>
                                    <td>No information in source data</td>
                                    <td>Feb 14 2000 9:45 AM</td>
                                </tr>
                                <tr>
                                    <td>
                                        <content ID="Observation_d24dde8d15203f34225317">UA PH</content>
                                    </td>
                                    <td>
                                        <content ID="ObservationValue_de4c2aa6065512aa841e70">6.5</content>
                                    </td>
                                    <td>6.0 - 8.0</td>
                                    <td>No information in source data</td>
                                    <td>Normal</td>
                                    <td>No information in source data</td>
                                    <td>Feb 14 2000 9:45 AM</td>
                                </tr>
                                <tr>
                                    <td>
                                        <content ID="Observation_344eca9ef2760931e347d6">UA GLUCOSE</content>
                                    </td>
                                    <td>
                                        <content ID="ObservationValue_0a4c1faee374aa93fd2fbd">NORMAL MG/DL</content>
                                    </td>
                                    <td>NORMAL</td>
                                    <td>No information in source data</td>
                                    <td>No information in source data</td>
                                    <td>No information in source data</td>
                                    <td>Feb 14 2000 9:45 AM</td>
                                </tr>
                                <tr>
                                    <td>
                                        <content ID="Observation_e44244942ac763da5c2ff7">UA BILIRUBIN</content>
                                    </td>
                                    <td>
                                        <content ID="ObservationValue_66421ebff97d1dacb8306b">NEGATIVE MG/DL</content>
                                    </td>
                                    <td>NEGATIVE</td>
                                    <td>No information in source data</td>
                                    <td>No information in source data</td>
                                    <td>No information in source data</td>
                                    <td>Feb 14 2000 9:45 AM</td>
                                </tr>
                                <tr>
                                    <td>
                                        <content ID="Observation_7347b5b534538afd84aa5b">UA KETONE</content>
                                    </td>
                                    <td>
                                        <content ID="ObservationValue_c346959fcc28025a8229f4">NEGATIVE MG/DL</content>
                                    </td>
                                    <td>NEGATIVE</td>
                                    <td>No information in source data</td>
                                    <td>No information in source data</td>
                                    <td>No information in source data</td>
                                    <td>Feb 14 2000 9:45 AM</td>
                                </tr>
                                <tr>
                                    <td>
                                        <content ID="Observation_fa449386e0da192a513654">UA BLOOD</content>
                                    </td>
                                    <td>
                                        <content ID="ObservationValue_ca499d83dbdb7c67fe7d49">NEGATIVE</content>
                                    </td>
                                    <td>NEGATIVE</td>
                                    <td>No information in source data</td>
                                    <td>No information in source data</td>
                                    <td>No information in source data</td>
                                    <td>Feb 14 2000 9:45 AM</td>
                                </tr>
                                <tr>
                                    <td>
                                        <content ID="Observation_2642d981c76f680e2d7390">UA PROTEIN</content>
                                    </td>
                                    <td>
                                        <content ID="ObservationValue_cd4577848b192178fdc1ef">100 MG/DL</content>
                                    </td>
                                    <td>NEGATIVE</td>
                                    <td>No information in source data</td>
                                    <td>No information in source data</td>
                                    <td>No information in source data</td>
                                    <td>Feb 14 2000 9:45 AM</td>
                                </tr>
                                <tr>
                                    <td>
                                        <content ID="Observation_724e92807e3c8c6feb4398">UA UROBILINOGEN</content>
                                    </td>
                                    <td>
                                        <content ID="ObservationValue_8841f2a1fe3663938517e6">NORMAL MG/DL</content>
                                    </td>
                                    <td>NORMAL</td>
                                    <td>No information in source data</td>
                                    <td>No information in source data</td>
                                    <td>No information in source data</td>
                                    <td>Feb 14 2000 9:45 AM</td>
                                </tr>
                                <tr>
                                    <td>
                                        <content ID="Observation_c04405ab6c58d9d4f12702">UA NITRITE</content>
                                    </td>
                                    <td>
                                        <content ID="ObservationValue_864532bca3f8f5e99684e9">NEGATIVE MG/DL</content>
                                    </td>
                                    <td>NEGATIVE</td>
                                    <td>No information in source data</td>
                                    <td>No information in source data</td>
                                    <td>No information in source data</td>
                                    <td>Feb 14 2000 9:45 AM</td>
                                </tr>
                                <tr>
                                    <td>
                                        <content ID="Observation_5947458645034552d5afc5">UA LEUK ESTER</content>
                                    </td>
                                    <td>
                                        <content ID="ObservationValue_6a447db1de55b0f4a0b126">NORMAL</content>
                                    </td>
                                    <td>NORMAL</td>
                                    <td>No information in source data</td>
                                    <td>No information in source data</td>
                                    <td>No information in source data</td>
                                    <td>Feb 14 2000 9:45 AM</td>
                                </tr>
                                <tr>
                                    <td>
                                        <content ID="Observation_d34718b9c4ed7d46ba159f">UA ASCORBIC ACD</content>
                                    </td>
                                    <td>
                                        <content ID="ObservationValue_af4c3db75484453e6af571">NEGATIVE MG/DL</content>
                                    </td>
                                    <td>NEGATIVE</td>
                                    <td>No information in source data</td>
                                    <td>No information in source data</td>
                                    <td>
                                        <content ID="Comment_524b4ab90f2628763027dc">UAASC  ELEVATED ASCORBIC ACID LEVELS CAN INTERFERE WITH TEST AND        PRODUCE FALSELY LOWER RESULTS FOR BLOOD, BILIRUBIN,        NITRITE AND GLUCOSE</content>
                                    </td>
                                    <td>Feb 14 2000 9:45 AM</td>
                                </tr>
                                <tr>
                                    <td>
                                        <content ID="Observation_cd484c937d386eac070323">UA RBC</content>
                                    </td>
                                    <td>
                                        <content ID="ObservationValue_424873acc0f01535f34e23">0-2 /HPF</content>
                                    </td>
                                    <td>0-2-NONE SEEN</td>
                                    <td>No information in source data</td>
                                    <td>No information in source data</td>
                                    <td>No information in source data</td>
                                    <td>Feb 14 2000 9:45 AM</td>
                                </tr>
                                <tr>
                                    <td>
                                        <content ID="Observation_b34aff8ae8748191d31c8f">UA WBC</content>
                                    </td>
                                    <td>
                                        <content ID="ObservationValue_ec41c18bb6482f799bcea3">NONE SEEN /HPF</content>
                                    </td>
                                    <td>NONESEEN-0-5</td>
                                    <td>No information in source data</td>
                                    <td>Normal</td>
                                    <td>No information in source data</td>
                                    <td>Feb 14 2000 9:45 AM</td>
                                </tr>
                                <tr>
                                    <td>
                                        <content ID="Observation_3d4c6e8ab88141981aa45d">UA BACTERIA</content>
                                    </td>
                                    <td>
                                        <content ID="ObservationValue_f54ac0b9e5e151e2773407">NONE SEEN</content>
                                    </td>
                                    <td>NONESEEN-TRACE</td>
                                    <td>No information in source data</td>
                                    <td>No information in source data</td>
                                    <td>No information in source data</td>
                                    <td>Feb 14 2000 9:45 AM</td>
                                </tr>
                                <tr>
                                    <td>
                                        <content ID="Observation_574d4cbf848e41c4358192">UA SQUAM EPITH</content>
                                    </td>
                                    <td>
                                        <content ID="ObservationValue_324819a99e63d747a7e014">6-10 /HPF</content>
                                    </td>
                                    <td>0-5-6-10</td>
                                    <td>No information in source data</td>
                                    <td>No information in source data</td>
                                    <td>No information in source data</td>
                                    <td>Feb 14 2000 9:45 AM</td>
                                </tr>
                            </tbody>
                        </table>
                        <table>
                            <caption styleCode="bold">UA COMPLETE</caption>
                            <thead>
                                <tr>
                                    <th>Observation</th>
                                    <th>Value</th>
                                    <th>Reference Range</th>
                                    <th>Units</th>
                                    <th>Interpretation</th>
                                    <th>Notes</th>
                                    <th>Date</th>
                                </tr>
                            </thead>
                            <tbody>
                                <tr>
                                    <td>
                                        <content ID="Observation_50468eb31db3a7cc8d85a3">UA COLOR</content>
                                    </td>
                                    <td>
                                        <content ID="ObservationValue_274535b740e2b5d70e27b0">YELLOW</content>
                                    </td>
                                    <td>YELLOW-STRAW</td>
                                    <td>No information in source data</td>
                                    <td>No information in source data</td>
                                    <td>
                                        <content ID="Comment_634fe9907c58f49aad5a92">URINE SAVED - CALL LAB WITHIN 24HR IF FURTHER WORKUP REQUIRED</content>
                                    </td>
                                    <td>Feb 14 2000 9:45 AM</td>
                                </tr>
                                <tr>
                                    <td>
                                        <content ID="Observation_4944f882067c40dbb508e8">UA APPEARANCE</content>
                                    </td>
                                    <td>
                                        <content ID="ObservationValue_b14da29f214ba006b335ba">CLEAR</content>
                                    </td>
                                    <td>CLEAR</td>
                                    <td>No information in source data</td>
                                    <td>No information in source data</td>
                                    <td>No information in source data</td>
                                    <td>Feb 14 2000 9:45 AM</td>
                                </tr>
                                <tr>
                                    <td>
                                        <content ID="Observation_544c7098dc34eec16f3194">UA SPEC GRAV</content>
                                    </td>
                                    <td>
                                        <content ID="ObservationValue_b249d8b0476963ef49b354">1.016 ION.CONC</content>
                                    </td>
                                    <td>1.003 - 1.030</td>
                                    <td>No information in source data</td>
                                    <td>No information in source data</td>
                                    <td>No information in source data</td>
                                    <td>Feb 14 2000 9:45 AM</td>
                                </tr>
                                <tr>
                                    <td>
                                        <content ID="Observation_2e4888b2b7cae8ceb46d2d">UA PH</content>
                                    </td>
                                    <td>
                                        <content ID="ObservationValue_ff4c3b86a9065bd9f72383">6.5</content>
                                    </td>
                                    <td>6.0 - 8.0</td>
                                    <td>No information in source data</td>
                                    <td>Normal</td>
                                    <td>No information in source data</td>
                                    <td>Feb 14 2000 9:45 AM</td>
                                </tr>
                                <tr>
                                    <td>
                                        <content ID="Observation_e34c6c983f88aa0151d48a">UA GLUCOSE</content>
                                    </td>
                                    <td>
                                        <content ID="ObservationValue_fa445fbcf4be077ab3c06d">NORMAL MG/DL</content>
                                    </td>
                                    <td>NORMAL</td>
                                    <td>No information in source data</td>
                                    <td>No information in source data</td>
                                    <td>No information in source data</td>
                                    <td>Feb 14 2000 9:45 AM</td>
                                </tr>
                                <tr>
                                    <td>
                                        <content ID="Observation_7e45179f8bd39879f62f1b">UA BILIRUBIN</content>
                                    </td>
                                    <td>
                                        <content ID="ObservationValue_a942858bcafa29b440fb2a">NEGATIVE MG/DL</content>
                                    </td>
                                    <td>NEGATIVE</td>
                                    <td>No information in source data</td>
                                    <td>No information in source data</td>
                                    <td>No information in source data</td>
                                    <td>Feb 14 2000 9:45 AM</td>
                                </tr>
                                <tr>
                                    <td>
                                        <content ID="Observation_03434e80a91f10b9a65800">UA KETONE</content>
                                    </td>
                                    <td>
                                        <content ID="ObservationValue_a646b2afa3f611e289dda9">NEGATIVE MG/DL</content>
                                    </td>
                                    <td>NEGATIVE</td>
                                    <td>No information in source data</td>
                                    <td>No information in source data</td>
                                    <td>No information in source data</td>
                                    <td>Feb 14 2000 9:45 AM</td>
                                </tr>
                                <tr>
                                    <td>
                                        <content ID="Observation_6e4567881ffb0b7ed692a6">UA BLOOD</content>
                                    </td>
                                    <td>
                                        <content ID="ObservationValue_95409386c9bd9b2779ee3c">NEGATIVE</content>
                                    </td>
                                    <td>NEGATIVE</td>
                                    <td>No information in source data</td>
                                    <td>No information in source data</td>
                                    <td>No information in source data</td>
                                    <td>Feb 14 2000 9:45 AM</td>
                                </tr>
                                <tr>
                                    <td>
                                        <content ID="Observation_1a41f6bb31b89963816cb5">UA PROTEIN</content>
                                    </td>
                                    <td>
                                        <content ID="ObservationValue_2745508d3044824f6706a8">100 MG/DL</content>
                                    </td>
                                    <td>NEGATIVE</td>
                                    <td>No information in source data</td>
                                    <td>No information in source data</td>
                                    <td>No information in source data</td>
                                    <td>Feb 14 2000 9:45 AM</td>
                                </tr>
                                <tr>
                                    <td>
                                        <content ID="Observation_f7490a9ca2acff78907e62">UA UROBILINOGEN</content>
                                    </td>
                                    <td>
                                        <content ID="ObservationValue_79407eafdc1ddc6d560ac4">NORMAL MG/DL</content>
                                    </td>
                                    <td>NORMAL</td>
                                    <td>No information in source data</td>
                                    <td>No information in source data</td>
                                    <td>No information in source data</td>
                                    <td>Feb 14 2000 9:45 AM</td>
                                </tr>
                                <tr>
                                    <td>
                                        <content ID="Observation_544ef5878a1a608157f50b">UA NITRITE</content>
                                    </td>
                                    <td>
                                        <content ID="ObservationValue_3c4b1e8a50c74a7daf06be">NEGATIVE MG/DL</content>
                                    </td>
                                    <td>NEGATIVE</td>
                                    <td>No information in source data</td>
                                    <td>No information in source data</td>
                                    <td>No information in source data</td>
                                    <td>Feb 14 2000 9:45 AM</td>
                                </tr>
                                <tr>
                                    <td>
                                        <content ID="Observation_4f4d20aaf4873c59147365">UA LEUK ESTER</content>
                                    </td>
                                    <td>
                                        <content ID="ObservationValue_7042538697865de806989d">NORMAL</content>
                                    </td>
                                    <td>NORMAL</td>
                                    <td>No information in source data</td>
                                    <td>No information in source data</td>
                                    <td>No information in source data</td>
                                    <td>Feb 14 2000 9:45 AM</td>
                                </tr>
                                <tr>
                                    <td>
                                        <content ID="Observation_b14c46beac324f669bd31a">UA ASCORBIC ACD</content>
                                    </td>
                                    <td>
                                        <content ID="ObservationValue_424bbfa902383051f4db5a">NEGATIVE MG/DL</content>
                                    </td>
                                    <td>NEGATIVE</td>
                                    <td>No information in source data</td>
                                    <td>No information in source data</td>
                                    <td>
                                        <content ID="Comment_2940139e0fbb0603f5ce0d">UAASC  ELEVATED ASCORBIC ACID LEVELS CAN INTERFERE WITH TEST AND        PRODUCE FALSELY LOWER RESULTS FOR BLOOD, BILIRUBIN,        NITRITE AND GLUCOSE</content>
                                    </td>
                                    <td>Feb 14 2000 9:45 AM</td>
                                </tr>
                                <tr>
                                    <td>
                                        <content ID="Observation_9649608285d041eeb6b514">UA RBC</content>
                                    </td>
                                    <td>
                                        <content ID="ObservationValue_0c44ab9b1d930218dbe458">0-2 /HPF</content>
                                    </td>
                                    <td>0-2-NONE SEEN</td>
                                    <td>No information in source data</td>
                                    <td>No information in source data</td>
                                    <td>No information in source data</td>
                                    <td>Feb 14 2000 9:45 AM</td>
                                </tr>
                                <tr>
                                    <td>
                                        <content ID="Observation_4243cfa285bbdf0f501494">UA WBC</content>
                                    </td>
                                    <td>
                                        <content ID="ObservationValue_9c4942ac0e663953a5a322">NONE SEEN /HPF</content>
                                    </td>
                                    <td>NONESEEN-0-5</td>
                                    <td>No information in source data</td>
                                    <td>Normal</td>
                                    <td>No information in source data</td>
                                    <td>Feb 14 2000 9:45 AM</td>
                                </tr>
                                <tr>
                                    <td>
                                        <content ID="Observation_2a489ca521c84b20ab761d">UA BACTERIA</content>
                                    </td>
                                    <td>
                                        <content ID="ObservationValue_2e4e82a5ae4e576823e906">NONE SEEN</content>
                                    </td>
                                    <td>NONESEEN-TRACE</td>
                                    <td>No information in source data</td>
                                    <td>No information in source data</td>
                                    <td>No information in source data</td>
                                    <td>Feb 14 2000 9:45 AM</td>
                                </tr>
                                <tr>
                                    <td>
                                        <content ID="Observation_4345e79ace8f3a071348d5">UA SQUAM EPITH</content>
                                    </td>
                                    <td>
                                        <content ID="ObservationValue_12431ea3cb47bfa96da4f5">6-10 /HPF</content>
                                    </td>
                                    <td>0-5-6-10</td>
                                    <td>No information in source data</td>
                                    <td>No information in source data</td>
                                    <td>No information in source data</td>
                                    <td>Feb 14 2000 9:45 AM</td>
                                </tr>
                            </tbody>
                        </table>
                        <table>
                            <caption styleCode="bold">UA COMPLETE</caption>
                            <thead>
                                <tr>
                                    <th>Observation</th>
                                    <th>Value</th>
                                    <th>Reference Range</th>
                                    <th>Units</th>
                                    <th>Interpretation</th>
                                    <th>Notes</th>
                                    <th>Date</th>
                                </tr>
                            </thead>
                            <tbody>
                                <tr>
                                    <td>
                                        <content ID="Observation_ca4096a773bcfe02141591">UA COLOR</content>
                                    </td>
                                    <td>
                                        <content ID="ObservationValue_a54ba5ad7ca4c6a05977f7">YELLOW</content>
                                    </td>
                                    <td>YELLOW-STRAW</td>
                                    <td>No information in source data</td>
                                    <td>No information in source data</td>
                                    <td>
                                        <content ID="Comment_534cc58b1eb4eb135a9892">URINE SAVED - CALL LAB WITHIN 24HR IF FURTHER WORKUP REQUIRED</content>
                                    </td>
                                    <td>Feb 14 2000 9:45 AM</td>
                                </tr>
                                <tr>
                                    <td>
                                        <content ID="Observation_d3418f990cc89853c75701">UA APPEARANCE</content>
                                    </td>
                                    <td>
                                        <content ID="ObservationValue_d644ac8f632576b8e1955a">CLEAR</content>
                                    </td>
                                    <td>CLEAR</td>
                                    <td>No information in source data</td>
                                    <td>No information in source data</td>
                                    <td>No information in source data</td>
                                    <td>Feb 14 2000 9:45 AM</td>
                                </tr>
                                <tr>
                                    <td>
                                        <content ID="Observation_d4451cb9f2c2a4c81b797e">UA SPEC GRAV</content>
                                    </td>
                                    <td>
                                        <content ID="ObservationValue_0e44c58ec7c9efaa368e1d">1.016 ION.CONC</content>
                                    </td>
                                    <td>1.003 - 1.030</td>
                                    <td>No information in source data</td>
                                    <td>No information in source data</td>
                                    <td>No information in source data</td>
                                    <td>Feb 14 2000 9:45 AM</td>
                                </tr>
                                <tr>
                                    <td>
                                        <content ID="Observation_dd4047b791e67a8e33c728">UA PH</content>
                                    </td>
                                    <td>
                                        <content ID="ObservationValue_584a7a8b250def57b71c61">6.5</content>
                                    </td>
                                    <td>6.0 - 8.0</td>
                                    <td>No information in source data</td>
                                    <td>Normal</td>
                                    <td>No information in source data</td>
                                    <td>Feb 14 2000 9:45 AM</td>
                                </tr>
                                <tr>
                                    <td>
                                        <content ID="Observation_614b61b0b7a8c963b0b66f">UA GLUCOSE</content>
                                    </td>
                                    <td>
                                        <content ID="ObservationValue_184fc38517a7a7adadbe19">NORMAL MG/DL</content>
                                    </td>
                                    <td>NORMAL</td>
                                    <td>No information in source data</td>
                                    <td>No information in source data</td>
                                    <td>No information in source data</td>
                                    <td>Feb 14 2000 9:45 AM</td>
                                </tr>
                                <tr>
                                    <td>
                                        <content ID="Observation_8e456d907c44b13083242c">UA BILIRUBIN</content>
                                    </td>
                                    <td>
                                        <content ID="ObservationValue_7d4e808bd03699c4d17dcc">NEGATIVE MG/DL</content>
                                    </td>
                                    <td>NEGATIVE</td>
                                    <td>No information in source data</td>
                                    <td>No information in source data</td>
                                    <td>No information in source data</td>
                                    <td>Feb 14 2000 9:45 AM</td>
                                </tr>
                                <tr>
                                    <td>
                                        <content ID="Observation_4c40bebe49f5589bf69e51">UA KETONE</content>
                                    </td>
                                    <td>
                                        <content ID="ObservationValue_be4c1286eec28a23c923af">NEGATIVE MG/DL</content>
                                    </td>
                                    <td>NEGATIVE</td>
                                    <td>No information in source data</td>
                                    <td>No information in source data</td>
                                    <td>No information in source data</td>
                                    <td>Feb 14 2000 9:45 AM</td>
                                </tr>
                                <tr>
                                    <td>
                                        <content ID="Observation_694a40b286a7ebf66317c3">UA BLOOD</content>
                                    </td>
                                    <td>
                                        <content ID="ObservationValue_c34e929417d9186033b524">NEGATIVE</content>
                                    </td>
                                    <td>NEGATIVE</td>
                                    <td>No information in source data</td>
                                    <td>No information in source data</td>
                                    <td>No information in source data</td>
                                    <td>Feb 14 2000 9:45 AM</td>
                                </tr>
                                <tr>
                                    <td>
                                        <content ID="Observation_b943cab27b9d735cf89872">UA PROTEIN</content>
                                    </td>
                                    <td>
                                        <content ID="ObservationValue_eb4a819a8117fc7e97550e">100 MG/DL</content>
                                    </td>
                                    <td>NEGATIVE</td>
                                    <td>No information in source data</td>
                                    <td>No information in source data</td>
                                    <td>No information in source data</td>
                                    <td>Feb 14 2000 9:45 AM</td>
                                </tr>
                                <tr>
                                    <td>
                                        <content ID="Observation_3b405aa4af4514960f7438">UA UROBILINOGEN</content>
                                    </td>
                                    <td>
                                        <content ID="ObservationValue_b5401aa1919b98e6829d6d">NORMAL MG/DL</content>
                                    </td>
                                    <td>NORMAL</td>
                                    <td>No information in source data</td>
                                    <td>No information in source data</td>
                                    <td>No information in source data</td>
                                    <td>Feb 14 2000 9:45 AM</td>
                                </tr>
                                <tr>
                                    <td>
                                        <content ID="Observation_674c6cbbda076319ece362">UA NITRITE</content>
                                    </td>
                                    <td>
                                        <content ID="ObservationValue_b24557b99c1ade87f1a5df">NEGATIVE MG/DL</content>
                                    </td>
                                    <td>NEGATIVE</td>
                                    <td>No information in source data</td>
                                    <td>No information in source data</td>
                                    <td>No information in source data</td>
                                    <td>Feb 14 2000 9:45 AM</td>
                                </tr>
                                <tr>
                                    <td>
                                        <content ID="Observation_1047e1bc1f8cc90312ff72">UA LEUK ESTER</content>
                                    </td>
                                    <td>
                                        <content ID="ObservationValue_7b4e24963e236bc4ec003e">NORMAL</content>
                                    </td>
                                    <td>NORMAL</td>
                                    <td>No information in source data</td>
                                    <td>No information in source data</td>
                                    <td>No information in source data</td>
                                    <td>Feb 14 2000 9:45 AM</td>
                                </tr>
                                <tr>
                                    <td>
                                        <content ID="Observation_5b4431ac63e524f4d82dd8">UA ASCORBIC ACD</content>
                                    </td>
                                    <td>
                                        <content ID="ObservationValue_5244caba284289e571828c">NEGATIVE MG/DL</content>
                                    </td>
                                    <td>NEGATIVE</td>
                                    <td>No information in source data</td>
                                    <td>No information in source data</td>
                                    <td>
                                        <content ID="Comment_f34e3e9f61b102f5c07534">UAASC  ELEVATED ASCORBIC ACID LEVELS CAN INTERFERE WITH TEST AND        PRODUCE FALSELY LOWER RESULTS FOR BLOOD, BILIRUBIN,        NITRITE AND GLUCOSE</content>
                                    </td>
                                    <td>Feb 14 2000 9:45 AM</td>
                                </tr>
                                <tr>
                                    <td>
                                        <content ID="Observation_60453c95e119f5a7cc0e62">UA RBC</content>
                                    </td>
                                    <td>
                                        <content ID="ObservationValue_6649a8af34b988934d40ce">0-2 /HPF</content>
                                    </td>
                                    <td>0-2-NONE SEEN</td>
                                    <td>No information in source data</td>
                                    <td>No information in source data</td>
                                    <td>No information in source data</td>
                                    <td>Feb 14 2000 9:45 AM</td>
                                </tr>
                                <tr>
                                    <td>
                                        <content ID="Observation_4349fcb638aa2d5e14cb62">UA WBC</content>
                                    </td>
                                    <td>
                                        <content ID="ObservationValue_3543339cbc525279620541">NONE SEEN /HPF</content>
                                    </td>
                                    <td>NONESEEN-0-5</td>
                                    <td>No information in source data</td>
                                    <td>Normal</td>
                                    <td>No information in source data</td>
                                    <td>Feb 14 2000 9:45 AM</td>
                                </tr>
                                <tr>
                                    <td>
                                        <content ID="Observation_4a41e494778783f26e02ef">UA BACTERIA</content>
                                    </td>
                                    <td>
                                        <content ID="ObservationValue_294df0962580c497a60062">NONE SEEN</content>
                                    </td>
                                    <td>NONESEEN-TRACE</td>
                                    <td>No information in source data</td>
                                    <td>No information in source data</td>
                                    <td>No information in source data</td>
                                    <td>Feb 14 2000 9:45 AM</td>
                                </tr>
                                <tr>
                                    <td>
                                        <content ID="Observation_4e44858b07bdf076bb9f1f">UA SQUAM EPITH</content>
                                    </td>
                                    <td>
                                        <content ID="ObservationValue_1f41c39ec43866c3da7e14">6-10 /HPF</content>
                                    </td>
                                    <td>0-5-6-10</td>
                                    <td>No information in source data</td>
                                    <td>No information in source data</td>
                                    <td>No information in source data</td>
                                    <td>Feb 14 2000 9:45 AM</td>
                                </tr>
                            </tbody>
                        </table>
                        <table>
                            <caption styleCode="bold">UA COMPLETE</caption>
                            <thead>
                                <tr>
                                    <th>Observation</th>
                                    <th>Value</th>
                                    <th>Reference Range</th>
                                    <th>Units</th>
                                    <th>Interpretation</th>
                                    <th>Notes</th>
                                    <th>Date</th>
                                </tr>
                            </thead>
                            <tbody>
                                <tr>
                                    <td>
                                        <content ID="Observation_0a49ba8b9284d2b1adc87c">UA COLOR</content>
                                    </td>
                                    <td>
                                        <content ID="ObservationValue_ca4b6983a71444265f9f1b">YELLOW</content>
                                    </td>
                                    <td>YELLOW-STRAW</td>
                                    <td>No information in source data</td>
                                    <td>No information in source data</td>
                                    <td>
                                        <content ID="Comment_344045ae3e5e2c69bbd022">URINE SAVED - CALL LAB WITHIN 24HR IF FURTHER WORKUP REQUIRED</content>
                                    </td>
                                    <td>Feb 14 2000 9:45 AM</td>
                                </tr>
                                <tr>
                                    <td>
                                        <content ID="Observation_ca4bdbbdf7762fd1f412ee">UA APPEARANCE</content>
                                    </td>
                                    <td>
                                        <content ID="ObservationValue_7040c7af3d34badc2be0ee">CLEAR</content>
                                    </td>
                                    <td>CLEAR</td>
                                    <td>No information in source data</td>
                                    <td>No information in source data</td>
                                    <td>No information in source data</td>
                                    <td>Feb 14 2000 9:45 AM</td>
                                </tr>
                                <tr>
                                    <td>
                                        <content ID="Observation_4d43fdb30efaafee2cfce0">UA SPEC GRAV</content>
                                    </td>
                                    <td>
                                        <content ID="ObservationValue_c84da2becd29b7b47b1595">1.016 ION.CONC</content>
                                    </td>
                                    <td>1.003 - 1.030</td>
                                    <td>No information in source data</td>
                                    <td>No information in source data</td>
                                    <td>No information in source data</td>
                                    <td>Feb 14 2000 9:45 AM</td>
                                </tr>
                                <tr>
                                    <td>
                                        <content ID="Observation_1d461bb3fd812cc99f39e6">UA PH</content>
                                    </td>
                                    <td>
                                        <content ID="ObservationValue_184cbd8892d07b8d2a1099">6.5</content>
                                    </td>
                                    <td>6.0 - 8.0</td>
                                    <td>No information in source data</td>
                                    <td>Normal</td>
                                    <td>No information in source data</td>
                                    <td>Feb 14 2000 9:45 AM</td>
                                </tr>
                                <tr>
                                    <td>
                                        <content ID="Observation_584e238f8d8c529a33897f">UA GLUCOSE</content>
                                    </td>
                                    <td>
                                        <content ID="ObservationValue_d646ce85b8f13596cf7edb">NORMAL MG/DL</content>
                                    </td>
                                    <td>NORMAL</td>
                                    <td>No information in source data</td>
                                    <td>No information in source data</td>
                                    <td>No information in source data</td>
                                    <td>Feb 14 2000 9:45 AM</td>
                                </tr>
                                <tr>
                                    <td>
                                        <content ID="Observation_3d46f8b20c9f0313263f07">UA BILIRUBIN</content>
                                    </td>
                                    <td>
                                        <content ID="ObservationValue_5b4045993e7c4e77a7cbbc">NEGATIVE MG/DL</content>
                                    </td>
                                    <td>NEGATIVE</td>
                                    <td>No information in source data</td>
                                    <td>No information in source data</td>
                                    <td>No information in source data</td>
                                    <td>Feb 14 2000 9:45 AM</td>
                                </tr>
                                <tr>
                                    <td>
                                        <content ID="Observation_3b472bbf6008b467aeddd7">UA KETONE</content>
                                    </td>
                                    <td>
                                        <content ID="ObservationValue_d843788eb9a7940cf36a18">NEGATIVE MG/DL</content>
                                    </td>
                                    <td>NEGATIVE</td>
                                    <td>No information in source data</td>
                                    <td>No information in source data</td>
                                    <td>No information in source data</td>
                                    <td>Feb 14 2000 9:45 AM</td>
                                </tr>
                                <tr>
                                    <td>
                                        <content ID="Observation_4540dfbc332976f9201069">UA BLOOD</content>
                                    </td>
                                    <td>
                                        <content ID="ObservationValue_b24cee976df035e5accf67">NEGATIVE</content>
                                    </td>
                                    <td>NEGATIVE</td>
                                    <td>No information in source data</td>
                                    <td>No information in source data</td>
                                    <td>No information in source data</td>
                                    <td>Feb 14 2000 9:45 AM</td>
                                </tr>
                                <tr>
                                    <td>
                                        <content ID="Observation_624c708cda52020a716e83">UA PROTEIN</content>
                                    </td>
                                    <td>
                                        <content ID="ObservationValue_ff4e49adb7269a1070db17">100 MG/DL</content>
                                    </td>
                                    <td>NEGATIVE</td>
                                    <td>No information in source data</td>
                                    <td>No information in source data</td>
                                    <td>No information in source data</td>
                                    <td>Feb 14 2000 9:45 AM</td>
                                </tr>
                                <tr>
                                    <td>
                                        <content ID="Observation_8b4b969615a3e0a294d607">UA UROBILINOGEN</content>
                                    </td>
                                    <td>
                                        <content ID="ObservationValue_44445a8810888f5fd31fb8">NORMAL MG/DL</content>
                                    </td>
                                    <td>NORMAL</td>
                                    <td>No information in source data</td>
                                    <td>No information in source data</td>
                                    <td>No information in source data</td>
                                    <td>Feb 14 2000 9:45 AM</td>
                                </tr>
                                <tr>
                                    <td>
                                        <content ID="Observation_2041d998e6919535700750">UA NITRITE</content>
                                    </td>
                                    <td>
                                        <content ID="ObservationValue_2c4bb98f98f62798f0557e">NEGATIVE MG/DL</content>
                                    </td>
                                    <td>NEGATIVE</td>
                                    <td>No information in source data</td>
                                    <td>No information in source data</td>
                                    <td>No information in source data</td>
                                    <td>Feb 14 2000 9:45 AM</td>
                                </tr>
                                <tr>
                                    <td>
                                        <content ID="Observation_2f4b72a06f3f0b7def1178">UA LEUK ESTER</content>
                                    </td>
                                    <td>
                                        <content ID="ObservationValue_7d4805a5bd0106d5896c6e">NORMAL</content>
                                    </td>
                                    <td>NORMAL</td>
                                    <td>No information in source data</td>
                                    <td>No information in source data</td>
                                    <td>No information in source data</td>
                                    <td>Feb 14 2000 9:45 AM</td>
                                </tr>
                                <tr>
                                    <td>
                                        <content ID="Observation_9f4fdea71e24d28024c28c">UA ASCORBIC ACD</content>
                                    </td>
                                    <td>
                                        <content ID="ObservationValue_354911b363c934634c0cfa">NEGATIVE MG/DL</content>
                                    </td>
                                    <td>NEGATIVE</td>
                                    <td>No information in source data</td>
                                    <td>No information in source data</td>
                                    <td>
                                        <content ID="Comment_7643ab821ffe00d7f5031e">UAASC  ELEVATED ASCORBIC ACID LEVELS CAN INTERFERE WITH TEST AND        PRODUCE FALSELY LOWER RESULTS FOR BLOOD, BILIRUBIN,        NITRITE AND GLUCOSE</content>
                                    </td>
                                    <td>Feb 14 2000 9:45 AM</td>
                                </tr>
                                <tr>
                                    <td>
                                        <content ID="Observation_9e4107b799cc87b4d9f3a8">UA RBC</content>
                                    </td>
                                    <td>
                                        <content ID="ObservationValue_b346629d5a03f07af88843">0-2 /HPF</content>
                                    </td>
                                    <td>0-2-NONE SEEN</td>
                                    <td>No information in source data</td>
                                    <td>No information in source data</td>
                                    <td>No information in source data</td>
                                    <td>Feb 14 2000 9:45 AM</td>
                                </tr>
                                <tr>
                                    <td>
                                        <content ID="Observation_244ef191a822721e3e9b45">UA WBC</content>
                                    </td>
                                    <td>
                                        <content ID="ObservationValue_b84458b96d411a546a7cc8">NONE SEEN /HPF</content>
                                    </td>
                                    <td>NONESEEN-0-5</td>
                                    <td>No information in source data</td>
                                    <td>Normal</td>
                                    <td>No information in source data</td>
                                    <td>Feb 14 2000 9:45 AM</td>
                                </tr>
                                <tr>
                                    <td>
                                        <content ID="Observation_414aedb3e30bebda9b461e">UA BACTERIA</content>
                                    </td>
                                    <td>
                                        <content ID="ObservationValue_6c40ba8876d889952e1d1b">NONE SEEN</content>
                                    </td>
                                    <td>NONESEEN-TRACE</td>
                                    <td>No information in source data</td>
                                    <td>No information in source data</td>
                                    <td>No information in source data</td>
                                    <td>Feb 14 2000 9:45 AM</td>
                                </tr>
                                <tr>
                                    <td>
                                        <content ID="Observation_af4a76b7ec961217c2acb9">UA SQUAM EPITH</content>
                                    </td>
                                    <td>
                                        <content ID="ObservationValue_fa441a9c7cdc6fd3df9c60">6-10 /HPF</content>
                                    </td>
                                    <td>0-5-6-10</td>
                                    <td>No information in source data</td>
                                    <td>No information in source data</td>
                                    <td>No information in source data</td>
                                    <td>Feb 14 2000 9:45 AM</td>
                                </tr>
                            </tbody>
                        </table>
                        <table>
                            <caption styleCode="bold">UA COMPLETE</caption>
                            <thead>
                                <tr>
                                    <th>Observation</th>
                                    <th>Value</th>
                                    <th>Reference Range</th>
                                    <th>Units</th>
                                    <th>Interpretation</th>
                                    <th>Notes</th>
                                    <th>Date</th>
                                </tr>
                            </thead>
                            <tbody>
                                <tr>
                                    <td>
                                        <content ID="Observation_804443a68fcf69f9a11a06">UA COLOR</content>
                                    </td>
                                    <td>
                                        <content ID="ObservationValue_884f76bd64353cb6515b0d">YELLOW</content>
                                    </td>
                                    <td>YELLOW-STRAW</td>
                                    <td>No information in source data</td>
                                    <td>No information in source data</td>
                                    <td>
                                        <content ID="Comment_3b4650b43bb33b3039f8ab">URINE SAVED - CALL LAB WITHIN 24HR IF FURTHER WORKUP REQUIRED</content>
                                    </td>
                                    <td>Feb 14 2000 9:45 AM</td>
                                </tr>
                                <tr>
                                    <td>
                                        <content ID="Observation_8a41c3ac41bc5f822873bc">UA APPEARANCE</content>
                                    </td>
                                    <td>
                                        <content ID="ObservationValue_a8462fb6aba50c95b3df80">CLEAR</content>
                                    </td>
                                    <td>CLEAR</td>
                                    <td>No information in source data</td>
                                    <td>No information in source data</td>
                                    <td>No information in source data</td>
                                    <td>Feb 14 2000 9:45 AM</td>
                                </tr>
                                <tr>
                                    <td>
                                        <content ID="Observation_a443a6968c1bd37f7798ef">UA SPEC GRAV</content>
                                    </td>
                                    <td>
                                        <content ID="ObservationValue_a54f2abca6a3d31bc9f024">1.016 ION.CONC</content>
                                    </td>
                                    <td>1.003 - 1.030</td>
                                    <td>No information in source data</td>
                                    <td>No information in source data</td>
                                    <td>No information in source data</td>
                                    <td>Feb 14 2000 9:45 AM</td>
                                </tr>
                                <tr>
                                    <td>
                                        <content ID="Observation_8342e9b130d7ef1c451525">UA PH</content>
                                    </td>
                                    <td>
                                        <content ID="ObservationValue_8d435298cd6852b61d0386">6.5</content>
                                    </td>
                                    <td>6.0 - 8.0</td>
                                    <td>No information in source data</td>
                                    <td>Normal</td>
                                    <td>No information in source data</td>
                                    <td>Feb 14 2000 9:45 AM</td>
                                </tr>
                                <tr>
                                    <td>
                                        <content ID="Observation_244a2c8639204da622eccc">UA GLUCOSE</content>
                                    </td>
                                    <td>
                                        <content ID="ObservationValue_4841cbbf02df95fdd708ba">NORMAL MG/DL</content>
                                    </td>
                                    <td>NORMAL</td>
                                    <td>No information in source data</td>
                                    <td>No information in source data</td>
                                    <td>No information in source data</td>
                                    <td>Feb 14 2000 9:45 AM</td>
                                </tr>
                                <tr>
                                    <td>
                                        <content ID="Observation_5d44b58c363110bfa34690">UA BILIRUBIN</content>
                                    </td>
                                    <td>
                                        <content ID="ObservationValue_9846bc808719d224ca348f">NEGATIVE MG/DL</content>
                                    </td>
                                    <td>NEGATIVE</td>
                                    <td>No information in source data</td>
                                    <td>No information in source data</td>
                                    <td>No information in source data</td>
                                    <td>Feb 14 2000 9:45 AM</td>
                                </tr>
                                <tr>
                                    <td>
                                        <content ID="Observation_1d425fa39d347a54d58876">UA KETONE</content>
                                    </td>
                                    <td>
                                        <content ID="ObservationValue_ae4a4bb2decf2c3949f5d3">NEGATIVE MG/DL</content>
                                    </td>
                                    <td>NEGATIVE</td>
                                    <td>No information in source data</td>
                                    <td>No information in source data</td>
                                    <td>No information in source data</td>
                                    <td>Feb 14 2000 9:45 AM</td>
                                </tr>
                                <tr>
                                    <td>
                                        <content ID="Observation_864031bcf76046bcc8d996">UA BLOOD</content>
                                    </td>
                                    <td>
                                        <content ID="ObservationValue_524b32ba8864575e7f33cb">NEGATIVE</content>
                                    </td>
                                    <td>NEGATIVE</td>
                                    <td>No information in source data</td>
                                    <td>No information in source data</td>
                                    <td>No information in source data</td>
                                    <td>Feb 14 2000 9:45 AM</td>
                                </tr>
                                <tr>
                                    <td>
                                        <content ID="Observation_09414faa4432c1bc7460e8">UA PROTEIN</content>
                                    </td>
                                    <td>
                                        <content ID="ObservationValue_334ee3ba4fa404c9e1e658">100 MG/DL</content>
                                    </td>
                                    <td>NEGATIVE</td>
                                    <td>No information in source data</td>
                                    <td>No information in source data</td>
                                    <td>No information in source data</td>
                                    <td>Feb 14 2000 9:45 AM</td>
                                </tr>
                                <tr>
                                    <td>
                                        <content ID="Observation_374e119b97eb69bdc44f73">UA UROBILINOGEN</content>
                                    </td>
                                    <td>
                                        <content ID="ObservationValue_d44774971e2df5aecb5dde">NORMAL MG/DL</content>
                                    </td>
                                    <td>NORMAL</td>
                                    <td>No information in source data</td>
                                    <td>No information in source data</td>
                                    <td>No information in source data</td>
                                    <td>Feb 14 2000 9:45 AM</td>
                                </tr>
                                <tr>
                                    <td>
                                        <content ID="Observation_484d7184a055be95504386">UA NITRITE</content>
                                    </td>
                                    <td>
                                        <content ID="ObservationValue_e94267a3e44b9071cb53b9">NEGATIVE MG/DL</content>
                                    </td>
                                    <td>NEGATIVE</td>
                                    <td>No information in source data</td>
                                    <td>No information in source data</td>
                                    <td>No information in source data</td>
                                    <td>Feb 14 2000 9:45 AM</td>
                                </tr>
                                <tr>
                                    <td>
                                        <content ID="Observation_944930956b16fd5e5ec0f3">UA LEUK ESTER</content>
                                    </td>
                                    <td>
                                        <content ID="ObservationValue_60429cb64c18478a56ed9a">NORMAL</content>
                                    </td>
                                    <td>NORMAL</td>
                                    <td>No information in source data</td>
                                    <td>No information in source data</td>
                                    <td>No information in source data</td>
                                    <td>Feb 14 2000 9:45 AM</td>
                                </tr>
                                <tr>
                                    <td>
                                        <content ID="Observation_6c4a18a43badd859b2a0f8">UA ASCORBIC ACD</content>
                                    </td>
                                    <td>
                                        <content ID="ObservationValue_b74e0490a53b65156c0bfb">NEGATIVE MG/DL</content>
                                    </td>
                                    <td>NEGATIVE</td>
                                    <td>No information in source data</td>
                                    <td>No information in source data</td>
                                    <td>
                                        <content ID="Comment_a04736b3f69f0006af5803">UAASC  ELEVATED ASCORBIC ACID LEVELS CAN INTERFERE WITH TEST AND        PRODUCE FALSELY LOWER RESULTS FOR BLOOD, BILIRUBIN,        NITRITE AND GLUCOSE</content>
                                    </td>
                                    <td>Feb 14 2000 9:45 AM</td>
                                </tr>
                                <tr>
                                    <td>
                                        <content ID="Observation_8f48489ab156f3a349988c">UA RBC</content>
                                    </td>
                                    <td>
                                        <content ID="ObservationValue_c341628de551c3f82560d8">0-2 /HPF</content>
                                    </td>
                                    <td>0-2-NONE SEEN</td>
                                    <td>No information in source data</td>
                                    <td>No information in source data</td>
                                    <td>No information in source data</td>
                                    <td>Feb 14 2000 9:45 AM</td>
                                </tr>
                                <tr>
                                    <td>
                                        <content ID="Observation_164ff4b76722864024594e">UA WBC</content>
                                    </td>
                                    <td>
                                        <content ID="ObservationValue_a64066be707501a7fb6636">NONE SEEN /HPF</content>
                                    </td>
                                    <td>NONESEEN-0-5</td>
                                    <td>No information in source data</td>
                                    <td>Normal</td>
                                    <td>No information in source data</td>
                                    <td>Feb 14 2000 9:45 AM</td>
                                </tr>
                                <tr>
                                    <td>
                                        <content ID="Observation_6b4cf88c15a8251cf42f72">UA BACTERIA</content>
                                    </td>
                                    <td>
                                        <content ID="ObservationValue_08492aace9eba418a4585b">NONE SEEN</content>
                                    </td>
                                    <td>NONESEEN-TRACE</td>
                                    <td>No information in source data</td>
                                    <td>No information in source data</td>
                                    <td>No information in source data</td>
                                    <td>Feb 14 2000 9:45 AM</td>
                                </tr>
                                <tr>
                                    <td>
                                        <content ID="Observation_524c8487eb7914ac40feb9">UA SQUAM EPITH</content>
                                    </td>
                                    <td>
                                        <content ID="ObservationValue_5f45db9bef8e0834c2ec19">6-10 /HPF</content>
                                    </td>
                                    <td>0-5-6-10</td>
                                    <td>No information in source data</td>
                                    <td>No information in source data</td>
                                    <td>No information in source data</td>
                                    <td>Feb 14 2000 9:45 AM</td>
                                </tr>
                            </tbody>
                        </table>
                    </text>
                    <entry typeCode="DRIV">
                        <organizer classCode="BATTERY" moodCode="EVN">
                            <templateId root="2.16.840.1.113883.10.20.1.32"/>
                            <id root="d21a59e1-7000-4418-a735-3c4af73160fe"/>
                            <code code="CBC" codeSystemName="L" displayName="CBC">
                                <translation code="LAB"/>
                            </code>
                            <statusCode code="completed"/>
                            <component>
                                <procedure classCode="PROC" moodCode="EVN">
                                    <templateId root="2.16.840.1.113883.10.20.1.29"/>
                                    <templateId root="1.3.6.1.4.1.19376.1.5.3.1.4.19"/>
                                    <templateId root="2.16.840.1.113883.3.88.11.83.17"/>
                                    <id root="6e353feb-a39d-4a12-8c0a-8d89f36aef7e"/>
                                    <code nullFlavor="NI">
                                        <originalText>CBC</originalText>
                                    </code>
                                    <text>CBC</text>
                                    <statusCode code="completed"/>
                                    <effectiveTime>
                                        <low value="201204070945-0800"/>
                                    </effectiveTime>
                                    <priorityCode code="S" codeSystem="2.16.840.1.113883.3.88.12.80.71" codeSystemName="Order Priority" displayName="Stat"/>
                                    <participant typeCode="RESP" contextControlCode="OP">
                                        <participantRole>
                                            <addr nullFlavor="NI"/>
                                            <playingEntity>
                                                <name>
                                                    <given>Unnamed</given>
                                                    <family>User</family>
                                                </name>
                                            </playingEntity>
                                        </participantRole>
                                    </participant>
                                    <participant typeCode="ATND" contextControlCode="OP">
                                        <participantRole>
                                            <addr nullFlavor="NI"/>
                                            <playingEntity>
                                                <name>
                                                    <given>Test</given>
                                                    <family>Userone</family>
                                                </name>
                                            </playingEntity>
                                        </participantRole>
                                    </participant>
                                    <participant typeCode="ADM" contextControlCode="OP">
                                        <participantRole>
                                            <addr nullFlavor="NI"/>
                                            <playingEntity>
                                                <name>
                                                    <given>Test</given>
                                                    <family>Faxuser</family>
                                                </name>
                                            </playingEntity>
                                        </participantRole>
                                    </participant>
                                    <participant typeCode="REF" contextControlCode="OP">
                                        <participantRole>
                                            <addr nullFlavor="NI"/>
                                            <playingEntity>
                                                <name>
                                                    <given>Test</given>
                                                    <family>Faxuser</family>
                                                </name>
                                            </playingEntity>
                                        </participantRole>
                                    </participant>
                                    <participant typeCode="ORG" contextControlCode="OP">
                                        <participantRole>
                                            <addr nullFlavor="NI"/>
                                            <telecom nullFlavor="NI"/>
                                            <playingEntity>
                                                <name>UniLab</name>
                                            </playingEntity>
                                        </participantRole>
                                    </participant>
                                </procedure>
                            </component>
                            <component>
                                <observation classCode="OBS" moodCode="EVN">
                                    <templateId root="2.16.840.1.113883.10.20.1.31"/>
                                    <templateId root="1.3.6.1.4.1.19376.1.5.3.1.4.13"/>
                                    <templateId root="2.16.840.1.113883.3.88.11.83.15.1"/>
                                    <id root="3af4664d-7215-4f63-b674-c3bb6d5bd439"/>
                                    <code code="#WBC" codeSystemName="L" displayName="WBC"/>
                                    <text>WBC<reference value="#Observation_8d4c7c8384c855e72f52f6"/>
                                    </text>
                                    <statusCode code="completed"/>
                                    <effectiveTime value="201204070945-0800"/>
                                    <value xsi:type="PQ">8.30<reference value="#ObservationValue_3145cb8f5c263391d1e90e"/>
                                    </value>
                                    <referenceRange>
                                        <observationRange>
                                            <value xsi:type="IVL_PQ">
                                                <low value="4.80" unit="THOUSAND"/>
                                                <high value="10.80" unit="THOUSAND"/>
                                            </value>
                                        </observationRange>
                                    </referenceRange>
                                </observation>
                            </component>
                            <component>
                                <observation classCode="OBS" moodCode="EVN">
                                    <templateId root="2.16.840.1.113883.10.20.1.31"/>
                                    <templateId root="1.3.6.1.4.1.19376.1.5.3.1.4.13"/>
                                    <templateId root="2.16.840.1.113883.3.88.11.83.15.1"/>
                                    <id root="08f678fd-566a-430d-87a8-2db4318e1dfa"/>
                                    <code code="#HGB" codeSystemName="L" displayName="HGB"/>
                                    <text>HGB<reference value="#Observation_ec4859b2971f53a508d85d"/>
                                    </text>
                                    <statusCode code="completed"/>
                                    <effectiveTime value="201204070945-0800"/>
                                    <value xsi:type="PQ">14.6<reference value="#ObservationValue_0a459abfa2dc88e7c6ffed"/>
                                    </value>
                                    <referenceRange>
                                        <observationRange>
                                            <value xsi:type="IVL_PQ">
                                                <low value="14.0" unit="G/dl"/>
                                                <high value="18.0" unit="G/dl"/>
                                            </value>
                                        </observationRange>
                                    </referenceRange>
                                </observation>
                            </component>
                            <component>
                                <observation classCode="OBS" moodCode="EVN">
                                    <templateId root="2.16.840.1.113883.10.20.1.31"/>
                                    <templateId root="1.3.6.1.4.1.19376.1.5.3.1.4.13"/>
                                    <templateId root="2.16.840.1.113883.3.88.11.83.15.1"/>
                                    <id root="3f3faca5-48a6-4758-aa58-f9215660031b"/>
                                    <code code="#HCT" codeSystemName="L" displayName="HCT"/>
                                    <text>HCT<reference value="#Observation_8949b7a3df4cad578123ce"/>
                                    </text>
                                    <statusCode code="completed"/>
                                    <effectiveTime value="201204070945-0800"/>
                                    <value xsi:type="PQ">44.3<reference value="#ObservationValue_1448eab474e86223cc6616"/>
                                    </value>
                                    <referenceRange>
                                        <observationRange>
                                            <value xsi:type="IVL_PQ">
                                                <low value="42.0" unit="PERCENT"/>
                                                <high value="54.0" unit="PERCENT"/>
                                            </value>
                                        </observationRange>
                                    </referenceRange>
                                </observation>
                            </component>
                            <component>
                                <observation classCode="OBS" moodCode="EVN">
                                    <templateId root="2.16.840.1.113883.10.20.1.31"/>
                                    <templateId root="1.3.6.1.4.1.19376.1.5.3.1.4.13"/>
                                    <templateId root="2.16.840.1.113883.3.88.11.83.15.1"/>
                                    <id root="cf0f246a-698c-4518-9ce7-361f66eb5259"/>
                                    <code code="#PLT" codeSystemName="L" displayName="PLATELETS"/>
                                    <text>PLATELETS<reference value="#Observation_534e86b838e285923e1633"/>
                                    </text>
                                    <statusCode code="completed"/>
                                    <effectiveTime value="201204070945-0800"/>
                                    <value xsi:type="PQ">135<reference value="#ObservationValue_ef44338954bec48d2a0578"/>
                                    </value>
                                    <interpretationCode code="N" codeSystem="2.16.840.1.113883.5.83" codeSystemName="Observation Interpretation" displayName="Normal"/>
                                    <referenceRange>
                                        <observationRange>
                                            <value xsi:type="IVL_PQ">
                                                <low value="130" unit="THOUSAND"/>
                                                <high value="400" unit="THOUSAND"/>
                                            </value>
                                        </observationRange>
                                    </referenceRange>
                                </observation>
                            </component>
                            <component>
                                <observation classCode="OBS" moodCode="EVN">
                                    <templateId root="2.16.840.1.113883.10.20.1.31"/>
                                    <templateId root="1.3.6.1.4.1.19376.1.5.3.1.4.13"/>
                                    <templateId root="2.16.840.1.113883.3.88.11.83.15.1"/>
                                    <id root="8a107e32-6c1a-4c6e-bc56-c41ec198c1a3"/>
                                    <code code="#RBC" codeSystemName="L" displayName="RBC"/>
                                    <text>RBC<reference value="#Observation_c5491fae51400adc166e5c"/>
                                    </text>
                                    <statusCode code="completed"/>
                                    <effectiveTime value="201204070945-0800"/>
                                    <value xsi:type="PQ">4.79<reference value="#ObservationValue_784c2cb7b70cf39f564f12"/>
                                    </value>
                                    <referenceRange>
                                        <observationRange>
                                            <value xsi:type="IVL_PQ">
                                                <low value="4.70" unit="MILLION"/>
                                                <high value="6.10" unit="MILLION"/>
                                            </value>
                                        </observationRange>
                                    </referenceRange>
                                </observation>
                            </component>
                            <component>
                                <observation classCode="OBS" moodCode="EVN">
                                    <templateId root="2.16.840.1.113883.10.20.1.31"/>
                                    <templateId root="1.3.6.1.4.1.19376.1.5.3.1.4.13"/>
                                    <templateId root="2.16.840.1.113883.3.88.11.83.15.1"/>
                                    <id root="86017870-6360-4a09-b2e9-b584aee532ac"/>
                                    <code code="#MCV" codeSystemName="L" displayName="MCV"/>
                                    <text>MCV<reference value="#Observation_934eab991faeb00312cd4c"/>
                                    </text>
                                    <statusCode code="completed"/>
                                    <effectiveTime value="201204070945-0800"/>
                                    <value xsi:type="PQ">92.4<reference value="#ObservationValue_f842f4af567cb8f7ecfe54"/>
                                    </value>
                                    <referenceRange>
                                        <observationRange>
                                            <value xsi:type="IVL_PQ">
                                                <low value="83.0" unit="fl"/>
                                                <high value="99.0" unit="fl"/>
                                            </value>
                                        </observationRange>
                                    </referenceRange>
                                </observation>
                            </component>
                            <component>
                                <observation classCode="OBS" moodCode="EVN">
                                    <templateId root="2.16.840.1.113883.10.20.1.31"/>
                                    <templateId root="1.3.6.1.4.1.19376.1.5.3.1.4.13"/>
                                    <templateId root="2.16.840.1.113883.3.88.11.83.15.1"/>
                                    <id root="d83cf391-75b4-477a-aca8-29536d4d86f6"/>
                                    <code code="#MCH" codeSystemName="L" displayName="MCH"/>
                                    <text>MCH<reference value="#Observation_1545a590716f0ad3e74ed5"/>
                                    </text>
                                    <statusCode code="completed"/>
                                    <effectiveTime value="201204070945-0800"/>
                                    <value xsi:type="PQ">30.5<reference value="#ObservationValue_254e658cb5408ec82000f7"/>
                                    </value>
                                    <referenceRange>
                                        <observationRange>
                                            <value xsi:type="IVL_PQ">
                                                <low value="27.0" unit="pg"/>
                                                <high value="32.0" unit="pg"/>
                                            </value>
                                        </observationRange>
                                    </referenceRange>
                                </observation>
                            </component>
                            <component>
                                <observation classCode="OBS" moodCode="EVN">
                                    <templateId root="2.16.840.1.113883.10.20.1.31"/>
                                    <templateId root="1.3.6.1.4.1.19376.1.5.3.1.4.13"/>
                                    <templateId root="2.16.840.1.113883.3.88.11.83.15.1"/>
                                    <id root="ab5963bb-6dbe-4a0f-90ac-81f5e5a23541"/>
                                    <code code="#MCHC" codeSystemName="L" displayName="MCHC"/>
                                    <text>MCHC<reference value="#Observation_6c4153ba12e6b7c69e1a09"/>
                                    </text>
                                    <statusCode code="completed"/>
                                    <effectiveTime value="201204070945-0800"/>
                                    <value xsi:type="PQ">33.0<reference value="#ObservationValue_924488b9efffaff9ce0606"/>
                                    </value>
                                    <referenceRange>
                                        <observationRange>
                                            <value xsi:type="IVL_PQ">
                                                <low value="32.0" unit="G/dl"/>
                                                <high value="37.0" unit="G/dl"/>
                                            </value>
                                        </observationRange>
                                    </referenceRange>
                                </observation>
                            </component>
                            <component>
                                <observation classCode="OBS" moodCode="EVN">
                                    <templateId root="2.16.840.1.113883.10.20.1.31"/>
                                    <templateId root="1.3.6.1.4.1.19376.1.5.3.1.4.13"/>
                                    <templateId root="2.16.840.1.113883.3.88.11.83.15.1"/>
                                    <id root="4e29f13c-92c8-4142-847a-c35948d0dd66"/>
                                    <code code="#RDW" codeSystemName="L" displayName="RDW"/>
                                    <text>RDW<reference value="#Observation_99417f8f0b8f8eac1e8f6e"/>
                                    </text>
                                    <statusCode code="completed"/>
                                    <effectiveTime value="201204070945-0800"/>
                                    <value xsi:type="PQ">14<reference value="#ObservationValue_36463793e57327d03a9da4"/>
                                    </value>
                                    <interpretationCode code="N" codeSystem="2.16.840.1.113883.5.83" codeSystemName="Observation Interpretation" displayName="Normal"/>
                                    <referenceRange>
                                        <observationRange>
                                            <value xsi:type="IVL_PQ">
                                                <low value="11.5" unit="PERCENT"/>
                                                <high value="14.5" unit="PERCENT"/>
                                            </value>
                                        </observationRange>
                                    </referenceRange>
                                </observation>
                            </component>
                            <component>
                                <observation classCode="OBS" moodCode="EVN">
                                    <templateId root="2.16.840.1.113883.10.20.1.31"/>
                                    <templateId root="1.3.6.1.4.1.19376.1.5.3.1.4.13"/>
                                    <templateId root="2.16.840.1.113883.3.88.11.83.15.1"/>
                                    <id root="ea58738b-3c53-415f-b16a-30e1db70a2fb"/>
                                    <code code="#NEUT" codeSystemName="L" displayName="NEUT"/>
                                    <text>NEUT<reference value="#Observation_5d42efb372b90b49739802"/>
                                    </text>
                                    <statusCode code="completed"/>
                                    <effectiveTime value="201204070945-0800"/>
                                    <value xsi:type="PQ">69<reference value="#ObservationValue_6146e3a71464cab2d378ae"/>
                                    </value>
                                    <interpretationCode code="N" codeSystem="2.16.840.1.113883.5.83" codeSystemName="Observation Interpretation" displayName="Normal"/>
                                    <referenceRange>
                                        <observationRange>
                                            <value xsi:type="IVL_PQ">
                                                <low value="40.0" unit="PERCENT"/>
                                                <high value="74.0" unit="PERCENT"/>
                                            </value>
                                        </observationRange>
                                    </referenceRange>
                                </observation>
                            </component>
                            <component>
                                <observation classCode="OBS" moodCode="EVN">
                                    <templateId root="2.16.840.1.113883.10.20.1.31"/>
                                    <templateId root="1.3.6.1.4.1.19376.1.5.3.1.4.13"/>
                                    <templateId root="2.16.840.1.113883.3.88.11.83.15.1"/>
                                    <id root="d3dff945-0422-4461-bb98-84523fd3d5b8"/>
                                    <code code="#LYMPH" codeSystemName="L" displayName="LYMPH"/>
                                    <text>LYMPH<reference value="#Observation_b448649e37ece75c60e1e8"/>
                                    </text>
                                    <statusCode code="completed"/>
                                    <effectiveTime value="201204070945-0800"/>
                                    <value xsi:type="PQ">20<reference value="#ObservationValue_594715a0dcca30bce81d32"/>
                                    </value>
                                    <interpretationCode code="N" codeSystem="2.16.840.1.113883.5.83" codeSystemName="Observation Interpretation" displayName="Normal"/>
                                    <referenceRange>
                                        <observationRange>
                                            <value xsi:type="IVL_PQ">
                                                <low value="19.0" unit="PERCENT"/>
                                                <high value="48.0" unit="PERCENT"/>
                                            </value>
                                        </observationRange>
                                    </referenceRange>
                                </observation>
                            </component>
                            <component>
                                <observation classCode="OBS" moodCode="EVN">
                                    <templateId root="2.16.840.1.113883.10.20.1.31"/>
                                    <templateId root="1.3.6.1.4.1.19376.1.5.3.1.4.13"/>
                                    <templateId root="2.16.840.1.113883.3.88.11.83.15.1"/>
                                    <id root="90067d9c-6945-4614-bacb-ae2fd4402809"/>
                                    <code code="#MONO" codeSystemName="L" displayName="MONO"/>
                                    <text>MONO<reference value="#Observation_5d48cf966e5cc77978eb90"/>
                                    </text>
                                    <statusCode code="completed"/>
                                    <effectiveTime value="201204070945-0800"/>
                                    <value xsi:type="PQ">8.5<reference value="#ObservationValue_cf4a238d0d86a301699b74"/>
                                    </value>
                                    <interpretationCode code="N" codeSystem="2.16.840.1.113883.5.83" codeSystemName="Observation Interpretation" displayName="Normal"/>
                                    <referenceRange>
                                        <observationRange>
                                            <value xsi:type="IVL_PQ">
                                                <low value="3.5" unit="PERCENT"/>
                                                <high value="9.0" unit="PERCENT"/>
                                            </value>
                                        </observationRange>
                                    </referenceRange>
                                </observation>
                            </component>
                            <component>
                                <observation classCode="OBS" moodCode="EVN">
                                    <templateId root="2.16.840.1.113883.10.20.1.31"/>
                                    <templateId root="1.3.6.1.4.1.19376.1.5.3.1.4.13"/>
                                    <templateId root="2.16.840.1.113883.3.88.11.83.15.1"/>
                                    <id root="b4129912-9d70-4d85-8992-7f7d85f48446"/>
                                    <code code="#EOS" codeSystemName="L" displayName="EOS"/>
                                    <text>EOS<reference value="#Observation_bd40f79251580a0213d290"/>
                                    </text>
                                    <statusCode code="completed"/>
                                    <effectiveTime value="201204070945-0800"/>
                                    <value xsi:type="PQ">0.6<reference value="#ObservationValue_e04176a8f94d81b4556d52"/>
                                    </value>
                                    <referenceRange>
                                        <observationRange>
                                            <value xsi:type="IVL_PQ">
                                                <low value="0.0" unit="PERCENT"/>
                                                <high value="7.0" unit="PERCENT"/>
                                            </value>
                                        </observationRange>
                                    </referenceRange>
                                </observation>
                            </component>
                            <component>
                                <observation classCode="OBS" moodCode="EVN">
                                    <templateId root="2.16.840.1.113883.10.20.1.31"/>
                                    <templateId root="1.3.6.1.4.1.19376.1.5.3.1.4.13"/>
                                    <templateId root="2.16.840.1.113883.3.88.11.83.15.1"/>
                                    <id root="f086f25e-86e8-4f98-808f-0b65ee19bf93"/>
                                    <code code="#BASO" codeSystemName="L" displayName="BASO"/>
                                    <text>BASO<reference value="#Observation_a34a1aaa935918ae496c5c"/>
                                    </text>
                                    <statusCode code="completed"/>
                                    <effectiveTime value="201204070945-0800"/>
                                    <value xsi:type="PQ">0.8<reference value="#ObservationValue_754d1a8fc502207f3c0aa4"/>
                                    </value>
                                    <referenceRange>
                                        <observationRange>
                                            <value xsi:type="IVL_PQ">
                                                <low value="0.0" unit="PERCENT"/>
                                                <high value="1.5" unit="PERCENT"/>
                                            </value>
                                        </observationRange>
                                    </referenceRange>
                                </observation>
                            </component>
                            <component>
                                <observation classCode="OBS" moodCode="EVN">
                                    <templateId root="2.16.840.1.113883.10.20.1.31"/>
                                    <templateId root="1.3.6.1.4.1.19376.1.5.3.1.4.13"/>
                                    <templateId root="2.16.840.1.113883.3.88.11.83.15.1"/>
                                    <id root="1a63ff1e-1504-42e0-9ecf-9640d87a19e3"/>
                                    <code code="#LUC" codeSystemName="L" displayName="LGE UNST.CELL"/>
                                    <text>LGE UNST.CELL<reference value="#Observation_e5414db559e66cf000feb8"/>
                                    </text>
                                    <statusCode code="completed"/>
                                    <effectiveTime value="201204070945-0800"/>
                                    <value xsi:type="PQ">0.8<reference value="#ObservationValue_d54743823c901189f3c16d"/>
                                    </value>
                                    <referenceRange>
                                        <observationRange>
                                            <value xsi:type="IVL_PQ">
                                                <low value="0.0" unit="PERCENT"/>
                                                <high value="4.0" unit="PERCENT"/>
                                            </value>
                                        </observationRange>
                                    </referenceRange>
                                </observation>
                            </component>
                            <component>
                                <observation classCode="OBS" moodCode="EVN">
                                    <templateId root="2.16.840.1.113883.10.20.1.31"/>
                                    <templateId root="1.3.6.1.4.1.19376.1.5.3.1.4.13"/>
                                    <templateId root="2.16.840.1.113883.3.88.11.83.15.1"/>
                                    <id root="81fac510-9bee-4e0d-9643-d93d2180c6e2"/>
                                    <code code="##NEUT" codeSystemName="L" displayName="NEUT ABS"/>
                                    <text>NEUT ABS<reference value="#Observation_564d268bc7a0739d071ecc"/>
                                    </text>
                                    <statusCode code="completed"/>
                                    <effectiveTime value="201204070945-0800"/>
                                    <value xsi:type="PQ">6.72<reference value="#ObservationValue_b54c758bf41a58a6500076"/>
                                    </value>
                                    <referenceRange>
                                        <observationRange>
                                            <value xsi:type="IVL_PQ">
                                                <low value="1.90" unit="THOUSAND"/>
                                                <high value="8.00" unit="THOUSAND"/>
                                            </value>
                                        </observationRange>
                                    </referenceRange>
                                </observation>
                            </component>
                            <component>
                                <observation classCode="OBS" moodCode="EVN">
                                    <templateId root="2.16.840.1.113883.10.20.1.31"/>
                                    <templateId root="1.3.6.1.4.1.19376.1.5.3.1.4.13"/>
                                    <templateId root="2.16.840.1.113883.3.88.11.83.15.1"/>
                                    <id root="9d1c8cfc-9e21-405d-a0fa-b9a29ec2d25d"/>
                                    <code code="##LYMP" codeSystemName="L" displayName="LYMPH ABS"/>
                                    <text>LYMPH ABS<reference value="#Observation_c64b03baa4856645f97874"/>
                                    </text>
                                    <statusCode code="completed"/>
                                    <effectiveTime value="201204070945-0800"/>
                                    <value xsi:type="PQ">1.3<reference value="#ObservationValue_d747a2b649043a647e091e"/>
                                    </value>
                                    <interpretationCode code="N" codeSystem="2.16.840.1.113883.5.83" codeSystemName="Observation Interpretation" displayName="Normal"/>
                                    <referenceRange>
                                        <observationRange>
                                            <value xsi:type="IVL_PQ">
                                                <low value="0.90" unit="THOUSAND"/>
                                                <high value="5.20" unit="THOUSAND"/>
                                            </value>
                                        </observationRange>
                                    </referenceRange>
                                </observation>
                            </component>
                            <component>
                                <observation classCode="OBS" moodCode="EVN">
                                    <templateId root="2.16.840.1.113883.10.20.1.31"/>
                                    <templateId root="1.3.6.1.4.1.19376.1.5.3.1.4.13"/>
                                    <templateId root="2.16.840.1.113883.3.88.11.83.15.1"/>
                                    <id root="7cdbd574-3472-46e2-b0dc-a89d4c31a507"/>
                                    <code code="##MONO" codeSystemName="L" displayName="MONO ABS"/>
                                    <text>MONO ABS<reference value="#Observation_35481d87a94e0ed4a17538"/>
                                    </text>
                                    <statusCode code="completed"/>
                                    <effectiveTime value="201204070945-0800"/>
                                    <value xsi:type="PQ">0.77<reference value="#ObservationValue_494ae1b0cb837a1b570076"/>
                                    </value>
                                    <referenceRange>
                                        <observationRange>
                                            <value xsi:type="IVL_PQ">
                                                <low value="0.16" unit="THOUSAND"/>
                                                <high value="1.00" unit="THOUSAND"/>
                                            </value>
                                        </observationRange>
                                    </referenceRange>
                                </observation>
                            </component>
                            <component>
                                <observation classCode="OBS" moodCode="EVN">
                                    <templateId root="2.16.840.1.113883.10.20.1.31"/>
                                    <templateId root="1.3.6.1.4.1.19376.1.5.3.1.4.13"/>
                                    <templateId root="2.16.840.1.113883.3.88.11.83.15.1"/>
                                    <id root="a4ca3fd0-c685-4571-86aa-da909c42a35b"/>
                                    <code code="EOS" codeSystemName="L" displayName="EOS ABS"/>
                                    <text>EOS ABS<reference value="#Observation_df4659b873eaf6b8eb1a8f"/>
                                    </text>
                                    <statusCode code="completed"/>
                                    <effectiveTime value="201204070945-0800"/>
                                    <value xsi:type="PQ">0.05<reference value="#ObservationValue_fb4167b96c5b3ba63fb81c"/>
                                    </value>
                                    <referenceRange>
                                        <observationRange>
                                            <value xsi:type="IVL_PQ">
                                                <low value="0.00" unit="THOUSAND"/>
                                                <high value="0.80" unit="THOUSAND"/>
                                            </value>
                                        </observationRange>
                                    </referenceRange>
                                </observation>
                            </component>
                            <component>
                                <observation classCode="OBS" moodCode="EVN">
                                    <templateId root="2.16.840.1.113883.10.20.1.31"/>
                                    <templateId root="1.3.6.1.4.1.19376.1.5.3.1.4.13"/>
                                    <templateId root="2.16.840.1.113883.3.88.11.83.15.1"/>
                                    <id root="a71cc8bf-7559-4a16-b49b-94ee02d235fd"/>
                                    <code code="BASO" codeSystemName="L" displayName="BASO ABS"/>
                                    <text>BASO ABS<reference value="#Observation_e44752b0f510cbda01f9ad"/>
                                    </text>
                                    <statusCode code="completed"/>
                                    <effectiveTime value="201204070945-0800"/>
                                    <value xsi:type="PQ">0.07<reference value="#ObservationValue_c747169b35f58759797b99"/>
                                    </value>
                                    <referenceRange>
                                        <observationRange>
                                            <value xsi:type="IVL_PQ">
                                                <low value="0.00" unit="THOUSAND"/>
                                                <high value="0.20" unit="THOUSAND"/>
                                            </value>
                                        </observationRange>
                                    </referenceRange>
                                </observation>
                            </component>
                            <component>
                                <observation classCode="OBS" moodCode="EVN">
                                    <templateId root="2.16.840.1.113883.10.20.1.31"/>
                                    <templateId root="1.3.6.1.4.1.19376.1.5.3.1.4.13"/>
                                    <templateId root="2.16.840.1.113883.3.88.11.83.15.1"/>
                                    <id root="98afeaf1-45ae-4d50-8ebf-9917cbf46341"/>
                                    <code code="##LUC" codeSystemName="L" displayName="LUC ABS"/>
                                    <text>LUC ABS<reference value="#Observation_e1442d90e10dfb115a08fb"/>
                                    </text>
                                    <statusCode code="completed"/>
                                    <effectiveTime value="201204070945-0800"/>
                                    <value xsi:type="PQ">0.07<reference value="#ObservationValue_d84a81a8b45bfa59b6a063"/>
                                    </value>
                                    <referenceRange>
                                        <observationRange>
                                            <value xsi:type="IVL_PQ">
                                                <low value="0.00" unit="THOUSAND"/>
                                                <high value="0.40" unit="THOUSAND"/>
                                            </value>
                                        </observationRange>
                                    </referenceRange>
                                </observation>
                            </component>
                            <component>
                                <observation classCode="OBS" moodCode="EVN">
                                    <templateId root="2.16.840.1.113883.10.20.1.31"/>
                                    <templateId root="1.3.6.1.4.1.19376.1.5.3.1.4.13"/>
                                    <templateId root="2.16.840.1.113883.3.88.11.83.15.1"/>
                                    <id root="216fe4b9-9087-4623-b6d6-a0e5612c6cb9"/>
                                    <code code="#MNBND" codeSystemName="L" displayName="MAN BAND NEUT"/>
                                    <text>MAN BAND NEUT<reference value="#Observation_0b42c2bdf4bbd385ad4c9d"/>
                                    </text>
                                    <statusCode code="completed"/>
                                    <effectiveTime value="201204070945-0800"/>
                                    <value xsi:type="PQ">7<reference value="#ObservationValue_1b4ed3a0143537345621ab"/>
                                    </value>
                                    <interpretationCode code="N" codeSystem="2.16.840.1.113883.5.83" codeSystemName="Observation Interpretation" displayName="Normal"/>
                                    <referenceRange>
                                        <observationRange>
                                            <value xsi:type="IVL_PQ">
                                                <low value="0" unit="PERCENT"/>
                                                <high value="8" unit="PERCENT"/>
                                            </value>
                                        </observationRange>
                                    </referenceRange>
                                </observation>
                            </component>
                            <component>
                                <observation classCode="OBS" moodCode="EVN">
                                    <templateId root="2.16.840.1.113883.10.20.1.31"/>
                                    <templateId root="1.3.6.1.4.1.19376.1.5.3.1.4.13"/>
                                    <templateId root="2.16.840.1.113883.3.88.11.83.15.1"/>
                                    <id root="07bb8f3f-d9f2-4bea-a695-9bc448686dcf"/>
                                    <code code="#MNSEG" codeSystemName="L" displayName="MAN SEG NEUT"/>
                                    <text>MAN SEG NEUT<reference value="#Observation_c84c7e8618d073230e06f8"/>
                                    </text>
                                    <statusCode code="completed"/>
                                    <effectiveTime value="201204070945-0800"/>
                                    <value xsi:type="PQ">71<reference value="#ObservationValue_2143848015e0301bd26809"/>
                                    </value>
                                    <referenceRange>
                                        <observationRange>
                                            <value xsi:type="IVL_PQ">
                                                <low value="40" unit="PERCENT"/>
                                                <high value="74" unit="PERCENT"/>
                                            </value>
                                        </observationRange>
                                    </referenceRange>
                                </observation>
                            </component>
                            <component>
                                <observation classCode="OBS" moodCode="EVN">
                                    <templateId root="2.16.840.1.113883.10.20.1.31"/>
                                    <templateId root="1.3.6.1.4.1.19376.1.5.3.1.4.13"/>
                                    <templateId root="2.16.840.1.113883.3.88.11.83.15.1"/>
                                    <id root="9ff19573-66b2-4b0a-b75c-ee981d64c3ef"/>
                                    <code code="#MNLYM" codeSystemName="L" displayName="MAN LYMPH"/>
                                    <text>MAN LYMPH<reference value="#Observation_3740c683fb5a57325771ac"/>
                                    </text>
                                    <statusCode code="completed"/>
                                    <effectiveTime value="201204070945-0800"/>
                                    <value xsi:type="PQ">23<reference value="#ObservationValue_c6421a9b4720ff95cb8d44"/>
                                    </value>
                                    <interpretationCode code="N" codeSystem="2.16.840.1.113883.5.83" codeSystemName="Observation Interpretation" displayName="Normal"/>
                                    <referenceRange>
                                        <observationRange>
                                            <value xsi:type="IVL_PQ">
                                                <low value="19" unit="PERCENT"/>
                                                <high value="48" unit="PERCENT"/>
                                            </value>
                                        </observationRange>
                                    </referenceRange>
                                </observation>
                            </component>
                            <component>
                                <observation classCode="OBS" moodCode="EVN">
                                    <templateId root="2.16.840.1.113883.10.20.1.31"/>
                                    <templateId root="1.3.6.1.4.1.19376.1.5.3.1.4.13"/>
                                    <templateId root="2.16.840.1.113883.3.88.11.83.15.1"/>
                                    <id root="b6b17d05-c919-4228-ab9c-c97b6275fcfe"/>
                                    <code code="#MNMNO" codeSystemName="L" displayName="MAN MONO"/>
                                    <text>MAN MONO<reference value="#Observation_7a4537a4727a9e980e09de"/>
                                    </text>
                                    <statusCode code="completed"/>
                                    <effectiveTime value="201204070945-0800"/>
                                    <value xsi:type="PQ">9<reference value="#ObservationValue_6f4561957ae4d70b9f360a"/>
                                    </value>
                                    <referenceRange>
                                        <observationRange>
                                            <value xsi:type="IVL_PQ">
                                                <low value="4" unit="PERCENT"/>
                                                <high value="9" unit="PERCENT"/>
                                            </value>
                                        </observationRange>
                                    </referenceRange>
                                </observation>
                            </component>
                            <component>
                                <observation classCode="OBS" moodCode="EVN">
                                    <templateId root="2.16.840.1.113883.10.20.1.31"/>
                                    <templateId root="1.3.6.1.4.1.19376.1.5.3.1.4.13"/>
                                    <templateId root="2.16.840.1.113883.3.88.11.83.15.1"/>
                                    <id root="9be25bd0-78d2-42e0-8a5e-2c3b60861568"/>
                                    <code code="#MNEOS" codeSystemName="L" displayName="MAN EOS"/>
                                    <text>MAN EOS<reference value="#Observation_ba447e89adff2da60ae614"/>
                                    </text>
                                    <statusCode code="completed"/>
                                    <effectiveTime value="201204070945-0800"/>
                                    <value xsi:type="PQ">3<reference value="#ObservationValue_5b47b3a139b729caafafac"/>
                                    </value>
                                    <referenceRange>
                                        <observationRange>
                                            <value xsi:type="IVL_PQ">
                                                <low value="0" unit="PERCENT"/>
                                                <high value="7" unit="PERCENT"/>
                                            </value>
                                        </observationRange>
                                    </referenceRange>
                                </observation>
                            </component>
                            <component>
                                <observation classCode="OBS" moodCode="EVN">
                                    <templateId root="2.16.840.1.113883.10.20.1.31"/>
                                    <templateId root="1.3.6.1.4.1.19376.1.5.3.1.4.13"/>
                                    <templateId root="2.16.840.1.113883.3.88.11.83.15.1"/>
                                    <id root="bf3e4897-45e2-4898-9e36-8f1015affce5"/>
                                    <code code="#MNBAS" codeSystemName="L" displayName="MAN BASO"/>
                                    <text>MAN BASO<reference value="#Observation_8f4514a3a1c143f5f88bfc"/>
                                    </text>
                                    <statusCode code="completed"/>
                                    <effectiveTime value="201204070945-0800"/>
                                    <value xsi:type="PQ">0<reference value="#ObservationValue_6a46f884682ff5e3547ab8"/>
                                    </value>
                                    <referenceRange>
                                        <observationRange>
                                            <value xsi:type="IVL_PQ">
                                                <low value="0" unit="PERCENT"/>
                                                <high value="2" unit="PERCENT"/>
                                            </value>
                                        </observationRange>
                                    </referenceRange>
                                </observation>
                            </component>
                            <component>
                                <observation classCode="OBS" moodCode="EVN">
                                    <templateId root="2.16.840.1.113883.10.20.1.31"/>
                                    <templateId root="1.3.6.1.4.1.19376.1.5.3.1.4.13"/>
                                    <templateId root="2.16.840.1.113883.3.88.11.83.15.1"/>
                                    <id root="65f99516-7886-4363-8adb-4f1229e825b2"/>
                                    <code code="#MNMET" codeSystemName="L" displayName="MAN METAMYL"/>
                                    <text>MAN METAMYL<reference value="#Observation_8d457e9cc229239195ad05"/>
                                    </text>
                                    <statusCode code="completed"/>
                                    <effectiveTime value="201204070945-0800"/>
                                    <value xsi:type="PQ">0<reference value="#ObservationValue_8e4170bb177764743e61f9"/>
                                    </value>
                                    <referenceRange>
                                        <observationRange>
                                            <value xsi:type="IVL_PQ">
                                                <low value="0" unit="PERCENT"/>
                                                <high value="1" unit="PERCENT"/>
                                            </value>
                                        </observationRange>
                                    </referenceRange>
                                </observation>
                            </component>
                            <component>
                                <observation classCode="OBS" moodCode="EVN">
                                    <templateId root="2.16.840.1.113883.10.20.1.31"/>
                                    <templateId root="1.3.6.1.4.1.19376.1.5.3.1.4.13"/>
                                    <templateId root="2.16.840.1.113883.3.88.11.83.15.1"/>
                                    <id root="b2289c1f-7f40-453e-9971-36ae55511792"/>
                                    <code code="#MNMYL" codeSystemName="L" displayName="MAN MYELOCYTE"/>
                                    <text>MAN MYELOCYTE<reference value="#Observation_d940819da9e5bacdf83ada"/>
                                    </text>
                                    <statusCode code="completed"/>
                                    <effectiveTime value="201204070945-0800"/>
                                    <value xsi:type="PQ">0<reference value="#ObservationValue_9b4cd5b0f74ab6629b8c82"/>
                                    </value>
                                    <referenceRange>
                                        <observationRange>
                                            <value xsi:type="IVL_PQ">
                                                <low value="0" unit="PERCENT"/>
                                                <high value="1" unit="PERCENT"/>
                                            </value>
                                        </observationRange>
                                    </referenceRange>
                                </observation>
                            </component>
                            <component>
                                <observation classCode="OBS" moodCode="EVN">
                                    <templateId root="2.16.840.1.113883.10.20.1.31"/>
                                    <templateId root="1.3.6.1.4.1.19376.1.5.3.1.4.13"/>
                                    <templateId root="2.16.840.1.113883.3.88.11.83.15.1"/>
                                    <id root="b14025e6-a295-4345-893a-431604ec3f54"/>
                                    <code code="#MNPRO" codeSystemName="L" displayName="MAN PROMYELO"/>
                                    <text>MAN PROMYELO<reference value="#Observation_194f42bf6d38c2bdc1285e"/>
                                    </text>
                                    <statusCode code="completed"/>
                                    <effectiveTime value="201204070945-0800"/>
                                    <value xsi:type="PQ">0<reference value="#ObservationValue_164b70a32d03b2caa86f4f"/>
                                    </value>
                                    <referenceRange>
                                        <observationRange>
                                            <value xsi:type="IVL_PQ">
                                                <low value="0" unit="PERCENT"/>
                                                <high value="0" unit="PERCENT"/>
                                            </value>
                                        </observationRange>
                                    </referenceRange>
                                </observation>
                            </component>
                            <component>
                                <observation classCode="OBS" moodCode="EVN">
                                    <templateId root="2.16.840.1.113883.10.20.1.31"/>
                                    <templateId root="1.3.6.1.4.1.19376.1.5.3.1.4.13"/>
                                    <templateId root="2.16.840.1.113883.3.88.11.83.15.1"/>
                                    <id root="ddc86dfb-fd80-43fc-8586-38a4b32b9cbe"/>
                                    <code code="#MNBLS" codeSystemName="L" displayName="MAN BLASTS"/>
                                    <text>MAN BLASTS<reference value="#Observation_4e4c72bd697b023a5b3c01"/>
                                    </text>
                                    <statusCode code="completed"/>
                                    <effectiveTime value="201204070945-0800"/>
                                    <value xsi:type="PQ">0<reference value="#ObservationValue_ff43acaf2b81c90e0c6a0c"/>
                                    </value>
                                    <referenceRange>
                                        <observationRange>
                                            <value xsi:type="IVL_PQ">
                                                <low value="0" unit="PERCENT"/>
                                                <high value="0" unit="PERCENT"/>
                                            </value>
                                        </observationRange>
                                    </referenceRange>
                                </observation>
                            </component>
                            <component>
                                <observation classCode="OBS" moodCode="EVN">
                                    <templateId root="2.16.840.1.113883.10.20.1.31"/>
                                    <templateId root="1.3.6.1.4.1.19376.1.5.3.1.4.13"/>
                                    <templateId root="2.16.840.1.113883.3.88.11.83.15.1"/>
                                    <id root="aeba3dcc-20fd-420b-8a6e-fcdf417a74ad"/>
                                    <code code="#ESPLT" codeSystemName="L" displayName="PLATELET (EST)"/>
                                    <text>PLATELET (EST)<reference value="#Observation_884653a121a07984bf8dba"/>
                                    </text>
                                    <statusCode code="completed"/>
                                    <effectiveTime value="201204070945-0800"/>
                                    <value xsi:type="ED">10-12<reference value="#ObservationValue_8149dbb3baec9c98e31ae4"/>
                                    </value>
                                    <entryRelationship typeCode="SUBJ" inversionInd="true">
                                        <act classCode="ACT" moodCode="EVN">
                                            <templateId root="2.16.840.1.113883.10.20.1.40"/>
                                            <templateId root="2.16.840.1.113883.3.88.11.83.11"/>
                                            <templateId root="1.3.6.1.4.1.19376.1.5.3.1.4.2"/>
                                            <code code="48767-8" codeSystem="2.16.840.1.113883.6.1" codeSystemName="LOINC" displayName="Annotation Comment"/>
                                            <text>PLATELET COUNT CONSISTENT  WITH SLIDE REVIEW ESPLT  EACH PLATELET PER OIL IMMERSION FIELD REPRESENTS APPROXIMATELY        TWENTY THOUSAND PLATELETS PER CUBIC MILLIMETER.<reference value="Comment_2147dd92cd162b1f34fe6e"/>
                                            </text>
                                            <statusCode code="completed"/>
                                        </act>
                                    </entryRelationship>
                                    <referenceRange>
                                        <observationRange>
                                            <value xsi:type="IVL_PQ">
                                                <low value="7" unit="PER_OIF"/>
                                                <high value="20" unit="PER_OIF"/>
                                            </value>
                                        </observationRange>
                                    </referenceRange>
                                </observation>
                            </component>
                        </organizer>
                    </entry>
                    
                    <entry typeCode="DRIV">
                        <organizer classCode="BATTERY" moodCode="EVN">
                            <templateId root="2.16.840.1.113883.10.20.1.32"/>
                            <id root="541bbe20-5806-4d14-9fec-c0f6f3d5e92d"/>
                            <code code="CBC" codeSystemName="L" displayName="CBC">
                                <translation code="LAB"/>
                            </code>
                            <statusCode code="completed"/>
                            <component>
                                <procedure classCode="PROC" moodCode="EVN">
                                    <templateId root="2.16.840.1.113883.10.20.1.29"/>
                                    <templateId root="1.3.6.1.4.1.19376.1.5.3.1.4.19"/>
                                    <templateId root="2.16.840.1.113883.3.88.11.83.17"/>
                                    <id root="7ad5cd2d-aae1-425d-93a9-33e973d5a12d"/>
                                    <code nullFlavor="NI">
                                        <originalText>CBC</originalText>
                                    </code>
                                    <text>CBC</text>
                                    <statusCode code="completed"/>
                                    <effectiveTime>
                                        <low value="201204140945-0800"/>
                                    </effectiveTime>
                                    <priorityCode code="S" codeSystem="2.16.840.1.113883.3.88.12.80.71" codeSystemName="Order Priority" displayName="Stat"/>
                                    <participant typeCode="RESP" contextControlCode="OP">
                                        <participantRole>
                                            <addr nullFlavor="NI"/>
                                            <playingEntity>
                                                <name>
                                                    <given>Unnamed</given>
                                                    <family>User</family>
                                                </name>
                                            </playingEntity>
                                        </participantRole>
                                    </participant>
                                    <participant typeCode="ATND" contextControlCode="OP">
                                        <participantRole>
                                            <addr nullFlavor="NI"/>
                                            <playingEntity>
                                                <name>
                                                    <given>Test</given>
                                                    <family>Userone</family>
                                                </name>
                                            </playingEntity>
                                        </participantRole>
                                    </participant>
                                    <participant typeCode="ADM" contextControlCode="OP">
                                        <participantRole>
                                            <addr nullFlavor="NI"/>
                                            <playingEntity>
                                                <name>
                                                    <given>Test</given>
                                                    <family>Faxuser</family>
                                                </name>
                                            </playingEntity>
                                        </participantRole>
                                    </participant>
                                    <participant typeCode="REF" contextControlCode="OP">
                                        <participantRole>
                                            <addr nullFlavor="NI"/>
                                            <playingEntity>
                                                <name>
                                                    <given>Test</given>
                                                    <family>Faxuser</family>
                                                </name>
                                            </playingEntity>
                                        </participantRole>
                                    </participant>
                                    <participant typeCode="ORG" contextControlCode="OP">
                                        <participantRole>
                                            <addr nullFlavor="NI"/>
                                            <telecom nullFlavor="NI"/>
                                            <playingEntity>
                                                <name>UniLab</name>
                                            </playingEntity>
                                        </participantRole>
                                    </participant>
                                </procedure>
                            </component>
                            <component>
                                <observation classCode="OBS" moodCode="EVN">
                                    <templateId root="2.16.840.1.113883.10.20.1.31"/>
                                    <templateId root="1.3.6.1.4.1.19376.1.5.3.1.4.13"/>
                                    <templateId root="2.16.840.1.113883.3.88.11.83.15.1"/>
                                    <id root="f5d9801c-0321-4687-a68e-89c6c4edab69"/>
                                    <code code="#WBC" codeSystemName="L" displayName="WBC"/>
                                    <text>WBC<reference value="#Observation_9a48c8845fd07601a62b7a"/>
                                    </text>
                                    <statusCode code="completed"/>
                                    <effectiveTime value="201204140945-0800"/>
                                    <value xsi:type="PQ">8.20<reference value="#ObservationValue_5248ada4f6cae671980930"/>
                                    </value>
                                    <referenceRange>
                                        <observationRange>
                                            <value xsi:type="IVL_PQ">
                                                <low value="4.80" unit="THOUSAND"/>
                                                <high value="10.80" unit="THOUSAND"/>
                                            </value>
                                        </observationRange>
                                    </referenceRange>
                                </observation>
                            </component>
                            <component>
                                <observation classCode="OBS" moodCode="EVN">
                                    <templateId root="2.16.840.1.113883.10.20.1.31"/>
                                    <templateId root="1.3.6.1.4.1.19376.1.5.3.1.4.13"/>
                                    <templateId root="2.16.840.1.113883.3.88.11.83.15.1"/>
                                    <id root="e5b22625-f2df-403f-a978-28a00ee1a90c"/>
                                    <code code="#HGB" codeSystemName="L" displayName="HGB"/>
                                    <text>HGB<reference value="#Observation_5244b7a692d333acc0662a"/>
                                    </text>
                                    <statusCode code="completed"/>
                                    <effectiveTime value="201204140945-0800"/>
                                    <value xsi:type="PQ">14.6<reference value="#ObservationValue_e244bbb6d2cc511a619325"/>
                                    </value>
                                    <referenceRange>
                                        <observationRange>
                                            <value xsi:type="IVL_PQ">
                                                <low value="14.0" unit="G/dl"/>
                                                <high value="18.0" unit="G/dl"/>
                                            </value>
                                        </observationRange>
                                    </referenceRange>
                                </observation>
                            </component>
                            <component>
                                <observation classCode="OBS" moodCode="EVN">
                                    <templateId root="2.16.840.1.113883.10.20.1.31"/>
                                    <templateId root="1.3.6.1.4.1.19376.1.5.3.1.4.13"/>
                                    <templateId root="2.16.840.1.113883.3.88.11.83.15.1"/>
                                    <id root="3a3aa3a4-5e5b-4758-867f-e80cabb677f7"/>
                                    <code code="#HCT" codeSystemName="L" displayName="HCT"/>
                                    <text>HCT<reference value="#Observation_704ca6959ac1a90a26081a"/>
                                    </text>
                                    <statusCode code="completed"/>
                                    <effectiveTime value="201204140945-0800"/>
                                    <value xsi:type="PQ">44.3<reference value="#ObservationValue_4742b095615b499f92be06"/>
                                    </value>
                                    <referenceRange>
                                        <observationRange>
                                            <value xsi:type="IVL_PQ">
                                                <low value="42.0" unit="PERCENT"/>
                                                <high value="54.0" unit="PERCENT"/>
                                            </value>
                                        </observationRange>
                                    </referenceRange>
                                </observation>
                            </component>
                            <component>
                                <observation classCode="OBS" moodCode="EVN">
                                    <templateId root="2.16.840.1.113883.10.20.1.31"/>
                                    <templateId root="1.3.6.1.4.1.19376.1.5.3.1.4.13"/>
                                    <templateId root="2.16.840.1.113883.3.88.11.83.15.1"/>
                                    <id root="3a7317ee-6fef-413f-a2a8-e29bc24d9d2a"/>
                                    <code code="#PLT" codeSystemName="L" displayName="PLATELETS"/>
                                    <text>PLATELETS<reference value="#Observation_634eebb4ede9031ca05595"/>
                                    </text>
                                    <statusCode code="completed"/>
                                    <effectiveTime value="201204140945-0800"/>
                                    <value xsi:type="PQ">135<reference value="#ObservationValue_6940ab93e936e2a259887a"/>
                                    </value>
                                    <interpretationCode code="N" codeSystem="2.16.840.1.113883.5.83" codeSystemName="Observation Interpretation" displayName="Normal"/>
                                    <referenceRange>
                                        <observationRange>
                                            <value xsi:type="IVL_PQ">
                                                <low value="130" unit="THOUSAND"/>
                                                <high value="400" unit="THOUSAND"/>
                                            </value>
                                        </observationRange>
                                    </referenceRange>
                                </observation>
                            </component>
                            <component>
                                <observation classCode="OBS" moodCode="EVN">
                                    <templateId root="2.16.840.1.113883.10.20.1.31"/>
                                    <templateId root="1.3.6.1.4.1.19376.1.5.3.1.4.13"/>
                                    <templateId root="2.16.840.1.113883.3.88.11.83.15.1"/>
                                    <id root="e206c135-009e-4253-b44c-d7e0c585f7ea"/>
                                    <code code="#RBC" codeSystemName="L" displayName="RBC"/>
                                    <text>RBC<reference value="#Observation_82419d9445b2e17121a6a4"/>
                                    </text>
                                    <statusCode code="completed"/>
                                    <effectiveTime value="201204140945-0800"/>
                                    <value xsi:type="PQ">4.79<reference value="#ObservationValue_bc4c368eabd7089b260878"/>
                                    </value>
                                    <referenceRange>
                                        <observationRange>
                                            <value xsi:type="IVL_PQ">
                                                <low value="4.70" unit="MILLION"/>
                                                <high value="6.10" unit="MILLION"/>
                                            </value>
                                        </observationRange>
                                    </referenceRange>
                                </observation>
                            </component>
                            <component>
                                <observation classCode="OBS" moodCode="EVN">
                                    <templateId root="2.16.840.1.113883.10.20.1.31"/>
                                    <templateId root="1.3.6.1.4.1.19376.1.5.3.1.4.13"/>
                                    <templateId root="2.16.840.1.113883.3.88.11.83.15.1"/>
                                    <id root="65ac2290-b2cb-4a35-a330-852d8fe50f37"/>
                                    <code code="#MCV" codeSystemName="L" displayName="MCV"/>
                                    <text>MCV<reference value="#Observation_4547b0b6dc93f6d6286003"/>
                                    </text>
                                    <statusCode code="completed"/>
                                    <effectiveTime value="201204140945-0800"/>
                                    <value xsi:type="PQ">92.4<reference value="#ObservationValue_f544459803c88ab167510b"/>
                                    </value>
                                    <referenceRange>
                                        <observationRange>
                                            <value xsi:type="IVL_PQ">
                                                <low value="83.0" unit="fl"/>
                                                <high value="99.0" unit="fl"/>
                                            </value>
                                        </observationRange>
                                    </referenceRange>
                                </observation>
                            </component>
                            <component>
                                <observation classCode="OBS" moodCode="EVN">
                                    <templateId root="2.16.840.1.113883.10.20.1.31"/>
                                    <templateId root="1.3.6.1.4.1.19376.1.5.3.1.4.13"/>
                                    <templateId root="2.16.840.1.113883.3.88.11.83.15.1"/>
                                    <id root="321c851b-2c68-4a83-9ad2-90472353b676"/>
                                    <code code="#MCH" codeSystemName="L" displayName="MCH"/>
                                    <text>MCH<reference value="#Observation_484bcebb5a0a8008e68dca"/>
                                    </text>
                                    <statusCode code="completed"/>
                                    <effectiveTime value="201204140945-0800"/>
                                    <value xsi:type="PQ">30.5<reference value="#ObservationValue_f3499a970073ffd762f431"/>
                                    </value>
                                    <referenceRange>
                                        <observationRange>
                                            <value xsi:type="IVL_PQ">
                                                <low value="27.0" unit="pg"/>
                                                <high value="32.0" unit="pg"/>
                                            </value>
                                        </observationRange>
                                    </referenceRange>
                                </observation>
                            </component>
                            <component>
                                <observation classCode="OBS" moodCode="EVN">
                                    <templateId root="2.16.840.1.113883.10.20.1.31"/>
                                    <templateId root="1.3.6.1.4.1.19376.1.5.3.1.4.13"/>
                                    <templateId root="2.16.840.1.113883.3.88.11.83.15.1"/>
                                    <id root="9d82c56c-ff60-45ae-839f-c25354b0097e"/>
                                    <code code="#MCHC" codeSystemName="L" displayName="MCHC"/>
                                    <text>MCHC<reference value="#Observation_c44d25b1f78404436cc9c9"/>
                                    </text>
                                    <statusCode code="completed"/>
                                    <effectiveTime value="201204140945-0800"/>
                                    <value xsi:type="PQ">33.0<reference value="#ObservationValue_a8474eae7d6cd3b2175409"/>
                                    </value>
                                    <referenceRange>
                                        <observationRange>
                                            <value xsi:type="IVL_PQ">
                                                <low value="32.0" unit="G/dl"/>
                                                <high value="37.0" unit="G/dl"/>
                                            </value>
                                        </observationRange>
                                    </referenceRange>
                                </observation>
                            </component>
                            <component>
                                <observation classCode="OBS" moodCode="EVN">
                                    <templateId root="2.16.840.1.113883.10.20.1.31"/>
                                    <templateId root="1.3.6.1.4.1.19376.1.5.3.1.4.13"/>
                                    <templateId root="2.16.840.1.113883.3.88.11.83.15.1"/>
                                    <id root="1d62cbdb-f432-418c-b9e1-dd1c83d2ce81"/>
                                    <code code="#RDW" codeSystemName="L" displayName="RDW"/>
                                    <text>RDW<reference value="#Observation_394aea942bce6201632166"/>
                                    </text>
                                    <statusCode code="completed"/>
                                    <effectiveTime value="201204140945-0800"/>
                                    <value xsi:type="PQ">14<reference value="#ObservationValue_734df794745844233d9c3a"/>
                                    </value>
                                    <interpretationCode code="N" codeSystem="2.16.840.1.113883.5.83" codeSystemName="Observation Interpretation" displayName="Normal"/>
                                    <referenceRange>
                                        <observationRange>
                                            <value xsi:type="IVL_PQ">
                                                <low value="11.5" unit="PERCENT"/>
                                                <high value="14.5" unit="PERCENT"/>
                                            </value>
                                        </observationRange>
                                    </referenceRange>
                                </observation>
                            </component>
                            <component>
                                <observation classCode="OBS" moodCode="EVN">
                                    <templateId root="2.16.840.1.113883.10.20.1.31"/>
                                    <templateId root="1.3.6.1.4.1.19376.1.5.3.1.4.13"/>
                                    <templateId root="2.16.840.1.113883.3.88.11.83.15.1"/>
                                    <id root="fb58ae0b-e9d4-44e6-b63a-acdfdef319ab"/>
                                    <code code="#NEUT" codeSystemName="L" displayName="NEUT"/>
                                    <text>NEUT<reference value="#Observation_e74a488281cdf224bc069e"/>
                                    </text>
                                    <statusCode code="completed"/>
                                    <effectiveTime value="201204140945-0800"/>
                                    <value xsi:type="PQ">69<reference value="#ObservationValue_e846d4a55ca1df02886685"/>
                                    </value>
                                    <interpretationCode code="N" codeSystem="2.16.840.1.113883.5.83" codeSystemName="Observation Interpretation" displayName="Normal"/>
                                    <referenceRange>
                                        <observationRange>
                                            <value xsi:type="IVL_PQ">
                                                <low value="40.0" unit="PERCENT"/>
                                                <high value="74.0" unit="PERCENT"/>
                                            </value>
                                        </observationRange>
                                    </referenceRange>
                                </observation>
                            </component>
                            <component>
                                <observation classCode="OBS" moodCode="EVN">
                                    <templateId root="2.16.840.1.113883.10.20.1.31"/>
                                    <templateId root="1.3.6.1.4.1.19376.1.5.3.1.4.13"/>
                                    <templateId root="2.16.840.1.113883.3.88.11.83.15.1"/>
                                    <id root="660b1e1b-be76-480e-a333-1aeeb858005f"/>
                                    <code code="#LYMPH" codeSystemName="L" displayName="LYMPH"/>
                                    <text>LYMPH<reference value="#Observation_99456cb3bab570ce36d175"/>
                                    </text>
                                    <statusCode code="completed"/>
                                    <effectiveTime value="201204140945-0800"/>
                                    <value xsi:type="PQ">20<reference value="#ObservationValue_e6410c889b7ed3a8dc4b73"/>
                                    </value>
                                    <interpretationCode code="N" codeSystem="2.16.840.1.113883.5.83" codeSystemName="Observation Interpretation" displayName="Normal"/>
                                    <referenceRange>
                                        <observationRange>
                                            <value xsi:type="IVL_PQ">
                                                <low value="19.0" unit="PERCENT"/>
                                                <high value="48.0" unit="PERCENT"/>
                                            </value>
                                        </observationRange>
                                    </referenceRange>
                                </observation>
                            </component>
                            <component>
                                <observation classCode="OBS" moodCode="EVN">
                                    <templateId root="2.16.840.1.113883.10.20.1.31"/>
                                    <templateId root="1.3.6.1.4.1.19376.1.5.3.1.4.13"/>
                                    <templateId root="2.16.840.1.113883.3.88.11.83.15.1"/>
                                    <id root="b260ff9a-9c20-4791-8587-d18993f2b59a"/>
                                    <code code="#MONO" codeSystemName="L" displayName="MONO"/>
                                    <text>MONO<reference value="#Observation_49451eb435ed17379e115a"/>
                                    </text>
                                    <statusCode code="completed"/>
                                    <effectiveTime value="201204140945-0800"/>
                                    <value xsi:type="PQ">8.5<reference value="#ObservationValue_6e4543a2850fefaca3f263"/>
                                    </value>
                                    <interpretationCode code="N" codeSystem="2.16.840.1.113883.5.83" codeSystemName="Observation Interpretation" displayName="Normal"/>
                                    <referenceRange>
                                        <observationRange>
                                            <value xsi:type="IVL_PQ">
                                                <low value="3.5" unit="PERCENT"/>
                                                <high value="9.0" unit="PERCENT"/>
                                            </value>
                                        </observationRange>
                                    </referenceRange>
                                </observation>
                            </component>
                            <component>
                                <observation classCode="OBS" moodCode="EVN">
                                    <templateId root="2.16.840.1.113883.10.20.1.31"/>
                                    <templateId root="1.3.6.1.4.1.19376.1.5.3.1.4.13"/>
                                    <templateId root="2.16.840.1.113883.3.88.11.83.15.1"/>
                                    <id root="3cfe6c82-0e39-4171-bd69-052f7827bfc2"/>
                                    <code code="#EOS" codeSystemName="L" displayName="EOS"/>
                                    <text>EOS<reference value="#Observation_8c424785f59a6d2e5bfbf6"/>
                                    </text>
                                    <statusCode code="completed"/>
                                    <effectiveTime value="201204140945-0800"/>
                                    <value xsi:type="PQ">0.6<reference value="#ObservationValue_734e92b258d81ecbd2bf9c"/>
                                    </value>
                                    <referenceRange>
                                        <observationRange>
                                            <value xsi:type="IVL_PQ">
                                                <low value="0.0" unit="PERCENT"/>
                                                <high value="7.0" unit="PERCENT"/>
                                            </value>
                                        </observationRange>
                                    </referenceRange>
                                </observation>
                            </component>
                            <component>
                                <observation classCode="OBS" moodCode="EVN">
                                    <templateId root="2.16.840.1.113883.10.20.1.31"/>
                                    <templateId root="1.3.6.1.4.1.19376.1.5.3.1.4.13"/>
                                    <templateId root="2.16.840.1.113883.3.88.11.83.15.1"/>
                                    <id root="53d3a3ba-73a4-46ad-a145-1491cd910141"/>
                                    <code code="#BASO" codeSystemName="L" displayName="BASO"/>
                                    <text>BASO<reference value="#Observation_85441a965052326973eef0"/>
                                    </text>
                                    <statusCode code="completed"/>
                                    <effectiveTime value="201204140945-0800"/>
                                    <value xsi:type="PQ">0.8<reference value="#ObservationValue_63473588349a8d6b76281f"/>
                                    </value>
                                    <referenceRange>
                                        <observationRange>
                                            <value xsi:type="IVL_PQ">
                                                <low value="0.0" unit="PERCENT"/>
                                                <high value="1.5" unit="PERCENT"/>
                                            </value>
                                        </observationRange>
                                    </referenceRange>
                                </observation>
                            </component>
                            <component>
                                <observation classCode="OBS" moodCode="EVN">
                                    <templateId root="2.16.840.1.113883.10.20.1.31"/>
                                    <templateId root="1.3.6.1.4.1.19376.1.5.3.1.4.13"/>
                                    <templateId root="2.16.840.1.113883.3.88.11.83.15.1"/>
                                    <id root="8f37ae17-6cc7-4344-9c0b-78807023199d"/>
                                    <code code="#LUC" codeSystemName="L" displayName="LGE UNST.CELL"/>
                                    <text>LGE UNST.CELL<reference value="#Observation_da4dff84aa950bd4790b9e"/>
                                    </text>
                                    <statusCode code="completed"/>
                                    <effectiveTime value="201204140945-0800"/>
                                    <value xsi:type="PQ">0.8<reference value="#ObservationValue_6a414f9f5c23db3a9b7105"/>
                                    </value>
                                    <referenceRange>
                                        <observationRange>
                                            <value xsi:type="IVL_PQ">
                                                <low value="0.0" unit="PERCENT"/>
                                                <high value="4.0" unit="PERCENT"/>
                                            </value>
                                        </observationRange>
                                    </referenceRange>
                                </observation>
                            </component>
                            <component>
                                <observation classCode="OBS" moodCode="EVN">
                                    <templateId root="2.16.840.1.113883.10.20.1.31"/>
                                    <templateId root="1.3.6.1.4.1.19376.1.5.3.1.4.13"/>
                                    <templateId root="2.16.840.1.113883.3.88.11.83.15.1"/>
                                    <id root="17b15fc9-08ed-48d1-944e-0f993e15f416"/>
                                    <code code="##NEUT" codeSystemName="L" displayName="NEUT ABS"/>
                                    <text>NEUT ABS<reference value="#Observation_d34a249f2890baa671c893"/>
                                    </text>
                                    <statusCode code="completed"/>
                                    <effectiveTime value="201204140945-0800"/>
                                    <value xsi:type="PQ">6.72<reference value="#ObservationValue_874c0d8dc37920bdfbccd3"/>
                                    </value>
                                    <referenceRange>
                                        <observationRange>
                                            <value xsi:type="IVL_PQ">
                                                <low value="1.90" unit="THOUSAND"/>
                                                <high value="8.00" unit="THOUSAND"/>
                                            </value>
                                        </observationRange>
                                    </referenceRange>
                                </observation>
                            </component>
                            <component>
                                <observation classCode="OBS" moodCode="EVN">
                                    <templateId root="2.16.840.1.113883.10.20.1.31"/>
                                    <templateId root="1.3.6.1.4.1.19376.1.5.3.1.4.13"/>
                                    <templateId root="2.16.840.1.113883.3.88.11.83.15.1"/>
                                    <id root="90268b9b-a226-4d98-a464-8752665ca2be"/>
                                    <code code="##LYMP" codeSystemName="L" displayName="LYMPH ABS"/>
                                    <text>LYMPH ABS<reference value="#Observation_4849b087405177d9863278"/>
                                    </text>
                                    <statusCode code="completed"/>
                                    <effectiveTime value="201204140945-0800"/>
                                    <value xsi:type="PQ">1.3<reference value="#ObservationValue_f548b8ae456e9f856b0210"/>
                                    </value>
                                    <interpretationCode code="N" codeSystem="2.16.840.1.113883.5.83" codeSystemName="Observation Interpretation" displayName="Normal"/>
                                    <referenceRange>
                                        <observationRange>
                                            <value xsi:type="IVL_PQ">
                                                <low value="0.90" unit="THOUSAND"/>
                                                <high value="5.20" unit="THOUSAND"/>
                                            </value>
                                        </observationRange>
                                    </referenceRange>
                                </observation>
                            </component>
                            <component>
                                <observation classCode="OBS" moodCode="EVN">
                                    <templateId root="2.16.840.1.113883.10.20.1.31"/>
                                    <templateId root="1.3.6.1.4.1.19376.1.5.3.1.4.13"/>
                                    <templateId root="2.16.840.1.113883.3.88.11.83.15.1"/>
                                    <id root="bca66e3c-53b5-4a99-a3f4-742c9e5cd0b2"/>
                                    <code code="##MONO" codeSystemName="L" displayName="MONO ABS"/>
                                    <text>MONO ABS<reference value="#Observation_044bfdbb68f5e4aff51c02"/>
                                    </text>
                                    <statusCode code="completed"/>
                                    <effectiveTime value="201204140945-0800"/>
                                    <value xsi:type="PQ">0.77<reference value="#ObservationValue_6c474eb74f733eb13423f7"/>
                                    </value>
                                    <referenceRange>
                                        <observationRange>
                                            <value xsi:type="IVL_PQ">
                                                <low value="0.16" unit="THOUSAND"/>
                                                <high value="1.00" unit="THOUSAND"/>
                                            </value>
                                        </observationRange>
                                    </referenceRange>
                                </observation>
                            </component>
                            <component>
                                <observation classCode="OBS" moodCode="EVN">
                                    <templateId root="2.16.840.1.113883.10.20.1.31"/>
                                    <templateId root="1.3.6.1.4.1.19376.1.5.3.1.4.13"/>
                                    <templateId root="2.16.840.1.113883.3.88.11.83.15.1"/>
                                    <id root="ace5012f-1c8f-47a9-9692-3467dfe0f7ae"/>
                                    <code code="EOS" codeSystemName="L" displayName="EOS ABS"/>
                                    <text>EOS ABS<reference value="#Observation_5b41809a7608acf255c127"/>
                                    </text>
                                    <statusCode code="completed"/>
                                    <effectiveTime value="201204140945-0800"/>
                                    <value xsi:type="PQ">0.05<reference value="#ObservationValue_894c7baa38b15bc638d515"/>
                                    </value>
                                    <referenceRange>
                                        <observationRange>
                                            <value xsi:type="IVL_PQ">
                                                <low value="0.00" unit="THOUSAND"/>
                                                <high value="0.80" unit="THOUSAND"/>
                                            </value>
                                        </observationRange>
                                    </referenceRange>
                                </observation>
                            </component>
                            <component>
                                <observation classCode="OBS" moodCode="EVN">
                                    <templateId root="2.16.840.1.113883.10.20.1.31"/>
                                    <templateId root="1.3.6.1.4.1.19376.1.5.3.1.4.13"/>
                                    <templateId root="2.16.840.1.113883.3.88.11.83.15.1"/>
                                    <id root="8ec826cb-3f76-42f3-a90d-f2a18e78e027"/>
                                    <code code="BASO" codeSystemName="L" displayName="BASO ABS"/>
                                    <text>BASO ABS<reference value="#Observation_7d4c6786e717e8efbbe4fa"/>
                                    </text>
                                    <statusCode code="completed"/>
                                    <effectiveTime value="201204140945-0800"/>
                                    <value xsi:type="PQ">0.07<reference value="#ObservationValue_3f4e9e9f5f927937cc9fc6"/>
                                    </value>
                                    <referenceRange>
                                        <observationRange>
                                            <value xsi:type="IVL_PQ">
                                                <low value="0.00" unit="THOUSAND"/>
                                                <high value="0.20" unit="THOUSAND"/>
                                            </value>
                                        </observationRange>
                                    </referenceRange>
                                </observation>
                            </component>
                            <component>
                                <observation classCode="OBS" moodCode="EVN">
                                    <templateId root="2.16.840.1.113883.10.20.1.31"/>
                                    <templateId root="1.3.6.1.4.1.19376.1.5.3.1.4.13"/>
                                    <templateId root="2.16.840.1.113883.3.88.11.83.15.1"/>
                                    <id root="ff2ad8a7-a1f5-45cf-91ac-560601b96f9b"/>
                                    <code code="##LUC" codeSystemName="L" displayName="LUC ABS"/>
                                    <text>LUC ABS<reference value="#Observation_16437f8f48d1afee31a83c"/>
                                    </text>
                                    <statusCode code="completed"/>
                                    <effectiveTime value="201204140945-0800"/>
                                    <value xsi:type="PQ">0.07<reference value="#ObservationValue_6c49b9a356481592990e0d"/>
                                    </value>
                                    <referenceRange>
                                        <observationRange>
                                            <value xsi:type="IVL_PQ">
                                                <low value="0.00" unit="THOUSAND"/>
                                                <high value="0.40" unit="THOUSAND"/>
                                            </value>
                                        </observationRange>
                                    </referenceRange>
                                </observation>
                            </component>
                            <component>
                                <observation classCode="OBS" moodCode="EVN">
                                    <templateId root="2.16.840.1.113883.10.20.1.31"/>
                                    <templateId root="1.3.6.1.4.1.19376.1.5.3.1.4.13"/>
                                    <templateId root="2.16.840.1.113883.3.88.11.83.15.1"/>
                                    <id root="de52bdb2-44e9-41e5-9344-4ed24669ac8b"/>
                                    <code code="#MNBND" codeSystemName="L" displayName="MAN BAND NEUT"/>
                                    <text>MAN BAND NEUT<reference value="#Observation_1446cb933e1885df326837"/>
                                    </text>
                                    <statusCode code="completed"/>
                                    <effectiveTime value="201204140945-0800"/>
                                    <value xsi:type="PQ">7<reference value="#ObservationValue_454fedba80f8c2425ba79a"/>
                                    </value>
                                    <interpretationCode code="N" codeSystem="2.16.840.1.113883.5.83" codeSystemName="Observation Interpretation" displayName="Normal"/>
                                    <referenceRange>
                                        <observationRange>
                                            <value xsi:type="IVL_PQ">
                                                <low value="0" unit="PERCENT"/>
                                                <high value="8" unit="PERCENT"/>
                                            </value>
                                        </observationRange>
                                    </referenceRange>
                                </observation>
                            </component>
                            <component>
                                <observation classCode="OBS" moodCode="EVN">
                                    <templateId root="2.16.840.1.113883.10.20.1.31"/>
                                    <templateId root="1.3.6.1.4.1.19376.1.5.3.1.4.13"/>
                                    <templateId root="2.16.840.1.113883.3.88.11.83.15.1"/>
                                    <id root="0a050297-0a2b-4ada-af49-c5f502718216"/>
                                    <code code="#MNSEG" codeSystemName="L" displayName="MAN SEG NEUT"/>
                                    <text>MAN SEG NEUT<reference value="#Observation_d24d838d9d2a3d8484a8d2"/>
                                    </text>
                                    <statusCode code="completed"/>
                                    <effectiveTime value="201204140945-0800"/>
                                    <value xsi:type="PQ">71<reference value="#ObservationValue_f34e89a4853f2c2bef644a"/>
                                    </value>
                                    <referenceRange>
                                        <observationRange>
                                            <value xsi:type="IVL_PQ">
                                                <low value="40" unit="PERCENT"/>
                                                <high value="74" unit="PERCENT"/>
                                            </value>
                                        </observationRange>
                                    </referenceRange>
                                </observation>
                            </component>
                            <component>
                                <observation classCode="OBS" moodCode="EVN">
                                    <templateId root="2.16.840.1.113883.10.20.1.31"/>
                                    <templateId root="1.3.6.1.4.1.19376.1.5.3.1.4.13"/>
                                    <templateId root="2.16.840.1.113883.3.88.11.83.15.1"/>
                                    <id root="9e83c6ed-cd3b-47d0-86ec-43a087b0c6b7"/>
                                    <code code="#MNLYM" codeSystemName="L" displayName="MAN LYMPH"/>
                                    <text>MAN LYMPH<reference value="#Observation_304eb0933f247a5eaa6055"/>
                                    </text>
                                    <statusCode code="completed"/>
                                    <effectiveTime value="201204140945-0800"/>
                                    <value xsi:type="PQ">23<reference value="#ObservationValue_d1426a97c54969422bf54f"/>
                                    </value>
                                    <interpretationCode code="N" codeSystem="2.16.840.1.113883.5.83" codeSystemName="Observation Interpretation" displayName="Normal"/>
                                    <referenceRange>
                                        <observationRange>
                                            <value xsi:type="IVL_PQ">
                                                <low value="19" unit="PERCENT"/>
                                                <high value="48" unit="PERCENT"/>
                                            </value>
                                        </observationRange>
                                    </referenceRange>
                                </observation>
                            </component>
                            <component>
                                <observation classCode="OBS" moodCode="EVN">
                                    <templateId root="2.16.840.1.113883.10.20.1.31"/>
                                    <templateId root="1.3.6.1.4.1.19376.1.5.3.1.4.13"/>
                                    <templateId root="2.16.840.1.113883.3.88.11.83.15.1"/>
                                    <id root="b082a8c0-26df-488e-a838-e05fc587e561"/>
                                    <code code="#MNMNO" codeSystemName="L" displayName="MAN MONO"/>
                                    <text>MAN MONO<reference value="#Observation_8b46cdb9327026abef2f83"/>
                                    </text>
                                    <statusCode code="completed"/>
                                    <effectiveTime value="201204140945-0800"/>
                                    <value xsi:type="PQ">9<reference value="#ObservationValue_524584b0731dae72d569e5"/>
                                    </value>
                                    <referenceRange>
                                        <observationRange>
                                            <value xsi:type="IVL_PQ">
                                                <low value="4" unit="PERCENT"/>
                                                <high value="9" unit="PERCENT"/>
                                            </value>
                                        </observationRange>
                                    </referenceRange>
                                </observation>
                            </component>
                            <component>
                                <observation classCode="OBS" moodCode="EVN">
                                    <templateId root="2.16.840.1.113883.10.20.1.31"/>
                                    <templateId root="1.3.6.1.4.1.19376.1.5.3.1.4.13"/>
                                    <templateId root="2.16.840.1.113883.3.88.11.83.15.1"/>
                                    <id root="af2b2fa1-041d-411f-844c-0f44be93f478"/>
                                    <code code="#MNEOS" codeSystemName="L" displayName="MAN EOS"/>
                                    <text>MAN EOS<reference value="#Observation_b148198315fc9a2be9f70e"/>
                                    </text>
                                    <statusCode code="completed"/>
                                    <effectiveTime value="201204140945-0800"/>
                                    <value xsi:type="PQ">3<reference value="#ObservationValue_f749239761fc7ecf9fbaf1"/>
                                    </value>
                                    <referenceRange>
                                        <observationRange>
                                            <value xsi:type="IVL_PQ">
                                                <low value="0" unit="PERCENT"/>
                                                <high value="7" unit="PERCENT"/>
                                            </value>
                                        </observationRange>
                                    </referenceRange>
                                </observation>
                            </component>
                            <component>
                                <observation classCode="OBS" moodCode="EVN">
                                    <templateId root="2.16.840.1.113883.10.20.1.31"/>
                                    <templateId root="1.3.6.1.4.1.19376.1.5.3.1.4.13"/>
                                    <templateId root="2.16.840.1.113883.3.88.11.83.15.1"/>
                                    <id root="67828049-e638-43de-961b-bf31f1269df6"/>
                                    <code code="#MNBAS" codeSystemName="L" displayName="MAN BASO"/>
                                    <text>MAN BASO<reference value="#Observation_394c85837c7427860dd088"/>
                                    </text>
                                    <statusCode code="completed"/>
                                    <effectiveTime value="201204140945-0800"/>
                                    <value xsi:type="PQ">0<reference value="#ObservationValue_7a4cde8c02d5045bec2f70"/>
                                    </value>
                                    <referenceRange>
                                        <observationRange>
                                            <value xsi:type="IVL_PQ">
                                                <low value="0" unit="PERCENT"/>
                                                <high value="2" unit="PERCENT"/>
                                            </value>
                                        </observationRange>
                                    </referenceRange>
                                </observation>
                            </component>
                            <component>
                                <observation classCode="OBS" moodCode="EVN">
                                    <templateId root="2.16.840.1.113883.10.20.1.31"/>
                                    <templateId root="1.3.6.1.4.1.19376.1.5.3.1.4.13"/>
                                    <templateId root="2.16.840.1.113883.3.88.11.83.15.1"/>
                                    <id root="3c8d9516-b64f-4fee-897d-b2e470f163eb"/>
                                    <code code="#MNMET" codeSystemName="L" displayName="MAN METAMYL"/>
                                    <text>MAN METAMYL<reference value="#Observation_b04221bffb5fdb3287c3b4"/>
                                    </text>
                                    <statusCode code="completed"/>
                                    <effectiveTime value="201204140945-0800"/>
                                    <value xsi:type="PQ">0<reference value="#ObservationValue_fc4db48dddcae5c1808b1e"/>
                                    </value>
                                    <referenceRange>
                                        <observationRange>
                                            <value xsi:type="IVL_PQ">
                                                <low value="0" unit="PERCENT"/>
                                                <high value="1" unit="PERCENT"/>
                                            </value>
                                        </observationRange>
                                    </referenceRange>
                                </observation>
                            </component>
                            <component>
                                <observation classCode="OBS" moodCode="EVN">
                                    <templateId root="2.16.840.1.113883.10.20.1.31"/>
                                    <templateId root="1.3.6.1.4.1.19376.1.5.3.1.4.13"/>
                                    <templateId root="2.16.840.1.113883.3.88.11.83.15.1"/>
                                    <id root="fed2ee21-d5af-4f52-931f-42d293441c4d"/>
                                    <code code="#MNMYL" codeSystemName="L" displayName="MAN MYELOCYTE"/>
                                    <text>MAN MYELOCYTE<reference value="#Observation_a940e88da8b12a0b535ab5"/>
                                    </text>
                                    <statusCode code="completed"/>
                                    <effectiveTime value="201204140945-0800"/>
                                    <value xsi:type="PQ">0<reference value="#ObservationValue_cf45a188bbac328e2c85a2"/>
                                    </value>
                                    <referenceRange>
                                        <observationRange>
                                            <value xsi:type="IVL_PQ">
                                                <low value="0" unit="PERCENT"/>
                                                <high value="1" unit="PERCENT"/>
                                            </value>
                                        </observationRange>
                                    </referenceRange>
                                </observation>
                            </component>
                            <component>
                                <observation classCode="OBS" moodCode="EVN">
                                    <templateId root="2.16.840.1.113883.10.20.1.31"/>
                                    <templateId root="1.3.6.1.4.1.19376.1.5.3.1.4.13"/>
                                    <templateId root="2.16.840.1.113883.3.88.11.83.15.1"/>
                                    <id root="9d96f3ca-9fed-45d1-9d12-dfee4681a4e6"/>
                                    <code code="#MNPRO" codeSystemName="L" displayName="MAN PROMYELO"/>
                                    <text>MAN PROMYELO<reference value="#Observation_184ec491c1fd90c52e1528"/>
                                    </text>
                                    <statusCode code="completed"/>
                                    <effectiveTime value="201204140945-0800"/>
                                    <value xsi:type="PQ">0<reference value="#ObservationValue_c441a09fea8b1e9ab208c1"/>
                                    </value>
                                    <referenceRange>
                                        <observationRange>
                                            <value xsi:type="IVL_PQ">
                                                <low value="0" unit="PERCENT"/>
                                                <high value="0" unit="PERCENT"/>
                                            </value>
                                        </observationRange>
                                    </referenceRange>
                                </observation>
                            </component>
                            <component>
                                <observation classCode="OBS" moodCode="EVN">
                                    <templateId root="2.16.840.1.113883.10.20.1.31"/>
                                    <templateId root="1.3.6.1.4.1.19376.1.5.3.1.4.13"/>
                                    <templateId root="2.16.840.1.113883.3.88.11.83.15.1"/>
                                    <id root="9af9be5c-6f05-4a87-95d1-d0bd1c2a1410"/>
                                    <code code="#MNBLS" codeSystemName="L" displayName="MAN BLASTS"/>
                                    <text>MAN BLASTS<reference value="#Observation_96435f86d626923a20e04c"/>
                                    </text>
                                    <statusCode code="completed"/>
                                    <effectiveTime value="201204140945-0800"/>
                                    <value xsi:type="PQ">0<reference value="#ObservationValue_75442cbae2061c1fb7ab61"/>
                                    </value>
                                    <referenceRange>
                                        <observationRange>
                                            <value xsi:type="IVL_PQ">
                                                <low value="0" unit="PERCENT"/>
                                                <high value="0" unit="PERCENT"/>
                                            </value>
                                        </observationRange>
                                    </referenceRange>
                                </observation>
                            </component>
                            <component>
                                <observation classCode="OBS" moodCode="EVN">
                                    <templateId root="2.16.840.1.113883.10.20.1.31"/>
                                    <templateId root="1.3.6.1.4.1.19376.1.5.3.1.4.13"/>
                                    <templateId root="2.16.840.1.113883.3.88.11.83.15.1"/>
                                    <id root="611d1633-72c5-4daa-b4d2-ea9fa3399e88"/>
                                    <code code="#ESPLT" codeSystemName="L" displayName="PLATELET (EST)"/>
                                    <text>PLATELET (EST)<reference value="#Observation_814574bdc1ae9d77d4ab88"/>
                                    </text>
                                    <statusCode code="completed"/>
                                    <effectiveTime value="201204140945-0800"/>
                                    <value xsi:type="ED">10-12<reference value="#ObservationValue_c643e4922885287d05e951"/>
                                    </value>
                                    <entryRelationship typeCode="SUBJ" inversionInd="true">
                                        <act classCode="ACT" moodCode="EVN">
                                            <templateId root="2.16.840.1.113883.10.20.1.40"/>
                                            <templateId root="2.16.840.1.113883.3.88.11.83.11"/>
                                            <templateId root="1.3.6.1.4.1.19376.1.5.3.1.4.2"/>
                                            <code code="48767-8" codeSystem="2.16.840.1.113883.6.1" codeSystemName="LOINC" displayName="Annotation Comment"/>
                                            <text>PLATELET COUNT CONSISTENT  WITH SLIDE REVIEW ESPLT  EACH PLATELET PER OIL IMMERSION FIELD REPRESENTS APPROXIMATELY        TWENTY THOUSAND PLATELETS PER CUBIC MILLIMETER.<reference value="Comment_bb4d40b0ffa021d3815e1b"/>
                                            </text>
                                            <statusCode code="completed"/>
                                        </act>
                                    </entryRelationship>
                                    <referenceRange>
                                        <observationRange>
                                            <value xsi:type="IVL_PQ">
                                                <low value="7" unit="PER_OIF"/>
                                                <high value="20" unit="PER_OIF"/>
                                            </value>
                                        </observationRange>
                                    </referenceRange>
                                </observation>
                            </component>
                        </organizer>
                    </entry>
                    <entry typeCode="DRIV">
                        <organizer classCode="BATTERY" moodCode="EVN">
                            <templateId root="2.16.840.1.113883.10.20.1.32"/>
                            <id root="541bbe20-5806-4d14-9fec-c0f6f3d5e92d"/>
                            <code code="CBC" codeSystemName="L" displayName="CBC">
                                <translation code="LAB"/>
                            </code>
                            <statusCode code="completed"/>
                            <component>
                                <procedure classCode="PROC" moodCode="EVN">
                                    <templateId root="2.16.840.1.113883.10.20.1.29"/>
                                    <templateId root="1.3.6.1.4.1.19376.1.5.3.1.4.19"/>
                                    <templateId root="2.16.840.1.113883.3.88.11.83.17"/>
                                    <id root="7ad5cd2d-aae1-425d-93a9-33e973d5a12d"/>
                                    <code nullFlavor="NI">
                                        <originalText>CBC</originalText>
                                    </code>
                                    <text>CBC</text>
                                    <statusCode code="completed"/>
                                    <effectiveTime>
                                        <low value="201204210945-0800"/>
                                    </effectiveTime>
                                    <priorityCode code="S" codeSystem="2.16.840.1.113883.3.88.12.80.71" codeSystemName="Order Priority" displayName="Stat"/>
                                    <participant typeCode="RESP" contextControlCode="OP">
                                        <participantRole>
                                            <addr nullFlavor="NI"/>
                                            <playingEntity>
                                                <name>
                                                    <given>Unnamed</given>
                                                    <family>User</family>
                                                </name>
                                            </playingEntity>
                                        </participantRole>
                                    </participant>
                                    <participant typeCode="ATND" contextControlCode="OP">
                                        <participantRole>
                                            <addr nullFlavor="NI"/>
                                            <playingEntity>
                                                <name>
                                                    <given>Test</given>
                                                    <family>Userone</family>
                                                </name>
                                            </playingEntity>
                                        </participantRole>
                                    </participant>
                                    <participant typeCode="ADM" contextControlCode="OP">
                                        <participantRole>
                                            <addr nullFlavor="NI"/>
                                            <playingEntity>
                                                <name>
                                                    <given>Test</given>
                                                    <family>Faxuser</family>
                                                </name>
                                            </playingEntity>
                                        </participantRole>
                                    </participant>
                                    <participant typeCode="REF" contextControlCode="OP">
                                        <participantRole>
                                            <addr nullFlavor="NI"/>
                                            <playingEntity>
                                                <name>
                                                    <given>Test</given>
                                                    <family>Faxuser</family>
                                                </name>
                                            </playingEntity>
                                        </participantRole>
                                    </participant>
                                    <participant typeCode="ORG" contextControlCode="OP">
                                        <participantRole>
                                            <addr nullFlavor="NI"/>
                                            <telecom nullFlavor="NI"/>
                                            <playingEntity>
                                                <name>UniLab</name>
                                            </playingEntity>
                                        </participantRole>
                                    </participant>
                                </procedure>
                            </component>
                            <component>
                                <observation classCode="OBS" moodCode="EVN">
                                    <templateId root="2.16.840.1.113883.10.20.1.31"/>
                                    <templateId root="1.3.6.1.4.1.19376.1.5.3.1.4.13"/>
                                    <templateId root="2.16.840.1.113883.3.88.11.83.15.1"/>
                                    <id root="f5d9801c-0321-4687-a68e-89c6c4edab69"/>
                                    <code code="#WBC" codeSystemName="L" displayName="WBC"/>
                                    <text>WBC<reference value="#Observation_9a48c8845fd07601a62b7a"/>
                                    </text>
                                    <statusCode code="completed"/>
                                    <effectiveTime value="201204210945-0800"/>
                                    <value xsi:type="PQ">8.10<reference value="#ObservationValue_5248ada4f6cae671980930"/>
                                    </value>
                                    <referenceRange>
                                        <observationRange>
                                            <value xsi:type="IVL_PQ">
                                                <low value="4.80" unit="THOUSAND"/>
                                                <high value="10.80" unit="THOUSAND"/>
                                            </value>
                                        </observationRange>
                                    </referenceRange>
                                </observation>
                            </component>
                            <component>
                                <observation classCode="OBS" moodCode="EVN">
                                    <templateId root="2.16.840.1.113883.10.20.1.31"/>
                                    <templateId root="1.3.6.1.4.1.19376.1.5.3.1.4.13"/>
                                    <templateId root="2.16.840.1.113883.3.88.11.83.15.1"/>
                                    <id root="e5b22625-f2df-403f-a978-28a00ee1a90c"/>
                                    <code code="#HGB" codeSystemName="L" displayName="HGB"/>
                                    <text>HGB<reference value="#Observation_5244b7a692d333acc0662a"/>
                                    </text>
                                    <statusCode code="completed"/>
                                    <effectiveTime value="201204210945-0800"/>
                                    <value xsi:type="PQ">14.6<reference value="#ObservationValue_e244bbb6d2cc511a619325"/>
                                    </value>
                                    <referenceRange>
                                        <observationRange>
                                            <value xsi:type="IVL_PQ">
                                                <low value="14.0" unit="G/dl"/>
                                                <high value="18.0" unit="G/dl"/>
                                            </value>
                                        </observationRange>
                                    </referenceRange>
                                </observation>
                            </component>
                            <component>
                                <observation classCode="OBS" moodCode="EVN">
                                    <templateId root="2.16.840.1.113883.10.20.1.31"/>
                                    <templateId root="1.3.6.1.4.1.19376.1.5.3.1.4.13"/>
                                    <templateId root="2.16.840.1.113883.3.88.11.83.15.1"/>
                                    <id root="3a3aa3a4-5e5b-4758-867f-e80cabb677f7"/>
                                    <code code="#HCT" codeSystemName="L" displayName="HCT"/>
                                    <text>HCT<reference value="#Observation_704ca6959ac1a90a26081a"/>
                                    </text>
                                    <statusCode code="completed"/>
                                    <effectiveTime value="201204210945-0800"/>
                                    <value xsi:type="PQ">44.3<reference value="#ObservationValue_4742b095615b499f92be06"/>
                                    </value>
                                    <referenceRange>
                                        <observationRange>
                                            <value xsi:type="IVL_PQ">
                                                <low value="42.0" unit="PERCENT"/>
                                                <high value="54.0" unit="PERCENT"/>
                                            </value>
                                        </observationRange>
                                    </referenceRange>
                                </observation>
                            </component>
                            <component>
                                <observation classCode="OBS" moodCode="EVN">
                                    <templateId root="2.16.840.1.113883.10.20.1.31"/>
                                    <templateId root="1.3.6.1.4.1.19376.1.5.3.1.4.13"/>
                                    <templateId root="2.16.840.1.113883.3.88.11.83.15.1"/>
                                    <id root="3a7317ee-6fef-413f-a2a8-e29bc24d9d2a"/>
                                    <code code="#PLT" codeSystemName="L" displayName="PLATELETS"/>
                                    <text>PLATELETS<reference value="#Observation_634eebb4ede9031ca05595"/>
                                    </text>
                                    <statusCode code="completed"/>
                                    <effectiveTime value="201204210945-0800"/>
                                    <value xsi:type="PQ">135<reference value="#ObservationValue_6940ab93e936e2a259887a"/>
                                    </value>
                                    <interpretationCode code="N" codeSystem="2.16.840.1.113883.5.83" codeSystemName="Observation Interpretation" displayName="Normal"/>
                                    <referenceRange>
                                        <observationRange>
                                            <value xsi:type="IVL_PQ">
                                                <low value="130" unit="THOUSAND"/>
                                                <high value="400" unit="THOUSAND"/>
                                            </value>
                                        </observationRange>
                                    </referenceRange>
                                </observation>
                            </component>
                            <component>
                                <observation classCode="OBS" moodCode="EVN">
                                    <templateId root="2.16.840.1.113883.10.20.1.31"/>
                                    <templateId root="1.3.6.1.4.1.19376.1.5.3.1.4.13"/>
                                    <templateId root="2.16.840.1.113883.3.88.11.83.15.1"/>
                                    <id root="e206c135-009e-4253-b44c-d7e0c585f7ea"/>
                                    <code code="#RBC" codeSystemName="L" displayName="RBC"/>
                                    <text>RBC<reference value="#Observation_82419d9445b2e17121a6a4"/>
                                    </text>
                                    <statusCode code="completed"/>
                                    <effectiveTime value="201204210945-0800"/>
                                    <value xsi:type="PQ">4.79<reference value="#ObservationValue_bc4c368eabd7089b260878"/>
                                    </value>
                                    <referenceRange>
                                        <observationRange>
                                            <value xsi:type="IVL_PQ">
                                                <low value="4.70" unit="MILLION"/>
                                                <high value="6.10" unit="MILLION"/>
                                            </value>
                                        </observationRange>
                                    </referenceRange>
                                </observation>
                            </component>
                            <component>
                                <observation classCode="OBS" moodCode="EVN">
                                    <templateId root="2.16.840.1.113883.10.20.1.31"/>
                                    <templateId root="1.3.6.1.4.1.19376.1.5.3.1.4.13"/>
                                    <templateId root="2.16.840.1.113883.3.88.11.83.15.1"/>
                                    <id root="65ac2290-b2cb-4a35-a330-852d8fe50f37"/>
                                    <code code="#MCV" codeSystemName="L" displayName="MCV"/>
                                    <text>MCV<reference value="#Observation_4547b0b6dc93f6d6286003"/>
                                    </text>
                                    <statusCode code="completed"/>
                                    <effectiveTime value="201204210945-0800"/>
                                    <value xsi:type="PQ">92.4<reference value="#ObservationValue_f544459803c88ab167510b"/>
                                    </value>
                                    <referenceRange>
                                        <observationRange>
                                            <value xsi:type="IVL_PQ">
                                                <low value="83.0" unit="fl"/>
                                                <high value="99.0" unit="fl"/>
                                            </value>
                                        </observationRange>
                                    </referenceRange>
                                </observation>
                            </component>
                            <component>
                                <observation classCode="OBS" moodCode="EVN">
                                    <templateId root="2.16.840.1.113883.10.20.1.31"/>
                                    <templateId root="1.3.6.1.4.1.19376.1.5.3.1.4.13"/>
                                    <templateId root="2.16.840.1.113883.3.88.11.83.15.1"/>
                                    <id root="321c851b-2c68-4a83-9ad2-90472353b676"/>
                                    <code code="#MCH" codeSystemName="L" displayName="MCH"/>
                                    <text>MCH<reference value="#Observation_484bcebb5a0a8008e68dca"/>
                                    </text>
                                    <statusCode code="completed"/>
                                    <effectiveTime value="201204210945-0800"/>
                                    <value xsi:type="PQ">30.5<reference value="#ObservationValue_f3499a970073ffd762f431"/>
                                    </value>
                                    <referenceRange>
                                        <observationRange>
                                            <value xsi:type="IVL_PQ">
                                                <low value="27.0" unit="pg"/>
                                                <high value="32.0" unit="pg"/>
                                            </value>
                                        </observationRange>
                                    </referenceRange>
                                </observation>
                            </component>
                            <component>
                                <observation classCode="OBS" moodCode="EVN">
                                    <templateId root="2.16.840.1.113883.10.20.1.31"/>
                                    <templateId root="1.3.6.1.4.1.19376.1.5.3.1.4.13"/>
                                    <templateId root="2.16.840.1.113883.3.88.11.83.15.1"/>
                                    <id root="9d82c56c-ff60-45ae-839f-c25354b0097e"/>
                                    <code code="#MCHC" codeSystemName="L" displayName="MCHC"/>
                                    <text>MCHC<reference value="#Observation_c44d25b1f78404436cc9c9"/>
                                    </text>
                                    <statusCode code="completed"/>
                                    <effectiveTime value="201204210945-0800"/>
                                    <value xsi:type="PQ">33.0<reference value="#ObservationValue_a8474eae7d6cd3b2175409"/>
                                    </value>
                                    <referenceRange>
                                        <observationRange>
                                            <value xsi:type="IVL_PQ">
                                                <low value="32.0" unit="G/dl"/>
                                                <high value="37.0" unit="G/dl"/>
                                            </value>
                                        </observationRange>
                                    </referenceRange>
                                </observation>
                            </component>
                            <component>
                                <observation classCode="OBS" moodCode="EVN">
                                    <templateId root="2.16.840.1.113883.10.20.1.31"/>
                                    <templateId root="1.3.6.1.4.1.19376.1.5.3.1.4.13"/>
                                    <templateId root="2.16.840.1.113883.3.88.11.83.15.1"/>
                                    <id root="1d62cbdb-f432-418c-b9e1-dd1c83d2ce81"/>
                                    <code code="#RDW" codeSystemName="L" displayName="RDW"/>
                                    <text>RDW<reference value="#Observation_394aea942bce6201632166"/>
                                    </text>
                                    <statusCode code="completed"/>
                                    <effectiveTime value="201204210945-0800"/>
                                    <value xsi:type="PQ">14<reference value="#ObservationValue_734df794745844233d9c3a"/>
                                    </value>
                                    <interpretationCode code="N" codeSystem="2.16.840.1.113883.5.83" codeSystemName="Observation Interpretation" displayName="Normal"/>
                                    <referenceRange>
                                        <observationRange>
                                            <value xsi:type="IVL_PQ">
                                                <low value="11.5" unit="PERCENT"/>
                                                <high value="14.5" unit="PERCENT"/>
                                            </value>
                                        </observationRange>
                                    </referenceRange>
                                </observation>
                            </component>
                            <component>
                                <observation classCode="OBS" moodCode="EVN">
                                    <templateId root="2.16.840.1.113883.10.20.1.31"/>
                                    <templateId root="1.3.6.1.4.1.19376.1.5.3.1.4.13"/>
                                    <templateId root="2.16.840.1.113883.3.88.11.83.15.1"/>
                                    <id root="fb58ae0b-e9d4-44e6-b63a-acdfdef319ab"/>
                                    <code code="#NEUT" codeSystemName="L" displayName="NEUT"/>
                                    <text>NEUT<reference value="#Observation_e74a488281cdf224bc069e"/>
                                    </text>
                                    <statusCode code="completed"/>
                                    <effectiveTime value="201204210945-0800"/>
                                    <value xsi:type="PQ">69<reference value="#ObservationValue_e846d4a55ca1df02886685"/>
                                    </value>
                                    <interpretationCode code="N" codeSystem="2.16.840.1.113883.5.83" codeSystemName="Observation Interpretation" displayName="Normal"/>
                                    <referenceRange>
                                        <observationRange>
                                            <value xsi:type="IVL_PQ">
                                                <low value="40.0" unit="PERCENT"/>
                                                <high value="74.0" unit="PERCENT"/>
                                            </value>
                                        </observationRange>
                                    </referenceRange>
                                </observation>
                            </component>
                            <component>
                                <observation classCode="OBS" moodCode="EVN">
                                    <templateId root="2.16.840.1.113883.10.20.1.31"/>
                                    <templateId root="1.3.6.1.4.1.19376.1.5.3.1.4.13"/>
                                    <templateId root="2.16.840.1.113883.3.88.11.83.15.1"/>
                                    <id root="660b1e1b-be76-480e-a333-1aeeb858005f"/>
                                    <code code="#LYMPH" codeSystemName="L" displayName="LYMPH"/>
                                    <text>LYMPH<reference value="#Observation_99456cb3bab570ce36d175"/>
                                    </text>
                                    <statusCode code="completed"/>
                                    <effectiveTime value="201204210945-0800"/>
                                    <value xsi:type="PQ">20<reference value="#ObservationValue_e6410c889b7ed3a8dc4b73"/>
                                    </value>
                                    <interpretationCode code="N" codeSystem="2.16.840.1.113883.5.83" codeSystemName="Observation Interpretation" displayName="Normal"/>
                                    <referenceRange>
                                        <observationRange>
                                            <value xsi:type="IVL_PQ">
                                                <low value="19.0" unit="PERCENT"/>
                                                <high value="48.0" unit="PERCENT"/>
                                            </value>
                                        </observationRange>
                                    </referenceRange>
                                </observation>
                            </component>
                            <component>
                                <observation classCode="OBS" moodCode="EVN">
                                    <templateId root="2.16.840.1.113883.10.20.1.31"/>
                                    <templateId root="1.3.6.1.4.1.19376.1.5.3.1.4.13"/>
                                    <templateId root="2.16.840.1.113883.3.88.11.83.15.1"/>
                                    <id root="b260ff9a-9c20-4791-8587-d18993f2b59a"/>
                                    <code code="#MONO" codeSystemName="L" displayName="MONO"/>
                                    <text>MONO<reference value="#Observation_49451eb435ed17379e115a"/>
                                    </text>
                                    <statusCode code="completed"/>
                                    <effectiveTime value="201204210945-0800"/>
                                    <value xsi:type="PQ">8.5<reference value="#ObservationValue_6e4543a2850fefaca3f263"/>
                                    </value>
                                    <interpretationCode code="N" codeSystem="2.16.840.1.113883.5.83" codeSystemName="Observation Interpretation" displayName="Normal"/>
                                    <referenceRange>
                                        <observationRange>
                                            <value xsi:type="IVL_PQ">
                                                <low value="3.5" unit="PERCENT"/>
                                                <high value="9.0" unit="PERCENT"/>
                                            </value>
                                        </observationRange>
                                    </referenceRange>
                                </observation>
                            </component>
                            <component>
                                <observation classCode="OBS" moodCode="EVN">
                                    <templateId root="2.16.840.1.113883.10.20.1.31"/>
                                    <templateId root="1.3.6.1.4.1.19376.1.5.3.1.4.13"/>
                                    <templateId root="2.16.840.1.113883.3.88.11.83.15.1"/>
                                    <id root="3cfe6c82-0e39-4171-bd69-052f7827bfc2"/>
                                    <code code="#EOS" codeSystemName="L" displayName="EOS"/>
                                    <text>EOS<reference value="#Observation_8c424785f59a6d2e5bfbf6"/>
                                    </text>
                                    <statusCode code="completed"/>
                                    <effectiveTime value="201204210945-0800"/>
                                    <value xsi:type="PQ">0.6<reference value="#ObservationValue_734e92b258d81ecbd2bf9c"/>
                                    </value>
                                    <referenceRange>
                                        <observationRange>
                                            <value xsi:type="IVL_PQ">
                                                <low value="0.0" unit="PERCENT"/>
                                                <high value="7.0" unit="PERCENT"/>
                                            </value>
                                        </observationRange>
                                    </referenceRange>
                                </observation>
                            </component>
                            <component>
                                <observation classCode="OBS" moodCode="EVN">
                                    <templateId root="2.16.840.1.113883.10.20.1.31"/>
                                    <templateId root="1.3.6.1.4.1.19376.1.5.3.1.4.13"/>
                                    <templateId root="2.16.840.1.113883.3.88.11.83.15.1"/>
                                    <id root="53d3a3ba-73a4-46ad-a145-1491cd910141"/>
                                    <code code="#BASO" codeSystemName="L" displayName="BASO"/>
                                    <text>BASO<reference value="#Observation_85441a965052326973eef0"/>
                                    </text>
                                    <statusCode code="completed"/>
                                    <effectiveTime value="201204210945-0800"/>
                                    <value xsi:type="PQ">0.8<reference value="#ObservationValue_63473588349a8d6b76281f"/>
                                    </value>
                                    <referenceRange>
                                        <observationRange>
                                            <value xsi:type="IVL_PQ">
                                                <low value="0.0" unit="PERCENT"/>
                                                <high value="1.5" unit="PERCENT"/>
                                            </value>
                                        </observationRange>
                                    </referenceRange>
                                </observation>
                            </component>
                            <component>
                                <observation classCode="OBS" moodCode="EVN">
                                    <templateId root="2.16.840.1.113883.10.20.1.31"/>
                                    <templateId root="1.3.6.1.4.1.19376.1.5.3.1.4.13"/>
                                    <templateId root="2.16.840.1.113883.3.88.11.83.15.1"/>
                                    <id root="8f37ae17-6cc7-4344-9c0b-78807023199d"/>
                                    <code code="#LUC" codeSystemName="L" displayName="LGE UNST.CELL"/>
                                    <text>LGE UNST.CELL<reference value="#Observation_da4dff84aa950bd4790b9e"/>
                                    </text>
                                    <statusCode code="completed"/>
                                    <effectiveTime value="201204210945-0800"/>
                                    <value xsi:type="PQ">0.8<reference value="#ObservationValue_6a414f9f5c23db3a9b7105"/>
                                    </value>
                                    <referenceRange>
                                        <observationRange>
                                            <value xsi:type="IVL_PQ">
                                                <low value="0.0" unit="PERCENT"/>
                                                <high value="4.0" unit="PERCENT"/>
                                            </value>
                                        </observationRange>
                                    </referenceRange>
                                </observation>
                            </component>
                            <component>
                                <observation classCode="OBS" moodCode="EVN">
                                    <templateId root="2.16.840.1.113883.10.20.1.31"/>
                                    <templateId root="1.3.6.1.4.1.19376.1.5.3.1.4.13"/>
                                    <templateId root="2.16.840.1.113883.3.88.11.83.15.1"/>
                                    <id root="17b15fc9-08ed-48d1-944e-0f993e15f416"/>
                                    <code code="##NEUT" codeSystemName="L" displayName="NEUT ABS"/>
                                    <text>NEUT ABS<reference value="#Observation_d34a249f2890baa671c893"/>
                                    </text>
                                    <statusCode code="completed"/>
                                    <effectiveTime value="201204210945-0800"/>
                                    <value xsi:type="PQ">6.72<reference value="#ObservationValue_874c0d8dc37920bdfbccd3"/>
                                    </value>
                                    <referenceRange>
                                        <observationRange>
                                            <value xsi:type="IVL_PQ">
                                                <low value="1.90" unit="THOUSAND"/>
                                                <high value="8.00" unit="THOUSAND"/>
                                            </value>
                                        </observationRange>
                                    </referenceRange>
                                </observation>
                            </component>
                            <component>
                                <observation classCode="OBS" moodCode="EVN">
                                    <templateId root="2.16.840.1.113883.10.20.1.31"/>
                                    <templateId root="1.3.6.1.4.1.19376.1.5.3.1.4.13"/>
                                    <templateId root="2.16.840.1.113883.3.88.11.83.15.1"/>
                                    <id root="90268b9b-a226-4d98-a464-8752665ca2be"/>
                                    <code code="##LYMP" codeSystemName="L" displayName="LYMPH ABS"/>
                                    <text>LYMPH ABS<reference value="#Observation_4849b087405177d9863278"/>
                                    </text>
                                    <statusCode code="completed"/>
                                    <effectiveTime value="201204210945-0800"/>
                                    <value xsi:type="PQ">1.3<reference value="#ObservationValue_f548b8ae456e9f856b0210"/>
                                    </value>
                                    <interpretationCode code="N" codeSystem="2.16.840.1.113883.5.83" codeSystemName="Observation Interpretation" displayName="Normal"/>
                                    <referenceRange>
                                        <observationRange>
                                            <value xsi:type="IVL_PQ">
                                                <low value="0.90" unit="THOUSAND"/>
                                                <high value="5.20" unit="THOUSAND"/>
                                            </value>
                                        </observationRange>
                                    </referenceRange>
                                </observation>
                            </component>
                            <component>
                                <observation classCode="OBS" moodCode="EVN">
                                    <templateId root="2.16.840.1.113883.10.20.1.31"/>
                                    <templateId root="1.3.6.1.4.1.19376.1.5.3.1.4.13"/>
                                    <templateId root="2.16.840.1.113883.3.88.11.83.15.1"/>
                                    <id root="bca66e3c-53b5-4a99-a3f4-742c9e5cd0b2"/>
                                    <code code="##MONO" codeSystemName="L" displayName="MONO ABS"/>
                                    <text>MONO ABS<reference value="#Observation_044bfdbb68f5e4aff51c02"/>
                                    </text>
                                    <statusCode code="completed"/>
                                    <effectiveTime value="201204210945-0800"/>
                                    <value xsi:type="PQ">0.77<reference value="#ObservationValue_6c474eb74f733eb13423f7"/>
                                    </value>
                                    <referenceRange>
                                        <observationRange>
                                            <value xsi:type="IVL_PQ">
                                                <low value="0.16" unit="THOUSAND"/>
                                                <high value="1.00" unit="THOUSAND"/>
                                            </value>
                                        </observationRange>
                                    </referenceRange>
                                </observation>
                            </component>
                            <component>
                                <observation classCode="OBS" moodCode="EVN">
                                    <templateId root="2.16.840.1.113883.10.20.1.31"/>
                                    <templateId root="1.3.6.1.4.1.19376.1.5.3.1.4.13"/>
                                    <templateId root="2.16.840.1.113883.3.88.11.83.15.1"/>
                                    <id root="ace5012f-1c8f-47a9-9692-3467dfe0f7ae"/>
                                    <code code="EOS" codeSystemName="L" displayName="EOS ABS"/>
                                    <text>EOS ABS<reference value="#Observation_5b41809a7608acf255c127"/>
                                    </text>
                                    <statusCode code="completed"/>
                                    <effectiveTime value="201204210945-0800"/>
                                    <value xsi:type="PQ">0.05<reference value="#ObservationValue_894c7baa38b15bc638d515"/>
                                    </value>
                                    <referenceRange>
                                        <observationRange>
                                            <value xsi:type="IVL_PQ">
                                                <low value="0.00" unit="THOUSAND"/>
                                                <high value="0.80" unit="THOUSAND"/>
                                            </value>
                                        </observationRange>
                                    </referenceRange>
                                </observation>
                            </component>
                            <component>
                                <observation classCode="OBS" moodCode="EVN">
                                    <templateId root="2.16.840.1.113883.10.20.1.31"/>
                                    <templateId root="1.3.6.1.4.1.19376.1.5.3.1.4.13"/>
                                    <templateId root="2.16.840.1.113883.3.88.11.83.15.1"/>
                                    <id root="8ec826cb-3f76-42f3-a90d-f2a18e78e027"/>
                                    <code code="BASO" codeSystemName="L" displayName="BASO ABS"/>
                                    <text>BASO ABS<reference value="#Observation_7d4c6786e717e8efbbe4fa"/>
                                    </text>
                                    <statusCode code="completed"/>
                                    <effectiveTime value="201204210945-0800"/>
                                    <value xsi:type="PQ">0.07<reference value="#ObservationValue_3f4e9e9f5f927937cc9fc6"/>
                                    </value>
                                    <referenceRange>
                                        <observationRange>
                                            <value xsi:type="IVL_PQ">
                                                <low value="0.00" unit="THOUSAND"/>
                                                <high value="0.20" unit="THOUSAND"/>
                                            </value>
                                        </observationRange>
                                    </referenceRange>
                                </observation>
                            </component>
                            <component>
                                <observation classCode="OBS" moodCode="EVN">
                                    <templateId root="2.16.840.1.113883.10.20.1.31"/>
                                    <templateId root="1.3.6.1.4.1.19376.1.5.3.1.4.13"/>
                                    <templateId root="2.16.840.1.113883.3.88.11.83.15.1"/>
                                    <id root="ff2ad8a7-a1f5-45cf-91ac-560601b96f9b"/>
                                    <code code="##LUC" codeSystemName="L" displayName="LUC ABS"/>
                                    <text>LUC ABS<reference value="#Observation_16437f8f48d1afee31a83c"/>
                                    </text>
                                    <statusCode code="completed"/>
                                    <effectiveTime value="201204210945-0800"/>
                                    <value xsi:type="PQ">0.07<reference value="#ObservationValue_6c49b9a356481592990e0d"/>
                                    </value>
                                    <referenceRange>
                                        <observationRange>
                                            <value xsi:type="IVL_PQ">
                                                <low value="0.00" unit="THOUSAND"/>
                                                <high value="0.40" unit="THOUSAND"/>
                                            </value>
                                        </observationRange>
                                    </referenceRange>
                                </observation>
                            </component>
                            <component>
                                <observation classCode="OBS" moodCode="EVN">
                                    <templateId root="2.16.840.1.113883.10.20.1.31"/>
                                    <templateId root="1.3.6.1.4.1.19376.1.5.3.1.4.13"/>
                                    <templateId root="2.16.840.1.113883.3.88.11.83.15.1"/>
                                    <id root="de52bdb2-44e9-41e5-9344-4ed24669ac8b"/>
                                    <code code="#MNBND" codeSystemName="L" displayName="MAN BAND NEUT"/>
                                    <text>MAN BAND NEUT<reference value="#Observation_1446cb933e1885df326837"/>
                                    </text>
                                    <statusCode code="completed"/>
                                    <effectiveTime value="201204210945-0800"/>
                                    <value xsi:type="PQ">7<reference value="#ObservationValue_454fedba80f8c2425ba79a"/>
                                    </value>
                                    <interpretationCode code="N" codeSystem="2.16.840.1.113883.5.83" codeSystemName="Observation Interpretation" displayName="Normal"/>
                                    <referenceRange>
                                        <observationRange>
                                            <value xsi:type="IVL_PQ">
                                                <low value="0" unit="PERCENT"/>
                                                <high value="8" unit="PERCENT"/>
                                            </value>
                                        </observationRange>
                                    </referenceRange>
                                </observation>
                            </component>
                            <component>
                                <observation classCode="OBS" moodCode="EVN">
                                    <templateId root="2.16.840.1.113883.10.20.1.31"/>
                                    <templateId root="1.3.6.1.4.1.19376.1.5.3.1.4.13"/>
                                    <templateId root="2.16.840.1.113883.3.88.11.83.15.1"/>
                                    <id root="0a050297-0a2b-4ada-af49-c5f502718216"/>
                                    <code code="#MNSEG" codeSystemName="L" displayName="MAN SEG NEUT"/>
                                    <text>MAN SEG NEUT<reference value="#Observation_d24d838d9d2a3d8484a8d2"/>
                                    </text>
                                    <statusCode code="completed"/>
                                    <effectiveTime value="201204210945-0800"/>
                                    <value xsi:type="PQ">71<reference value="#ObservationValue_f34e89a4853f2c2bef644a"/>
                                    </value>
                                    <referenceRange>
                                        <observationRange>
                                            <value xsi:type="IVL_PQ">
                                                <low value="40" unit="PERCENT"/>
                                                <high value="74" unit="PERCENT"/>
                                            </value>
                                        </observationRange>
                                    </referenceRange>
                                </observation>
                            </component>
                            <component>
                                <observation classCode="OBS" moodCode="EVN">
                                    <templateId root="2.16.840.1.113883.10.20.1.31"/>
                                    <templateId root="1.3.6.1.4.1.19376.1.5.3.1.4.13"/>
                                    <templateId root="2.16.840.1.113883.3.88.11.83.15.1"/>
                                    <id root="9e83c6ed-cd3b-47d0-86ec-43a087b0c6b7"/>
                                    <code code="#MNLYM" codeSystemName="L" displayName="MAN LYMPH"/>
                                    <text>MAN LYMPH<reference value="#Observation_304eb0933f247a5eaa6055"/>
                                    </text>
                                    <statusCode code="completed"/>
                                    <effectiveTime value="201204210945-0800"/>
                                    <value xsi:type="PQ">23<reference value="#ObservationValue_d1426a97c54969422bf54f"/>
                                    </value>
                                    <interpretationCode code="N" codeSystem="2.16.840.1.113883.5.83" codeSystemName="Observation Interpretation" displayName="Normal"/>
                                    <referenceRange>
                                        <observationRange>
                                            <value xsi:type="IVL_PQ">
                                                <low value="19" unit="PERCENT"/>
                                                <high value="48" unit="PERCENT"/>
                                            </value>
                                        </observationRange>
                                    </referenceRange>
                                </observation>
                            </component>
                            <component>
                                <observation classCode="OBS" moodCode="EVN">
                                    <templateId root="2.16.840.1.113883.10.20.1.31"/>
                                    <templateId root="1.3.6.1.4.1.19376.1.5.3.1.4.13"/>
                                    <templateId root="2.16.840.1.113883.3.88.11.83.15.1"/>
                                    <id root="b082a8c0-26df-488e-a838-e05fc587e561"/>
                                    <code code="#MNMNO" codeSystemName="L" displayName="MAN MONO"/>
                                    <text>MAN MONO<reference value="#Observation_8b46cdb9327026abef2f83"/>
                                    </text>
                                    <statusCode code="completed"/>
                                    <effectiveTime value="201204210945-0800"/>
                                    <value xsi:type="PQ">9<reference value="#ObservationValue_524584b0731dae72d569e5"/>
                                    </value>
                                    <referenceRange>
                                        <observationRange>
                                            <value xsi:type="IVL_PQ">
                                                <low value="4" unit="PERCENT"/>
                                                <high value="9" unit="PERCENT"/>
                                            </value>
                                        </observationRange>
                                    </referenceRange>
                                </observation>
                            </component>
                            <component>
                                <observation classCode="OBS" moodCode="EVN">
                                    <templateId root="2.16.840.1.113883.10.20.1.31"/>
                                    <templateId root="1.3.6.1.4.1.19376.1.5.3.1.4.13"/>
                                    <templateId root="2.16.840.1.113883.3.88.11.83.15.1"/>
                                    <id root="af2b2fa1-041d-411f-844c-0f44be93f478"/>
                                    <code code="#MNEOS" codeSystemName="L" displayName="MAN EOS"/>
                                    <text>MAN EOS<reference value="#Observation_b148198315fc9a2be9f70e"/>
                                    </text>
                                    <statusCode code="completed"/>
                                    <effectiveTime value="201204210945-0800"/>
                                    <value xsi:type="PQ">3<reference value="#ObservationValue_f749239761fc7ecf9fbaf1"/>
                                    </value>
                                    <referenceRange>
                                        <observationRange>
                                            <value xsi:type="IVL_PQ">
                                                <low value="0" unit="PERCENT"/>
                                                <high value="7" unit="PERCENT"/>
                                            </value>
                                        </observationRange>
                                    </referenceRange>
                                </observation>
                            </component>
                            <component>
                                <observation classCode="OBS" moodCode="EVN">
                                    <templateId root="2.16.840.1.113883.10.20.1.31"/>
                                    <templateId root="1.3.6.1.4.1.19376.1.5.3.1.4.13"/>
                                    <templateId root="2.16.840.1.113883.3.88.11.83.15.1"/>
                                    <id root="67828049-e638-43de-961b-bf31f1269df6"/>
                                    <code code="#MNBAS" codeSystemName="L" displayName="MAN BASO"/>
                                    <text>MAN BASO<reference value="#Observation_394c85837c7427860dd088"/>
                                    </text>
                                    <statusCode code="completed"/>
                                    <effectiveTime value="201204210945-0800"/>
                                    <value xsi:type="PQ">0<reference value="#ObservationValue_7a4cde8c02d5045bec2f70"/>
                                    </value>
                                    <referenceRange>
                                        <observationRange>
                                            <value xsi:type="IVL_PQ">
                                                <low value="0" unit="PERCENT"/>
                                                <high value="2" unit="PERCENT"/>
                                            </value>
                                        </observationRange>
                                    </referenceRange>
                                </observation>
                            </component>
                            <component>
                                <observation classCode="OBS" moodCode="EVN">
                                    <templateId root="2.16.840.1.113883.10.20.1.31"/>
                                    <templateId root="1.3.6.1.4.1.19376.1.5.3.1.4.13"/>
                                    <templateId root="2.16.840.1.113883.3.88.11.83.15.1"/>
                                    <id root="3c8d9516-b64f-4fee-897d-b2e470f163eb"/>
                                    <code code="#MNMET" codeSystemName="L" displayName="MAN METAMYL"/>
                                    <text>MAN METAMYL<reference value="#Observation_b04221bffb5fdb3287c3b4"/>
                                    </text>
                                    <statusCode code="completed"/>
                                    <effectiveTime value="201204210945-0800"/>
                                    <value xsi:type="PQ">0<reference value="#ObservationValue_fc4db48dddcae5c1808b1e"/>
                                    </value>
                                    <referenceRange>
                                        <observationRange>
                                            <value xsi:type="IVL_PQ">
                                                <low value="0" unit="PERCENT"/>
                                                <high value="1" unit="PERCENT"/>
                                            </value>
                                        </observationRange>
                                    </referenceRange>
                                </observation>
                            </component>
                            <component>
                                <observation classCode="OBS" moodCode="EVN">
                                    <templateId root="2.16.840.1.113883.10.20.1.31"/>
                                    <templateId root="1.3.6.1.4.1.19376.1.5.3.1.4.13"/>
                                    <templateId root="2.16.840.1.113883.3.88.11.83.15.1"/>
                                    <id root="fed2ee21-d5af-4f52-931f-42d293441c4d"/>
                                    <code code="#MNMYL" codeSystemName="L" displayName="MAN MYELOCYTE"/>
                                    <text>MAN MYELOCYTE<reference value="#Observation_a940e88da8b12a0b535ab5"/>
                                    </text>
                                    <statusCode code="completed"/>
                                    <effectiveTime value="201204210945-0800"/>
                                    <value xsi:type="PQ">0<reference value="#ObservationValue_cf45a188bbac328e2c85a2"/>
                                    </value>
                                    <referenceRange>
                                        <observationRange>
                                            <value xsi:type="IVL_PQ">
                                                <low value="0" unit="PERCENT"/>
                                                <high value="1" unit="PERCENT"/>
                                            </value>
                                        </observationRange>
                                    </referenceRange>
                                </observation>
                            </component>
                            <component>
                                <observation classCode="OBS" moodCode="EVN">
                                    <templateId root="2.16.840.1.113883.10.20.1.31"/>
                                    <templateId root="1.3.6.1.4.1.19376.1.5.3.1.4.13"/>
                                    <templateId root="2.16.840.1.113883.3.88.11.83.15.1"/>
                                    <id root="9d96f3ca-9fed-45d1-9d12-dfee4681a4e6"/>
                                    <code code="#MNPRO" codeSystemName="L" displayName="MAN PROMYELO"/>
                                    <text>MAN PROMYELO<reference value="#Observation_184ec491c1fd90c52e1528"/>
                                    </text>
                                    <statusCode code="completed"/>
                                    <effectiveTime value="201204210945-0800"/>
                                    <value xsi:type="PQ">0<reference value="#ObservationValue_c441a09fea8b1e9ab208c1"/>
                                    </value>
                                    <referenceRange>
                                        <observationRange>
                                            <value xsi:type="IVL_PQ">
                                                <low value="0" unit="PERCENT"/>
                                                <high value="0" unit="PERCENT"/>
                                            </value>
                                        </observationRange>
                                    </referenceRange>
                                </observation>
                            </component>
                            <component>
                                <observation classCode="OBS" moodCode="EVN">
                                    <templateId root="2.16.840.1.113883.10.20.1.31"/>
                                    <templateId root="1.3.6.1.4.1.19376.1.5.3.1.4.13"/>
                                    <templateId root="2.16.840.1.113883.3.88.11.83.15.1"/>
                                    <id root="9af9be5c-6f05-4a87-95d1-d0bd1c2a1410"/>
                                    <code code="#MNBLS" codeSystemName="L" displayName="MAN BLASTS"/>
                                    <text>MAN BLASTS<reference value="#Observation_96435f86d626923a20e04c"/>
                                    </text>
                                    <statusCode code="completed"/>
                                    <effectiveTime value="201204210945-0800"/>
                                    <value xsi:type="PQ">0<reference value="#ObservationValue_75442cbae2061c1fb7ab61"/>
                                    </value>
                                    <referenceRange>
                                        <observationRange>
                                            <value xsi:type="IVL_PQ">
                                                <low value="0" unit="PERCENT"/>
                                                <high value="0" unit="PERCENT"/>
                                            </value>
                                        </observationRange>
                                    </referenceRange>
                                </observation>
                            </component>
                            <component>
                                <observation classCode="OBS" moodCode="EVN">
                                    <templateId root="2.16.840.1.113883.10.20.1.31"/>
                                    <templateId root="1.3.6.1.4.1.19376.1.5.3.1.4.13"/>
                                    <templateId root="2.16.840.1.113883.3.88.11.83.15.1"/>
                                    <id root="611d1633-72c5-4daa-b4d2-ea9fa3399e88"/>
                                    <code code="#ESPLT" codeSystemName="L" displayName="PLATELET (EST)"/>
                                    <text>PLATELET (EST)<reference value="#Observation_814574bdc1ae9d77d4ab88"/>
                                    </text>
                                    <statusCode code="completed"/>
                                    <effectiveTime value="201204210945-0800"/>
                                    <value xsi:type="ED">10-12<reference value="#ObservationValue_c643e4922885287d05e951"/>
                                    </value>
                                    <entryRelationship typeCode="SUBJ" inversionInd="true">
                                        <act classCode="ACT" moodCode="EVN">
                                            <templateId root="2.16.840.1.113883.10.20.1.40"/>
                                            <templateId root="2.16.840.1.113883.3.88.11.83.11"/>
                                            <templateId root="1.3.6.1.4.1.19376.1.5.3.1.4.2"/>
                                            <code code="48767-8" codeSystem="2.16.840.1.113883.6.1" codeSystemName="LOINC" displayName="Annotation Comment"/>
                                            <text>PLATELET COUNT CONSISTENT  WITH SLIDE REVIEW ESPLT  EACH PLATELET PER OIL IMMERSION FIELD REPRESENTS APPROXIMATELY        TWENTY THOUSAND PLATELETS PER CUBIC MILLIMETER.<reference value="Comment_bb4d40b0ffa021d3815e1b"/>
                                            </text>
                                            <statusCode code="completed"/>
                                        </act>
                                    </entryRelationship>
                                    <referenceRange>
                                        <observationRange>
                                            <value xsi:type="IVL_PQ">
                                                <low value="7" unit="PER_OIF"/>
                                                <high value="20" unit="PER_OIF"/>
                                            </value>
                                        </observationRange>
                                    </referenceRange>
                                </observation>
                            </component>
                        </organizer>
                    </entry>
                    <entry typeCode="DRIV">
                        <organizer classCode="BATTERY" moodCode="EVN">
                            <templateId root="2.16.840.1.113883.10.20.1.32"/>
                            <id root="541bbe20-5806-4d14-9fec-c0f6f3d5e92d"/>
                            <code code="CBC" codeSystemName="L" displayName="CBC">
                                <translation code="LAB"/>
                            </code>
                            <statusCode code="completed"/>
                            <component>
                                <procedure classCode="PROC" moodCode="EVN">
                                    <templateId root="2.16.840.1.113883.10.20.1.29"/>
                                    <templateId root="1.3.6.1.4.1.19376.1.5.3.1.4.19"/>
                                    <templateId root="2.16.840.1.113883.3.88.11.83.17"/>
                                    <id root="7ad5cd2d-aae1-425d-93a9-33e973d5a12d"/>
                                    <code nullFlavor="NI">
                                        <originalText>CBC</originalText>
                                    </code>
                                    <text>CBC</text>
                                    <statusCode code="completed"/>
                                    <effectiveTime>
                                        <low value="201204280945-0800"/>
                                    </effectiveTime>
                                    <priorityCode code="S" codeSystem="2.16.840.1.113883.3.88.12.80.71" codeSystemName="Order Priority" displayName="Stat"/>
                                    <participant typeCode="RESP" contextControlCode="OP">
                                        <participantRole>
                                            <addr nullFlavor="NI"/>
                                            <playingEntity>
                                                <name>
                                                    <given>Unnamed</given>
                                                    <family>User</family>
                                                </name>
                                            </playingEntity>
                                        </participantRole>
                                    </participant>
                                    <participant typeCode="ATND" contextControlCode="OP">
                                        <participantRole>
                                            <addr nullFlavor="NI"/>
                                            <playingEntity>
                                                <name>
                                                    <given>Test</given>
                                                    <family>Userone</family>
                                                </name>
                                            </playingEntity>
                                        </participantRole>
                                    </participant>
                                    <participant typeCode="ADM" contextControlCode="OP">
                                        <participantRole>
                                            <addr nullFlavor="NI"/>
                                            <playingEntity>
                                                <name>
                                                    <given>Test</given>
                                                    <family>Faxuser</family>
                                                </name>
                                            </playingEntity>
                                        </participantRole>
                                    </participant>
                                    <participant typeCode="REF" contextControlCode="OP">
                                        <participantRole>
                                            <addr nullFlavor="NI"/>
                                            <playingEntity>
                                                <name>
                                                    <given>Test</given>
                                                    <family>Faxuser</family>
                                                </name>
                                            </playingEntity>
                                        </participantRole>
                                    </participant>
                                    <participant typeCode="ORG" contextControlCode="OP">
                                        <participantRole>
                                            <addr nullFlavor="NI"/>
                                            <telecom nullFlavor="NI"/>
                                            <playingEntity>
                                                <name>UniLab</name>
                                            </playingEntity>
                                        </participantRole>
                                    </participant>
                                </procedure>
                            </component>
                            <component>
                                <observation classCode="OBS" moodCode="EVN">
                                    <templateId root="2.16.840.1.113883.10.20.1.31"/>
                                    <templateId root="1.3.6.1.4.1.19376.1.5.3.1.4.13"/>
                                    <templateId root="2.16.840.1.113883.3.88.11.83.15.1"/>
                                    <id root="f5d9801c-0321-4687-a68e-89c6c4edab69"/>
                                    <code code="#WBC" codeSystemName="L" displayName="WBC"/>
                                    <text>WBC<reference value="#Observation_9a48c8845fd07601a62b7a"/>
                                    </text>
                                    <statusCode code="completed"/>
                                    <effectiveTime value="201204280945-0800"/>
                                    <value xsi:type="PQ">8.33<reference value="#ObservationValue_5248ada4f6cae671980930"/>
                                    </value>
                                    <referenceRange>
                                        <observationRange>
                                            <value xsi:type="IVL_PQ">
                                                <low value="4.80" unit="THOUSAND"/>
                                                <high value="10.80" unit="THOUSAND"/>
                                            </value>
                                        </observationRange>
                                    </referenceRange>
                                </observation>
                            </component>
                            <component>
                                <observation classCode="OBS" moodCode="EVN">
                                    <templateId root="2.16.840.1.113883.10.20.1.31"/>
                                    <templateId root="1.3.6.1.4.1.19376.1.5.3.1.4.13"/>
                                    <templateId root="2.16.840.1.113883.3.88.11.83.15.1"/>
                                    <id root="e5b22625-f2df-403f-a978-28a00ee1a90c"/>
                                    <code code="#HGB" codeSystemName="L" displayName="HGB"/>
                                    <text>HGB<reference value="#Observation_5244b7a692d333acc0662a"/>
                                    </text>
                                    <statusCode code="completed"/>
                                    <effectiveTime value="201204280945-0800"/>
                                    <value xsi:type="PQ">14.4<reference value="#ObservationValue_e244bbb6d2cc511a619325"/>
                                    </value>
                                    <referenceRange>
                                        <observationRange>
                                            <value xsi:type="IVL_PQ">
                                                <low value="14.0" unit="G/dl"/>
                                                <high value="18.0" unit="G/dl"/>
                                            </value>
                                        </observationRange>
                                    </referenceRange>
                                </observation>
                            </component>
                            <component>
                                <observation classCode="OBS" moodCode="EVN">
                                    <templateId root="2.16.840.1.113883.10.20.1.31"/>
                                    <templateId root="1.3.6.1.4.1.19376.1.5.3.1.4.13"/>
                                    <templateId root="2.16.840.1.113883.3.88.11.83.15.1"/>
                                    <id root="3a3aa3a4-5e5b-4758-867f-e80cabb677f7"/>
                                    <code code="#HCT" codeSystemName="L" displayName="HCT"/>
                                    <text>HCT<reference value="#Observation_704ca6959ac1a90a26081a"/>
                                    </text>
                                    <statusCode code="completed"/>
                                    <effectiveTime value="201204280945-0800"/>
                                    <value xsi:type="PQ">44.2<reference value="#ObservationValue_4742b095615b499f92be06"/>
                                    </value>
                                    <referenceRange>
                                        <observationRange>
                                            <value xsi:type="IVL_PQ">
                                                <low value="42.0" unit="PERCENT"/>
                                                <high value="54.0" unit="PERCENT"/>
                                            </value>
                                        </observationRange>
                                    </referenceRange>
                                </observation>
                            </component>
                            <component>
                                <observation classCode="OBS" moodCode="EVN">
                                    <templateId root="2.16.840.1.113883.10.20.1.31"/>
                                    <templateId root="1.3.6.1.4.1.19376.1.5.3.1.4.13"/>
                                    <templateId root="2.16.840.1.113883.3.88.11.83.15.1"/>
                                    <id root="3a7317ee-6fef-413f-a2a8-e29bc24d9d2a"/>
                                    <code code="#PLT" codeSystemName="L" displayName="PLATELETS"/>
                                    <text>PLATELETS<reference value="#Observation_634eebb4ede9031ca05595"/>
                                    </text>
                                    <statusCode code="completed"/>
                                    <effectiveTime value="201204280945-0800"/>
                                    <value xsi:type="PQ">137<reference value="#ObservationValue_6940ab93e936e2a259887a"/>
                                    </value>
                                    <interpretationCode code="N" codeSystem="2.16.840.1.113883.5.83" codeSystemName="Observation Interpretation" displayName="Normal"/>
                                    <referenceRange>
                                        <observationRange>
                                            <value xsi:type="IVL_PQ">
                                                <low value="130" unit="THOUSAND"/>
                                                <high value="400" unit="THOUSAND"/>
                                            </value>
                                        </observationRange>
                                    </referenceRange>
                                </observation>
                            </component>
                            <component>
                                <observation classCode="OBS" moodCode="EVN">
                                    <templateId root="2.16.840.1.113883.10.20.1.31"/>
                                    <templateId root="1.3.6.1.4.1.19376.1.5.3.1.4.13"/>
                                    <templateId root="2.16.840.1.113883.3.88.11.83.15.1"/>
                                    <id root="e206c135-009e-4253-b44c-d7e0c585f7ea"/>
                                    <code code="#RBC" codeSystemName="L" displayName="RBC"/>
                                    <text>RBC<reference value="#Observation_82419d9445b2e17121a6a4"/>
                                    </text>
                                    <statusCode code="completed"/>
                                    <effectiveTime value="201204280945-0800"/>
                                    <value xsi:type="PQ">4.81<reference value="#ObservationValue_bc4c368eabd7089b260878"/>
                                    </value>
                                    <referenceRange>
                                        <observationRange>
                                            <value xsi:type="IVL_PQ">
                                                <low value="4.70" unit="MILLION"/>
                                                <high value="6.10" unit="MILLION"/>
                                            </value>
                                        </observationRange>
                                    </referenceRange>
                                </observation>
                            </component>
                            <component>
                                <observation classCode="OBS" moodCode="EVN">
                                    <templateId root="2.16.840.1.113883.10.20.1.31"/>
                                    <templateId root="1.3.6.1.4.1.19376.1.5.3.1.4.13"/>
                                    <templateId root="2.16.840.1.113883.3.88.11.83.15.1"/>
                                    <id root="65ac2290-b2cb-4a35-a330-852d8fe50f37"/>
                                    <code code="#MCV" codeSystemName="L" displayName="MCV"/>
                                    <text>MCV<reference value="#Observation_4547b0b6dc93f6d6286003"/>
                                    </text>
                                    <statusCode code="completed"/>
                                    <effectiveTime value="201204280945-0800"/>
                                    <value xsi:type="PQ">92.2<reference value="#ObservationValue_f544459803c88ab167510b"/>
                                    </value>
                                    <referenceRange>
                                        <observationRange>
                                            <value xsi:type="IVL_PQ">
                                                <low value="83.0" unit="fl"/>
                                                <high value="99.0" unit="fl"/>
                                            </value>
                                        </observationRange>
                                    </referenceRange>
                                </observation>
                            </component>
                            <component>
                                <observation classCode="OBS" moodCode="EVN">
                                    <templateId root="2.16.840.1.113883.10.20.1.31"/>
                                    <templateId root="1.3.6.1.4.1.19376.1.5.3.1.4.13"/>
                                    <templateId root="2.16.840.1.113883.3.88.11.83.15.1"/>
                                    <id root="321c851b-2c68-4a83-9ad2-90472353b676"/>
                                    <code code="#MCH" codeSystemName="L" displayName="MCH"/>
                                    <text>MCH<reference value="#Observation_484bcebb5a0a8008e68dca"/>
                                    </text>
                                    <statusCode code="completed"/>
                                    <effectiveTime value="201204280945-0800"/>
                                    <value xsi:type="PQ">30.6<reference value="#ObservationValue_f3499a970073ffd762f431"/>
                                    </value>
                                    <referenceRange>
                                        <observationRange>
                                            <value xsi:type="IVL_PQ">
                                                <low value="27.0" unit="pg"/>
                                                <high value="32.0" unit="pg"/>
                                            </value>
                                        </observationRange>
                                    </referenceRange>
                                </observation>
                            </component>
                            <component>
                                <observation classCode="OBS" moodCode="EVN">
                                    <templateId root="2.16.840.1.113883.10.20.1.31"/>
                                    <templateId root="1.3.6.1.4.1.19376.1.5.3.1.4.13"/>
                                    <templateId root="2.16.840.1.113883.3.88.11.83.15.1"/>
                                    <id root="9d82c56c-ff60-45ae-839f-c25354b0097e"/>
                                    <code code="#MCHC" codeSystemName="L" displayName="MCHC"/>
                                    <text>MCHC<reference value="#Observation_c44d25b1f78404436cc9c9"/>
                                    </text>
                                    <statusCode code="completed"/>
                                    <effectiveTime value="201204280945-0800"/>
                                    <value xsi:type="PQ">33.3<reference value="#ObservationValue_a8474eae7d6cd3b2175409"/>
                                    </value>
                                    <referenceRange>
                                        <observationRange>
                                            <value xsi:type="IVL_PQ">
                                                <low value="32.0" unit="G/dl"/>
                                                <high value="37.0" unit="G/dl"/>
                                            </value>
                                        </observationRange>
                                    </referenceRange>
                                </observation>
                            </component>
                            <component>
                                <observation classCode="OBS" moodCode="EVN">
                                    <templateId root="2.16.840.1.113883.10.20.1.31"/>
                                    <templateId root="1.3.6.1.4.1.19376.1.5.3.1.4.13"/>
                                    <templateId root="2.16.840.1.113883.3.88.11.83.15.1"/>
                                    <id root="1d62cbdb-f432-418c-b9e1-dd1c83d2ce81"/>
                                    <code code="#RDW" codeSystemName="L" displayName="RDW"/>
                                    <text>RDW<reference value="#Observation_394aea942bce6201632166"/>
                                    </text>
                                    <statusCode code="completed"/>
                                    <effectiveTime value="201204280945-0800"/>
                                    <value xsi:type="PQ">13<reference value="#ObservationValue_734df794745844233d9c3a"/>
                                    </value>
                                    <interpretationCode code="N" codeSystem="2.16.840.1.113883.5.83" codeSystemName="Observation Interpretation" displayName="Normal"/>
                                    <referenceRange>
                                        <observationRange>
                                            <value xsi:type="IVL_PQ">
                                                <low value="11.5" unit="PERCENT"/>
                                                <high value="14.5" unit="PERCENT"/>
                                            </value>
                                        </observationRange>
                                    </referenceRange>
                                </observation>
                            </component>
                            <component>
                                <observation classCode="OBS" moodCode="EVN">
                                    <templateId root="2.16.840.1.113883.10.20.1.31"/>
                                    <templateId root="1.3.6.1.4.1.19376.1.5.3.1.4.13"/>
                                    <templateId root="2.16.840.1.113883.3.88.11.83.15.1"/>
                                    <id root="fb58ae0b-e9d4-44e6-b63a-acdfdef319ab"/>
                                    <code code="#NEUT" codeSystemName="L" displayName="NEUT"/>
                                    <text>NEUT<reference value="#Observation_e74a488281cdf224bc069e"/>
                                    </text>
                                    <statusCode code="completed"/>
                                    <effectiveTime value="201204280945-0800"/>
                                    <value xsi:type="PQ">68<reference value="#ObservationValue_e846d4a55ca1df02886685"/>
                                    </value>
                                    <interpretationCode code="N" codeSystem="2.16.840.1.113883.5.83" codeSystemName="Observation Interpretation" displayName="Normal"/>
                                    <referenceRange>
                                        <observationRange>
                                            <value xsi:type="IVL_PQ">
                                                <low value="40.0" unit="PERCENT"/>
                                                <high value="74.0" unit="PERCENT"/>
                                            </value>
                                        </observationRange>
                                    </referenceRange>
                                </observation>
                            </component>
                            <component>
                                <observation classCode="OBS" moodCode="EVN">
                                    <templateId root="2.16.840.1.113883.10.20.1.31"/>
                                    <templateId root="1.3.6.1.4.1.19376.1.5.3.1.4.13"/>
                                    <templateId root="2.16.840.1.113883.3.88.11.83.15.1"/>
                                    <id root="660b1e1b-be76-480e-a333-1aeeb858005f"/>
                                    <code code="#LYMPH" codeSystemName="L" displayName="LYMPH"/>
                                    <text>LYMPH<reference value="#Observation_99456cb3bab570ce36d175"/>
                                    </text>
                                    <statusCode code="completed"/>
                                    <effectiveTime value="201204280945-0800"/>
                                    <value xsi:type="PQ">22<reference value="#ObservationValue_e6410c889b7ed3a8dc4b73"/>
                                    </value>
                                    <interpretationCode code="N" codeSystem="2.16.840.1.113883.5.83" codeSystemName="Observation Interpretation" displayName="Normal"/>
                                    <referenceRange>
                                        <observationRange>
                                            <value xsi:type="IVL_PQ">
                                                <low value="19.0" unit="PERCENT"/>
                                                <high value="48.0" unit="PERCENT"/>
                                            </value>
                                        </observationRange>
                                    </referenceRange>
                                </observation>
                            </component>
                            <component>
                                <observation classCode="OBS" moodCode="EVN">
                                    <templateId root="2.16.840.1.113883.10.20.1.31"/>
                                    <templateId root="1.3.6.1.4.1.19376.1.5.3.1.4.13"/>
                                    <templateId root="2.16.840.1.113883.3.88.11.83.15.1"/>
                                    <id root="b260ff9a-9c20-4791-8587-d18993f2b59a"/>
                                    <code code="#MONO" codeSystemName="L" displayName="MONO"/>
                                    <text>MONO<reference value="#Observation_49451eb435ed17379e115a"/>
                                    </text>
                                    <statusCode code="completed"/>
                                    <effectiveTime value="201204280945-0800"/>
                                    <value xsi:type="PQ">8.7<reference value="#ObservationValue_6e4543a2850fefaca3f263"/>
                                    </value>
                                    <interpretationCode code="N" codeSystem="2.16.840.1.113883.5.83" codeSystemName="Observation Interpretation" displayName="Normal"/>
                                    <referenceRange>
                                        <observationRange>
                                            <value xsi:type="IVL_PQ">
                                                <low value="3.5" unit="PERCENT"/>
                                                <high value="9.0" unit="PERCENT"/>
                                            </value>
                                        </observationRange>
                                    </referenceRange>
                                </observation>
                            </component>
                            <component>
                                <observation classCode="OBS" moodCode="EVN">
                                    <templateId root="2.16.840.1.113883.10.20.1.31"/>
                                    <templateId root="1.3.6.1.4.1.19376.1.5.3.1.4.13"/>
                                    <templateId root="2.16.840.1.113883.3.88.11.83.15.1"/>
                                    <id root="3cfe6c82-0e39-4171-bd69-052f7827bfc2"/>
                                    <code code="#EOS" codeSystemName="L" displayName="EOS"/>
                                    <text>EOS<reference value="#Observation_8c424785f59a6d2e5bfbf6"/>
                                    </text>
                                    <statusCode code="completed"/>
                                    <effectiveTime value="201204280945-0800"/>
                                    <value xsi:type="PQ">0.7<reference value="#ObservationValue_734e92b258d81ecbd2bf9c"/>
                                    </value>
                                    <referenceRange>
                                        <observationRange>
                                            <value xsi:type="IVL_PQ">
                                                <low value="0.0" unit="PERCENT"/>
                                                <high value="7.0" unit="PERCENT"/>
                                            </value>
                                        </observationRange>
                                    </referenceRange>
                                </observation>
                            </component>
                            <component>
                                <observation classCode="OBS" moodCode="EVN">
                                    <templateId root="2.16.840.1.113883.10.20.1.31"/>
                                    <templateId root="1.3.6.1.4.1.19376.1.5.3.1.4.13"/>
                                    <templateId root="2.16.840.1.113883.3.88.11.83.15.1"/>
                                    <id root="53d3a3ba-73a4-46ad-a145-1491cd910141"/>
                                    <code code="#BASO" codeSystemName="L" displayName="BASO"/>
                                    <text>BASO<reference value="#Observation_85441a965052326973eef0"/>
                                    </text>
                                    <statusCode code="completed"/>
                                    <effectiveTime value="201204280945-0800"/>
                                    <value xsi:type="PQ">0.6<reference value="#ObservationValue_63473588349a8d6b76281f"/>
                                    </value>
                                    <referenceRange>
                                        <observationRange>
                                            <value xsi:type="IVL_PQ">
                                                <low value="0.0" unit="PERCENT"/>
                                                <high value="1.5" unit="PERCENT"/>
                                            </value>
                                        </observationRange>
                                    </referenceRange>
                                </observation>
                            </component>
                            <component>
                                <observation classCode="OBS" moodCode="EVN">
                                    <templateId root="2.16.840.1.113883.10.20.1.31"/>
                                    <templateId root="1.3.6.1.4.1.19376.1.5.3.1.4.13"/>
                                    <templateId root="2.16.840.1.113883.3.88.11.83.15.1"/>
                                    <id root="8f37ae17-6cc7-4344-9c0b-78807023199d"/>
                                    <code code="#LUC" codeSystemName="L" displayName="LGE UNST.CELL"/>
                                    <text>LGE UNST.CELL<reference value="#Observation_da4dff84aa950bd4790b9e"/>
                                    </text>
                                    <statusCode code="completed"/>
                                    <effectiveTime value="201204280945-0800"/>
                                    <value xsi:type="PQ">0.9<reference value="#ObservationValue_6a414f9f5c23db3a9b7105"/>
                                    </value>
                                    <referenceRange>
                                        <observationRange>
                                            <value xsi:type="IVL_PQ">
                                                <low value="0.0" unit="PERCENT"/>
                                                <high value="4.0" unit="PERCENT"/>
                                            </value>
                                        </observationRange>
                                    </referenceRange>
                                </observation>
                            </component>
                            <component>
                                <observation classCode="OBS" moodCode="EVN">
                                    <templateId root="2.16.840.1.113883.10.20.1.31"/>
                                    <templateId root="1.3.6.1.4.1.19376.1.5.3.1.4.13"/>
                                    <templateId root="2.16.840.1.113883.3.88.11.83.15.1"/>
                                    <id root="17b15fc9-08ed-48d1-944e-0f993e15f416"/>
                                    <code code="##NEUT" codeSystemName="L" displayName="NEUT ABS"/>
                                    <text>NEUT ABS<reference value="#Observation_d34a249f2890baa671c893"/>
                                    </text>
                                    <statusCode code="completed"/>
                                    <effectiveTime value="201204280945-0800"/>
                                    <value xsi:type="PQ">6.50<reference value="#ObservationValue_874c0d8dc37920bdfbccd3"/>
                                    </value>
                                    <referenceRange>
                                        <observationRange>
                                            <value xsi:type="IVL_PQ">
                                                <low value="1.90" unit="THOUSAND"/>
                                                <high value="8.00" unit="THOUSAND"/>
                                            </value>
                                        </observationRange>
                                    </referenceRange>
                                </observation>
                            </component>
                            <component>
                                <observation classCode="OBS" moodCode="EVN">
                                    <templateId root="2.16.840.1.113883.10.20.1.31"/>
                                    <templateId root="1.3.6.1.4.1.19376.1.5.3.1.4.13"/>
                                    <templateId root="2.16.840.1.113883.3.88.11.83.15.1"/>
                                    <id root="90268b9b-a226-4d98-a464-8752665ca2be"/>
                                    <code code="##LYMP" codeSystemName="L" displayName="LYMPH ABS"/>
                                    <text>LYMPH ABS<reference value="#Observation_4849b087405177d9863278"/>
                                    </text>
                                    <statusCode code="completed"/>
                                    <effectiveTime value="201204280945-0800"/>
                                    <value xsi:type="PQ">1.4<reference value="#ObservationValue_f548b8ae456e9f856b0210"/>
                                    </value>
                                    <interpretationCode code="N" codeSystem="2.16.840.1.113883.5.83" codeSystemName="Observation Interpretation" displayName="Normal"/>
                                    <referenceRange>
                                        <observationRange>
                                            <value xsi:type="IVL_PQ">
                                                <low value="0.90" unit="THOUSAND"/>
                                                <high value="5.20" unit="THOUSAND"/>
                                            </value>
                                        </observationRange>
                                    </referenceRange>
                                </observation>
                            </component>
                            <component>
                                <observation classCode="OBS" moodCode="EVN">
                                    <templateId root="2.16.840.1.113883.10.20.1.31"/>
                                    <templateId root="1.3.6.1.4.1.19376.1.5.3.1.4.13"/>
                                    <templateId root="2.16.840.1.113883.3.88.11.83.15.1"/>
                                    <id root="bca66e3c-53b5-4a99-a3f4-742c9e5cd0b2"/>
                                    <code code="##MONO" codeSystemName="L" displayName="MONO ABS"/>
                                    <text>MONO ABS<reference value="#Observation_044bfdbb68f5e4aff51c02"/>
                                    </text>
                                    <statusCode code="completed"/>
                                    <effectiveTime value="201204280945-0800"/>
                                    <value xsi:type="PQ">0.80<reference value="#ObservationValue_6c474eb74f733eb13423f7"/>
                                    </value>
                                    <referenceRange>
                                        <observationRange>
                                            <value xsi:type="IVL_PQ">
                                                <low value="0.16" unit="THOUSAND"/>
                                                <high value="1.00" unit="THOUSAND"/>
                                            </value>
                                        </observationRange>
                                    </referenceRange>
                                </observation>
                            </component>
                            <component>
                                <observation classCode="OBS" moodCode="EVN">
                                    <templateId root="2.16.840.1.113883.10.20.1.31"/>
                                    <templateId root="1.3.6.1.4.1.19376.1.5.3.1.4.13"/>
                                    <templateId root="2.16.840.1.113883.3.88.11.83.15.1"/>
                                    <id root="ace5012f-1c8f-47a9-9692-3467dfe0f7ae"/>
                                    <code code="EOS" codeSystemName="L" displayName="EOS ABS"/>
                                    <text>EOS ABS<reference value="#Observation_5b41809a7608acf255c127"/>
                                    </text>
                                    <statusCode code="completed"/>
                                    <effectiveTime value="201204280945-0800"/>
                                    <value xsi:type="PQ">0.07<reference value="#ObservationValue_894c7baa38b15bc638d515"/>
                                    </value>
                                    <referenceRange>
                                        <observationRange>
                                            <value xsi:type="IVL_PQ">
                                                <low value="0.00" unit="THOUSAND"/>
                                                <high value="0.80" unit="THOUSAND"/>
                                            </value>
                                        </observationRange>
                                    </referenceRange>
                                </observation>
                            </component>
                            <component>
                                <observation classCode="OBS" moodCode="EVN">
                                    <templateId root="2.16.840.1.113883.10.20.1.31"/>
                                    <templateId root="1.3.6.1.4.1.19376.1.5.3.1.4.13"/>
                                    <templateId root="2.16.840.1.113883.3.88.11.83.15.1"/>
                                    <id root="8ec826cb-3f76-42f3-a90d-f2a18e78e027"/>
                                    <code code="BASO" codeSystemName="L" displayName="BASO ABS"/>
                                    <text>BASO ABS<reference value="#Observation_7d4c6786e717e8efbbe4fa"/>
                                    </text>
                                    <statusCode code="completed"/>
                                    <effectiveTime value="201204280945-0800"/>
                                    <value xsi:type="PQ">0.08<reference value="#ObservationValue_3f4e9e9f5f927937cc9fc6"/>
                                    </value>
                                    <referenceRange>
                                        <observationRange>
                                            <value xsi:type="IVL_PQ">
                                                <low value="0.00" unit="THOUSAND"/>
                                                <high value="0.20" unit="THOUSAND"/>
                                            </value>
                                        </observationRange>
                                    </referenceRange>
                                </observation>
                            </component>
                            <component>
                                <observation classCode="OBS" moodCode="EVN">
                                    <templateId root="2.16.840.1.113883.10.20.1.31"/>
                                    <templateId root="1.3.6.1.4.1.19376.1.5.3.1.4.13"/>
                                    <templateId root="2.16.840.1.113883.3.88.11.83.15.1"/>
                                    <id root="ff2ad8a7-a1f5-45cf-91ac-560601b96f9b"/>
                                    <code code="##LUC" codeSystemName="L" displayName="LUC ABS"/>
                                    <text>LUC ABS<reference value="#Observation_16437f8f48d1afee31a83c"/>
                                    </text>
                                    <statusCode code="completed"/>
                                    <effectiveTime value="201204280945-0800"/>
                                    <value xsi:type="PQ">0.07<reference value="#ObservationValue_6c49b9a356481592990e0d"/>
                                    </value>
                                    <referenceRange>
                                        <observationRange>
                                            <value xsi:type="IVL_PQ">
                                                <low value="0.00" unit="THOUSAND"/>
                                                <high value="0.40" unit="THOUSAND"/>
                                            </value>
                                        </observationRange>
                                    </referenceRange>
                                </observation>
                            </component>
                            <component>
                                <observation classCode="OBS" moodCode="EVN">
                                    <templateId root="2.16.840.1.113883.10.20.1.31"/>
                                    <templateId root="1.3.6.1.4.1.19376.1.5.3.1.4.13"/>
                                    <templateId root="2.16.840.1.113883.3.88.11.83.15.1"/>
                                    <id root="de52bdb2-44e9-41e5-9344-4ed24669ac8b"/>
                                    <code code="#MNBND" codeSystemName="L" displayName="MAN BAND NEUT"/>
                                    <text>MAN BAND NEUT<reference value="#Observation_1446cb933e1885df326837"/>
                                    </text>
                                    <statusCode code="completed"/>
                                    <effectiveTime value="201204280945-0800"/>
                                    <value xsi:type="PQ">6<reference value="#ObservationValue_454fedba80f8c2425ba79a"/>
                                    </value>
                                    <interpretationCode code="N" codeSystem="2.16.840.1.113883.5.83" codeSystemName="Observation Interpretation" displayName="Normal"/>
                                    <referenceRange>
                                        <observationRange>
                                            <value xsi:type="IVL_PQ">
                                                <low value="0" unit="PERCENT"/>
                                                <high value="8" unit="PERCENT"/>
                                            </value>
                                        </observationRange>
                                    </referenceRange>
                                </observation>
                            </component>
                            <component>
                                <observation classCode="OBS" moodCode="EVN">
                                    <templateId root="2.16.840.1.113883.10.20.1.31"/>
                                    <templateId root="1.3.6.1.4.1.19376.1.5.3.1.4.13"/>
                                    <templateId root="2.16.840.1.113883.3.88.11.83.15.1"/>
                                    <id root="0a050297-0a2b-4ada-af49-c5f502718216"/>
                                    <code code="#MNSEG" codeSystemName="L" displayName="MAN SEG NEUT"/>
                                    <text>MAN SEG NEUT<reference value="#Observation_d24d838d9d2a3d8484a8d2"/>
                                    </text>
                                    <statusCode code="completed"/>
                                    <effectiveTime value="201204280945-0800"/>
                                    <value xsi:type="PQ">70<reference value="#ObservationValue_f34e89a4853f2c2bef644a"/>
                                    </value>
                                    <referenceRange>
                                        <observationRange>
                                            <value xsi:type="IVL_PQ">
                                                <low value="40" unit="PERCENT"/>
                                                <high value="74" unit="PERCENT"/>
                                            </value>
                                        </observationRange>
                                    </referenceRange>
                                </observation>
                            </component>
                            <component>
                                <observation classCode="OBS" moodCode="EVN">
                                    <templateId root="2.16.840.1.113883.10.20.1.31"/>
                                    <templateId root="1.3.6.1.4.1.19376.1.5.3.1.4.13"/>
                                    <templateId root="2.16.840.1.113883.3.88.11.83.15.1"/>
                                    <id root="9e83c6ed-cd3b-47d0-86ec-43a087b0c6b7"/>
                                    <code code="#MNLYM" codeSystemName="L" displayName="MAN LYMPH"/>
                                    <text>MAN LYMPH<reference value="#Observation_304eb0933f247a5eaa6055"/>
                                    </text>
                                    <statusCode code="completed"/>
                                    <effectiveTime value="201204280945-0800"/>
                                    <value xsi:type="PQ">21<reference value="#ObservationValue_d1426a97c54969422bf54f"/>
                                    </value>
                                    <interpretationCode code="N" codeSystem="2.16.840.1.113883.5.83" codeSystemName="Observation Interpretation" displayName="Normal"/>
                                    <referenceRange>
                                        <observationRange>
                                            <value xsi:type="IVL_PQ">
                                                <low value="19" unit="PERCENT"/>
                                                <high value="48" unit="PERCENT"/>
                                            </value>
                                        </observationRange>
                                    </referenceRange>
                                </observation>
                            </component>
                            <component>
                                <observation classCode="OBS" moodCode="EVN">
                                    <templateId root="2.16.840.1.113883.10.20.1.31"/>
                                    <templateId root="1.3.6.1.4.1.19376.1.5.3.1.4.13"/>
                                    <templateId root="2.16.840.1.113883.3.88.11.83.15.1"/>
                                    <id root="b082a8c0-26df-488e-a838-e05fc587e561"/>
                                    <code code="#MNMNO" codeSystemName="L" displayName="MAN MONO"/>
                                    <text>MAN MONO<reference value="#Observation_8b46cdb9327026abef2f83"/>
                                    </text>
                                    <statusCode code="completed"/>
                                    <effectiveTime value="201204280945-0800"/>
                                    <value xsi:type="PQ">8<reference value="#ObservationValue_524584b0731dae72d569e5"/>
                                    </value>
                                    <referenceRange>
                                        <observationRange>
                                            <value xsi:type="IVL_PQ">
                                                <low value="4" unit="PERCENT"/>
                                                <high value="9" unit="PERCENT"/>
                                            </value>
                                        </observationRange>
                                    </referenceRange>
                                </observation>
                            </component>
                            <component>
                                <observation classCode="OBS" moodCode="EVN">
                                    <templateId root="2.16.840.1.113883.10.20.1.31"/>
                                    <templateId root="1.3.6.1.4.1.19376.1.5.3.1.4.13"/>
                                    <templateId root="2.16.840.1.113883.3.88.11.83.15.1"/>
                                    <id root="af2b2fa1-041d-411f-844c-0f44be93f478"/>
                                    <code code="#MNEOS" codeSystemName="L" displayName="MAN EOS"/>
                                    <text>MAN EOS<reference value="#Observation_b148198315fc9a2be9f70e"/>
                                    </text>
                                    <statusCode code="completed"/>
                                    <effectiveTime value="201204280945-0800"/>
                                    <value xsi:type="PQ">3<reference value="#ObservationValue_f749239761fc7ecf9fbaf1"/>
                                    </value>
                                    <referenceRange>
                                        <observationRange>
                                            <value xsi:type="IVL_PQ">
                                                <low value="0" unit="PERCENT"/>
                                                <high value="7" unit="PERCENT"/>
                                            </value>
                                        </observationRange>
                                    </referenceRange>
                                </observation>
                            </component>
                            <component>
                                <observation classCode="OBS" moodCode="EVN">
                                    <templateId root="2.16.840.1.113883.10.20.1.31"/>
                                    <templateId root="1.3.6.1.4.1.19376.1.5.3.1.4.13"/>
                                    <templateId root="2.16.840.1.113883.3.88.11.83.15.1"/>
                                    <id root="67828049-e638-43de-961b-bf31f1269df6"/>
                                    <code code="#MNBAS" codeSystemName="L" displayName="MAN BASO"/>
                                    <text>MAN BASO<reference value="#Observation_394c85837c7427860dd088"/>
                                    </text>
                                    <statusCode code="completed"/>
                                    <effectiveTime value="201204280945-0800"/>
                                    <value xsi:type="PQ">0<reference value="#ObservationValue_7a4cde8c02d5045bec2f70"/>
                                    </value>
                                    <referenceRange>
                                        <observationRange>
                                            <value xsi:type="IVL_PQ">
                                                <low value="0" unit="PERCENT"/>
                                                <high value="2" unit="PERCENT"/>
                                            </value>
                                        </observationRange>
                                    </referenceRange>
                                </observation>
                            </component>
                            <component>
                                <observation classCode="OBS" moodCode="EVN">
                                    <templateId root="2.16.840.1.113883.10.20.1.31"/>
                                    <templateId root="1.3.6.1.4.1.19376.1.5.3.1.4.13"/>
                                    <templateId root="2.16.840.1.113883.3.88.11.83.15.1"/>
                                    <id root="3c8d9516-b64f-4fee-897d-b2e470f163eb"/>
                                    <code code="#MNMET" codeSystemName="L" displayName="MAN METAMYL"/>
                                    <text>MAN METAMYL<reference value="#Observation_b04221bffb5fdb3287c3b4"/>
                                    </text>
                                    <statusCode code="completed"/>
                                    <effectiveTime value="201204280945-0800"/>
                                    <value xsi:type="PQ">0<reference value="#ObservationValue_fc4db48dddcae5c1808b1e"/>
                                    </value>
                                    <referenceRange>
                                        <observationRange>
                                            <value xsi:type="IVL_PQ">
                                                <low value="0" unit="PERCENT"/>
                                                <high value="1" unit="PERCENT"/>
                                            </value>
                                        </observationRange>
                                    </referenceRange>
                                </observation>
                            </component>
                            <component>
                                <observation classCode="OBS" moodCode="EVN">
                                    <templateId root="2.16.840.1.113883.10.20.1.31"/>
                                    <templateId root="1.3.6.1.4.1.19376.1.5.3.1.4.13"/>
                                    <templateId root="2.16.840.1.113883.3.88.11.83.15.1"/>
                                    <id root="fed2ee21-d5af-4f52-931f-42d293441c4d"/>
                                    <code code="#MNMYL" codeSystemName="L" displayName="MAN MYELOCYTE"/>
                                    <text>MAN MYELOCYTE<reference value="#Observation_a940e88da8b12a0b535ab5"/>
                                    </text>
                                    <statusCode code="completed"/>
                                    <effectiveTime value="201204280945-0800"/>
                                    <value xsi:type="PQ">0<reference value="#ObservationValue_cf45a188bbac328e2c85a2"/>
                                    </value>
                                    <referenceRange>
                                        <observationRange>
                                            <value xsi:type="IVL_PQ">
                                                <low value="0" unit="PERCENT"/>
                                                <high value="1" unit="PERCENT"/>
                                            </value>
                                        </observationRange>
                                    </referenceRange>
                                </observation>
                            </component>
                            <component>
                                <observation classCode="OBS" moodCode="EVN">
                                    <templateId root="2.16.840.1.113883.10.20.1.31"/>
                                    <templateId root="1.3.6.1.4.1.19376.1.5.3.1.4.13"/>
                                    <templateId root="2.16.840.1.113883.3.88.11.83.15.1"/>
                                    <id root="9d96f3ca-9fed-45d1-9d12-dfee4681a4e6"/>
                                    <code code="#MNPRO" codeSystemName="L" displayName="MAN PROMYELO"/>
                                    <text>MAN PROMYELO<reference value="#Observation_184ec491c1fd90c52e1528"/>
                                    </text>
                                    <statusCode code="completed"/>
                                    <effectiveTime value="201204280945-0800"/>
                                    <value xsi:type="PQ">0<reference value="#ObservationValue_c441a09fea8b1e9ab208c1"/>
                                    </value>
                                    <referenceRange>
                                        <observationRange>
                                            <value xsi:type="IVL_PQ">
                                                <low value="0" unit="PERCENT"/>
                                                <high value="0" unit="PERCENT"/>
                                            </value>
                                        </observationRange>
                                    </referenceRange>
                                </observation>
                            </component>
                            <component>
                                <observation classCode="OBS" moodCode="EVN">
                                    <templateId root="2.16.840.1.113883.10.20.1.31"/>
                                    <templateId root="1.3.6.1.4.1.19376.1.5.3.1.4.13"/>
                                    <templateId root="2.16.840.1.113883.3.88.11.83.15.1"/>
                                    <id root="9af9be5c-6f05-4a87-95d1-d0bd1c2a1410"/>
                                    <code code="#MNBLS" codeSystemName="L" displayName="MAN BLASTS"/>
                                    <text>MAN BLASTS<reference value="#Observation_96435f86d626923a20e04c"/>
                                    </text>
                                    <statusCode code="completed"/>
                                    <effectiveTime value="201204280945-0800"/>
                                    <value xsi:type="PQ">0<reference value="#ObservationValue_75442cbae2061c1fb7ab61"/>
                                    </value>
                                    <referenceRange>
                                        <observationRange>
                                            <value xsi:type="IVL_PQ">
                                                <low value="0" unit="PERCENT"/>
                                                <high value="0" unit="PERCENT"/>
                                            </value>
                                        </observationRange>
                                    </referenceRange>
                                </observation>
                            </component>
                            <component>
                                <observation classCode="OBS" moodCode="EVN">
                                    <templateId root="2.16.840.1.113883.10.20.1.31"/>
                                    <templateId root="1.3.6.1.4.1.19376.1.5.3.1.4.13"/>
                                    <templateId root="2.16.840.1.113883.3.88.11.83.15.1"/>
                                    <id root="611d1633-72c5-4daa-b4d2-ea9fa3399e88"/>
                                    <code code="#ESPLT" codeSystemName="L" displayName="PLATELET (EST)"/>
                                    <text>PLATELET (EST)<reference value="#Observation_814574bdc1ae9d77d4ab88"/>
                                    </text>
                                    <statusCode code="completed"/>
                                    <effectiveTime value="201204280945-0800"/>
                                    <value xsi:type="ED">10-12<reference value="#ObservationValue_c643e4922885287d05e951"/>
                                    </value>
                                    <entryRelationship typeCode="SUBJ" inversionInd="true">
                                        <act classCode="ACT" moodCode="EVN">
                                            <templateId root="2.16.840.1.113883.10.20.1.40"/>
                                            <templateId root="2.16.840.1.113883.3.88.11.83.11"/>
                                            <templateId root="1.3.6.1.4.1.19376.1.5.3.1.4.2"/>
                                            <code code="48767-8" codeSystem="2.16.840.1.113883.6.1" codeSystemName="LOINC" displayName="Annotation Comment"/>
                                            <text>PLATELET COUNT CONSISTENT  WITH SLIDE REVIEW ESPLT  EACH PLATELET PER OIL IMMERSION FIELD REPRESENTS APPROXIMATELY        TWENTY THOUSAND PLATELETS PER CUBIC MILLIMETER.<reference value="Comment_bb4d40b0ffa021d3815e1b"/>
                                            </text>
                                            <statusCode code="completed"/>
                                        </act>
                                    </entryRelationship>
                                    <referenceRange>
                                        <observationRange>
                                            <value xsi:type="IVL_PQ">
                                                <low value="7" unit="PER_OIF"/>
                                                <high value="20" unit="PER_OIF"/>
                                            </value>
                                        </observationRange>
                                    </referenceRange>
                                </observation>
                            </component>
                        </organizer>
                    </entry>
<entry>
                        <organizer classCode="BATTERY" moodCode="EVN">
                            <templateId root="2.16.840.1.113883.10.20.1.32"/>
                            <id root="541bbe20-5806-4d14-9fec-c0f6f3d5e92d"/>
                            <code code="CBC" codeSystemName="L" displayName="CBC">
                                <translation code="LAB"/>
                            </code>
                            <statusCode code="completed"/>
                            <component>
                                <procedure classCode="PROC" moodCode="EVN">
                                    <templateId root="2.16.840.1.113883.10.20.1.29"/>
                                    <templateId root="1.3.6.1.4.1.19376.1.5.3.1.4.19"/>
                                    <templateId root="2.16.840.1.113883.3.88.11.83.17"/>
                                    <id root="7ad5cd2d-aae1-425d-93a9-33e973d5a12d"/>
                                    <code nullFlavor="NI">
                                        <originalText>CBC</originalText>
                                    </code>
                                    <text>CBC</text>
                                    <statusCode code="completed"/>
                                    <effectiveTime>
                                        <low value="201205090945-0800"/>
                                    </effectiveTime>
                                    <priorityCode code="S" codeSystem="2.16.840.1.113883.3.88.12.80.71" codeSystemName="Order Priority" displayName="Stat"/>
                                    <participant typeCode="RESP" contextControlCode="OP">
                                        <participantRole>
                                            <addr nullFlavor="NI"/>
                                            <playingEntity>
                                                <name>
                                                    <given>Unnamed</given>
                                                    <family>User</family>
                                                </name>
                                            </playingEntity>
                                        </participantRole>
                                    </participant>
                                    <participant typeCode="ATND" contextControlCode="OP">
                                        <participantRole>
                                            <addr nullFlavor="NI"/>
                                            <playingEntity>
                                                <name>
                                                    <given>Test</given>
                                                    <family>Userone</family>
                                                </name>
                                            </playingEntity>
                                        </participantRole>
                                    </participant>
                                    <participant typeCode="ADM" contextControlCode="OP">
                                        <participantRole>
                                            <addr nullFlavor="NI"/>
                                            <playingEntity>
                                                <name>
                                                    <given>Test</given>
                                                    <family>Faxuser</family>
                                                </name>
                                            </playingEntity>
                                        </participantRole>
                                    </participant>
                                    <participant typeCode="REF" contextControlCode="OP">
                                        <participantRole>
                                            <addr nullFlavor="NI"/>
                                            <playingEntity>
                                                <name>
                                                    <given>Test</given>
                                                    <family>Faxuser</family>
                                                </name>
                                            </playingEntity>
                                        </participantRole>
                                    </participant>
                                    <participant typeCode="ORG" contextControlCode="OP">
                                        <participantRole>
                                            <addr nullFlavor="NI"/>
                                            <telecom nullFlavor="NI"/>
                                            <playingEntity>
                                                <name>UniLab</name>
                                            </playingEntity>
                                        </participantRole>
                                    </participant>
                                </procedure>
                            </component>
                            <component>
                                <observation classCode="OBS" moodCode="EVN">
                                    <templateId root="2.16.840.1.113883.10.20.1.31"/>
                                    <templateId root="1.3.6.1.4.1.19376.1.5.3.1.4.13"/>
                                    <templateId root="2.16.840.1.113883.3.88.11.83.15.1"/>
                                    <id root="f5d9801c-0321-4687-a68e-89c6c4edab69"/>
                                    <code code="#WBC" codeSystemName="L" displayName="WBC"/>
                                    <text>WBC<reference value="#Observation_9a48c8845fd07601a62b7a"/>
                                    </text>
                                    <statusCode code="completed"/>
                                    <effectiveTime value="201205090945-0800"/>
                                    <value xsi:type="PQ">8.13<reference value="#ObservationValue_5248ada4f6cae671980930"/>
                                    </value>
                                    <referenceRange>
                                        <observationRange>
                                            <value xsi:type="IVL_PQ">
                                                <low value="4.80" unit="THOUSAND"/>
                                                <high value="10.80" unit="THOUSAND"/>
                                            </value>
                                        </observationRange>
                                    </referenceRange>
                                </observation>
                            </component>
                            <component>
                                <observation classCode="OBS" moodCode="EVN">
                                    <templateId root="2.16.840.1.113883.10.20.1.31"/>
                                    <templateId root="1.3.6.1.4.1.19376.1.5.3.1.4.13"/>
                                    <templateId root="2.16.840.1.113883.3.88.11.83.15.1"/>
                                    <id root="e5b22625-f2df-403f-a978-28a00ee1a90c"/>
                                    <code code="#HGB" codeSystemName="L" displayName="HGB"/>
                                    <text>HGB<reference value="#Observation_5244b7a692d333acc0662a"/>
                                    </text>
                                    <statusCode code="completed"/>
                                    <effectiveTime value="201205090945-0800"/>
                                    <value xsi:type="PQ">14.4<reference value="#ObservationValue_e244bbb6d2cc511a619325"/>
                                    </value>
                                    <referenceRange>
                                        <observationRange>
                                            <value xsi:type="IVL_PQ">
                                                <low value="14.0" unit="G/dl"/>
                                                <high value="18.0" unit="G/dl"/>
                                            </value>
                                        </observationRange>
                                    </referenceRange>
                                </observation>
                            </component>
                            <component>
                                <observation classCode="OBS" moodCode="EVN">
                                    <templateId root="2.16.840.1.113883.10.20.1.31"/>
                                    <templateId root="1.3.6.1.4.1.19376.1.5.3.1.4.13"/>
                                    <templateId root="2.16.840.1.113883.3.88.11.83.15.1"/>
                                    <id root="3a3aa3a4-5e5b-4758-867f-e80cabb677f7"/>
                                    <code code="#HCT" codeSystemName="L" displayName="HCT"/>
                                    <text>HCT<reference value="#Observation_704ca6959ac1a90a26081a"/>
                                    </text>
                                    <statusCode code="completed"/>
                                    <effectiveTime value="201205090945-0800"/>
                                    <value xsi:type="PQ">44.2<reference value="#ObservationValue_4742b095615b499f92be06"/>
                                    </value>
                                    <referenceRange>
                                        <observationRange>
                                            <value xsi:type="IVL_PQ">
                                                <low value="42.0" unit="PERCENT"/>
                                                <high value="54.0" unit="PERCENT"/>
                                            </value>
                                        </observationRange>
                                    </referenceRange>
                                </observation>
                            </component>
                            <component>
                                <observation classCode="OBS" moodCode="EVN">
                                    <templateId root="2.16.840.1.113883.10.20.1.31"/>
                                    <templateId root="1.3.6.1.4.1.19376.1.5.3.1.4.13"/>
                                    <templateId root="2.16.840.1.113883.3.88.11.83.15.1"/>
                                    <id root="3a7317ee-6fef-413f-a2a8-e29bc24d9d2a"/>
                                    <code code="#PLT" codeSystemName="L" displayName="PLATELETS"/>
                                    <text>PLATELETS<reference value="#Observation_634eebb4ede9031ca05595"/>
                                    </text>
                                    <statusCode code="completed"/>
                                    <effectiveTime value="201205090945-0800"/>
                                    <value xsi:type="PQ">137<reference value="#ObservationValue_6940ab93e936e2a259887a"/>
                                    </value>
                                    <interpretationCode code="N" codeSystem="2.16.840.1.113883.5.83" codeSystemName="Observation Interpretation" displayName="Normal"/>
                                    <referenceRange>
                                        <observationRange>
                                            <value xsi:type="IVL_PQ">
                                                <low value="130" unit="THOUSAND"/>
                                                <high value="400" unit="THOUSAND"/>
                                            </value>
                                        </observationRange>
                                    </referenceRange>
                                </observation>
                            </component>
                            <component>
                                <observation classCode="OBS" moodCode="EVN">
                                    <templateId root="2.16.840.1.113883.10.20.1.31"/>
                                    <templateId root="1.3.6.1.4.1.19376.1.5.3.1.4.13"/>
                                    <templateId root="2.16.840.1.113883.3.88.11.83.15.1"/>
                                    <id root="e206c135-009e-4253-b44c-d7e0c585f7ea"/>
                                    <code code="#RBC" codeSystemName="L" displayName="RBC"/>
                                    <text>RBC<reference value="#Observation_82419d9445b2e17121a6a4"/>
                                    </text>
                                    <statusCode code="completed"/>
                                    <effectiveTime value="201205090945-0800"/>
                                    <value xsi:type="PQ">4.81<reference value="#ObservationValue_bc4c368eabd7089b260878"/>
                                    </value>
                                    <referenceRange>
                                        <observationRange>
                                            <value xsi:type="IVL_PQ">
                                                <low value="4.70" unit="MILLION"/>
                                                <high value="6.10" unit="MILLION"/>
                                            </value>
                                        </observationRange>
                                    </referenceRange>
                                </observation>
                            </component>
                            <component>
                                <observation classCode="OBS" moodCode="EVN">
                                    <templateId root="2.16.840.1.113883.10.20.1.31"/>
                                    <templateId root="1.3.6.1.4.1.19376.1.5.3.1.4.13"/>
                                    <templateId root="2.16.840.1.113883.3.88.11.83.15.1"/>
                                    <id root="65ac2290-b2cb-4a35-a330-852d8fe50f37"/>
                                    <code code="#MCV" codeSystemName="L" displayName="MCV"/>
                                    <text>MCV<reference value="#Observation_4547b0b6dc93f6d6286003"/>
                                    </text>
                                    <statusCode code="completed"/>
                                    <effectiveTime value="201205090945-0800"/>
                                    <value xsi:type="PQ">92.2<reference value="#ObservationValue_f544459803c88ab167510b"/>
                                    </value>
                                    <referenceRange>
                                        <observationRange>
                                            <value xsi:type="IVL_PQ">
                                                <low value="83.0" unit="fl"/>
                                                <high value="99.0" unit="fl"/>
                                            </value>
                                        </observationRange>
                                    </referenceRange>
                                </observation>
                            </component>
                            <component>
                                <observation classCode="OBS" moodCode="EVN">
                                    <templateId root="2.16.840.1.113883.10.20.1.31"/>
                                    <templateId root="1.3.6.1.4.1.19376.1.5.3.1.4.13"/>
                                    <templateId root="2.16.840.1.113883.3.88.11.83.15.1"/>
                                    <id root="321c851b-2c68-4a83-9ad2-90472353b676"/>
                                    <code code="#MCH" codeSystemName="L" displayName="MCH"/>
                                    <text>MCH<reference value="#Observation_484bcebb5a0a8008e68dca"/>
                                    </text>
                                    <statusCode code="completed"/>
                                    <effectiveTime value="201205090945-0800"/>
                                    <value xsi:type="PQ">30.6<reference value="#ObservationValue_f3499a970073ffd762f431"/>
                                    </value>
                                    <referenceRange>
                                        <observationRange>
                                            <value xsi:type="IVL_PQ">
                                                <low value="27.0" unit="pg"/>
                                                <high value="32.0" unit="pg"/>
                                            </value>
                                        </observationRange>
                                    </referenceRange>
                                </observation>
                            </component>
                            <component>
                                <observation classCode="OBS" moodCode="EVN">
                                    <templateId root="2.16.840.1.113883.10.20.1.31"/>
                                    <templateId root="1.3.6.1.4.1.19376.1.5.3.1.4.13"/>
                                    <templateId root="2.16.840.1.113883.3.88.11.83.15.1"/>
                                    <id root="9d82c56c-ff60-45ae-839f-c25354b0097e"/>
                                    <code code="#MCHC" codeSystemName="L" displayName="MCHC"/>
                                    <text>MCHC<reference value="#Observation_c44d25b1f78404436cc9c9"/>
                                    </text>
                                    <statusCode code="completed"/>
                                    <effectiveTime value="201205090945-0800"/>
                                    <value xsi:type="PQ">33.3<reference value="#ObservationValue_a8474eae7d6cd3b2175409"/>
                                    </value>
                                    <referenceRange>
                                        <observationRange>
                                            <value xsi:type="IVL_PQ">
                                                <low value="32.0" unit="G/dl"/>
                                                <high value="37.0" unit="G/dl"/>
                                            </value>
                                        </observationRange>
                                    </referenceRange>
                                </observation>
                            </component>
                            <component>
                                <observation classCode="OBS" moodCode="EVN">
                                    <templateId root="2.16.840.1.113883.10.20.1.31"/>
                                    <templateId root="1.3.6.1.4.1.19376.1.5.3.1.4.13"/>
                                    <templateId root="2.16.840.1.113883.3.88.11.83.15.1"/>
                                    <id root="1d62cbdb-f432-418c-b9e1-dd1c83d2ce81"/>
                                    <code code="#RDW" codeSystemName="L" displayName="RDW"/>
                                    <text>RDW<reference value="#Observation_394aea942bce6201632166"/>
                                    </text>
                                    <statusCode code="completed"/>
                                    <effectiveTime value="201205090945-0800"/>
                                    <value xsi:type="PQ">13<reference value="#ObservationValue_734df794745844233d9c3a"/>
                                    </value>
                                    <interpretationCode code="N" codeSystem="2.16.840.1.113883.5.83" codeSystemName="Observation Interpretation" displayName="Normal"/>
                                    <referenceRange>
                                        <observationRange>
                                            <value xsi:type="IVL_PQ">
                                                <low value="11.5" unit="PERCENT"/>
                                                <high value="14.5" unit="PERCENT"/>
                                            </value>
                                        </observationRange>
                                    </referenceRange>
                                </observation>
                            </component>
                            <component>
                                <observation classCode="OBS" moodCode="EVN">
                                    <templateId root="2.16.840.1.113883.10.20.1.31"/>
                                    <templateId root="1.3.6.1.4.1.19376.1.5.3.1.4.13"/>
                                    <templateId root="2.16.840.1.113883.3.88.11.83.15.1"/>
                                    <id root="fb58ae0b-e9d4-44e6-b63a-acdfdef319ab"/>
                                    <code code="#NEUT" codeSystemName="L" displayName="NEUT"/>
                                    <text>NEUT<reference value="#Observation_e74a488281cdf224bc069e"/>
                                    </text>
                                    <statusCode code="completed"/>
                                    <effectiveTime value="201205090945-0800"/>
                                    <value xsi:type="PQ">68<reference value="#ObservationValue_e846d4a55ca1df02886685"/>
                                    </value>
                                    <interpretationCode code="N" codeSystem="2.16.840.1.113883.5.83" codeSystemName="Observation Interpretation" displayName="Normal"/>
                                    <referenceRange>
                                        <observationRange>
                                            <value xsi:type="IVL_PQ">
                                                <low value="40.0" unit="PERCENT"/>
                                                <high value="74.0" unit="PERCENT"/>
                                            </value>
                                        </observationRange>
                                    </referenceRange>
                                </observation>
                            </component>
                            <component>
                                <observation classCode="OBS" moodCode="EVN">
                                    <templateId root="2.16.840.1.113883.10.20.1.31"/>
                                    <templateId root="1.3.6.1.4.1.19376.1.5.3.1.4.13"/>
                                    <templateId root="2.16.840.1.113883.3.88.11.83.15.1"/>
                                    <id root="660b1e1b-be76-480e-a333-1aeeb858005f"/>
                                    <code code="#LYMPH" codeSystemName="L" displayName="LYMPH"/>
                                    <text>LYMPH<reference value="#Observation_99456cb3bab570ce36d175"/>
                                    </text>
                                    <statusCode code="completed"/>
                                    <effectiveTime value="201205090945-0800"/>
                                    <value xsi:type="PQ">20<reference value="#ObservationValue_e6410c889b7ed3a8dc4b73"/>
                                    </value>
                                    <interpretationCode code="N" codeSystem="2.16.840.1.113883.5.83" codeSystemName="Observation Interpretation" displayName="Normal"/>
                                    <referenceRange>
                                        <observationRange>
                                            <value xsi:type="IVL_PQ">
                                                <low value="19.0" unit="PERCENT"/>
                                                <high value="48.0" unit="PERCENT"/>
                                            </value>
                                        </observationRange>
                                    </referenceRange>
                                </observation>
                            </component>
                            <component>
                                <observation classCode="OBS" moodCode="EVN">
                                    <templateId root="2.16.840.1.113883.10.20.1.31"/>
                                    <templateId root="1.3.6.1.4.1.19376.1.5.3.1.4.13"/>
                                    <templateId root="2.16.840.1.113883.3.88.11.83.15.1"/>
                                    <id root="b260ff9a-9c20-4791-8587-d18993f2b59a"/>
                                    <code code="#MONO" codeSystemName="L" displayName="MONO"/>
                                    <text>MONO<reference value="#Observation_49451eb435ed17379e115a"/>
                                    </text>
                                    <statusCode code="completed"/>
                                    <effectiveTime value="201205090945-0800"/>
                                    <value xsi:type="PQ">8.7<reference value="#ObservationValue_6e4543a2850fefaca3f263"/>
                                    </value>
                                    <interpretationCode code="N" codeSystem="2.16.840.1.113883.5.83" codeSystemName="Observation Interpretation" displayName="Normal"/>
                                    <referenceRange>
                                        <observationRange>
                                            <value xsi:type="IVL_PQ">
                                                <low value="3.5" unit="PERCENT"/>
                                                <high value="9.0" unit="PERCENT"/>
                                            </value>
                                        </observationRange>
                                    </referenceRange>
                                </observation>
                            </component>
                            <component>
                                <observation classCode="OBS" moodCode="EVN">
                                    <templateId root="2.16.840.1.113883.10.20.1.31"/>
                                    <templateId root="1.3.6.1.4.1.19376.1.5.3.1.4.13"/>
                                    <templateId root="2.16.840.1.113883.3.88.11.83.15.1"/>
                                    <id root="3cfe6c82-0e39-4171-bd69-052f7827bfc2"/>
                                    <code code="#EOS" codeSystemName="L" displayName="EOS"/>
                                    <text>EOS<reference value="#Observation_8c424785f59a6d2e5bfbf6"/>
                                    </text>
                                    <statusCode code="completed"/>
                                    <effectiveTime value="201205090945-0800"/>
                                    <value xsi:type="PQ">0.7<reference value="#ObservationValue_734e92b258d81ecbd2bf9c"/>
                                    </value>
                                    <referenceRange>
                                        <observationRange>
                                            <value xsi:type="IVL_PQ">
                                                <low value="0.0" unit="PERCENT"/>
                                                <high value="7.0" unit="PERCENT"/>
                                            </value>
                                        </observationRange>
                                    </referenceRange>
                                </observation>
                            </component>
                            <component>
                                <observation classCode="OBS" moodCode="EVN">
                                    <templateId root="2.16.840.1.113883.10.20.1.31"/>
                                    <templateId root="1.3.6.1.4.1.19376.1.5.3.1.4.13"/>
                                    <templateId root="2.16.840.1.113883.3.88.11.83.15.1"/>
                                    <id root="53d3a3ba-73a4-46ad-a145-1491cd910141"/>
                                    <code code="#BASO" codeSystemName="L" displayName="BASO"/>
                                    <text>BASO<reference value="#Observation_85441a965052326973eef0"/>
                                    </text>
                                    <statusCode code="completed"/>
                                    <effectiveTime value="201205090945-0800"/>
                                    <value xsi:type="PQ">0.6<reference value="#ObservationValue_63473588349a8d6b76281f"/>
                                    </value>
                                    <referenceRange>
                                        <observationRange>
                                            <value xsi:type="IVL_PQ">
                                                <low value="0.0" unit="PERCENT"/>
                                                <high value="1.5" unit="PERCENT"/>
                                            </value>
                                        </observationRange>
                                    </referenceRange>
                                </observation>
                            </component>
                            <component>
                                <observation classCode="OBS" moodCode="EVN">
                                    <templateId root="2.16.840.1.113883.10.20.1.31"/>
                                    <templateId root="1.3.6.1.4.1.19376.1.5.3.1.4.13"/>
                                    <templateId root="2.16.840.1.113883.3.88.11.83.15.1"/>
                                    <id root="8f37ae17-6cc7-4344-9c0b-78807023199d"/>
                                    <code code="#LUC" codeSystemName="L" displayName="LGE UNST.CELL"/>
                                    <text>LGE UNST.CELL<reference value="#Observation_da4dff84aa950bd4790b9e"/>
                                    </text>
                                    <statusCode code="completed"/>
                                    <effectiveTime value="201205090945-0800"/>
                                    <value xsi:type="PQ">0.9<reference value="#ObservationValue_6a414f9f5c23db3a9b7105"/>
                                    </value>
                                    <referenceRange>
                                        <observationRange>
                                            <value xsi:type="IVL_PQ">
                                                <low value="0.0" unit="PERCENT"/>
                                                <high value="4.0" unit="PERCENT"/>
                                            </value>
                                        </observationRange>
                                    </referenceRange>
                                </observation>
                            </component>
                            <component>
                                <observation classCode="OBS" moodCode="EVN">
                                    <templateId root="2.16.840.1.113883.10.20.1.31"/>
                                    <templateId root="1.3.6.1.4.1.19376.1.5.3.1.4.13"/>
                                    <templateId root="2.16.840.1.113883.3.88.11.83.15.1"/>
                                    <id root="17b15fc9-08ed-48d1-944e-0f993e15f416"/>
                                    <code code="##NEUT" codeSystemName="L" displayName="NEUT ABS"/>
                                    <text>NEUT ABS<reference value="#Observation_d34a249f2890baa671c893"/>
                                    </text>
                                    <statusCode code="completed"/>
                                    <effectiveTime value="201205090945-0800"/>
                                    <value xsi:type="PQ">6.50<reference value="#ObservationValue_874c0d8dc37920bdfbccd3"/>
                                    </value>
                                    <referenceRange>
                                        <observationRange>
                                            <value xsi:type="IVL_PQ">
                                                <low value="1.90" unit="THOUSAND"/>
                                                <high value="8.00" unit="THOUSAND"/>
                                            </value>
                                        </observationRange>
                                    </referenceRange>
                                </observation>
                            </component>
                            <component>
                                <observation classCode="OBS" moodCode="EVN">
                                    <templateId root="2.16.840.1.113883.10.20.1.31"/>
                                    <templateId root="1.3.6.1.4.1.19376.1.5.3.1.4.13"/>
                                    <templateId root="2.16.840.1.113883.3.88.11.83.15.1"/>
                                    <id root="90268b9b-a226-4d98-a464-8752665ca2be"/>
                                    <code code="##LYMP" codeSystemName="L" displayName="LYMPH ABS"/>
                                    <text>LYMPH ABS<reference value="#Observation_4849b087405177d9863278"/>
                                    </text>
                                    <statusCode code="completed"/>
                                    <effectiveTime value="201205090945-0800"/>
                                    <value xsi:type="PQ">1.4<reference value="#ObservationValue_f548b8ae456e9f856b0210"/>
                                    </value>
                                    <interpretationCode code="N" codeSystem="2.16.840.1.113883.5.83" codeSystemName="Observation Interpretation" displayName="Normal"/>
                                    <referenceRange>
                                        <observationRange>
                                            <value xsi:type="IVL_PQ">
                                                <low value="0.90" unit="THOUSAND"/>
                                                <high value="5.20" unit="THOUSAND"/>
                                            </value>
                                        </observationRange>
                                    </referenceRange>
                                </observation>
                            </component>
                            <component>
                                <observation classCode="OBS" moodCode="EVN">
                                    <templateId root="2.16.840.1.113883.10.20.1.31"/>
                                    <templateId root="1.3.6.1.4.1.19376.1.5.3.1.4.13"/>
                                    <templateId root="2.16.840.1.113883.3.88.11.83.15.1"/>
                                    <id root="bca66e3c-53b5-4a99-a3f4-742c9e5cd0b2"/>
                                    <code code="##MONO" codeSystemName="L" displayName="MONO ABS"/>
                                    <text>MONO ABS<reference value="#Observation_044bfdbb68f5e4aff51c02"/>
                                    </text>
                                    <statusCode code="completed"/>
                                    <effectiveTime value="201205090945-0800"/>
                                    <value xsi:type="PQ">0.80<reference value="#ObservationValue_6c474eb74f733eb13423f7"/>
                                    </value>
                                    <referenceRange>
                                        <observationRange>
                                            <value xsi:type="IVL_PQ">
                                                <low value="0.16" unit="THOUSAND"/>
                                                <high value="1.00" unit="THOUSAND"/>
                                            </value>
                                        </observationRange>
                                    </referenceRange>
                                </observation>
                            </component>
                            <component>
                                <observation classCode="OBS" moodCode="EVN">
                                    <templateId root="2.16.840.1.113883.10.20.1.31"/>
                                    <templateId root="1.3.6.1.4.1.19376.1.5.3.1.4.13"/>
                                    <templateId root="2.16.840.1.113883.3.88.11.83.15.1"/>
                                    <id root="ace5012f-1c8f-47a9-9692-3467dfe0f7ae"/>
                                    <code code="EOS" codeSystemName="L" displayName="EOS ABS"/>
                                    <text>EOS ABS<reference value="#Observation_5b41809a7608acf255c127"/>
                                    </text>
                                    <statusCode code="completed"/>
                                    <effectiveTime value="201205090945-0800"/>
                                    <value xsi:type="PQ">0.07<reference value="#ObservationValue_894c7baa38b15bc638d515"/>
                                    </value>
                                    <referenceRange>
                                        <observationRange>
                                            <value xsi:type="IVL_PQ">
                                                <low value="0.00" unit="THOUSAND"/>
                                                <high value="0.80" unit="THOUSAND"/>
                                            </value>
                                        </observationRange>
                                    </referenceRange>
                                </observation>
                            </component>
                            <component>
                                <observation classCode="OBS" moodCode="EVN">
                                    <templateId root="2.16.840.1.113883.10.20.1.31"/>
                                    <templateId root="1.3.6.1.4.1.19376.1.5.3.1.4.13"/>
                                    <templateId root="2.16.840.1.113883.3.88.11.83.15.1"/>
                                    <id root="8ec826cb-3f76-42f3-a90d-f2a18e78e027"/>
                                    <code code="BASO" codeSystemName="L" displayName="BASO ABS"/>
                                    <text>BASO ABS<reference value="#Observation_7d4c6786e717e8efbbe4fa"/>
                                    </text>
                                    <statusCode code="completed"/>
                                    <effectiveTime value="201205090945-0800"/>
                                    <value xsi:type="PQ">0.08<reference value="#ObservationValue_3f4e9e9f5f927937cc9fc6"/>
                                    </value>
                                    <referenceRange>
                                        <observationRange>
                                            <value xsi:type="IVL_PQ">
                                                <low value="0.00" unit="THOUSAND"/>
                                                <high value="0.20" unit="THOUSAND"/>
                                            </value>
                                        </observationRange>
                                    </referenceRange>
                                </observation>
                            </component>
                            <component>
                                <observation classCode="OBS" moodCode="EVN">
                                    <templateId root="2.16.840.1.113883.10.20.1.31"/>
                                    <templateId root="1.3.6.1.4.1.19376.1.5.3.1.4.13"/>
                                    <templateId root="2.16.840.1.113883.3.88.11.83.15.1"/>
                                    <id root="ff2ad8a7-a1f5-45cf-91ac-560601b96f9b"/>
                                    <code code="##LUC" codeSystemName="L" displayName="LUC ABS"/>
                                    <text>LUC ABS<reference value="#Observation_16437f8f48d1afee31a83c"/>
                                    </text>
                                    <statusCode code="completed"/>
                                    <effectiveTime value="201205090945-0800"/>
                                    <value xsi:type="PQ">0.07<reference value="#ObservationValue_6c49b9a356481592990e0d"/>
                                    </value>
                                    <referenceRange>
                                        <observationRange>
                                            <value xsi:type="IVL_PQ">
                                                <low value="0.00" unit="THOUSAND"/>
                                                <high value="0.40" unit="THOUSAND"/>
                                            </value>
                                        </observationRange>
                                    </referenceRange>
                                </observation>
                            </component>
                            <component>
                                <observation classCode="OBS" moodCode="EVN">
                                    <templateId root="2.16.840.1.113883.10.20.1.31"/>
                                    <templateId root="1.3.6.1.4.1.19376.1.5.3.1.4.13"/>
                                    <templateId root="2.16.840.1.113883.3.88.11.83.15.1"/>
                                    <id root="de52bdb2-44e9-41e5-9344-4ed24669ac8b"/>
                                    <code code="#MNBND" codeSystemName="L" displayName="MAN BAND NEUT"/>
                                    <text>MAN BAND NEUT<reference value="#Observation_1446cb933e1885df326837"/>
                                    </text>
                                    <statusCode code="completed"/>
                                    <effectiveTime value="201205090945-0800"/>
                                    <value xsi:type="PQ">6<reference value="#ObservationValue_454fedba80f8c2425ba79a"/>
                                    </value>
                                    <interpretationCode code="N" codeSystem="2.16.840.1.113883.5.83" codeSystemName="Observation Interpretation" displayName="Normal"/>
                                    <referenceRange>
                                        <observationRange>
                                            <value xsi:type="IVL_PQ">
                                                <low value="0" unit="PERCENT"/>
                                                <high value="8" unit="PERCENT"/>
                                            </value>
                                        </observationRange>
                                    </referenceRange>
                                </observation>
                            </component>
                            <component>
                                <observation classCode="OBS" moodCode="EVN">
                                    <templateId root="2.16.840.1.113883.10.20.1.31"/>
                                    <templateId root="1.3.6.1.4.1.19376.1.5.3.1.4.13"/>
                                    <templateId root="2.16.840.1.113883.3.88.11.83.15.1"/>
                                    <id root="0a050297-0a2b-4ada-af49-c5f502718216"/>
                                    <code code="#MNSEG" codeSystemName="L" displayName="MAN SEG NEUT"/>
                                    <text>MAN SEG NEUT<reference value="#Observation_d24d838d9d2a3d8484a8d2"/>
                                    </text>
                                    <statusCode code="completed"/>
                                    <effectiveTime value="201205090945-0800"/>
                                    <value xsi:type="PQ">70<reference value="#ObservationValue_f34e89a4853f2c2bef644a"/>
                                    </value>
                                    <referenceRange>
                                        <observationRange>
                                            <value xsi:type="IVL_PQ">
                                                <low value="40" unit="PERCENT"/>
                                                <high value="74" unit="PERCENT"/>
                                            </value>
                                        </observationRange>
                                    </referenceRange>
                                </observation>
                            </component>
                            <component>
                                <observation classCode="OBS" moodCode="EVN">
                                    <templateId root="2.16.840.1.113883.10.20.1.31"/>
                                    <templateId root="1.3.6.1.4.1.19376.1.5.3.1.4.13"/>
                                    <templateId root="2.16.840.1.113883.3.88.11.83.15.1"/>
                                    <id root="9e83c6ed-cd3b-47d0-86ec-43a087b0c6b7"/>
                                    <code code="#MNLYM" codeSystemName="L" displayName="MAN LYMPH"/>
                                    <text>MAN LYMPH<reference value="#Observation_304eb0933f247a5eaa6055"/>
                                    </text>
                                    <statusCode code="completed"/>
                                    <effectiveTime value="201205090945-0800"/>
                                    <value xsi:type="PQ">21<reference value="#ObservationValue_d1426a97c54969422bf54f"/>
                                    </value>
                                    <interpretationCode code="N" codeSystem="2.16.840.1.113883.5.83" codeSystemName="Observation Interpretation" displayName="Normal"/>
                                    <referenceRange>
                                        <observationRange>
                                            <value xsi:type="IVL_PQ">
                                                <low value="19" unit="PERCENT"/>
                                                <high value="48" unit="PERCENT"/>
                                            </value>
                                        </observationRange>
                                    </referenceRange>
                                </observation>
                            </component>
                            <component>
                                <observation classCode="OBS" moodCode="EVN">
                                    <templateId root="2.16.840.1.113883.10.20.1.31"/>
                                    <templateId root="1.3.6.1.4.1.19376.1.5.3.1.4.13"/>
                                    <templateId root="2.16.840.1.113883.3.88.11.83.15.1"/>
                                    <id root="b082a8c0-26df-488e-a838-e05fc587e561"/>
                                    <code code="#MNMNO" codeSystemName="L" displayName="MAN MONO"/>
                                    <text>MAN MONO<reference value="#Observation_8b46cdb9327026abef2f83"/>
                                    </text>
                                    <statusCode code="completed"/>
                                    <effectiveTime value="201205090945-0800"/>
                                    <value xsi:type="PQ">8<reference value="#ObservationValue_524584b0731dae72d569e5"/>
                                    </value>
                                    <referenceRange>
                                        <observationRange>
                                            <value xsi:type="IVL_PQ">
                                                <low value="4" unit="PERCENT"/>
                                                <high value="9" unit="PERCENT"/>
                                            </value>
                                        </observationRange>
                                    </referenceRange>
                                </observation>
                            </component>
                            <component>
                                <observation classCode="OBS" moodCode="EVN">
                                    <templateId root="2.16.840.1.113883.10.20.1.31"/>
                                    <templateId root="1.3.6.1.4.1.19376.1.5.3.1.4.13"/>
                                    <templateId root="2.16.840.1.113883.3.88.11.83.15.1"/>
                                    <id root="af2b2fa1-041d-411f-844c-0f44be93f478"/>
                                    <code code="#MNEOS" codeSystemName="L" displayName="MAN EOS"/>
                                    <text>MAN EOS<reference value="#Observation_b148198315fc9a2be9f70e"/>
                                    </text>
                                    <statusCode code="completed"/>
                                    <effectiveTime value="201205090945-0800"/>
                                    <value xsi:type="PQ">3<reference value="#ObservationValue_f749239761fc7ecf9fbaf1"/>
                                    </value>
                                    <referenceRange>
                                        <observationRange>
                                            <value xsi:type="IVL_PQ">
                                                <low value="0" unit="PERCENT"/>
                                                <high value="7" unit="PERCENT"/>
                                            </value>
                                        </observationRange>
                                    </referenceRange>
                                </observation>
                            </component>
                            <component>
                                <observation classCode="OBS" moodCode="EVN">
                                    <templateId root="2.16.840.1.113883.10.20.1.31"/>
                                    <templateId root="1.3.6.1.4.1.19376.1.5.3.1.4.13"/>
                                    <templateId root="2.16.840.1.113883.3.88.11.83.15.1"/>
                                    <id root="67828049-e638-43de-961b-bf31f1269df6"/>
                                    <code code="#MNBAS" codeSystemName="L" displayName="MAN BASO"/>
                                    <text>MAN BASO<reference value="#Observation_394c85837c7427860dd088"/>
                                    </text>
                                    <statusCode code="completed"/>
                                    <effectiveTime value="201205090945-0800"/>
                                    <value xsi:type="PQ">0<reference value="#ObservationValue_7a4cde8c02d5045bec2f70"/>
                                    </value>
                                    <referenceRange>
                                        <observationRange>
                                            <value xsi:type="IVL_PQ">
                                                <low value="0" unit="PERCENT"/>
                                                <high value="2" unit="PERCENT"/>
                                            </value>
                                        </observationRange>
                                    </referenceRange>
                                </observation>
                            </component>
                            <component>
                                <observation classCode="OBS" moodCode="EVN">
                                    <templateId root="2.16.840.1.113883.10.20.1.31"/>
                                    <templateId root="1.3.6.1.4.1.19376.1.5.3.1.4.13"/>
                                    <templateId root="2.16.840.1.113883.3.88.11.83.15.1"/>
                                    <id root="3c8d9516-b64f-4fee-897d-b2e470f163eb"/>
                                    <code code="#MNMET" codeSystemName="L" displayName="MAN METAMYL"/>
                                    <text>MAN METAMYL<reference value="#Observation_b04221bffb5fdb3287c3b4"/>
                                    </text>
                                    <statusCode code="completed"/>
                                    <effectiveTime value="201205090945-0800"/>
                                    <value xsi:type="PQ">0<reference value="#ObservationValue_fc4db48dddcae5c1808b1e"/>
                                    </value>
                                    <referenceRange>
                                        <observationRange>
                                            <value xsi:type="IVL_PQ">
                                                <low value="0" unit="PERCENT"/>
                                                <high value="1" unit="PERCENT"/>
                                            </value>
                                        </observationRange>
                                    </referenceRange>
                                </observation>
                            </component>
                            <component>
                                <observation classCode="OBS" moodCode="EVN">
                                    <templateId root="2.16.840.1.113883.10.20.1.31"/>
                                    <templateId root="1.3.6.1.4.1.19376.1.5.3.1.4.13"/>
                                    <templateId root="2.16.840.1.113883.3.88.11.83.15.1"/>
                                    <id root="fed2ee21-d5af-4f52-931f-42d293441c4d"/>
                                    <code code="#MNMYL" codeSystemName="L" displayName="MAN MYELOCYTE"/>
                                    <text>MAN MYELOCYTE<reference value="#Observation_a940e88da8b12a0b535ab5"/>
                                    </text>
                                    <statusCode code="completed"/>
                                    <effectiveTime value="201205090945-0800"/>
                                    <value xsi:type="PQ">0<reference value="#ObservationValue_cf45a188bbac328e2c85a2"/>
                                    </value>
                                    <referenceRange>
                                        <observationRange>
                                            <value xsi:type="IVL_PQ">
                                                <low value="0" unit="PERCENT"/>
                                                <high value="1" unit="PERCENT"/>
                                            </value>
                                        </observationRange>
                                    </referenceRange>
                                </observation>
                            </component>
                            <component>
                                <observation classCode="OBS" moodCode="EVN">
                                    <templateId root="2.16.840.1.113883.10.20.1.31"/>
                                    <templateId root="1.3.6.1.4.1.19376.1.5.3.1.4.13"/>
                                    <templateId root="2.16.840.1.113883.3.88.11.83.15.1"/>
                                    <id root="9d96f3ca-9fed-45d1-9d12-dfee4681a4e6"/>
                                    <code code="#MNPRO" codeSystemName="L" displayName="MAN PROMYELO"/>
                                    <text>MAN PROMYELO<reference value="#Observation_184ec491c1fd90c52e1528"/>
                                    </text>
                                    <statusCode code="completed"/>
                                    <effectiveTime value="201205090945-0800"/>
                                    <value xsi:type="PQ">0<reference value="#ObservationValue_c441a09fea8b1e9ab208c1"/>
                                    </value>
                                    <referenceRange>
                                        <observationRange>
                                            <value xsi:type="IVL_PQ">
                                                <low value="0" unit="PERCENT"/>
                                                <high value="0" unit="PERCENT"/>
                                            </value>
                                        </observationRange>
                                    </referenceRange>
                                </observation>
                            </component>
                            <component>
                                <observation classCode="OBS" moodCode="EVN">
                                    <templateId root="2.16.840.1.113883.10.20.1.31"/>
                                    <templateId root="1.3.6.1.4.1.19376.1.5.3.1.4.13"/>
                                    <templateId root="2.16.840.1.113883.3.88.11.83.15.1"/>
                                    <id root="9af9be5c-6f05-4a87-95d1-d0bd1c2a1410"/>
                                    <code code="#MNBLS" codeSystemName="L" displayName="MAN BLASTS"/>
                                    <text>MAN BLASTS<reference value="#Observation_96435f86d626923a20e04c"/>
                                    </text>
                                    <statusCode code="completed"/>
                                    <effectiveTime value="201205090945-0800"/>
                                    <value xsi:type="PQ">0<reference value="#ObservationValue_75442cbae2061c1fb7ab61"/>
                                    </value>
                                    <referenceRange>
                                        <observationRange>
                                            <value xsi:type="IVL_PQ">
                                                <low value="0" unit="PERCENT"/>
                                                <high value="0" unit="PERCENT"/>
                                            </value>
                                        </observationRange>
                                    </referenceRange>
                                </observation>
                            </component>
                            <component>
                                <observation classCode="OBS" moodCode="EVN">
                                    <templateId root="2.16.840.1.113883.10.20.1.31"/>
                                    <templateId root="1.3.6.1.4.1.19376.1.5.3.1.4.13"/>
                                    <templateId root="2.16.840.1.113883.3.88.11.83.15.1"/>
                                    <id root="611d1633-72c5-4daa-b4d2-ea9fa3399e88"/>
                                    <code code="#ESPLT" codeSystemName="L" displayName="PLATELET (EST)"/>
                                    <text>PLATELET (EST)<reference value="#Observation_814574bdc1ae9d77d4ab88"/>
                                    </text>
                                    <statusCode code="completed"/>
                                    <effectiveTime value="201205090945-0800"/>
                                    <value xsi:type="ED">10-12<reference value="#ObservationValue_c643e4922885287d05e951"/>
                                    </value>
                                    <entryRelationship typeCode="SUBJ" inversionInd="true">
                                        <act classCode="ACT" moodCode="EVN">
                                            <templateId root="2.16.840.1.113883.10.20.1.40"/>
                                            <templateId root="2.16.840.1.113883.3.88.11.83.11"/>
                                            <templateId root="1.3.6.1.4.1.19376.1.5.3.1.4.2"/>
                                            <code code="48767-8" codeSystem="2.16.840.1.113883.6.1" codeSystemName="LOINC" displayName="Annotation Comment"/>
                                            <text>PLATELET COUNT CONSISTENT  WITH SLIDE REVIEW ESPLT  EACH PLATELET PER OIL IMMERSION FIELD REPRESENTS APPROXIMATELY        TWENTY THOUSAND PLATELETS PER CUBIC MILLIMETER.<reference value="Comment_bb4d40b0ffa021d3815e1b"/>
                                            </text>
                                            <statusCode code="completed"/>
                                        </act>
                                    </entryRelationship>
                                    <referenceRange>
                                        <observationRange>
                                            <value xsi:type="IVL_PQ">
                                                <low value="7" unit="PER_OIF"/>
                                                <high value="20" unit="PER_OIF"/>
                                            </value>
                                        </observationRange>
                                    </referenceRange>
                                </observation>
                            </component>
                        </organizer>
</entry>
                    <entry>
                        <organizer classCode="BATTERY" moodCode="EVN">
                            <templateId root="2.16.840.1.113883.10.20.1.32"/>
                            <id root="541bbe20-5806-4d14-9fec-c0f6f3d5e92d"/>
                            <code code="CBC" codeSystemName="L" displayName="CBC">
                                <translation code="LAB"/>
                            </code>
                            <statusCode code="completed"/>
                            <component>
                                <procedure classCode="PROC" moodCode="EVN">
                                    <templateId root="2.16.840.1.113883.10.20.1.29"/>
                                    <templateId root="1.3.6.1.4.1.19376.1.5.3.1.4.19"/>
                                    <templateId root="2.16.840.1.113883.3.88.11.83.17"/>
                                    <id root="7ad5cd2d-aae1-425d-93a9-33e973d5a12d"/>
                                    <code nullFlavor="NI">
                                        <originalText>CBC</originalText>
                                    </code>
                                    <text>CBC</text>
                                    <statusCode code="completed"/>
                                    <effectiveTime>
                                        <low value="201205160945-0800"/>
                                    </effectiveTime>
                                    <priorityCode code="S" codeSystem="2.16.840.1.113883.3.88.12.80.71" codeSystemName="Order Priority" displayName="Stat"/>
                                    <participant typeCode="RESP" contextControlCode="OP">
                                        <participantRole>
                                            <addr nullFlavor="NI"/>
                                            <playingEntity>
                                                <name>
                                                    <given>Unnamed</given>
                                                    <family>User</family>
                                                </name>
                                            </playingEntity>
                                        </participantRole>
                                    </participant>
                                    <participant typeCode="ATND" contextControlCode="OP">
                                        <participantRole>
                                            <addr nullFlavor="NI"/>
                                            <playingEntity>
                                                <name>
                                                    <given>Test</given>
                                                    <family>Userone</family>
                                                </name>
                                            </playingEntity>
                                        </participantRole>
                                    </participant>
                                    <participant typeCode="ADM" contextControlCode="OP">
                                        <participantRole>
                                            <addr nullFlavor="NI"/>
                                            <playingEntity>
                                                <name>
                                                    <given>Test</given>
                                                    <family>Faxuser</family>
                                                </name>
                                            </playingEntity>
                                        </participantRole>
                                    </participant>
                                    <participant typeCode="REF" contextControlCode="OP">
                                        <participantRole>
                                            <addr nullFlavor="NI"/>
                                            <playingEntity>
                                                <name>
                                                    <given>Test</given>
                                                    <family>Faxuser</family>
                                                </name>
                                            </playingEntity>
                                        </participantRole>
                                    </participant>
                                    <participant typeCode="ORG" contextControlCode="OP">
                                        <participantRole>
                                            <addr nullFlavor="NI"/>
                                            <telecom nullFlavor="NI"/>
                                            <playingEntity>
                                                <name>UniLab</name>
                                            </playingEntity>
                                        </participantRole>
                                    </participant>
                                </procedure>
                            </component>
                            <component>
                                <observation classCode="OBS" moodCode="EVN">
                                    <templateId root="2.16.840.1.113883.10.20.1.31"/>
                                    <templateId root="1.3.6.1.4.1.19376.1.5.3.1.4.13"/>
                                    <templateId root="2.16.840.1.113883.3.88.11.83.15.1"/>
                                    <id root="f5d9801c-0321-4687-a68e-89c6c4edab69"/>
                                    <code code="#WBC" codeSystemName="L" displayName="WBC"/>
                                    <text>WBC<reference value="#Observation_9a48c8845fd07601a62b7a"/>
                                    </text>
                                    <statusCode code="completed"/>
                                    <effectiveTime value="201205160945-0800"/>
                                    <value xsi:type="PQ">8.23<reference value="#ObservationValue_5248ada4f6cae671980930"/>
                                    </value>
                                    <referenceRange>
                                        <observationRange>
                                            <value xsi:type="IVL_PQ">
                                                <low value="4.80" unit="THOUSAND"/>
                                                <high value="10.80" unit="THOUSAND"/>
                                            </value>
                                        </observationRange>
                                    </referenceRange>
                                </observation>
                            </component>
                            <component>
                                <observation classCode="OBS" moodCode="EVN">
                                    <templateId root="2.16.840.1.113883.10.20.1.31"/>
                                    <templateId root="1.3.6.1.4.1.19376.1.5.3.1.4.13"/>
                                    <templateId root="2.16.840.1.113883.3.88.11.83.15.1"/>
                                    <id root="e5b22625-f2df-403f-a978-28a00ee1a90c"/>
                                    <code code="#HGB" codeSystemName="L" displayName="HGB"/>
                                    <text>HGB<reference value="#Observation_5244b7a692d333acc0662a"/>
                                    </text>
                                    <statusCode code="completed"/>
                                    <effectiveTime value="201205160945-0800"/>
                                    <value xsi:type="PQ">14.4<reference value="#ObservationValue_e244bbb6d2cc511a619325"/>
                                    </value>
                                    <referenceRange>
                                        <observationRange>
                                            <value xsi:type="IVL_PQ">
                                                <low value="14.0" unit="G/dl"/>
                                                <high value="18.0" unit="G/dl"/>
                                            </value>
                                        </observationRange>
                                    </referenceRange>
                                </observation>
                            </component>
                            <component>
                                <observation classCode="OBS" moodCode="EVN">
                                    <templateId root="2.16.840.1.113883.10.20.1.31"/>
                                    <templateId root="1.3.6.1.4.1.19376.1.5.3.1.4.13"/>
                                    <templateId root="2.16.840.1.113883.3.88.11.83.15.1"/>
                                    <id root="3a3aa3a4-5e5b-4758-867f-e80cabb677f7"/>
                                    <code code="#HCT" codeSystemName="L" displayName="HCT"/>
                                    <text>HCT<reference value="#Observation_704ca6959ac1a90a26081a"/>
                                    </text>
                                    <statusCode code="completed"/>
                                    <effectiveTime value="201205160945-0800"/>
                                    <value xsi:type="PQ">44.2<reference value="#ObservationValue_4742b095615b499f92be06"/>
                                    </value>
                                    <referenceRange>
                                        <observationRange>
                                            <value xsi:type="IVL_PQ">
                                                <low value="42.0" unit="PERCENT"/>
                                                <high value="54.0" unit="PERCENT"/>
                                            </value>
                                        </observationRange>
                                    </referenceRange>
                                </observation>
                            </component>
                            <component>
                                <observation classCode="OBS" moodCode="EVN">
                                    <templateId root="2.16.840.1.113883.10.20.1.31"/>
                                    <templateId root="1.3.6.1.4.1.19376.1.5.3.1.4.13"/>
                                    <templateId root="2.16.840.1.113883.3.88.11.83.15.1"/>
                                    <id root="3a7317ee-6fef-413f-a2a8-e29bc24d9d2a"/>
                                    <code code="#PLT" codeSystemName="L" displayName="PLATELETS"/>
                                    <text>PLATELETS<reference value="#Observation_634eebb4ede9031ca05595"/>
                                    </text>
                                    <statusCode code="completed"/>
                                    <effectiveTime value="201205160945-0800"/>
                                    <value xsi:type="PQ">137<reference value="#ObservationValue_6940ab93e936e2a259887a"/>
                                    </value>
                                    <interpretationCode code="N" codeSystem="2.16.840.1.113883.5.83" codeSystemName="Observation Interpretation" displayName="Normal"/>
                                    <referenceRange>
                                        <observationRange>
                                            <value xsi:type="IVL_PQ">
                                                <low value="130" unit="THOUSAND"/>
                                                <high value="400" unit="THOUSAND"/>
                                            </value>
                                        </observationRange>
                                    </referenceRange>
                                </observation>
                            </component>
                            <component>
                                <observation classCode="OBS" moodCode="EVN">
                                    <templateId root="2.16.840.1.113883.10.20.1.31"/>
                                    <templateId root="1.3.6.1.4.1.19376.1.5.3.1.4.13"/>
                                    <templateId root="2.16.840.1.113883.3.88.11.83.15.1"/>
                                    <id root="e206c135-009e-4253-b44c-d7e0c585f7ea"/>
                                    <code code="#RBC" codeSystemName="L" displayName="RBC"/>
                                    <text>RBC<reference value="#Observation_82419d9445b2e17121a6a4"/>
                                    </text>
                                    <statusCode code="completed"/>
                                    <effectiveTime value="201205160945-0800"/>
                                    <value xsi:type="PQ">4.81<reference value="#ObservationValue_bc4c368eabd7089b260878"/>
                                    </value>
                                    <referenceRange>
                                        <observationRange>
                                            <value xsi:type="IVL_PQ">
                                                <low value="4.70" unit="MILLION"/>
                                                <high value="6.10" unit="MILLION"/>
                                            </value>
                                        </observationRange>
                                    </referenceRange>
                                </observation>
                            </component>
                            <component>
                                <observation classCode="OBS" moodCode="EVN">
                                    <templateId root="2.16.840.1.113883.10.20.1.31"/>
                                    <templateId root="1.3.6.1.4.1.19376.1.5.3.1.4.13"/>
                                    <templateId root="2.16.840.1.113883.3.88.11.83.15.1"/>
                                    <id root="65ac2290-b2cb-4a35-a330-852d8fe50f37"/>
                                    <code code="#MCV" codeSystemName="L" displayName="MCV"/>
                                    <text>MCV<reference value="#Observation_4547b0b6dc93f6d6286003"/>
                                    </text>
                                    <statusCode code="completed"/>
                                    <effectiveTime value="201205160945-0800"/>
                                    <value xsi:type="PQ">92.2<reference value="#ObservationValue_f544459803c88ab167510b"/>
                                    </value>
                                    <referenceRange>
                                        <observationRange>
                                            <value xsi:type="IVL_PQ">
                                                <low value="83.0" unit="fl"/>
                                                <high value="99.0" unit="fl"/>
                                            </value>
                                        </observationRange>
                                    </referenceRange>
                                </observation>
                            </component>
                            <component>
                                <observation classCode="OBS" moodCode="EVN">
                                    <templateId root="2.16.840.1.113883.10.20.1.31"/>
                                    <templateId root="1.3.6.1.4.1.19376.1.5.3.1.4.13"/>
                                    <templateId root="2.16.840.1.113883.3.88.11.83.15.1"/>
                                    <id root="321c851b-2c68-4a83-9ad2-90472353b676"/>
                                    <code code="#MCH" codeSystemName="L" displayName="MCH"/>
                                    <text>MCH<reference value="#Observation_484bcebb5a0a8008e68dca"/>
                                    </text>
                                    <statusCode code="completed"/>
                                    <effectiveTime value="201205160945-0800"/>
                                    <value xsi:type="PQ">30.6<reference value="#ObservationValue_f3499a970073ffd762f431"/>
                                    </value>
                                    <referenceRange>
                                        <observationRange>
                                            <value xsi:type="IVL_PQ">
                                                <low value="27.0" unit="pg"/>
                                                <high value="32.0" unit="pg"/>
                                            </value>
                                        </observationRange>
                                    </referenceRange>
                                </observation>
                            </component>
                            <component>
                                <observation classCode="OBS" moodCode="EVN">
                                    <templateId root="2.16.840.1.113883.10.20.1.31"/>
                                    <templateId root="1.3.6.1.4.1.19376.1.5.3.1.4.13"/>
                                    <templateId root="2.16.840.1.113883.3.88.11.83.15.1"/>
                                    <id root="9d82c56c-ff60-45ae-839f-c25354b0097e"/>
                                    <code code="#MCHC" codeSystemName="L" displayName="MCHC"/>
                                    <text>MCHC<reference value="#Observation_c44d25b1f78404436cc9c9"/>
                                    </text>
                                    <statusCode code="completed"/>
                                    <effectiveTime value="201205160945-0800"/>
                                    <value xsi:type="PQ">33.3<reference value="#ObservationValue_a8474eae7d6cd3b2175409"/>
                                    </value>
                                    <referenceRange>
                                        <observationRange>
                                            <value xsi:type="IVL_PQ">
                                                <low value="32.0" unit="G/dl"/>
                                                <high value="37.0" unit="G/dl"/>
                                            </value>
                                        </observationRange>
                                    </referenceRange>
                                </observation>
                            </component>
                            <component>
                                <observation classCode="OBS" moodCode="EVN">
                                    <templateId root="2.16.840.1.113883.10.20.1.31"/>
                                    <templateId root="1.3.6.1.4.1.19376.1.5.3.1.4.13"/>
                                    <templateId root="2.16.840.1.113883.3.88.11.83.15.1"/>
                                    <id root="1d62cbdb-f432-418c-b9e1-dd1c83d2ce81"/>
                                    <code code="#RDW" codeSystemName="L" displayName="RDW"/>
                                    <text>RDW<reference value="#Observation_394aea942bce6201632166"/>
                                    </text>
                                    <statusCode code="completed"/>
                                    <effectiveTime value="201205160945-0800"/>
                                    <value xsi:type="PQ">13<reference value="#ObservationValue_734df794745844233d9c3a"/>
                                    </value>
                                    <interpretationCode code="N" codeSystem="2.16.840.1.113883.5.83" codeSystemName="Observation Interpretation" displayName="Normal"/>
                                    <referenceRange>
                                        <observationRange>
                                            <value xsi:type="IVL_PQ">
                                                <low value="11.5" unit="PERCENT"/>
                                                <high value="14.5" unit="PERCENT"/>
                                            </value>
                                        </observationRange>
                                    </referenceRange>
                                </observation>
                            </component>
                            <component>
                                <observation classCode="OBS" moodCode="EVN">
                                    <templateId root="2.16.840.1.113883.10.20.1.31"/>
                                    <templateId root="1.3.6.1.4.1.19376.1.5.3.1.4.13"/>
                                    <templateId root="2.16.840.1.113883.3.88.11.83.15.1"/>
                                    <id root="fb58ae0b-e9d4-44e6-b63a-acdfdef319ab"/>
                                    <code code="#NEUT" codeSystemName="L" displayName="NEUT"/>
                                    <text>NEUT<reference value="#Observation_e74a488281cdf224bc069e"/>
                                    </text>
                                    <statusCode code="completed"/>
                                    <effectiveTime value="201205160945-0800"/>
                                    <value xsi:type="PQ">68<reference value="#ObservationValue_e846d4a55ca1df02886685"/>
                                    </value>
                                    <interpretationCode code="N" codeSystem="2.16.840.1.113883.5.83" codeSystemName="Observation Interpretation" displayName="Normal"/>
                                    <referenceRange>
                                        <observationRange>
                                            <value xsi:type="IVL_PQ">
                                                <low value="40.0" unit="PERCENT"/>
                                                <high value="74.0" unit="PERCENT"/>
                                            </value>
                                        </observationRange>
                                    </referenceRange>
                                </observation>
                            </component>
                            <component>
                                <observation classCode="OBS" moodCode="EVN">
                                    <templateId root="2.16.840.1.113883.10.20.1.31"/>
                                    <templateId root="1.3.6.1.4.1.19376.1.5.3.1.4.13"/>
                                    <templateId root="2.16.840.1.113883.3.88.11.83.15.1"/>
                                    <id root="660b1e1b-be76-480e-a333-1aeeb858005f"/>
                                    <code code="#LYMPH" codeSystemName="L" displayName="LYMPH"/>
                                    <text>LYMPH<reference value="#Observation_99456cb3bab570ce36d175"/>
                                    </text>
                                    <statusCode code="completed"/>
                                    <effectiveTime value="201205160945-0800"/>
                                    <value xsi:type="PQ">21<reference value="#ObservationValue_e6410c889b7ed3a8dc4b73"/>
                                    </value>
                                    <interpretationCode code="N" codeSystem="2.16.840.1.113883.5.83" codeSystemName="Observation Interpretation" displayName="Normal"/>
                                    <referenceRange>
                                        <observationRange>
                                            <value xsi:type="IVL_PQ">
                                                <low value="19.0" unit="PERCENT"/>
                                                <high value="48.0" unit="PERCENT"/>
                                            </value>
                                        </observationRange>
                                    </referenceRange>
                                </observation>
                            </component>
                            <component>
                                <observation classCode="OBS" moodCode="EVN">
                                    <templateId root="2.16.840.1.113883.10.20.1.31"/>
                                    <templateId root="1.3.6.1.4.1.19376.1.5.3.1.4.13"/>
                                    <templateId root="2.16.840.1.113883.3.88.11.83.15.1"/>
                                    <id root="b260ff9a-9c20-4791-8587-d18993f2b59a"/>
                                    <code code="#MONO" codeSystemName="L" displayName="MONO"/>
                                    <text>MONO<reference value="#Observation_49451eb435ed17379e115a"/>
                                    </text>
                                    <statusCode code="completed"/>
                                    <effectiveTime value="201205160945-0800"/>
                                    <value xsi:type="PQ">8.7<reference value="#ObservationValue_6e4543a2850fefaca3f263"/>
                                    </value>
                                    <interpretationCode code="N" codeSystem="2.16.840.1.113883.5.83" codeSystemName="Observation Interpretation" displayName="Normal"/>
                                    <referenceRange>
                                        <observationRange>
                                            <value xsi:type="IVL_PQ">
                                                <low value="3.5" unit="PERCENT"/>
                                                <high value="9.0" unit="PERCENT"/>
                                            </value>
                                        </observationRange>
                                    </referenceRange>
                                </observation>
                            </component>
                            <component>
                                <observation classCode="OBS" moodCode="EVN">
                                    <templateId root="2.16.840.1.113883.10.20.1.31"/>
                                    <templateId root="1.3.6.1.4.1.19376.1.5.3.1.4.13"/>
                                    <templateId root="2.16.840.1.113883.3.88.11.83.15.1"/>
                                    <id root="3cfe6c82-0e39-4171-bd69-052f7827bfc2"/>
                                    <code code="#EOS" codeSystemName="L" displayName="EOS"/>
                                    <text>EOS<reference value="#Observation_8c424785f59a6d2e5bfbf6"/>
                                    </text>
                                    <statusCode code="completed"/>
                                    <effectiveTime value="201205160945-0800"/>
                                    <value xsi:type="PQ">0.7<reference value="#ObservationValue_734e92b258d81ecbd2bf9c"/>
                                    </value>
                                    <referenceRange>
                                        <observationRange>
                                            <value xsi:type="IVL_PQ">
                                                <low value="0.0" unit="PERCENT"/>
                                                <high value="7.0" unit="PERCENT"/>
                                            </value>
                                        </observationRange>
                                    </referenceRange>
                                </observation>
                            </component>
                            <component>
                                <observation classCode="OBS" moodCode="EVN">
                                    <templateId root="2.16.840.1.113883.10.20.1.31"/>
                                    <templateId root="1.3.6.1.4.1.19376.1.5.3.1.4.13"/>
                                    <templateId root="2.16.840.1.113883.3.88.11.83.15.1"/>
                                    <id root="53d3a3ba-73a4-46ad-a145-1491cd910141"/>
                                    <code code="#BASO" codeSystemName="L" displayName="BASO"/>
                                    <text>BASO<reference value="#Observation_85441a965052326973eef0"/>
                                    </text>
                                    <statusCode code="completed"/>
                                    <effectiveTime value="201205160945-0800"/>
                                    <value xsi:type="PQ">0.6<reference value="#ObservationValue_63473588349a8d6b76281f"/>
                                    </value>
                                    <referenceRange>
                                        <observationRange>
                                            <value xsi:type="IVL_PQ">
                                                <low value="0.0" unit="PERCENT"/>
                                                <high value="1.5" unit="PERCENT"/>
                                            </value>
                                        </observationRange>
                                    </referenceRange>
                                </observation>
                            </component>
                            <component>
                                <observation classCode="OBS" moodCode="EVN">
                                    <templateId root="2.16.840.1.113883.10.20.1.31"/>
                                    <templateId root="1.3.6.1.4.1.19376.1.5.3.1.4.13"/>
                                    <templateId root="2.16.840.1.113883.3.88.11.83.15.1"/>
                                    <id root="8f37ae17-6cc7-4344-9c0b-78807023199d"/>
                                    <code code="#LUC" codeSystemName="L" displayName="LGE UNST.CELL"/>
                                    <text>LGE UNST.CELL<reference value="#Observation_da4dff84aa950bd4790b9e"/>
                                    </text>
                                    <statusCode code="completed"/>
                                    <effectiveTime value="201205160945-0800"/>
                                    <value xsi:type="PQ">0.9<reference value="#ObservationValue_6a414f9f5c23db3a9b7105"/>
                                    </value>
                                    <referenceRange>
                                        <observationRange>
                                            <value xsi:type="IVL_PQ">
                                                <low value="0.0" unit="PERCENT"/>
                                                <high value="4.0" unit="PERCENT"/>
                                            </value>
                                        </observationRange>
                                    </referenceRange>
                                </observation>
                            </component>
                            <component>
                                <observation classCode="OBS" moodCode="EVN">
                                    <templateId root="2.16.840.1.113883.10.20.1.31"/>
                                    <templateId root="1.3.6.1.4.1.19376.1.5.3.1.4.13"/>
                                    <templateId root="2.16.840.1.113883.3.88.11.83.15.1"/>
                                    <id root="17b15fc9-08ed-48d1-944e-0f993e15f416"/>
                                    <code code="##NEUT" codeSystemName="L" displayName="NEUT ABS"/>
                                    <text>NEUT ABS<reference value="#Observation_d34a249f2890baa671c893"/>
                                    </text>
                                    <statusCode code="completed"/>
                                    <effectiveTime value="201205160945-0800"/>
                                    <value xsi:type="PQ">6.50<reference value="#ObservationValue_874c0d8dc37920bdfbccd3"/>
                                    </value>
                                    <referenceRange>
                                        <observationRange>
                                            <value xsi:type="IVL_PQ">
                                                <low value="1.90" unit="THOUSAND"/>
                                                <high value="8.00" unit="THOUSAND"/>
                                            </value>
                                        </observationRange>
                                    </referenceRange>
                                </observation>
                            </component>
                            <component>
                                <observation classCode="OBS" moodCode="EVN">
                                    <templateId root="2.16.840.1.113883.10.20.1.31"/>
                                    <templateId root="1.3.6.1.4.1.19376.1.5.3.1.4.13"/>
                                    <templateId root="2.16.840.1.113883.3.88.11.83.15.1"/>
                                    <id root="90268b9b-a226-4d98-a464-8752665ca2be"/>
                                    <code code="##LYMP" codeSystemName="L" displayName="LYMPH ABS"/>
                                    <text>LYMPH ABS<reference value="#Observation_4849b087405177d9863278"/>
                                    </text>
                                    <statusCode code="completed"/>
                                    <effectiveTime value="201205160945-0800"/>
                                    <value xsi:type="PQ">1.4<reference value="#ObservationValue_f548b8ae456e9f856b0210"/>
                                    </value>
                                    <interpretationCode code="N" codeSystem="2.16.840.1.113883.5.83" codeSystemName="Observation Interpretation" displayName="Normal"/>
                                    <referenceRange>
                                        <observationRange>
                                            <value xsi:type="IVL_PQ">
                                                <low value="0.90" unit="THOUSAND"/>
                                                <high value="5.20" unit="THOUSAND"/>
                                            </value>
                                        </observationRange>
                                    </referenceRange>
                                </observation>
                            </component>
                            <component>
                                <observation classCode="OBS" moodCode="EVN">
                                    <templateId root="2.16.840.1.113883.10.20.1.31"/>
                                    <templateId root="1.3.6.1.4.1.19376.1.5.3.1.4.13"/>
                                    <templateId root="2.16.840.1.113883.3.88.11.83.15.1"/>
                                    <id root="bca66e3c-53b5-4a99-a3f4-742c9e5cd0b2"/>
                                    <code code="##MONO" codeSystemName="L" displayName="MONO ABS"/>
                                    <text>MONO ABS<reference value="#Observation_044bfdbb68f5e4aff51c02"/>
                                    </text>
                                    <statusCode code="completed"/>
                                    <effectiveTime value="201205160945-0800"/>
                                    <value xsi:type="PQ">0.80<reference value="#ObservationValue_6c474eb74f733eb13423f7"/>
                                    </value>
                                    <referenceRange>
                                        <observationRange>
                                            <value xsi:type="IVL_PQ">
                                                <low value="0.16" unit="THOUSAND"/>
                                                <high value="1.00" unit="THOUSAND"/>
                                            </value>
                                        </observationRange>
                                    </referenceRange>
                                </observation>
                            </component>
                            <component>
                                <observation classCode="OBS" moodCode="EVN">
                                    <templateId root="2.16.840.1.113883.10.20.1.31"/>
                                    <templateId root="1.3.6.1.4.1.19376.1.5.3.1.4.13"/>
                                    <templateId root="2.16.840.1.113883.3.88.11.83.15.1"/>
                                    <id root="ace5012f-1c8f-47a9-9692-3467dfe0f7ae"/>
                                    <code code="EOS" codeSystemName="L" displayName="EOS ABS"/>
                                    <text>EOS ABS<reference value="#Observation_5b41809a7608acf255c127"/>
                                    </text>
                                    <statusCode code="completed"/>
                                    <effectiveTime value="201205160945-0800"/>
                                    <value xsi:type="PQ">0.07<reference value="#ObservationValue_894c7baa38b15bc638d515"/>
                                    </value>
                                    <referenceRange>
                                        <observationRange>
                                            <value xsi:type="IVL_PQ">
                                                <low value="0.00" unit="THOUSAND"/>
                                                <high value="0.80" unit="THOUSAND"/>
                                            </value>
                                        </observationRange>
                                    </referenceRange>
                                </observation>
                            </component>
                            <component>
                                <observation classCode="OBS" moodCode="EVN">
                                    <templateId root="2.16.840.1.113883.10.20.1.31"/>
                                    <templateId root="1.3.6.1.4.1.19376.1.5.3.1.4.13"/>
                                    <templateId root="2.16.840.1.113883.3.88.11.83.15.1"/>
                                    <id root="8ec826cb-3f76-42f3-a90d-f2a18e78e027"/>
                                    <code code="BASO" codeSystemName="L" displayName="BASO ABS"/>
                                    <text>BASO ABS<reference value="#Observation_7d4c6786e717e8efbbe4fa"/>
                                    </text>
                                    <statusCode code="completed"/>
                                    <effectiveTime value="201205160945-0800"/>
                                    <value xsi:type="PQ">0.08<reference value="#ObservationValue_3f4e9e9f5f927937cc9fc6"/>
                                    </value>
                                    <referenceRange>
                                        <observationRange>
                                            <value xsi:type="IVL_PQ">
                                                <low value="0.00" unit="THOUSAND"/>
                                                <high value="0.20" unit="THOUSAND"/>
                                            </value>
                                        </observationRange>
                                    </referenceRange>
                                </observation>
                            </component>
                            <component>
                                <observation classCode="OBS" moodCode="EVN">
                                    <templateId root="2.16.840.1.113883.10.20.1.31"/>
                                    <templateId root="1.3.6.1.4.1.19376.1.5.3.1.4.13"/>
                                    <templateId root="2.16.840.1.113883.3.88.11.83.15.1"/>
                                    <id root="ff2ad8a7-a1f5-45cf-91ac-560601b96f9b"/>
                                    <code code="##LUC" codeSystemName="L" displayName="LUC ABS"/>
                                    <text>LUC ABS<reference value="#Observation_16437f8f48d1afee31a83c"/>
                                    </text>
                                    <statusCode code="completed"/>
                                    <effectiveTime value="201205160945-0800"/>
                                    <value xsi:type="PQ">0.07<reference value="#ObservationValue_6c49b9a356481592990e0d"/>
                                    </value>
                                    <referenceRange>
                                        <observationRange>
                                            <value xsi:type="IVL_PQ">
                                                <low value="0.00" unit="THOUSAND"/>
                                                <high value="0.40" unit="THOUSAND"/>
                                            </value>
                                        </observationRange>
                                    </referenceRange>
                                </observation>
                            </component>
                            <component>
                                <observation classCode="OBS" moodCode="EVN">
                                    <templateId root="2.16.840.1.113883.10.20.1.31"/>
                                    <templateId root="1.3.6.1.4.1.19376.1.5.3.1.4.13"/>
                                    <templateId root="2.16.840.1.113883.3.88.11.83.15.1"/>
                                    <id root="de52bdb2-44e9-41e5-9344-4ed24669ac8b"/>
                                    <code code="#MNBND" codeSystemName="L" displayName="MAN BAND NEUT"/>
                                    <text>MAN BAND NEUT<reference value="#Observation_1446cb933e1885df326837"/>
                                    </text>
                                    <statusCode code="completed"/>
                                    <effectiveTime value="201205160945-0800"/>
                                    <value xsi:type="PQ">6<reference value="#ObservationValue_454fedba80f8c2425ba79a"/>
                                    </value>
                                    <interpretationCode code="N" codeSystem="2.16.840.1.113883.5.83" codeSystemName="Observation Interpretation" displayName="Normal"/>
                                    <referenceRange>
                                        <observationRange>
                                            <value xsi:type="IVL_PQ">
                                                <low value="0" unit="PERCENT"/>
                                                <high value="8" unit="PERCENT"/>
                                            </value>
                                        </observationRange>
                                    </referenceRange>
                                </observation>
                            </component>
                            <component>
                                <observation classCode="OBS" moodCode="EVN">
                                    <templateId root="2.16.840.1.113883.10.20.1.31"/>
                                    <templateId root="1.3.6.1.4.1.19376.1.5.3.1.4.13"/>
                                    <templateId root="2.16.840.1.113883.3.88.11.83.15.1"/>
                                    <id root="0a050297-0a2b-4ada-af49-c5f502718216"/>
                                    <code code="#MNSEG" codeSystemName="L" displayName="MAN SEG NEUT"/>
                                    <text>MAN SEG NEUT<reference value="#Observation_d24d838d9d2a3d8484a8d2"/>
                                    </text>
                                    <statusCode code="completed"/>
                                    <effectiveTime value="201205160945-0800"/>
                                    <value xsi:type="PQ">70<reference value="#ObservationValue_f34e89a4853f2c2bef644a"/>
                                    </value>
                                    <referenceRange>
                                        <observationRange>
                                            <value xsi:type="IVL_PQ">
                                                <low value="40" unit="PERCENT"/>
                                                <high value="74" unit="PERCENT"/>
                                            </value>
                                        </observationRange>
                                    </referenceRange>
                                </observation>
                            </component>
                            <component>
                                <observation classCode="OBS" moodCode="EVN">
                                    <templateId root="2.16.840.1.113883.10.20.1.31"/>
                                    <templateId root="1.3.6.1.4.1.19376.1.5.3.1.4.13"/>
                                    <templateId root="2.16.840.1.113883.3.88.11.83.15.1"/>
                                    <id root="9e83c6ed-cd3b-47d0-86ec-43a087b0c6b7"/>
                                    <code code="#MNLYM" codeSystemName="L" displayName="MAN LYMPH"/>
                                    <text>MAN LYMPH<reference value="#Observation_304eb0933f247a5eaa6055"/>
                                    </text>
                                    <statusCode code="completed"/>
                                    <effectiveTime value="201205160945-0800"/>
                                    <value xsi:type="PQ">21<reference value="#ObservationValue_d1426a97c54969422bf54f"/>
                                    </value>
                                    <interpretationCode code="N" codeSystem="2.16.840.1.113883.5.83" codeSystemName="Observation Interpretation" displayName="Normal"/>
                                    <referenceRange>
                                        <observationRange>
                                            <value xsi:type="IVL_PQ">
                                                <low value="19" unit="PERCENT"/>
                                                <high value="48" unit="PERCENT"/>
                                            </value>
                                        </observationRange>
                                    </referenceRange>
                                </observation>
                            </component>
                            <component>
                                <observation classCode="OBS" moodCode="EVN">
                                    <templateId root="2.16.840.1.113883.10.20.1.31"/>
                                    <templateId root="1.3.6.1.4.1.19376.1.5.3.1.4.13"/>
                                    <templateId root="2.16.840.1.113883.3.88.11.83.15.1"/>
                                    <id root="b082a8c0-26df-488e-a838-e05fc587e561"/>
                                    <code code="#MNMNO" codeSystemName="L" displayName="MAN MONO"/>
                                    <text>MAN MONO<reference value="#Observation_8b46cdb9327026abef2f83"/>
                                    </text>
                                    <statusCode code="completed"/>
                                    <effectiveTime value="201205160945-0800"/>
                                    <value xsi:type="PQ">8<reference value="#ObservationValue_524584b0731dae72d569e5"/>
                                    </value>
                                    <referenceRange>
                                        <observationRange>
                                            <value xsi:type="IVL_PQ">
                                                <low value="4" unit="PERCENT"/>
                                                <high value="9" unit="PERCENT"/>
                                            </value>
                                        </observationRange>
                                    </referenceRange>
                                </observation>
                            </component>
                            <component>
                                <observation classCode="OBS" moodCode="EVN">
                                    <templateId root="2.16.840.1.113883.10.20.1.31"/>
                                    <templateId root="1.3.6.1.4.1.19376.1.5.3.1.4.13"/>
                                    <templateId root="2.16.840.1.113883.3.88.11.83.15.1"/>
                                    <id root="af2b2fa1-041d-411f-844c-0f44be93f478"/>
                                    <code code="#MNEOS" codeSystemName="L" displayName="MAN EOS"/>
                                    <text>MAN EOS<reference value="#Observation_b148198315fc9a2be9f70e"/>
                                    </text>
                                    <statusCode code="completed"/>
                                    <effectiveTime value="201205160945-0800"/>
                                    <value xsi:type="PQ">3<reference value="#ObservationValue_f749239761fc7ecf9fbaf1"/>
                                    </value>
                                    <referenceRange>
                                        <observationRange>
                                            <value xsi:type="IVL_PQ">
                                                <low value="0" unit="PERCENT"/>
                                                <high value="7" unit="PERCENT"/>
                                            </value>
                                        </observationRange>
                                    </referenceRange>
                                </observation>
                            </component>
                            <component>
                                <observation classCode="OBS" moodCode="EVN">
                                    <templateId root="2.16.840.1.113883.10.20.1.31"/>
                                    <templateId root="1.3.6.1.4.1.19376.1.5.3.1.4.13"/>
                                    <templateId root="2.16.840.1.113883.3.88.11.83.15.1"/>
                                    <id root="67828049-e638-43de-961b-bf31f1269df6"/>
                                    <code code="#MNBAS" codeSystemName="L" displayName="MAN BASO"/>
                                    <text>MAN BASO<reference value="#Observation_394c85837c7427860dd088"/>
                                    </text>
                                    <statusCode code="completed"/>
                                    <effectiveTime value="201205160945-0800"/>
                                    <value xsi:type="PQ">0<reference value="#ObservationValue_7a4cde8c02d5045bec2f70"/>
                                    </value>
                                    <referenceRange>
                                        <observationRange>
                                            <value xsi:type="IVL_PQ">
                                                <low value="0" unit="PERCENT"/>
                                                <high value="2" unit="PERCENT"/>
                                            </value>
                                        </observationRange>
                                    </referenceRange>
                                </observation>
                            </component>
                            <component>
                                <observation classCode="OBS" moodCode="EVN">
                                    <templateId root="2.16.840.1.113883.10.20.1.31"/>
                                    <templateId root="1.3.6.1.4.1.19376.1.5.3.1.4.13"/>
                                    <templateId root="2.16.840.1.113883.3.88.11.83.15.1"/>
                                    <id root="3c8d9516-b64f-4fee-897d-b2e470f163eb"/>
                                    <code code="#MNMET" codeSystemName="L" displayName="MAN METAMYL"/>
                                    <text>MAN METAMYL<reference value="#Observation_b04221bffb5fdb3287c3b4"/>
                                    </text>
                                    <statusCode code="completed"/>
                                    <effectiveTime value="201205160945-0800"/>
                                    <value xsi:type="PQ">0<reference value="#ObservationValue_fc4db48dddcae5c1808b1e"/>
                                    </value>
                                    <referenceRange>
                                        <observationRange>
                                            <value xsi:type="IVL_PQ">
                                                <low value="0" unit="PERCENT"/>
                                                <high value="1" unit="PERCENT"/>
                                            </value>
                                        </observationRange>
                                    </referenceRange>
                                </observation>
                            </component>
                            <component>
                                <observation classCode="OBS" moodCode="EVN">
                                    <templateId root="2.16.840.1.113883.10.20.1.31"/>
                                    <templateId root="1.3.6.1.4.1.19376.1.5.3.1.4.13"/>
                                    <templateId root="2.16.840.1.113883.3.88.11.83.15.1"/>
                                    <id root="fed2ee21-d5af-4f52-931f-42d293441c4d"/>
                                    <code code="#MNMYL" codeSystemName="L" displayName="MAN MYELOCYTE"/>
                                    <text>MAN MYELOCYTE<reference value="#Observation_a940e88da8b12a0b535ab5"/>
                                    </text>
                                    <statusCode code="completed"/>
                                    <effectiveTime value="201205160945-0800"/>
                                    <value xsi:type="PQ">0<reference value="#ObservationValue_cf45a188bbac328e2c85a2"/>
                                    </value>
                                    <referenceRange>
                                        <observationRange>
                                            <value xsi:type="IVL_PQ">
                                                <low value="0" unit="PERCENT"/>
                                                <high value="1" unit="PERCENT"/>
                                            </value>
                                        </observationRange>
                                    </referenceRange>
                                </observation>
                            </component>
                            <component>
                                <observation classCode="OBS" moodCode="EVN">
                                    <templateId root="2.16.840.1.113883.10.20.1.31"/>
                                    <templateId root="1.3.6.1.4.1.19376.1.5.3.1.4.13"/>
                                    <templateId root="2.16.840.1.113883.3.88.11.83.15.1"/>
                                    <id root="9d96f3ca-9fed-45d1-9d12-dfee4681a4e6"/>
                                    <code code="#MNPRO" codeSystemName="L" displayName="MAN PROMYELO"/>
                                    <text>MAN PROMYELO<reference value="#Observation_184ec491c1fd90c52e1528"/>
                                    </text>
                                    <statusCode code="completed"/>
                                    <effectiveTime value="201205160945-0800"/>
                                    <value xsi:type="PQ">0<reference value="#ObservationValue_c441a09fea8b1e9ab208c1"/>
                                    </value>
                                    <referenceRange>
                                        <observationRange>
                                            <value xsi:type="IVL_PQ">
                                                <low value="0" unit="PERCENT"/>
                                                <high value="0" unit="PERCENT"/>
                                            </value>
                                        </observationRange>
                                    </referenceRange>
                                </observation>
                            </component>
                            <component>
                                <observation classCode="OBS" moodCode="EVN">
                                    <templateId root="2.16.840.1.113883.10.20.1.31"/>
                                    <templateId root="1.3.6.1.4.1.19376.1.5.3.1.4.13"/>
                                    <templateId root="2.16.840.1.113883.3.88.11.83.15.1"/>
                                    <id root="9af9be5c-6f05-4a87-95d1-d0bd1c2a1410"/>
                                    <code code="#MNBLS" codeSystemName="L" displayName="MAN BLASTS"/>
                                    <text>MAN BLASTS<reference value="#Observation_96435f86d626923a20e04c"/>
                                    </text>
                                    <statusCode code="completed"/>
                                    <effectiveTime value="201205160945-0800"/>
                                    <value xsi:type="PQ">0<reference value="#ObservationValue_75442cbae2061c1fb7ab61"/>
                                    </value>
                                    <referenceRange>
                                        <observationRange>
                                            <value xsi:type="IVL_PQ">
                                                <low value="0" unit="PERCENT"/>
                                                <high value="0" unit="PERCENT"/>
                                            </value>
                                        </observationRange>
                                    </referenceRange>
                                </observation>
                            </component>
                            <component>
                                <observation classCode="OBS" moodCode="EVN">
                                    <templateId root="2.16.840.1.113883.10.20.1.31"/>
                                    <templateId root="1.3.6.1.4.1.19376.1.5.3.1.4.13"/>
                                    <templateId root="2.16.840.1.113883.3.88.11.83.15.1"/>
                                    <id root="611d1633-72c5-4daa-b4d2-ea9fa3399e88"/>
                                    <code code="#ESPLT" codeSystemName="L" displayName="PLATELET (EST)"/>
                                    <text>PLATELET (EST)<reference value="#Observation_814574bdc1ae9d77d4ab88"/>
                                    </text>
                                    <statusCode code="completed"/>
                                    <effectiveTime value="201205160945-0800"/>
                                    <value xsi:type="ED">10-12<reference value="#ObservationValue_c643e4922885287d05e951"/>
                                    </value>
                                    <entryRelationship typeCode="SUBJ" inversionInd="true">
                                        <act classCode="ACT" moodCode="EVN">
                                            <templateId root="2.16.840.1.113883.10.20.1.40"/>
                                            <templateId root="2.16.840.1.113883.3.88.11.83.11"/>
                                            <templateId root="1.3.6.1.4.1.19376.1.5.3.1.4.2"/>
                                            <code code="48767-8" codeSystem="2.16.840.1.113883.6.1" codeSystemName="LOINC" displayName="Annotation Comment"/>
                                            <text>PLATELET COUNT CONSISTENT  WITH SLIDE REVIEW ESPLT  EACH PLATELET PER OIL IMMERSION FIELD REPRESENTS APPROXIMATELY        TWENTY THOUSAND PLATELETS PER CUBIC MILLIMETER.<reference value="Comment_bb4d40b0ffa021d3815e1b"/>
                                            </text>
                                            <statusCode code="completed"/>
                                        </act>
                                    </entryRelationship>
                                    <referenceRange>
                                        <observationRange>
                                            <value xsi:type="IVL_PQ">
                                                <low value="7" unit="PER_OIF"/>
                                                <high value="20" unit="PER_OIF"/>
                                            </value>
                                        </observationRange>
                                    </referenceRange>
                                </observation>
                            </component>
                        </organizer>
                    </entry>
<entry>
                        <organizer classCode="BATTERY" moodCode="EVN">
                            <templateId root="2.16.840.1.113883.10.20.1.32"/>
                            <id root="541bbe20-5806-4d14-9fec-c0f6f3d5e92d"/>
                            <code code="CBC" codeSystemName="L" displayName="CBC">
                                <translation code="LAB"/>
                            </code>
                            <statusCode code="completed"/>
                            <component>
                                <procedure classCode="PROC" moodCode="EVN">
                                    <templateId root="2.16.840.1.113883.10.20.1.29"/>
                                    <templateId root="1.3.6.1.4.1.19376.1.5.3.1.4.19"/>
                                    <templateId root="2.16.840.1.113883.3.88.11.83.17"/>
                                    <id root="7ad5cd2d-aae1-425d-93a9-33e973d5a12d"/>
                                    <code nullFlavor="NI">
                                        <originalText>CBC</originalText>
                                    </code>
                                    <text>CBC</text>
                                    <statusCode code="completed"/>
                                    <effectiveTime>
                                        <low value="201205230945-0800"/>
                                    </effectiveTime>
                                    <priorityCode code="S" codeSystem="2.16.840.1.113883.3.88.12.80.71" codeSystemName="Order Priority" displayName="Stat"/>
                                    <participant typeCode="RESP" contextControlCode="OP">
                                        <participantRole>
                                            <addr nullFlavor="NI"/>
                                            <playingEntity>
                                                <name>
                                                    <given>Unnamed</given>
                                                    <family>User</family>
                                                </name>
                                            </playingEntity>
                                        </participantRole>
                                    </participant>
                                    <participant typeCode="ATND" contextControlCode="OP">
                                        <participantRole>
                                            <addr nullFlavor="NI"/>
                                            <playingEntity>
                                                <name>
                                                    <given>Test</given>
                                                    <family>Userone</family>
                                                </name>
                                            </playingEntity>
                                        </participantRole>
                                    </participant>
                                    <participant typeCode="ADM" contextControlCode="OP">
                                        <participantRole>
                                            <addr nullFlavor="NI"/>
                                            <playingEntity>
                                                <name>
                                                    <given>Test</given>
                                                    <family>Faxuser</family>
                                                </name>
                                            </playingEntity>
                                        </participantRole>
                                    </participant>
                                    <participant typeCode="REF" contextControlCode="OP">
                                        <participantRole>
                                            <addr nullFlavor="NI"/>
                                            <playingEntity>
                                                <name>
                                                    <given>Test</given>
                                                    <family>Faxuser</family>
                                                </name>
                                            </playingEntity>
                                        </participantRole>
                                    </participant>
                                    <participant typeCode="ORG" contextControlCode="OP">
                                        <participantRole>
                                            <addr nullFlavor="NI"/>
                                            <telecom nullFlavor="NI"/>
                                            <playingEntity>
                                                <name>UniLab</name>
                                            </playingEntity>
                                        </participantRole>
                                    </participant>
                                </procedure>
                            </component>
                            <component>
                                <observation classCode="OBS" moodCode="EVN">
                                    <templateId root="2.16.840.1.113883.10.20.1.31"/>
                                    <templateId root="1.3.6.1.4.1.19376.1.5.3.1.4.13"/>
                                    <templateId root="2.16.840.1.113883.3.88.11.83.15.1"/>
                                    <id root="f5d9801c-0321-4687-a68e-89c6c4edab69"/>
                                    <code code="#WBC" codeSystemName="L" displayName="WBC"/>
                                    <text>WBC<reference value="#Observation_9a48c8845fd07601a62b7a"/>
                                    </text>
                                    <statusCode code="completed"/>
                                    <effectiveTime value="201205230945-0800"/>
                                    <value xsi:type="PQ">8.33<reference value="#ObservationValue_5248ada4f6cae671980930"/>
                                    </value>
                                    <referenceRange>
                                        <observationRange>
                                            <value xsi:type="IVL_PQ">
                                                <low value="4.80" unit="THOUSAND"/>
                                                <high value="10.80" unit="THOUSAND"/>
                                            </value>
                                        </observationRange>
                                    </referenceRange>
                                </observation>
                            </component>
                            <component>
                                <observation classCode="OBS" moodCode="EVN">
                                    <templateId root="2.16.840.1.113883.10.20.1.31"/>
                                    <templateId root="1.3.6.1.4.1.19376.1.5.3.1.4.13"/>
                                    <templateId root="2.16.840.1.113883.3.88.11.83.15.1"/>
                                    <id root="e5b22625-f2df-403f-a978-28a00ee1a90c"/>
                                    <code code="#HGB" codeSystemName="L" displayName="HGB"/>
                                    <text>HGB<reference value="#Observation_5244b7a692d333acc0662a"/>
                                    </text>
                                    <statusCode code="completed"/>
                                    <effectiveTime value="201205230945-0800"/>
                                    <value xsi:type="PQ">14.4<reference value="#ObservationValue_e244bbb6d2cc511a619325"/>
                                    </value>
                                    <referenceRange>
                                        <observationRange>
                                            <value xsi:type="IVL_PQ">
                                                <low value="14.0" unit="G/dl"/>
                                                <high value="18.0" unit="G/dl"/>
                                            </value>
                                        </observationRange>
                                    </referenceRange>
                                </observation>
                            </component>
                            <component>
                                <observation classCode="OBS" moodCode="EVN">
                                    <templateId root="2.16.840.1.113883.10.20.1.31"/>
                                    <templateId root="1.3.6.1.4.1.19376.1.5.3.1.4.13"/>
                                    <templateId root="2.16.840.1.113883.3.88.11.83.15.1"/>
                                    <id root="3a3aa3a4-5e5b-4758-867f-e80cabb677f7"/>
                                    <code code="#HCT" codeSystemName="L" displayName="HCT"/>
                                    <text>HCT<reference value="#Observation_704ca6959ac1a90a26081a"/>
                                    </text>
                                    <statusCode code="completed"/>
                                    <effectiveTime value="201205230945-0800"/>
                                    <value xsi:type="PQ">44.2<reference value="#ObservationValue_4742b095615b499f92be06"/>
                                    </value>
                                    <referenceRange>
                                        <observationRange>
                                            <value xsi:type="IVL_PQ">
                                                <low value="42.0" unit="PERCENT"/>
                                                <high value="54.0" unit="PERCENT"/>
                                            </value>
                                        </observationRange>
                                    </referenceRange>
                                </observation>
                            </component>
                            <component>
                                <observation classCode="OBS" moodCode="EVN">
                                    <templateId root="2.16.840.1.113883.10.20.1.31"/>
                                    <templateId root="1.3.6.1.4.1.19376.1.5.3.1.4.13"/>
                                    <templateId root="2.16.840.1.113883.3.88.11.83.15.1"/>
                                    <id root="3a7317ee-6fef-413f-a2a8-e29bc24d9d2a"/>
                                    <code code="#PLT" codeSystemName="L" displayName="PLATELETS"/>
                                    <text>PLATELETS<reference value="#Observation_634eebb4ede9031ca05595"/>
                                    </text>
                                    <statusCode code="completed"/>
                                    <effectiveTime value="201205230945-0800"/>
                                    <value xsi:type="PQ">137<reference value="#ObservationValue_6940ab93e936e2a259887a"/>
                                    </value>
                                    <interpretationCode code="N" codeSystem="2.16.840.1.113883.5.83" codeSystemName="Observation Interpretation" displayName="Normal"/>
                                    <referenceRange>
                                        <observationRange>
                                            <value xsi:type="IVL_PQ">
                                                <low value="130" unit="THOUSAND"/>
                                                <high value="400" unit="THOUSAND"/>
                                            </value>
                                        </observationRange>
                                    </referenceRange>
                                </observation>
                            </component>
                            <component>
                                <observation classCode="OBS" moodCode="EVN">
                                    <templateId root="2.16.840.1.113883.10.20.1.31"/>
                                    <templateId root="1.3.6.1.4.1.19376.1.5.3.1.4.13"/>
                                    <templateId root="2.16.840.1.113883.3.88.11.83.15.1"/>
                                    <id root="e206c135-009e-4253-b44c-d7e0c585f7ea"/>
                                    <code code="#RBC" codeSystemName="L" displayName="RBC"/>
                                    <text>RBC<reference value="#Observation_82419d9445b2e17121a6a4"/>
                                    </text>
                                    <statusCode code="completed"/>
                                    <effectiveTime value="201205230945-0800"/>
                                    <value xsi:type="PQ">4.81<reference value="#ObservationValue_bc4c368eabd7089b260878"/>
                                    </value>
                                    <referenceRange>
                                        <observationRange>
                                            <value xsi:type="IVL_PQ">
                                                <low value="4.70" unit="MILLION"/>
                                                <high value="6.10" unit="MILLION"/>
                                            </value>
                                        </observationRange>
                                    </referenceRange>
                                </observation>
                            </component>
                            <component>
                                <observation classCode="OBS" moodCode="EVN">
                                    <templateId root="2.16.840.1.113883.10.20.1.31"/>
                                    <templateId root="1.3.6.1.4.1.19376.1.5.3.1.4.13"/>
                                    <templateId root="2.16.840.1.113883.3.88.11.83.15.1"/>
                                    <id root="65ac2290-b2cb-4a35-a330-852d8fe50f37"/>
                                    <code code="#MCV" codeSystemName="L" displayName="MCV"/>
                                    <text>MCV<reference value="#Observation_4547b0b6dc93f6d6286003"/>
                                    </text>
                                    <statusCode code="completed"/>
                                    <effectiveTime value="201205230945-0800"/>
                                    <value xsi:type="PQ">92.2<reference value="#ObservationValue_f544459803c88ab167510b"/>
                                    </value>
                                    <referenceRange>
                                        <observationRange>
                                            <value xsi:type="IVL_PQ">
                                                <low value="83.0" unit="fl"/>
                                                <high value="99.0" unit="fl"/>
                                            </value>
                                        </observationRange>
                                    </referenceRange>
                                </observation>
                            </component>
                            <component>
                                <observation classCode="OBS" moodCode="EVN">
                                    <templateId root="2.16.840.1.113883.10.20.1.31"/>
                                    <templateId root="1.3.6.1.4.1.19376.1.5.3.1.4.13"/>
                                    <templateId root="2.16.840.1.113883.3.88.11.83.15.1"/>
                                    <id root="321c851b-2c68-4a83-9ad2-90472353b676"/>
                                    <code code="#MCH" codeSystemName="L" displayName="MCH"/>
                                    <text>MCH<reference value="#Observation_484bcebb5a0a8008e68dca"/>
                                    </text>
                                    <statusCode code="completed"/>
                                    <effectiveTime value="201205230945-0800"/>
                                    <value xsi:type="PQ">30.6<reference value="#ObservationValue_f3499a970073ffd762f431"/>
                                    </value>
                                    <referenceRange>
                                        <observationRange>
                                            <value xsi:type="IVL_PQ">
                                                <low value="27.0" unit="pg"/>
                                                <high value="32.0" unit="pg"/>
                                            </value>
                                        </observationRange>
                                    </referenceRange>
                                </observation>
                            </component>
                            <component>
                                <observation classCode="OBS" moodCode="EVN">
                                    <templateId root="2.16.840.1.113883.10.20.1.31"/>
                                    <templateId root="1.3.6.1.4.1.19376.1.5.3.1.4.13"/>
                                    <templateId root="2.16.840.1.113883.3.88.11.83.15.1"/>
                                    <id root="9d82c56c-ff60-45ae-839f-c25354b0097e"/>
                                    <code code="#MCHC" codeSystemName="L" displayName="MCHC"/>
                                    <text>MCHC<reference value="#Observation_c44d25b1f78404436cc9c9"/>
                                    </text>
                                    <statusCode code="completed"/>
                                    <effectiveTime value="201205230945-0800"/>
                                    <value xsi:type="PQ">33.3<reference value="#ObservationValue_a8474eae7d6cd3b2175409"/>
                                    </value>
                                    <referenceRange>
                                        <observationRange>
                                            <value xsi:type="IVL_PQ">
                                                <low value="32.0" unit="G/dl"/>
                                                <high value="37.0" unit="G/dl"/>
                                            </value>
                                        </observationRange>
                                    </referenceRange>
                                </observation>
                            </component>
                            <component>
                                <observation classCode="OBS" moodCode="EVN">
                                    <templateId root="2.16.840.1.113883.10.20.1.31"/>
                                    <templateId root="1.3.6.1.4.1.19376.1.5.3.1.4.13"/>
                                    <templateId root="2.16.840.1.113883.3.88.11.83.15.1"/>
                                    <id root="1d62cbdb-f432-418c-b9e1-dd1c83d2ce81"/>
                                    <code code="#RDW" codeSystemName="L" displayName="RDW"/>
                                    <text>RDW<reference value="#Observation_394aea942bce6201632166"/>
                                    </text>
                                    <statusCode code="completed"/>
                                    <effectiveTime value="201205230945-0800"/>
                                    <value xsi:type="PQ">13<reference value="#ObservationValue_734df794745844233d9c3a"/>
                                    </value>
                                    <interpretationCode code="N" codeSystem="2.16.840.1.113883.5.83" codeSystemName="Observation Interpretation" displayName="Normal"/>
                                    <referenceRange>
                                        <observationRange>
                                            <value xsi:type="IVL_PQ">
                                                <low value="11.5" unit="PERCENT"/>
                                                <high value="14.5" unit="PERCENT"/>
                                            </value>
                                        </observationRange>
                                    </referenceRange>
                                </observation>
                            </component>
                            <component>
                                <observation classCode="OBS" moodCode="EVN">
                                    <templateId root="2.16.840.1.113883.10.20.1.31"/>
                                    <templateId root="1.3.6.1.4.1.19376.1.5.3.1.4.13"/>
                                    <templateId root="2.16.840.1.113883.3.88.11.83.15.1"/>
                                    <id root="fb58ae0b-e9d4-44e6-b63a-acdfdef319ab"/>
                                    <code code="#NEUT" codeSystemName="L" displayName="NEUT"/>
                                    <text>NEUT<reference value="#Observation_e74a488281cdf224bc069e"/>
                                    </text>
                                    <statusCode code="completed"/>
                                    <effectiveTime value="201205230945-0800"/>
                                    <value xsi:type="PQ">68<reference value="#ObservationValue_e846d4a55ca1df02886685"/>
                                    </value>
                                    <interpretationCode code="N" codeSystem="2.16.840.1.113883.5.83" codeSystemName="Observation Interpretation" displayName="Normal"/>
                                    <referenceRange>
                                        <observationRange>
                                            <value xsi:type="IVL_PQ">
                                                <low value="40.0" unit="PERCENT"/>
                                                <high value="74.0" unit="PERCENT"/>
                                            </value>
                                        </observationRange>
                                    </referenceRange>
                                </observation>
                            </component>
                            <component>
                                <observation classCode="OBS" moodCode="EVN">
                                    <templateId root="2.16.840.1.113883.10.20.1.31"/>
                                    <templateId root="1.3.6.1.4.1.19376.1.5.3.1.4.13"/>
                                    <templateId root="2.16.840.1.113883.3.88.11.83.15.1"/>
                                    <id root="660b1e1b-be76-480e-a333-1aeeb858005f"/>
                                    <code code="#LYMPH" codeSystemName="L" displayName="LYMPH"/>
                                    <text>LYMPH<reference value="#Observation_99456cb3bab570ce36d175"/>
                                    </text>
                                    <statusCode code="completed"/>
                                    <effectiveTime value="201205230945-0800"/>
                                    <value xsi:type="PQ">22<reference value="#ObservationValue_e6410c889b7ed3a8dc4b73"/>
                                    </value>
                                    <interpretationCode code="N" codeSystem="2.16.840.1.113883.5.83" codeSystemName="Observation Interpretation" displayName="Normal"/>
                                    <referenceRange>
                                        <observationRange>
                                            <value xsi:type="IVL_PQ">
                                                <low value="19.0" unit="PERCENT"/>
                                                <high value="48.0" unit="PERCENT"/>
                                            </value>
                                        </observationRange>
                                    </referenceRange>
                                </observation>
                            </component>
                            <component>
                                <observation classCode="OBS" moodCode="EVN">
                                    <templateId root="2.16.840.1.113883.10.20.1.31"/>
                                    <templateId root="1.3.6.1.4.1.19376.1.5.3.1.4.13"/>
                                    <templateId root="2.16.840.1.113883.3.88.11.83.15.1"/>
                                    <id root="b260ff9a-9c20-4791-8587-d18993f2b59a"/>
                                    <code code="#MONO" codeSystemName="L" displayName="MONO"/>
                                    <text>MONO<reference value="#Observation_49451eb435ed17379e115a"/>
                                    </text>
                                    <statusCode code="completed"/>
                                    <effectiveTime value="201205230945-0800"/>
                                    <value xsi:type="PQ">8.7<reference value="#ObservationValue_6e4543a2850fefaca3f263"/>
                                    </value>
                                    <interpretationCode code="N" codeSystem="2.16.840.1.113883.5.83" codeSystemName="Observation Interpretation" displayName="Normal"/>
                                    <referenceRange>
                                        <observationRange>
                                            <value xsi:type="IVL_PQ">
                                                <low value="3.5" unit="PERCENT"/>
                                                <high value="9.0" unit="PERCENT"/>
                                            </value>
                                        </observationRange>
                                    </referenceRange>
                                </observation>
                            </component>
                            <component>
                                <observation classCode="OBS" moodCode="EVN">
                                    <templateId root="2.16.840.1.113883.10.20.1.31"/>
                                    <templateId root="1.3.6.1.4.1.19376.1.5.3.1.4.13"/>
                                    <templateId root="2.16.840.1.113883.3.88.11.83.15.1"/>
                                    <id root="3cfe6c82-0e39-4171-bd69-052f7827bfc2"/>
                                    <code code="#EOS" codeSystemName="L" displayName="EOS"/>
                                    <text>EOS<reference value="#Observation_8c424785f59a6d2e5bfbf6"/>
                                    </text>
                                    <statusCode code="completed"/>
                                    <effectiveTime value="201205230945-0800"/>
                                    <value xsi:type="PQ">0.7<reference value="#ObservationValue_734e92b258d81ecbd2bf9c"/>
                                    </value>
                                    <referenceRange>
                                        <observationRange>
                                            <value xsi:type="IVL_PQ">
                                                <low value="0.0" unit="PERCENT"/>
                                                <high value="7.0" unit="PERCENT"/>
                                            </value>
                                        </observationRange>
                                    </referenceRange>
                                </observation>
                            </component>
                            <component>
                                <observation classCode="OBS" moodCode="EVN">
                                    <templateId root="2.16.840.1.113883.10.20.1.31"/>
                                    <templateId root="1.3.6.1.4.1.19376.1.5.3.1.4.13"/>
                                    <templateId root="2.16.840.1.113883.3.88.11.83.15.1"/>
                                    <id root="53d3a3ba-73a4-46ad-a145-1491cd910141"/>
                                    <code code="#BASO" codeSystemName="L" displayName="BASO"/>
                                    <text>BASO<reference value="#Observation_85441a965052326973eef0"/>
                                    </text>
                                    <statusCode code="completed"/>
                                    <effectiveTime value="201205230945-0800"/>
                                    <value xsi:type="PQ">0.6<reference value="#ObservationValue_63473588349a8d6b76281f"/>
                                    </value>
                                    <referenceRange>
                                        <observationRange>
                                            <value xsi:type="IVL_PQ">
                                                <low value="0.0" unit="PERCENT"/>
                                                <high value="1.5" unit="PERCENT"/>
                                            </value>
                                        </observationRange>
                                    </referenceRange>
                                </observation>
                            </component>
                            <component>
                                <observation classCode="OBS" moodCode="EVN">
                                    <templateId root="2.16.840.1.113883.10.20.1.31"/>
                                    <templateId root="1.3.6.1.4.1.19376.1.5.3.1.4.13"/>
                                    <templateId root="2.16.840.1.113883.3.88.11.83.15.1"/>
                                    <id root="8f37ae17-6cc7-4344-9c0b-78807023199d"/>
                                    <code code="#LUC" codeSystemName="L" displayName="LGE UNST.CELL"/>
                                    <text>LGE UNST.CELL<reference value="#Observation_da4dff84aa950bd4790b9e"/>
                                    </text>
                                    <statusCode code="completed"/>
                                    <effectiveTime value="201205230945-0800"/>
                                    <value xsi:type="PQ">0.9<reference value="#ObservationValue_6a414f9f5c23db3a9b7105"/>
                                    </value>
                                    <referenceRange>
                                        <observationRange>
                                            <value xsi:type="IVL_PQ">
                                                <low value="0.0" unit="PERCENT"/>
                                                <high value="4.0" unit="PERCENT"/>
                                            </value>
                                        </observationRange>
                                    </referenceRange>
                                </observation>
                            </component>
                            <component>
                                <observation classCode="OBS" moodCode="EVN">
                                    <templateId root="2.16.840.1.113883.10.20.1.31"/>
                                    <templateId root="1.3.6.1.4.1.19376.1.5.3.1.4.13"/>
                                    <templateId root="2.16.840.1.113883.3.88.11.83.15.1"/>
                                    <id root="17b15fc9-08ed-48d1-944e-0f993e15f416"/>
                                    <code code="##NEUT" codeSystemName="L" displayName="NEUT ABS"/>
                                    <text>NEUT ABS<reference value="#Observation_d34a249f2890baa671c893"/>
                                    </text>
                                    <statusCode code="completed"/>
                                    <effectiveTime value="201205230945-0800"/>
                                    <value xsi:type="PQ">6.50<reference value="#ObservationValue_874c0d8dc37920bdfbccd3"/>
                                    </value>
                                    <referenceRange>
                                        <observationRange>
                                            <value xsi:type="IVL_PQ">
                                                <low value="1.90" unit="THOUSAND"/>
                                                <high value="8.00" unit="THOUSAND"/>
                                            </value>
                                        </observationRange>
                                    </referenceRange>
                                </observation>
                            </component>
                            <component>
                                <observation classCode="OBS" moodCode="EVN">
                                    <templateId root="2.16.840.1.113883.10.20.1.31"/>
                                    <templateId root="1.3.6.1.4.1.19376.1.5.3.1.4.13"/>
                                    <templateId root="2.16.840.1.113883.3.88.11.83.15.1"/>
                                    <id root="90268b9b-a226-4d98-a464-8752665ca2be"/>
                                    <code code="##LYMP" codeSystemName="L" displayName="LYMPH ABS"/>
                                    <text>LYMPH ABS<reference value="#Observation_4849b087405177d9863278"/>
                                    </text>
                                    <statusCode code="completed"/>
                                    <effectiveTime value="201205230945-0800"/>
                                    <value xsi:type="PQ">1.4<reference value="#ObservationValue_f548b8ae456e9f856b0210"/>
                                    </value>
                                    <interpretationCode code="N" codeSystem="2.16.840.1.113883.5.83" codeSystemName="Observation Interpretation" displayName="Normal"/>
                                    <referenceRange>
                                        <observationRange>
                                            <value xsi:type="IVL_PQ">
                                                <low value="0.90" unit="THOUSAND"/>
                                                <high value="5.20" unit="THOUSAND"/>
                                            </value>
                                        </observationRange>
                                    </referenceRange>
                                </observation>
                            </component>
                            <component>
                                <observation classCode="OBS" moodCode="EVN">
                                    <templateId root="2.16.840.1.113883.10.20.1.31"/>
                                    <templateId root="1.3.6.1.4.1.19376.1.5.3.1.4.13"/>
                                    <templateId root="2.16.840.1.113883.3.88.11.83.15.1"/>
                                    <id root="bca66e3c-53b5-4a99-a3f4-742c9e5cd0b2"/>
                                    <code code="##MONO" codeSystemName="L" displayName="MONO ABS"/>
                                    <text>MONO ABS<reference value="#Observation_044bfdbb68f5e4aff51c02"/>
                                    </text>
                                    <statusCode code="completed"/>
                                    <effectiveTime value="201205230945-0800"/>
                                    <value xsi:type="PQ">0.80<reference value="#ObservationValue_6c474eb74f733eb13423f7"/>
                                    </value>
                                    <referenceRange>
                                        <observationRange>
                                            <value xsi:type="IVL_PQ">
                                                <low value="0.16" unit="THOUSAND"/>
                                                <high value="1.00" unit="THOUSAND"/>
                                            </value>
                                        </observationRange>
                                    </referenceRange>
                                </observation>
                            </component>
                            <component>
                                <observation classCode="OBS" moodCode="EVN">
                                    <templateId root="2.16.840.1.113883.10.20.1.31"/>
                                    <templateId root="1.3.6.1.4.1.19376.1.5.3.1.4.13"/>
                                    <templateId root="2.16.840.1.113883.3.88.11.83.15.1"/>
                                    <id root="ace5012f-1c8f-47a9-9692-3467dfe0f7ae"/>
                                    <code code="EOS" codeSystemName="L" displayName="EOS ABS"/>
                                    <text>EOS ABS<reference value="#Observation_5b41809a7608acf255c127"/>
                                    </text>
                                    <statusCode code="completed"/>
                                    <effectiveTime value="201205230945-0800"/>
                                    <value xsi:type="PQ">0.07<reference value="#ObservationValue_894c7baa38b15bc638d515"/>
                                    </value>
                                    <referenceRange>
                                        <observationRange>
                                            <value xsi:type="IVL_PQ">
                                                <low value="0.00" unit="THOUSAND"/>
                                                <high value="0.80" unit="THOUSAND"/>
                                            </value>
                                        </observationRange>
                                    </referenceRange>
                                </observation>
                            </component>
                            <component>
                                <observation classCode="OBS" moodCode="EVN">
                                    <templateId root="2.16.840.1.113883.10.20.1.31"/>
                                    <templateId root="1.3.6.1.4.1.19376.1.5.3.1.4.13"/>
                                    <templateId root="2.16.840.1.113883.3.88.11.83.15.1"/>
                                    <id root="8ec826cb-3f76-42f3-a90d-f2a18e78e027"/>
                                    <code code="BASO" codeSystemName="L" displayName="BASO ABS"/>
                                    <text>BASO ABS<reference value="#Observation_7d4c6786e717e8efbbe4fa"/>
                                    </text>
                                    <statusCode code="completed"/>
                                    <effectiveTime value="201205230945-0800"/>
                                    <value xsi:type="PQ">0.08<reference value="#ObservationValue_3f4e9e9f5f927937cc9fc6"/>
                                    </value>
                                    <referenceRange>
                                        <observationRange>
                                            <value xsi:type="IVL_PQ">
                                                <low value="0.00" unit="THOUSAND"/>
                                                <high value="0.20" unit="THOUSAND"/>
                                            </value>
                                        </observationRange>
                                    </referenceRange>
                                </observation>
                            </component>
                            <component>
                                <observation classCode="OBS" moodCode="EVN">
                                    <templateId root="2.16.840.1.113883.10.20.1.31"/>
                                    <templateId root="1.3.6.1.4.1.19376.1.5.3.1.4.13"/>
                                    <templateId root="2.16.840.1.113883.3.88.11.83.15.1"/>
                                    <id root="ff2ad8a7-a1f5-45cf-91ac-560601b96f9b"/>
                                    <code code="##LUC" codeSystemName="L" displayName="LUC ABS"/>
                                    <text>LUC ABS<reference value="#Observation_16437f8f48d1afee31a83c"/>
                                    </text>
                                    <statusCode code="completed"/>
                                    <effectiveTime value="201205230945-0800"/>
                                    <value xsi:type="PQ">0.07<reference value="#ObservationValue_6c49b9a356481592990e0d"/>
                                    </value>
                                    <referenceRange>
                                        <observationRange>
                                            <value xsi:type="IVL_PQ">
                                                <low value="0.00" unit="THOUSAND"/>
                                                <high value="0.40" unit="THOUSAND"/>
                                            </value>
                                        </observationRange>
                                    </referenceRange>
                                </observation>
                            </component>
                            <component>
                                <observation classCode="OBS" moodCode="EVN">
                                    <templateId root="2.16.840.1.113883.10.20.1.31"/>
                                    <templateId root="1.3.6.1.4.1.19376.1.5.3.1.4.13"/>
                                    <templateId root="2.16.840.1.113883.3.88.11.83.15.1"/>
                                    <id root="de52bdb2-44e9-41e5-9344-4ed24669ac8b"/>
                                    <code code="#MNBND" codeSystemName="L" displayName="MAN BAND NEUT"/>
                                    <text>MAN BAND NEUT<reference value="#Observation_1446cb933e1885df326837"/>
                                    </text>
                                    <statusCode code="completed"/>
                                    <effectiveTime value="201205230945-0800"/>
                                    <value xsi:type="PQ">6<reference value="#ObservationValue_454fedba80f8c2425ba79a"/>
                                    </value>
                                    <interpretationCode code="N" codeSystem="2.16.840.1.113883.5.83" codeSystemName="Observation Interpretation" displayName="Normal"/>
                                    <referenceRange>
                                        <observationRange>
                                            <value xsi:type="IVL_PQ">
                                                <low value="0" unit="PERCENT"/>
                                                <high value="8" unit="PERCENT"/>
                                            </value>
                                        </observationRange>
                                    </referenceRange>
                                </observation>
                            </component>
                            <component>
                                <observation classCode="OBS" moodCode="EVN">
                                    <templateId root="2.16.840.1.113883.10.20.1.31"/>
                                    <templateId root="1.3.6.1.4.1.19376.1.5.3.1.4.13"/>
                                    <templateId root="2.16.840.1.113883.3.88.11.83.15.1"/>
                                    <id root="0a050297-0a2b-4ada-af49-c5f502718216"/>
                                    <code code="#MNSEG" codeSystemName="L" displayName="MAN SEG NEUT"/>
                                    <text>MAN SEG NEUT<reference value="#Observation_d24d838d9d2a3d8484a8d2"/>
                                    </text>
                                    <statusCode code="completed"/>
                                    <effectiveTime value="201205230945-0800"/>
                                    <value xsi:type="PQ">70<reference value="#ObservationValue_f34e89a4853f2c2bef644a"/>
                                    </value>
                                    <referenceRange>
                                        <observationRange>
                                            <value xsi:type="IVL_PQ">
                                                <low value="40" unit="PERCENT"/>
                                                <high value="74" unit="PERCENT"/>
                                            </value>
                                        </observationRange>
                                    </referenceRange>
                                </observation>
                            </component>
                            <component>
                                <observation classCode="OBS" moodCode="EVN">
                                    <templateId root="2.16.840.1.113883.10.20.1.31"/>
                                    <templateId root="1.3.6.1.4.1.19376.1.5.3.1.4.13"/>
                                    <templateId root="2.16.840.1.113883.3.88.11.83.15.1"/>
                                    <id root="9e83c6ed-cd3b-47d0-86ec-43a087b0c6b7"/>
                                    <code code="#MNLYM" codeSystemName="L" displayName="MAN LYMPH"/>
                                    <text>MAN LYMPH<reference value="#Observation_304eb0933f247a5eaa6055"/>
                                    </text>
                                    <statusCode code="completed"/>
                                    <effectiveTime value="201205230945-0800"/>
                                    <value xsi:type="PQ">21<reference value="#ObservationValue_d1426a97c54969422bf54f"/>
                                    </value>
                                    <interpretationCode code="N" codeSystem="2.16.840.1.113883.5.83" codeSystemName="Observation Interpretation" displayName="Normal"/>
                                    <referenceRange>
                                        <observationRange>
                                            <value xsi:type="IVL_PQ">
                                                <low value="19" unit="PERCENT"/>
                                                <high value="48" unit="PERCENT"/>
                                            </value>
                                        </observationRange>
                                    </referenceRange>
                                </observation>
                            </component>
                            <component>
                                <observation classCode="OBS" moodCode="EVN">
                                    <templateId root="2.16.840.1.113883.10.20.1.31"/>
                                    <templateId root="1.3.6.1.4.1.19376.1.5.3.1.4.13"/>
                                    <templateId root="2.16.840.1.113883.3.88.11.83.15.1"/>
                                    <id root="b082a8c0-26df-488e-a838-e05fc587e561"/>
                                    <code code="#MNMNO" codeSystemName="L" displayName="MAN MONO"/>
                                    <text>MAN MONO<reference value="#Observation_8b46cdb9327026abef2f83"/>
                                    </text>
                                    <statusCode code="completed"/>
                                    <effectiveTime value="201205230945-0800"/>
                                    <value xsi:type="PQ">8<reference value="#ObservationValue_524584b0731dae72d569e5"/>
                                    </value>
                                    <referenceRange>
                                        <observationRange>
                                            <value xsi:type="IVL_PQ">
                                                <low value="4" unit="PERCENT"/>
                                                <high value="9" unit="PERCENT"/>
                                            </value>
                                        </observationRange>
                                    </referenceRange>
                                </observation>
                            </component>
                            <component>
                                <observation classCode="OBS" moodCode="EVN">
                                    <templateId root="2.16.840.1.113883.10.20.1.31"/>
                                    <templateId root="1.3.6.1.4.1.19376.1.5.3.1.4.13"/>
                                    <templateId root="2.16.840.1.113883.3.88.11.83.15.1"/>
                                    <id root="af2b2fa1-041d-411f-844c-0f44be93f478"/>
                                    <code code="#MNEOS" codeSystemName="L" displayName="MAN EOS"/>
                                    <text>MAN EOS<reference value="#Observation_b148198315fc9a2be9f70e"/>
                                    </text>
                                    <statusCode code="completed"/>
                                    <effectiveTime value="201205230945-0800"/>
                                    <value xsi:type="PQ">3<reference value="#ObservationValue_f749239761fc7ecf9fbaf1"/>
                                    </value>
                                    <referenceRange>
                                        <observationRange>
                                            <value xsi:type="IVL_PQ">
                                                <low value="0" unit="PERCENT"/>
                                                <high value="7" unit="PERCENT"/>
                                            </value>
                                        </observationRange>
                                    </referenceRange>
                                </observation>
                            </component>
                            <component>
                                <observation classCode="OBS" moodCode="EVN">
                                    <templateId root="2.16.840.1.113883.10.20.1.31"/>
                                    <templateId root="1.3.6.1.4.1.19376.1.5.3.1.4.13"/>
                                    <templateId root="2.16.840.1.113883.3.88.11.83.15.1"/>
                                    <id root="67828049-e638-43de-961b-bf31f1269df6"/>
                                    <code code="#MNBAS" codeSystemName="L" displayName="MAN BASO"/>
                                    <text>MAN BASO<reference value="#Observation_394c85837c7427860dd088"/>
                                    </text>
                                    <statusCode code="completed"/>
                                    <effectiveTime value="201205230945-0800"/>
                                    <value xsi:type="PQ">0<reference value="#ObservationValue_7a4cde8c02d5045bec2f70"/>
                                    </value>
                                    <referenceRange>
                                        <observationRange>
                                            <value xsi:type="IVL_PQ">
                                                <low value="0" unit="PERCENT"/>
                                                <high value="2" unit="PERCENT"/>
                                            </value>
                                        </observationRange>
                                    </referenceRange>
                                </observation>
                            </component>
                            <component>
                                <observation classCode="OBS" moodCode="EVN">
                                    <templateId root="2.16.840.1.113883.10.20.1.31"/>
                                    <templateId root="1.3.6.1.4.1.19376.1.5.3.1.4.13"/>
                                    <templateId root="2.16.840.1.113883.3.88.11.83.15.1"/>
                                    <id root="3c8d9516-b64f-4fee-897d-b2e470f163eb"/>
                                    <code code="#MNMET" codeSystemName="L" displayName="MAN METAMYL"/>
                                    <text>MAN METAMYL<reference value="#Observation_b04221bffb5fdb3287c3b4"/>
                                    </text>
                                    <statusCode code="completed"/>
                                    <effectiveTime value="201205230945-0800"/>
                                    <value xsi:type="PQ">0<reference value="#ObservationValue_fc4db48dddcae5c1808b1e"/>
                                    </value>
                                    <referenceRange>
                                        <observationRange>
                                            <value xsi:type="IVL_PQ">
                                                <low value="0" unit="PERCENT"/>
                                                <high value="1" unit="PERCENT"/>
                                            </value>
                                        </observationRange>
                                    </referenceRange>
                                </observation>
                            </component>
                            <component>
                                <observation classCode="OBS" moodCode="EVN">
                                    <templateId root="2.16.840.1.113883.10.20.1.31"/>
                                    <templateId root="1.3.6.1.4.1.19376.1.5.3.1.4.13"/>
                                    <templateId root="2.16.840.1.113883.3.88.11.83.15.1"/>
                                    <id root="fed2ee21-d5af-4f52-931f-42d293441c4d"/>
                                    <code code="#MNMYL" codeSystemName="L" displayName="MAN MYELOCYTE"/>
                                    <text>MAN MYELOCYTE<reference value="#Observation_a940e88da8b12a0b535ab5"/>
                                    </text>
                                    <statusCode code="completed"/>
                                    <effectiveTime value="201205230945-0800"/>
                                    <value xsi:type="PQ">0<reference value="#ObservationValue_cf45a188bbac328e2c85a2"/>
                                    </value>
                                    <referenceRange>
                                        <observationRange>
                                            <value xsi:type="IVL_PQ">
                                                <low value="0" unit="PERCENT"/>
                                                <high value="1" unit="PERCENT"/>
                                            </value>
                                        </observationRange>
                                    </referenceRange>
                                </observation>
                            </component>
                            <component>
                                <observation classCode="OBS" moodCode="EVN">
                                    <templateId root="2.16.840.1.113883.10.20.1.31"/>
                                    <templateId root="1.3.6.1.4.1.19376.1.5.3.1.4.13"/>
                                    <templateId root="2.16.840.1.113883.3.88.11.83.15.1"/>
                                    <id root="9d96f3ca-9fed-45d1-9d12-dfee4681a4e6"/>
                                    <code code="#MNPRO" codeSystemName="L" displayName="MAN PROMYELO"/>
                                    <text>MAN PROMYELO<reference value="#Observation_184ec491c1fd90c52e1528"/>
                                    </text>
                                    <statusCode code="completed"/>
                                    <effectiveTime value="201205230945-0800"/>
                                    <value xsi:type="PQ">0<reference value="#ObservationValue_c441a09fea8b1e9ab208c1"/>
                                    </value>
                                    <referenceRange>
                                        <observationRange>
                                            <value xsi:type="IVL_PQ">
                                                <low value="0" unit="PERCENT"/>
                                                <high value="0" unit="PERCENT"/>
                                            </value>
                                        </observationRange>
                                    </referenceRange>
                                </observation>
                            </component>
                            <component>
                                <observation classCode="OBS" moodCode="EVN">
                                    <templateId root="2.16.840.1.113883.10.20.1.31"/>
                                    <templateId root="1.3.6.1.4.1.19376.1.5.3.1.4.13"/>
                                    <templateId root="2.16.840.1.113883.3.88.11.83.15.1"/>
                                    <id root="9af9be5c-6f05-4a87-95d1-d0bd1c2a1410"/>
                                    <code code="#MNBLS" codeSystemName="L" displayName="MAN BLASTS"/>
                                    <text>MAN BLASTS<reference value="#Observation_96435f86d626923a20e04c"/>
                                    </text>
                                    <statusCode code="completed"/>
                                    <effectiveTime value="201205230945-0800"/>
                                    <value xsi:type="PQ">0<reference value="#ObservationValue_75442cbae2061c1fb7ab61"/>
                                    </value>
                                    <referenceRange>
                                        <observationRange>
                                            <value xsi:type="IVL_PQ">
                                                <low value="0" unit="PERCENT"/>
                                                <high value="0" unit="PERCENT"/>
                                            </value>
                                        </observationRange>
                                    </referenceRange>
                                </observation>
                            </component>
                            <component>
                                <observation classCode="OBS" moodCode="EVN">
                                    <templateId root="2.16.840.1.113883.10.20.1.31"/>
                                    <templateId root="1.3.6.1.4.1.19376.1.5.3.1.4.13"/>
                                    <templateId root="2.16.840.1.113883.3.88.11.83.15.1"/>
                                    <id root="611d1633-72c5-4daa-b4d2-ea9fa3399e88"/>
                                    <code code="#ESPLT" codeSystemName="L" displayName="PLATELET (EST)"/>
                                    <text>PLATELET (EST)<reference value="#Observation_814574bdc1ae9d77d4ab88"/>
                                    </text>
                                    <statusCode code="completed"/>
                                    <effectiveTime value="201205230945-0800"/>
                                    <value xsi:type="ED">10-12<reference value="#ObservationValue_c643e4922885287d05e951"/>
                                    </value>
                                    <entryRelationship typeCode="SUBJ" inversionInd="true">
                                        <act classCode="ACT" moodCode="EVN">
                                            <templateId root="2.16.840.1.113883.10.20.1.40"/>
                                            <templateId root="2.16.840.1.113883.3.88.11.83.11"/>
                                            <templateId root="1.3.6.1.4.1.19376.1.5.3.1.4.2"/>
                                            <code code="48767-8" codeSystem="2.16.840.1.113883.6.1" codeSystemName="LOINC" displayName="Annotation Comment"/>
                                            <text>PLATELET COUNT CONSISTENT  WITH SLIDE REVIEW ESPLT  EACH PLATELET PER OIL IMMERSION FIELD REPRESENTS APPROXIMATELY        TWENTY THOUSAND PLATELETS PER CUBIC MILLIMETER.<reference value="Comment_bb4d40b0ffa021d3815e1b"/>
                                            </text>
                                            <statusCode code="completed"/>
                                        </act>
                                    </entryRelationship>
                                    <referenceRange>
                                        <observationRange>
                                            <value xsi:type="IVL_PQ">
                                                <low value="7" unit="PER_OIF"/>
                                                <high value="20" unit="PER_OIF"/>
                                            </value>
                                        </observationRange>
                                    </referenceRange>
                                </observation>
                            </component>
                        </organizer>
</entry>
                    <entry>
                        <organizer classCode="BATTERY" moodCode="EVN">
                            <templateId root="2.16.840.1.113883.10.20.1.32"/>
                            <id root="541bbe20-5806-4d14-9fec-c0f6f3d5e92d"/>
                            <code code="CBC" codeSystemName="L" displayName="CBC">
                                <translation code="LAB"/>
                            </code>
                            <statusCode code="completed"/>
                            <component>
                                <procedure classCode="PROC" moodCode="EVN">
                                    <templateId root="2.16.840.1.113883.10.20.1.29"/>
                                    <templateId root="1.3.6.1.4.1.19376.1.5.3.1.4.19"/>
                                    <templateId root="2.16.840.1.113883.3.88.11.83.17"/>
                                    <id root="7ad5cd2d-aae1-425d-93a9-33e973d5a12d"/>
                                    <code nullFlavor="NI">
                                        <originalText>CBC</originalText>
                                    </code>
                                    <text>CBC</text>
                                    <statusCode code="completed"/>
                                    <effectiveTime>
                                        <low value="201205300945-0800"/>
                                    </effectiveTime>
                                    <priorityCode code="S" codeSystem="2.16.840.1.113883.3.88.12.80.71" codeSystemName="Order Priority" displayName="Stat"/>
                                    <participant typeCode="RESP" contextControlCode="OP">
                                        <participantRole>
                                            <addr nullFlavor="NI"/>
                                            <playingEntity>
                                                <name>
                                                    <given>Unnamed</given>
                                                    <family>User</family>
                                                </name>
                                            </playingEntity>
                                        </participantRole>
                                    </participant>
                                    <participant typeCode="ATND" contextControlCode="OP">
                                        <participantRole>
                                            <addr nullFlavor="NI"/>
                                            <playingEntity>
                                                <name>
                                                    <given>Test</given>
                                                    <family>Userone</family>
                                                </name>
                                            </playingEntity>
                                        </participantRole>
                                    </participant>
                                    <participant typeCode="ADM" contextControlCode="OP">
                                        <participantRole>
                                            <addr nullFlavor="NI"/>
                                            <playingEntity>
                                                <name>
                                                    <given>Test</given>
                                                    <family>Faxuser</family>
                                                </name>
                                            </playingEntity>
                                        </participantRole>
                                    </participant>
                                    <participant typeCode="REF" contextControlCode="OP">
                                        <participantRole>
                                            <addr nullFlavor="NI"/>
                                            <playingEntity>
                                                <name>
                                                    <given>Test</given>
                                                    <family>Faxuser</family>
                                                </name>
                                            </playingEntity>
                                        </participantRole>
                                    </participant>
                                    <participant typeCode="ORG" contextControlCode="OP">
                                        <participantRole>
                                            <addr nullFlavor="NI"/>
                                            <telecom nullFlavor="NI"/>
                                            <playingEntity>
                                                <name>UniLab</name>
                                            </playingEntity>
                                        </participantRole>
                                    </participant>
                                </procedure>
                            </component>
                            <component>
                                <observation classCode="OBS" moodCode="EVN">
                                    <templateId root="2.16.840.1.113883.10.20.1.31"/>
                                    <templateId root="1.3.6.1.4.1.19376.1.5.3.1.4.13"/>
                                    <templateId root="2.16.840.1.113883.3.88.11.83.15.1"/>
                                    <id root="f5d9801c-0321-4687-a68e-89c6c4edab69"/>
                                    <code code="#WBC" codeSystemName="L" displayName="WBC"/>
                                    <text>WBC<reference value="#Observation_9a48c8845fd07601a62b7a"/>
                                    </text>
                                    <statusCode code="completed"/>
                                    <effectiveTime value="201205300945-0800"/>
                                    <value xsi:type="PQ">8.03<reference value="#ObservationValue_5248ada4f6cae671980930"/>
                                    </value>
                                    <referenceRange>
                                        <observationRange>
                                            <value xsi:type="IVL_PQ">
                                                <low value="4.80" unit="THOUSAND"/>
                                                <high value="10.80" unit="THOUSAND"/>
                                            </value>
                                        </observationRange>
                                    </referenceRange>
                                </observation>
                            </component>
                            <component>
                                <observation classCode="OBS" moodCode="EVN">
                                    <templateId root="2.16.840.1.113883.10.20.1.31"/>
                                    <templateId root="1.3.6.1.4.1.19376.1.5.3.1.4.13"/>
                                    <templateId root="2.16.840.1.113883.3.88.11.83.15.1"/>
                                    <id root="e5b22625-f2df-403f-a978-28a00ee1a90c"/>
                                    <code code="#HGB" codeSystemName="L" displayName="HGB"/>
                                    <text>HGB<reference value="#Observation_5244b7a692d333acc0662a"/>
                                    </text>
                                    <statusCode code="completed"/>
                                    <effectiveTime value="201205300945-0800"/>
                                    <value xsi:type="PQ">14.4<reference value="#ObservationValue_e244bbb6d2cc511a619325"/>
                                    </value>
                                    <referenceRange>
                                        <observationRange>
                                            <value xsi:type="IVL_PQ">
                                                <low value="14.0" unit="G/dl"/>
                                                <high value="18.0" unit="G/dl"/>
                                            </value>
                                        </observationRange>
                                    </referenceRange>
                                </observation>
                            </component>
                            <component>
                                <observation classCode="OBS" moodCode="EVN">
                                    <templateId root="2.16.840.1.113883.10.20.1.31"/>
                                    <templateId root="1.3.6.1.4.1.19376.1.5.3.1.4.13"/>
                                    <templateId root="2.16.840.1.113883.3.88.11.83.15.1"/>
                                    <id root="3a3aa3a4-5e5b-4758-867f-e80cabb677f7"/>
                                    <code code="#HCT" codeSystemName="L" displayName="HCT"/>
                                    <text>HCT<reference value="#Observation_704ca6959ac1a90a26081a"/>
                                    </text>
                                    <statusCode code="completed"/>
                                    <effectiveTime value="201205300945-0800"/>
                                    <value xsi:type="PQ">44.2<reference value="#ObservationValue_4742b095615b499f92be06"/>
                                    </value>
                                    <referenceRange>
                                        <observationRange>
                                            <value xsi:type="IVL_PQ">
                                                <low value="42.0" unit="PERCENT"/>
                                                <high value="54.0" unit="PERCENT"/>
                                            </value>
                                        </observationRange>
                                    </referenceRange>
                                </observation>
                            </component>
                            <component>
                                <observation classCode="OBS" moodCode="EVN">
                                    <templateId root="2.16.840.1.113883.10.20.1.31"/>
                                    <templateId root="1.3.6.1.4.1.19376.1.5.3.1.4.13"/>
                                    <templateId root="2.16.840.1.113883.3.88.11.83.15.1"/>
                                    <id root="3a7317ee-6fef-413f-a2a8-e29bc24d9d2a"/>
                                    <code code="#PLT" codeSystemName="L" displayName="PLATELETS"/>
                                    <text>PLATELETS<reference value="#Observation_634eebb4ede9031ca05595"/>
                                    </text>
                                    <statusCode code="completed"/>
                                    <effectiveTime value="201205300945-0800"/>
                                    <value xsi:type="PQ">137<reference value="#ObservationValue_6940ab93e936e2a259887a"/>
                                    </value>
                                    <interpretationCode code="N" codeSystem="2.16.840.1.113883.5.83" codeSystemName="Observation Interpretation" displayName="Normal"/>
                                    <referenceRange>
                                        <observationRange>
                                            <value xsi:type="IVL_PQ">
                                                <low value="130" unit="THOUSAND"/>
                                                <high value="400" unit="THOUSAND"/>
                                            </value>
                                        </observationRange>
                                    </referenceRange>
                                </observation>
                            </component>
                            <component>
                                <observation classCode="OBS" moodCode="EVN">
                                    <templateId root="2.16.840.1.113883.10.20.1.31"/>
                                    <templateId root="1.3.6.1.4.1.19376.1.5.3.1.4.13"/>
                                    <templateId root="2.16.840.1.113883.3.88.11.83.15.1"/>
                                    <id root="e206c135-009e-4253-b44c-d7e0c585f7ea"/>
                                    <code code="#RBC" codeSystemName="L" displayName="RBC"/>
                                    <text>RBC<reference value="#Observation_82419d9445b2e17121a6a4"/>
                                    </text>
                                    <statusCode code="completed"/>
                                    <effectiveTime value="201205300945-0800"/>
                                    <value xsi:type="PQ">4.81<reference value="#ObservationValue_bc4c368eabd7089b260878"/>
                                    </value>
                                    <referenceRange>
                                        <observationRange>
                                            <value xsi:type="IVL_PQ">
                                                <low value="4.70" unit="MILLION"/>
                                                <high value="6.10" unit="MILLION"/>
                                            </value>
                                        </observationRange>
                                    </referenceRange>
                                </observation>
                            </component>
                            <component>
                                <observation classCode="OBS" moodCode="EVN">
                                    <templateId root="2.16.840.1.113883.10.20.1.31"/>
                                    <templateId root="1.3.6.1.4.1.19376.1.5.3.1.4.13"/>
                                    <templateId root="2.16.840.1.113883.3.88.11.83.15.1"/>
                                    <id root="65ac2290-b2cb-4a35-a330-852d8fe50f37"/>
                                    <code code="#MCV" codeSystemName="L" displayName="MCV"/>
                                    <text>MCV<reference value="#Observation_4547b0b6dc93f6d6286003"/>
                                    </text>
                                    <statusCode code="completed"/>
                                    <effectiveTime value="201205300945-0800"/>
                                    <value xsi:type="PQ">92.2<reference value="#ObservationValue_f544459803c88ab167510b"/>
                                    </value>
                                    <referenceRange>
                                        <observationRange>
                                            <value xsi:type="IVL_PQ">
                                                <low value="83.0" unit="fl"/>
                                                <high value="99.0" unit="fl"/>
                                            </value>
                                        </observationRange>
                                    </referenceRange>
                                </observation>
                            </component>
                            <component>
                                <observation classCode="OBS" moodCode="EVN">
                                    <templateId root="2.16.840.1.113883.10.20.1.31"/>
                                    <templateId root="1.3.6.1.4.1.19376.1.5.3.1.4.13"/>
                                    <templateId root="2.16.840.1.113883.3.88.11.83.15.1"/>
                                    <id root="321c851b-2c68-4a83-9ad2-90472353b676"/>
                                    <code code="#MCH" codeSystemName="L" displayName="MCH"/>
                                    <text>MCH<reference value="#Observation_484bcebb5a0a8008e68dca"/>
                                    </text>
                                    <statusCode code="completed"/>
                                    <effectiveTime value="201205300945-0800"/>
                                    <value xsi:type="PQ">30.6<reference value="#ObservationValue_f3499a970073ffd762f431"/>
                                    </value>
                                    <referenceRange>
                                        <observationRange>
                                            <value xsi:type="IVL_PQ">
                                                <low value="27.0" unit="pg"/>
                                                <high value="32.0" unit="pg"/>
                                            </value>
                                        </observationRange>
                                    </referenceRange>
                                </observation>
                            </component>
                            <component>
                                <observation classCode="OBS" moodCode="EVN">
                                    <templateId root="2.16.840.1.113883.10.20.1.31"/>
                                    <templateId root="1.3.6.1.4.1.19376.1.5.3.1.4.13"/>
                                    <templateId root="2.16.840.1.113883.3.88.11.83.15.1"/>
                                    <id root="9d82c56c-ff60-45ae-839f-c25354b0097e"/>
                                    <code code="#MCHC" codeSystemName="L" displayName="MCHC"/>
                                    <text>MCHC<reference value="#Observation_c44d25b1f78404436cc9c9"/>
                                    </text>
                                    <statusCode code="completed"/>
                                    <effectiveTime value="201205300945-0800"/>
                                    <value xsi:type="PQ">33.3<reference value="#ObservationValue_a8474eae7d6cd3b2175409"/>
                                    </value>
                                    <referenceRange>
                                        <observationRange>
                                            <value xsi:type="IVL_PQ">
                                                <low value="32.0" unit="G/dl"/>
                                                <high value="37.0" unit="G/dl"/>
                                            </value>
                                        </observationRange>
                                    </referenceRange>
                                </observation>
                            </component>
                            <component>
                                <observation classCode="OBS" moodCode="EVN">
                                    <templateId root="2.16.840.1.113883.10.20.1.31"/>
                                    <templateId root="1.3.6.1.4.1.19376.1.5.3.1.4.13"/>
                                    <templateId root="2.16.840.1.113883.3.88.11.83.15.1"/>
                                    <id root="1d62cbdb-f432-418c-b9e1-dd1c83d2ce81"/>
                                    <code code="#RDW" codeSystemName="L" displayName="RDW"/>
                                    <text>RDW<reference value="#Observation_394aea942bce6201632166"/>
                                    </text>
                                    <statusCode code="completed"/>
                                    <effectiveTime value="201205300945-0800"/>
                                    <value xsi:type="PQ">13<reference value="#ObservationValue_734df794745844233d9c3a"/>
                                    </value>
                                    <interpretationCode code="N" codeSystem="2.16.840.1.113883.5.83" codeSystemName="Observation Interpretation" displayName="Normal"/>
                                    <referenceRange>
                                        <observationRange>
                                            <value xsi:type="IVL_PQ">
                                                <low value="11.5" unit="PERCENT"/>
                                                <high value="14.5" unit="PERCENT"/>
                                            </value>
                                        </observationRange>
                                    </referenceRange>
                                </observation>
                            </component>
                            <component>
                                <observation classCode="OBS" moodCode="EVN">
                                    <templateId root="2.16.840.1.113883.10.20.1.31"/>
                                    <templateId root="1.3.6.1.4.1.19376.1.5.3.1.4.13"/>
                                    <templateId root="2.16.840.1.113883.3.88.11.83.15.1"/>
                                    <id root="fb58ae0b-e9d4-44e6-b63a-acdfdef319ab"/>
                                    <code code="#NEUT" codeSystemName="L" displayName="NEUT"/>
                                    <text>NEUT<reference value="#Observation_e74a488281cdf224bc069e"/>
                                    </text>
                                    <statusCode code="completed"/>
                                    <effectiveTime value="201205300945-0800"/>
                                    <value xsi:type="PQ">68<reference value="#ObservationValue_e846d4a55ca1df02886685"/>
                                    </value>
                                    <interpretationCode code="N" codeSystem="2.16.840.1.113883.5.83" codeSystemName="Observation Interpretation" displayName="Normal"/>
                                    <referenceRange>
                                        <observationRange>
                                            <value xsi:type="IVL_PQ">
                                                <low value="40.0" unit="PERCENT"/>
                                                <high value="74.0" unit="PERCENT"/>
                                            </value>
                                        </observationRange>
                                    </referenceRange>
                                </observation>
                            </component>
                            <component>
                                <observation classCode="OBS" moodCode="EVN">
                                    <templateId root="2.16.840.1.113883.10.20.1.31"/>
                                    <templateId root="1.3.6.1.4.1.19376.1.5.3.1.4.13"/>
                                    <templateId root="2.16.840.1.113883.3.88.11.83.15.1"/>
                                    <id root="660b1e1b-be76-480e-a333-1aeeb858005f"/>
                                    <code code="#LYMPH" codeSystemName="L" displayName="LYMPH"/>
                                    <text>LYMPH<reference value="#Observation_99456cb3bab570ce36d175"/>
                                    </text>
                                    <statusCode code="completed"/>
                                    <effectiveTime value="201205300945-0800"/>
                                    <value xsi:type="PQ">23<reference value="#ObservationValue_e6410c889b7ed3a8dc4b73"/>
                                    </value>
                                    <interpretationCode code="N" codeSystem="2.16.840.1.113883.5.83" codeSystemName="Observation Interpretation" displayName="Normal"/>
                                    <referenceRange>
                                        <observationRange>
                                            <value xsi:type="IVL_PQ">
                                                <low value="19.0" unit="PERCENT"/>
                                                <high value="48.0" unit="PERCENT"/>
                                            </value>
                                        </observationRange>
                                    </referenceRange>
                                </observation>
                            </component>
                            <component>
                                <observation classCode="OBS" moodCode="EVN">
                                    <templateId root="2.16.840.1.113883.10.20.1.31"/>
                                    <templateId root="1.3.6.1.4.1.19376.1.5.3.1.4.13"/>
                                    <templateId root="2.16.840.1.113883.3.88.11.83.15.1"/>
                                    <id root="b260ff9a-9c20-4791-8587-d18993f2b59a"/>
                                    <code code="#MONO" codeSystemName="L" displayName="MONO"/>
                                    <text>MONO<reference value="#Observation_49451eb435ed17379e115a"/>
                                    </text>
                                    <statusCode code="completed"/>
                                    <effectiveTime value="201205300945-0800"/>
                                    <value xsi:type="PQ">8.7<reference value="#ObservationValue_6e4543a2850fefaca3f263"/>
                                    </value>
                                    <interpretationCode code="N" codeSystem="2.16.840.1.113883.5.83" codeSystemName="Observation Interpretation" displayName="Normal"/>
                                    <referenceRange>
                                        <observationRange>
                                            <value xsi:type="IVL_PQ">
                                                <low value="3.5" unit="PERCENT"/>
                                                <high value="9.0" unit="PERCENT"/>
                                            </value>
                                        </observationRange>
                                    </referenceRange>
                                </observation>
                            </component>
                            <component>
                                <observation classCode="OBS" moodCode="EVN">
                                    <templateId root="2.16.840.1.113883.10.20.1.31"/>
                                    <templateId root="1.3.6.1.4.1.19376.1.5.3.1.4.13"/>
                                    <templateId root="2.16.840.1.113883.3.88.11.83.15.1"/>
                                    <id root="3cfe6c82-0e39-4171-bd69-052f7827bfc2"/>
                                    <code code="#EOS" codeSystemName="L" displayName="EOS"/>
                                    <text>EOS<reference value="#Observation_8c424785f59a6d2e5bfbf6"/>
                                    </text>
                                    <statusCode code="completed"/>
                                    <effectiveTime value="201205300945-0800"/>
                                    <value xsi:type="PQ">0.7<reference value="#ObservationValue_734e92b258d81ecbd2bf9c"/>
                                    </value>
                                    <referenceRange>
                                        <observationRange>
                                            <value xsi:type="IVL_PQ">
                                                <low value="0.0" unit="PERCENT"/>
                                                <high value="7.0" unit="PERCENT"/>
                                            </value>
                                        </observationRange>
                                    </referenceRange>
                                </observation>
                            </component>
                            <component>
                                <observation classCode="OBS" moodCode="EVN">
                                    <templateId root="2.16.840.1.113883.10.20.1.31"/>
                                    <templateId root="1.3.6.1.4.1.19376.1.5.3.1.4.13"/>
                                    <templateId root="2.16.840.1.113883.3.88.11.83.15.1"/>
                                    <id root="53d3a3ba-73a4-46ad-a145-1491cd910141"/>
                                    <code code="#BASO" codeSystemName="L" displayName="BASO"/>
                                    <text>BASO<reference value="#Observation_85441a965052326973eef0"/>
                                    </text>
                                    <statusCode code="completed"/>
                                    <effectiveTime value="201205300945-0800"/>
                                    <value xsi:type="PQ">0.6<reference value="#ObservationValue_63473588349a8d6b76281f"/>
                                    </value>
                                    <referenceRange>
                                        <observationRange>
                                            <value xsi:type="IVL_PQ">
                                                <low value="0.0" unit="PERCENT"/>
                                                <high value="1.5" unit="PERCENT"/>
                                            </value>
                                        </observationRange>
                                    </referenceRange>
                                </observation>
                            </component>
                            <component>
                                <observation classCode="OBS" moodCode="EVN">
                                    <templateId root="2.16.840.1.113883.10.20.1.31"/>
                                    <templateId root="1.3.6.1.4.1.19376.1.5.3.1.4.13"/>
                                    <templateId root="2.16.840.1.113883.3.88.11.83.15.1"/>
                                    <id root="8f37ae17-6cc7-4344-9c0b-78807023199d"/>
                                    <code code="#LUC" codeSystemName="L" displayName="LGE UNST.CELL"/>
                                    <text>LGE UNST.CELL<reference value="#Observation_da4dff84aa950bd4790b9e"/>
                                    </text>
                                    <statusCode code="completed"/>
                                    <effectiveTime value="201205300945-0800"/>
                                    <value xsi:type="PQ">0.9<reference value="#ObservationValue_6a414f9f5c23db3a9b7105"/>
                                    </value>
                                    <referenceRange>
                                        <observationRange>
                                            <value xsi:type="IVL_PQ">
                                                <low value="0.0" unit="PERCENT"/>
                                                <high value="4.0" unit="PERCENT"/>
                                            </value>
                                        </observationRange>
                                    </referenceRange>
                                </observation>
                            </component>
                            <component>
                                <observation classCode="OBS" moodCode="EVN">
                                    <templateId root="2.16.840.1.113883.10.20.1.31"/>
                                    <templateId root="1.3.6.1.4.1.19376.1.5.3.1.4.13"/>
                                    <templateId root="2.16.840.1.113883.3.88.11.83.15.1"/>
                                    <id root="17b15fc9-08ed-48d1-944e-0f993e15f416"/>
                                    <code code="##NEUT" codeSystemName="L" displayName="NEUT ABS"/>
                                    <text>NEUT ABS<reference value="#Observation_d34a249f2890baa671c893"/>
                                    </text>
                                    <statusCode code="completed"/>
                                    <effectiveTime value="201205300945-0800"/>
                                    <value xsi:type="PQ">6.50<reference value="#ObservationValue_874c0d8dc37920bdfbccd3"/>
                                    </value>
                                    <referenceRange>
                                        <observationRange>
                                            <value xsi:type="IVL_PQ">
                                                <low value="1.90" unit="THOUSAND"/>
                                                <high value="8.00" unit="THOUSAND"/>
                                            </value>
                                        </observationRange>
                                    </referenceRange>
                                </observation>
                            </component>
                            <component>
                                <observation classCode="OBS" moodCode="EVN">
                                    <templateId root="2.16.840.1.113883.10.20.1.31"/>
                                    <templateId root="1.3.6.1.4.1.19376.1.5.3.1.4.13"/>
                                    <templateId root="2.16.840.1.113883.3.88.11.83.15.1"/>
                                    <id root="90268b9b-a226-4d98-a464-8752665ca2be"/>
                                    <code code="##LYMP" codeSystemName="L" displayName="LYMPH ABS"/>
                                    <text>LYMPH ABS<reference value="#Observation_4849b087405177d9863278"/>
                                    </text>
                                    <statusCode code="completed"/>
                                    <effectiveTime value="201205300945-0800"/>
                                    <value xsi:type="PQ">1.4<reference value="#ObservationValue_f548b8ae456e9f856b0210"/>
                                    </value>
                                    <interpretationCode code="N" codeSystem="2.16.840.1.113883.5.83" codeSystemName="Observation Interpretation" displayName="Normal"/>
                                    <referenceRange>
                                        <observationRange>
                                            <value xsi:type="IVL_PQ">
                                                <low value="0.90" unit="THOUSAND"/>
                                                <high value="5.20" unit="THOUSAND"/>
                                            </value>
                                        </observationRange>
                                    </referenceRange>
                                </observation>
                            </component>
                            <component>
                                <observation classCode="OBS" moodCode="EVN">
                                    <templateId root="2.16.840.1.113883.10.20.1.31"/>
                                    <templateId root="1.3.6.1.4.1.19376.1.5.3.1.4.13"/>
                                    <templateId root="2.16.840.1.113883.3.88.11.83.15.1"/>
                                    <id root="bca66e3c-53b5-4a99-a3f4-742c9e5cd0b2"/>
                                    <code code="##MONO" codeSystemName="L" displayName="MONO ABS"/>
                                    <text>MONO ABS<reference value="#Observation_044bfdbb68f5e4aff51c02"/>
                                    </text>
                                    <statusCode code="completed"/>
                                    <effectiveTime value="201205300945-0800"/>
                                    <value xsi:type="PQ">0.80<reference value="#ObservationValue_6c474eb74f733eb13423f7"/>
                                    </value>
                                    <referenceRange>
                                        <observationRange>
                                            <value xsi:type="IVL_PQ">
                                                <low value="0.16" unit="THOUSAND"/>
                                                <high value="1.00" unit="THOUSAND"/>
                                            </value>
                                        </observationRange>
                                    </referenceRange>
                                </observation>
                            </component>
                            <component>
                                <observation classCode="OBS" moodCode="EVN">
                                    <templateId root="2.16.840.1.113883.10.20.1.31"/>
                                    <templateId root="1.3.6.1.4.1.19376.1.5.3.1.4.13"/>
                                    <templateId root="2.16.840.1.113883.3.88.11.83.15.1"/>
                                    <id root="ace5012f-1c8f-47a9-9692-3467dfe0f7ae"/>
                                    <code code="EOS" codeSystemName="L" displayName="EOS ABS"/>
                                    <text>EOS ABS<reference value="#Observation_5b41809a7608acf255c127"/>
                                    </text>
                                    <statusCode code="completed"/>
                                    <effectiveTime value="201205300945-0800"/>
                                    <value xsi:type="PQ">0.07<reference value="#ObservationValue_894c7baa38b15bc638d515"/>
                                    </value>
                                    <referenceRange>
                                        <observationRange>
                                            <value xsi:type="IVL_PQ">
                                                <low value="0.00" unit="THOUSAND"/>
                                                <high value="0.80" unit="THOUSAND"/>
                                            </value>
                                        </observationRange>
                                    </referenceRange>
                                </observation>
                            </component>
                            <component>
                                <observation classCode="OBS" moodCode="EVN">
                                    <templateId root="2.16.840.1.113883.10.20.1.31"/>
                                    <templateId root="1.3.6.1.4.1.19376.1.5.3.1.4.13"/>
                                    <templateId root="2.16.840.1.113883.3.88.11.83.15.1"/>
                                    <id root="8ec826cb-3f76-42f3-a90d-f2a18e78e027"/>
                                    <code code="BASO" codeSystemName="L" displayName="BASO ABS"/>
                                    <text>BASO ABS<reference value="#Observation_7d4c6786e717e8efbbe4fa"/>
                                    </text>
                                    <statusCode code="completed"/>
                                    <effectiveTime value="201205300945-0800"/>
                                    <value xsi:type="PQ">0.08<reference value="#ObservationValue_3f4e9e9f5f927937cc9fc6"/>
                                    </value>
                                    <referenceRange>
                                        <observationRange>
                                            <value xsi:type="IVL_PQ">
                                                <low value="0.00" unit="THOUSAND"/>
                                                <high value="0.20" unit="THOUSAND"/>
                                            </value>
                                        </observationRange>
                                    </referenceRange>
                                </observation>
                            </component>
                            <component>
                                <observation classCode="OBS" moodCode="EVN">
                                    <templateId root="2.16.840.1.113883.10.20.1.31"/>
                                    <templateId root="1.3.6.1.4.1.19376.1.5.3.1.4.13"/>
                                    <templateId root="2.16.840.1.113883.3.88.11.83.15.1"/>
                                    <id root="ff2ad8a7-a1f5-45cf-91ac-560601b96f9b"/>
                                    <code code="##LUC" codeSystemName="L" displayName="LUC ABS"/>
                                    <text>LUC ABS<reference value="#Observation_16437f8f48d1afee31a83c"/>
                                    </text>
                                    <statusCode code="completed"/>
                                    <effectiveTime value="201205300945-0800"/>
                                    <value xsi:type="PQ">0.07<reference value="#ObservationValue_6c49b9a356481592990e0d"/>
                                    </value>
                                    <referenceRange>
                                        <observationRange>
                                            <value xsi:type="IVL_PQ">
                                                <low value="0.00" unit="THOUSAND"/>
                                                <high value="0.40" unit="THOUSAND"/>
                                            </value>
                                        </observationRange>
                                    </referenceRange>
                                </observation>
                            </component>
                            <component>
                                <observation classCode="OBS" moodCode="EVN">
                                    <templateId root="2.16.840.1.113883.10.20.1.31"/>
                                    <templateId root="1.3.6.1.4.1.19376.1.5.3.1.4.13"/>
                                    <templateId root="2.16.840.1.113883.3.88.11.83.15.1"/>
                                    <id root="de52bdb2-44e9-41e5-9344-4ed24669ac8b"/>
                                    <code code="#MNBND" codeSystemName="L" displayName="MAN BAND NEUT"/>
                                    <text>MAN BAND NEUT<reference value="#Observation_1446cb933e1885df326837"/>
                                    </text>
                                    <statusCode code="completed"/>
                                    <effectiveTime value="201205300945-0800"/>
                                    <value xsi:type="PQ">6<reference value="#ObservationValue_454fedba80f8c2425ba79a"/>
                                    </value>
                                    <interpretationCode code="N" codeSystem="2.16.840.1.113883.5.83" codeSystemName="Observation Interpretation" displayName="Normal"/>
                                    <referenceRange>
                                        <observationRange>
                                            <value xsi:type="IVL_PQ">
                                                <low value="0" unit="PERCENT"/>
                                                <high value="8" unit="PERCENT"/>
                                            </value>
                                        </observationRange>
                                    </referenceRange>
                                </observation>
                            </component>
                            <component>
                                <observation classCode="OBS" moodCode="EVN">
                                    <templateId root="2.16.840.1.113883.10.20.1.31"/>
                                    <templateId root="1.3.6.1.4.1.19376.1.5.3.1.4.13"/>
                                    <templateId root="2.16.840.1.113883.3.88.11.83.15.1"/>
                                    <id root="0a050297-0a2b-4ada-af49-c5f502718216"/>
                                    <code code="#MNSEG" codeSystemName="L" displayName="MAN SEG NEUT"/>
                                    <text>MAN SEG NEUT<reference value="#Observation_d24d838d9d2a3d8484a8d2"/>
                                    </text>
                                    <statusCode code="completed"/>
                                    <effectiveTime value="201205300945-0800"/>
                                    <value xsi:type="PQ">70<reference value="#ObservationValue_f34e89a4853f2c2bef644a"/>
                                    </value>
                                    <referenceRange>
                                        <observationRange>
                                            <value xsi:type="IVL_PQ">
                                                <low value="40" unit="PERCENT"/>
                                                <high value="74" unit="PERCENT"/>
                                            </value>
                                        </observationRange>
                                    </referenceRange>
                                </observation>
                            </component>
                            <component>
                                <observation classCode="OBS" moodCode="EVN">
                                    <templateId root="2.16.840.1.113883.10.20.1.31"/>
                                    <templateId root="1.3.6.1.4.1.19376.1.5.3.1.4.13"/>
                                    <templateId root="2.16.840.1.113883.3.88.11.83.15.1"/>
                                    <id root="9e83c6ed-cd3b-47d0-86ec-43a087b0c6b7"/>
                                    <code code="#MNLYM" codeSystemName="L" displayName="MAN LYMPH"/>
                                    <text>MAN LYMPH<reference value="#Observation_304eb0933f247a5eaa6055"/>
                                    </text>
                                    <statusCode code="completed"/>
                                    <effectiveTime value="201205300945-0800"/>
                                    <value xsi:type="PQ">21<reference value="#ObservationValue_d1426a97c54969422bf54f"/>
                                    </value>
                                    <interpretationCode code="N" codeSystem="2.16.840.1.113883.5.83" codeSystemName="Observation Interpretation" displayName="Normal"/>
                                    <referenceRange>
                                        <observationRange>
                                            <value xsi:type="IVL_PQ">
                                                <low value="19" unit="PERCENT"/>
                                                <high value="48" unit="PERCENT"/>
                                            </value>
                                        </observationRange>
                                    </referenceRange>
                                </observation>
                            </component>
                            <component>
                                <observation classCode="OBS" moodCode="EVN">
                                    <templateId root="2.16.840.1.113883.10.20.1.31"/>
                                    <templateId root="1.3.6.1.4.1.19376.1.5.3.1.4.13"/>
                                    <templateId root="2.16.840.1.113883.3.88.11.83.15.1"/>
                                    <id root="b082a8c0-26df-488e-a838-e05fc587e561"/>
                                    <code code="#MNMNO" codeSystemName="L" displayName="MAN MONO"/>
                                    <text>MAN MONO<reference value="#Observation_8b46cdb9327026abef2f83"/>
                                    </text>
                                    <statusCode code="completed"/>
                                    <effectiveTime value="201205300945-0800"/>
                                    <value xsi:type="PQ">8<reference value="#ObservationValue_524584b0731dae72d569e5"/>
                                    </value>
                                    <referenceRange>
                                        <observationRange>
                                            <value xsi:type="IVL_PQ">
                                                <low value="4" unit="PERCENT"/>
                                                <high value="9" unit="PERCENT"/>
                                            </value>
                                        </observationRange>
                                    </referenceRange>
                                </observation>
                            </component>
                            <component>
                                <observation classCode="OBS" moodCode="EVN">
                                    <templateId root="2.16.840.1.113883.10.20.1.31"/>
                                    <templateId root="1.3.6.1.4.1.19376.1.5.3.1.4.13"/>
                                    <templateId root="2.16.840.1.113883.3.88.11.83.15.1"/>
                                    <id root="af2b2fa1-041d-411f-844c-0f44be93f478"/>
                                    <code code="#MNEOS" codeSystemName="L" displayName="MAN EOS"/>
                                    <text>MAN EOS<reference value="#Observation_b148198315fc9a2be9f70e"/>
                                    </text>
                                    <statusCode code="completed"/>
                                    <effectiveTime value="201205300945-0800"/>
                                    <value xsi:type="PQ">3<reference value="#ObservationValue_f749239761fc7ecf9fbaf1"/>
                                    </value>
                                    <referenceRange>
                                        <observationRange>
                                            <value xsi:type="IVL_PQ">
                                                <low value="0" unit="PERCENT"/>
                                                <high value="7" unit="PERCENT"/>
                                            </value>
                                        </observationRange>
                                    </referenceRange>
                                </observation>
                            </component>
                            <component>
                                <observation classCode="OBS" moodCode="EVN">
                                    <templateId root="2.16.840.1.113883.10.20.1.31"/>
                                    <templateId root="1.3.6.1.4.1.19376.1.5.3.1.4.13"/>
                                    <templateId root="2.16.840.1.113883.3.88.11.83.15.1"/>
                                    <id root="67828049-e638-43de-961b-bf31f1269df6"/>
                                    <code code="#MNBAS" codeSystemName="L" displayName="MAN BASO"/>
                                    <text>MAN BASO<reference value="#Observation_394c85837c7427860dd088"/>
                                    </text>
                                    <statusCode code="completed"/>
                                    <effectiveTime value="201205300945-0800"/>
                                    <value xsi:type="PQ">0<reference value="#ObservationValue_7a4cde8c02d5045bec2f70"/>
                                    </value>
                                    <referenceRange>
                                        <observationRange>
                                            <value xsi:type="IVL_PQ">
                                                <low value="0" unit="PERCENT"/>
                                                <high value="2" unit="PERCENT"/>
                                            </value>
                                        </observationRange>
                                    </referenceRange>
                                </observation>
                            </component>
                            <component>
                                <observation classCode="OBS" moodCode="EVN">
                                    <templateId root="2.16.840.1.113883.10.20.1.31"/>
                                    <templateId root="1.3.6.1.4.1.19376.1.5.3.1.4.13"/>
                                    <templateId root="2.16.840.1.113883.3.88.11.83.15.1"/>
                                    <id root="3c8d9516-b64f-4fee-897d-b2e470f163eb"/>
                                    <code code="#MNMET" codeSystemName="L" displayName="MAN METAMYL"/>
                                    <text>MAN METAMYL<reference value="#Observation_b04221bffb5fdb3287c3b4"/>
                                    </text>
                                    <statusCode code="completed"/>
                                    <effectiveTime value="201205300945-0800"/>
                                    <value xsi:type="PQ">0<reference value="#ObservationValue_fc4db48dddcae5c1808b1e"/>
                                    </value>
                                    <referenceRange>
                                        <observationRange>
                                            <value xsi:type="IVL_PQ">
                                                <low value="0" unit="PERCENT"/>
                                                <high value="1" unit="PERCENT"/>
                                            </value>
                                        </observationRange>
                                    </referenceRange>
                                </observation>
                            </component>
                            <component>
                                <observation classCode="OBS" moodCode="EVN">
                                    <templateId root="2.16.840.1.113883.10.20.1.31"/>
                                    <templateId root="1.3.6.1.4.1.19376.1.5.3.1.4.13"/>
                                    <templateId root="2.16.840.1.113883.3.88.11.83.15.1"/>
                                    <id root="fed2ee21-d5af-4f52-931f-42d293441c4d"/>
                                    <code code="#MNMYL" codeSystemName="L" displayName="MAN MYELOCYTE"/>
                                    <text>MAN MYELOCYTE<reference value="#Observation_a940e88da8b12a0b535ab5"/>
                                    </text>
                                    <statusCode code="completed"/>
                                    <effectiveTime value="201205300945-0800"/>
                                    <value xsi:type="PQ">0<reference value="#ObservationValue_cf45a188bbac328e2c85a2"/>
                                    </value>
                                    <referenceRange>
                                        <observationRange>
                                            <value xsi:type="IVL_PQ">
                                                <low value="0" unit="PERCENT"/>
                                                <high value="1" unit="PERCENT"/>
                                            </value>
                                        </observationRange>
                                    </referenceRange>
                                </observation>
                            </component>
                            <component>
                                <observation classCode="OBS" moodCode="EVN">
                                    <templateId root="2.16.840.1.113883.10.20.1.31"/>
                                    <templateId root="1.3.6.1.4.1.19376.1.5.3.1.4.13"/>
                                    <templateId root="2.16.840.1.113883.3.88.11.83.15.1"/>
                                    <id root="9d96f3ca-9fed-45d1-9d12-dfee4681a4e6"/>
                                    <code code="#MNPRO" codeSystemName="L" displayName="MAN PROMYELO"/>
                                    <text>MAN PROMYELO<reference value="#Observation_184ec491c1fd90c52e1528"/>
                                    </text>
                                    <statusCode code="completed"/>
                                    <effectiveTime value="201205300945-0800"/>
                                    <value xsi:type="PQ">0<reference value="#ObservationValue_c441a09fea8b1e9ab208c1"/>
                                    </value>
                                    <referenceRange>
                                        <observationRange>
                                            <value xsi:type="IVL_PQ">
                                                <low value="0" unit="PERCENT"/>
                                                <high value="0" unit="PERCENT"/>
                                            </value>
                                        </observationRange>
                                    </referenceRange>
                                </observation>
                            </component>
                            <component>
                                <observation classCode="OBS" moodCode="EVN">
                                    <templateId root="2.16.840.1.113883.10.20.1.31"/>
                                    <templateId root="1.3.6.1.4.1.19376.1.5.3.1.4.13"/>
                                    <templateId root="2.16.840.1.113883.3.88.11.83.15.1"/>
                                    <id root="9af9be5c-6f05-4a87-95d1-d0bd1c2a1410"/>
                                    <code code="#MNBLS" codeSystemName="L" displayName="MAN BLASTS"/>
                                    <text>MAN BLASTS<reference value="#Observation_96435f86d626923a20e04c"/>
                                    </text>
                                    <statusCode code="completed"/>
                                    <effectiveTime value="201205300945-0800"/>
                                    <value xsi:type="PQ">0<reference value="#ObservationValue_75442cbae2061c1fb7ab61"/>
                                    </value>
                                    <referenceRange>
                                        <observationRange>
                                            <value xsi:type="IVL_PQ">
                                                <low value="0" unit="PERCENT"/>
                                                <high value="0" unit="PERCENT"/>
                                            </value>
                                        </observationRange>
                                    </referenceRange>
                                </observation>
                            </component>
                            <component>
                                <observation classCode="OBS" moodCode="EVN">
                                    <templateId root="2.16.840.1.113883.10.20.1.31"/>
                                    <templateId root="1.3.6.1.4.1.19376.1.5.3.1.4.13"/>
                                    <templateId root="2.16.840.1.113883.3.88.11.83.15.1"/>
                                    <id root="611d1633-72c5-4daa-b4d2-ea9fa3399e88"/>
                                    <code code="#ESPLT" codeSystemName="L" displayName="PLATELET (EST)"/>
                                    <text>PLATELET (EST)<reference value="#Observation_814574bdc1ae9d77d4ab88"/>
                                    </text>
                                    <statusCode code="completed"/>
                                    <effectiveTime value="201205300945-0800"/>
                                    <value xsi:type="ED">10-12<reference value="#ObservationValue_c643e4922885287d05e951"/>
                                    </value>
                                    <entryRelationship typeCode="SUBJ" inversionInd="true">
                                        <act classCode="ACT" moodCode="EVN">
                                            <templateId root="2.16.840.1.113883.10.20.1.40"/>
                                            <templateId root="2.16.840.1.113883.3.88.11.83.11"/>
                                            <templateId root="1.3.6.1.4.1.19376.1.5.3.1.4.2"/>
                                            <code code="48767-8" codeSystem="2.16.840.1.113883.6.1" codeSystemName="LOINC" displayName="Annotation Comment"/>
                                            <text>PLATELET COUNT CONSISTENT  WITH SLIDE REVIEW ESPLT  EACH PLATELET PER OIL IMMERSION FIELD REPRESENTS APPROXIMATELY        TWENTY THOUSAND PLATELETS PER CUBIC MILLIMETER.<reference value="Comment_bb4d40b0ffa021d3815e1b"/>
                                            </text>
                                            <statusCode code="completed"/>
                                        </act>
                                    </entryRelationship>
                                    <referenceRange>
                                        <observationRange>
                                            <value xsi:type="IVL_PQ">
                                                <low value="7" unit="PER_OIF"/>
                                                <high value="20" unit="PER_OIF"/>
                                            </value>
                                        </observationRange>
                                    </referenceRange>
                                </observation>
                            </component>
                        </organizer>
                    </entry>
<entry>
                        <organizer classCode="BATTERY" moodCode="EVN">
                            <templateId root="2.16.840.1.113883.10.20.1.32"/>
                            <id root="541bbe20-5806-4d14-9fec-c0f6f3d5e92d"/>
                            <code code="CBC" codeSystemName="L" displayName="CBC">
                                <translation code="LAB"/>
                            </code>
                            <statusCode code="completed"/>
                            <component>
                                <procedure classCode="PROC" moodCode="EVN">
                                    <templateId root="2.16.840.1.113883.10.20.1.29"/>
                                    <templateId root="1.3.6.1.4.1.19376.1.5.3.1.4.19"/>
                                    <templateId root="2.16.840.1.113883.3.88.11.83.17"/>
                                    <id root="7ad5cd2d-aae1-425d-93a9-33e973d5a12d"/>
                                    <code nullFlavor="NI">
                                        <originalText>CBC</originalText>
                                    </code>
                                    <text>CBC</text>
                                    <statusCode code="completed"/>
                                    <effectiveTime>
                                        <low value="201206050945-0800"/>
                                    </effectiveTime>
                                    <priorityCode code="S" codeSystem="2.16.840.1.113883.3.88.12.80.71" codeSystemName="Order Priority" displayName="Stat"/>
                                    <participant typeCode="RESP" contextControlCode="OP">
                                        <participantRole>
                                            <addr nullFlavor="NI"/>
                                            <playingEntity>
                                                <name>
                                                    <given>Unnamed</given>
                                                    <family>User</family>
                                                </name>
                                            </playingEntity>
                                        </participantRole>
                                    </participant>
                                    <participant typeCode="ATND" contextControlCode="OP">
                                        <participantRole>
                                            <addr nullFlavor="NI"/>
                                            <playingEntity>
                                                <name>
                                                    <given>Test</given>
                                                    <family>Userone</family>
                                                </name>
                                            </playingEntity>
                                        </participantRole>
                                    </participant>
                                    <participant typeCode="ADM" contextControlCode="OP">
                                        <participantRole>
                                            <addr nullFlavor="NI"/>
                                            <playingEntity>
                                                <name>
                                                    <given>Test</given>
                                                    <family>Faxuser</family>
                                                </name>
                                            </playingEntity>
                                        </participantRole>
                                    </participant>
                                    <participant typeCode="REF" contextControlCode="OP">
                                        <participantRole>
                                            <addr nullFlavor="NI"/>
                                            <playingEntity>
                                                <name>
                                                    <given>Test</given>
                                                    <family>Faxuser</family>
                                                </name>
                                            </playingEntity>
                                        </participantRole>
                                    </participant>
                                    <participant typeCode="ORG" contextControlCode="OP">
                                        <participantRole>
                                            <addr nullFlavor="NI"/>
                                            <telecom nullFlavor="NI"/>
                                            <playingEntity>
                                                <name>UniLab</name>
                                            </playingEntity>
                                        </participantRole>
                                    </participant>
                                </procedure>
                            </component>
                            <component>
                                <observation classCode="OBS" moodCode="EVN">
                                    <templateId root="2.16.840.1.113883.10.20.1.31"/>
                                    <templateId root="1.3.6.1.4.1.19376.1.5.3.1.4.13"/>
                                    <templateId root="2.16.840.1.113883.3.88.11.83.15.1"/>
                                    <id root="f5d9801c-0321-4687-a68e-89c6c4edab69"/>
                                    <code code="#WBC" codeSystemName="L" displayName="WBC"/>
                                    <text>WBC<reference value="#Observation_9a48c8845fd07601a62b7a"/>
                                    </text>
                                    <statusCode code="completed"/>
                                    <effectiveTime value="201206050945-0800"/>
                                    <value xsi:type="PQ">7.33<reference value="#ObservationValue_5248ada4f6cae671980930"/>
                                    </value>
                                    <referenceRange>
                                        <observationRange>
                                            <value xsi:type="IVL_PQ">
                                                <low value="4.80" unit="THOUSAND"/>
                                                <high value="10.80" unit="THOUSAND"/>
                                            </value>
                                        </observationRange>
                                    </referenceRange>
                                </observation>
                            </component>
                            <component>
                                <observation classCode="OBS" moodCode="EVN">
                                    <templateId root="2.16.840.1.113883.10.20.1.31"/>
                                    <templateId root="1.3.6.1.4.1.19376.1.5.3.1.4.13"/>
                                    <templateId root="2.16.840.1.113883.3.88.11.83.15.1"/>
                                    <id root="e5b22625-f2df-403f-a978-28a00ee1a90c"/>
                                    <code code="#HGB" codeSystemName="L" displayName="HGB"/>
                                    <text>HGB<reference value="#Observation_5244b7a692d333acc0662a"/>
                                    </text>
                                    <statusCode code="completed"/>
                                    <effectiveTime value="201206050945-0800"/>
                                    <value xsi:type="PQ">14.4<reference value="#ObservationValue_e244bbb6d2cc511a619325"/>
                                    </value>
                                    <referenceRange>
                                        <observationRange>
                                            <value xsi:type="IVL_PQ">
                                                <low value="14.0" unit="G/dl"/>
                                                <high value="18.0" unit="G/dl"/>
                                            </value>
                                        </observationRange>
                                    </referenceRange>
                                </observation>
                            </component>
                            <component>
                                <observation classCode="OBS" moodCode="EVN">
                                    <templateId root="2.16.840.1.113883.10.20.1.31"/>
                                    <templateId root="1.3.6.1.4.1.19376.1.5.3.1.4.13"/>
                                    <templateId root="2.16.840.1.113883.3.88.11.83.15.1"/>
                                    <id root="3a3aa3a4-5e5b-4758-867f-e80cabb677f7"/>
                                    <code code="#HCT" codeSystemName="L" displayName="HCT"/>
                                    <text>HCT<reference value="#Observation_704ca6959ac1a90a26081a"/>
                                    </text>
                                    <statusCode code="completed"/>
                                    <effectiveTime value="201206050945-0800"/>
                                    <value xsi:type="PQ">44.2<reference value="#ObservationValue_4742b095615b499f92be06"/>
                                    </value>
                                    <referenceRange>
                                        <observationRange>
                                            <value xsi:type="IVL_PQ">
                                                <low value="42.0" unit="PERCENT"/>
                                                <high value="54.0" unit="PERCENT"/>
                                            </value>
                                        </observationRange>
                                    </referenceRange>
                                </observation>
                            </component>
                            <component>
                                <observation classCode="OBS" moodCode="EVN">
                                    <templateId root="2.16.840.1.113883.10.20.1.31"/>
                                    <templateId root="1.3.6.1.4.1.19376.1.5.3.1.4.13"/>
                                    <templateId root="2.16.840.1.113883.3.88.11.83.15.1"/>
                                    <id root="3a7317ee-6fef-413f-a2a8-e29bc24d9d2a"/>
                                    <code code="#PLT" codeSystemName="L" displayName="PLATELETS"/>
                                    <text>PLATELETS<reference value="#Observation_634eebb4ede9031ca05595"/>
                                    </text>
                                    <statusCode code="completed"/>
                                    <effectiveTime value="201206050945-0800"/>
                                    <value xsi:type="PQ">137<reference value="#ObservationValue_6940ab93e936e2a259887a"/>
                                    </value>
                                    <interpretationCode code="N" codeSystem="2.16.840.1.113883.5.83" codeSystemName="Observation Interpretation" displayName="Normal"/>
                                    <referenceRange>
                                        <observationRange>
                                            <value xsi:type="IVL_PQ">
                                                <low value="130" unit="THOUSAND"/>
                                                <high value="400" unit="THOUSAND"/>
                                            </value>
                                        </observationRange>
                                    </referenceRange>
                                </observation>
                            </component>
                            <component>
                                <observation classCode="OBS" moodCode="EVN">
                                    <templateId root="2.16.840.1.113883.10.20.1.31"/>
                                    <templateId root="1.3.6.1.4.1.19376.1.5.3.1.4.13"/>
                                    <templateId root="2.16.840.1.113883.3.88.11.83.15.1"/>
                                    <id root="e206c135-009e-4253-b44c-d7e0c585f7ea"/>
                                    <code code="#RBC" codeSystemName="L" displayName="RBC"/>
                                    <text>RBC<reference value="#Observation_82419d9445b2e17121a6a4"/>
                                    </text>
                                    <statusCode code="completed"/>
                                    <effectiveTime value="201206050945-0800"/>
                                    <value xsi:type="PQ">4.81<reference value="#ObservationValue_bc4c368eabd7089b260878"/>
                                    </value>
                                    <referenceRange>
                                        <observationRange>
                                            <value xsi:type="IVL_PQ">
                                                <low value="4.70" unit="MILLION"/>
                                                <high value="6.10" unit="MILLION"/>
                                            </value>
                                        </observationRange>
                                    </referenceRange>
                                </observation>
                            </component>
                            <component>
                                <observation classCode="OBS" moodCode="EVN">
                                    <templateId root="2.16.840.1.113883.10.20.1.31"/>
                                    <templateId root="1.3.6.1.4.1.19376.1.5.3.1.4.13"/>
                                    <templateId root="2.16.840.1.113883.3.88.11.83.15.1"/>
                                    <id root="65ac2290-b2cb-4a35-a330-852d8fe50f37"/>
                                    <code code="#MCV" codeSystemName="L" displayName="MCV"/>
                                    <text>MCV<reference value="#Observation_4547b0b6dc93f6d6286003"/>
                                    </text>
                                    <statusCode code="completed"/>
                                    <effectiveTime value="201206050945-0800"/>
                                    <value xsi:type="PQ">92.2<reference value="#ObservationValue_f544459803c88ab167510b"/>
                                    </value>
                                    <referenceRange>
                                        <observationRange>
                                            <value xsi:type="IVL_PQ">
                                                <low value="83.0" unit="fl"/>
                                                <high value="99.0" unit="fl"/>
                                            </value>
                                        </observationRange>
                                    </referenceRange>
                                </observation>
                            </component>
                            <component>
                                <observation classCode="OBS" moodCode="EVN">
                                    <templateId root="2.16.840.1.113883.10.20.1.31"/>
                                    <templateId root="1.3.6.1.4.1.19376.1.5.3.1.4.13"/>
                                    <templateId root="2.16.840.1.113883.3.88.11.83.15.1"/>
                                    <id root="321c851b-2c68-4a83-9ad2-90472353b676"/>
                                    <code code="#MCH" codeSystemName="L" displayName="MCH"/>
                                    <text>MCH<reference value="#Observation_484bcebb5a0a8008e68dca"/>
                                    </text>
                                    <statusCode code="completed"/>
                                    <effectiveTime value="201206050945-0800"/>
                                    <value xsi:type="PQ">30.6<reference value="#ObservationValue_f3499a970073ffd762f431"/>
                                    </value>
                                    <referenceRange>
                                        <observationRange>
                                            <value xsi:type="IVL_PQ">
                                                <low value="27.0" unit="pg"/>
                                                <high value="32.0" unit="pg"/>
                                            </value>
                                        </observationRange>
                                    </referenceRange>
                                </observation>
                            </component>
                            <component>
                                <observation classCode="OBS" moodCode="EVN">
                                    <templateId root="2.16.840.1.113883.10.20.1.31"/>
                                    <templateId root="1.3.6.1.4.1.19376.1.5.3.1.4.13"/>
                                    <templateId root="2.16.840.1.113883.3.88.11.83.15.1"/>
                                    <id root="9d82c56c-ff60-45ae-839f-c25354b0097e"/>
                                    <code code="#MCHC" codeSystemName="L" displayName="MCHC"/>
                                    <text>MCHC<reference value="#Observation_c44d25b1f78404436cc9c9"/>
                                    </text>
                                    <statusCode code="completed"/>
                                    <effectiveTime value="201206050945-0800"/>
                                    <value xsi:type="PQ">33.3<reference value="#ObservationValue_a8474eae7d6cd3b2175409"/>
                                    </value>
                                    <referenceRange>
                                        <observationRange>
                                            <value xsi:type="IVL_PQ">
                                                <low value="32.0" unit="G/dl"/>
                                                <high value="37.0" unit="G/dl"/>
                                            </value>
                                        </observationRange>
                                    </referenceRange>
                                </observation>
                            </component>
                            <component>
                                <observation classCode="OBS" moodCode="EVN">
                                    <templateId root="2.16.840.1.113883.10.20.1.31"/>
                                    <templateId root="1.3.6.1.4.1.19376.1.5.3.1.4.13"/>
                                    <templateId root="2.16.840.1.113883.3.88.11.83.15.1"/>
                                    <id root="1d62cbdb-f432-418c-b9e1-dd1c83d2ce81"/>
                                    <code code="#RDW" codeSystemName="L" displayName="RDW"/>
                                    <text>RDW<reference value="#Observation_394aea942bce6201632166"/>
                                    </text>
                                    <statusCode code="completed"/>
                                    <effectiveTime value="201206050945-0800"/>
                                    <value xsi:type="PQ">13<reference value="#ObservationValue_734df794745844233d9c3a"/>
                                    </value>
                                    <interpretationCode code="N" codeSystem="2.16.840.1.113883.5.83" codeSystemName="Observation Interpretation" displayName="Normal"/>
                                    <referenceRange>
                                        <observationRange>
                                            <value xsi:type="IVL_PQ">
                                                <low value="11.5" unit="PERCENT"/>
                                                <high value="14.5" unit="PERCENT"/>
                                            </value>
                                        </observationRange>
                                    </referenceRange>
                                </observation>
                            </component>
                            <component>
                                <observation classCode="OBS" moodCode="EVN">
                                    <templateId root="2.16.840.1.113883.10.20.1.31"/>
                                    <templateId root="1.3.6.1.4.1.19376.1.5.3.1.4.13"/>
                                    <templateId root="2.16.840.1.113883.3.88.11.83.15.1"/>
                                    <id root="fb58ae0b-e9d4-44e6-b63a-acdfdef319ab"/>
                                    <code code="#NEUT" codeSystemName="L" displayName="NEUT"/>
                                    <text>NEUT<reference value="#Observation_e74a488281cdf224bc069e"/>
                                    </text>
                                    <statusCode code="completed"/>
                                    <effectiveTime value="201206050945-0800"/>
                                    <value xsi:type="PQ">68<reference value="#ObservationValue_e846d4a55ca1df02886685"/>
                                    </value>
                                    <interpretationCode code="N" codeSystem="2.16.840.1.113883.5.83" codeSystemName="Observation Interpretation" displayName="Normal"/>
                                    <referenceRange>
                                        <observationRange>
                                            <value xsi:type="IVL_PQ">
                                                <low value="40.0" unit="PERCENT"/>
                                                <high value="74.0" unit="PERCENT"/>
                                            </value>
                                        </observationRange>
                                    </referenceRange>
                                </observation>
                            </component>
                            <component>
                                <observation classCode="OBS" moodCode="EVN">
                                    <templateId root="2.16.840.1.113883.10.20.1.31"/>
                                    <templateId root="1.3.6.1.4.1.19376.1.5.3.1.4.13"/>
                                    <templateId root="2.16.840.1.113883.3.88.11.83.15.1"/>
                                    <id root="660b1e1b-be76-480e-a333-1aeeb858005f"/>
                                    <code code="#LYMPH" codeSystemName="L" displayName="LYMPH"/>
                                    <text>LYMPH<reference value="#Observation_99456cb3bab570ce36d175"/>
                                    </text>
                                    <statusCode code="completed"/>
                                    <effectiveTime value="201206050945-0800"/>
                                    <value xsi:type="PQ">17<reference value="#ObservationValue_e6410c889b7ed3a8dc4b73"/>
                                    </value>
                                    <interpretationCode code="N" codeSystem="2.16.840.1.113883.5.83" codeSystemName="Observation Interpretation" displayName="Normal"/>
                                    <referenceRange>
                                        <observationRange>
                                            <value xsi:type="IVL_PQ">
                                                <low value="19.0" unit="PERCENT"/>
                                                <high value="48.0" unit="PERCENT"/>
                                            </value>
                                        </observationRange>
                                    </referenceRange>
                                </observation>
                            </component>
                            <component>
                                <observation classCode="OBS" moodCode="EVN">
                                    <templateId root="2.16.840.1.113883.10.20.1.31"/>
                                    <templateId root="1.3.6.1.4.1.19376.1.5.3.1.4.13"/>
                                    <templateId root="2.16.840.1.113883.3.88.11.83.15.1"/>
                                    <id root="b260ff9a-9c20-4791-8587-d18993f2b59a"/>
                                    <code code="#MONO" codeSystemName="L" displayName="MONO"/>
                                    <text>MONO<reference value="#Observation_49451eb435ed17379e115a"/>
                                    </text>
                                    <statusCode code="completed"/>
                                    <effectiveTime value="201206050945-0800"/>
                                    <value xsi:type="PQ">8.7<reference value="#ObservationValue_6e4543a2850fefaca3f263"/>
                                    </value>
                                    <interpretationCode code="N" codeSystem="2.16.840.1.113883.5.83" codeSystemName="Observation Interpretation" displayName="Normal"/>
                                    <referenceRange>
                                        <observationRange>
                                            <value xsi:type="IVL_PQ">
                                                <low value="3.5" unit="PERCENT"/>
                                                <high value="9.0" unit="PERCENT"/>
                                            </value>
                                        </observationRange>
                                    </referenceRange>
                                </observation>
                            </component>
                            <component>
                                <observation classCode="OBS" moodCode="EVN">
                                    <templateId root="2.16.840.1.113883.10.20.1.31"/>
                                    <templateId root="1.3.6.1.4.1.19376.1.5.3.1.4.13"/>
                                    <templateId root="2.16.840.1.113883.3.88.11.83.15.1"/>
                                    <id root="3cfe6c82-0e39-4171-bd69-052f7827bfc2"/>
                                    <code code="#EOS" codeSystemName="L" displayName="EOS"/>
                                    <text>EOS<reference value="#Observation_8c424785f59a6d2e5bfbf6"/>
                                    </text>
                                    <statusCode code="completed"/>
                                    <effectiveTime value="201206050945-0800"/>
                                    <value xsi:type="PQ">0.7<reference value="#ObservationValue_734e92b258d81ecbd2bf9c"/>
                                    </value>
                                    <referenceRange>
                                        <observationRange>
                                            <value xsi:type="IVL_PQ">
                                                <low value="0.0" unit="PERCENT"/>
                                                <high value="7.0" unit="PERCENT"/>
                                            </value>
                                        </observationRange>
                                    </referenceRange>
                                </observation>
                            </component>
                            <component>
                                <observation classCode="OBS" moodCode="EVN">
                                    <templateId root="2.16.840.1.113883.10.20.1.31"/>
                                    <templateId root="1.3.6.1.4.1.19376.1.5.3.1.4.13"/>
                                    <templateId root="2.16.840.1.113883.3.88.11.83.15.1"/>
                                    <id root="53d3a3ba-73a4-46ad-a145-1491cd910141"/>
                                    <code code="#BASO" codeSystemName="L" displayName="BASO"/>
                                    <text>BASO<reference value="#Observation_85441a965052326973eef0"/>
                                    </text>
                                    <statusCode code="completed"/>
                                    <effectiveTime value="201206050945-0800"/>
                                    <value xsi:type="PQ">0.6<reference value="#ObservationValue_63473588349a8d6b76281f"/>
                                    </value>
                                    <referenceRange>
                                        <observationRange>
                                            <value xsi:type="IVL_PQ">
                                                <low value="0.0" unit="PERCENT"/>
                                                <high value="1.5" unit="PERCENT"/>
                                            </value>
                                        </observationRange>
                                    </referenceRange>
                                </observation>
                            </component>
                            <component>
                                <observation classCode="OBS" moodCode="EVN">
                                    <templateId root="2.16.840.1.113883.10.20.1.31"/>
                                    <templateId root="1.3.6.1.4.1.19376.1.5.3.1.4.13"/>
                                    <templateId root="2.16.840.1.113883.3.88.11.83.15.1"/>
                                    <id root="8f37ae17-6cc7-4344-9c0b-78807023199d"/>
                                    <code code="#LUC" codeSystemName="L" displayName="LGE UNST.CELL"/>
                                    <text>LGE UNST.CELL<reference value="#Observation_da4dff84aa950bd4790b9e"/>
                                    </text>
                                    <statusCode code="completed"/>
                                    <effectiveTime value="201206050945-0800"/>
                                    <value xsi:type="PQ">0.9<reference value="#ObservationValue_6a414f9f5c23db3a9b7105"/>
                                    </value>
                                    <referenceRange>
                                        <observationRange>
                                            <value xsi:type="IVL_PQ">
                                                <low value="0.0" unit="PERCENT"/>
                                                <high value="4.0" unit="PERCENT"/>
                                            </value>
                                        </observationRange>
                                    </referenceRange>
                                </observation>
                            </component>
                            <component>
                                <observation classCode="OBS" moodCode="EVN">
                                    <templateId root="2.16.840.1.113883.10.20.1.31"/>
                                    <templateId root="1.3.6.1.4.1.19376.1.5.3.1.4.13"/>
                                    <templateId root="2.16.840.1.113883.3.88.11.83.15.1"/>
                                    <id root="17b15fc9-08ed-48d1-944e-0f993e15f416"/>
                                    <code code="##NEUT" codeSystemName="L" displayName="NEUT ABS"/>
                                    <text>NEUT ABS<reference value="#Observation_d34a249f2890baa671c893"/>
                                    </text>
                                    <statusCode code="completed"/>
                                    <effectiveTime value="201206050945-0800"/>
                                    <value xsi:type="PQ">6.50<reference value="#ObservationValue_874c0d8dc37920bdfbccd3"/>
                                    </value>
                                    <referenceRange>
                                        <observationRange>
                                            <value xsi:type="IVL_PQ">
                                                <low value="1.90" unit="THOUSAND"/>
                                                <high value="8.00" unit="THOUSAND"/>
                                            </value>
                                        </observationRange>
                                    </referenceRange>
                                </observation>
                            </component>
                            <component>
                                <observation classCode="OBS" moodCode="EVN">
                                    <templateId root="2.16.840.1.113883.10.20.1.31"/>
                                    <templateId root="1.3.6.1.4.1.19376.1.5.3.1.4.13"/>
                                    <templateId root="2.16.840.1.113883.3.88.11.83.15.1"/>
                                    <id root="90268b9b-a226-4d98-a464-8752665ca2be"/>
                                    <code code="##LYMP" codeSystemName="L" displayName="LYMPH ABS"/>
                                    <text>LYMPH ABS<reference value="#Observation_4849b087405177d9863278"/>
                                    </text>
                                    <statusCode code="completed"/>
                                    <effectiveTime value="201206050945-0800"/>
                                    <value xsi:type="PQ">1.4<reference value="#ObservationValue_f548b8ae456e9f856b0210"/>
                                    </value>
                                    <interpretationCode code="N" codeSystem="2.16.840.1.113883.5.83" codeSystemName="Observation Interpretation" displayName="Normal"/>
                                    <referenceRange>
                                        <observationRange>
                                            <value xsi:type="IVL_PQ">
                                                <low value="0.90" unit="THOUSAND"/>
                                                <high value="5.20" unit="THOUSAND"/>
                                            </value>
                                        </observationRange>
                                    </referenceRange>
                                </observation>
                            </component>
                            <component>
                                <observation classCode="OBS" moodCode="EVN">
                                    <templateId root="2.16.840.1.113883.10.20.1.31"/>
                                    <templateId root="1.3.6.1.4.1.19376.1.5.3.1.4.13"/>
                                    <templateId root="2.16.840.1.113883.3.88.11.83.15.1"/>
                                    <id root="bca66e3c-53b5-4a99-a3f4-742c9e5cd0b2"/>
                                    <code code="##MONO" codeSystemName="L" displayName="MONO ABS"/>
                                    <text>MONO ABS<reference value="#Observation_044bfdbb68f5e4aff51c02"/>
                                    </text>
                                    <statusCode code="completed"/>
                                    <effectiveTime value="201206050945-0800"/>
                                    <value xsi:type="PQ">0.80<reference value="#ObservationValue_6c474eb74f733eb13423f7"/>
                                    </value>
                                    <referenceRange>
                                        <observationRange>
                                            <value xsi:type="IVL_PQ">
                                                <low value="0.16" unit="THOUSAND"/>
                                                <high value="1.00" unit="THOUSAND"/>
                                            </value>
                                        </observationRange>
                                    </referenceRange>
                                </observation>
                            </component>
                            <component>
                                <observation classCode="OBS" moodCode="EVN">
                                    <templateId root="2.16.840.1.113883.10.20.1.31"/>
                                    <templateId root="1.3.6.1.4.1.19376.1.5.3.1.4.13"/>
                                    <templateId root="2.16.840.1.113883.3.88.11.83.15.1"/>
                                    <id root="ace5012f-1c8f-47a9-9692-3467dfe0f7ae"/>
                                    <code code="EOS" codeSystemName="L" displayName="EOS ABS"/>
                                    <text>EOS ABS<reference value="#Observation_5b41809a7608acf255c127"/>
                                    </text>
                                    <statusCode code="completed"/>
                                    <effectiveTime value="201206050945-0800"/>
                                    <value xsi:type="PQ">0.07<reference value="#ObservationValue_894c7baa38b15bc638d515"/>
                                    </value>
                                    <referenceRange>
                                        <observationRange>
                                            <value xsi:type="IVL_PQ">
                                                <low value="0.00" unit="THOUSAND"/>
                                                <high value="0.80" unit="THOUSAND"/>
                                            </value>
                                        </observationRange>
                                    </referenceRange>
                                </observation>
                            </component>
                            <component>
                                <observation classCode="OBS" moodCode="EVN">
                                    <templateId root="2.16.840.1.113883.10.20.1.31"/>
                                    <templateId root="1.3.6.1.4.1.19376.1.5.3.1.4.13"/>
                                    <templateId root="2.16.840.1.113883.3.88.11.83.15.1"/>
                                    <id root="8ec826cb-3f76-42f3-a90d-f2a18e78e027"/>
                                    <code code="BASO" codeSystemName="L" displayName="BASO ABS"/>
                                    <text>BASO ABS<reference value="#Observation_7d4c6786e717e8efbbe4fa"/>
                                    </text>
                                    <statusCode code="completed"/>
                                    <effectiveTime value="201206050945-0800"/>
                                    <value xsi:type="PQ">0.08<reference value="#ObservationValue_3f4e9e9f5f927937cc9fc6"/>
                                    </value>
                                    <referenceRange>
                                        <observationRange>
                                            <value xsi:type="IVL_PQ">
                                                <low value="0.00" unit="THOUSAND"/>
                                                <high value="0.20" unit="THOUSAND"/>
                                            </value>
                                        </observationRange>
                                    </referenceRange>
                                </observation>
                            </component>
                            <component>
                                <observation classCode="OBS" moodCode="EVN">
                                    <templateId root="2.16.840.1.113883.10.20.1.31"/>
                                    <templateId root="1.3.6.1.4.1.19376.1.5.3.1.4.13"/>
                                    <templateId root="2.16.840.1.113883.3.88.11.83.15.1"/>
                                    <id root="ff2ad8a7-a1f5-45cf-91ac-560601b96f9b"/>
                                    <code code="##LUC" codeSystemName="L" displayName="LUC ABS"/>
                                    <text>LUC ABS<reference value="#Observation_16437f8f48d1afee31a83c"/>
                                    </text>
                                    <statusCode code="completed"/>
                                    <effectiveTime value="201206050945-0800"/>
                                    <value xsi:type="PQ">0.07<reference value="#ObservationValue_6c49b9a356481592990e0d"/>
                                    </value>
                                    <referenceRange>
                                        <observationRange>
                                            <value xsi:type="IVL_PQ">
                                                <low value="0.00" unit="THOUSAND"/>
                                                <high value="0.40" unit="THOUSAND"/>
                                            </value>
                                        </observationRange>
                                    </referenceRange>
                                </observation>
                            </component>
                            <component>
                                <observation classCode="OBS" moodCode="EVN">
                                    <templateId root="2.16.840.1.113883.10.20.1.31"/>
                                    <templateId root="1.3.6.1.4.1.19376.1.5.3.1.4.13"/>
                                    <templateId root="2.16.840.1.113883.3.88.11.83.15.1"/>
                                    <id root="de52bdb2-44e9-41e5-9344-4ed24669ac8b"/>
                                    <code code="#MNBND" codeSystemName="L" displayName="MAN BAND NEUT"/>
                                    <text>MAN BAND NEUT<reference value="#Observation_1446cb933e1885df326837"/>
                                    </text>
                                    <statusCode code="completed"/>
                                    <effectiveTime value="201206050945-0800"/>
                                    <value xsi:type="PQ">6<reference value="#ObservationValue_454fedba80f8c2425ba79a"/>
                                    </value>
                                    <interpretationCode code="N" codeSystem="2.16.840.1.113883.5.83" codeSystemName="Observation Interpretation" displayName="Normal"/>
                                    <referenceRange>
                                        <observationRange>
                                            <value xsi:type="IVL_PQ">
                                                <low value="0" unit="PERCENT"/>
                                                <high value="8" unit="PERCENT"/>
                                            </value>
                                        </observationRange>
                                    </referenceRange>
                                </observation>
                            </component>
                            <component>
                                <observation classCode="OBS" moodCode="EVN">
                                    <templateId root="2.16.840.1.113883.10.20.1.31"/>
                                    <templateId root="1.3.6.1.4.1.19376.1.5.3.1.4.13"/>
                                    <templateId root="2.16.840.1.113883.3.88.11.83.15.1"/>
                                    <id root="0a050297-0a2b-4ada-af49-c5f502718216"/>
                                    <code code="#MNSEG" codeSystemName="L" displayName="MAN SEG NEUT"/>
                                    <text>MAN SEG NEUT<reference value="#Observation_d24d838d9d2a3d8484a8d2"/>
                                    </text>
                                    <statusCode code="completed"/>
                                    <effectiveTime value="201206050945-0800"/>
                                    <value xsi:type="PQ">70<reference value="#ObservationValue_f34e89a4853f2c2bef644a"/>
                                    </value>
                                    <referenceRange>
                                        <observationRange>
                                            <value xsi:type="IVL_PQ">
                                                <low value="40" unit="PERCENT"/>
                                                <high value="74" unit="PERCENT"/>
                                            </value>
                                        </observationRange>
                                    </referenceRange>
                                </observation>
                            </component>
                            <component>
                                <observation classCode="OBS" moodCode="EVN">
                                    <templateId root="2.16.840.1.113883.10.20.1.31"/>
                                    <templateId root="1.3.6.1.4.1.19376.1.5.3.1.4.13"/>
                                    <templateId root="2.16.840.1.113883.3.88.11.83.15.1"/>
                                    <id root="9e83c6ed-cd3b-47d0-86ec-43a087b0c6b7"/>
                                    <code code="#MNLYM" codeSystemName="L" displayName="MAN LYMPH"/>
                                    <text>MAN LYMPH<reference value="#Observation_304eb0933f247a5eaa6055"/>
                                    </text>
                                    <statusCode code="completed"/>
                                    <effectiveTime value="201206050945-0800"/>
                                    <value xsi:type="PQ">21<reference value="#ObservationValue_d1426a97c54969422bf54f"/>
                                    </value>
                                    <interpretationCode code="N" codeSystem="2.16.840.1.113883.5.83" codeSystemName="Observation Interpretation" displayName="Normal"/>
                                    <referenceRange>
                                        <observationRange>
                                            <value xsi:type="IVL_PQ">
                                                <low value="19" unit="PERCENT"/>
                                                <high value="48" unit="PERCENT"/>
                                            </value>
                                        </observationRange>
                                    </referenceRange>
                                </observation>
                            </component>
                            <component>
                                <observation classCode="OBS" moodCode="EVN">
                                    <templateId root="2.16.840.1.113883.10.20.1.31"/>
                                    <templateId root="1.3.6.1.4.1.19376.1.5.3.1.4.13"/>
                                    <templateId root="2.16.840.1.113883.3.88.11.83.15.1"/>
                                    <id root="b082a8c0-26df-488e-a838-e05fc587e561"/>
                                    <code code="#MNMNO" codeSystemName="L" displayName="MAN MONO"/>
                                    <text>MAN MONO<reference value="#Observation_8b46cdb9327026abef2f83"/>
                                    </text>
                                    <statusCode code="completed"/>
                                    <effectiveTime value="201206050945-0800"/>
                                    <value xsi:type="PQ">8<reference value="#ObservationValue_524584b0731dae72d569e5"/>
                                    </value>
                                    <referenceRange>
                                        <observationRange>
                                            <value xsi:type="IVL_PQ">
                                                <low value="4" unit="PERCENT"/>
                                                <high value="9" unit="PERCENT"/>
                                            </value>
                                        </observationRange>
                                    </referenceRange>
                                </observation>
                            </component>
                            <component>
                                <observation classCode="OBS" moodCode="EVN">
                                    <templateId root="2.16.840.1.113883.10.20.1.31"/>
                                    <templateId root="1.3.6.1.4.1.19376.1.5.3.1.4.13"/>
                                    <templateId root="2.16.840.1.113883.3.88.11.83.15.1"/>
                                    <id root="af2b2fa1-041d-411f-844c-0f44be93f478"/>
                                    <code code="#MNEOS" codeSystemName="L" displayName="MAN EOS"/>
                                    <text>MAN EOS<reference value="#Observation_b148198315fc9a2be9f70e"/>
                                    </text>
                                    <statusCode code="completed"/>
                                    <effectiveTime value="201206050945-0800"/>
                                    <value xsi:type="PQ">3<reference value="#ObservationValue_f749239761fc7ecf9fbaf1"/>
                                    </value>
                                    <referenceRange>
                                        <observationRange>
                                            <value xsi:type="IVL_PQ">
                                                <low value="0" unit="PERCENT"/>
                                                <high value="7" unit="PERCENT"/>
                                            </value>
                                        </observationRange>
                                    </referenceRange>
                                </observation>
                            </component>
                            <component>
                                <observation classCode="OBS" moodCode="EVN">
                                    <templateId root="2.16.840.1.113883.10.20.1.31"/>
                                    <templateId root="1.3.6.1.4.1.19376.1.5.3.1.4.13"/>
                                    <templateId root="2.16.840.1.113883.3.88.11.83.15.1"/>
                                    <id root="67828049-e638-43de-961b-bf31f1269df6"/>
                                    <code code="#MNBAS" codeSystemName="L" displayName="MAN BASO"/>
                                    <text>MAN BASO<reference value="#Observation_394c85837c7427860dd088"/>
                                    </text>
                                    <statusCode code="completed"/>
                                    <effectiveTime value="201206050945-0800"/>
                                    <value xsi:type="PQ">0<reference value="#ObservationValue_7a4cde8c02d5045bec2f70"/>
                                    </value>
                                    <referenceRange>
                                        <observationRange>
                                            <value xsi:type="IVL_PQ">
                                                <low value="0" unit="PERCENT"/>
                                                <high value="2" unit="PERCENT"/>
                                            </value>
                                        </observationRange>
                                    </referenceRange>
                                </observation>
                            </component>
                            <component>
                                <observation classCode="OBS" moodCode="EVN">
                                    <templateId root="2.16.840.1.113883.10.20.1.31"/>
                                    <templateId root="1.3.6.1.4.1.19376.1.5.3.1.4.13"/>
                                    <templateId root="2.16.840.1.113883.3.88.11.83.15.1"/>
                                    <id root="3c8d9516-b64f-4fee-897d-b2e470f163eb"/>
                                    <code code="#MNMET" codeSystemName="L" displayName="MAN METAMYL"/>
                                    <text>MAN METAMYL<reference value="#Observation_b04221bffb5fdb3287c3b4"/>
                                    </text>
                                    <statusCode code="completed"/>
                                    <effectiveTime value="201206050945-0800"/>
                                    <value xsi:type="PQ">0<reference value="#ObservationValue_fc4db48dddcae5c1808b1e"/>
                                    </value>
                                    <referenceRange>
                                        <observationRange>
                                            <value xsi:type="IVL_PQ">
                                                <low value="0" unit="PERCENT"/>
                                                <high value="1" unit="PERCENT"/>
                                            </value>
                                        </observationRange>
                                    </referenceRange>
                                </observation>
                            </component>
                            <component>
                                <observation classCode="OBS" moodCode="EVN">
                                    <templateId root="2.16.840.1.113883.10.20.1.31"/>
                                    <templateId root="1.3.6.1.4.1.19376.1.5.3.1.4.13"/>
                                    <templateId root="2.16.840.1.113883.3.88.11.83.15.1"/>
                                    <id root="fed2ee21-d5af-4f52-931f-42d293441c4d"/>
                                    <code code="#MNMYL" codeSystemName="L" displayName="MAN MYELOCYTE"/>
                                    <text>MAN MYELOCYTE<reference value="#Observation_a940e88da8b12a0b535ab5"/>
                                    </text>
                                    <statusCode code="completed"/>
                                    <effectiveTime value="201206050945-0800"/>
                                    <value xsi:type="PQ">0<reference value="#ObservationValue_cf45a188bbac328e2c85a2"/>
                                    </value>
                                    <referenceRange>
                                        <observationRange>
                                            <value xsi:type="IVL_PQ">
                                                <low value="0" unit="PERCENT"/>
                                                <high value="1" unit="PERCENT"/>
                                            </value>
                                        </observationRange>
                                    </referenceRange>
                                </observation>
                            </component>
                            <component>
                                <observation classCode="OBS" moodCode="EVN">
                                    <templateId root="2.16.840.1.113883.10.20.1.31"/>
                                    <templateId root="1.3.6.1.4.1.19376.1.5.3.1.4.13"/>
                                    <templateId root="2.16.840.1.113883.3.88.11.83.15.1"/>
                                    <id root="9d96f3ca-9fed-45d1-9d12-dfee4681a4e6"/>
                                    <code code="#MNPRO" codeSystemName="L" displayName="MAN PROMYELO"/>
                                    <text>MAN PROMYELO<reference value="#Observation_184ec491c1fd90c52e1528"/>
                                    </text>
                                    <statusCode code="completed"/>
                                    <effectiveTime value="201206050945-0800"/>
                                    <value xsi:type="PQ">0<reference value="#ObservationValue_c441a09fea8b1e9ab208c1"/>
                                    </value>
                                    <referenceRange>
                                        <observationRange>
                                            <value xsi:type="IVL_PQ">
                                                <low value="0" unit="PERCENT"/>
                                                <high value="0" unit="PERCENT"/>
                                            </value>
                                        </observationRange>
                                    </referenceRange>
                                </observation>
                            </component>
                            <component>
                                <observation classCode="OBS" moodCode="EVN">
                                    <templateId root="2.16.840.1.113883.10.20.1.31"/>
                                    <templateId root="1.3.6.1.4.1.19376.1.5.3.1.4.13"/>
                                    <templateId root="2.16.840.1.113883.3.88.11.83.15.1"/>
                                    <id root="9af9be5c-6f05-4a87-95d1-d0bd1c2a1410"/>
                                    <code code="#MNBLS" codeSystemName="L" displayName="MAN BLASTS"/>
                                    <text>MAN BLASTS<reference value="#Observation_96435f86d626923a20e04c"/>
                                    </text>
                                    <statusCode code="completed"/>
                                    <effectiveTime value="201206050945-0800"/>
                                    <value xsi:type="PQ">0<reference value="#ObservationValue_75442cbae2061c1fb7ab61"/>
                                    </value>
                                    <referenceRange>
                                        <observationRange>
                                            <value xsi:type="IVL_PQ">
                                                <low value="0" unit="PERCENT"/>
                                                <high value="0" unit="PERCENT"/>
                                            </value>
                                        </observationRange>
                                    </referenceRange>
                                </observation>
                            </component>
                            <component>
                                <observation classCode="OBS" moodCode="EVN">
                                    <templateId root="2.16.840.1.113883.10.20.1.31"/>
                                    <templateId root="1.3.6.1.4.1.19376.1.5.3.1.4.13"/>
                                    <templateId root="2.16.840.1.113883.3.88.11.83.15.1"/>
                                    <id root="611d1633-72c5-4daa-b4d2-ea9fa3399e88"/>
                                    <code code="#ESPLT" codeSystemName="L" displayName="PLATELET (EST)"/>
                                    <text>PLATELET (EST)<reference value="#Observation_814574bdc1ae9d77d4ab88"/>
                                    </text>
                                    <statusCode code="completed"/>
                                    <effectiveTime value="201206050945-0800"/>
                                    <value xsi:type="ED">10-12<reference value="#ObservationValue_c643e4922885287d05e951"/>
                                    </value>
                                    <entryRelationship typeCode="SUBJ" inversionInd="true">
                                        <act classCode="ACT" moodCode="EVN">
                                            <templateId root="2.16.840.1.113883.10.20.1.40"/>
                                            <templateId root="2.16.840.1.113883.3.88.11.83.11"/>
                                            <templateId root="1.3.6.1.4.1.19376.1.5.3.1.4.2"/>
                                            <code code="48767-8" codeSystem="2.16.840.1.113883.6.1" codeSystemName="LOINC" displayName="Annotation Comment"/>
                                            <text>PLATELET COUNT CONSISTENT  WITH SLIDE REVIEW ESPLT  EACH PLATELET PER OIL IMMERSION FIELD REPRESENTS APPROXIMATELY        TWENTY THOUSAND PLATELETS PER CUBIC MILLIMETER.<reference value="Comment_bb4d40b0ffa021d3815e1b"/>
                                            </text>
                                            <statusCode code="completed"/>
                                        </act>
                                    </entryRelationship>
                                    <referenceRange>
                                        <observationRange>
                                            <value xsi:type="IVL_PQ">
                                                <low value="7" unit="PER_OIF"/>
                                                <high value="20" unit="PER_OIF"/>
                                            </value>
                                        </observationRange>
                                    </referenceRange>
                                </observation>
                            </component>
                        </organizer>
</entry>
                    <entry>
                        <organizer classCode="BATTERY" moodCode="EVN">
                            <templateId root="2.16.840.1.113883.10.20.1.32"/>
                            <id root="541bbe20-5806-4d14-9fec-c0f6f3d5e92d"/>
                            <code code="CBC" codeSystemName="L" displayName="CBC">
                                <translation code="LAB"/>
                            </code>
                            <statusCode code="completed"/>
                            <component>
                                <procedure classCode="PROC" moodCode="EVN">
                                    <templateId root="2.16.840.1.113883.10.20.1.29"/>
                                    <templateId root="1.3.6.1.4.1.19376.1.5.3.1.4.19"/>
                                    <templateId root="2.16.840.1.113883.3.88.11.83.17"/>
                                    <id root="7ad5cd2d-aae1-425d-93a9-33e973d5a12d"/>
                                    <code nullFlavor="NI">
                                        <originalText>CBC</originalText>
                                    </code>
                                    <text>CBC</text>
                                    <statusCode code="completed"/>
                                    <effectiveTime>
                                        <low value="201206120945-0800"/>
                                    </effectiveTime>
                                    <priorityCode code="S" codeSystem="2.16.840.1.113883.3.88.12.80.71" codeSystemName="Order Priority" displayName="Stat"/>
                                    <participant typeCode="RESP" contextControlCode="OP">
                                        <participantRole>
                                            <addr nullFlavor="NI"/>
                                            <playingEntity>
                                                <name>
                                                    <given>Unnamed</given>
                                                    <family>User</family>
                                                </name>
                                            </playingEntity>
                                        </participantRole>
                                    </participant>
                                    <participant typeCode="ATND" contextControlCode="OP">
                                        <participantRole>
                                            <addr nullFlavor="NI"/>
                                            <playingEntity>
                                                <name>
                                                    <given>Test</given>
                                                    <family>Userone</family>
                                                </name>
                                            </playingEntity>
                                        </participantRole>
                                    </participant>
                                    <participant typeCode="ADM" contextControlCode="OP">
                                        <participantRole>
                                            <addr nullFlavor="NI"/>
                                            <playingEntity>
                                                <name>
                                                    <given>Test</given>
                                                    <family>Faxuser</family>
                                                </name>
                                            </playingEntity>
                                        </participantRole>
                                    </participant>
                                    <participant typeCode="REF" contextControlCode="OP">
                                        <participantRole>
                                            <addr nullFlavor="NI"/>
                                            <playingEntity>
                                                <name>
                                                    <given>Test</given>
                                                    <family>Faxuser</family>
                                                </name>
                                            </playingEntity>
                                        </participantRole>
                                    </participant>
                                    <participant typeCode="ORG" contextControlCode="OP">
                                        <participantRole>
                                            <addr nullFlavor="NI"/>
                                            <telecom nullFlavor="NI"/>
                                            <playingEntity>
                                                <name>UniLab</name>
                                            </playingEntity>
                                        </participantRole>
                                    </participant>
                                </procedure>
                            </component>
                            <component>
                                <observation classCode="OBS" moodCode="EVN">
                                    <templateId root="2.16.840.1.113883.10.20.1.31"/>
                                    <templateId root="1.3.6.1.4.1.19376.1.5.3.1.4.13"/>
                                    <templateId root="2.16.840.1.113883.3.88.11.83.15.1"/>
                                    <id root="f5d9801c-0321-4687-a68e-89c6c4edab69"/>
                                    <code code="#WBC" codeSystemName="L" displayName="WBC"/>
                                    <text>WBC<reference value="#Observation_9a48c8845fd07601a62b7a"/>
                                    </text>
                                    <statusCode code="completed"/>
                                    <effectiveTime value="201206120945-0800"/>
                                    <value xsi:type="PQ">6.33<reference value="#ObservationValue_5248ada4f6cae671980930"/>
                                    </value>
                                    <referenceRange>
                                        <observationRange>
                                            <value xsi:type="IVL_PQ">
                                                <low value="4.80" unit="THOUSAND"/>
                                                <high value="10.80" unit="THOUSAND"/>
                                            </value>
                                        </observationRange>
                                    </referenceRange>
                                </observation>
                            </component>
                            <component>
                                <observation classCode="OBS" moodCode="EVN">
                                    <templateId root="2.16.840.1.113883.10.20.1.31"/>
                                    <templateId root="1.3.6.1.4.1.19376.1.5.3.1.4.13"/>
                                    <templateId root="2.16.840.1.113883.3.88.11.83.15.1"/>
                                    <id root="e5b22625-f2df-403f-a978-28a00ee1a90c"/>
                                    <code code="#HGB" codeSystemName="L" displayName="HGB"/>
                                    <text>HGB<reference value="#Observation_5244b7a692d333acc0662a"/>
                                    </text>
                                    <statusCode code="completed"/>
                                    <effectiveTime value="201206120945-0800"/>
                                    <value xsi:type="PQ">14.4<reference value="#ObservationValue_e244bbb6d2cc511a619325"/>
                                    </value>
                                    <referenceRange>
                                        <observationRange>
                                            <value xsi:type="IVL_PQ">
                                                <low value="14.0" unit="G/dl"/>
                                                <high value="18.0" unit="G/dl"/>
                                            </value>
                                        </observationRange>
                                    </referenceRange>
                                </observation>
                            </component>
                            <component>
                                <observation classCode="OBS" moodCode="EVN">
                                    <templateId root="2.16.840.1.113883.10.20.1.31"/>
                                    <templateId root="1.3.6.1.4.1.19376.1.5.3.1.4.13"/>
                                    <templateId root="2.16.840.1.113883.3.88.11.83.15.1"/>
                                    <id root="3a3aa3a4-5e5b-4758-867f-e80cabb677f7"/>
                                    <code code="#HCT" codeSystemName="L" displayName="HCT"/>
                                    <text>HCT<reference value="#Observation_704ca6959ac1a90a26081a"/>
                                    </text>
                                    <statusCode code="completed"/>
                                    <effectiveTime value="201206120945-0800"/>
                                    <value xsi:type="PQ">44.2<reference value="#ObservationValue_4742b095615b499f92be06"/>
                                    </value>
                                    <referenceRange>
                                        <observationRange>
                                            <value xsi:type="IVL_PQ">
                                                <low value="42.0" unit="PERCENT"/>
                                                <high value="54.0" unit="PERCENT"/>
                                            </value>
                                        </observationRange>
                                    </referenceRange>
                                </observation>
                            </component>
                            <component>
                                <observation classCode="OBS" moodCode="EVN">
                                    <templateId root="2.16.840.1.113883.10.20.1.31"/>
                                    <templateId root="1.3.6.1.4.1.19376.1.5.3.1.4.13"/>
                                    <templateId root="2.16.840.1.113883.3.88.11.83.15.1"/>
                                    <id root="3a7317ee-6fef-413f-a2a8-e29bc24d9d2a"/>
                                    <code code="#PLT" codeSystemName="L" displayName="PLATELETS"/>
                                    <text>PLATELETS<reference value="#Observation_634eebb4ede9031ca05595"/>
                                    </text>
                                    <statusCode code="completed"/>
                                    <effectiveTime value="201206120945-0800"/>
                                    <value xsi:type="PQ">137<reference value="#ObservationValue_6940ab93e936e2a259887a"/>
                                    </value>
                                    <interpretationCode code="N" codeSystem="2.16.840.1.113883.5.83" codeSystemName="Observation Interpretation" displayName="Normal"/>
                                    <referenceRange>
                                        <observationRange>
                                            <value xsi:type="IVL_PQ">
                                                <low value="130" unit="THOUSAND"/>
                                                <high value="400" unit="THOUSAND"/>
                                            </value>
                                        </observationRange>
                                    </referenceRange>
                                </observation>
                            </component>
                            <component>
                                <observation classCode="OBS" moodCode="EVN">
                                    <templateId root="2.16.840.1.113883.10.20.1.31"/>
                                    <templateId root="1.3.6.1.4.1.19376.1.5.3.1.4.13"/>
                                    <templateId root="2.16.840.1.113883.3.88.11.83.15.1"/>
                                    <id root="e206c135-009e-4253-b44c-d7e0c585f7ea"/>
                                    <code code="#RBC" codeSystemName="L" displayName="RBC"/>
                                    <text>RBC<reference value="#Observation_82419d9445b2e17121a6a4"/>
                                    </text>
                                    <statusCode code="completed"/>
                                    <effectiveTime value="201206120945-0800"/>
                                    <value xsi:type="PQ">4.81<reference value="#ObservationValue_bc4c368eabd7089b260878"/>
                                    </value>
                                    <referenceRange>
                                        <observationRange>
                                            <value xsi:type="IVL_PQ">
                                                <low value="4.70" unit="MILLION"/>
                                                <high value="6.10" unit="MILLION"/>
                                            </value>
                                        </observationRange>
                                    </referenceRange>
                                </observation>
                            </component>
                            <component>
                                <observation classCode="OBS" moodCode="EVN">
                                    <templateId root="2.16.840.1.113883.10.20.1.31"/>
                                    <templateId root="1.3.6.1.4.1.19376.1.5.3.1.4.13"/>
                                    <templateId root="2.16.840.1.113883.3.88.11.83.15.1"/>
                                    <id root="65ac2290-b2cb-4a35-a330-852d8fe50f37"/>
                                    <code code="#MCV" codeSystemName="L" displayName="MCV"/>
                                    <text>MCV<reference value="#Observation_4547b0b6dc93f6d6286003"/>
                                    </text>
                                    <statusCode code="completed"/>
                                    <effectiveTime value="201206120945-0800"/>
                                    <value xsi:type="PQ">92.2<reference value="#ObservationValue_f544459803c88ab167510b"/>
                                    </value>
                                    <referenceRange>
                                        <observationRange>
                                            <value xsi:type="IVL_PQ">
                                                <low value="83.0" unit="fl"/>
                                                <high value="99.0" unit="fl"/>
                                            </value>
                                        </observationRange>
                                    </referenceRange>
                                </observation>
                            </component>
                            <component>
                                <observation classCode="OBS" moodCode="EVN">
                                    <templateId root="2.16.840.1.113883.10.20.1.31"/>
                                    <templateId root="1.3.6.1.4.1.19376.1.5.3.1.4.13"/>
                                    <templateId root="2.16.840.1.113883.3.88.11.83.15.1"/>
                                    <id root="321c851b-2c68-4a83-9ad2-90472353b676"/>
                                    <code code="#MCH" codeSystemName="L" displayName="MCH"/>
                                    <text>MCH<reference value="#Observation_484bcebb5a0a8008e68dca"/>
                                    </text>
                                    <statusCode code="completed"/>
                                    <effectiveTime value="201206120945-0800"/>
                                    <value xsi:type="PQ">30.6<reference value="#ObservationValue_f3499a970073ffd762f431"/>
                                    </value>
                                    <referenceRange>
                                        <observationRange>
                                            <value xsi:type="IVL_PQ">
                                                <low value="27.0" unit="pg"/>
                                                <high value="32.0" unit="pg"/>
                                            </value>
                                        </observationRange>
                                    </referenceRange>
                                </observation>
                            </component>
                            <component>
                                <observation classCode="OBS" moodCode="EVN">
                                    <templateId root="2.16.840.1.113883.10.20.1.31"/>
                                    <templateId root="1.3.6.1.4.1.19376.1.5.3.1.4.13"/>
                                    <templateId root="2.16.840.1.113883.3.88.11.83.15.1"/>
                                    <id root="9d82c56c-ff60-45ae-839f-c25354b0097e"/>
                                    <code code="#MCHC" codeSystemName="L" displayName="MCHC"/>
                                    <text>MCHC<reference value="#Observation_c44d25b1f78404436cc9c9"/>
                                    </text>
                                    <statusCode code="completed"/>
                                    <effectiveTime value="201206120945-0800"/>
                                    <value xsi:type="PQ">33.3<reference value="#ObservationValue_a8474eae7d6cd3b2175409"/>
                                    </value>
                                    <referenceRange>
                                        <observationRange>
                                            <value xsi:type="IVL_PQ">
                                                <low value="32.0" unit="G/dl"/>
                                                <high value="37.0" unit="G/dl"/>
                                            </value>
                                        </observationRange>
                                    </referenceRange>
                                </observation>
                            </component>
                            <component>
                                <observation classCode="OBS" moodCode="EVN">
                                    <templateId root="2.16.840.1.113883.10.20.1.31"/>
                                    <templateId root="1.3.6.1.4.1.19376.1.5.3.1.4.13"/>
                                    <templateId root="2.16.840.1.113883.3.88.11.83.15.1"/>
                                    <id root="1d62cbdb-f432-418c-b9e1-dd1c83d2ce81"/>
                                    <code code="#RDW" codeSystemName="L" displayName="RDW"/>
                                    <text>RDW<reference value="#Observation_394aea942bce6201632166"/>
                                    </text>
                                    <statusCode code="completed"/>
                                    <effectiveTime value="201206120945-0800"/>
                                    <value xsi:type="PQ">13<reference value="#ObservationValue_734df794745844233d9c3a"/>
                                    </value>
                                    <interpretationCode code="N" codeSystem="2.16.840.1.113883.5.83" codeSystemName="Observation Interpretation" displayName="Normal"/>
                                    <referenceRange>
                                        <observationRange>
                                            <value xsi:type="IVL_PQ">
                                                <low value="11.5" unit="PERCENT"/>
                                                <high value="14.5" unit="PERCENT"/>
                                            </value>
                                        </observationRange>
                                    </referenceRange>
                                </observation>
                            </component>
                            <component>
                                <observation classCode="OBS" moodCode="EVN">
                                    <templateId root="2.16.840.1.113883.10.20.1.31"/>
                                    <templateId root="1.3.6.1.4.1.19376.1.5.3.1.4.13"/>
                                    <templateId root="2.16.840.1.113883.3.88.11.83.15.1"/>
                                    <id root="fb58ae0b-e9d4-44e6-b63a-acdfdef319ab"/>
                                    <code code="#NEUT" codeSystemName="L" displayName="NEUT"/>
                                    <text>NEUT<reference value="#Observation_e74a488281cdf224bc069e"/>
                                    </text>
                                    <statusCode code="completed"/>
                                    <effectiveTime value="201206120945-0800"/>
                                    <value xsi:type="PQ">68<reference value="#ObservationValue_e846d4a55ca1df02886685"/>
                                    </value>
                                    <interpretationCode code="N" codeSystem="2.16.840.1.113883.5.83" codeSystemName="Observation Interpretation" displayName="Normal"/>
                                    <referenceRange>
                                        <observationRange>
                                            <value xsi:type="IVL_PQ">
                                                <low value="40.0" unit="PERCENT"/>
                                                <high value="74.0" unit="PERCENT"/>
                                            </value>
                                        </observationRange>
                                    </referenceRange>
                                </observation>
                            </component>
                            <component>
                                <observation classCode="OBS" moodCode="EVN">
                                    <templateId root="2.16.840.1.113883.10.20.1.31"/>
                                    <templateId root="1.3.6.1.4.1.19376.1.5.3.1.4.13"/>
                                    <templateId root="2.16.840.1.113883.3.88.11.83.15.1"/>
                                    <id root="660b1e1b-be76-480e-a333-1aeeb858005f"/>
                                    <code code="#LYMPH" codeSystemName="L" displayName="LYMPH"/>
                                    <text>LYMPH<reference value="#Observation_99456cb3bab570ce36d175"/>
                                    </text>
                                    <statusCode code="completed"/>
                                    <effectiveTime value="201206120945-0800"/>
                                    <value xsi:type="PQ">17<reference value="#ObservationValue_e6410c889b7ed3a8dc4b73"/>
                                    </value>
                                    <interpretationCode code="N" codeSystem="2.16.840.1.113883.5.83" codeSystemName="Observation Interpretation" displayName="Normal"/>
                                    <referenceRange>
                                        <observationRange>
                                            <value xsi:type="IVL_PQ">
                                                <low value="19.0" unit="PERCENT"/>
                                                <high value="48.0" unit="PERCENT"/>
                                            </value>
                                        </observationRange>
                                    </referenceRange>
                                </observation>
                            </component>
                            <component>
                                <observation classCode="OBS" moodCode="EVN">
                                    <templateId root="2.16.840.1.113883.10.20.1.31"/>
                                    <templateId root="1.3.6.1.4.1.19376.1.5.3.1.4.13"/>
                                    <templateId root="2.16.840.1.113883.3.88.11.83.15.1"/>
                                    <id root="b260ff9a-9c20-4791-8587-d18993f2b59a"/>
                                    <code code="#MONO" codeSystemName="L" displayName="MONO"/>
                                    <text>MONO<reference value="#Observation_49451eb435ed17379e115a"/>
                                    </text>
                                    <statusCode code="completed"/>
                                    <effectiveTime value="201206120945-0800"/>
                                    <value xsi:type="PQ">8.7<reference value="#ObservationValue_6e4543a2850fefaca3f263"/>
                                    </value>
                                    <interpretationCode code="N" codeSystem="2.16.840.1.113883.5.83" codeSystemName="Observation Interpretation" displayName="Normal"/>
                                    <referenceRange>
                                        <observationRange>
                                            <value xsi:type="IVL_PQ">
                                                <low value="3.5" unit="PERCENT"/>
                                                <high value="9.0" unit="PERCENT"/>
                                            </value>
                                        </observationRange>
                                    </referenceRange>
                                </observation>
                            </component>
                            <component>
                                <observation classCode="OBS" moodCode="EVN">
                                    <templateId root="2.16.840.1.113883.10.20.1.31"/>
                                    <templateId root="1.3.6.1.4.1.19376.1.5.3.1.4.13"/>
                                    <templateId root="2.16.840.1.113883.3.88.11.83.15.1"/>
                                    <id root="3cfe6c82-0e39-4171-bd69-052f7827bfc2"/>
                                    <code code="#EOS" codeSystemName="L" displayName="EOS"/>
                                    <text>EOS<reference value="#Observation_8c424785f59a6d2e5bfbf6"/>
                                    </text>
                                    <statusCode code="completed"/>
                                    <effectiveTime value="201206120945-0800"/>
                                    <value xsi:type="PQ">0.7<reference value="#ObservationValue_734e92b258d81ecbd2bf9c"/>
                                    </value>
                                    <referenceRange>
                                        <observationRange>
                                            <value xsi:type="IVL_PQ">
                                                <low value="0.0" unit="PERCENT"/>
                                                <high value="7.0" unit="PERCENT"/>
                                            </value>
                                        </observationRange>
                                    </referenceRange>
                                </observation>
                            </component>
                            <component>
                                <observation classCode="OBS" moodCode="EVN">
                                    <templateId root="2.16.840.1.113883.10.20.1.31"/>
                                    <templateId root="1.3.6.1.4.1.19376.1.5.3.1.4.13"/>
                                    <templateId root="2.16.840.1.113883.3.88.11.83.15.1"/>
                                    <id root="53d3a3ba-73a4-46ad-a145-1491cd910141"/>
                                    <code code="#BASO" codeSystemName="L" displayName="BASO"/>
                                    <text>BASO<reference value="#Observation_85441a965052326973eef0"/>
                                    </text>
                                    <statusCode code="completed"/>
                                    <effectiveTime value="201206120945-0800"/>
                                    <value xsi:type="PQ">0.6<reference value="#ObservationValue_63473588349a8d6b76281f"/>
                                    </value>
                                    <referenceRange>
                                        <observationRange>
                                            <value xsi:type="IVL_PQ">
                                                <low value="0.0" unit="PERCENT"/>
                                                <high value="1.5" unit="PERCENT"/>
                                            </value>
                                        </observationRange>
                                    </referenceRange>
                                </observation>
                            </component>
                            <component>
                                <observation classCode="OBS" moodCode="EVN">
                                    <templateId root="2.16.840.1.113883.10.20.1.31"/>
                                    <templateId root="1.3.6.1.4.1.19376.1.5.3.1.4.13"/>
                                    <templateId root="2.16.840.1.113883.3.88.11.83.15.1"/>
                                    <id root="8f37ae17-6cc7-4344-9c0b-78807023199d"/>
                                    <code code="#LUC" codeSystemName="L" displayName="LGE UNST.CELL"/>
                                    <text>LGE UNST.CELL<reference value="#Observation_da4dff84aa950bd4790b9e"/>
                                    </text>
                                    <statusCode code="completed"/>
                                    <effectiveTime value="201206120945-0800"/>
                                    <value xsi:type="PQ">0.9<reference value="#ObservationValue_6a414f9f5c23db3a9b7105"/>
                                    </value>
                                    <referenceRange>
                                        <observationRange>
                                            <value xsi:type="IVL_PQ">
                                                <low value="0.0" unit="PERCENT"/>
                                                <high value="4.0" unit="PERCENT"/>
                                            </value>
                                        </observationRange>
                                    </referenceRange>
                                </observation>
                            </component>
                            <component>
                                <observation classCode="OBS" moodCode="EVN">
                                    <templateId root="2.16.840.1.113883.10.20.1.31"/>
                                    <templateId root="1.3.6.1.4.1.19376.1.5.3.1.4.13"/>
                                    <templateId root="2.16.840.1.113883.3.88.11.83.15.1"/>
                                    <id root="17b15fc9-08ed-48d1-944e-0f993e15f416"/>
                                    <code code="##NEUT" codeSystemName="L" displayName="NEUT ABS"/>
                                    <text>NEUT ABS<reference value="#Observation_d34a249f2890baa671c893"/>
                                    </text>
                                    <statusCode code="completed"/>
                                    <effectiveTime value="201206120945-0800"/>
                                    <value xsi:type="PQ">6.50<reference value="#ObservationValue_874c0d8dc37920bdfbccd3"/>
                                    </value>
                                    <referenceRange>
                                        <observationRange>
                                            <value xsi:type="IVL_PQ">
                                                <low value="1.90" unit="THOUSAND"/>
                                                <high value="8.00" unit="THOUSAND"/>
                                            </value>
                                        </observationRange>
                                    </referenceRange>
                                </observation>
                            </component>
                            <component>
                                <observation classCode="OBS" moodCode="EVN">
                                    <templateId root="2.16.840.1.113883.10.20.1.31"/>
                                    <templateId root="1.3.6.1.4.1.19376.1.5.3.1.4.13"/>
                                    <templateId root="2.16.840.1.113883.3.88.11.83.15.1"/>
                                    <id root="90268b9b-a226-4d98-a464-8752665ca2be"/>
                                    <code code="##LYMP" codeSystemName="L" displayName="LYMPH ABS"/>
                                    <text>LYMPH ABS<reference value="#Observation_4849b087405177d9863278"/>
                                    </text>
                                    <statusCode code="completed"/>
                                    <effectiveTime value="201206120945-0800"/>
                                    <value xsi:type="PQ">1.4<reference value="#ObservationValue_f548b8ae456e9f856b0210"/>
                                    </value>
                                    <interpretationCode code="N" codeSystem="2.16.840.1.113883.5.83" codeSystemName="Observation Interpretation" displayName="Normal"/>
                                    <referenceRange>
                                        <observationRange>
                                            <value xsi:type="IVL_PQ">
                                                <low value="0.90" unit="THOUSAND"/>
                                                <high value="5.20" unit="THOUSAND"/>
                                            </value>
                                        </observationRange>
                                    </referenceRange>
                                </observation>
                            </component>
                            <component>
                                <observation classCode="OBS" moodCode="EVN">
                                    <templateId root="2.16.840.1.113883.10.20.1.31"/>
                                    <templateId root="1.3.6.1.4.1.19376.1.5.3.1.4.13"/>
                                    <templateId root="2.16.840.1.113883.3.88.11.83.15.1"/>
                                    <id root="bca66e3c-53b5-4a99-a3f4-742c9e5cd0b2"/>
                                    <code code="##MONO" codeSystemName="L" displayName="MONO ABS"/>
                                    <text>MONO ABS<reference value="#Observation_044bfdbb68f5e4aff51c02"/>
                                    </text>
                                    <statusCode code="completed"/>
                                    <effectiveTime value="201206120945-0800"/>
                                    <value xsi:type="PQ">0.80<reference value="#ObservationValue_6c474eb74f733eb13423f7"/>
                                    </value>
                                    <referenceRange>
                                        <observationRange>
                                            <value xsi:type="IVL_PQ">
                                                <low value="0.16" unit="THOUSAND"/>
                                                <high value="1.00" unit="THOUSAND"/>
                                            </value>
                                        </observationRange>
                                    </referenceRange>
                                </observation>
                            </component>
                            <component>
                                <observation classCode="OBS" moodCode="EVN">
                                    <templateId root="2.16.840.1.113883.10.20.1.31"/>
                                    <templateId root="1.3.6.1.4.1.19376.1.5.3.1.4.13"/>
                                    <templateId root="2.16.840.1.113883.3.88.11.83.15.1"/>
                                    <id root="ace5012f-1c8f-47a9-9692-3467dfe0f7ae"/>
                                    <code code="EOS" codeSystemName="L" displayName="EOS ABS"/>
                                    <text>EOS ABS<reference value="#Observation_5b41809a7608acf255c127"/>
                                    </text>
                                    <statusCode code="completed"/>
                                    <effectiveTime value="201206120945-0800"/>
                                    <value xsi:type="PQ">0.07<reference value="#ObservationValue_894c7baa38b15bc638d515"/>
                                    </value>
                                    <referenceRange>
                                        <observationRange>
                                            <value xsi:type="IVL_PQ">
                                                <low value="0.00" unit="THOUSAND"/>
                                                <high value="0.80" unit="THOUSAND"/>
                                            </value>
                                        </observationRange>
                                    </referenceRange>
                                </observation>
                            </component>
                            <component>
                                <observation classCode="OBS" moodCode="EVN">
                                    <templateId root="2.16.840.1.113883.10.20.1.31"/>
                                    <templateId root="1.3.6.1.4.1.19376.1.5.3.1.4.13"/>
                                    <templateId root="2.16.840.1.113883.3.88.11.83.15.1"/>
                                    <id root="8ec826cb-3f76-42f3-a90d-f2a18e78e027"/>
                                    <code code="BASO" codeSystemName="L" displayName="BASO ABS"/>
                                    <text>BASO ABS<reference value="#Observation_7d4c6786e717e8efbbe4fa"/>
                                    </text>
                                    <statusCode code="completed"/>
                                    <effectiveTime value="201206120945-0800"/>
                                    <value xsi:type="PQ">0.08<reference value="#ObservationValue_3f4e9e9f5f927937cc9fc6"/>
                                    </value>
                                    <referenceRange>
                                        <observationRange>
                                            <value xsi:type="IVL_PQ">
                                                <low value="0.00" unit="THOUSAND"/>
                                                <high value="0.20" unit="THOUSAND"/>
                                            </value>
                                        </observationRange>
                                    </referenceRange>
                                </observation>
                            </component>
                            <component>
                                <observation classCode="OBS" moodCode="EVN">
                                    <templateId root="2.16.840.1.113883.10.20.1.31"/>
                                    <templateId root="1.3.6.1.4.1.19376.1.5.3.1.4.13"/>
                                    <templateId root="2.16.840.1.113883.3.88.11.83.15.1"/>
                                    <id root="ff2ad8a7-a1f5-45cf-91ac-560601b96f9b"/>
                                    <code code="##LUC" codeSystemName="L" displayName="LUC ABS"/>
                                    <text>LUC ABS<reference value="#Observation_16437f8f48d1afee31a83c"/>
                                    </text>
                                    <statusCode code="completed"/>
                                    <effectiveTime value="201206120945-0800"/>
                                    <value xsi:type="PQ">0.07<reference value="#ObservationValue_6c49b9a356481592990e0d"/>
                                    </value>
                                    <referenceRange>
                                        <observationRange>
                                            <value xsi:type="IVL_PQ">
                                                <low value="0.00" unit="THOUSAND"/>
                                                <high value="0.40" unit="THOUSAND"/>
                                            </value>
                                        </observationRange>
                                    </referenceRange>
                                </observation>
                            </component>
                            <component>
                                <observation classCode="OBS" moodCode="EVN">
                                    <templateId root="2.16.840.1.113883.10.20.1.31"/>
                                    <templateId root="1.3.6.1.4.1.19376.1.5.3.1.4.13"/>
                                    <templateId root="2.16.840.1.113883.3.88.11.83.15.1"/>
                                    <id root="de52bdb2-44e9-41e5-9344-4ed24669ac8b"/>
                                    <code code="#MNBND" codeSystemName="L" displayName="MAN BAND NEUT"/>
                                    <text>MAN BAND NEUT<reference value="#Observation_1446cb933e1885df326837"/>
                                    </text>
                                    <statusCode code="completed"/>
                                    <effectiveTime value="201206120945-0800"/>
                                    <value xsi:type="PQ">6<reference value="#ObservationValue_454fedba80f8c2425ba79a"/>
                                    </value>
                                    <interpretationCode code="N" codeSystem="2.16.840.1.113883.5.83" codeSystemName="Observation Interpretation" displayName="Normal"/>
                                    <referenceRange>
                                        <observationRange>
                                            <value xsi:type="IVL_PQ">
                                                <low value="0" unit="PERCENT"/>
                                                <high value="8" unit="PERCENT"/>
                                            </value>
                                        </observationRange>
                                    </referenceRange>
                                </observation>
                            </component>
                            <component>
                                <observation classCode="OBS" moodCode="EVN">
                                    <templateId root="2.16.840.1.113883.10.20.1.31"/>
                                    <templateId root="1.3.6.1.4.1.19376.1.5.3.1.4.13"/>
                                    <templateId root="2.16.840.1.113883.3.88.11.83.15.1"/>
                                    <id root="0a050297-0a2b-4ada-af49-c5f502718216"/>
                                    <code code="#MNSEG" codeSystemName="L" displayName="MAN SEG NEUT"/>
                                    <text>MAN SEG NEUT<reference value="#Observation_d24d838d9d2a3d8484a8d2"/>
                                    </text>
                                    <statusCode code="completed"/>
                                    <effectiveTime value="201206120945-0800"/>
                                    <value xsi:type="PQ">70<reference value="#ObservationValue_f34e89a4853f2c2bef644a"/>
                                    </value>
                                    <referenceRange>
                                        <observationRange>
                                            <value xsi:type="IVL_PQ">
                                                <low value="40" unit="PERCENT"/>
                                                <high value="74" unit="PERCENT"/>
                                            </value>
                                        </observationRange>
                                    </referenceRange>
                                </observation>
                            </component>
                            <component>
                                <observation classCode="OBS" moodCode="EVN">
                                    <templateId root="2.16.840.1.113883.10.20.1.31"/>
                                    <templateId root="1.3.6.1.4.1.19376.1.5.3.1.4.13"/>
                                    <templateId root="2.16.840.1.113883.3.88.11.83.15.1"/>
                                    <id root="9e83c6ed-cd3b-47d0-86ec-43a087b0c6b7"/>
                                    <code code="#MNLYM" codeSystemName="L" displayName="MAN LYMPH"/>
                                    <text>MAN LYMPH<reference value="#Observation_304eb0933f247a5eaa6055"/>
                                    </text>
                                    <statusCode code="completed"/>
                                    <effectiveTime value="201206120945-0800"/>
                                    <value xsi:type="PQ">21<reference value="#ObservationValue_d1426a97c54969422bf54f"/>
                                    </value>
                                    <interpretationCode code="N" codeSystem="2.16.840.1.113883.5.83" codeSystemName="Observation Interpretation" displayName="Normal"/>
                                    <referenceRange>
                                        <observationRange>
                                            <value xsi:type="IVL_PQ">
                                                <low value="19" unit="PERCENT"/>
                                                <high value="48" unit="PERCENT"/>
                                            </value>
                                        </observationRange>
                                    </referenceRange>
                                </observation>
                            </component>
                            <component>
                                <observation classCode="OBS" moodCode="EVN">
                                    <templateId root="2.16.840.1.113883.10.20.1.31"/>
                                    <templateId root="1.3.6.1.4.1.19376.1.5.3.1.4.13"/>
                                    <templateId root="2.16.840.1.113883.3.88.11.83.15.1"/>
                                    <id root="b082a8c0-26df-488e-a838-e05fc587e561"/>
                                    <code code="#MNMNO" codeSystemName="L" displayName="MAN MONO"/>
                                    <text>MAN MONO<reference value="#Observation_8b46cdb9327026abef2f83"/>
                                    </text>
                                    <statusCode code="completed"/>
                                    <effectiveTime value="201206120945-0800"/>
                                    <value xsi:type="PQ">8<reference value="#ObservationValue_524584b0731dae72d569e5"/>
                                    </value>
                                    <referenceRange>
                                        <observationRange>
                                            <value xsi:type="IVL_PQ">
                                                <low value="4" unit="PERCENT"/>
                                                <high value="9" unit="PERCENT"/>
                                            </value>
                                        </observationRange>
                                    </referenceRange>
                                </observation>
                            </component>
                            <component>
                                <observation classCode="OBS" moodCode="EVN">
                                    <templateId root="2.16.840.1.113883.10.20.1.31"/>
                                    <templateId root="1.3.6.1.4.1.19376.1.5.3.1.4.13"/>
                                    <templateId root="2.16.840.1.113883.3.88.11.83.15.1"/>
                                    <id root="af2b2fa1-041d-411f-844c-0f44be93f478"/>
                                    <code code="#MNEOS" codeSystemName="L" displayName="MAN EOS"/>
                                    <text>MAN EOS<reference value="#Observation_b148198315fc9a2be9f70e"/>
                                    </text>
                                    <statusCode code="completed"/>
                                    <effectiveTime value="201206120945-0800"/>
                                    <value xsi:type="PQ">3<reference value="#ObservationValue_f749239761fc7ecf9fbaf1"/>
                                    </value>
                                    <referenceRange>
                                        <observationRange>
                                            <value xsi:type="IVL_PQ">
                                                <low value="0" unit="PERCENT"/>
                                                <high value="7" unit="PERCENT"/>
                                            </value>
                                        </observationRange>
                                    </referenceRange>
                                </observation>
                            </component>
                            <component>
                                <observation classCode="OBS" moodCode="EVN">
                                    <templateId root="2.16.840.1.113883.10.20.1.31"/>
                                    <templateId root="1.3.6.1.4.1.19376.1.5.3.1.4.13"/>
                                    <templateId root="2.16.840.1.113883.3.88.11.83.15.1"/>
                                    <id root="67828049-e638-43de-961b-bf31f1269df6"/>
                                    <code code="#MNBAS" codeSystemName="L" displayName="MAN BASO"/>
                                    <text>MAN BASO<reference value="#Observation_394c85837c7427860dd088"/>
                                    </text>
                                    <statusCode code="completed"/>
                                    <effectiveTime value="201206120945-0800"/>
                                    <value xsi:type="PQ">0<reference value="#ObservationValue_7a4cde8c02d5045bec2f70"/>
                                    </value>
                                    <referenceRange>
                                        <observationRange>
                                            <value xsi:type="IVL_PQ">
                                                <low value="0" unit="PERCENT"/>
                                                <high value="2" unit="PERCENT"/>
                                            </value>
                                        </observationRange>
                                    </referenceRange>
                                </observation>
                            </component>
                            <component>
                                <observation classCode="OBS" moodCode="EVN">
                                    <templateId root="2.16.840.1.113883.10.20.1.31"/>
                                    <templateId root="1.3.6.1.4.1.19376.1.5.3.1.4.13"/>
                                    <templateId root="2.16.840.1.113883.3.88.11.83.15.1"/>
                                    <id root="3c8d9516-b64f-4fee-897d-b2e470f163eb"/>
                                    <code code="#MNMET" codeSystemName="L" displayName="MAN METAMYL"/>
                                    <text>MAN METAMYL<reference value="#Observation_b04221bffb5fdb3287c3b4"/>
                                    </text>
                                    <statusCode code="completed"/>
                                    <effectiveTime value="201206120945-0800"/>
                                    <value xsi:type="PQ">0<reference value="#ObservationValue_fc4db48dddcae5c1808b1e"/>
                                    </value>
                                    <referenceRange>
                                        <observationRange>
                                            <value xsi:type="IVL_PQ">
                                                <low value="0" unit="PERCENT"/>
                                                <high value="1" unit="PERCENT"/>
                                            </value>
                                        </observationRange>
                                    </referenceRange>
                                </observation>
                            </component>
                            <component>
                                <observation classCode="OBS" moodCode="EVN">
                                    <templateId root="2.16.840.1.113883.10.20.1.31"/>
                                    <templateId root="1.3.6.1.4.1.19376.1.5.3.1.4.13"/>
                                    <templateId root="2.16.840.1.113883.3.88.11.83.15.1"/>
                                    <id root="fed2ee21-d5af-4f52-931f-42d293441c4d"/>
                                    <code code="#MNMYL" codeSystemName="L" displayName="MAN MYELOCYTE"/>
                                    <text>MAN MYELOCYTE<reference value="#Observation_a940e88da8b12a0b535ab5"/>
                                    </text>
                                    <statusCode code="completed"/>
                                    <effectiveTime value="201206120945-0800"/>
                                    <value xsi:type="PQ">0<reference value="#ObservationValue_cf45a188bbac328e2c85a2"/>
                                    </value>
                                    <referenceRange>
                                        <observationRange>
                                            <value xsi:type="IVL_PQ">
                                                <low value="0" unit="PERCENT"/>
                                                <high value="1" unit="PERCENT"/>
                                            </value>
                                        </observationRange>
                                    </referenceRange>
                                </observation>
                            </component>
                            <component>
                                <observation classCode="OBS" moodCode="EVN">
                                    <templateId root="2.16.840.1.113883.10.20.1.31"/>
                                    <templateId root="1.3.6.1.4.1.19376.1.5.3.1.4.13"/>
                                    <templateId root="2.16.840.1.113883.3.88.11.83.15.1"/>
                                    <id root="9d96f3ca-9fed-45d1-9d12-dfee4681a4e6"/>
                                    <code code="#MNPRO" codeSystemName="L" displayName="MAN PROMYELO"/>
                                    <text>MAN PROMYELO<reference value="#Observation_184ec491c1fd90c52e1528"/>
                                    </text>
                                    <statusCode code="completed"/>
                                    <effectiveTime value="201206120945-0800"/>
                                    <value xsi:type="PQ">0<reference value="#ObservationValue_c441a09fea8b1e9ab208c1"/>
                                    </value>
                                    <referenceRange>
                                        <observationRange>
                                            <value xsi:type="IVL_PQ">
                                                <low value="0" unit="PERCENT"/>
                                                <high value="0" unit="PERCENT"/>
                                            </value>
                                        </observationRange>
                                    </referenceRange>
                                </observation>
                            </component>
                            <component>
                                <observation classCode="OBS" moodCode="EVN">
                                    <templateId root="2.16.840.1.113883.10.20.1.31"/>
                                    <templateId root="1.3.6.1.4.1.19376.1.5.3.1.4.13"/>
                                    <templateId root="2.16.840.1.113883.3.88.11.83.15.1"/>
                                    <id root="9af9be5c-6f05-4a87-95d1-d0bd1c2a1410"/>
                                    <code code="#MNBLS" codeSystemName="L" displayName="MAN BLASTS"/>
                                    <text>MAN BLASTS<reference value="#Observation_96435f86d626923a20e04c"/>
                                    </text>
                                    <statusCode code="completed"/>
                                    <effectiveTime value="201206120945-0800"/>
                                    <value xsi:type="PQ">0<reference value="#ObservationValue_75442cbae2061c1fb7ab61"/>
                                    </value>
                                    <referenceRange>
                                        <observationRange>
                                            <value xsi:type="IVL_PQ">
                                                <low value="0" unit="PERCENT"/>
                                                <high value="0" unit="PERCENT"/>
                                            </value>
                                        </observationRange>
                                    </referenceRange>
                                </observation>
                            </component>
                            <component>
                                <observation classCode="OBS" moodCode="EVN">
                                    <templateId root="2.16.840.1.113883.10.20.1.31"/>
                                    <templateId root="1.3.6.1.4.1.19376.1.5.3.1.4.13"/>
                                    <templateId root="2.16.840.1.113883.3.88.11.83.15.1"/>
                                    <id root="611d1633-72c5-4daa-b4d2-ea9fa3399e88"/>
                                    <code code="#ESPLT" codeSystemName="L" displayName="PLATELET (EST)"/>
                                    <text>PLATELET (EST)<reference value="#Observation_814574bdc1ae9d77d4ab88"/>
                                    </text>
                                    <statusCode code="completed"/>
                                    <effectiveTime value="201206120945-0800"/>
                                    <value xsi:type="ED">10-12<reference value="#ObservationValue_c643e4922885287d05e951"/>
                                    </value>
                                    <entryRelationship typeCode="SUBJ" inversionInd="true">
                                        <act classCode="ACT" moodCode="EVN">
                                            <templateId root="2.16.840.1.113883.10.20.1.40"/>
                                            <templateId root="2.16.840.1.113883.3.88.11.83.11"/>
                                            <templateId root="1.3.6.1.4.1.19376.1.5.3.1.4.2"/>
                                            <code code="48767-8" codeSystem="2.16.840.1.113883.6.1" codeSystemName="LOINC" displayName="Annotation Comment"/>
                                            <text>PLATELET COUNT CONSISTENT  WITH SLIDE REVIEW ESPLT  EACH PLATELET PER OIL IMMERSION FIELD REPRESENTS APPROXIMATELY        TWENTY THOUSAND PLATELETS PER CUBIC MILLIMETER.<reference value="Comment_bb4d40b0ffa021d3815e1b"/>
                                            </text>
                                            <statusCode code="completed"/>
                                        </act>
                                    </entryRelationship>
                                    <referenceRange>
                                        <observationRange>
                                            <value xsi:type="IVL_PQ">
                                                <low value="7" unit="PER_OIF"/>
                                                <high value="20" unit="PER_OIF"/>
                                            </value>
                                        </observationRange>
                                    </referenceRange>
                                </observation>
                            </component>
                        </organizer>
                    </entry>
                    <entry>
                        <organizer classCode="BATTERY" moodCode="EVN">
                            <templateId root="2.16.840.1.113883.10.20.1.32"/>
                            <id root="541bbe20-5806-4d14-9fec-c0f6f3d5e92d"/>
                            <code code="CBC" codeSystemName="L" displayName="CBC">
                                <translation code="LAB"/>
                            </code>
                            <statusCode code="completed"/>
                            <component>
                                <procedure classCode="PROC" moodCode="EVN">
                                    <templateId root="2.16.840.1.113883.10.20.1.29"/>
                                    <templateId root="1.3.6.1.4.1.19376.1.5.3.1.4.19"/>
                                    <templateId root="2.16.840.1.113883.3.88.11.83.17"/>
                                    <id root="7ad5cd2d-aae1-425d-93a9-33e973d5a12d"/>
                                    <code nullFlavor="NI">
                                        <originalText>CBC</originalText>
                                    </code>
                                    <text>CBC</text>
                                    <statusCode code="completed"/>
                                    <effectiveTime>
                                        <low value="201206190945-0800"/>
                                    </effectiveTime>
                                    <priorityCode code="S" codeSystem="2.16.840.1.113883.3.88.12.80.71" codeSystemName="Order Priority" displayName="Stat"/>
                                    <participant typeCode="RESP" contextControlCode="OP">
                                        <participantRole>
                                            <addr nullFlavor="NI"/>
                                            <playingEntity>
                                                <name>
                                                    <given>Unnamed</given>
                                                    <family>User</family>
                                                </name>
                                            </playingEntity>
                                        </participantRole>
                                    </participant>
                                    <participant typeCode="ATND" contextControlCode="OP">
                                        <participantRole>
                                            <addr nullFlavor="NI"/>
                                            <playingEntity>
                                                <name>
                                                    <given>Test</given>
                                                    <family>Userone</family>
                                                </name>
                                            </playingEntity>
                                        </participantRole>
                                    </participant>
                                    <participant typeCode="ADM" contextControlCode="OP">
                                        <participantRole>
                                            <addr nullFlavor="NI"/>
                                            <playingEntity>
                                                <name>
                                                    <given>Test</given>
                                                    <family>Faxuser</family>
                                                </name>
                                            </playingEntity>
                                        </participantRole>
                                    </participant>
                                    <participant typeCode="REF" contextControlCode="OP">
                                        <participantRole>
                                            <addr nullFlavor="NI"/>
                                            <playingEntity>
                                                <name>
                                                    <given>Test</given>
                                                    <family>Faxuser</family>
                                                </name>
                                            </playingEntity>
                                        </participantRole>
                                    </participant>
                                    <participant typeCode="ORG" contextControlCode="OP">
                                        <participantRole>
                                            <addr nullFlavor="NI"/>
                                            <telecom nullFlavor="NI"/>
                                            <playingEntity>
                                                <name>UniLab</name>
                                            </playingEntity>
                                        </participantRole>
                                    </participant>
                                </procedure>
                            </component>
                            <component>
                                <observation classCode="OBS" moodCode="EVN">
                                    <templateId root="2.16.840.1.113883.10.20.1.31"/>
                                    <templateId root="1.3.6.1.4.1.19376.1.5.3.1.4.13"/>
                                    <templateId root="2.16.840.1.113883.3.88.11.83.15.1"/>
                                    <id root="f5d9801c-0321-4687-a68e-89c6c4edab69"/>
                                    <code code="#WBC" codeSystemName="L" displayName="WBC"/>
                                    <text>WBC<reference value="#Observation_9a48c8845fd07601a62b7a"/>
                                    </text>
                                    <statusCode code="completed"/>
                                    <effectiveTime value="201206190945-0800"/>
                                    <value xsi:type="PQ">5.33<reference value="#ObservationValue_5248ada4f6cae671980930"/>
                                    </value>
                                    <referenceRange>
                                        <observationRange>
                                            <value xsi:type="IVL_PQ">
                                                <low value="4.80" unit="THOUSAND"/>
                                                <high value="10.80" unit="THOUSAND"/>
                                            </value>
                                        </observationRange>
                                    </referenceRange>
                                </observation>
                            </component>
                            <component>
                                <observation classCode="OBS" moodCode="EVN">
                                    <templateId root="2.16.840.1.113883.10.20.1.31"/>
                                    <templateId root="1.3.6.1.4.1.19376.1.5.3.1.4.13"/>
                                    <templateId root="2.16.840.1.113883.3.88.11.83.15.1"/>
                                    <id root="e5b22625-f2df-403f-a978-28a00ee1a90c"/>
                                    <code code="#HGB" codeSystemName="L" displayName="HGB"/>
                                    <text>HGB<reference value="#Observation_5244b7a692d333acc0662a"/>
                                    </text>
                                    <statusCode code="completed"/>
                                    <effectiveTime value="201206190945-0800"/>
                                    <value xsi:type="PQ">14.4<reference value="#ObservationValue_e244bbb6d2cc511a619325"/>
                                    </value>
                                    <referenceRange>
                                        <observationRange>
                                            <value xsi:type="IVL_PQ">
                                                <low value="14.0" unit="G/dl"/>
                                                <high value="18.0" unit="G/dl"/>
                                            </value>
                                        </observationRange>
                                    </referenceRange>
                                </observation>
                            </component>
                            <component>
                                <observation classCode="OBS" moodCode="EVN">
                                    <templateId root="2.16.840.1.113883.10.20.1.31"/>
                                    <templateId root="1.3.6.1.4.1.19376.1.5.3.1.4.13"/>
                                    <templateId root="2.16.840.1.113883.3.88.11.83.15.1"/>
                                    <id root="3a3aa3a4-5e5b-4758-867f-e80cabb677f7"/>
                                    <code code="#HCT" codeSystemName="L" displayName="HCT"/>
                                    <text>HCT<reference value="#Observation_704ca6959ac1a90a26081a"/>
                                    </text>
                                    <statusCode code="completed"/>
                                    <effectiveTime value="201206190945-0800"/>
                                    <value xsi:type="PQ">44.2<reference value="#ObservationValue_4742b095615b499f92be06"/>
                                    </value>
                                    <referenceRange>
                                        <observationRange>
                                            <value xsi:type="IVL_PQ">
                                                <low value="42.0" unit="PERCENT"/>
                                                <high value="54.0" unit="PERCENT"/>
                                            </value>
                                        </observationRange>
                                    </referenceRange>
                                </observation>
                            </component>
                            <component>
                                <observation classCode="OBS" moodCode="EVN">
                                    <templateId root="2.16.840.1.113883.10.20.1.31"/>
                                    <templateId root="1.3.6.1.4.1.19376.1.5.3.1.4.13"/>
                                    <templateId root="2.16.840.1.113883.3.88.11.83.15.1"/>
                                    <id root="3a7317ee-6fef-413f-a2a8-e29bc24d9d2a"/>
                                    <code code="#PLT" codeSystemName="L" displayName="PLATELETS"/>
                                    <text>PLATELETS<reference value="#Observation_634eebb4ede9031ca05595"/>
                                    </text>
                                    <statusCode code="completed"/>
                                    <effectiveTime value="201206190945-0800"/>
                                    <value xsi:type="PQ">137<reference value="#ObservationValue_6940ab93e936e2a259887a"/>
                                    </value>
                                    <interpretationCode code="N" codeSystem="2.16.840.1.113883.5.83" codeSystemName="Observation Interpretation" displayName="Normal"/>
                                    <referenceRange>
                                        <observationRange>
                                            <value xsi:type="IVL_PQ">
                                                <low value="130" unit="THOUSAND"/>
                                                <high value="400" unit="THOUSAND"/>
                                            </value>
                                        </observationRange>
                                    </referenceRange>
                                </observation>
                            </component>
                            <component>
                                <observation classCode="OBS" moodCode="EVN">
                                    <templateId root="2.16.840.1.113883.10.20.1.31"/>
                                    <templateId root="1.3.6.1.4.1.19376.1.5.3.1.4.13"/>
                                    <templateId root="2.16.840.1.113883.3.88.11.83.15.1"/>
                                    <id root="e206c135-009e-4253-b44c-d7e0c585f7ea"/>
                                    <code code="#RBC" codeSystemName="L" displayName="RBC"/>
                                    <text>RBC<reference value="#Observation_82419d9445b2e17121a6a4"/>
                                    </text>
                                    <statusCode code="completed"/>
                                    <effectiveTime value="201206190945-0800"/>
                                    <value xsi:type="PQ">4.81<reference value="#ObservationValue_bc4c368eabd7089b260878"/>
                                    </value>
                                    <referenceRange>
                                        <observationRange>
                                            <value xsi:type="IVL_PQ">
                                                <low value="4.70" unit="MILLION"/>
                                                <high value="6.10" unit="MILLION"/>
                                            </value>
                                        </observationRange>
                                    </referenceRange>
                                </observation>
                            </component>
                            <component>
                                <observation classCode="OBS" moodCode="EVN">
                                    <templateId root="2.16.840.1.113883.10.20.1.31"/>
                                    <templateId root="1.3.6.1.4.1.19376.1.5.3.1.4.13"/>
                                    <templateId root="2.16.840.1.113883.3.88.11.83.15.1"/>
                                    <id root="65ac2290-b2cb-4a35-a330-852d8fe50f37"/>
                                    <code code="#MCV" codeSystemName="L" displayName="MCV"/>
                                    <text>MCV<reference value="#Observation_4547b0b6dc93f6d6286003"/>
                                    </text>
                                    <statusCode code="completed"/>
                                    <effectiveTime value="201206190945-0800"/>
                                    <value xsi:type="PQ">92.2<reference value="#ObservationValue_f544459803c88ab167510b"/>
                                    </value>
                                    <referenceRange>
                                        <observationRange>
                                            <value xsi:type="IVL_PQ">
                                                <low value="83.0" unit="fl"/>
                                                <high value="99.0" unit="fl"/>
                                            </value>
                                        </observationRange>
                                    </referenceRange>
                                </observation>
                            </component>
                            <component>
                                <observation classCode="OBS" moodCode="EVN">
                                    <templateId root="2.16.840.1.113883.10.20.1.31"/>
                                    <templateId root="1.3.6.1.4.1.19376.1.5.3.1.4.13"/>
                                    <templateId root="2.16.840.1.113883.3.88.11.83.15.1"/>
                                    <id root="321c851b-2c68-4a83-9ad2-90472353b676"/>
                                    <code code="#MCH" codeSystemName="L" displayName="MCH"/>
                                    <text>MCH<reference value="#Observation_484bcebb5a0a8008e68dca"/>
                                    </text>
                                    <statusCode code="completed"/>
                                    <effectiveTime value="201206190945-0800"/>
                                    <value xsi:type="PQ">30.6<reference value="#ObservationValue_f3499a970073ffd762f431"/>
                                    </value>
                                    <referenceRange>
                                        <observationRange>
                                            <value xsi:type="IVL_PQ">
                                                <low value="27.0" unit="pg"/>
                                                <high value="32.0" unit="pg"/>
                                            </value>
                                        </observationRange>
                                    </referenceRange>
                                </observation>
                            </component>
                            <component>
                                <observation classCode="OBS" moodCode="EVN">
                                    <templateId root="2.16.840.1.113883.10.20.1.31"/>
                                    <templateId root="1.3.6.1.4.1.19376.1.5.3.1.4.13"/>
                                    <templateId root="2.16.840.1.113883.3.88.11.83.15.1"/>
                                    <id root="9d82c56c-ff60-45ae-839f-c25354b0097e"/>
                                    <code code="#MCHC" codeSystemName="L" displayName="MCHC"/>
                                    <text>MCHC<reference value="#Observation_c44d25b1f78404436cc9c9"/>
                                    </text>
                                    <statusCode code="completed"/>
                                    <effectiveTime value="201206190945-0800"/>
                                    <value xsi:type="PQ">33.3<reference value="#ObservationValue_a8474eae7d6cd3b2175409"/>
                                    </value>
                                    <referenceRange>
                                        <observationRange>
                                            <value xsi:type="IVL_PQ">
                                                <low value="32.0" unit="G/dl"/>
                                                <high value="37.0" unit="G/dl"/>
                                            </value>
                                        </observationRange>
                                    </referenceRange>
                                </observation>
                            </component>
                            <component>
                                <observation classCode="OBS" moodCode="EVN">
                                    <templateId root="2.16.840.1.113883.10.20.1.31"/>
                                    <templateId root="1.3.6.1.4.1.19376.1.5.3.1.4.13"/>
                                    <templateId root="2.16.840.1.113883.3.88.11.83.15.1"/>
                                    <id root="1d62cbdb-f432-418c-b9e1-dd1c83d2ce81"/>
                                    <code code="#RDW" codeSystemName="L" displayName="RDW"/>
                                    <text>RDW<reference value="#Observation_394aea942bce6201632166"/>
                                    </text>
                                    <statusCode code="completed"/>
                                    <effectiveTime value="201206190945-0800"/>
                                    <value xsi:type="PQ">13<reference value="#ObservationValue_734df794745844233d9c3a"/>
                                    </value>
                                    <interpretationCode code="N" codeSystem="2.16.840.1.113883.5.83" codeSystemName="Observation Interpretation" displayName="Normal"/>
                                    <referenceRange>
                                        <observationRange>
                                            <value xsi:type="IVL_PQ">
                                                <low value="11.5" unit="PERCENT"/>
                                                <high value="14.5" unit="PERCENT"/>
                                            </value>
                                        </observationRange>
                                    </referenceRange>
                                </observation>
                            </component>
                            <component>
                                <observation classCode="OBS" moodCode="EVN">
                                    <templateId root="2.16.840.1.113883.10.20.1.31"/>
                                    <templateId root="1.3.6.1.4.1.19376.1.5.3.1.4.13"/>
                                    <templateId root="2.16.840.1.113883.3.88.11.83.15.1"/>
                                    <id root="fb58ae0b-e9d4-44e6-b63a-acdfdef319ab"/>
                                    <code code="#NEUT" codeSystemName="L" displayName="NEUT"/>
                                    <text>NEUT<reference value="#Observation_e74a488281cdf224bc069e"/>
                                    </text>
                                    <statusCode code="completed"/>
                                    <effectiveTime value="201206190945-0800"/>
                                    <value xsi:type="PQ">68<reference value="#ObservationValue_e846d4a55ca1df02886685"/>
                                    </value>
                                    <interpretationCode code="N" codeSystem="2.16.840.1.113883.5.83" codeSystemName="Observation Interpretation" displayName="Normal"/>
                                    <referenceRange>
                                        <observationRange>
                                            <value xsi:type="IVL_PQ">
                                                <low value="40.0" unit="PERCENT"/>
                                                <high value="74.0" unit="PERCENT"/>
                                            </value>
                                        </observationRange>
                                    </referenceRange>
                                </observation>
                            </component>
                            <component>
                                <observation classCode="OBS" moodCode="EVN">
                                    <templateId root="2.16.840.1.113883.10.20.1.31"/>
                                    <templateId root="1.3.6.1.4.1.19376.1.5.3.1.4.13"/>
                                    <templateId root="2.16.840.1.113883.3.88.11.83.15.1"/>
                                    <id root="660b1e1b-be76-480e-a333-1aeeb858005f"/>
                                    <code code="#LYMPH" codeSystemName="L" displayName="LYMPH"/>
                                    <text>LYMPH<reference value="#Observation_99456cb3bab570ce36d175"/>
                                    </text>
                                    <statusCode code="completed"/>
                                    <effectiveTime value="201206190945-0800"/>
                                    <value xsi:type="PQ">18<reference value="#ObservationValue_e6410c889b7ed3a8dc4b73"/>
                                    </value>
                                    <interpretationCode code="N" codeSystem="2.16.840.1.113883.5.83" codeSystemName="Observation Interpretation" displayName="Normal"/>
                                    <referenceRange>
                                        <observationRange>
                                            <value xsi:type="IVL_PQ">
                                                <low value="19.0" unit="PERCENT"/>
                                                <high value="48.0" unit="PERCENT"/>
                                            </value>
                                        </observationRange>
                                    </referenceRange>
                                </observation>
                            </component>
                            <component>
                                <observation classCode="OBS" moodCode="EVN">
                                    <templateId root="2.16.840.1.113883.10.20.1.31"/>
                                    <templateId root="1.3.6.1.4.1.19376.1.5.3.1.4.13"/>
                                    <templateId root="2.16.840.1.113883.3.88.11.83.15.1"/>
                                    <id root="b260ff9a-9c20-4791-8587-d18993f2b59a"/>
                                    <code code="#MONO" codeSystemName="L" displayName="MONO"/>
                                    <text>MONO<reference value="#Observation_49451eb435ed17379e115a"/>
                                    </text>
                                    <statusCode code="completed"/>
                                    <effectiveTime value="201206190945-0800"/>
                                    <value xsi:type="PQ">8.7<reference value="#ObservationValue_6e4543a2850fefaca3f263"/>
                                    </value>
                                    <interpretationCode code="N" codeSystem="2.16.840.1.113883.5.83" codeSystemName="Observation Interpretation" displayName="Normal"/>
                                    <referenceRange>
                                        <observationRange>
                                            <value xsi:type="IVL_PQ">
                                                <low value="3.5" unit="PERCENT"/>
                                                <high value="9.0" unit="PERCENT"/>
                                            </value>
                                        </observationRange>
                                    </referenceRange>
                                </observation>
                            </component>
                            <component>
                                <observation classCode="OBS" moodCode="EVN">
                                    <templateId root="2.16.840.1.113883.10.20.1.31"/>
                                    <templateId root="1.3.6.1.4.1.19376.1.5.3.1.4.13"/>
                                    <templateId root="2.16.840.1.113883.3.88.11.83.15.1"/>
                                    <id root="3cfe6c82-0e39-4171-bd69-052f7827bfc2"/>
                                    <code code="#EOS" codeSystemName="L" displayName="EOS"/>
                                    <text>EOS<reference value="#Observation_8c424785f59a6d2e5bfbf6"/>
                                    </text>
                                    <statusCode code="completed"/>
                                    <effectiveTime value="201206190945-0800"/>
                                    <value xsi:type="PQ">0.7<reference value="#ObservationValue_734e92b258d81ecbd2bf9c"/>
                                    </value>
                                    <referenceRange>
                                        <observationRange>
                                            <value xsi:type="IVL_PQ">
                                                <low value="0.0" unit="PERCENT"/>
                                                <high value="7.0" unit="PERCENT"/>
                                            </value>
                                        </observationRange>
                                    </referenceRange>
                                </observation>
                            </component>
                            <component>
                                <observation classCode="OBS" moodCode="EVN">
                                    <templateId root="2.16.840.1.113883.10.20.1.31"/>
                                    <templateId root="1.3.6.1.4.1.19376.1.5.3.1.4.13"/>
                                    <templateId root="2.16.840.1.113883.3.88.11.83.15.1"/>
                                    <id root="53d3a3ba-73a4-46ad-a145-1491cd910141"/>
                                    <code code="#BASO" codeSystemName="L" displayName="BASO"/>
                                    <text>BASO<reference value="#Observation_85441a965052326973eef0"/>
                                    </text>
                                    <statusCode code="completed"/>
                                    <effectiveTime value="201206190945-0800"/>
                                    <value xsi:type="PQ">0.6<reference value="#ObservationValue_63473588349a8d6b76281f"/>
                                    </value>
                                    <referenceRange>
                                        <observationRange>
                                            <value xsi:type="IVL_PQ">
                                                <low value="0.0" unit="PERCENT"/>
                                                <high value="1.5" unit="PERCENT"/>
                                            </value>
                                        </observationRange>
                                    </referenceRange>
                                </observation>
                            </component>
                            <component>
                                <observation classCode="OBS" moodCode="EVN">
                                    <templateId root="2.16.840.1.113883.10.20.1.31"/>
                                    <templateId root="1.3.6.1.4.1.19376.1.5.3.1.4.13"/>
                                    <templateId root="2.16.840.1.113883.3.88.11.83.15.1"/>
                                    <id root="8f37ae17-6cc7-4344-9c0b-78807023199d"/>
                                    <code code="#LUC" codeSystemName="L" displayName="LGE UNST.CELL"/>
                                    <text>LGE UNST.CELL<reference value="#Observation_da4dff84aa950bd4790b9e"/>
                                    </text>
                                    <statusCode code="completed"/>
                                    <effectiveTime value="201206190945-0800"/>
                                    <value xsi:type="PQ">0.9<reference value="#ObservationValue_6a414f9f5c23db3a9b7105"/>
                                    </value>
                                    <referenceRange>
                                        <observationRange>
                                            <value xsi:type="IVL_PQ">
                                                <low value="0.0" unit="PERCENT"/>
                                                <high value="4.0" unit="PERCENT"/>
                                            </value>
                                        </observationRange>
                                    </referenceRange>
                                </observation>
                            </component>
                            <component>
                                <observation classCode="OBS" moodCode="EVN">
                                    <templateId root="2.16.840.1.113883.10.20.1.31"/>
                                    <templateId root="1.3.6.1.4.1.19376.1.5.3.1.4.13"/>
                                    <templateId root="2.16.840.1.113883.3.88.11.83.15.1"/>
                                    <id root="17b15fc9-08ed-48d1-944e-0f993e15f416"/>
                                    <code code="##NEUT" codeSystemName="L" displayName="NEUT ABS"/>
                                    <text>NEUT ABS<reference value="#Observation_d34a249f2890baa671c893"/>
                                    </text>
                                    <statusCode code="completed"/>
                                    <effectiveTime value="201206190945-0800"/>
                                    <value xsi:type="PQ">6.50<reference value="#ObservationValue_874c0d8dc37920bdfbccd3"/>
                                    </value>
                                    <referenceRange>
                                        <observationRange>
                                            <value xsi:type="IVL_PQ">
                                                <low value="1.90" unit="THOUSAND"/>
                                                <high value="8.00" unit="THOUSAND"/>
                                            </value>
                                        </observationRange>
                                    </referenceRange>
                                </observation>
                            </component>
                            <component>
                                <observation classCode="OBS" moodCode="EVN">
                                    <templateId root="2.16.840.1.113883.10.20.1.31"/>
                                    <templateId root="1.3.6.1.4.1.19376.1.5.3.1.4.13"/>
                                    <templateId root="2.16.840.1.113883.3.88.11.83.15.1"/>
                                    <id root="90268b9b-a226-4d98-a464-8752665ca2be"/>
                                    <code code="##LYMP" codeSystemName="L" displayName="LYMPH ABS"/>
                                    <text>LYMPH ABS<reference value="#Observation_4849b087405177d9863278"/>
                                    </text>
                                    <statusCode code="completed"/>
                                    <effectiveTime value="201206190945-0800"/>
                                    <value xsi:type="PQ">1.4<reference value="#ObservationValue_f548b8ae456e9f856b0210"/>
                                    </value>
                                    <interpretationCode code="N" codeSystem="2.16.840.1.113883.5.83" codeSystemName="Observation Interpretation" displayName="Normal"/>
                                    <referenceRange>
                                        <observationRange>
                                            <value xsi:type="IVL_PQ">
                                                <low value="0.90" unit="THOUSAND"/>
                                                <high value="5.20" unit="THOUSAND"/>
                                            </value>
                                        </observationRange>
                                    </referenceRange>
                                </observation>
                            </component>
                            <component>
                                <observation classCode="OBS" moodCode="EVN">
                                    <templateId root="2.16.840.1.113883.10.20.1.31"/>
                                    <templateId root="1.3.6.1.4.1.19376.1.5.3.1.4.13"/>
                                    <templateId root="2.16.840.1.113883.3.88.11.83.15.1"/>
                                    <id root="bca66e3c-53b5-4a99-a3f4-742c9e5cd0b2"/>
                                    <code code="##MONO" codeSystemName="L" displayName="MONO ABS"/>
                                    <text>MONO ABS<reference value="#Observation_044bfdbb68f5e4aff51c02"/>
                                    </text>
                                    <statusCode code="completed"/>
                                    <effectiveTime value="201206190945-0800"/>
                                    <value xsi:type="PQ">0.80<reference value="#ObservationValue_6c474eb74f733eb13423f7"/>
                                    </value>
                                    <referenceRange>
                                        <observationRange>
                                            <value xsi:type="IVL_PQ">
                                                <low value="0.16" unit="THOUSAND"/>
                                                <high value="1.00" unit="THOUSAND"/>
                                            </value>
                                        </observationRange>
                                    </referenceRange>
                                </observation>
                            </component>
                            <component>
                                <observation classCode="OBS" moodCode="EVN">
                                    <templateId root="2.16.840.1.113883.10.20.1.31"/>
                                    <templateId root="1.3.6.1.4.1.19376.1.5.3.1.4.13"/>
                                    <templateId root="2.16.840.1.113883.3.88.11.83.15.1"/>
                                    <id root="ace5012f-1c8f-47a9-9692-3467dfe0f7ae"/>
                                    <code code="EOS" codeSystemName="L" displayName="EOS ABS"/>
                                    <text>EOS ABS<reference value="#Observation_5b41809a7608acf255c127"/>
                                    </text>
                                    <statusCode code="completed"/>
                                    <effectiveTime value="201206190945-0800"/>
                                    <value xsi:type="PQ">0.07<reference value="#ObservationValue_894c7baa38b15bc638d515"/>
                                    </value>
                                    <referenceRange>
                                        <observationRange>
                                            <value xsi:type="IVL_PQ">
                                                <low value="0.00" unit="THOUSAND"/>
                                                <high value="0.80" unit="THOUSAND"/>
                                            </value>
                                        </observationRange>
                                    </referenceRange>
                                </observation>
                            </component>
                            <component>
                                <observation classCode="OBS" moodCode="EVN">
                                    <templateId root="2.16.840.1.113883.10.20.1.31"/>
                                    <templateId root="1.3.6.1.4.1.19376.1.5.3.1.4.13"/>
                                    <templateId root="2.16.840.1.113883.3.88.11.83.15.1"/>
                                    <id root="8ec826cb-3f76-42f3-a90d-f2a18e78e027"/>
                                    <code code="BASO" codeSystemName="L" displayName="BASO ABS"/>
                                    <text>BASO ABS<reference value="#Observation_7d4c6786e717e8efbbe4fa"/>
                                    </text>
                                    <statusCode code="completed"/>
                                    <effectiveTime value="201206190945-0800"/>
                                    <value xsi:type="PQ">0.08<reference value="#ObservationValue_3f4e9e9f5f927937cc9fc6"/>
                                    </value>
                                    <referenceRange>
                                        <observationRange>
                                            <value xsi:type="IVL_PQ">
                                                <low value="0.00" unit="THOUSAND"/>
                                                <high value="0.20" unit="THOUSAND"/>
                                            </value>
                                        </observationRange>
                                    </referenceRange>
                                </observation>
                            </component>
                            <component>
                                <observation classCode="OBS" moodCode="EVN">
                                    <templateId root="2.16.840.1.113883.10.20.1.31"/>
                                    <templateId root="1.3.6.1.4.1.19376.1.5.3.1.4.13"/>
                                    <templateId root="2.16.840.1.113883.3.88.11.83.15.1"/>
                                    <id root="ff2ad8a7-a1f5-45cf-91ac-560601b96f9b"/>
                                    <code code="##LUC" codeSystemName="L" displayName="LUC ABS"/>
                                    <text>LUC ABS<reference value="#Observation_16437f8f48d1afee31a83c"/>
                                    </text>
                                    <statusCode code="completed"/>
                                    <effectiveTime value="201206190945-0800"/>
                                    <value xsi:type="PQ">0.07<reference value="#ObservationValue_6c49b9a356481592990e0d"/>
                                    </value>
                                    <referenceRange>
                                        <observationRange>
                                            <value xsi:type="IVL_PQ">
                                                <low value="0.00" unit="THOUSAND"/>
                                                <high value="0.40" unit="THOUSAND"/>
                                            </value>
                                        </observationRange>
                                    </referenceRange>
                                </observation>
                            </component>
                            <component>
                                <observation classCode="OBS" moodCode="EVN">
                                    <templateId root="2.16.840.1.113883.10.20.1.31"/>
                                    <templateId root="1.3.6.1.4.1.19376.1.5.3.1.4.13"/>
                                    <templateId root="2.16.840.1.113883.3.88.11.83.15.1"/>
                                    <id root="de52bdb2-44e9-41e5-9344-4ed24669ac8b"/>
                                    <code code="#MNBND" codeSystemName="L" displayName="MAN BAND NEUT"/>
                                    <text>MAN BAND NEUT<reference value="#Observation_1446cb933e1885df326837"/>
                                    </text>
                                    <statusCode code="completed"/>
                                    <effectiveTime value="201206190945-0800"/>
                                    <value xsi:type="PQ">6<reference value="#ObservationValue_454fedba80f8c2425ba79a"/>
                                    </value>
                                    <interpretationCode code="N" codeSystem="2.16.840.1.113883.5.83" codeSystemName="Observation Interpretation" displayName="Normal"/>
                                    <referenceRange>
                                        <observationRange>
                                            <value xsi:type="IVL_PQ">
                                                <low value="0" unit="PERCENT"/>
                                                <high value="8" unit="PERCENT"/>
                                            </value>
                                        </observationRange>
                                    </referenceRange>
                                </observation>
                            </component>
                            <component>
                                <observation classCode="OBS" moodCode="EVN">
                                    <templateId root="2.16.840.1.113883.10.20.1.31"/>
                                    <templateId root="1.3.6.1.4.1.19376.1.5.3.1.4.13"/>
                                    <templateId root="2.16.840.1.113883.3.88.11.83.15.1"/>
                                    <id root="0a050297-0a2b-4ada-af49-c5f502718216"/>
                                    <code code="#MNSEG" codeSystemName="L" displayName="MAN SEG NEUT"/>
                                    <text>MAN SEG NEUT<reference value="#Observation_d24d838d9d2a3d8484a8d2"/>
                                    </text>
                                    <statusCode code="completed"/>
                                    <effectiveTime value="201206190945-0800"/>
                                    <value xsi:type="PQ">70<reference value="#ObservationValue_f34e89a4853f2c2bef644a"/>
                                    </value>
                                    <referenceRange>
                                        <observationRange>
                                            <value xsi:type="IVL_PQ">
                                                <low value="40" unit="PERCENT"/>
                                                <high value="74" unit="PERCENT"/>
                                            </value>
                                        </observationRange>
                                    </referenceRange>
                                </observation>
                            </component>
                            <component>
                                <observation classCode="OBS" moodCode="EVN">
                                    <templateId root="2.16.840.1.113883.10.20.1.31"/>
                                    <templateId root="1.3.6.1.4.1.19376.1.5.3.1.4.13"/>
                                    <templateId root="2.16.840.1.113883.3.88.11.83.15.1"/>
                                    <id root="9e83c6ed-cd3b-47d0-86ec-43a087b0c6b7"/>
                                    <code code="#MNLYM" codeSystemName="L" displayName="MAN LYMPH"/>
                                    <text>MAN LYMPH<reference value="#Observation_304eb0933f247a5eaa6055"/>
                                    </text>
                                    <statusCode code="completed"/>
                                    <effectiveTime value="201206190945-0800"/>
                                    <value xsi:type="PQ">21<reference value="#ObservationValue_d1426a97c54969422bf54f"/>
                                    </value>
                                    <interpretationCode code="N" codeSystem="2.16.840.1.113883.5.83" codeSystemName="Observation Interpretation" displayName="Normal"/>
                                    <referenceRange>
                                        <observationRange>
                                            <value xsi:type="IVL_PQ">
                                                <low value="19" unit="PERCENT"/>
                                                <high value="48" unit="PERCENT"/>
                                            </value>
                                        </observationRange>
                                    </referenceRange>
                                </observation>
                            </component>
                            <component>
                                <observation classCode="OBS" moodCode="EVN">
                                    <templateId root="2.16.840.1.113883.10.20.1.31"/>
                                    <templateId root="1.3.6.1.4.1.19376.1.5.3.1.4.13"/>
                                    <templateId root="2.16.840.1.113883.3.88.11.83.15.1"/>
                                    <id root="b082a8c0-26df-488e-a838-e05fc587e561"/>
                                    <code code="#MNMNO" codeSystemName="L" displayName="MAN MONO"/>
                                    <text>MAN MONO<reference value="#Observation_8b46cdb9327026abef2f83"/>
                                    </text>
                                    <statusCode code="completed"/>
                                    <effectiveTime value="201206190945-0800"/>
                                    <value xsi:type="PQ">8<reference value="#ObservationValue_524584b0731dae72d569e5"/>
                                    </value>
                                    <referenceRange>
                                        <observationRange>
                                            <value xsi:type="IVL_PQ">
                                                <low value="4" unit="PERCENT"/>
                                                <high value="9" unit="PERCENT"/>
                                            </value>
                                        </observationRange>
                                    </referenceRange>
                                </observation>
                            </component>
                            <component>
                                <observation classCode="OBS" moodCode="EVN">
                                    <templateId root="2.16.840.1.113883.10.20.1.31"/>
                                    <templateId root="1.3.6.1.4.1.19376.1.5.3.1.4.13"/>
                                    <templateId root="2.16.840.1.113883.3.88.11.83.15.1"/>
                                    <id root="af2b2fa1-041d-411f-844c-0f44be93f478"/>
                                    <code code="#MNEOS" codeSystemName="L" displayName="MAN EOS"/>
                                    <text>MAN EOS<reference value="#Observation_b148198315fc9a2be9f70e"/>
                                    </text>
                                    <statusCode code="completed"/>
                                    <effectiveTime value="201206190945-0800"/>
                                    <value xsi:type="PQ">3<reference value="#ObservationValue_f749239761fc7ecf9fbaf1"/>
                                    </value>
                                    <referenceRange>
                                        <observationRange>
                                            <value xsi:type="IVL_PQ">
                                                <low value="0" unit="PERCENT"/>
                                                <high value="7" unit="PERCENT"/>
                                            </value>
                                        </observationRange>
                                    </referenceRange>
                                </observation>
                            </component>
                            <component>
                                <observation classCode="OBS" moodCode="EVN">
                                    <templateId root="2.16.840.1.113883.10.20.1.31"/>
                                    <templateId root="1.3.6.1.4.1.19376.1.5.3.1.4.13"/>
                                    <templateId root="2.16.840.1.113883.3.88.11.83.15.1"/>
                                    <id root="67828049-e638-43de-961b-bf31f1269df6"/>
                                    <code code="#MNBAS" codeSystemName="L" displayName="MAN BASO"/>
                                    <text>MAN BASO<reference value="#Observation_394c85837c7427860dd088"/>
                                    </text>
                                    <statusCode code="completed"/>
                                    <effectiveTime value="201206190945-0800"/>
                                    <value xsi:type="PQ">0<reference value="#ObservationValue_7a4cde8c02d5045bec2f70"/>
                                    </value>
                                    <referenceRange>
                                        <observationRange>
                                            <value xsi:type="IVL_PQ">
                                                <low value="0" unit="PERCENT"/>
                                                <high value="2" unit="PERCENT"/>
                                            </value>
                                        </observationRange>
                                    </referenceRange>
                                </observation>
                            </component>
                            <component>
                                <observation classCode="OBS" moodCode="EVN">
                                    <templateId root="2.16.840.1.113883.10.20.1.31"/>
                                    <templateId root="1.3.6.1.4.1.19376.1.5.3.1.4.13"/>
                                    <templateId root="2.16.840.1.113883.3.88.11.83.15.1"/>
                                    <id root="3c8d9516-b64f-4fee-897d-b2e470f163eb"/>
                                    <code code="#MNMET" codeSystemName="L" displayName="MAN METAMYL"/>
                                    <text>MAN METAMYL<reference value="#Observation_b04221bffb5fdb3287c3b4"/>
                                    </text>
                                    <statusCode code="completed"/>
                                    <effectiveTime value="201206190945-0800"/>
                                    <value xsi:type="PQ">0<reference value="#ObservationValue_fc4db48dddcae5c1808b1e"/>
                                    </value>
                                    <referenceRange>
                                        <observationRange>
                                            <value xsi:type="IVL_PQ">
                                                <low value="0" unit="PERCENT"/>
                                                <high value="1" unit="PERCENT"/>
                                            </value>
                                        </observationRange>
                                    </referenceRange>
                                </observation>
                            </component>
                            <component>
                                <observation classCode="OBS" moodCode="EVN">
                                    <templateId root="2.16.840.1.113883.10.20.1.31"/>
                                    <templateId root="1.3.6.1.4.1.19376.1.5.3.1.4.13"/>
                                    <templateId root="2.16.840.1.113883.3.88.11.83.15.1"/>
                                    <id root="fed2ee21-d5af-4f52-931f-42d293441c4d"/>
                                    <code code="#MNMYL" codeSystemName="L" displayName="MAN MYELOCYTE"/>
                                    <text>MAN MYELOCYTE<reference value="#Observation_a940e88da8b12a0b535ab5"/>
                                    </text>
                                    <statusCode code="completed"/>
                                    <effectiveTime value="201206190945-0800"/>
                                    <value xsi:type="PQ">0<reference value="#ObservationValue_cf45a188bbac328e2c85a2"/>
                                    </value>
                                    <referenceRange>
                                        <observationRange>
                                            <value xsi:type="IVL_PQ">
                                                <low value="0" unit="PERCENT"/>
                                                <high value="1" unit="PERCENT"/>
                                            </value>
                                        </observationRange>
                                    </referenceRange>
                                </observation>
                            </component>
                            <component>
                                <observation classCode="OBS" moodCode="EVN">
                                    <templateId root="2.16.840.1.113883.10.20.1.31"/>
                                    <templateId root="1.3.6.1.4.1.19376.1.5.3.1.4.13"/>
                                    <templateId root="2.16.840.1.113883.3.88.11.83.15.1"/>
                                    <id root="9d96f3ca-9fed-45d1-9d12-dfee4681a4e6"/>
                                    <code code="#MNPRO" codeSystemName="L" displayName="MAN PROMYELO"/>
                                    <text>MAN PROMYELO<reference value="#Observation_184ec491c1fd90c52e1528"/>
                                    </text>
                                    <statusCode code="completed"/>
                                    <effectiveTime value="201206190945-0800"/>
                                    <value xsi:type="PQ">0<reference value="#ObservationValue_c441a09fea8b1e9ab208c1"/>
                                    </value>
                                    <referenceRange>
                                        <observationRange>
                                            <value xsi:type="IVL_PQ">
                                                <low value="0" unit="PERCENT"/>
                                                <high value="0" unit="PERCENT"/>
                                            </value>
                                        </observationRange>
                                    </referenceRange>
                                </observation>
                            </component>
                            <component>
                                <observation classCode="OBS" moodCode="EVN">
                                    <templateId root="2.16.840.1.113883.10.20.1.31"/>
                                    <templateId root="1.3.6.1.4.1.19376.1.5.3.1.4.13"/>
                                    <templateId root="2.16.840.1.113883.3.88.11.83.15.1"/>
                                    <id root="9af9be5c-6f05-4a87-95d1-d0bd1c2a1410"/>
                                    <code code="#MNBLS" codeSystemName="L" displayName="MAN BLASTS"/>
                                    <text>MAN BLASTS<reference value="#Observation_96435f86d626923a20e04c"/>
                                    </text>
                                    <statusCode code="completed"/>
                                    <effectiveTime value="201206190945-0800"/>
                                    <value xsi:type="PQ">0<reference value="#ObservationValue_75442cbae2061c1fb7ab61"/>
                                    </value>
                                    <referenceRange>
                                        <observationRange>
                                            <value xsi:type="IVL_PQ">
                                                <low value="0" unit="PERCENT"/>
                                                <high value="0" unit="PERCENT"/>
                                            </value>
                                        </observationRange>
                                    </referenceRange>
                                </observation>
                            </component>
                            <component>
                                <observation classCode="OBS" moodCode="EVN">
                                    <templateId root="2.16.840.1.113883.10.20.1.31"/>
                                    <templateId root="1.3.6.1.4.1.19376.1.5.3.1.4.13"/>
                                    <templateId root="2.16.840.1.113883.3.88.11.83.15.1"/>
                                    <id root="611d1633-72c5-4daa-b4d2-ea9fa3399e88"/>
                                    <code code="#ESPLT" codeSystemName="L" displayName="PLATELET (EST)"/>
                                    <text>PLATELET (EST)<reference value="#Observation_814574bdc1ae9d77d4ab88"/>
                                    </text>
                                    <statusCode code="completed"/>
                                    <effectiveTime value="201206190945-0800"/>
                                    <value xsi:type="ED">10-12<reference value="#ObservationValue_c643e4922885287d05e951"/>
                                    </value>
                                    <entryRelationship typeCode="SUBJ" inversionInd="true">
                                        <act classCode="ACT" moodCode="EVN">
                                            <templateId root="2.16.840.1.113883.10.20.1.40"/>
                                            <templateId root="2.16.840.1.113883.3.88.11.83.11"/>
                                            <templateId root="1.3.6.1.4.1.19376.1.5.3.1.4.2"/>
                                            <code code="48767-8" codeSystem="2.16.840.1.113883.6.1" codeSystemName="LOINC" displayName="Annotation Comment"/>
                                            <text>PLATELET COUNT CONSISTENT  WITH SLIDE REVIEW ESPLT  EACH PLATELET PER OIL IMMERSION FIELD REPRESENTS APPROXIMATELY        TWENTY THOUSAND PLATELETS PER CUBIC MILLIMETER.<reference value="Comment_bb4d40b0ffa021d3815e1b"/>
                                            </text>
                                            <statusCode code="completed"/>
                                        </act>
                                    </entryRelationship>
                                    <referenceRange>
                                        <observationRange>
                                            <value xsi:type="IVL_PQ">
                                                <low value="7" unit="PER_OIF"/>
                                                <high value="20" unit="PER_OIF"/>
                                            </value>
                                        </observationRange>
                                    </referenceRange>
                                </observation>
                            </component>
                        </organizer>
                    </entry>
                    <entry>
                        <organizer classCode="BATTERY" moodCode="EVN">
                            <templateId root="2.16.840.1.113883.10.20.1.32"/>
                            <id root="541bbe20-5806-4d14-9fec-c0f6f3d5e92d"/>
                            <code code="CBC" codeSystemName="L" displayName="CBC">
                                <translation code="LAB"/>
                            </code>
                            <statusCode code="completed"/>
                            <component>
                                <procedure classCode="PROC" moodCode="EVN">
                                    <templateId root="2.16.840.1.113883.10.20.1.29"/>
                                    <templateId root="1.3.6.1.4.1.19376.1.5.3.1.4.19"/>
                                    <templateId root="2.16.840.1.113883.3.88.11.83.17"/>
                                    <id root="7ad5cd2d-aae1-425d-93a9-33e973d5a12d"/>
                                    <code nullFlavor="NI">
                                        <originalText>CBC</originalText>
                                    </code>
                                    <text>CBC</text>
                                    <statusCode code="completed"/>
                                    <effectiveTime>
                                        <low value="201206260945-0800"/>
                                    </effectiveTime>
                                    <priorityCode code="S" codeSystem="2.16.840.1.113883.3.88.12.80.71" codeSystemName="Order Priority" displayName="Stat"/>
                                    <participant typeCode="RESP" contextControlCode="OP">
                                        <participantRole>
                                            <addr nullFlavor="NI"/>
                                            <playingEntity>
                                                <name>
                                                    <given>Unnamed</given>
                                                    <family>User</family>
                                                </name>
                                            </playingEntity>
                                        </participantRole>
                                    </participant>
                                    <participant typeCode="ATND" contextControlCode="OP">
                                        <participantRole>
                                            <addr nullFlavor="NI"/>
                                            <playingEntity>
                                                <name>
                                                    <given>Test</given>
                                                    <family>Userone</family>
                                                </name>
                                            </playingEntity>
                                        </participantRole>
                                    </participant>
                                    <participant typeCode="ADM" contextControlCode="OP">
                                        <participantRole>
                                            <addr nullFlavor="NI"/>
                                            <playingEntity>
                                                <name>
                                                    <given>Test</given>
                                                    <family>Faxuser</family>
                                                </name>
                                            </playingEntity>
                                        </participantRole>
                                    </participant>
                                    <participant typeCode="REF" contextControlCode="OP">
                                        <participantRole>
                                            <addr nullFlavor="NI"/>
                                            <playingEntity>
                                                <name>
                                                    <given>Test</given>
                                                    <family>Faxuser</family>
                                                </name>
                                            </playingEntity>
                                        </participantRole>
                                    </participant>
                                    <participant typeCode="ORG" contextControlCode="OP">
                                        <participantRole>
                                            <addr nullFlavor="NI"/>
                                            <telecom nullFlavor="NI"/>
                                            <playingEntity>
                                                <name>UniLab</name>
                                            </playingEntity>
                                        </participantRole>
                                    </participant>
                                </procedure>
                            </component>
                            <component>
                                <observation classCode="OBS" moodCode="EVN">
                                    <templateId root="2.16.840.1.113883.10.20.1.31"/>
                                    <templateId root="1.3.6.1.4.1.19376.1.5.3.1.4.13"/>
                                    <templateId root="2.16.840.1.113883.3.88.11.83.15.1"/>
                                    <id root="f5d9801c-0321-4687-a68e-89c6c4edab69"/>
                                    <code code="#WBC" codeSystemName="L" displayName="WBC"/>
                                    <text>WBC<reference value="#Observation_9a48c8845fd07601a62b7a"/>
                                    </text>
                                    <statusCode code="completed"/>
                                    <effectiveTime value="201206260945-0800"/>
                                    <value xsi:type="PQ">5.33<reference value="#ObservationValue_5248ada4f6cae671980930"/>
                                    </value>
                                    <referenceRange>
                                        <observationRange>
                                            <value xsi:type="IVL_PQ">
                                                <low value="4.80" unit="THOUSAND"/>
                                                <high value="10.80" unit="THOUSAND"/>
                                            </value>
                                        </observationRange>
                                    </referenceRange>
                                </observation>
                            </component>
                            <component>
                                <observation classCode="OBS" moodCode="EVN">
                                    <templateId root="2.16.840.1.113883.10.20.1.31"/>
                                    <templateId root="1.3.6.1.4.1.19376.1.5.3.1.4.13"/>
                                    <templateId root="2.16.840.1.113883.3.88.11.83.15.1"/>
                                    <id root="e5b22625-f2df-403f-a978-28a00ee1a90c"/>
                                    <code code="#HGB" codeSystemName="L" displayName="HGB"/>
                                    <text>HGB<reference value="#Observation_5244b7a692d333acc0662a"/>
                                    </text>
                                    <statusCode code="completed"/>
                                    <effectiveTime value="201206260945-0800"/>
                                    <value xsi:type="PQ">14.4<reference value="#ObservationValue_e244bbb6d2cc511a619325"/>
                                    </value>
                                    <referenceRange>
                                        <observationRange>
                                            <value xsi:type="IVL_PQ">
                                                <low value="14.0" unit="G/dl"/>
                                                <high value="18.0" unit="G/dl"/>
                                            </value>
                                        </observationRange>
                                    </referenceRange>
                                </observation>
                            </component>
                            <component>
                                <observation classCode="OBS" moodCode="EVN">
                                    <templateId root="2.16.840.1.113883.10.20.1.31"/>
                                    <templateId root="1.3.6.1.4.1.19376.1.5.3.1.4.13"/>
                                    <templateId root="2.16.840.1.113883.3.88.11.83.15.1"/>
                                    <id root="3a3aa3a4-5e5b-4758-867f-e80cabb677f7"/>
                                    <code code="#HCT" codeSystemName="L" displayName="HCT"/>
                                    <text>HCT<reference value="#Observation_704ca6959ac1a90a26081a"/>
                                    </text>
                                    <statusCode code="completed"/>
                                    <effectiveTime value="201206260945-0800"/>
                                    <value xsi:type="PQ">44.2<reference value="#ObservationValue_4742b095615b499f92be06"/>
                                    </value>
                                    <referenceRange>
                                        <observationRange>
                                            <value xsi:type="IVL_PQ">
                                                <low value="42.0" unit="PERCENT"/>
                                                <high value="54.0" unit="PERCENT"/>
                                            </value>
                                        </observationRange>
                                    </referenceRange>
                                </observation>
                            </component>
                            <component>
                                <observation classCode="OBS" moodCode="EVN">
                                    <templateId root="2.16.840.1.113883.10.20.1.31"/>
                                    <templateId root="1.3.6.1.4.1.19376.1.5.3.1.4.13"/>
                                    <templateId root="2.16.840.1.113883.3.88.11.83.15.1"/>
                                    <id root="3a7317ee-6fef-413f-a2a8-e29bc24d9d2a"/>
                                    <code code="#PLT" codeSystemName="L" displayName="PLATELETS"/>
                                    <text>PLATELETS<reference value="#Observation_634eebb4ede9031ca05595"/>
                                    </text>
                                    <statusCode code="completed"/>
                                    <effectiveTime value="201206260945-0800"/>
                                    <value xsi:type="PQ">137<reference value="#ObservationValue_6940ab93e936e2a259887a"/>
                                    </value>
                                    <interpretationCode code="N" codeSystem="2.16.840.1.113883.5.83" codeSystemName="Observation Interpretation" displayName="Normal"/>
                                    <referenceRange>
                                        <observationRange>
                                            <value xsi:type="IVL_PQ">
                                                <low value="130" unit="THOUSAND"/>
                                                <high value="400" unit="THOUSAND"/>
                                            </value>
                                        </observationRange>
                                    </referenceRange>
                                </observation>
                            </component>
                            <component>
                                <observation classCode="OBS" moodCode="EVN">
                                    <templateId root="2.16.840.1.113883.10.20.1.31"/>
                                    <templateId root="1.3.6.1.4.1.19376.1.5.3.1.4.13"/>
                                    <templateId root="2.16.840.1.113883.3.88.11.83.15.1"/>
                                    <id root="e206c135-009e-4253-b44c-d7e0c585f7ea"/>
                                    <code code="#RBC" codeSystemName="L" displayName="RBC"/>
                                    <text>RBC<reference value="#Observation_82419d9445b2e17121a6a4"/>
                                    </text>
                                    <statusCode code="completed"/>
                                    <effectiveTime value="201206260945-0800"/>
                                    <value xsi:type="PQ">4.81<reference value="#ObservationValue_bc4c368eabd7089b260878"/>
                                    </value>
                                    <referenceRange>
                                        <observationRange>
                                            <value xsi:type="IVL_PQ">
                                                <low value="4.70" unit="MILLION"/>
                                                <high value="6.10" unit="MILLION"/>
                                            </value>
                                        </observationRange>
                                    </referenceRange>
                                </observation>
                            </component>
                            <component>
                                <observation classCode="OBS" moodCode="EVN">
                                    <templateId root="2.16.840.1.113883.10.20.1.31"/>
                                    <templateId root="1.3.6.1.4.1.19376.1.5.3.1.4.13"/>
                                    <templateId root="2.16.840.1.113883.3.88.11.83.15.1"/>
                                    <id root="65ac2290-b2cb-4a35-a330-852d8fe50f37"/>
                                    <code code="#MCV" codeSystemName="L" displayName="MCV"/>
                                    <text>MCV<reference value="#Observation_4547b0b6dc93f6d6286003"/>
                                    </text>
                                    <statusCode code="completed"/>
                                    <effectiveTime value="201206260945-0800"/>
                                    <value xsi:type="PQ">92.2<reference value="#ObservationValue_f544459803c88ab167510b"/>
                                    </value>
                                    <referenceRange>
                                        <observationRange>
                                            <value xsi:type="IVL_PQ">
                                                <low value="83.0" unit="fl"/>
                                                <high value="99.0" unit="fl"/>
                                            </value>
                                        </observationRange>
                                    </referenceRange>
                                </observation>
                            </component>
                            <component>
                                <observation classCode="OBS" moodCode="EVN">
                                    <templateId root="2.16.840.1.113883.10.20.1.31"/>
                                    <templateId root="1.3.6.1.4.1.19376.1.5.3.1.4.13"/>
                                    <templateId root="2.16.840.1.113883.3.88.11.83.15.1"/>
                                    <id root="321c851b-2c68-4a83-9ad2-90472353b676"/>
                                    <code code="#MCH" codeSystemName="L" displayName="MCH"/>
                                    <text>MCH<reference value="#Observation_484bcebb5a0a8008e68dca"/>
                                    </text>
                                    <statusCode code="completed"/>
                                    <effectiveTime value="201206260945-0800"/>
                                    <value xsi:type="PQ">30.6<reference value="#ObservationValue_f3499a970073ffd762f431"/>
                                    </value>
                                    <referenceRange>
                                        <observationRange>
                                            <value xsi:type="IVL_PQ">
                                                <low value="27.0" unit="pg"/>
                                                <high value="32.0" unit="pg"/>
                                            </value>
                                        </observationRange>
                                    </referenceRange>
                                </observation>
                            </component>
                            <component>
                                <observation classCode="OBS" moodCode="EVN">
                                    <templateId root="2.16.840.1.113883.10.20.1.31"/>
                                    <templateId root="1.3.6.1.4.1.19376.1.5.3.1.4.13"/>
                                    <templateId root="2.16.840.1.113883.3.88.11.83.15.1"/>
                                    <id root="9d82c56c-ff60-45ae-839f-c25354b0097e"/>
                                    <code code="#MCHC" codeSystemName="L" displayName="MCHC"/>
                                    <text>MCHC<reference value="#Observation_c44d25b1f78404436cc9c9"/>
                                    </text>
                                    <statusCode code="completed"/>
                                    <effectiveTime value="201206260945-0800"/>
                                    <value xsi:type="PQ">33.3<reference value="#ObservationValue_a8474eae7d6cd3b2175409"/>
                                    </value>
                                    <referenceRange>
                                        <observationRange>
                                            <value xsi:type="IVL_PQ">
                                                <low value="32.0" unit="G/dl"/>
                                                <high value="37.0" unit="G/dl"/>
                                            </value>
                                        </observationRange>
                                    </referenceRange>
                                </observation>
                            </component>
                            <component>
                                <observation classCode="OBS" moodCode="EVN">
                                    <templateId root="2.16.840.1.113883.10.20.1.31"/>
                                    <templateId root="1.3.6.1.4.1.19376.1.5.3.1.4.13"/>
                                    <templateId root="2.16.840.1.113883.3.88.11.83.15.1"/>
                                    <id root="1d62cbdb-f432-418c-b9e1-dd1c83d2ce81"/>
                                    <code code="#RDW" codeSystemName="L" displayName="RDW"/>
                                    <text>RDW<reference value="#Observation_394aea942bce6201632166"/>
                                    </text>
                                    <statusCode code="completed"/>
                                    <effectiveTime value="201206260945-0800"/>
                                    <value xsi:type="PQ">13<reference value="#ObservationValue_734df794745844233d9c3a"/>
                                    </value>
                                    <interpretationCode code="N" codeSystem="2.16.840.1.113883.5.83" codeSystemName="Observation Interpretation" displayName="Normal"/>
                                    <referenceRange>
                                        <observationRange>
                                            <value xsi:type="IVL_PQ">
                                                <low value="11.5" unit="PERCENT"/>
                                                <high value="14.5" unit="PERCENT"/>
                                            </value>
                                        </observationRange>
                                    </referenceRange>
                                </observation>
                            </component>
                            <component>
                                <observation classCode="OBS" moodCode="EVN">
                                    <templateId root="2.16.840.1.113883.10.20.1.31"/>
                                    <templateId root="1.3.6.1.4.1.19376.1.5.3.1.4.13"/>
                                    <templateId root="2.16.840.1.113883.3.88.11.83.15.1"/>
                                    <id root="fb58ae0b-e9d4-44e6-b63a-acdfdef319ab"/>
                                    <code code="#NEUT" codeSystemName="L" displayName="NEUT"/>
                                    <text>NEUT<reference value="#Observation_e74a488281cdf224bc069e"/>
                                    </text>
                                    <statusCode code="completed"/>
                                    <effectiveTime value="201206260945-0800"/>
                                    <value xsi:type="PQ">68<reference value="#ObservationValue_e846d4a55ca1df02886685"/>
                                    </value>
                                    <interpretationCode code="N" codeSystem="2.16.840.1.113883.5.83" codeSystemName="Observation Interpretation" displayName="Normal"/>
                                    <referenceRange>
                                        <observationRange>
                                            <value xsi:type="IVL_PQ">
                                                <low value="40.0" unit="PERCENT"/>
                                                <high value="74.0" unit="PERCENT"/>
                                            </value>
                                        </observationRange>
                                    </referenceRange>
                                </observation>
                            </component>
                            <component>
                                <observation classCode="OBS" moodCode="EVN">
                                    <templateId root="2.16.840.1.113883.10.20.1.31"/>
                                    <templateId root="1.3.6.1.4.1.19376.1.5.3.1.4.13"/>
                                    <templateId root="2.16.840.1.113883.3.88.11.83.15.1"/>
                                    <id root="660b1e1b-be76-480e-a333-1aeeb858005f"/>
                                    <code code="#LYMPH" codeSystemName="L" displayName="LYMPH"/>
                                    <text>LYMPH<reference value="#Observation_99456cb3bab570ce36d175"/>
                                    </text>
                                    <statusCode code="completed"/>
                                    <effectiveTime value="201206260945-0800"/>
                                    <value xsi:type="PQ">19<reference value="#ObservationValue_e6410c889b7ed3a8dc4b73"/>
                                    </value>
                                    <interpretationCode code="N" codeSystem="2.16.840.1.113883.5.83" codeSystemName="Observation Interpretation" displayName="Normal"/>
                                    <referenceRange>
                                        <observationRange>
                                            <value xsi:type="IVL_PQ">
                                                <low value="19.0" unit="PERCENT"/>
                                                <high value="48.0" unit="PERCENT"/>
                                            </value>
                                        </observationRange>
                                    </referenceRange>
                                </observation>
                            </component>
                            <component>
                                <observation classCode="OBS" moodCode="EVN">
                                    <templateId root="2.16.840.1.113883.10.20.1.31"/>
                                    <templateId root="1.3.6.1.4.1.19376.1.5.3.1.4.13"/>
                                    <templateId root="2.16.840.1.113883.3.88.11.83.15.1"/>
                                    <id root="b260ff9a-9c20-4791-8587-d18993f2b59a"/>
                                    <code code="#MONO" codeSystemName="L" displayName="MONO"/>
                                    <text>MONO<reference value="#Observation_49451eb435ed17379e115a"/>
                                    </text>
                                    <statusCode code="completed"/>
                                    <effectiveTime value="201206260945-0800"/>
                                    <value xsi:type="PQ">8.7<reference value="#ObservationValue_6e4543a2850fefaca3f263"/>
                                    </value>
                                    <interpretationCode code="N" codeSystem="2.16.840.1.113883.5.83" codeSystemName="Observation Interpretation" displayName="Normal"/>
                                    <referenceRange>
                                        <observationRange>
                                            <value xsi:type="IVL_PQ">
                                                <low value="3.5" unit="PERCENT"/>
                                                <high value="9.0" unit="PERCENT"/>
                                            </value>
                                        </observationRange>
                                    </referenceRange>
                                </observation>
                            </component>
                            <component>
                                <observation classCode="OBS" moodCode="EVN">
                                    <templateId root="2.16.840.1.113883.10.20.1.31"/>
                                    <templateId root="1.3.6.1.4.1.19376.1.5.3.1.4.13"/>
                                    <templateId root="2.16.840.1.113883.3.88.11.83.15.1"/>
                                    <id root="3cfe6c82-0e39-4171-bd69-052f7827bfc2"/>
                                    <code code="#EOS" codeSystemName="L" displayName="EOS"/>
                                    <text>EOS<reference value="#Observation_8c424785f59a6d2e5bfbf6"/>
                                    </text>
                                    <statusCode code="completed"/>
                                    <effectiveTime value="201206260945-0800"/>
                                    <value xsi:type="PQ">0.7<reference value="#ObservationValue_734e92b258d81ecbd2bf9c"/>
                                    </value>
                                    <referenceRange>
                                        <observationRange>
                                            <value xsi:type="IVL_PQ">
                                                <low value="0.0" unit="PERCENT"/>
                                                <high value="7.0" unit="PERCENT"/>
                                            </value>
                                        </observationRange>
                                    </referenceRange>
                                </observation>
                            </component>
                            <component>
                                <observation classCode="OBS" moodCode="EVN">
                                    <templateId root="2.16.840.1.113883.10.20.1.31"/>
                                    <templateId root="1.3.6.1.4.1.19376.1.5.3.1.4.13"/>
                                    <templateId root="2.16.840.1.113883.3.88.11.83.15.1"/>
                                    <id root="53d3a3ba-73a4-46ad-a145-1491cd910141"/>
                                    <code code="#BASO" codeSystemName="L" displayName="BASO"/>
                                    <text>BASO<reference value="#Observation_85441a965052326973eef0"/>
                                    </text>
                                    <statusCode code="completed"/>
                                    <effectiveTime value="201206260945-0800"/>
                                    <value xsi:type="PQ">0.6<reference value="#ObservationValue_63473588349a8d6b76281f"/>
                                    </value>
                                    <referenceRange>
                                        <observationRange>
                                            <value xsi:type="IVL_PQ">
                                                <low value="0.0" unit="PERCENT"/>
                                                <high value="1.5" unit="PERCENT"/>
                                            </value>
                                        </observationRange>
                                    </referenceRange>
                                </observation>
                            </component>
                            <component>
                                <observation classCode="OBS" moodCode="EVN">
                                    <templateId root="2.16.840.1.113883.10.20.1.31"/>
                                    <templateId root="1.3.6.1.4.1.19376.1.5.3.1.4.13"/>
                                    <templateId root="2.16.840.1.113883.3.88.11.83.15.1"/>
                                    <id root="8f37ae17-6cc7-4344-9c0b-78807023199d"/>
                                    <code code="#LUC" codeSystemName="L" displayName="LGE UNST.CELL"/>
                                    <text>LGE UNST.CELL<reference value="#Observation_da4dff84aa950bd4790b9e"/>
                                    </text>
                                    <statusCode code="completed"/>
                                    <effectiveTime value="201206260945-0800"/>
                                    <value xsi:type="PQ">0.9<reference value="#ObservationValue_6a414f9f5c23db3a9b7105"/>
                                    </value>
                                    <referenceRange>
                                        <observationRange>
                                            <value xsi:type="IVL_PQ">
                                                <low value="0.0" unit="PERCENT"/>
                                                <high value="4.0" unit="PERCENT"/>
                                            </value>
                                        </observationRange>
                                    </referenceRange>
                                </observation>
                            </component>
                            <component>
                                <observation classCode="OBS" moodCode="EVN">
                                    <templateId root="2.16.840.1.113883.10.20.1.31"/>
                                    <templateId root="1.3.6.1.4.1.19376.1.5.3.1.4.13"/>
                                    <templateId root="2.16.840.1.113883.3.88.11.83.15.1"/>
                                    <id root="17b15fc9-08ed-48d1-944e-0f993e15f416"/>
                                    <code code="##NEUT" codeSystemName="L" displayName="NEUT ABS"/>
                                    <text>NEUT ABS<reference value="#Observation_d34a249f2890baa671c893"/>
                                    </text>
                                    <statusCode code="completed"/>
                                    <effectiveTime value="201206260945-0800"/>
                                    <value xsi:type="PQ">6.50<reference value="#ObservationValue_874c0d8dc37920bdfbccd3"/>
                                    </value>
                                    <referenceRange>
                                        <observationRange>
                                            <value xsi:type="IVL_PQ">
                                                <low value="1.90" unit="THOUSAND"/>
                                                <high value="8.00" unit="THOUSAND"/>
                                            </value>
                                        </observationRange>
                                    </referenceRange>
                                </observation>
                            </component>
                            <component>
                                <observation classCode="OBS" moodCode="EVN">
                                    <templateId root="2.16.840.1.113883.10.20.1.31"/>
                                    <templateId root="1.3.6.1.4.1.19376.1.5.3.1.4.13"/>
                                    <templateId root="2.16.840.1.113883.3.88.11.83.15.1"/>
                                    <id root="90268b9b-a226-4d98-a464-8752665ca2be"/>
                                    <code code="##LYMP" codeSystemName="L" displayName="LYMPH ABS"/>
                                    <text>LYMPH ABS<reference value="#Observation_4849b087405177d9863278"/>
                                    </text>
                                    <statusCode code="completed"/>
                                    <effectiveTime value="201206260945-0800"/>
                                    <value xsi:type="PQ">1.4<reference value="#ObservationValue_f548b8ae456e9f856b0210"/>
                                    </value>
                                    <interpretationCode code="N" codeSystem="2.16.840.1.113883.5.83" codeSystemName="Observation Interpretation" displayName="Normal"/>
                                    <referenceRange>
                                        <observationRange>
                                            <value xsi:type="IVL_PQ">
                                                <low value="0.90" unit="THOUSAND"/>
                                                <high value="5.20" unit="THOUSAND"/>
                                            </value>
                                        </observationRange>
                                    </referenceRange>
                                </observation>
                            </component>
                            <component>
                                <observation classCode="OBS" moodCode="EVN">
                                    <templateId root="2.16.840.1.113883.10.20.1.31"/>
                                    <templateId root="1.3.6.1.4.1.19376.1.5.3.1.4.13"/>
                                    <templateId root="2.16.840.1.113883.3.88.11.83.15.1"/>
                                    <id root="bca66e3c-53b5-4a99-a3f4-742c9e5cd0b2"/>
                                    <code code="##MONO" codeSystemName="L" displayName="MONO ABS"/>
                                    <text>MONO ABS<reference value="#Observation_044bfdbb68f5e4aff51c02"/>
                                    </text>
                                    <statusCode code="completed"/>
                                    <effectiveTime value="201206260945-0800"/>
                                    <value xsi:type="PQ">0.80<reference value="#ObservationValue_6c474eb74f733eb13423f7"/>
                                    </value>
                                    <referenceRange>
                                        <observationRange>
                                            <value xsi:type="IVL_PQ">
                                                <low value="0.16" unit="THOUSAND"/>
                                                <high value="1.00" unit="THOUSAND"/>
                                            </value>
                                        </observationRange>
                                    </referenceRange>
                                </observation>
                            </component>
                            <component>
                                <observation classCode="OBS" moodCode="EVN">
                                    <templateId root="2.16.840.1.113883.10.20.1.31"/>
                                    <templateId root="1.3.6.1.4.1.19376.1.5.3.1.4.13"/>
                                    <templateId root="2.16.840.1.113883.3.88.11.83.15.1"/>
                                    <id root="ace5012f-1c8f-47a9-9692-3467dfe0f7ae"/>
                                    <code code="EOS" codeSystemName="L" displayName="EOS ABS"/>
                                    <text>EOS ABS<reference value="#Observation_5b41809a7608acf255c127"/>
                                    </text>
                                    <statusCode code="completed"/>
                                    <effectiveTime value="201206260945-0800"/>
                                    <value xsi:type="PQ">0.07<reference value="#ObservationValue_894c7baa38b15bc638d515"/>
                                    </value>
                                    <referenceRange>
                                        <observationRange>
                                            <value xsi:type="IVL_PQ">
                                                <low value="0.00" unit="THOUSAND"/>
                                                <high value="0.80" unit="THOUSAND"/>
                                            </value>
                                        </observationRange>
                                    </referenceRange>
                                </observation>
                            </component>
                            <component>
                                <observation classCode="OBS" moodCode="EVN">
                                    <templateId root="2.16.840.1.113883.10.20.1.31"/>
                                    <templateId root="1.3.6.1.4.1.19376.1.5.3.1.4.13"/>
                                    <templateId root="2.16.840.1.113883.3.88.11.83.15.1"/>
                                    <id root="8ec826cb-3f76-42f3-a90d-f2a18e78e027"/>
                                    <code code="BASO" codeSystemName="L" displayName="BASO ABS"/>
                                    <text>BASO ABS<reference value="#Observation_7d4c6786e717e8efbbe4fa"/>
                                    </text>
                                    <statusCode code="completed"/>
                                    <effectiveTime value="201206260945-0800"/>
                                    <value xsi:type="PQ">0.08<reference value="#ObservationValue_3f4e9e9f5f927937cc9fc6"/>
                                    </value>
                                    <referenceRange>
                                        <observationRange>
                                            <value xsi:type="IVL_PQ">
                                                <low value="0.00" unit="THOUSAND"/>
                                                <high value="0.20" unit="THOUSAND"/>
                                            </value>
                                        </observationRange>
                                    </referenceRange>
                                </observation>
                            </component>
                            <component>
                                <observation classCode="OBS" moodCode="EVN">
                                    <templateId root="2.16.840.1.113883.10.20.1.31"/>
                                    <templateId root="1.3.6.1.4.1.19376.1.5.3.1.4.13"/>
                                    <templateId root="2.16.840.1.113883.3.88.11.83.15.1"/>
                                    <id root="ff2ad8a7-a1f5-45cf-91ac-560601b96f9b"/>
                                    <code code="##LUC" codeSystemName="L" displayName="LUC ABS"/>
                                    <text>LUC ABS<reference value="#Observation_16437f8f48d1afee31a83c"/>
                                    </text>
                                    <statusCode code="completed"/>
                                    <effectiveTime value="201206260945-0800"/>
                                    <value xsi:type="PQ">0.07<reference value="#ObservationValue_6c49b9a356481592990e0d"/>
                                    </value>
                                    <referenceRange>
                                        <observationRange>
                                            <value xsi:type="IVL_PQ">
                                                <low value="0.00" unit="THOUSAND"/>
                                                <high value="0.40" unit="THOUSAND"/>
                                            </value>
                                        </observationRange>
                                    </referenceRange>
                                </observation>
                            </component>
                            <component>
                                <observation classCode="OBS" moodCode="EVN">
                                    <templateId root="2.16.840.1.113883.10.20.1.31"/>
                                    <templateId root="1.3.6.1.4.1.19376.1.5.3.1.4.13"/>
                                    <templateId root="2.16.840.1.113883.3.88.11.83.15.1"/>
                                    <id root="de52bdb2-44e9-41e5-9344-4ed24669ac8b"/>
                                    <code code="#MNBND" codeSystemName="L" displayName="MAN BAND NEUT"/>
                                    <text>MAN BAND NEUT<reference value="#Observation_1446cb933e1885df326837"/>
                                    </text>
                                    <statusCode code="completed"/>
                                    <effectiveTime value="201206260945-0800"/>
                                    <value xsi:type="PQ">6<reference value="#ObservationValue_454fedba80f8c2425ba79a"/>
                                    </value>
                                    <interpretationCode code="N" codeSystem="2.16.840.1.113883.5.83" codeSystemName="Observation Interpretation" displayName="Normal"/>
                                    <referenceRange>
                                        <observationRange>
                                            <value xsi:type="IVL_PQ">
                                                <low value="0" unit="PERCENT"/>
                                                <high value="8" unit="PERCENT"/>
                                            </value>
                                        </observationRange>
                                    </referenceRange>
                                </observation>
                            </component>
                            <component>
                                <observation classCode="OBS" moodCode="EVN">
                                    <templateId root="2.16.840.1.113883.10.20.1.31"/>
                                    <templateId root="1.3.6.1.4.1.19376.1.5.3.1.4.13"/>
                                    <templateId root="2.16.840.1.113883.3.88.11.83.15.1"/>
                                    <id root="0a050297-0a2b-4ada-af49-c5f502718216"/>
                                    <code code="#MNSEG" codeSystemName="L" displayName="MAN SEG NEUT"/>
                                    <text>MAN SEG NEUT<reference value="#Observation_d24d838d9d2a3d8484a8d2"/>
                                    </text>
                                    <statusCode code="completed"/>
                                    <effectiveTime value="201206260945-0800"/>
                                    <value xsi:type="PQ">70<reference value="#ObservationValue_f34e89a4853f2c2bef644a"/>
                                    </value>
                                    <referenceRange>
                                        <observationRange>
                                            <value xsi:type="IVL_PQ">
                                                <low value="40" unit="PERCENT"/>
                                                <high value="74" unit="PERCENT"/>
                                            </value>
                                        </observationRange>
                                    </referenceRange>
                                </observation>
                            </component>
                            <component>
                                <observation classCode="OBS" moodCode="EVN">
                                    <templateId root="2.16.840.1.113883.10.20.1.31"/>
                                    <templateId root="1.3.6.1.4.1.19376.1.5.3.1.4.13"/>
                                    <templateId root="2.16.840.1.113883.3.88.11.83.15.1"/>
                                    <id root="9e83c6ed-cd3b-47d0-86ec-43a087b0c6b7"/>
                                    <code code="#MNLYM" codeSystemName="L" displayName="MAN LYMPH"/>
                                    <text>MAN LYMPH<reference value="#Observation_304eb0933f247a5eaa6055"/>
                                    </text>
                                    <statusCode code="completed"/>
                                    <effectiveTime value="201206260945-0800"/>
                                    <value xsi:type="PQ">21<reference value="#ObservationValue_d1426a97c54969422bf54f"/>
                                    </value>
                                    <interpretationCode code="N" codeSystem="2.16.840.1.113883.5.83" codeSystemName="Observation Interpretation" displayName="Normal"/>
                                    <referenceRange>
                                        <observationRange>
                                            <value xsi:type="IVL_PQ">
                                                <low value="19" unit="PERCENT"/>
                                                <high value="48" unit="PERCENT"/>
                                            </value>
                                        </observationRange>
                                    </referenceRange>
                                </observation>
                            </component>
                            <component>
                                <observation classCode="OBS" moodCode="EVN">
                                    <templateId root="2.16.840.1.113883.10.20.1.31"/>
                                    <templateId root="1.3.6.1.4.1.19376.1.5.3.1.4.13"/>
                                    <templateId root="2.16.840.1.113883.3.88.11.83.15.1"/>
                                    <id root="b082a8c0-26df-488e-a838-e05fc587e561"/>
                                    <code code="#MNMNO" codeSystemName="L" displayName="MAN MONO"/>
                                    <text>MAN MONO<reference value="#Observation_8b46cdb9327026abef2f83"/>
                                    </text>
                                    <statusCode code="completed"/>
                                    <effectiveTime value="201206260945-0800"/>
                                    <value xsi:type="PQ">8<reference value="#ObservationValue_524584b0731dae72d569e5"/>
                                    </value>
                                    <referenceRange>
                                        <observationRange>
                                            <value xsi:type="IVL_PQ">
                                                <low value="4" unit="PERCENT"/>
                                                <high value="9" unit="PERCENT"/>
                                            </value>
                                        </observationRange>
                                    </referenceRange>
                                </observation>
                            </component>
                            <component>
                                <observation classCode="OBS" moodCode="EVN">
                                    <templateId root="2.16.840.1.113883.10.20.1.31"/>
                                    <templateId root="1.3.6.1.4.1.19376.1.5.3.1.4.13"/>
                                    <templateId root="2.16.840.1.113883.3.88.11.83.15.1"/>
                                    <id root="af2b2fa1-041d-411f-844c-0f44be93f478"/>
                                    <code code="#MNEOS" codeSystemName="L" displayName="MAN EOS"/>
                                    <text>MAN EOS<reference value="#Observation_b148198315fc9a2be9f70e"/>
                                    </text>
                                    <statusCode code="completed"/>
                                    <effectiveTime value="201206260945-0800"/>
                                    <value xsi:type="PQ">3<reference value="#ObservationValue_f749239761fc7ecf9fbaf1"/>
                                    </value>
                                    <referenceRange>
                                        <observationRange>
                                            <value xsi:type="IVL_PQ">
                                                <low value="0" unit="PERCENT"/>
                                                <high value="7" unit="PERCENT"/>
                                            </value>
                                        </observationRange>
                                    </referenceRange>
                                </observation>
                            </component>
                            <component>
                                <observation classCode="OBS" moodCode="EVN">
                                    <templateId root="2.16.840.1.113883.10.20.1.31"/>
                                    <templateId root="1.3.6.1.4.1.19376.1.5.3.1.4.13"/>
                                    <templateId root="2.16.840.1.113883.3.88.11.83.15.1"/>
                                    <id root="67828049-e638-43de-961b-bf31f1269df6"/>
                                    <code code="#MNBAS" codeSystemName="L" displayName="MAN BASO"/>
                                    <text>MAN BASO<reference value="#Observation_394c85837c7427860dd088"/>
                                    </text>
                                    <statusCode code="completed"/>
                                    <effectiveTime value="201206260945-0800"/>
                                    <value xsi:type="PQ">0<reference value="#ObservationValue_7a4cde8c02d5045bec2f70"/>
                                    </value>
                                    <referenceRange>
                                        <observationRange>
                                            <value xsi:type="IVL_PQ">
                                                <low value="0" unit="PERCENT"/>
                                                <high value="2" unit="PERCENT"/>
                                            </value>
                                        </observationRange>
                                    </referenceRange>
                                </observation>
                            </component>
                            <component>
                                <observation classCode="OBS" moodCode="EVN">
                                    <templateId root="2.16.840.1.113883.10.20.1.31"/>
                                    <templateId root="1.3.6.1.4.1.19376.1.5.3.1.4.13"/>
                                    <templateId root="2.16.840.1.113883.3.88.11.83.15.1"/>
                                    <id root="3c8d9516-b64f-4fee-897d-b2e470f163eb"/>
                                    <code code="#MNMET" codeSystemName="L" displayName="MAN METAMYL"/>
                                    <text>MAN METAMYL<reference value="#Observation_b04221bffb5fdb3287c3b4"/>
                                    </text>
                                    <statusCode code="completed"/>
                                    <effectiveTime value="201206260945-0800"/>
                                    <value xsi:type="PQ">0<reference value="#ObservationValue_fc4db48dddcae5c1808b1e"/>
                                    </value>
                                    <referenceRange>
                                        <observationRange>
                                            <value xsi:type="IVL_PQ">
                                                <low value="0" unit="PERCENT"/>
                                                <high value="1" unit="PERCENT"/>
                                            </value>
                                        </observationRange>
                                    </referenceRange>
                                </observation>
                            </component>
                            <component>
                                <observation classCode="OBS" moodCode="EVN">
                                    <templateId root="2.16.840.1.113883.10.20.1.31"/>
                                    <templateId root="1.3.6.1.4.1.19376.1.5.3.1.4.13"/>
                                    <templateId root="2.16.840.1.113883.3.88.11.83.15.1"/>
                                    <id root="fed2ee21-d5af-4f52-931f-42d293441c4d"/>
                                    <code code="#MNMYL" codeSystemName="L" displayName="MAN MYELOCYTE"/>
                                    <text>MAN MYELOCYTE<reference value="#Observation_a940e88da8b12a0b535ab5"/>
                                    </text>
                                    <statusCode code="completed"/>
                                    <effectiveTime value="201206260945-0800"/>
                                    <value xsi:type="PQ">0<reference value="#ObservationValue_cf45a188bbac328e2c85a2"/>
                                    </value>
                                    <referenceRange>
                                        <observationRange>
                                            <value xsi:type="IVL_PQ">
                                                <low value="0" unit="PERCENT"/>
                                                <high value="1" unit="PERCENT"/>
                                            </value>
                                        </observationRange>
                                    </referenceRange>
                                </observation>
                            </component>
                            <component>
                                <observation classCode="OBS" moodCode="EVN">
                                    <templateId root="2.16.840.1.113883.10.20.1.31"/>
                                    <templateId root="1.3.6.1.4.1.19376.1.5.3.1.4.13"/>
                                    <templateId root="2.16.840.1.113883.3.88.11.83.15.1"/>
                                    <id root="9d96f3ca-9fed-45d1-9d12-dfee4681a4e6"/>
                                    <code code="#MNPRO" codeSystemName="L" displayName="MAN PROMYELO"/>
                                    <text>MAN PROMYELO<reference value="#Observation_184ec491c1fd90c52e1528"/>
                                    </text>
                                    <statusCode code="completed"/>
                                    <effectiveTime value="201206260945-0800"/>
                                    <value xsi:type="PQ">0<reference value="#ObservationValue_c441a09fea8b1e9ab208c1"/>
                                    </value>
                                    <referenceRange>
                                        <observationRange>
                                            <value xsi:type="IVL_PQ">
                                                <low value="0" unit="PERCENT"/>
                                                <high value="0" unit="PERCENT"/>
                                            </value>
                                        </observationRange>
                                    </referenceRange>
                                </observation>
                            </component>
                            <component>
                                <observation classCode="OBS" moodCode="EVN">
                                    <templateId root="2.16.840.1.113883.10.20.1.31"/>
                                    <templateId root="1.3.6.1.4.1.19376.1.5.3.1.4.13"/>
                                    <templateId root="2.16.840.1.113883.3.88.11.83.15.1"/>
                                    <id root="9af9be5c-6f05-4a87-95d1-d0bd1c2a1410"/>
                                    <code code="#MNBLS" codeSystemName="L" displayName="MAN BLASTS"/>
                                    <text>MAN BLASTS<reference value="#Observation_96435f86d626923a20e04c"/>
                                    </text>
                                    <statusCode code="completed"/>
                                    <effectiveTime value="201206260945-0800"/>
                                    <value xsi:type="PQ">0<reference value="#ObservationValue_75442cbae2061c1fb7ab61"/>
                                    </value>
                                    <referenceRange>
                                        <observationRange>
                                            <value xsi:type="IVL_PQ">
                                                <low value="0" unit="PERCENT"/>
                                                <high value="0" unit="PERCENT"/>
                                            </value>
                                        </observationRange>
                                    </referenceRange>
                                </observation>
                            </component>
                            <component>
                                <observation classCode="OBS" moodCode="EVN">
                                    <templateId root="2.16.840.1.113883.10.20.1.31"/>
                                    <templateId root="1.3.6.1.4.1.19376.1.5.3.1.4.13"/>
                                    <templateId root="2.16.840.1.113883.3.88.11.83.15.1"/>
                                    <id root="611d1633-72c5-4daa-b4d2-ea9fa3399e88"/>
                                    <code code="#ESPLT" codeSystemName="L" displayName="PLATELET (EST)"/>
                                    <text>PLATELET (EST)<reference value="#Observation_814574bdc1ae9d77d4ab88"/>
                                    </text>
                                    <statusCode code="completed"/>
                                    <effectiveTime value="201206260945-0800"/>
                                    <value xsi:type="ED">10-12<reference value="#ObservationValue_c643e4922885287d05e951"/>
                                    </value>
                                    <entryRelationship typeCode="SUBJ" inversionInd="true">
                                        <act classCode="ACT" moodCode="EVN">
                                            <templateId root="2.16.840.1.113883.10.20.1.40"/>
                                            <templateId root="2.16.840.1.113883.3.88.11.83.11"/>
                                            <templateId root="1.3.6.1.4.1.19376.1.5.3.1.4.2"/>
                                            <code code="48767-8" codeSystem="2.16.840.1.113883.6.1" codeSystemName="LOINC" displayName="Annotation Comment"/>
                                            <text>PLATELET COUNT CONSISTENT  WITH SLIDE REVIEW ESPLT  EACH PLATELET PER OIL IMMERSION FIELD REPRESENTS APPROXIMATELY        TWENTY THOUSAND PLATELETS PER CUBIC MILLIMETER.<reference value="Comment_bb4d40b0ffa021d3815e1b"/>
                                            </text>
                                            <statusCode code="completed"/>
                                        </act>
                                    </entryRelationship>
                                    <referenceRange>
                                        <observationRange>
                                            <value xsi:type="IVL_PQ">
                                                <low value="7" unit="PER_OIF"/>
                                                <high value="20" unit="PER_OIF"/>
                                            </value>
                                        </observationRange>
                                    </referenceRange>
                                </observation>
                            </component>
                        </organizer>
                    </entry>
                    <entry>
                        <organizer classCode="BATTERY" moodCode="EVN">
                            <templateId root="2.16.840.1.113883.10.20.1.32"/>
                            <id root="541bbe20-5806-4d14-9fec-c0f6f3d5e92d"/>
                            <code code="CBC" codeSystemName="L" displayName="CBC">
                                <translation code="LAB"/>
                            </code>
                            <statusCode code="completed"/>
                            <component>
                                <procedure classCode="PROC" moodCode="EVN">
                                    <templateId root="2.16.840.1.113883.10.20.1.29"/>
                                    <templateId root="1.3.6.1.4.1.19376.1.5.3.1.4.19"/>
                                    <templateId root="2.16.840.1.113883.3.88.11.83.17"/>
                                    <id root="7ad5cd2d-aae1-425d-93a9-33e973d5a12d"/>
                                    <code nullFlavor="NI">
                                        <originalText>CBC</originalText>
                                    </code>
                                    <text>CBC</text>
                                    <statusCode code="completed"/>
                                    <effectiveTime>
                                        <low value="201207030945-0800"/>
                                    </effectiveTime>
                                    <priorityCode code="S" codeSystem="2.16.840.1.113883.3.88.12.80.71" codeSystemName="Order Priority" displayName="Stat"/>
                                    <participant typeCode="RESP" contextControlCode="OP">
                                        <participantRole>
                                            <addr nullFlavor="NI"/>
                                            <playingEntity>
                                                <name>
                                                    <given>Unnamed</given>
                                                    <family>User</family>
                                                </name>
                                            </playingEntity>
                                        </participantRole>
                                    </participant>
                                    <participant typeCode="ATND" contextControlCode="OP">
                                        <participantRole>
                                            <addr nullFlavor="NI"/>
                                            <playingEntity>
                                                <name>
                                                    <given>Test</given>
                                                    <family>Userone</family>
                                                </name>
                                            </playingEntity>
                                        </participantRole>
                                    </participant>
                                    <participant typeCode="ADM" contextControlCode="OP">
                                        <participantRole>
                                            <addr nullFlavor="NI"/>
                                            <playingEntity>
                                                <name>
                                                    <given>Test</given>
                                                    <family>Faxuser</family>
                                                </name>
                                            </playingEntity>
                                        </participantRole>
                                    </participant>
                                    <participant typeCode="REF" contextControlCode="OP">
                                        <participantRole>
                                            <addr nullFlavor="NI"/>
                                            <playingEntity>
                                                <name>
                                                    <given>Test</given>
                                                    <family>Faxuser</family>
                                                </name>
                                            </playingEntity>
                                        </participantRole>
                                    </participant>
                                    <participant typeCode="ORG" contextControlCode="OP">
                                        <participantRole>
                                            <addr nullFlavor="NI"/>
                                            <telecom nullFlavor="NI"/>
                                            <playingEntity>
                                                <name>UniLab</name>
                                            </playingEntity>
                                        </participantRole>
                                    </participant>
                                </procedure>
                            </component>
                            <component>
                                <observation classCode="OBS" moodCode="EVN">
                                    <templateId root="2.16.840.1.113883.10.20.1.31"/>
                                    <templateId root="1.3.6.1.4.1.19376.1.5.3.1.4.13"/>
                                    <templateId root="2.16.840.1.113883.3.88.11.83.15.1"/>
                                    <id root="f5d9801c-0321-4687-a68e-89c6c4edab69"/>
                                    <code code="#WBC" codeSystemName="L" displayName="WBC"/>
                                    <text>WBC<reference value="#Observation_9a48c8845fd07601a62b7a"/>
                                    </text>
                                    <statusCode code="completed"/>
                                    <effectiveTime value="201207030945-0800"/>
                                    <value xsi:type="PQ">6.00<reference value="#ObservationValue_5248ada4f6cae671980930"/>
                                    </value>
                                    <referenceRange>
                                        <observationRange>
                                            <value xsi:type="IVL_PQ">
                                                <low value="4.80" unit="THOUSAND"/>
                                                <high value="10.80" unit="THOUSAND"/>
                                            </value>
                                        </observationRange>
                                    </referenceRange>
                                </observation>
                            </component>
                            <component>
                                <observation classCode="OBS" moodCode="EVN">
                                    <templateId root="2.16.840.1.113883.10.20.1.31"/>
                                    <templateId root="1.3.6.1.4.1.19376.1.5.3.1.4.13"/>
                                    <templateId root="2.16.840.1.113883.3.88.11.83.15.1"/>
                                    <id root="e5b22625-f2df-403f-a978-28a00ee1a90c"/>
                                    <code code="#HGB" codeSystemName="L" displayName="HGB"/>
                                    <text>HGB<reference value="#Observation_5244b7a692d333acc0662a"/>
                                    </text>
                                    <statusCode code="completed"/>
                                    <effectiveTime value="201207030945-0800"/>
                                    <value xsi:type="PQ">14.4<reference value="#ObservationValue_e244bbb6d2cc511a619325"/>
                                    </value>
                                    <referenceRange>
                                        <observationRange>
                                            <value xsi:type="IVL_PQ">
                                                <low value="14.0" unit="G/dl"/>
                                                <high value="18.0" unit="G/dl"/>
                                            </value>
                                        </observationRange>
                                    </referenceRange>
                                </observation>
                            </component>
                            <component>
                                <observation classCode="OBS" moodCode="EVN">
                                    <templateId root="2.16.840.1.113883.10.20.1.31"/>
                                    <templateId root="1.3.6.1.4.1.19376.1.5.3.1.4.13"/>
                                    <templateId root="2.16.840.1.113883.3.88.11.83.15.1"/>
                                    <id root="3a3aa3a4-5e5b-4758-867f-e80cabb677f7"/>
                                    <code code="#HCT" codeSystemName="L" displayName="HCT"/>
                                    <text>HCT<reference value="#Observation_704ca6959ac1a90a26081a"/>
                                    </text>
                                    <statusCode code="completed"/>
                                    <effectiveTime value="201207030945-0800"/>
                                    <value xsi:type="PQ">44.2<reference value="#ObservationValue_4742b095615b499f92be06"/>
                                    </value>
                                    <referenceRange>
                                        <observationRange>
                                            <value xsi:type="IVL_PQ">
                                                <low value="42.0" unit="PERCENT"/>
                                                <high value="54.0" unit="PERCENT"/>
                                            </value>
                                        </observationRange>
                                    </referenceRange>
                                </observation>
                            </component>
                            <component>
                                <observation classCode="OBS" moodCode="EVN">
                                    <templateId root="2.16.840.1.113883.10.20.1.31"/>
                                    <templateId root="1.3.6.1.4.1.19376.1.5.3.1.4.13"/>
                                    <templateId root="2.16.840.1.113883.3.88.11.83.15.1"/>
                                    <id root="3a7317ee-6fef-413f-a2a8-e29bc24d9d2a"/>
                                    <code code="#PLT" codeSystemName="L" displayName="PLATELETS"/>
                                    <text>PLATELETS<reference value="#Observation_634eebb4ede9031ca05595"/>
                                    </text>
                                    <statusCode code="completed"/>
                                    <effectiveTime value="201207030945-0800"/>
                                    <value xsi:type="PQ">137<reference value="#ObservationValue_6940ab93e936e2a259887a"/>
                                    </value>
                                    <interpretationCode code="N" codeSystem="2.16.840.1.113883.5.83" codeSystemName="Observation Interpretation" displayName="Normal"/>
                                    <referenceRange>
                                        <observationRange>
                                            <value xsi:type="IVL_PQ">
                                                <low value="130" unit="THOUSAND"/>
                                                <high value="400" unit="THOUSAND"/>
                                            </value>
                                        </observationRange>
                                    </referenceRange>
                                </observation>
                            </component>
                            <component>
                                <observation classCode="OBS" moodCode="EVN">
                                    <templateId root="2.16.840.1.113883.10.20.1.31"/>
                                    <templateId root="1.3.6.1.4.1.19376.1.5.3.1.4.13"/>
                                    <templateId root="2.16.840.1.113883.3.88.11.83.15.1"/>
                                    <id root="e206c135-009e-4253-b44c-d7e0c585f7ea"/>
                                    <code code="#RBC" codeSystemName="L" displayName="RBC"/>
                                    <text>RBC<reference value="#Observation_82419d9445b2e17121a6a4"/>
                                    </text>
                                    <statusCode code="completed"/>
                                    <effectiveTime value="201207030945-0800"/>
                                    <value xsi:type="PQ">4.81<reference value="#ObservationValue_bc4c368eabd7089b260878"/>
                                    </value>
                                    <referenceRange>
                                        <observationRange>
                                            <value xsi:type="IVL_PQ">
                                                <low value="4.70" unit="MILLION"/>
                                                <high value="6.10" unit="MILLION"/>
                                            </value>
                                        </observationRange>
                                    </referenceRange>
                                </observation>
                            </component>
                            <component>
                                <observation classCode="OBS" moodCode="EVN">
                                    <templateId root="2.16.840.1.113883.10.20.1.31"/>
                                    <templateId root="1.3.6.1.4.1.19376.1.5.3.1.4.13"/>
                                    <templateId root="2.16.840.1.113883.3.88.11.83.15.1"/>
                                    <id root="65ac2290-b2cb-4a35-a330-852d8fe50f37"/>
                                    <code code="#MCV" codeSystemName="L" displayName="MCV"/>
                                    <text>MCV<reference value="#Observation_4547b0b6dc93f6d6286003"/>
                                    </text>
                                    <statusCode code="completed"/>
                                    <effectiveTime value="201207030945-0800"/>
                                    <value xsi:type="PQ">92.2<reference value="#ObservationValue_f544459803c88ab167510b"/>
                                    </value>
                                    <referenceRange>
                                        <observationRange>
                                            <value xsi:type="IVL_PQ">
                                                <low value="83.0" unit="fl"/>
                                                <high value="99.0" unit="fl"/>
                                            </value>
                                        </observationRange>
                                    </referenceRange>
                                </observation>
                            </component>
                            <component>
                                <observation classCode="OBS" moodCode="EVN">
                                    <templateId root="2.16.840.1.113883.10.20.1.31"/>
                                    <templateId root="1.3.6.1.4.1.19376.1.5.3.1.4.13"/>
                                    <templateId root="2.16.840.1.113883.3.88.11.83.15.1"/>
                                    <id root="321c851b-2c68-4a83-9ad2-90472353b676"/>
                                    <code code="#MCH" codeSystemName="L" displayName="MCH"/>
                                    <text>MCH<reference value="#Observation_484bcebb5a0a8008e68dca"/>
                                    </text>
                                    <statusCode code="completed"/>
                                    <effectiveTime value="201207030945-0800"/>
                                    <value xsi:type="PQ">30.6<reference value="#ObservationValue_f3499a970073ffd762f431"/>
                                    </value>
                                    <referenceRange>
                                        <observationRange>
                                            <value xsi:type="IVL_PQ">
                                                <low value="27.0" unit="pg"/>
                                                <high value="32.0" unit="pg"/>
                                            </value>
                                        </observationRange>
                                    </referenceRange>
                                </observation>
                            </component>
                            <component>
                                <observation classCode="OBS" moodCode="EVN">
                                    <templateId root="2.16.840.1.113883.10.20.1.31"/>
                                    <templateId root="1.3.6.1.4.1.19376.1.5.3.1.4.13"/>
                                    <templateId root="2.16.840.1.113883.3.88.11.83.15.1"/>
                                    <id root="9d82c56c-ff60-45ae-839f-c25354b0097e"/>
                                    <code code="#MCHC" codeSystemName="L" displayName="MCHC"/>
                                    <text>MCHC<reference value="#Observation_c44d25b1f78404436cc9c9"/>
                                    </text>
                                    <statusCode code="completed"/>
                                    <effectiveTime value="201207030945-0800"/>
                                    <value xsi:type="PQ">33.3<reference value="#ObservationValue_a8474eae7d6cd3b2175409"/>
                                    </value>
                                    <referenceRange>
                                        <observationRange>
                                            <value xsi:type="IVL_PQ">
                                                <low value="32.0" unit="G/dl"/>
                                                <high value="37.0" unit="G/dl"/>
                                            </value>
                                        </observationRange>
                                    </referenceRange>
                                </observation>
                            </component>
                            <component>
                                <observation classCode="OBS" moodCode="EVN">
                                    <templateId root="2.16.840.1.113883.10.20.1.31"/>
                                    <templateId root="1.3.6.1.4.1.19376.1.5.3.1.4.13"/>
                                    <templateId root="2.16.840.1.113883.3.88.11.83.15.1"/>
                                    <id root="1d62cbdb-f432-418c-b9e1-dd1c83d2ce81"/>
                                    <code code="#RDW" codeSystemName="L" displayName="RDW"/>
                                    <text>RDW<reference value="#Observation_394aea942bce6201632166"/>
                                    </text>
                                    <statusCode code="completed"/>
                                    <effectiveTime value="201207030945-0800"/>
                                    <value xsi:type="PQ">13<reference value="#ObservationValue_734df794745844233d9c3a"/>
                                    </value>
                                    <interpretationCode code="N" codeSystem="2.16.840.1.113883.5.83" codeSystemName="Observation Interpretation" displayName="Normal"/>
                                    <referenceRange>
                                        <observationRange>
                                            <value xsi:type="IVL_PQ">
                                                <low value="11.5" unit="PERCENT"/>
                                                <high value="14.5" unit="PERCENT"/>
                                            </value>
                                        </observationRange>
                                    </referenceRange>
                                </observation>
                            </component>
                            <component>
                                <observation classCode="OBS" moodCode="EVN">
                                    <templateId root="2.16.840.1.113883.10.20.1.31"/>
                                    <templateId root="1.3.6.1.4.1.19376.1.5.3.1.4.13"/>
                                    <templateId root="2.16.840.1.113883.3.88.11.83.15.1"/>
                                    <id root="fb58ae0b-e9d4-44e6-b63a-acdfdef319ab"/>
                                    <code code="#NEUT" codeSystemName="L" displayName="NEUT"/>
                                    <text>NEUT<reference value="#Observation_e74a488281cdf224bc069e"/>
                                    </text>
                                    <statusCode code="completed"/>
                                    <effectiveTime value="201207030945-0800"/>
                                    <value xsi:type="PQ">68<reference value="#ObservationValue_e846d4a55ca1df02886685"/>
                                    </value>
                                    <interpretationCode code="N" codeSystem="2.16.840.1.113883.5.83" codeSystemName="Observation Interpretation" displayName="Normal"/>
                                    <referenceRange>
                                        <observationRange>
                                            <value xsi:type="IVL_PQ">
                                                <low value="40.0" unit="PERCENT"/>
                                                <high value="74.0" unit="PERCENT"/>
                                            </value>
                                        </observationRange>
                                    </referenceRange>
                                </observation>
                            </component>
                            <component>
                                <observation classCode="OBS" moodCode="EVN">
                                    <templateId root="2.16.840.1.113883.10.20.1.31"/>
                                    <templateId root="1.3.6.1.4.1.19376.1.5.3.1.4.13"/>
                                    <templateId root="2.16.840.1.113883.3.88.11.83.15.1"/>
                                    <id root="660b1e1b-be76-480e-a333-1aeeb858005f"/>
                                    <code code="#LYMPH" codeSystemName="L" displayName="LYMPH"/>
                                    <text>LYMPH<reference value="#Observation_99456cb3bab570ce36d175"/>
                                    </text>
                                    <statusCode code="completed"/>
                                    <effectiveTime value="201207030945-0800"/>
                                    <value xsi:type="PQ">18<reference value="#ObservationValue_e6410c889b7ed3a8dc4b73"/>
                                    </value>
                                    <interpretationCode code="N" codeSystem="2.16.840.1.113883.5.83" codeSystemName="Observation Interpretation" displayName="Normal"/>
                                    <referenceRange>
                                        <observationRange>
                                            <value xsi:type="IVL_PQ">
                                                <low value="19.0" unit="PERCENT"/>
                                                <high value="48.0" unit="PERCENT"/>
                                            </value>
                                        </observationRange>
                                    </referenceRange>
                                </observation>
                            </component>
                            <component>
                                <observation classCode="OBS" moodCode="EVN">
                                    <templateId root="2.16.840.1.113883.10.20.1.31"/>
                                    <templateId root="1.3.6.1.4.1.19376.1.5.3.1.4.13"/>
                                    <templateId root="2.16.840.1.113883.3.88.11.83.15.1"/>
                                    <id root="b260ff9a-9c20-4791-8587-d18993f2b59a"/>
                                    <code code="#MONO" codeSystemName="L" displayName="MONO"/>
                                    <text>MONO<reference value="#Observation_49451eb435ed17379e115a"/>
                                    </text>
                                    <statusCode code="completed"/>
                                    <effectiveTime value="201207030945-0800"/>
                                    <value xsi:type="PQ">8.7<reference value="#ObservationValue_6e4543a2850fefaca3f263"/>
                                    </value>
                                    <interpretationCode code="N" codeSystem="2.16.840.1.113883.5.83" codeSystemName="Observation Interpretation" displayName="Normal"/>
                                    <referenceRange>
                                        <observationRange>
                                            <value xsi:type="IVL_PQ">
                                                <low value="3.5" unit="PERCENT"/>
                                                <high value="9.0" unit="PERCENT"/>
                                            </value>
                                        </observationRange>
                                    </referenceRange>
                                </observation>
                            </component>
                            <component>
                                <observation classCode="OBS" moodCode="EVN">
                                    <templateId root="2.16.840.1.113883.10.20.1.31"/>
                                    <templateId root="1.3.6.1.4.1.19376.1.5.3.1.4.13"/>
                                    <templateId root="2.16.840.1.113883.3.88.11.83.15.1"/>
                                    <id root="3cfe6c82-0e39-4171-bd69-052f7827bfc2"/>
                                    <code code="#EOS" codeSystemName="L" displayName="EOS"/>
                                    <text>EOS<reference value="#Observation_8c424785f59a6d2e5bfbf6"/>
                                    </text>
                                    <statusCode code="completed"/>
                                    <effectiveTime value="201207030945-0800"/>
                                    <value xsi:type="PQ">0.7<reference value="#ObservationValue_734e92b258d81ecbd2bf9c"/>
                                    </value>
                                    <referenceRange>
                                        <observationRange>
                                            <value xsi:type="IVL_PQ">
                                                <low value="0.0" unit="PERCENT"/>
                                                <high value="7.0" unit="PERCENT"/>
                                            </value>
                                        </observationRange>
                                    </referenceRange>
                                </observation>
                            </component>
                            <component>
                                <observation classCode="OBS" moodCode="EVN">
                                    <templateId root="2.16.840.1.113883.10.20.1.31"/>
                                    <templateId root="1.3.6.1.4.1.19376.1.5.3.1.4.13"/>
                                    <templateId root="2.16.840.1.113883.3.88.11.83.15.1"/>
                                    <id root="53d3a3ba-73a4-46ad-a145-1491cd910141"/>
                                    <code code="#BASO" codeSystemName="L" displayName="BASO"/>
                                    <text>BASO<reference value="#Observation_85441a965052326973eef0"/>
                                    </text>
                                    <statusCode code="completed"/>
                                    <effectiveTime value="201207030945-0800"/>
                                    <value xsi:type="PQ">0.6<reference value="#ObservationValue_63473588349a8d6b76281f"/>
                                    </value>
                                    <referenceRange>
                                        <observationRange>
                                            <value xsi:type="IVL_PQ">
                                                <low value="0.0" unit="PERCENT"/>
                                                <high value="1.5" unit="PERCENT"/>
                                            </value>
                                        </observationRange>
                                    </referenceRange>
                                </observation>
                            </component>
                            <component>
                                <observation classCode="OBS" moodCode="EVN">
                                    <templateId root="2.16.840.1.113883.10.20.1.31"/>
                                    <templateId root="1.3.6.1.4.1.19376.1.5.3.1.4.13"/>
                                    <templateId root="2.16.840.1.113883.3.88.11.83.15.1"/>
                                    <id root="8f37ae17-6cc7-4344-9c0b-78807023199d"/>
                                    <code code="#LUC" codeSystemName="L" displayName="LGE UNST.CELL"/>
                                    <text>LGE UNST.CELL<reference value="#Observation_da4dff84aa950bd4790b9e"/>
                                    </text>
                                    <statusCode code="completed"/>
                                    <effectiveTime value="201207030945-0800"/>
                                    <value xsi:type="PQ">0.9<reference value="#ObservationValue_6a414f9f5c23db3a9b7105"/>
                                    </value>
                                    <referenceRange>
                                        <observationRange>
                                            <value xsi:type="IVL_PQ">
                                                <low value="0.0" unit="PERCENT"/>
                                                <high value="4.0" unit="PERCENT"/>
                                            </value>
                                        </observationRange>
                                    </referenceRange>
                                </observation>
                            </component>
                            <component>
                                <observation classCode="OBS" moodCode="EVN">
                                    <templateId root="2.16.840.1.113883.10.20.1.31"/>
                                    <templateId root="1.3.6.1.4.1.19376.1.5.3.1.4.13"/>
                                    <templateId root="2.16.840.1.113883.3.88.11.83.15.1"/>
                                    <id root="17b15fc9-08ed-48d1-944e-0f993e15f416"/>
                                    <code code="##NEUT" codeSystemName="L" displayName="NEUT ABS"/>
                                    <text>NEUT ABS<reference value="#Observation_d34a249f2890baa671c893"/>
                                    </text>
                                    <statusCode code="completed"/>
                                    <effectiveTime value="201207030945-0800"/>
                                    <value xsi:type="PQ">6.50<reference value="#ObservationValue_874c0d8dc37920bdfbccd3"/>
                                    </value>
                                    <referenceRange>
                                        <observationRange>
                                            <value xsi:type="IVL_PQ">
                                                <low value="1.90" unit="THOUSAND"/>
                                                <high value="8.00" unit="THOUSAND"/>
                                            </value>
                                        </observationRange>
                                    </referenceRange>
                                </observation>
                            </component>
                            <component>
                                <observation classCode="OBS" moodCode="EVN">
                                    <templateId root="2.16.840.1.113883.10.20.1.31"/>
                                    <templateId root="1.3.6.1.4.1.19376.1.5.3.1.4.13"/>
                                    <templateId root="2.16.840.1.113883.3.88.11.83.15.1"/>
                                    <id root="90268b9b-a226-4d98-a464-8752665ca2be"/>
                                    <code code="##LYMP" codeSystemName="L" displayName="LYMPH ABS"/>
                                    <text>LYMPH ABS<reference value="#Observation_4849b087405177d9863278"/>
                                    </text>
                                    <statusCode code="completed"/>
                                    <effectiveTime value="201207030945-0800"/>
                                    <value xsi:type="PQ">1.4<reference value="#ObservationValue_f548b8ae456e9f856b0210"/>
                                    </value>
                                    <interpretationCode code="N" codeSystem="2.16.840.1.113883.5.83" codeSystemName="Observation Interpretation" displayName="Normal"/>
                                    <referenceRange>
                                        <observationRange>
                                            <value xsi:type="IVL_PQ">
                                                <low value="0.90" unit="THOUSAND"/>
                                                <high value="5.20" unit="THOUSAND"/>
                                            </value>
                                        </observationRange>
                                    </referenceRange>
                                </observation>
                            </component>
                            <component>
                                <observation classCode="OBS" moodCode="EVN">
                                    <templateId root="2.16.840.1.113883.10.20.1.31"/>
                                    <templateId root="1.3.6.1.4.1.19376.1.5.3.1.4.13"/>
                                    <templateId root="2.16.840.1.113883.3.88.11.83.15.1"/>
                                    <id root="bca66e3c-53b5-4a99-a3f4-742c9e5cd0b2"/>
                                    <code code="##MONO" codeSystemName="L" displayName="MONO ABS"/>
                                    <text>MONO ABS<reference value="#Observation_044bfdbb68f5e4aff51c02"/>
                                    </text>
                                    <statusCode code="completed"/>
                                    <effectiveTime value="201207030945-0800"/>
                                    <value xsi:type="PQ">0.80<reference value="#ObservationValue_6c474eb74f733eb13423f7"/>
                                    </value>
                                    <referenceRange>
                                        <observationRange>
                                            <value xsi:type="IVL_PQ">
                                                <low value="0.16" unit="THOUSAND"/>
                                                <high value="1.00" unit="THOUSAND"/>
                                            </value>
                                        </observationRange>
                                    </referenceRange>
                                </observation>
                            </component>
                            <component>
                                <observation classCode="OBS" moodCode="EVN">
                                    <templateId root="2.16.840.1.113883.10.20.1.31"/>
                                    <templateId root="1.3.6.1.4.1.19376.1.5.3.1.4.13"/>
                                    <templateId root="2.16.840.1.113883.3.88.11.83.15.1"/>
                                    <id root="ace5012f-1c8f-47a9-9692-3467dfe0f7ae"/>
                                    <code code="EOS" codeSystemName="L" displayName="EOS ABS"/>
                                    <text>EOS ABS<reference value="#Observation_5b41809a7608acf255c127"/>
                                    </text>
                                    <statusCode code="completed"/>
                                    <effectiveTime value="201207030945-0800"/>
                                    <value xsi:type="PQ">0.07<reference value="#ObservationValue_894c7baa38b15bc638d515"/>
                                    </value>
                                    <referenceRange>
                                        <observationRange>
                                            <value xsi:type="IVL_PQ">
                                                <low value="0.00" unit="THOUSAND"/>
                                                <high value="0.80" unit="THOUSAND"/>
                                            </value>
                                        </observationRange>
                                    </referenceRange>
                                </observation>
                            </component>
                            <component>
                                <observation classCode="OBS" moodCode="EVN">
                                    <templateId root="2.16.840.1.113883.10.20.1.31"/>
                                    <templateId root="1.3.6.1.4.1.19376.1.5.3.1.4.13"/>
                                    <templateId root="2.16.840.1.113883.3.88.11.83.15.1"/>
                                    <id root="8ec826cb-3f76-42f3-a90d-f2a18e78e027"/>
                                    <code code="BASO" codeSystemName="L" displayName="BASO ABS"/>
                                    <text>BASO ABS<reference value="#Observation_7d4c6786e717e8efbbe4fa"/>
                                    </text>
                                    <statusCode code="completed"/>
                                    <effectiveTime value="201207030945-0800"/>
                                    <value xsi:type="PQ">0.08<reference value="#ObservationValue_3f4e9e9f5f927937cc9fc6"/>
                                    </value>
                                    <referenceRange>
                                        <observationRange>
                                            <value xsi:type="IVL_PQ">
                                                <low value="0.00" unit="THOUSAND"/>
                                                <high value="0.20" unit="THOUSAND"/>
                                            </value>
                                        </observationRange>
                                    </referenceRange>
                                </observation>
                            </component>
                            <component>
                                <observation classCode="OBS" moodCode="EVN">
                                    <templateId root="2.16.840.1.113883.10.20.1.31"/>
                                    <templateId root="1.3.6.1.4.1.19376.1.5.3.1.4.13"/>
                                    <templateId root="2.16.840.1.113883.3.88.11.83.15.1"/>
                                    <id root="ff2ad8a7-a1f5-45cf-91ac-560601b96f9b"/>
                                    <code code="##LUC" codeSystemName="L" displayName="LUC ABS"/>
                                    <text>LUC ABS<reference value="#Observation_16437f8f48d1afee31a83c"/>
                                    </text>
                                    <statusCode code="completed"/>
                                    <effectiveTime value="201207030945-0800"/>
                                    <value xsi:type="PQ">0.07<reference value="#ObservationValue_6c49b9a356481592990e0d"/>
                                    </value>
                                    <referenceRange>
                                        <observationRange>
                                            <value xsi:type="IVL_PQ">
                                                <low value="0.00" unit="THOUSAND"/>
                                                <high value="0.40" unit="THOUSAND"/>
                                            </value>
                                        </observationRange>
                                    </referenceRange>
                                </observation>
                            </component>
                            <component>
                                <observation classCode="OBS" moodCode="EVN">
                                    <templateId root="2.16.840.1.113883.10.20.1.31"/>
                                    <templateId root="1.3.6.1.4.1.19376.1.5.3.1.4.13"/>
                                    <templateId root="2.16.840.1.113883.3.88.11.83.15.1"/>
                                    <id root="de52bdb2-44e9-41e5-9344-4ed24669ac8b"/>
                                    <code code="#MNBND" codeSystemName="L" displayName="MAN BAND NEUT"/>
                                    <text>MAN BAND NEUT<reference value="#Observation_1446cb933e1885df326837"/>
                                    </text>
                                    <statusCode code="completed"/>
                                    <effectiveTime value="201207030945-0800"/>
                                    <value xsi:type="PQ">6<reference value="#ObservationValue_454fedba80f8c2425ba79a"/>
                                    </value>
                                    <interpretationCode code="N" codeSystem="2.16.840.1.113883.5.83" codeSystemName="Observation Interpretation" displayName="Normal"/>
                                    <referenceRange>
                                        <observationRange>
                                            <value xsi:type="IVL_PQ">
                                                <low value="0" unit="PERCENT"/>
                                                <high value="8" unit="PERCENT"/>
                                            </value>
                                        </observationRange>
                                    </referenceRange>
                                </observation>
                            </component>
                            <component>
                                <observation classCode="OBS" moodCode="EVN">
                                    <templateId root="2.16.840.1.113883.10.20.1.31"/>
                                    <templateId root="1.3.6.1.4.1.19376.1.5.3.1.4.13"/>
                                    <templateId root="2.16.840.1.113883.3.88.11.83.15.1"/>
                                    <id root="0a050297-0a2b-4ada-af49-c5f502718216"/>
                                    <code code="#MNSEG" codeSystemName="L" displayName="MAN SEG NEUT"/>
                                    <text>MAN SEG NEUT<reference value="#Observation_d24d838d9d2a3d8484a8d2"/>
                                    </text>
                                    <statusCode code="completed"/>
                                    <effectiveTime value="201207030945-0800"/>
                                    <value xsi:type="PQ">70<reference value="#ObservationValue_f34e89a4853f2c2bef644a"/>
                                    </value>
                                    <referenceRange>
                                        <observationRange>
                                            <value xsi:type="IVL_PQ">
                                                <low value="40" unit="PERCENT"/>
                                                <high value="74" unit="PERCENT"/>
                                            </value>
                                        </observationRange>
                                    </referenceRange>
                                </observation>
                            </component>
                            <component>
                                <observation classCode="OBS" moodCode="EVN">
                                    <templateId root="2.16.840.1.113883.10.20.1.31"/>
                                    <templateId root="1.3.6.1.4.1.19376.1.5.3.1.4.13"/>
                                    <templateId root="2.16.840.1.113883.3.88.11.83.15.1"/>
                                    <id root="9e83c6ed-cd3b-47d0-86ec-43a087b0c6b7"/>
                                    <code code="#MNLYM" codeSystemName="L" displayName="MAN LYMPH"/>
                                    <text>MAN LYMPH<reference value="#Observation_304eb0933f247a5eaa6055"/>
                                    </text>
                                    <statusCode code="completed"/>
                                    <effectiveTime value="201207030945-0800"/>
                                    <value xsi:type="PQ">21<reference value="#ObservationValue_d1426a97c54969422bf54f"/>
                                    </value>
                                    <interpretationCode code="N" codeSystem="2.16.840.1.113883.5.83" codeSystemName="Observation Interpretation" displayName="Normal"/>
                                    <referenceRange>
                                        <observationRange>
                                            <value xsi:type="IVL_PQ">
                                                <low value="19" unit="PERCENT"/>
                                                <high value="48" unit="PERCENT"/>
                                            </value>
                                        </observationRange>
                                    </referenceRange>
                                </observation>
                            </component>
                            <component>
                                <observation classCode="OBS" moodCode="EVN">
                                    <templateId root="2.16.840.1.113883.10.20.1.31"/>
                                    <templateId root="1.3.6.1.4.1.19376.1.5.3.1.4.13"/>
                                    <templateId root="2.16.840.1.113883.3.88.11.83.15.1"/>
                                    <id root="b082a8c0-26df-488e-a838-e05fc587e561"/>
                                    <code code="#MNMNO" codeSystemName="L" displayName="MAN MONO"/>
                                    <text>MAN MONO<reference value="#Observation_8b46cdb9327026abef2f83"/>
                                    </text>
                                    <statusCode code="completed"/>
                                    <effectiveTime value="201207030945-0800"/>
                                    <value xsi:type="PQ">8<reference value="#ObservationValue_524584b0731dae72d569e5"/>
                                    </value>
                                    <referenceRange>
                                        <observationRange>
                                            <value xsi:type="IVL_PQ">
                                                <low value="4" unit="PERCENT"/>
                                                <high value="9" unit="PERCENT"/>
                                            </value>
                                        </observationRange>
                                    </referenceRange>
                                </observation>
                            </component>
                            <component>
                                <observation classCode="OBS" moodCode="EVN">
                                    <templateId root="2.16.840.1.113883.10.20.1.31"/>
                                    <templateId root="1.3.6.1.4.1.19376.1.5.3.1.4.13"/>
                                    <templateId root="2.16.840.1.113883.3.88.11.83.15.1"/>
                                    <id root="af2b2fa1-041d-411f-844c-0f44be93f478"/>
                                    <code code="#MNEOS" codeSystemName="L" displayName="MAN EOS"/>
                                    <text>MAN EOS<reference value="#Observation_b148198315fc9a2be9f70e"/>
                                    </text>
                                    <statusCode code="completed"/>
                                    <effectiveTime value="201207030945-0800"/>
                                    <value xsi:type="PQ">3<reference value="#ObservationValue_f749239761fc7ecf9fbaf1"/>
                                    </value>
                                    <referenceRange>
                                        <observationRange>
                                            <value xsi:type="IVL_PQ">
                                                <low value="0" unit="PERCENT"/>
                                                <high value="7" unit="PERCENT"/>
                                            </value>
                                        </observationRange>
                                    </referenceRange>
                                </observation>
                            </component>
                            <component>
                                <observation classCode="OBS" moodCode="EVN">
                                    <templateId root="2.16.840.1.113883.10.20.1.31"/>
                                    <templateId root="1.3.6.1.4.1.19376.1.5.3.1.4.13"/>
                                    <templateId root="2.16.840.1.113883.3.88.11.83.15.1"/>
                                    <id root="67828049-e638-43de-961b-bf31f1269df6"/>
                                    <code code="#MNBAS" codeSystemName="L" displayName="MAN BASO"/>
                                    <text>MAN BASO<reference value="#Observation_394c85837c7427860dd088"/>
                                    </text>
                                    <statusCode code="completed"/>
                                    <effectiveTime value="201207030945-0800"/>
                                    <value xsi:type="PQ">0<reference value="#ObservationValue_7a4cde8c02d5045bec2f70"/>
                                    </value>
                                    <referenceRange>
                                        <observationRange>
                                            <value xsi:type="IVL_PQ">
                                                <low value="0" unit="PERCENT"/>
                                                <high value="2" unit="PERCENT"/>
                                            </value>
                                        </observationRange>
                                    </referenceRange>
                                </observation>
                            </component>
                            <component>
                                <observation classCode="OBS" moodCode="EVN">
                                    <templateId root="2.16.840.1.113883.10.20.1.31"/>
                                    <templateId root="1.3.6.1.4.1.19376.1.5.3.1.4.13"/>
                                    <templateId root="2.16.840.1.113883.3.88.11.83.15.1"/>
                                    <id root="3c8d9516-b64f-4fee-897d-b2e470f163eb"/>
                                    <code code="#MNMET" codeSystemName="L" displayName="MAN METAMYL"/>
                                    <text>MAN METAMYL<reference value="#Observation_b04221bffb5fdb3287c3b4"/>
                                    </text>
                                    <statusCode code="completed"/>
                                    <effectiveTime value="201207030945-0800"/>
                                    <value xsi:type="PQ">0<reference value="#ObservationValue_fc4db48dddcae5c1808b1e"/>
                                    </value>
                                    <referenceRange>
                                        <observationRange>
                                            <value xsi:type="IVL_PQ">
                                                <low value="0" unit="PERCENT"/>
                                                <high value="1" unit="PERCENT"/>
                                            </value>
                                        </observationRange>
                                    </referenceRange>
                                </observation>
                            </component>
                            <component>
                                <observation classCode="OBS" moodCode="EVN">
                                    <templateId root="2.16.840.1.113883.10.20.1.31"/>
                                    <templateId root="1.3.6.1.4.1.19376.1.5.3.1.4.13"/>
                                    <templateId root="2.16.840.1.113883.3.88.11.83.15.1"/>
                                    <id root="fed2ee21-d5af-4f52-931f-42d293441c4d"/>
                                    <code code="#MNMYL" codeSystemName="L" displayName="MAN MYELOCYTE"/>
                                    <text>MAN MYELOCYTE<reference value="#Observation_a940e88da8b12a0b535ab5"/>
                                    </text>
                                    <statusCode code="completed"/>
                                    <effectiveTime value="201207030945-0800"/>
                                    <value xsi:type="PQ">0<reference value="#ObservationValue_cf45a188bbac328e2c85a2"/>
                                    </value>
                                    <referenceRange>
                                        <observationRange>
                                            <value xsi:type="IVL_PQ">
                                                <low value="0" unit="PERCENT"/>
                                                <high value="1" unit="PERCENT"/>
                                            </value>
                                        </observationRange>
                                    </referenceRange>
                                </observation>
                            </component>
                            <component>
                                <observation classCode="OBS" moodCode="EVN">
                                    <templateId root="2.16.840.1.113883.10.20.1.31"/>
                                    <templateId root="1.3.6.1.4.1.19376.1.5.3.1.4.13"/>
                                    <templateId root="2.16.840.1.113883.3.88.11.83.15.1"/>
                                    <id root="9d96f3ca-9fed-45d1-9d12-dfee4681a4e6"/>
                                    <code code="#MNPRO" codeSystemName="L" displayName="MAN PROMYELO"/>
                                    <text>MAN PROMYELO<reference value="#Observation_184ec491c1fd90c52e1528"/>
                                    </text>
                                    <statusCode code="completed"/>
                                    <effectiveTime value="201207030945-0800"/>
                                    <value xsi:type="PQ">0<reference value="#ObservationValue_c441a09fea8b1e9ab208c1"/>
                                    </value>
                                    <referenceRange>
                                        <observationRange>
                                            <value xsi:type="IVL_PQ">
                                                <low value="0" unit="PERCENT"/>
                                                <high value="0" unit="PERCENT"/>
                                            </value>
                                        </observationRange>
                                    </referenceRange>
                                </observation>
                            </component>
                            <component>
                                <observation classCode="OBS" moodCode="EVN">
                                    <templateId root="2.16.840.1.113883.10.20.1.31"/>
                                    <templateId root="1.3.6.1.4.1.19376.1.5.3.1.4.13"/>
                                    <templateId root="2.16.840.1.113883.3.88.11.83.15.1"/>
                                    <id root="9af9be5c-6f05-4a87-95d1-d0bd1c2a1410"/>
                                    <code code="#MNBLS" codeSystemName="L" displayName="MAN BLASTS"/>
                                    <text>MAN BLASTS<reference value="#Observation_96435f86d626923a20e04c"/>
                                    </text>
                                    <statusCode code="completed"/>
                                    <effectiveTime value="201207030945-0800"/>
                                    <value xsi:type="PQ">0<reference value="#ObservationValue_75442cbae2061c1fb7ab61"/>
                                    </value>
                                    <referenceRange>
                                        <observationRange>
                                            <value xsi:type="IVL_PQ">
                                                <low value="0" unit="PERCENT"/>
                                                <high value="0" unit="PERCENT"/>
                                            </value>
                                        </observationRange>
                                    </referenceRange>
                                </observation>
                            </component>
                            <component>
                                <observation classCode="OBS" moodCode="EVN">
                                    <templateId root="2.16.840.1.113883.10.20.1.31"/>
                                    <templateId root="1.3.6.1.4.1.19376.1.5.3.1.4.13"/>
                                    <templateId root="2.16.840.1.113883.3.88.11.83.15.1"/>
                                    <id root="611d1633-72c5-4daa-b4d2-ea9fa3399e88"/>
                                    <code code="#ESPLT" codeSystemName="L" displayName="PLATELET (EST)"/>
                                    <text>PLATELET (EST)<reference value="#Observation_814574bdc1ae9d77d4ab88"/>
                                    </text>
                                    <statusCode code="completed"/>
                                    <effectiveTime value="201207030945-0800"/>
                                    <value xsi:type="ED">10-12<reference value="#ObservationValue_c643e4922885287d05e951"/>
                                    </value>
                                    <entryRelationship typeCode="SUBJ" inversionInd="true">
                                        <act classCode="ACT" moodCode="EVN">
                                            <templateId root="2.16.840.1.113883.10.20.1.40"/>
                                            <templateId root="2.16.840.1.113883.3.88.11.83.11"/>
                                            <templateId root="1.3.6.1.4.1.19376.1.5.3.1.4.2"/>
                                            <code code="48767-8" codeSystem="2.16.840.1.113883.6.1" codeSystemName="LOINC" displayName="Annotation Comment"/>
                                            <text>PLATELET COUNT CONSISTENT  WITH SLIDE REVIEW ESPLT  EACH PLATELET PER OIL IMMERSION FIELD REPRESENTS APPROXIMATELY        TWENTY THOUSAND PLATELETS PER CUBIC MILLIMETER.<reference value="Comment_bb4d40b0ffa021d3815e1b"/>
                                            </text>
                                            <statusCode code="completed"/>
                                        </act>
                                    </entryRelationship>
                                    <referenceRange>
                                        <observationRange>
                                            <value xsi:type="IVL_PQ">
                                                <low value="7" unit="PER_OIF"/>
                                                <high value="20" unit="PER_OIF"/>
                                            </value>
                                        </observationRange>
                                    </referenceRange>
                                </observation>
                            </component>
                        </organizer>
                    </entry>
                    <entry>
                        <organizer classCode="BATTERY" moodCode="EVN">
                            <templateId root="2.16.840.1.113883.10.20.1.32"/>
                            <id root="541bbe20-5806-4d14-9fec-c0f6f3d5e92d"/>
                            <code code="CBC" codeSystemName="L" displayName="CBC">
                                <translation code="LAB"/>
                            </code>
                            <statusCode code="completed"/>
                            <component>
                                <procedure classCode="PROC" moodCode="EVN">
                                    <templateId root="2.16.840.1.113883.10.20.1.29"/>
                                    <templateId root="1.3.6.1.4.1.19376.1.5.3.1.4.19"/>
                                    <templateId root="2.16.840.1.113883.3.88.11.83.17"/>
                                    <id root="7ad5cd2d-aae1-425d-93a9-33e973d5a12d"/>
                                    <code nullFlavor="NI">
                                        <originalText>CBC</originalText>
                                    </code>
                                    <text>CBC</text>
                                    <statusCode code="completed"/>
                                    <effectiveTime>
                                        <low value="201207100945-0800"/>
                                    </effectiveTime>
                                    <priorityCode code="S" codeSystem="2.16.840.1.113883.3.88.12.80.71" codeSystemName="Order Priority" displayName="Stat"/>
                                    <participant typeCode="RESP" contextControlCode="OP">
                                        <participantRole>
                                            <addr nullFlavor="NI"/>
                                            <playingEntity>
                                                <name>
                                                    <given>Unnamed</given>
                                                    <family>User</family>
                                                </name>
                                            </playingEntity>
                                        </participantRole>
                                    </participant>
                                    <participant typeCode="ATND" contextControlCode="OP">
                                        <participantRole>
                                            <addr nullFlavor="NI"/>
                                            <playingEntity>
                                                <name>
                                                    <given>Test</given>
                                                    <family>Userone</family>
                                                </name>
                                            </playingEntity>
                                        </participantRole>
                                    </participant>
                                    <participant typeCode="ADM" contextControlCode="OP">
                                        <participantRole>
                                            <addr nullFlavor="NI"/>
                                            <playingEntity>
                                                <name>
                                                    <given>Test</given>
                                                    <family>Faxuser</family>
                                                </name>
                                            </playingEntity>
                                        </participantRole>
                                    </participant>
                                    <participant typeCode="REF" contextControlCode="OP">
                                        <participantRole>
                                            <addr nullFlavor="NI"/>
                                            <playingEntity>
                                                <name>
                                                    <given>Test</given>
                                                    <family>Faxuser</family>
                                                </name>
                                            </playingEntity>
                                        </participantRole>
                                    </participant>
                                    <participant typeCode="ORG" contextControlCode="OP">
                                        <participantRole>
                                            <addr nullFlavor="NI"/>
                                            <telecom nullFlavor="NI"/>
                                            <playingEntity>
                                                <name>UniLab</name>
                                            </playingEntity>
                                        </participantRole>
                                    </participant>
                                </procedure>
                            </component>
                            <component>
                                <observation classCode="OBS" moodCode="EVN">
                                    <templateId root="2.16.840.1.113883.10.20.1.31"/>
                                    <templateId root="1.3.6.1.4.1.19376.1.5.3.1.4.13"/>
                                    <templateId root="2.16.840.1.113883.3.88.11.83.15.1"/>
                                    <id root="f5d9801c-0321-4687-a68e-89c6c4edab69"/>
                                    <code code="#WBC" codeSystemName="L" displayName="WBC"/>
                                    <text>WBC<reference value="#Observation_9a48c8845fd07601a62b7a"/>
                                    </text>
                                    <statusCode code="completed"/>
                                    <effectiveTime value="201207100945-0800"/>
                                    <value xsi:type="PQ">5.88<reference value="#ObservationValue_5248ada4f6cae671980930"/>
                                    </value>
                                    <referenceRange>
                                        <observationRange>
                                            <value xsi:type="IVL_PQ">
                                                <low value="4.80" unit="THOUSAND"/>
                                                <high value="10.80" unit="THOUSAND"/>
                                            </value>
                                        </observationRange>
                                    </referenceRange>
                                </observation>
                            </component>
                            <component>
                                <observation classCode="OBS" moodCode="EVN">
                                    <templateId root="2.16.840.1.113883.10.20.1.31"/>
                                    <templateId root="1.3.6.1.4.1.19376.1.5.3.1.4.13"/>
                                    <templateId root="2.16.840.1.113883.3.88.11.83.15.1"/>
                                    <id root="e5b22625-f2df-403f-a978-28a00ee1a90c"/>
                                    <code code="#HGB" codeSystemName="L" displayName="HGB"/>
                                    <text>HGB<reference value="#Observation_5244b7a692d333acc0662a"/>
                                    </text>
                                    <statusCode code="completed"/>
                                    <effectiveTime value="201207100945-0800"/>
                                    <value xsi:type="PQ">14.4<reference value="#ObservationValue_e244bbb6d2cc511a619325"/>
                                    </value>
                                    <referenceRange>
                                        <observationRange>
                                            <value xsi:type="IVL_PQ">
                                                <low value="14.0" unit="G/dl"/>
                                                <high value="18.0" unit="G/dl"/>
                                            </value>
                                        </observationRange>
                                    </referenceRange>
                                </observation>
                            </component>
                            <component>
                                <observation classCode="OBS" moodCode="EVN">
                                    <templateId root="2.16.840.1.113883.10.20.1.31"/>
                                    <templateId root="1.3.6.1.4.1.19376.1.5.3.1.4.13"/>
                                    <templateId root="2.16.840.1.113883.3.88.11.83.15.1"/>
                                    <id root="3a3aa3a4-5e5b-4758-867f-e80cabb677f7"/>
                                    <code code="#HCT" codeSystemName="L" displayName="HCT"/>
                                    <text>HCT<reference value="#Observation_704ca6959ac1a90a26081a"/>
                                    </text>
                                    <statusCode code="completed"/>
                                    <effectiveTime value="201207100945-0800"/>
                                    <value xsi:type="PQ">44.2<reference value="#ObservationValue_4742b095615b499f92be06"/>
                                    </value>
                                    <referenceRange>
                                        <observationRange>
                                            <value xsi:type="IVL_PQ">
                                                <low value="42.0" unit="PERCENT"/>
                                                <high value="54.0" unit="PERCENT"/>
                                            </value>
                                        </observationRange>
                                    </referenceRange>
                                </observation>
                            </component>
                            <component>
                                <observation classCode="OBS" moodCode="EVN">
                                    <templateId root="2.16.840.1.113883.10.20.1.31"/>
                                    <templateId root="1.3.6.1.4.1.19376.1.5.3.1.4.13"/>
                                    <templateId root="2.16.840.1.113883.3.88.11.83.15.1"/>
                                    <id root="3a7317ee-6fef-413f-a2a8-e29bc24d9d2a"/>
                                    <code code="#PLT" codeSystemName="L" displayName="PLATELETS"/>
                                    <text>PLATELETS<reference value="#Observation_634eebb4ede9031ca05595"/>
                                    </text>
                                    <statusCode code="completed"/>
                                    <effectiveTime value="201207100945-0800"/>
                                    <value xsi:type="PQ">137<reference value="#ObservationValue_6940ab93e936e2a259887a"/>
                                    </value>
                                    <interpretationCode code="N" codeSystem="2.16.840.1.113883.5.83" codeSystemName="Observation Interpretation" displayName="Normal"/>
                                    <referenceRange>
                                        <observationRange>
                                            <value xsi:type="IVL_PQ">
                                                <low value="130" unit="THOUSAND"/>
                                                <high value="400" unit="THOUSAND"/>
                                            </value>
                                        </observationRange>
                                    </referenceRange>
                                </observation>
                            </component>
                            <component>
                                <observation classCode="OBS" moodCode="EVN">
                                    <templateId root="2.16.840.1.113883.10.20.1.31"/>
                                    <templateId root="1.3.6.1.4.1.19376.1.5.3.1.4.13"/>
                                    <templateId root="2.16.840.1.113883.3.88.11.83.15.1"/>
                                    <id root="e206c135-009e-4253-b44c-d7e0c585f7ea"/>
                                    <code code="#RBC" codeSystemName="L" displayName="RBC"/>
                                    <text>RBC<reference value="#Observation_82419d9445b2e17121a6a4"/>
                                    </text>
                                    <statusCode code="completed"/>
                                    <effectiveTime value="201207100945-0800"/>
                                    <value xsi:type="PQ">4.81<reference value="#ObservationValue_bc4c368eabd7089b260878"/>
                                    </value>
                                    <referenceRange>
                                        <observationRange>
                                            <value xsi:type="IVL_PQ">
                                                <low value="4.70" unit="MILLION"/>
                                                <high value="6.10" unit="MILLION"/>
                                            </value>
                                        </observationRange>
                                    </referenceRange>
                                </observation>
                            </component>
                            <component>
                                <observation classCode="OBS" moodCode="EVN">
                                    <templateId root="2.16.840.1.113883.10.20.1.31"/>
                                    <templateId root="1.3.6.1.4.1.19376.1.5.3.1.4.13"/>
                                    <templateId root="2.16.840.1.113883.3.88.11.83.15.1"/>
                                    <id root="65ac2290-b2cb-4a35-a330-852d8fe50f37"/>
                                    <code code="#MCV" codeSystemName="L" displayName="MCV"/>
                                    <text>MCV<reference value="#Observation_4547b0b6dc93f6d6286003"/>
                                    </text>
                                    <statusCode code="completed"/>
                                    <effectiveTime value="201207100945-0800"/>
                                    <value xsi:type="PQ">92.2<reference value="#ObservationValue_f544459803c88ab167510b"/>
                                    </value>
                                    <referenceRange>
                                        <observationRange>
                                            <value xsi:type="IVL_PQ">
                                                <low value="83.0" unit="fl"/>
                                                <high value="99.0" unit="fl"/>
                                            </value>
                                        </observationRange>
                                    </referenceRange>
                                </observation>
                            </component>
                            <component>
                                <observation classCode="OBS" moodCode="EVN">
                                    <templateId root="2.16.840.1.113883.10.20.1.31"/>
                                    <templateId root="1.3.6.1.4.1.19376.1.5.3.1.4.13"/>
                                    <templateId root="2.16.840.1.113883.3.88.11.83.15.1"/>
                                    <id root="321c851b-2c68-4a83-9ad2-90472353b676"/>
                                    <code code="#MCH" codeSystemName="L" displayName="MCH"/>
                                    <text>MCH<reference value="#Observation_484bcebb5a0a8008e68dca"/>
                                    </text>
                                    <statusCode code="completed"/>
                                    <effectiveTime value="201207100945-0800"/>
                                    <value xsi:type="PQ">30.6<reference value="#ObservationValue_f3499a970073ffd762f431"/>
                                    </value>
                                    <referenceRange>
                                        <observationRange>
                                            <value xsi:type="IVL_PQ">
                                                <low value="27.0" unit="pg"/>
                                                <high value="32.0" unit="pg"/>
                                            </value>
                                        </observationRange>
                                    </referenceRange>
                                </observation>
                            </component>
                            <component>
                                <observation classCode="OBS" moodCode="EVN">
                                    <templateId root="2.16.840.1.113883.10.20.1.31"/>
                                    <templateId root="1.3.6.1.4.1.19376.1.5.3.1.4.13"/>
                                    <templateId root="2.16.840.1.113883.3.88.11.83.15.1"/>
                                    <id root="9d82c56c-ff60-45ae-839f-c25354b0097e"/>
                                    <code code="#MCHC" codeSystemName="L" displayName="MCHC"/>
                                    <text>MCHC<reference value="#Observation_c44d25b1f78404436cc9c9"/>
                                    </text>
                                    <statusCode code="completed"/>
                                    <effectiveTime value="201207100945-0800"/>
                                    <value xsi:type="PQ">33.3<reference value="#ObservationValue_a8474eae7d6cd3b2175409"/>
                                    </value>
                                    <referenceRange>
                                        <observationRange>
                                            <value xsi:type="IVL_PQ">
                                                <low value="32.0" unit="G/dl"/>
                                                <high value="37.0" unit="G/dl"/>
                                            </value>
                                        </observationRange>
                                    </referenceRange>
                                </observation>
                            </component>
                            <component>
                                <observation classCode="OBS" moodCode="EVN">
                                    <templateId root="2.16.840.1.113883.10.20.1.31"/>
                                    <templateId root="1.3.6.1.4.1.19376.1.5.3.1.4.13"/>
                                    <templateId root="2.16.840.1.113883.3.88.11.83.15.1"/>
                                    <id root="1d62cbdb-f432-418c-b9e1-dd1c83d2ce81"/>
                                    <code code="#RDW" codeSystemName="L" displayName="RDW"/>
                                    <text>RDW<reference value="#Observation_394aea942bce6201632166"/>
                                    </text>
                                    <statusCode code="completed"/>
                                    <effectiveTime value="201207100945-0800"/>
                                    <value xsi:type="PQ">13<reference value="#ObservationValue_734df794745844233d9c3a"/>
                                    </value>
                                    <interpretationCode code="N" codeSystem="2.16.840.1.113883.5.83" codeSystemName="Observation Interpretation" displayName="Normal"/>
                                    <referenceRange>
                                        <observationRange>
                                            <value xsi:type="IVL_PQ">
                                                <low value="11.5" unit="PERCENT"/>
                                                <high value="14.5" unit="PERCENT"/>
                                            </value>
                                        </observationRange>
                                    </referenceRange>
                                </observation>
                            </component>
                            <component>
                                <observation classCode="OBS" moodCode="EVN">
                                    <templateId root="2.16.840.1.113883.10.20.1.31"/>
                                    <templateId root="1.3.6.1.4.1.19376.1.5.3.1.4.13"/>
                                    <templateId root="2.16.840.1.113883.3.88.11.83.15.1"/>
                                    <id root="fb58ae0b-e9d4-44e6-b63a-acdfdef319ab"/>
                                    <code code="#NEUT" codeSystemName="L" displayName="NEUT"/>
                                    <text>NEUT<reference value="#Observation_e74a488281cdf224bc069e"/>
                                    </text>
                                    <statusCode code="completed"/>
                                    <effectiveTime value="201207100945-0800"/>
                                    <value xsi:type="PQ">68<reference value="#ObservationValue_e846d4a55ca1df02886685"/>
                                    </value>
                                    <interpretationCode code="N" codeSystem="2.16.840.1.113883.5.83" codeSystemName="Observation Interpretation" displayName="Normal"/>
                                    <referenceRange>
                                        <observationRange>
                                            <value xsi:type="IVL_PQ">
                                                <low value="40.0" unit="PERCENT"/>
                                                <high value="74.0" unit="PERCENT"/>
                                            </value>
                                        </observationRange>
                                    </referenceRange>
                                </observation>
                            </component>
                            <component>
                                <observation classCode="OBS" moodCode="EVN">
                                    <templateId root="2.16.840.1.113883.10.20.1.31"/>
                                    <templateId root="1.3.6.1.4.1.19376.1.5.3.1.4.13"/>
                                    <templateId root="2.16.840.1.113883.3.88.11.83.15.1"/>
                                    <id root="660b1e1b-be76-480e-a333-1aeeb858005f"/>
                                    <code code="#LYMPH" codeSystemName="L" displayName="LYMPH"/>
                                    <text>LYMPH<reference value="#Observation_99456cb3bab570ce36d175"/>
                                    </text>
                                    <statusCode code="completed"/>
                                    <effectiveTime value="201207100945-0800"/>
                                    <value xsi:type="PQ">20<reference value="#ObservationValue_e6410c889b7ed3a8dc4b73"/>
                                    </value>
                                    <interpretationCode code="N" codeSystem="2.16.840.1.113883.5.83" codeSystemName="Observation Interpretation" displayName="Normal"/>
                                    <referenceRange>
                                        <observationRange>
                                            <value xsi:type="IVL_PQ">
                                                <low value="19.0" unit="PERCENT"/>
                                                <high value="48.0" unit="PERCENT"/>
                                            </value>
                                        </observationRange>
                                    </referenceRange>
                                </observation>
                            </component>
                            <component>
                                <observation classCode="OBS" moodCode="EVN">
                                    <templateId root="2.16.840.1.113883.10.20.1.31"/>
                                    <templateId root="1.3.6.1.4.1.19376.1.5.3.1.4.13"/>
                                    <templateId root="2.16.840.1.113883.3.88.11.83.15.1"/>
                                    <id root="b260ff9a-9c20-4791-8587-d18993f2b59a"/>
                                    <code code="#MONO" codeSystemName="L" displayName="MONO"/>
                                    <text>MONO<reference value="#Observation_49451eb435ed17379e115a"/>
                                    </text>
                                    <statusCode code="completed"/>
                                    <effectiveTime value="201207100945-0800"/>
                                    <value xsi:type="PQ">8.7<reference value="#ObservationValue_6e4543a2850fefaca3f263"/>
                                    </value>
                                    <interpretationCode code="N" codeSystem="2.16.840.1.113883.5.83" codeSystemName="Observation Interpretation" displayName="Normal"/>
                                    <referenceRange>
                                        <observationRange>
                                            <value xsi:type="IVL_PQ">
                                                <low value="3.5" unit="PERCENT"/>
                                                <high value="9.0" unit="PERCENT"/>
                                            </value>
                                        </observationRange>
                                    </referenceRange>
                                </observation>
                            </component>
                            <component>
                                <observation classCode="OBS" moodCode="EVN">
                                    <templateId root="2.16.840.1.113883.10.20.1.31"/>
                                    <templateId root="1.3.6.1.4.1.19376.1.5.3.1.4.13"/>
                                    <templateId root="2.16.840.1.113883.3.88.11.83.15.1"/>
                                    <id root="3cfe6c82-0e39-4171-bd69-052f7827bfc2"/>
                                    <code code="#EOS" codeSystemName="L" displayName="EOS"/>
                                    <text>EOS<reference value="#Observation_8c424785f59a6d2e5bfbf6"/>
                                    </text>
                                    <statusCode code="completed"/>
                                    <effectiveTime value="201207100945-0800"/>
                                    <value xsi:type="PQ">0.7<reference value="#ObservationValue_734e92b258d81ecbd2bf9c"/>
                                    </value>
                                    <referenceRange>
                                        <observationRange>
                                            <value xsi:type="IVL_PQ">
                                                <low value="0.0" unit="PERCENT"/>
                                                <high value="7.0" unit="PERCENT"/>
                                            </value>
                                        </observationRange>
                                    </referenceRange>
                                </observation>
                            </component>
                            <component>
                                <observation classCode="OBS" moodCode="EVN">
                                    <templateId root="2.16.840.1.113883.10.20.1.31"/>
                                    <templateId root="1.3.6.1.4.1.19376.1.5.3.1.4.13"/>
                                    <templateId root="2.16.840.1.113883.3.88.11.83.15.1"/>
                                    <id root="53d3a3ba-73a4-46ad-a145-1491cd910141"/>
                                    <code code="#BASO" codeSystemName="L" displayName="BASO"/>
                                    <text>BASO<reference value="#Observation_85441a965052326973eef0"/>
                                    </text>
                                    <statusCode code="completed"/>
                                    <effectiveTime value="201207100945-0800"/>
                                    <value xsi:type="PQ">0.6<reference value="#ObservationValue_63473588349a8d6b76281f"/>
                                    </value>
                                    <referenceRange>
                                        <observationRange>
                                            <value xsi:type="IVL_PQ">
                                                <low value="0.0" unit="PERCENT"/>
                                                <high value="1.5" unit="PERCENT"/>
                                            </value>
                                        </observationRange>
                                    </referenceRange>
                                </observation>
                            </component>
                            <component>
                                <observation classCode="OBS" moodCode="EVN">
                                    <templateId root="2.16.840.1.113883.10.20.1.31"/>
                                    <templateId root="1.3.6.1.4.1.19376.1.5.3.1.4.13"/>
                                    <templateId root="2.16.840.1.113883.3.88.11.83.15.1"/>
                                    <id root="8f37ae17-6cc7-4344-9c0b-78807023199d"/>
                                    <code code="#LUC" codeSystemName="L" displayName="LGE UNST.CELL"/>
                                    <text>LGE UNST.CELL<reference value="#Observation_da4dff84aa950bd4790b9e"/>
                                    </text>
                                    <statusCode code="completed"/>
                                    <effectiveTime value="201207100945-0800"/>
                                    <value xsi:type="PQ">0.9<reference value="#ObservationValue_6a414f9f5c23db3a9b7105"/>
                                    </value>
                                    <referenceRange>
                                        <observationRange>
                                            <value xsi:type="IVL_PQ">
                                                <low value="0.0" unit="PERCENT"/>
                                                <high value="4.0" unit="PERCENT"/>
                                            </value>
                                        </observationRange>
                                    </referenceRange>
                                </observation>
                            </component>
                            <component>
                                <observation classCode="OBS" moodCode="EVN">
                                    <templateId root="2.16.840.1.113883.10.20.1.31"/>
                                    <templateId root="1.3.6.1.4.1.19376.1.5.3.1.4.13"/>
                                    <templateId root="2.16.840.1.113883.3.88.11.83.15.1"/>
                                    <id root="17b15fc9-08ed-48d1-944e-0f993e15f416"/>
                                    <code code="##NEUT" codeSystemName="L" displayName="NEUT ABS"/>
                                    <text>NEUT ABS<reference value="#Observation_d34a249f2890baa671c893"/>
                                    </text>
                                    <statusCode code="completed"/>
                                    <effectiveTime value="201207100945-0800"/>
                                    <value xsi:type="PQ">6.50<reference value="#ObservationValue_874c0d8dc37920bdfbccd3"/>
                                    </value>
                                    <referenceRange>
                                        <observationRange>
                                            <value xsi:type="IVL_PQ">
                                                <low value="1.90" unit="THOUSAND"/>
                                                <high value="8.00" unit="THOUSAND"/>
                                            </value>
                                        </observationRange>
                                    </referenceRange>
                                </observation>
                            </component>
                            <component>
                                <observation classCode="OBS" moodCode="EVN">
                                    <templateId root="2.16.840.1.113883.10.20.1.31"/>
                                    <templateId root="1.3.6.1.4.1.19376.1.5.3.1.4.13"/>
                                    <templateId root="2.16.840.1.113883.3.88.11.83.15.1"/>
                                    <id root="90268b9b-a226-4d98-a464-8752665ca2be"/>
                                    <code code="##LYMP" codeSystemName="L" displayName="LYMPH ABS"/>
                                    <text>LYMPH ABS<reference value="#Observation_4849b087405177d9863278"/>
                                    </text>
                                    <statusCode code="completed"/>
                                    <effectiveTime value="201207100945-0800"/>
                                    <value xsi:type="PQ">1.4<reference value="#ObservationValue_f548b8ae456e9f856b0210"/>
                                    </value>
                                    <interpretationCode code="N" codeSystem="2.16.840.1.113883.5.83" codeSystemName="Observation Interpretation" displayName="Normal"/>
                                    <referenceRange>
                                        <observationRange>
                                            <value xsi:type="IVL_PQ">
                                                <low value="0.90" unit="THOUSAND"/>
                                                <high value="5.20" unit="THOUSAND"/>
                                            </value>
                                        </observationRange>
                                    </referenceRange>
                                </observation>
                            </component>
                            <component>
                                <observation classCode="OBS" moodCode="EVN">
                                    <templateId root="2.16.840.1.113883.10.20.1.31"/>
                                    <templateId root="1.3.6.1.4.1.19376.1.5.3.1.4.13"/>
                                    <templateId root="2.16.840.1.113883.3.88.11.83.15.1"/>
                                    <id root="bca66e3c-53b5-4a99-a3f4-742c9e5cd0b2"/>
                                    <code code="##MONO" codeSystemName="L" displayName="MONO ABS"/>
                                    <text>MONO ABS<reference value="#Observation_044bfdbb68f5e4aff51c02"/>
                                    </text>
                                    <statusCode code="completed"/>
                                    <effectiveTime value="201207100945-0800"/>
                                    <value xsi:type="PQ">0.80<reference value="#ObservationValue_6c474eb74f733eb13423f7"/>
                                    </value>
                                    <referenceRange>
                                        <observationRange>
                                            <value xsi:type="IVL_PQ">
                                                <low value="0.16" unit="THOUSAND"/>
                                                <high value="1.00" unit="THOUSAND"/>
                                            </value>
                                        </observationRange>
                                    </referenceRange>
                                </observation>
                            </component>
                            <component>
                                <observation classCode="OBS" moodCode="EVN">
                                    <templateId root="2.16.840.1.113883.10.20.1.31"/>
                                    <templateId root="1.3.6.1.4.1.19376.1.5.3.1.4.13"/>
                                    <templateId root="2.16.840.1.113883.3.88.11.83.15.1"/>
                                    <id root="ace5012f-1c8f-47a9-9692-3467dfe0f7ae"/>
                                    <code code="EOS" codeSystemName="L" displayName="EOS ABS"/>
                                    <text>EOS ABS<reference value="#Observation_5b41809a7608acf255c127"/>
                                    </text>
                                    <statusCode code="completed"/>
                                    <effectiveTime value="201207100945-0800"/>
                                    <value xsi:type="PQ">0.07<reference value="#ObservationValue_894c7baa38b15bc638d515"/>
                                    </value>
                                    <referenceRange>
                                        <observationRange>
                                            <value xsi:type="IVL_PQ">
                                                <low value="0.00" unit="THOUSAND"/>
                                                <high value="0.80" unit="THOUSAND"/>
                                            </value>
                                        </observationRange>
                                    </referenceRange>
                                </observation>
                            </component>
                            <component>
                                <observation classCode="OBS" moodCode="EVN">
                                    <templateId root="2.16.840.1.113883.10.20.1.31"/>
                                    <templateId root="1.3.6.1.4.1.19376.1.5.3.1.4.13"/>
                                    <templateId root="2.16.840.1.113883.3.88.11.83.15.1"/>
                                    <id root="8ec826cb-3f76-42f3-a90d-f2a18e78e027"/>
                                    <code code="BASO" codeSystemName="L" displayName="BASO ABS"/>
                                    <text>BASO ABS<reference value="#Observation_7d4c6786e717e8efbbe4fa"/>
                                    </text>
                                    <statusCode code="completed"/>
                                    <effectiveTime value="201207100945-0800"/>
                                    <value xsi:type="PQ">0.08<reference value="#ObservationValue_3f4e9e9f5f927937cc9fc6"/>
                                    </value>
                                    <referenceRange>
                                        <observationRange>
                                            <value xsi:type="IVL_PQ">
                                                <low value="0.00" unit="THOUSAND"/>
                                                <high value="0.20" unit="THOUSAND"/>
                                            </value>
                                        </observationRange>
                                    </referenceRange>
                                </observation>
                            </component>
                            <component>
                                <observation classCode="OBS" moodCode="EVN">
                                    <templateId root="2.16.840.1.113883.10.20.1.31"/>
                                    <templateId root="1.3.6.1.4.1.19376.1.5.3.1.4.13"/>
                                    <templateId root="2.16.840.1.113883.3.88.11.83.15.1"/>
                                    <id root="ff2ad8a7-a1f5-45cf-91ac-560601b96f9b"/>
                                    <code code="##LUC" codeSystemName="L" displayName="LUC ABS"/>
                                    <text>LUC ABS<reference value="#Observation_16437f8f48d1afee31a83c"/>
                                    </text>
                                    <statusCode code="completed"/>
                                    <effectiveTime value="201207100945-0800"/>
                                    <value xsi:type="PQ">0.07<reference value="#ObservationValue_6c49b9a356481592990e0d"/>
                                    </value>
                                    <referenceRange>
                                        <observationRange>
                                            <value xsi:type="IVL_PQ">
                                                <low value="0.00" unit="THOUSAND"/>
                                                <high value="0.40" unit="THOUSAND"/>
                                            </value>
                                        </observationRange>
                                    </referenceRange>
                                </observation>
                            </component>
                            <component>
                                <observation classCode="OBS" moodCode="EVN">
                                    <templateId root="2.16.840.1.113883.10.20.1.31"/>
                                    <templateId root="1.3.6.1.4.1.19376.1.5.3.1.4.13"/>
                                    <templateId root="2.16.840.1.113883.3.88.11.83.15.1"/>
                                    <id root="de52bdb2-44e9-41e5-9344-4ed24669ac8b"/>
                                    <code code="#MNBND" codeSystemName="L" displayName="MAN BAND NEUT"/>
                                    <text>MAN BAND NEUT<reference value="#Observation_1446cb933e1885df326837"/>
                                    </text>
                                    <statusCode code="completed"/>
                                    <effectiveTime value="201207100945-0800"/>
                                    <value xsi:type="PQ">6<reference value="#ObservationValue_454fedba80f8c2425ba79a"/>
                                    </value>
                                    <interpretationCode code="N" codeSystem="2.16.840.1.113883.5.83" codeSystemName="Observation Interpretation" displayName="Normal"/>
                                    <referenceRange>
                                        <observationRange>
                                            <value xsi:type="IVL_PQ">
                                                <low value="0" unit="PERCENT"/>
                                                <high value="8" unit="PERCENT"/>
                                            </value>
                                        </observationRange>
                                    </referenceRange>
                                </observation>
                            </component>
                            <component>
                                <observation classCode="OBS" moodCode="EVN">
                                    <templateId root="2.16.840.1.113883.10.20.1.31"/>
                                    <templateId root="1.3.6.1.4.1.19376.1.5.3.1.4.13"/>
                                    <templateId root="2.16.840.1.113883.3.88.11.83.15.1"/>
                                    <id root="0a050297-0a2b-4ada-af49-c5f502718216"/>
                                    <code code="#MNSEG" codeSystemName="L" displayName="MAN SEG NEUT"/>
                                    <text>MAN SEG NEUT<reference value="#Observation_d24d838d9d2a3d8484a8d2"/>
                                    </text>
                                    <statusCode code="completed"/>
                                    <effectiveTime value="201207100945-0800"/>
                                    <value xsi:type="PQ">70<reference value="#ObservationValue_f34e89a4853f2c2bef644a"/>
                                    </value>
                                    <referenceRange>
                                        <observationRange>
                                            <value xsi:type="IVL_PQ">
                                                <low value="40" unit="PERCENT"/>
                                                <high value="74" unit="PERCENT"/>
                                            </value>
                                        </observationRange>
                                    </referenceRange>
                                </observation>
                            </component>
                            <component>
                                <observation classCode="OBS" moodCode="EVN">
                                    <templateId root="2.16.840.1.113883.10.20.1.31"/>
                                    <templateId root="1.3.6.1.4.1.19376.1.5.3.1.4.13"/>
                                    <templateId root="2.16.840.1.113883.3.88.11.83.15.1"/>
                                    <id root="9e83c6ed-cd3b-47d0-86ec-43a087b0c6b7"/>
                                    <code code="#MNLYM" codeSystemName="L" displayName="MAN LYMPH"/>
                                    <text>MAN LYMPH<reference value="#Observation_304eb0933f247a5eaa6055"/>
                                    </text>
                                    <statusCode code="completed"/>
                                    <effectiveTime value="201207100945-0800"/>
                                    <value xsi:type="PQ">21<reference value="#ObservationValue_d1426a97c54969422bf54f"/>
                                    </value>
                                    <interpretationCode code="N" codeSystem="2.16.840.1.113883.5.83" codeSystemName="Observation Interpretation" displayName="Normal"/>
                                    <referenceRange>
                                        <observationRange>
                                            <value xsi:type="IVL_PQ">
                                                <low value="19" unit="PERCENT"/>
                                                <high value="48" unit="PERCENT"/>
                                            </value>
                                        </observationRange>
                                    </referenceRange>
                                </observation>
                            </component>
                            <component>
                                <observation classCode="OBS" moodCode="EVN">
                                    <templateId root="2.16.840.1.113883.10.20.1.31"/>
                                    <templateId root="1.3.6.1.4.1.19376.1.5.3.1.4.13"/>
                                    <templateId root="2.16.840.1.113883.3.88.11.83.15.1"/>
                                    <id root="b082a8c0-26df-488e-a838-e05fc587e561"/>
                                    <code code="#MNMNO" codeSystemName="L" displayName="MAN MONO"/>
                                    <text>MAN MONO<reference value="#Observation_8b46cdb9327026abef2f83"/>
                                    </text>
                                    <statusCode code="completed"/>
                                    <effectiveTime value="201207100945-0800"/>
                                    <value xsi:type="PQ">8<reference value="#ObservationValue_524584b0731dae72d569e5"/>
                                    </value>
                                    <referenceRange>
                                        <observationRange>
                                            <value xsi:type="IVL_PQ">
                                                <low value="4" unit="PERCENT"/>
                                                <high value="9" unit="PERCENT"/>
                                            </value>
                                        </observationRange>
                                    </referenceRange>
                                </observation>
                            </component>
                            <component>
                                <observation classCode="OBS" moodCode="EVN">
                                    <templateId root="2.16.840.1.113883.10.20.1.31"/>
                                    <templateId root="1.3.6.1.4.1.19376.1.5.3.1.4.13"/>
                                    <templateId root="2.16.840.1.113883.3.88.11.83.15.1"/>
                                    <id root="af2b2fa1-041d-411f-844c-0f44be93f478"/>
                                    <code code="#MNEOS" codeSystemName="L" displayName="MAN EOS"/>
                                    <text>MAN EOS<reference value="#Observation_b148198315fc9a2be9f70e"/>
                                    </text>
                                    <statusCode code="completed"/>
                                    <effectiveTime value="201207100945-0800"/>
                                    <value xsi:type="PQ">3<reference value="#ObservationValue_f749239761fc7ecf9fbaf1"/>
                                    </value>
                                    <referenceRange>
                                        <observationRange>
                                            <value xsi:type="IVL_PQ">
                                                <low value="0" unit="PERCENT"/>
                                                <high value="7" unit="PERCENT"/>
                                            </value>
                                        </observationRange>
                                    </referenceRange>
                                </observation>
                            </component>
                            <component>
                                <observation classCode="OBS" moodCode="EVN">
                                    <templateId root="2.16.840.1.113883.10.20.1.31"/>
                                    <templateId root="1.3.6.1.4.1.19376.1.5.3.1.4.13"/>
                                    <templateId root="2.16.840.1.113883.3.88.11.83.15.1"/>
                                    <id root="67828049-e638-43de-961b-bf31f1269df6"/>
                                    <code code="#MNBAS" codeSystemName="L" displayName="MAN BASO"/>
                                    <text>MAN BASO<reference value="#Observation_394c85837c7427860dd088"/>
                                    </text>
                                    <statusCode code="completed"/>
                                    <effectiveTime value="201207100945-0800"/>
                                    <value xsi:type="PQ">0<reference value="#ObservationValue_7a4cde8c02d5045bec2f70"/>
                                    </value>
                                    <referenceRange>
                                        <observationRange>
                                            <value xsi:type="IVL_PQ">
                                                <low value="0" unit="PERCENT"/>
                                                <high value="2" unit="PERCENT"/>
                                            </value>
                                        </observationRange>
                                    </referenceRange>
                                </observation>
                            </component>
                            <component>
                                <observation classCode="OBS" moodCode="EVN">
                                    <templateId root="2.16.840.1.113883.10.20.1.31"/>
                                    <templateId root="1.3.6.1.4.1.19376.1.5.3.1.4.13"/>
                                    <templateId root="2.16.840.1.113883.3.88.11.83.15.1"/>
                                    <id root="3c8d9516-b64f-4fee-897d-b2e470f163eb"/>
                                    <code code="#MNMET" codeSystemName="L" displayName="MAN METAMYL"/>
                                    <text>MAN METAMYL<reference value="#Observation_b04221bffb5fdb3287c3b4"/>
                                    </text>
                                    <statusCode code="completed"/>
                                    <effectiveTime value="201207100945-0800"/>
                                    <value xsi:type="PQ">0<reference value="#ObservationValue_fc4db48dddcae5c1808b1e"/>
                                    </value>
                                    <referenceRange>
                                        <observationRange>
                                            <value xsi:type="IVL_PQ">
                                                <low value="0" unit="PERCENT"/>
                                                <high value="1" unit="PERCENT"/>
                                            </value>
                                        </observationRange>
                                    </referenceRange>
                                </observation>
                            </component>
                            <component>
                                <observation classCode="OBS" moodCode="EVN">
                                    <templateId root="2.16.840.1.113883.10.20.1.31"/>
                                    <templateId root="1.3.6.1.4.1.19376.1.5.3.1.4.13"/>
                                    <templateId root="2.16.840.1.113883.3.88.11.83.15.1"/>
                                    <id root="fed2ee21-d5af-4f52-931f-42d293441c4d"/>
                                    <code code="#MNMYL" codeSystemName="L" displayName="MAN MYELOCYTE"/>
                                    <text>MAN MYELOCYTE<reference value="#Observation_a940e88da8b12a0b535ab5"/>
                                    </text>
                                    <statusCode code="completed"/>
                                    <effectiveTime value="201207100945-0800"/>
                                    <value xsi:type="PQ">0<reference value="#ObservationValue_cf45a188bbac328e2c85a2"/>
                                    </value>
                                    <referenceRange>
                                        <observationRange>
                                            <value xsi:type="IVL_PQ">
                                                <low value="0" unit="PERCENT"/>
                                                <high value="1" unit="PERCENT"/>
                                            </value>
                                        </observationRange>
                                    </referenceRange>
                                </observation>
                            </component>
                            <component>
                                <observation classCode="OBS" moodCode="EVN">
                                    <templateId root="2.16.840.1.113883.10.20.1.31"/>
                                    <templateId root="1.3.6.1.4.1.19376.1.5.3.1.4.13"/>
                                    <templateId root="2.16.840.1.113883.3.88.11.83.15.1"/>
                                    <id root="9d96f3ca-9fed-45d1-9d12-dfee4681a4e6"/>
                                    <code code="#MNPRO" codeSystemName="L" displayName="MAN PROMYELO"/>
                                    <text>MAN PROMYELO<reference value="#Observation_184ec491c1fd90c52e1528"/>
                                    </text>
                                    <statusCode code="completed"/>
                                    <effectiveTime value="201207100945-0800"/>
                                    <value xsi:type="PQ">0<reference value="#ObservationValue_c441a09fea8b1e9ab208c1"/>
                                    </value>
                                    <referenceRange>
                                        <observationRange>
                                            <value xsi:type="IVL_PQ">
                                                <low value="0" unit="PERCENT"/>
                                                <high value="0" unit="PERCENT"/>
                                            </value>
                                        </observationRange>
                                    </referenceRange>
                                </observation>
                            </component>
                            <component>
                                <observation classCode="OBS" moodCode="EVN">
                                    <templateId root="2.16.840.1.113883.10.20.1.31"/>
                                    <templateId root="1.3.6.1.4.1.19376.1.5.3.1.4.13"/>
                                    <templateId root="2.16.840.1.113883.3.88.11.83.15.1"/>
                                    <id root="9af9be5c-6f05-4a87-95d1-d0bd1c2a1410"/>
                                    <code code="#MNBLS" codeSystemName="L" displayName="MAN BLASTS"/>
                                    <text>MAN BLASTS<reference value="#Observation_96435f86d626923a20e04c"/>
                                    </text>
                                    <statusCode code="completed"/>
                                    <effectiveTime value="201207100945-0800"/>
                                    <value xsi:type="PQ">0<reference value="#ObservationValue_75442cbae2061c1fb7ab61"/>
                                    </value>
                                    <referenceRange>
                                        <observationRange>
                                            <value xsi:type="IVL_PQ">
                                                <low value="0" unit="PERCENT"/>
                                                <high value="0" unit="PERCENT"/>
                                            </value>
                                        </observationRange>
                                    </referenceRange>
                                </observation>
                            </component>
                            <component>
                                <observation classCode="OBS" moodCode="EVN">
                                    <templateId root="2.16.840.1.113883.10.20.1.31"/>
                                    <templateId root="1.3.6.1.4.1.19376.1.5.3.1.4.13"/>
                                    <templateId root="2.16.840.1.113883.3.88.11.83.15.1"/>
                                    <id root="611d1633-72c5-4daa-b4d2-ea9fa3399e88"/>
                                    <code code="#ESPLT" codeSystemName="L" displayName="PLATELET (EST)"/>
                                    <text>PLATELET (EST)<reference value="#Observation_814574bdc1ae9d77d4ab88"/>
                                    </text>
                                    <statusCode code="completed"/>
                                    <effectiveTime value="201207100945-0800"/>
                                    <value xsi:type="ED">10-12<reference value="#ObservationValue_c643e4922885287d05e951"/>
                                    </value>
                                    <entryRelationship typeCode="SUBJ" inversionInd="true">
                                        <act classCode="ACT" moodCode="EVN">
                                            <templateId root="2.16.840.1.113883.10.20.1.40"/>
                                            <templateId root="2.16.840.1.113883.3.88.11.83.11"/>
                                            <templateId root="1.3.6.1.4.1.19376.1.5.3.1.4.2"/>
                                            <code code="48767-8" codeSystem="2.16.840.1.113883.6.1" codeSystemName="LOINC" displayName="Annotation Comment"/>
                                            <text>PLATELET COUNT CONSISTENT  WITH SLIDE REVIEW ESPLT  EACH PLATELET PER OIL IMMERSION FIELD REPRESENTS APPROXIMATELY        TWENTY THOUSAND PLATELETS PER CUBIC MILLIMETER.<reference value="Comment_bb4d40b0ffa021d3815e1b"/>
                                            </text>
                                            <statusCode code="completed"/>
                                        </act>
                                    </entryRelationship>
                                    <referenceRange>
                                        <observationRange>
                                            <value xsi:type="IVL_PQ">
                                                <low value="7" unit="PER_OIF"/>
                                                <high value="20" unit="PER_OIF"/>
                                            </value>
                                        </observationRange>
                                    </referenceRange>
                                </observation>
                            </component>
                        </organizer>
                    </entry>
                    <entry>
                        <organizer classCode="BATTERY" moodCode="EVN">
                            <templateId root="2.16.840.1.113883.10.20.1.32"/>
                            <id root="541bbe20-5806-4d14-9fec-c0f6f3d5e92d"/>
                            <code code="CBC" codeSystemName="L" displayName="CBC">
                                <translation code="LAB"/>
                            </code>
                            <statusCode code="completed"/>
                            <component>
                                <procedure classCode="PROC" moodCode="EVN">
                                    <templateId root="2.16.840.1.113883.10.20.1.29"/>
                                    <templateId root="1.3.6.1.4.1.19376.1.5.3.1.4.19"/>
                                    <templateId root="2.16.840.1.113883.3.88.11.83.17"/>
                                    <id root="7ad5cd2d-aae1-425d-93a9-33e973d5a12d"/>
                                    <code nullFlavor="NI">
                                        <originalText>CBC</originalText>
                                    </code>
                                    <text>CBC</text>
                                    <statusCode code="completed"/>
                                    <effectiveTime>
                                        <low value="201207170945-0800"/>
                                    </effectiveTime>
                                    <priorityCode code="S" codeSystem="2.16.840.1.113883.3.88.12.80.71" codeSystemName="Order Priority" displayName="Stat"/>
                                    <participant typeCode="RESP" contextControlCode="OP">
                                        <participantRole>
                                            <addr nullFlavor="NI"/>
                                            <playingEntity>
                                                <name>
                                                    <given>Unnamed</given>
                                                    <family>User</family>
                                                </name>
                                            </playingEntity>
                                        </participantRole>
                                    </participant>
                                    <participant typeCode="ATND" contextControlCode="OP">
                                        <participantRole>
                                            <addr nullFlavor="NI"/>
                                            <playingEntity>
                                                <name>
                                                    <given>Test</given>
                                                    <family>Userone</family>
                                                </name>
                                            </playingEntity>
                                        </participantRole>
                                    </participant>
                                    <participant typeCode="ADM" contextControlCode="OP">
                                        <participantRole>
                                            <addr nullFlavor="NI"/>
                                            <playingEntity>
                                                <name>
                                                    <given>Test</given>
                                                    <family>Faxuser</family>
                                                </name>
                                            </playingEntity>
                                        </participantRole>
                                    </participant>
                                    <participant typeCode="REF" contextControlCode="OP">
                                        <participantRole>
                                            <addr nullFlavor="NI"/>
                                            <playingEntity>
                                                <name>
                                                    <given>Test</given>
                                                    <family>Faxuser</family>
                                                </name>
                                            </playingEntity>
                                        </participantRole>
                                    </participant>
                                    <participant typeCode="ORG" contextControlCode="OP">
                                        <participantRole>
                                            <addr nullFlavor="NI"/>
                                            <telecom nullFlavor="NI"/>
                                            <playingEntity>
                                                <name>UniLab</name>
                                            </playingEntity>
                                        </participantRole>
                                    </participant>
                                </procedure>
                            </component>
                            <component>
                                <observation classCode="OBS" moodCode="EVN">
                                    <templateId root="2.16.840.1.113883.10.20.1.31"/>
                                    <templateId root="1.3.6.1.4.1.19376.1.5.3.1.4.13"/>
                                    <templateId root="2.16.840.1.113883.3.88.11.83.15.1"/>
                                    <id root="f5d9801c-0321-4687-a68e-89c6c4edab69"/>
                                    <code code="#WBC" codeSystemName="L" displayName="WBC"/>
                                    <text>WBC<reference value="#Observation_9a48c8845fd07601a62b7a"/>
                                    </text>
                                    <statusCode code="completed"/>
                                    <effectiveTime value="201207170945-0800"/>
                                    <value xsi:type="PQ">6.00<reference value="#ObservationValue_5248ada4f6cae671980930"/>
                                    </value>
                                    <referenceRange>
                                        <observationRange>
                                            <value xsi:type="IVL_PQ">
                                                <low value="4.80" unit="THOUSAND"/>
                                                <high value="10.80" unit="THOUSAND"/>
                                            </value>
                                        </observationRange>
                                    </referenceRange>
                                </observation>
                            </component>
                            <component>
                                <observation classCode="OBS" moodCode="EVN">
                                    <templateId root="2.16.840.1.113883.10.20.1.31"/>
                                    <templateId root="1.3.6.1.4.1.19376.1.5.3.1.4.13"/>
                                    <templateId root="2.16.840.1.113883.3.88.11.83.15.1"/>
                                    <id root="e5b22625-f2df-403f-a978-28a00ee1a90c"/>
                                    <code code="#HGB" codeSystemName="L" displayName="HGB"/>
                                    <text>HGB<reference value="#Observation_5244b7a692d333acc0662a"/>
                                    </text>
                                    <statusCode code="completed"/>
                                    <effectiveTime value="201207170945-0800"/>
                                    <value xsi:type="PQ">14.4<reference value="#ObservationValue_e244bbb6d2cc511a619325"/>
                                    </value>
                                    <referenceRange>
                                        <observationRange>
                                            <value xsi:type="IVL_PQ">
                                                <low value="14.0" unit="G/dl"/>
                                                <high value="18.0" unit="G/dl"/>
                                            </value>
                                        </observationRange>
                                    </referenceRange>
                                </observation>
                            </component>
                            <component>
                                <observation classCode="OBS" moodCode="EVN">
                                    <templateId root="2.16.840.1.113883.10.20.1.31"/>
                                    <templateId root="1.3.6.1.4.1.19376.1.5.3.1.4.13"/>
                                    <templateId root="2.16.840.1.113883.3.88.11.83.15.1"/>
                                    <id root="3a3aa3a4-5e5b-4758-867f-e80cabb677f7"/>
                                    <code code="#HCT" codeSystemName="L" displayName="HCT"/>
                                    <text>HCT<reference value="#Observation_704ca6959ac1a90a26081a"/>
                                    </text>
                                    <statusCode code="completed"/>
                                    <effectiveTime value="201207170945-0800"/>
                                    <value xsi:type="PQ">44.2<reference value="#ObservationValue_4742b095615b499f92be06"/>
                                    </value>
                                    <referenceRange>
                                        <observationRange>
                                            <value xsi:type="IVL_PQ">
                                                <low value="42.0" unit="PERCENT"/>
                                                <high value="54.0" unit="PERCENT"/>
                                            </value>
                                        </observationRange>
                                    </referenceRange>
                                </observation>
                            </component>
                            <component>
                                <observation classCode="OBS" moodCode="EVN">
                                    <templateId root="2.16.840.1.113883.10.20.1.31"/>
                                    <templateId root="1.3.6.1.4.1.19376.1.5.3.1.4.13"/>
                                    <templateId root="2.16.840.1.113883.3.88.11.83.15.1"/>
                                    <id root="3a7317ee-6fef-413f-a2a8-e29bc24d9d2a"/>
                                    <code code="#PLT" codeSystemName="L" displayName="PLATELETS"/>
                                    <text>PLATELETS<reference value="#Observation_634eebb4ede9031ca05595"/>
                                    </text>
                                    <statusCode code="completed"/>
                                    <effectiveTime value="201207170945-0800"/>
                                    <value xsi:type="PQ">137<reference value="#ObservationValue_6940ab93e936e2a259887a"/>
                                    </value>
                                    <interpretationCode code="N" codeSystem="2.16.840.1.113883.5.83" codeSystemName="Observation Interpretation" displayName="Normal"/>
                                    <referenceRange>
                                        <observationRange>
                                            <value xsi:type="IVL_PQ">
                                                <low value="130" unit="THOUSAND"/>
                                                <high value="400" unit="THOUSAND"/>
                                            </value>
                                        </observationRange>
                                    </referenceRange>
                                </observation>
                            </component>
                            <component>
                                <observation classCode="OBS" moodCode="EVN">
                                    <templateId root="2.16.840.1.113883.10.20.1.31"/>
                                    <templateId root="1.3.6.1.4.1.19376.1.5.3.1.4.13"/>
                                    <templateId root="2.16.840.1.113883.3.88.11.83.15.1"/>
                                    <id root="e206c135-009e-4253-b44c-d7e0c585f7ea"/>
                                    <code code="#RBC" codeSystemName="L" displayName="RBC"/>
                                    <text>RBC<reference value="#Observation_82419d9445b2e17121a6a4"/>
                                    </text>
                                    <statusCode code="completed"/>
                                    <effectiveTime value="201207170945-0800"/>
                                    <value xsi:type="PQ">4.81<reference value="#ObservationValue_bc4c368eabd7089b260878"/>
                                    </value>
                                    <referenceRange>
                                        <observationRange>
                                            <value xsi:type="IVL_PQ">
                                                <low value="4.70" unit="MILLION"/>
                                                <high value="6.10" unit="MILLION"/>
                                            </value>
                                        </observationRange>
                                    </referenceRange>
                                </observation>
                            </component>
                            <component>
                                <observation classCode="OBS" moodCode="EVN">
                                    <templateId root="2.16.840.1.113883.10.20.1.31"/>
                                    <templateId root="1.3.6.1.4.1.19376.1.5.3.1.4.13"/>
                                    <templateId root="2.16.840.1.113883.3.88.11.83.15.1"/>
                                    <id root="65ac2290-b2cb-4a35-a330-852d8fe50f37"/>
                                    <code code="#MCV" codeSystemName="L" displayName="MCV"/>
                                    <text>MCV<reference value="#Observation_4547b0b6dc93f6d6286003"/>
                                    </text>
                                    <statusCode code="completed"/>
                                    <effectiveTime value="201207170945-0800"/>
                                    <value xsi:type="PQ">92.2<reference value="#ObservationValue_f544459803c88ab167510b"/>
                                    </value>
                                    <referenceRange>
                                        <observationRange>
                                            <value xsi:type="IVL_PQ">
                                                <low value="83.0" unit="fl"/>
                                                <high value="99.0" unit="fl"/>
                                            </value>
                                        </observationRange>
                                    </referenceRange>
                                </observation>
                            </component>
                            <component>
                                <observation classCode="OBS" moodCode="EVN">
                                    <templateId root="2.16.840.1.113883.10.20.1.31"/>
                                    <templateId root="1.3.6.1.4.1.19376.1.5.3.1.4.13"/>
                                    <templateId root="2.16.840.1.113883.3.88.11.83.15.1"/>
                                    <id root="321c851b-2c68-4a83-9ad2-90472353b676"/>
                                    <code code="#MCH" codeSystemName="L" displayName="MCH"/>
                                    <text>MCH<reference value="#Observation_484bcebb5a0a8008e68dca"/>
                                    </text>
                                    <statusCode code="completed"/>
                                    <effectiveTime value="201207170945-0800"/>
                                    <value xsi:type="PQ">30.6<reference value="#ObservationValue_f3499a970073ffd762f431"/>
                                    </value>
                                    <referenceRange>
                                        <observationRange>
                                            <value xsi:type="IVL_PQ">
                                                <low value="27.0" unit="pg"/>
                                                <high value="32.0" unit="pg"/>
                                            </value>
                                        </observationRange>
                                    </referenceRange>
                                </observation>
                            </component>
                            <component>
                                <observation classCode="OBS" moodCode="EVN">
                                    <templateId root="2.16.840.1.113883.10.20.1.31"/>
                                    <templateId root="1.3.6.1.4.1.19376.1.5.3.1.4.13"/>
                                    <templateId root="2.16.840.1.113883.3.88.11.83.15.1"/>
                                    <id root="9d82c56c-ff60-45ae-839f-c25354b0097e"/>
                                    <code code="#MCHC" codeSystemName="L" displayName="MCHC"/>
                                    <text>MCHC<reference value="#Observation_c44d25b1f78404436cc9c9"/>
                                    </text>
                                    <statusCode code="completed"/>
                                    <effectiveTime value="201207170945-0800"/>
                                    <value xsi:type="PQ">33.3<reference value="#ObservationValue_a8474eae7d6cd3b2175409"/>
                                    </value>
                                    <referenceRange>
                                        <observationRange>
                                            <value xsi:type="IVL_PQ">
                                                <low value="32.0" unit="G/dl"/>
                                                <high value="37.0" unit="G/dl"/>
                                            </value>
                                        </observationRange>
                                    </referenceRange>
                                </observation>
                            </component>
                            <component>
                                <observation classCode="OBS" moodCode="EVN">
                                    <templateId root="2.16.840.1.113883.10.20.1.31"/>
                                    <templateId root="1.3.6.1.4.1.19376.1.5.3.1.4.13"/>
                                    <templateId root="2.16.840.1.113883.3.88.11.83.15.1"/>
                                    <id root="1d62cbdb-f432-418c-b9e1-dd1c83d2ce81"/>
                                    <code code="#RDW" codeSystemName="L" displayName="RDW"/>
                                    <text>RDW<reference value="#Observation_394aea942bce6201632166"/>
                                    </text>
                                    <statusCode code="completed"/>
                                    <effectiveTime value="201207170945-0800"/>
                                    <value xsi:type="PQ">13<reference value="#ObservationValue_734df794745844233d9c3a"/>
                                    </value>
                                    <interpretationCode code="N" codeSystem="2.16.840.1.113883.5.83" codeSystemName="Observation Interpretation" displayName="Normal"/>
                                    <referenceRange>
                                        <observationRange>
                                            <value xsi:type="IVL_PQ">
                                                <low value="11.5" unit="PERCENT"/>
                                                <high value="14.5" unit="PERCENT"/>
                                            </value>
                                        </observationRange>
                                    </referenceRange>
                                </observation>
                            </component>
                            <component>
                                <observation classCode="OBS" moodCode="EVN">
                                    <templateId root="2.16.840.1.113883.10.20.1.31"/>
                                    <templateId root="1.3.6.1.4.1.19376.1.5.3.1.4.13"/>
                                    <templateId root="2.16.840.1.113883.3.88.11.83.15.1"/>
                                    <id root="fb58ae0b-e9d4-44e6-b63a-acdfdef319ab"/>
                                    <code code="#NEUT" codeSystemName="L" displayName="NEUT"/>
                                    <text>NEUT<reference value="#Observation_e74a488281cdf224bc069e"/>
                                    </text>
                                    <statusCode code="completed"/>
                                    <effectiveTime value="201207170945-0800"/>
                                    <value xsi:type="PQ">68<reference value="#ObservationValue_e846d4a55ca1df02886685"/>
                                    </value>
                                    <interpretationCode code="N" codeSystem="2.16.840.1.113883.5.83" codeSystemName="Observation Interpretation" displayName="Normal"/>
                                    <referenceRange>
                                        <observationRange>
                                            <value xsi:type="IVL_PQ">
                                                <low value="40.0" unit="PERCENT"/>
                                                <high value="74.0" unit="PERCENT"/>
                                            </value>
                                        </observationRange>
                                    </referenceRange>
                                </observation>
                            </component>
                            <component>
                                <observation classCode="OBS" moodCode="EVN">
                                    <templateId root="2.16.840.1.113883.10.20.1.31"/>
                                    <templateId root="1.3.6.1.4.1.19376.1.5.3.1.4.13"/>
                                    <templateId root="2.16.840.1.113883.3.88.11.83.15.1"/>
                                    <id root="660b1e1b-be76-480e-a333-1aeeb858005f"/>
                                    <code code="#LYMPH" codeSystemName="L" displayName="LYMPH"/>
                                    <text>LYMPH<reference value="#Observation_99456cb3bab570ce36d175"/>
                                    </text>
                                    <statusCode code="completed"/>
                                    <effectiveTime value="201207170945-0800"/>
                                    <value xsi:type="PQ">21<reference value="#ObservationValue_e6410c889b7ed3a8dc4b73"/>
                                    </value>
                                    <interpretationCode code="N" codeSystem="2.16.840.1.113883.5.83" codeSystemName="Observation Interpretation" displayName="Normal"/>
                                    <referenceRange>
                                        <observationRange>
                                            <value xsi:type="IVL_PQ">
                                                <low value="19.0" unit="PERCENT"/>
                                                <high value="48.0" unit="PERCENT"/>
                                            </value>
                                        </observationRange>
                                    </referenceRange>
                                </observation>
                            </component>
                            <component>
                                <observation classCode="OBS" moodCode="EVN">
                                    <templateId root="2.16.840.1.113883.10.20.1.31"/>
                                    <templateId root="1.3.6.1.4.1.19376.1.5.3.1.4.13"/>
                                    <templateId root="2.16.840.1.113883.3.88.11.83.15.1"/>
                                    <id root="b260ff9a-9c20-4791-8587-d18993f2b59a"/>
                                    <code code="#MONO" codeSystemName="L" displayName="MONO"/>
                                    <text>MONO<reference value="#Observation_49451eb435ed17379e115a"/>
                                    </text>
                                    <statusCode code="completed"/>
                                    <effectiveTime value="201207170945-0800"/>
                                    <value xsi:type="PQ">8.7<reference value="#ObservationValue_6e4543a2850fefaca3f263"/>
                                    </value>
                                    <interpretationCode code="N" codeSystem="2.16.840.1.113883.5.83" codeSystemName="Observation Interpretation" displayName="Normal"/>
                                    <referenceRange>
                                        <observationRange>
                                            <value xsi:type="IVL_PQ">
                                                <low value="3.5" unit="PERCENT"/>
                                                <high value="9.0" unit="PERCENT"/>
                                            </value>
                                        </observationRange>
                                    </referenceRange>
                                </observation>
                            </component>
                            <component>
                                <observation classCode="OBS" moodCode="EVN">
                                    <templateId root="2.16.840.1.113883.10.20.1.31"/>
                                    <templateId root="1.3.6.1.4.1.19376.1.5.3.1.4.13"/>
                                    <templateId root="2.16.840.1.113883.3.88.11.83.15.1"/>
                                    <id root="3cfe6c82-0e39-4171-bd69-052f7827bfc2"/>
                                    <code code="#EOS" codeSystemName="L" displayName="EOS"/>
                                    <text>EOS<reference value="#Observation_8c424785f59a6d2e5bfbf6"/>
                                    </text>
                                    <statusCode code="completed"/>
                                    <effectiveTime value="201207170945-0800"/>
                                    <value xsi:type="PQ">0.7<reference value="#ObservationValue_734e92b258d81ecbd2bf9c"/>
                                    </value>
                                    <referenceRange>
                                        <observationRange>
                                            <value xsi:type="IVL_PQ">
                                                <low value="0.0" unit="PERCENT"/>
                                                <high value="7.0" unit="PERCENT"/>
                                            </value>
                                        </observationRange>
                                    </referenceRange>
                                </observation>
                            </component>
                            <component>
                                <observation classCode="OBS" moodCode="EVN">
                                    <templateId root="2.16.840.1.113883.10.20.1.31"/>
                                    <templateId root="1.3.6.1.4.1.19376.1.5.3.1.4.13"/>
                                    <templateId root="2.16.840.1.113883.3.88.11.83.15.1"/>
                                    <id root="53d3a3ba-73a4-46ad-a145-1491cd910141"/>
                                    <code code="#BASO" codeSystemName="L" displayName="BASO"/>
                                    <text>BASO<reference value="#Observation_85441a965052326973eef0"/>
                                    </text>
                                    <statusCode code="completed"/>
                                    <effectiveTime value="201207170945-0800"/>
                                    <value xsi:type="PQ">0.6<reference value="#ObservationValue_63473588349a8d6b76281f"/>
                                    </value>
                                    <referenceRange>
                                        <observationRange>
                                            <value xsi:type="IVL_PQ">
                                                <low value="0.0" unit="PERCENT"/>
                                                <high value="1.5" unit="PERCENT"/>
                                            </value>
                                        </observationRange>
                                    </referenceRange>
                                </observation>
                            </component>
                            <component>
                                <observation classCode="OBS" moodCode="EVN">
                                    <templateId root="2.16.840.1.113883.10.20.1.31"/>
                                    <templateId root="1.3.6.1.4.1.19376.1.5.3.1.4.13"/>
                                    <templateId root="2.16.840.1.113883.3.88.11.83.15.1"/>
                                    <id root="8f37ae17-6cc7-4344-9c0b-78807023199d"/>
                                    <code code="#LUC" codeSystemName="L" displayName="LGE UNST.CELL"/>
                                    <text>LGE UNST.CELL<reference value="#Observation_da4dff84aa950bd4790b9e"/>
                                    </text>
                                    <statusCode code="completed"/>
                                    <effectiveTime value="201207170945-0800"/>
                                    <value xsi:type="PQ">0.9<reference value="#ObservationValue_6a414f9f5c23db3a9b7105"/>
                                    </value>
                                    <referenceRange>
                                        <observationRange>
                                            <value xsi:type="IVL_PQ">
                                                <low value="0.0" unit="PERCENT"/>
                                                <high value="4.0" unit="PERCENT"/>
                                            </value>
                                        </observationRange>
                                    </referenceRange>
                                </observation>
                            </component>
                            <component>
                                <observation classCode="OBS" moodCode="EVN">
                                    <templateId root="2.16.840.1.113883.10.20.1.31"/>
                                    <templateId root="1.3.6.1.4.1.19376.1.5.3.1.4.13"/>
                                    <templateId root="2.16.840.1.113883.3.88.11.83.15.1"/>
                                    <id root="17b15fc9-08ed-48d1-944e-0f993e15f416"/>
                                    <code code="##NEUT" codeSystemName="L" displayName="NEUT ABS"/>
                                    <text>NEUT ABS<reference value="#Observation_d34a249f2890baa671c893"/>
                                    </text>
                                    <statusCode code="completed"/>
                                    <effectiveTime value="201207170945-0800"/>
                                    <value xsi:type="PQ">6.50<reference value="#ObservationValue_874c0d8dc37920bdfbccd3"/>
                                    </value>
                                    <referenceRange>
                                        <observationRange>
                                            <value xsi:type="IVL_PQ">
                                                <low value="1.90" unit="THOUSAND"/>
                                                <high value="8.00" unit="THOUSAND"/>
                                            </value>
                                        </observationRange>
                                    </referenceRange>
                                </observation>
                            </component>
                            <component>
                                <observation classCode="OBS" moodCode="EVN">
                                    <templateId root="2.16.840.1.113883.10.20.1.31"/>
                                    <templateId root="1.3.6.1.4.1.19376.1.5.3.1.4.13"/>
                                    <templateId root="2.16.840.1.113883.3.88.11.83.15.1"/>
                                    <id root="90268b9b-a226-4d98-a464-8752665ca2be"/>
                                    <code code="##LYMP" codeSystemName="L" displayName="LYMPH ABS"/>
                                    <text>LYMPH ABS<reference value="#Observation_4849b087405177d9863278"/>
                                    </text>
                                    <statusCode code="completed"/>
                                    <effectiveTime value="201207170945-0800"/>
                                    <value xsi:type="PQ">1.4<reference value="#ObservationValue_f548b8ae456e9f856b0210"/>
                                    </value>
                                    <interpretationCode code="N" codeSystem="2.16.840.1.113883.5.83" codeSystemName="Observation Interpretation" displayName="Normal"/>
                                    <referenceRange>
                                        <observationRange>
                                            <value xsi:type="IVL_PQ">
                                                <low value="0.90" unit="THOUSAND"/>
                                                <high value="5.20" unit="THOUSAND"/>
                                            </value>
                                        </observationRange>
                                    </referenceRange>
                                </observation>
                            </component>
                            <component>
                                <observation classCode="OBS" moodCode="EVN">
                                    <templateId root="2.16.840.1.113883.10.20.1.31"/>
                                    <templateId root="1.3.6.1.4.1.19376.1.5.3.1.4.13"/>
                                    <templateId root="2.16.840.1.113883.3.88.11.83.15.1"/>
                                    <id root="bca66e3c-53b5-4a99-a3f4-742c9e5cd0b2"/>
                                    <code code="##MONO" codeSystemName="L" displayName="MONO ABS"/>
                                    <text>MONO ABS<reference value="#Observation_044bfdbb68f5e4aff51c02"/>
                                    </text>
                                    <statusCode code="completed"/>
                                    <effectiveTime value="201207170945-0800"/>
                                    <value xsi:type="PQ">0.80<reference value="#ObservationValue_6c474eb74f733eb13423f7"/>
                                    </value>
                                    <referenceRange>
                                        <observationRange>
                                            <value xsi:type="IVL_PQ">
                                                <low value="0.16" unit="THOUSAND"/>
                                                <high value="1.00" unit="THOUSAND"/>
                                            </value>
                                        </observationRange>
                                    </referenceRange>
                                </observation>
                            </component>
                            <component>
                                <observation classCode="OBS" moodCode="EVN">
                                    <templateId root="2.16.840.1.113883.10.20.1.31"/>
                                    <templateId root="1.3.6.1.4.1.19376.1.5.3.1.4.13"/>
                                    <templateId root="2.16.840.1.113883.3.88.11.83.15.1"/>
                                    <id root="ace5012f-1c8f-47a9-9692-3467dfe0f7ae"/>
                                    <code code="EOS" codeSystemName="L" displayName="EOS ABS"/>
                                    <text>EOS ABS<reference value="#Observation_5b41809a7608acf255c127"/>
                                    </text>
                                    <statusCode code="completed"/>
                                    <effectiveTime value="201207170945-0800"/>
                                    <value xsi:type="PQ">0.07<reference value="#ObservationValue_894c7baa38b15bc638d515"/>
                                    </value>
                                    <referenceRange>
                                        <observationRange>
                                            <value xsi:type="IVL_PQ">
                                                <low value="0.00" unit="THOUSAND"/>
                                                <high value="0.80" unit="THOUSAND"/>
                                            </value>
                                        </observationRange>
                                    </referenceRange>
                                </observation>
                            </component>
                            <component>
                                <observation classCode="OBS" moodCode="EVN">
                                    <templateId root="2.16.840.1.113883.10.20.1.31"/>
                                    <templateId root="1.3.6.1.4.1.19376.1.5.3.1.4.13"/>
                                    <templateId root="2.16.840.1.113883.3.88.11.83.15.1"/>
                                    <id root="8ec826cb-3f76-42f3-a90d-f2a18e78e027"/>
                                    <code code="BASO" codeSystemName="L" displayName="BASO ABS"/>
                                    <text>BASO ABS<reference value="#Observation_7d4c6786e717e8efbbe4fa"/>
                                    </text>
                                    <statusCode code="completed"/>
                                    <effectiveTime value="201207170945-0800"/>
                                    <value xsi:type="PQ">0.08<reference value="#ObservationValue_3f4e9e9f5f927937cc9fc6"/>
                                    </value>
                                    <referenceRange>
                                        <observationRange>
                                            <value xsi:type="IVL_PQ">
                                                <low value="0.00" unit="THOUSAND"/>
                                                <high value="0.20" unit="THOUSAND"/>
                                            </value>
                                        </observationRange>
                                    </referenceRange>
                                </observation>
                            </component>
                            <component>
                                <observation classCode="OBS" moodCode="EVN">
                                    <templateId root="2.16.840.1.113883.10.20.1.31"/>
                                    <templateId root="1.3.6.1.4.1.19376.1.5.3.1.4.13"/>
                                    <templateId root="2.16.840.1.113883.3.88.11.83.15.1"/>
                                    <id root="ff2ad8a7-a1f5-45cf-91ac-560601b96f9b"/>
                                    <code code="##LUC" codeSystemName="L" displayName="LUC ABS"/>
                                    <text>LUC ABS<reference value="#Observation_16437f8f48d1afee31a83c"/>
                                    </text>
                                    <statusCode code="completed"/>
                                    <effectiveTime value="201207170945-0800"/>
                                    <value xsi:type="PQ">0.07<reference value="#ObservationValue_6c49b9a356481592990e0d"/>
                                    </value>
                                    <referenceRange>
                                        <observationRange>
                                            <value xsi:type="IVL_PQ">
                                                <low value="0.00" unit="THOUSAND"/>
                                                <high value="0.40" unit="THOUSAND"/>
                                            </value>
                                        </observationRange>
                                    </referenceRange>
                                </observation>
                            </component>
                            <component>
                                <observation classCode="OBS" moodCode="EVN">
                                    <templateId root="2.16.840.1.113883.10.20.1.31"/>
                                    <templateId root="1.3.6.1.4.1.19376.1.5.3.1.4.13"/>
                                    <templateId root="2.16.840.1.113883.3.88.11.83.15.1"/>
                                    <id root="de52bdb2-44e9-41e5-9344-4ed24669ac8b"/>
                                    <code code="#MNBND" codeSystemName="L" displayName="MAN BAND NEUT"/>
                                    <text>MAN BAND NEUT<reference value="#Observation_1446cb933e1885df326837"/>
                                    </text>
                                    <statusCode code="completed"/>
                                    <effectiveTime value="201207170945-0800"/>
                                    <value xsi:type="PQ">6<reference value="#ObservationValue_454fedba80f8c2425ba79a"/>
                                    </value>
                                    <interpretationCode code="N" codeSystem="2.16.840.1.113883.5.83" codeSystemName="Observation Interpretation" displayName="Normal"/>
                                    <referenceRange>
                                        <observationRange>
                                            <value xsi:type="IVL_PQ">
                                                <low value="0" unit="PERCENT"/>
                                                <high value="8" unit="PERCENT"/>
                                            </value>
                                        </observationRange>
                                    </referenceRange>
                                </observation>
                            </component>
                            <component>
                                <observation classCode="OBS" moodCode="EVN">
                                    <templateId root="2.16.840.1.113883.10.20.1.31"/>
                                    <templateId root="1.3.6.1.4.1.19376.1.5.3.1.4.13"/>
                                    <templateId root="2.16.840.1.113883.3.88.11.83.15.1"/>
                                    <id root="0a050297-0a2b-4ada-af49-c5f502718216"/>
                                    <code code="#MNSEG" codeSystemName="L" displayName="MAN SEG NEUT"/>
                                    <text>MAN SEG NEUT<reference value="#Observation_d24d838d9d2a3d8484a8d2"/>
                                    </text>
                                    <statusCode code="completed"/>
                                    <effectiveTime value="201207170945-0800"/>
                                    <value xsi:type="PQ">70<reference value="#ObservationValue_f34e89a4853f2c2bef644a"/>
                                    </value>
                                    <referenceRange>
                                        <observationRange>
                                            <value xsi:type="IVL_PQ">
                                                <low value="40" unit="PERCENT"/>
                                                <high value="74" unit="PERCENT"/>
                                            </value>
                                        </observationRange>
                                    </referenceRange>
                                </observation>
                            </component>
                            <component>
                                <observation classCode="OBS" moodCode="EVN">
                                    <templateId root="2.16.840.1.113883.10.20.1.31"/>
                                    <templateId root="1.3.6.1.4.1.19376.1.5.3.1.4.13"/>
                                    <templateId root="2.16.840.1.113883.3.88.11.83.15.1"/>
                                    <id root="9e83c6ed-cd3b-47d0-86ec-43a087b0c6b7"/>
                                    <code code="#MNLYM" codeSystemName="L" displayName="MAN LYMPH"/>
                                    <text>MAN LYMPH<reference value="#Observation_304eb0933f247a5eaa6055"/>
                                    </text>
                                    <statusCode code="completed"/>
                                    <effectiveTime value="201207170945-0800"/>
                                    <value xsi:type="PQ">21<reference value="#ObservationValue_d1426a97c54969422bf54f"/>
                                    </value>
                                    <interpretationCode code="N" codeSystem="2.16.840.1.113883.5.83" codeSystemName="Observation Interpretation" displayName="Normal"/>
                                    <referenceRange>
                                        <observationRange>
                                            <value xsi:type="IVL_PQ">
                                                <low value="19" unit="PERCENT"/>
                                                <high value="48" unit="PERCENT"/>
                                            </value>
                                        </observationRange>
                                    </referenceRange>
                                </observation>
                            </component>
                            <component>
                                <observation classCode="OBS" moodCode="EVN">
                                    <templateId root="2.16.840.1.113883.10.20.1.31"/>
                                    <templateId root="1.3.6.1.4.1.19376.1.5.3.1.4.13"/>
                                    <templateId root="2.16.840.1.113883.3.88.11.83.15.1"/>
                                    <id root="b082a8c0-26df-488e-a838-e05fc587e561"/>
                                    <code code="#MNMNO" codeSystemName="L" displayName="MAN MONO"/>
                                    <text>MAN MONO<reference value="#Observation_8b46cdb9327026abef2f83"/>
                                    </text>
                                    <statusCode code="completed"/>
                                    <effectiveTime value="201207170945-0800"/>
                                    <value xsi:type="PQ">8<reference value="#ObservationValue_524584b0731dae72d569e5"/>
                                    </value>
                                    <referenceRange>
                                        <observationRange>
                                            <value xsi:type="IVL_PQ">
                                                <low value="4" unit="PERCENT"/>
                                                <high value="9" unit="PERCENT"/>
                                            </value>
                                        </observationRange>
                                    </referenceRange>
                                </observation>
                            </component>
                            <component>
                                <observation classCode="OBS" moodCode="EVN">
                                    <templateId root="2.16.840.1.113883.10.20.1.31"/>
                                    <templateId root="1.3.6.1.4.1.19376.1.5.3.1.4.13"/>
                                    <templateId root="2.16.840.1.113883.3.88.11.83.15.1"/>
                                    <id root="af2b2fa1-041d-411f-844c-0f44be93f478"/>
                                    <code code="#MNEOS" codeSystemName="L" displayName="MAN EOS"/>
                                    <text>MAN EOS<reference value="#Observation_b148198315fc9a2be9f70e"/>
                                    </text>
                                    <statusCode code="completed"/>
                                    <effectiveTime value="201207170945-0800"/>
                                    <value xsi:type="PQ">3<reference value="#ObservationValue_f749239761fc7ecf9fbaf1"/>
                                    </value>
                                    <referenceRange>
                                        <observationRange>
                                            <value xsi:type="IVL_PQ">
                                                <low value="0" unit="PERCENT"/>
                                                <high value="7" unit="PERCENT"/>
                                            </value>
                                        </observationRange>
                                    </referenceRange>
                                </observation>
                            </component>
                            <component>
                                <observation classCode="OBS" moodCode="EVN">
                                    <templateId root="2.16.840.1.113883.10.20.1.31"/>
                                    <templateId root="1.3.6.1.4.1.19376.1.5.3.1.4.13"/>
                                    <templateId root="2.16.840.1.113883.3.88.11.83.15.1"/>
                                    <id root="67828049-e638-43de-961b-bf31f1269df6"/>
                                    <code code="#MNBAS" codeSystemName="L" displayName="MAN BASO"/>
                                    <text>MAN BASO<reference value="#Observation_394c85837c7427860dd088"/>
                                    </text>
                                    <statusCode code="completed"/>
                                    <effectiveTime value="201207170945-0800"/>
                                    <value xsi:type="PQ">0<reference value="#ObservationValue_7a4cde8c02d5045bec2f70"/>
                                    </value>
                                    <referenceRange>
                                        <observationRange>
                                            <value xsi:type="IVL_PQ">
                                                <low value="0" unit="PERCENT"/>
                                                <high value="2" unit="PERCENT"/>
                                            </value>
                                        </observationRange>
                                    </referenceRange>
                                </observation>
                            </component>
                            <component>
                                <observation classCode="OBS" moodCode="EVN">
                                    <templateId root="2.16.840.1.113883.10.20.1.31"/>
                                    <templateId root="1.3.6.1.4.1.19376.1.5.3.1.4.13"/>
                                    <templateId root="2.16.840.1.113883.3.88.11.83.15.1"/>
                                    <id root="3c8d9516-b64f-4fee-897d-b2e470f163eb"/>
                                    <code code="#MNMET" codeSystemName="L" displayName="MAN METAMYL"/>
                                    <text>MAN METAMYL<reference value="#Observation_b04221bffb5fdb3287c3b4"/>
                                    </text>
                                    <statusCode code="completed"/>
                                    <effectiveTime value="201207170945-0800"/>
                                    <value xsi:type="PQ">0<reference value="#ObservationValue_fc4db48dddcae5c1808b1e"/>
                                    </value>
                                    <referenceRange>
                                        <observationRange>
                                            <value xsi:type="IVL_PQ">
                                                <low value="0" unit="PERCENT"/>
                                                <high value="1" unit="PERCENT"/>
                                            </value>
                                        </observationRange>
                                    </referenceRange>
                                </observation>
                            </component>
                            <component>
                                <observation classCode="OBS" moodCode="EVN">
                                    <templateId root="2.16.840.1.113883.10.20.1.31"/>
                                    <templateId root="1.3.6.1.4.1.19376.1.5.3.1.4.13"/>
                                    <templateId root="2.16.840.1.113883.3.88.11.83.15.1"/>
                                    <id root="fed2ee21-d5af-4f52-931f-42d293441c4d"/>
                                    <code code="#MNMYL" codeSystemName="L" displayName="MAN MYELOCYTE"/>
                                    <text>MAN MYELOCYTE<reference value="#Observation_a940e88da8b12a0b535ab5"/>
                                    </text>
                                    <statusCode code="completed"/>
                                    <effectiveTime value="201207170945-0800"/>
                                    <value xsi:type="PQ">0<reference value="#ObservationValue_cf45a188bbac328e2c85a2"/>
                                    </value>
                                    <referenceRange>
                                        <observationRange>
                                            <value xsi:type="IVL_PQ">
                                                <low value="0" unit="PERCENT"/>
                                                <high value="1" unit="PERCENT"/>
                                            </value>
                                        </observationRange>
                                    </referenceRange>
                                </observation>
                            </component>
                            <component>
                                <observation classCode="OBS" moodCode="EVN">
                                    <templateId root="2.16.840.1.113883.10.20.1.31"/>
                                    <templateId root="1.3.6.1.4.1.19376.1.5.3.1.4.13"/>
                                    <templateId root="2.16.840.1.113883.3.88.11.83.15.1"/>
                                    <id root="9d96f3ca-9fed-45d1-9d12-dfee4681a4e6"/>
                                    <code code="#MNPRO" codeSystemName="L" displayName="MAN PROMYELO"/>
                                    <text>MAN PROMYELO<reference value="#Observation_184ec491c1fd90c52e1528"/>
                                    </text>
                                    <statusCode code="completed"/>
                                    <effectiveTime value="201207170945-0800"/>
                                    <value xsi:type="PQ">0<reference value="#ObservationValue_c441a09fea8b1e9ab208c1"/>
                                    </value>
                                    <referenceRange>
                                        <observationRange>
                                            <value xsi:type="IVL_PQ">
                                                <low value="0" unit="PERCENT"/>
                                                <high value="0" unit="PERCENT"/>
                                            </value>
                                        </observationRange>
                                    </referenceRange>
                                </observation>
                            </component>
                            <component>
                                <observation classCode="OBS" moodCode="EVN">
                                    <templateId root="2.16.840.1.113883.10.20.1.31"/>
                                    <templateId root="1.3.6.1.4.1.19376.1.5.3.1.4.13"/>
                                    <templateId root="2.16.840.1.113883.3.88.11.83.15.1"/>
                                    <id root="9af9be5c-6f05-4a87-95d1-d0bd1c2a1410"/>
                                    <code code="#MNBLS" codeSystemName="L" displayName="MAN BLASTS"/>
                                    <text>MAN BLASTS<reference value="#Observation_96435f86d626923a20e04c"/>
                                    </text>
                                    <statusCode code="completed"/>
                                    <effectiveTime value="201207170945-0800"/>
                                    <value xsi:type="PQ">0<reference value="#ObservationValue_75442cbae2061c1fb7ab61"/>
                                    </value>
                                    <referenceRange>
                                        <observationRange>
                                            <value xsi:type="IVL_PQ">
                                                <low value="0" unit="PERCENT"/>
                                                <high value="0" unit="PERCENT"/>
                                            </value>
                                        </observationRange>
                                    </referenceRange>
                                </observation>
                            </component>
                            <component>
                                <observation classCode="OBS" moodCode="EVN">
                                    <templateId root="2.16.840.1.113883.10.20.1.31"/>
                                    <templateId root="1.3.6.1.4.1.19376.1.5.3.1.4.13"/>
                                    <templateId root="2.16.840.1.113883.3.88.11.83.15.1"/>
                                    <id root="611d1633-72c5-4daa-b4d2-ea9fa3399e88"/>
                                    <code code="#ESPLT" codeSystemName="L" displayName="PLATELET (EST)"/>
                                    <text>PLATELET (EST)<reference value="#Observation_814574bdc1ae9d77d4ab88"/>
                                    </text>
                                    <statusCode code="completed"/>
                                    <effectiveTime value="201207170945-0800"/>
                                    <value xsi:type="ED">10-12<reference value="#ObservationValue_c643e4922885287d05e951"/>
                                    </value>
                                    <entryRelationship typeCode="SUBJ" inversionInd="true">
                                        <act classCode="ACT" moodCode="EVN">
                                            <templateId root="2.16.840.1.113883.10.20.1.40"/>
                                            <templateId root="2.16.840.1.113883.3.88.11.83.11"/>
                                            <templateId root="1.3.6.1.4.1.19376.1.5.3.1.4.2"/>
                                            <code code="48767-8" codeSystem="2.16.840.1.113883.6.1" codeSystemName="LOINC" displayName="Annotation Comment"/>
                                            <text>PLATELET COUNT CONSISTENT  WITH SLIDE REVIEW ESPLT  EACH PLATELET PER OIL IMMERSION FIELD REPRESENTS APPROXIMATELY        TWENTY THOUSAND PLATELETS PER CUBIC MILLIMETER.<reference value="Comment_bb4d40b0ffa021d3815e1b"/>
                                            </text>
                                            <statusCode code="completed"/>
                                        </act>
                                    </entryRelationship>
                                    <referenceRange>
                                        <observationRange>
                                            <value xsi:type="IVL_PQ">
                                                <low value="7" unit="PER_OIF"/>
                                                <high value="20" unit="PER_OIF"/>
                                            </value>
                                        </observationRange>
                                    </referenceRange>
                                </observation>
                            </component>
                        </organizer>
                    </entry>
                    <entry>
                        <organizer classCode="BATTERY" moodCode="EVN">
                            <templateId root="2.16.840.1.113883.10.20.1.32"/>
                            <id root="541bbe20-5806-4d14-9fec-c0f6f3d5e92d"/>
                            <code code="CBC" codeSystemName="L" displayName="CBC">
                                <translation code="LAB"/>
                            </code>
                            <statusCode code="completed"/>
                            <component>
                                <procedure classCode="PROC" moodCode="EVN">
                                    <templateId root="2.16.840.1.113883.10.20.1.29"/>
                                    <templateId root="1.3.6.1.4.1.19376.1.5.3.1.4.19"/>
                                    <templateId root="2.16.840.1.113883.3.88.11.83.17"/>
                                    <id root="7ad5cd2d-aae1-425d-93a9-33e973d5a12d"/>
                                    <code nullFlavor="NI">
                                        <originalText>CBC</originalText>
                                    </code>
                                    <text>CBC</text>
                                    <statusCode code="completed"/>
                                    <effectiveTime>
                                        <low value="201207240945-0800"/>
                                    </effectiveTime>
                                    <priorityCode code="S" codeSystem="2.16.840.1.113883.3.88.12.80.71" codeSystemName="Order Priority" displayName="Stat"/>
                                    <participant typeCode="RESP" contextControlCode="OP">
                                        <participantRole>
                                            <addr nullFlavor="NI"/>
                                            <playingEntity>
                                                <name>
                                                    <given>Unnamed</given>
                                                    <family>User</family>
                                                </name>
                                            </playingEntity>
                                        </participantRole>
                                    </participant>
                                    <participant typeCode="ATND" contextControlCode="OP">
                                        <participantRole>
                                            <addr nullFlavor="NI"/>
                                            <playingEntity>
                                                <name>
                                                    <given>Test</given>
                                                    <family>Userone</family>
                                                </name>
                                            </playingEntity>
                                        </participantRole>
                                    </participant>
                                    <participant typeCode="ADM" contextControlCode="OP">
                                        <participantRole>
                                            <addr nullFlavor="NI"/>
                                            <playingEntity>
                                                <name>
                                                    <given>Test</given>
                                                    <family>Faxuser</family>
                                                </name>
                                            </playingEntity>
                                        </participantRole>
                                    </participant>
                                    <participant typeCode="REF" contextControlCode="OP">
                                        <participantRole>
                                            <addr nullFlavor="NI"/>
                                            <playingEntity>
                                                <name>
                                                    <given>Test</given>
                                                    <family>Faxuser</family>
                                                </name>
                                            </playingEntity>
                                        </participantRole>
                                    </participant>
                                    <participant typeCode="ORG" contextControlCode="OP">
                                        <participantRole>
                                            <addr nullFlavor="NI"/>
                                            <telecom nullFlavor="NI"/>
                                            <playingEntity>
                                                <name>UniLab</name>
                                            </playingEntity>
                                        </participantRole>
                                    </participant>
                                </procedure>
                            </component>
                            <component>
                                <observation classCode="OBS" moodCode="EVN">
                                    <templateId root="2.16.840.1.113883.10.20.1.31"/>
                                    <templateId root="1.3.6.1.4.1.19376.1.5.3.1.4.13"/>
                                    <templateId root="2.16.840.1.113883.3.88.11.83.15.1"/>
                                    <id root="f5d9801c-0321-4687-a68e-89c6c4edab69"/>
                                    <code code="#WBC" codeSystemName="L" displayName="WBC"/>
                                    <text>WBC<reference value="#Observation_9a48c8845fd07601a62b7a"/>
                                    </text>
                                    <statusCode code="completed"/>
                                    <effectiveTime value="201207240945-0800"/>
                                    <value xsi:type="PQ">6.53<reference value="#ObservationValue_5248ada4f6cae671980930"/>
                                    </value>
                                    <referenceRange>
                                        <observationRange>
                                            <value xsi:type="IVL_PQ">
                                                <low value="4.80" unit="THOUSAND"/>
                                                <high value="10.80" unit="THOUSAND"/>
                                            </value>
                                        </observationRange>
                                    </referenceRange>
                                </observation>
                            </component>
                            <component>
                                <observation classCode="OBS" moodCode="EVN">
                                    <templateId root="2.16.840.1.113883.10.20.1.31"/>
                                    <templateId root="1.3.6.1.4.1.19376.1.5.3.1.4.13"/>
                                    <templateId root="2.16.840.1.113883.3.88.11.83.15.1"/>
                                    <id root="e5b22625-f2df-403f-a978-28a00ee1a90c"/>
                                    <code code="#HGB" codeSystemName="L" displayName="HGB"/>
                                    <text>HGB<reference value="#Observation_5244b7a692d333acc0662a"/>
                                    </text>
                                    <statusCode code="completed"/>
                                    <effectiveTime value="201207240945-0800"/>
                                    <value xsi:type="PQ">14.4<reference value="#ObservationValue_e244bbb6d2cc511a619325"/>
                                    </value>
                                    <referenceRange>
                                        <observationRange>
                                            <value xsi:type="IVL_PQ">
                                                <low value="14.0" unit="G/dl"/>
                                                <high value="18.0" unit="G/dl"/>
                                            </value>
                                        </observationRange>
                                    </referenceRange>
                                </observation>
                            </component>
                            <component>
                                <observation classCode="OBS" moodCode="EVN">
                                    <templateId root="2.16.840.1.113883.10.20.1.31"/>
                                    <templateId root="1.3.6.1.4.1.19376.1.5.3.1.4.13"/>
                                    <templateId root="2.16.840.1.113883.3.88.11.83.15.1"/>
                                    <id root="3a3aa3a4-5e5b-4758-867f-e80cabb677f7"/>
                                    <code code="#HCT" codeSystemName="L" displayName="HCT"/>
                                    <text>HCT<reference value="#Observation_704ca6959ac1a90a26081a"/>
                                    </text>
                                    <statusCode code="completed"/>
                                    <effectiveTime value="201207240945-0800"/>
                                    <value xsi:type="PQ">44.2<reference value="#ObservationValue_4742b095615b499f92be06"/>
                                    </value>
                                    <referenceRange>
                                        <observationRange>
                                            <value xsi:type="IVL_PQ">
                                                <low value="42.0" unit="PERCENT"/>
                                                <high value="54.0" unit="PERCENT"/>
                                            </value>
                                        </observationRange>
                                    </referenceRange>
                                </observation>
                            </component>
                            <component>
                                <observation classCode="OBS" moodCode="EVN">
                                    <templateId root="2.16.840.1.113883.10.20.1.31"/>
                                    <templateId root="1.3.6.1.4.1.19376.1.5.3.1.4.13"/>
                                    <templateId root="2.16.840.1.113883.3.88.11.83.15.1"/>
                                    <id root="3a7317ee-6fef-413f-a2a8-e29bc24d9d2a"/>
                                    <code code="#PLT" codeSystemName="L" displayName="PLATELETS"/>
                                    <text>PLATELETS<reference value="#Observation_634eebb4ede9031ca05595"/>
                                    </text>
                                    <statusCode code="completed"/>
                                    <effectiveTime value="201207240945-0800"/>
                                    <value xsi:type="PQ">137<reference value="#ObservationValue_6940ab93e936e2a259887a"/>
                                    </value>
                                    <interpretationCode code="N" codeSystem="2.16.840.1.113883.5.83" codeSystemName="Observation Interpretation" displayName="Normal"/>
                                    <referenceRange>
                                        <observationRange>
                                            <value xsi:type="IVL_PQ">
                                                <low value="130" unit="THOUSAND"/>
                                                <high value="400" unit="THOUSAND"/>
                                            </value>
                                        </observationRange>
                                    </referenceRange>
                                </observation>
                            </component>
                            <component>
                                <observation classCode="OBS" moodCode="EVN">
                                    <templateId root="2.16.840.1.113883.10.20.1.31"/>
                                    <templateId root="1.3.6.1.4.1.19376.1.5.3.1.4.13"/>
                                    <templateId root="2.16.840.1.113883.3.88.11.83.15.1"/>
                                    <id root="e206c135-009e-4253-b44c-d7e0c585f7ea"/>
                                    <code code="#RBC" codeSystemName="L" displayName="RBC"/>
                                    <text>RBC<reference value="#Observation_82419d9445b2e17121a6a4"/>
                                    </text>
                                    <statusCode code="completed"/>
                                    <effectiveTime value="201207240945-0800"/>
                                    <value xsi:type="PQ">4.81<reference value="#ObservationValue_bc4c368eabd7089b260878"/>
                                    </value>
                                    <referenceRange>
                                        <observationRange>
                                            <value xsi:type="IVL_PQ">
                                                <low value="4.70" unit="MILLION"/>
                                                <high value="6.10" unit="MILLION"/>
                                            </value>
                                        </observationRange>
                                    </referenceRange>
                                </observation>
                            </component>
                            <component>
                                <observation classCode="OBS" moodCode="EVN">
                                    <templateId root="2.16.840.1.113883.10.20.1.31"/>
                                    <templateId root="1.3.6.1.4.1.19376.1.5.3.1.4.13"/>
                                    <templateId root="2.16.840.1.113883.3.88.11.83.15.1"/>
                                    <id root="65ac2290-b2cb-4a35-a330-852d8fe50f37"/>
                                    <code code="#MCV" codeSystemName="L" displayName="MCV"/>
                                    <text>MCV<reference value="#Observation_4547b0b6dc93f6d6286003"/>
                                    </text>
                                    <statusCode code="completed"/>
                                    <effectiveTime value="201207240945-0800"/>
                                    <value xsi:type="PQ">92.2<reference value="#ObservationValue_f544459803c88ab167510b"/>
                                    </value>
                                    <referenceRange>
                                        <observationRange>
                                            <value xsi:type="IVL_PQ">
                                                <low value="83.0" unit="fl"/>
                                                <high value="99.0" unit="fl"/>
                                            </value>
                                        </observationRange>
                                    </referenceRange>
                                </observation>
                            </component>
                            <component>
                                <observation classCode="OBS" moodCode="EVN">
                                    <templateId root="2.16.840.1.113883.10.20.1.31"/>
                                    <templateId root="1.3.6.1.4.1.19376.1.5.3.1.4.13"/>
                                    <templateId root="2.16.840.1.113883.3.88.11.83.15.1"/>
                                    <id root="321c851b-2c68-4a83-9ad2-90472353b676"/>
                                    <code code="#MCH" codeSystemName="L" displayName="MCH"/>
                                    <text>MCH<reference value="#Observation_484bcebb5a0a8008e68dca"/>
                                    </text>
                                    <statusCode code="completed"/>
                                    <effectiveTime value="201207240945-0800"/>
                                    <value xsi:type="PQ">30.6<reference value="#ObservationValue_f3499a970073ffd762f431"/>
                                    </value>
                                    <referenceRange>
                                        <observationRange>
                                            <value xsi:type="IVL_PQ">
                                                <low value="27.0" unit="pg"/>
                                                <high value="32.0" unit="pg"/>
                                            </value>
                                        </observationRange>
                                    </referenceRange>
                                </observation>
                            </component>
                            <component>
                                <observation classCode="OBS" moodCode="EVN">
                                    <templateId root="2.16.840.1.113883.10.20.1.31"/>
                                    <templateId root="1.3.6.1.4.1.19376.1.5.3.1.4.13"/>
                                    <templateId root="2.16.840.1.113883.3.88.11.83.15.1"/>
                                    <id root="9d82c56c-ff60-45ae-839f-c25354b0097e"/>
                                    <code code="#MCHC" codeSystemName="L" displayName="MCHC"/>
                                    <text>MCHC<reference value="#Observation_c44d25b1f78404436cc9c9"/>
                                    </text>
                                    <statusCode code="completed"/>
                                    <effectiveTime value="201207240945-0800"/>
                                    <value xsi:type="PQ">33.3<reference value="#ObservationValue_a8474eae7d6cd3b2175409"/>
                                    </value>
                                    <referenceRange>
                                        <observationRange>
                                            <value xsi:type="IVL_PQ">
                                                <low value="32.0" unit="G/dl"/>
                                                <high value="37.0" unit="G/dl"/>
                                            </value>
                                        </observationRange>
                                    </referenceRange>
                                </observation>
                            </component>
                            <component>
                                <observation classCode="OBS" moodCode="EVN">
                                    <templateId root="2.16.840.1.113883.10.20.1.31"/>
                                    <templateId root="1.3.6.1.4.1.19376.1.5.3.1.4.13"/>
                                    <templateId root="2.16.840.1.113883.3.88.11.83.15.1"/>
                                    <id root="1d62cbdb-f432-418c-b9e1-dd1c83d2ce81"/>
                                    <code code="#RDW" codeSystemName="L" displayName="RDW"/>
                                    <text>RDW<reference value="#Observation_394aea942bce6201632166"/>
                                    </text>
                                    <statusCode code="completed"/>
                                    <effectiveTime value="201207240945-0800"/>
                                    <value xsi:type="PQ">13<reference value="#ObservationValue_734df794745844233d9c3a"/>
                                    </value>
                                    <interpretationCode code="N" codeSystem="2.16.840.1.113883.5.83" codeSystemName="Observation Interpretation" displayName="Normal"/>
                                    <referenceRange>
                                        <observationRange>
                                            <value xsi:type="IVL_PQ">
                                                <low value="11.5" unit="PERCENT"/>
                                                <high value="14.5" unit="PERCENT"/>
                                            </value>
                                        </observationRange>
                                    </referenceRange>
                                </observation>
                            </component>
                            <component>
                                <observation classCode="OBS" moodCode="EVN">
                                    <templateId root="2.16.840.1.113883.10.20.1.31"/>
                                    <templateId root="1.3.6.1.4.1.19376.1.5.3.1.4.13"/>
                                    <templateId root="2.16.840.1.113883.3.88.11.83.15.1"/>
                                    <id root="fb58ae0b-e9d4-44e6-b63a-acdfdef319ab"/>
                                    <code code="#NEUT" codeSystemName="L" displayName="NEUT"/>
                                    <text>NEUT<reference value="#Observation_e74a488281cdf224bc069e"/>
                                    </text>
                                    <statusCode code="completed"/>
                                    <effectiveTime value="201207240945-0800"/>
                                    <value xsi:type="PQ">68<reference value="#ObservationValue_e846d4a55ca1df02886685"/>
                                    </value>
                                    <interpretationCode code="N" codeSystem="2.16.840.1.113883.5.83" codeSystemName="Observation Interpretation" displayName="Normal"/>
                                    <referenceRange>
                                        <observationRange>
                                            <value xsi:type="IVL_PQ">
                                                <low value="40.0" unit="PERCENT"/>
                                                <high value="74.0" unit="PERCENT"/>
                                            </value>
                                        </observationRange>
                                    </referenceRange>
                                </observation>
                            </component>
                            <component>
                                <observation classCode="OBS" moodCode="EVN">
                                    <templateId root="2.16.840.1.113883.10.20.1.31"/>
                                    <templateId root="1.3.6.1.4.1.19376.1.5.3.1.4.13"/>
                                    <templateId root="2.16.840.1.113883.3.88.11.83.15.1"/>
                                    <id root="660b1e1b-be76-480e-a333-1aeeb858005f"/>
                                    <code code="#LYMPH" codeSystemName="L" displayName="LYMPH"/>
                                    <text>LYMPH<reference value="#Observation_99456cb3bab570ce36d175"/>
                                    </text>
                                    <statusCode code="completed"/>
                                    <effectiveTime value="201207240945-0800"/>
                                    <value xsi:type="PQ">22<reference value="#ObservationValue_e6410c889b7ed3a8dc4b73"/>
                                    </value>
                                    <interpretationCode code="N" codeSystem="2.16.840.1.113883.5.83" codeSystemName="Observation Interpretation" displayName="Normal"/>
                                    <referenceRange>
                                        <observationRange>
                                            <value xsi:type="IVL_PQ">
                                                <low value="19.0" unit="PERCENT"/>
                                                <high value="48.0" unit="PERCENT"/>
                                            </value>
                                        </observationRange>
                                    </referenceRange>
                                </observation>
                            </component>
                            <component>
                                <observation classCode="OBS" moodCode="EVN">
                                    <templateId root="2.16.840.1.113883.10.20.1.31"/>
                                    <templateId root="1.3.6.1.4.1.19376.1.5.3.1.4.13"/>
                                    <templateId root="2.16.840.1.113883.3.88.11.83.15.1"/>
                                    <id root="b260ff9a-9c20-4791-8587-d18993f2b59a"/>
                                    <code code="#MONO" codeSystemName="L" displayName="MONO"/>
                                    <text>MONO<reference value="#Observation_49451eb435ed17379e115a"/>
                                    </text>
                                    <statusCode code="completed"/>
                                    <effectiveTime value="201207240945-0800"/>
                                    <value xsi:type="PQ">8.7<reference value="#ObservationValue_6e4543a2850fefaca3f263"/>
                                    </value>
                                    <interpretationCode code="N" codeSystem="2.16.840.1.113883.5.83" codeSystemName="Observation Interpretation" displayName="Normal"/>
                                    <referenceRange>
                                        <observationRange>
                                            <value xsi:type="IVL_PQ">
                                                <low value="3.5" unit="PERCENT"/>
                                                <high value="9.0" unit="PERCENT"/>
                                            </value>
                                        </observationRange>
                                    </referenceRange>
                                </observation>
                            </component>
                            <component>
                                <observation classCode="OBS" moodCode="EVN">
                                    <templateId root="2.16.840.1.113883.10.20.1.31"/>
                                    <templateId root="1.3.6.1.4.1.19376.1.5.3.1.4.13"/>
                                    <templateId root="2.16.840.1.113883.3.88.11.83.15.1"/>
                                    <id root="3cfe6c82-0e39-4171-bd69-052f7827bfc2"/>
                                    <code code="#EOS" codeSystemName="L" displayName="EOS"/>
                                    <text>EOS<reference value="#Observation_8c424785f59a6d2e5bfbf6"/>
                                    </text>
                                    <statusCode code="completed"/>
                                    <effectiveTime value="201207240945-0800"/>
                                    <value xsi:type="PQ">0.7<reference value="#ObservationValue_734e92b258d81ecbd2bf9c"/>
                                    </value>
                                    <referenceRange>
                                        <observationRange>
                                            <value xsi:type="IVL_PQ">
                                                <low value="0.0" unit="PERCENT"/>
                                                <high value="7.0" unit="PERCENT"/>
                                            </value>
                                        </observationRange>
                                    </referenceRange>
                                </observation>
                            </component>
                            <component>
                                <observation classCode="OBS" moodCode="EVN">
                                    <templateId root="2.16.840.1.113883.10.20.1.31"/>
                                    <templateId root="1.3.6.1.4.1.19376.1.5.3.1.4.13"/>
                                    <templateId root="2.16.840.1.113883.3.88.11.83.15.1"/>
                                    <id root="53d3a3ba-73a4-46ad-a145-1491cd910141"/>
                                    <code code="#BASO" codeSystemName="L" displayName="BASO"/>
                                    <text>BASO<reference value="#Observation_85441a965052326973eef0"/>
                                    </text>
                                    <statusCode code="completed"/>
                                    <effectiveTime value="201207240945-0800"/>
                                    <value xsi:type="PQ">0.6<reference value="#ObservationValue_63473588349a8d6b76281f"/>
                                    </value>
                                    <referenceRange>
                                        <observationRange>
                                            <value xsi:type="IVL_PQ">
                                                <low value="0.0" unit="PERCENT"/>
                                                <high value="1.5" unit="PERCENT"/>
                                            </value>
                                        </observationRange>
                                    </referenceRange>
                                </observation>
                            </component>
                            <component>
                                <observation classCode="OBS" moodCode="EVN">
                                    <templateId root="2.16.840.1.113883.10.20.1.31"/>
                                    <templateId root="1.3.6.1.4.1.19376.1.5.3.1.4.13"/>
                                    <templateId root="2.16.840.1.113883.3.88.11.83.15.1"/>
                                    <id root="8f37ae17-6cc7-4344-9c0b-78807023199d"/>
                                    <code code="#LUC" codeSystemName="L" displayName="LGE UNST.CELL"/>
                                    <text>LGE UNST.CELL<reference value="#Observation_da4dff84aa950bd4790b9e"/>
                                    </text>
                                    <statusCode code="completed"/>
                                    <effectiveTime value="201207240945-0800"/>
                                    <value xsi:type="PQ">0.9<reference value="#ObservationValue_6a414f9f5c23db3a9b7105"/>
                                    </value>
                                    <referenceRange>
                                        <observationRange>
                                            <value xsi:type="IVL_PQ">
                                                <low value="0.0" unit="PERCENT"/>
                                                <high value="4.0" unit="PERCENT"/>
                                            </value>
                                        </observationRange>
                                    </referenceRange>
                                </observation>
                            </component>
                            <component>
                                <observation classCode="OBS" moodCode="EVN">
                                    <templateId root="2.16.840.1.113883.10.20.1.31"/>
                                    <templateId root="1.3.6.1.4.1.19376.1.5.3.1.4.13"/>
                                    <templateId root="2.16.840.1.113883.3.88.11.83.15.1"/>
                                    <id root="17b15fc9-08ed-48d1-944e-0f993e15f416"/>
                                    <code code="##NEUT" codeSystemName="L" displayName="NEUT ABS"/>
                                    <text>NEUT ABS<reference value="#Observation_d34a249f2890baa671c893"/>
                                    </text>
                                    <statusCode code="completed"/>
                                    <effectiveTime value="201207240945-0800"/>
                                    <value xsi:type="PQ">6.50<reference value="#ObservationValue_874c0d8dc37920bdfbccd3"/>
                                    </value>
                                    <referenceRange>
                                        <observationRange>
                                            <value xsi:type="IVL_PQ">
                                                <low value="1.90" unit="THOUSAND"/>
                                                <high value="8.00" unit="THOUSAND"/>
                                            </value>
                                        </observationRange>
                                    </referenceRange>
                                </observation>
                            </component>
                            <component>
                                <observation classCode="OBS" moodCode="EVN">
                                    <templateId root="2.16.840.1.113883.10.20.1.31"/>
                                    <templateId root="1.3.6.1.4.1.19376.1.5.3.1.4.13"/>
                                    <templateId root="2.16.840.1.113883.3.88.11.83.15.1"/>
                                    <id root="90268b9b-a226-4d98-a464-8752665ca2be"/>
                                    <code code="##LYMP" codeSystemName="L" displayName="LYMPH ABS"/>
                                    <text>LYMPH ABS<reference value="#Observation_4849b087405177d9863278"/>
                                    </text>
                                    <statusCode code="completed"/>
                                    <effectiveTime value="201207240945-0800"/>
                                    <value xsi:type="PQ">1.4<reference value="#ObservationValue_f548b8ae456e9f856b0210"/>
                                    </value>
                                    <interpretationCode code="N" codeSystem="2.16.840.1.113883.5.83" codeSystemName="Observation Interpretation" displayName="Normal"/>
                                    <referenceRange>
                                        <observationRange>
                                            <value xsi:type="IVL_PQ">
                                                <low value="0.90" unit="THOUSAND"/>
                                                <high value="5.20" unit="THOUSAND"/>
                                            </value>
                                        </observationRange>
                                    </referenceRange>
                                </observation>
                            </component>
                            <component>
                                <observation classCode="OBS" moodCode="EVN">
                                    <templateId root="2.16.840.1.113883.10.20.1.31"/>
                                    <templateId root="1.3.6.1.4.1.19376.1.5.3.1.4.13"/>
                                    <templateId root="2.16.840.1.113883.3.88.11.83.15.1"/>
                                    <id root="bca66e3c-53b5-4a99-a3f4-742c9e5cd0b2"/>
                                    <code code="##MONO" codeSystemName="L" displayName="MONO ABS"/>
                                    <text>MONO ABS<reference value="#Observation_044bfdbb68f5e4aff51c02"/>
                                    </text>
                                    <statusCode code="completed"/>
                                    <effectiveTime value="201207240945-0800"/>
                                    <value xsi:type="PQ">0.80<reference value="#ObservationValue_6c474eb74f733eb13423f7"/>
                                    </value>
                                    <referenceRange>
                                        <observationRange>
                                            <value xsi:type="IVL_PQ">
                                                <low value="0.16" unit="THOUSAND"/>
                                                <high value="1.00" unit="THOUSAND"/>
                                            </value>
                                        </observationRange>
                                    </referenceRange>
                                </observation>
                            </component>
                            <component>
                                <observation classCode="OBS" moodCode="EVN">
                                    <templateId root="2.16.840.1.113883.10.20.1.31"/>
                                    <templateId root="1.3.6.1.4.1.19376.1.5.3.1.4.13"/>
                                    <templateId root="2.16.840.1.113883.3.88.11.83.15.1"/>
                                    <id root="ace5012f-1c8f-47a9-9692-3467dfe0f7ae"/>
                                    <code code="EOS" codeSystemName="L" displayName="EOS ABS"/>
                                    <text>EOS ABS<reference value="#Observation_5b41809a7608acf255c127"/>
                                    </text>
                                    <statusCode code="completed"/>
                                    <effectiveTime value="201207240945-0800"/>
                                    <value xsi:type="PQ">0.07<reference value="#ObservationValue_894c7baa38b15bc638d515"/>
                                    </value>
                                    <referenceRange>
                                        <observationRange>
                                            <value xsi:type="IVL_PQ">
                                                <low value="0.00" unit="THOUSAND"/>
                                                <high value="0.80" unit="THOUSAND"/>
                                            </value>
                                        </observationRange>
                                    </referenceRange>
                                </observation>
                            </component>
                            <component>
                                <observation classCode="OBS" moodCode="EVN">
                                    <templateId root="2.16.840.1.113883.10.20.1.31"/>
                                    <templateId root="1.3.6.1.4.1.19376.1.5.3.1.4.13"/>
                                    <templateId root="2.16.840.1.113883.3.88.11.83.15.1"/>
                                    <id root="8ec826cb-3f76-42f3-a90d-f2a18e78e027"/>
                                    <code code="BASO" codeSystemName="L" displayName="BASO ABS"/>
                                    <text>BASO ABS<reference value="#Observation_7d4c6786e717e8efbbe4fa"/>
                                    </text>
                                    <statusCode code="completed"/>
                                    <effectiveTime value="201207240945-0800"/>
                                    <value xsi:type="PQ">0.08<reference value="#ObservationValue_3f4e9e9f5f927937cc9fc6"/>
                                    </value>
                                    <referenceRange>
                                        <observationRange>
                                            <value xsi:type="IVL_PQ">
                                                <low value="0.00" unit="THOUSAND"/>
                                                <high value="0.20" unit="THOUSAND"/>
                                            </value>
                                        </observationRange>
                                    </referenceRange>
                                </observation>
                            </component>
                            <component>
                                <observation classCode="OBS" moodCode="EVN">
                                    <templateId root="2.16.840.1.113883.10.20.1.31"/>
                                    <templateId root="1.3.6.1.4.1.19376.1.5.3.1.4.13"/>
                                    <templateId root="2.16.840.1.113883.3.88.11.83.15.1"/>
                                    <id root="ff2ad8a7-a1f5-45cf-91ac-560601b96f9b"/>
                                    <code code="##LUC" codeSystemName="L" displayName="LUC ABS"/>
                                    <text>LUC ABS<reference value="#Observation_16437f8f48d1afee31a83c"/>
                                    </text>
                                    <statusCode code="completed"/>
                                    <effectiveTime value="201207240945-0800"/>
                                    <value xsi:type="PQ">0.07<reference value="#ObservationValue_6c49b9a356481592990e0d"/>
                                    </value>
                                    <referenceRange>
                                        <observationRange>
                                            <value xsi:type="IVL_PQ">
                                                <low value="0.00" unit="THOUSAND"/>
                                                <high value="0.40" unit="THOUSAND"/>
                                            </value>
                                        </observationRange>
                                    </referenceRange>
                                </observation>
                            </component>
                            <component>
                                <observation classCode="OBS" moodCode="EVN">
                                    <templateId root="2.16.840.1.113883.10.20.1.31"/>
                                    <templateId root="1.3.6.1.4.1.19376.1.5.3.1.4.13"/>
                                    <templateId root="2.16.840.1.113883.3.88.11.83.15.1"/>
                                    <id root="de52bdb2-44e9-41e5-9344-4ed24669ac8b"/>
                                    <code code="#MNBND" codeSystemName="L" displayName="MAN BAND NEUT"/>
                                    <text>MAN BAND NEUT<reference value="#Observation_1446cb933e1885df326837"/>
                                    </text>
                                    <statusCode code="completed"/>
                                    <effectiveTime value="201207240945-0800"/>
                                    <value xsi:type="PQ">6<reference value="#ObservationValue_454fedba80f8c2425ba79a"/>
                                    </value>
                                    <interpretationCode code="N" codeSystem="2.16.840.1.113883.5.83" codeSystemName="Observation Interpretation" displayName="Normal"/>
                                    <referenceRange>
                                        <observationRange>
                                            <value xsi:type="IVL_PQ">
                                                <low value="0" unit="PERCENT"/>
                                                <high value="8" unit="PERCENT"/>
                                            </value>
                                        </observationRange>
                                    </referenceRange>
                                </observation>
                            </component>
                            <component>
                                <observation classCode="OBS" moodCode="EVN">
                                    <templateId root="2.16.840.1.113883.10.20.1.31"/>
                                    <templateId root="1.3.6.1.4.1.19376.1.5.3.1.4.13"/>
                                    <templateId root="2.16.840.1.113883.3.88.11.83.15.1"/>
                                    <id root="0a050297-0a2b-4ada-af49-c5f502718216"/>
                                    <code code="#MNSEG" codeSystemName="L" displayName="MAN SEG NEUT"/>
                                    <text>MAN SEG NEUT<reference value="#Observation_d24d838d9d2a3d8484a8d2"/>
                                    </text>
                                    <statusCode code="completed"/>
                                    <effectiveTime value="201207240945-0800"/>
                                    <value xsi:type="PQ">70<reference value="#ObservationValue_f34e89a4853f2c2bef644a"/>
                                    </value>
                                    <referenceRange>
                                        <observationRange>
                                            <value xsi:type="IVL_PQ">
                                                <low value="40" unit="PERCENT"/>
                                                <high value="74" unit="PERCENT"/>
                                            </value>
                                        </observationRange>
                                    </referenceRange>
                                </observation>
                            </component>
                            <component>
                                <observation classCode="OBS" moodCode="EVN">
                                    <templateId root="2.16.840.1.113883.10.20.1.31"/>
                                    <templateId root="1.3.6.1.4.1.19376.1.5.3.1.4.13"/>
                                    <templateId root="2.16.840.1.113883.3.88.11.83.15.1"/>
                                    <id root="9e83c6ed-cd3b-47d0-86ec-43a087b0c6b7"/>
                                    <code code="#MNLYM" codeSystemName="L" displayName="MAN LYMPH"/>
                                    <text>MAN LYMPH<reference value="#Observation_304eb0933f247a5eaa6055"/>
                                    </text>
                                    <statusCode code="completed"/>
                                    <effectiveTime value="201207240945-0800"/>
                                    <value xsi:type="PQ">21<reference value="#ObservationValue_d1426a97c54969422bf54f"/>
                                    </value>
                                    <interpretationCode code="N" codeSystem="2.16.840.1.113883.5.83" codeSystemName="Observation Interpretation" displayName="Normal"/>
                                    <referenceRange>
                                        <observationRange>
                                            <value xsi:type="IVL_PQ">
                                                <low value="19" unit="PERCENT"/>
                                                <high value="48" unit="PERCENT"/>
                                            </value>
                                        </observationRange>
                                    </referenceRange>
                                </observation>
                            </component>
                            <component>
                                <observation classCode="OBS" moodCode="EVN">
                                    <templateId root="2.16.840.1.113883.10.20.1.31"/>
                                    <templateId root="1.3.6.1.4.1.19376.1.5.3.1.4.13"/>
                                    <templateId root="2.16.840.1.113883.3.88.11.83.15.1"/>
                                    <id root="b082a8c0-26df-488e-a838-e05fc587e561"/>
                                    <code code="#MNMNO" codeSystemName="L" displayName="MAN MONO"/>
                                    <text>MAN MONO<reference value="#Observation_8b46cdb9327026abef2f83"/>
                                    </text>
                                    <statusCode code="completed"/>
                                    <effectiveTime value="201207240945-0800"/>
                                    <value xsi:type="PQ">8<reference value="#ObservationValue_524584b0731dae72d569e5"/>
                                    </value>
                                    <referenceRange>
                                        <observationRange>
                                            <value xsi:type="IVL_PQ">
                                                <low value="4" unit="PERCENT"/>
                                                <high value="9" unit="PERCENT"/>
                                            </value>
                                        </observationRange>
                                    </referenceRange>
                                </observation>
                            </component>
                            <component>
                                <observation classCode="OBS" moodCode="EVN">
                                    <templateId root="2.16.840.1.113883.10.20.1.31"/>
                                    <templateId root="1.3.6.1.4.1.19376.1.5.3.1.4.13"/>
                                    <templateId root="2.16.840.1.113883.3.88.11.83.15.1"/>
                                    <id root="af2b2fa1-041d-411f-844c-0f44be93f478"/>
                                    <code code="#MNEOS" codeSystemName="L" displayName="MAN EOS"/>
                                    <text>MAN EOS<reference value="#Observation_b148198315fc9a2be9f70e"/>
                                    </text>
                                    <statusCode code="completed"/>
                                    <effectiveTime value="201207240945-0800"/>
                                    <value xsi:type="PQ">3<reference value="#ObservationValue_f749239761fc7ecf9fbaf1"/>
                                    </value>
                                    <referenceRange>
                                        <observationRange>
                                            <value xsi:type="IVL_PQ">
                                                <low value="0" unit="PERCENT"/>
                                                <high value="7" unit="PERCENT"/>
                                            </value>
                                        </observationRange>
                                    </referenceRange>
                                </observation>
                            </component>
                            <component>
                                <observation classCode="OBS" moodCode="EVN">
                                    <templateId root="2.16.840.1.113883.10.20.1.31"/>
                                    <templateId root="1.3.6.1.4.1.19376.1.5.3.1.4.13"/>
                                    <templateId root="2.16.840.1.113883.3.88.11.83.15.1"/>
                                    <id root="67828049-e638-43de-961b-bf31f1269df6"/>
                                    <code code="#MNBAS" codeSystemName="L" displayName="MAN BASO"/>
                                    <text>MAN BASO<reference value="#Observation_394c85837c7427860dd088"/>
                                    </text>
                                    <statusCode code="completed"/>
                                    <effectiveTime value="201207240945-0800"/>
                                    <value xsi:type="PQ">0<reference value="#ObservationValue_7a4cde8c02d5045bec2f70"/>
                                    </value>
                                    <referenceRange>
                                        <observationRange>
                                            <value xsi:type="IVL_PQ">
                                                <low value="0" unit="PERCENT"/>
                                                <high value="2" unit="PERCENT"/>
                                            </value>
                                        </observationRange>
                                    </referenceRange>
                                </observation>
                            </component>
                            <component>
                                <observation classCode="OBS" moodCode="EVN">
                                    <templateId root="2.16.840.1.113883.10.20.1.31"/>
                                    <templateId root="1.3.6.1.4.1.19376.1.5.3.1.4.13"/>
                                    <templateId root="2.16.840.1.113883.3.88.11.83.15.1"/>
                                    <id root="3c8d9516-b64f-4fee-897d-b2e470f163eb"/>
                                    <code code="#MNMET" codeSystemName="L" displayName="MAN METAMYL"/>
                                    <text>MAN METAMYL<reference value="#Observation_b04221bffb5fdb3287c3b4"/>
                                    </text>
                                    <statusCode code="completed"/>
                                    <effectiveTime value="201207240945-0800"/>
                                    <value xsi:type="PQ">0<reference value="#ObservationValue_fc4db48dddcae5c1808b1e"/>
                                    </value>
                                    <referenceRange>
                                        <observationRange>
                                            <value xsi:type="IVL_PQ">
                                                <low value="0" unit="PERCENT"/>
                                                <high value="1" unit="PERCENT"/>
                                            </value>
                                        </observationRange>
                                    </referenceRange>
                                </observation>
                            </component>
                            <component>
                                <observation classCode="OBS" moodCode="EVN">
                                    <templateId root="2.16.840.1.113883.10.20.1.31"/>
                                    <templateId root="1.3.6.1.4.1.19376.1.5.3.1.4.13"/>
                                    <templateId root="2.16.840.1.113883.3.88.11.83.15.1"/>
                                    <id root="fed2ee21-d5af-4f52-931f-42d293441c4d"/>
                                    <code code="#MNMYL" codeSystemName="L" displayName="MAN MYELOCYTE"/>
                                    <text>MAN MYELOCYTE<reference value="#Observation_a940e88da8b12a0b535ab5"/>
                                    </text>
                                    <statusCode code="completed"/>
                                    <effectiveTime value="201207240945-0800"/>
                                    <value xsi:type="PQ">0<reference value="#ObservationValue_cf45a188bbac328e2c85a2"/>
                                    </value>
                                    <referenceRange>
                                        <observationRange>
                                            <value xsi:type="IVL_PQ">
                                                <low value="0" unit="PERCENT"/>
                                                <high value="1" unit="PERCENT"/>
                                            </value>
                                        </observationRange>
                                    </referenceRange>
                                </observation>
                            </component>
                            <component>
                                <observation classCode="OBS" moodCode="EVN">
                                    <templateId root="2.16.840.1.113883.10.20.1.31"/>
                                    <templateId root="1.3.6.1.4.1.19376.1.5.3.1.4.13"/>
                                    <templateId root="2.16.840.1.113883.3.88.11.83.15.1"/>
                                    <id root="9d96f3ca-9fed-45d1-9d12-dfee4681a4e6"/>
                                    <code code="#MNPRO" codeSystemName="L" displayName="MAN PROMYELO"/>
                                    <text>MAN PROMYELO<reference value="#Observation_184ec491c1fd90c52e1528"/>
                                    </text>
                                    <statusCode code="completed"/>
                                    <effectiveTime value="201207240945-0800"/>
                                    <value xsi:type="PQ">0<reference value="#ObservationValue_c441a09fea8b1e9ab208c1"/>
                                    </value>
                                    <referenceRange>
                                        <observationRange>
                                            <value xsi:type="IVL_PQ">
                                                <low value="0" unit="PERCENT"/>
                                                <high value="0" unit="PERCENT"/>
                                            </value>
                                        </observationRange>
                                    </referenceRange>
                                </observation>
                            </component>
                            <component>
                                <observation classCode="OBS" moodCode="EVN">
                                    <templateId root="2.16.840.1.113883.10.20.1.31"/>
                                    <templateId root="1.3.6.1.4.1.19376.1.5.3.1.4.13"/>
                                    <templateId root="2.16.840.1.113883.3.88.11.83.15.1"/>
                                    <id root="9af9be5c-6f05-4a87-95d1-d0bd1c2a1410"/>
                                    <code code="#MNBLS" codeSystemName="L" displayName="MAN BLASTS"/>
                                    <text>MAN BLASTS<reference value="#Observation_96435f86d626923a20e04c"/>
                                    </text>
                                    <statusCode code="completed"/>
                                    <effectiveTime value="201207240945-0800"/>
                                    <value xsi:type="PQ">0<reference value="#ObservationValue_75442cbae2061c1fb7ab61"/>
                                    </value>
                                    <referenceRange>
                                        <observationRange>
                                            <value xsi:type="IVL_PQ">
                                                <low value="0" unit="PERCENT"/>
                                                <high value="0" unit="PERCENT"/>
                                            </value>
                                        </observationRange>
                                    </referenceRange>
                                </observation>
                            </component>
                            <component>
                                <observation classCode="OBS" moodCode="EVN">
                                    <templateId root="2.16.840.1.113883.10.20.1.31"/>
                                    <templateId root="1.3.6.1.4.1.19376.1.5.3.1.4.13"/>
                                    <templateId root="2.16.840.1.113883.3.88.11.83.15.1"/>
                                    <id root="611d1633-72c5-4daa-b4d2-ea9fa3399e88"/>
                                    <code code="#ESPLT" codeSystemName="L" displayName="PLATELET (EST)"/>
                                    <text>PLATELET (EST)<reference value="#Observation_814574bdc1ae9d77d4ab88"/>
                                    </text>
                                    <statusCode code="completed"/>
                                    <effectiveTime value="201207240945-0800"/>
                                    <value xsi:type="ED">10-12<reference value="#ObservationValue_c643e4922885287d05e951"/>
                                    </value>
                                    <entryRelationship typeCode="SUBJ" inversionInd="true">
                                        <act classCode="ACT" moodCode="EVN">
                                            <templateId root="2.16.840.1.113883.10.20.1.40"/>
                                            <templateId root="2.16.840.1.113883.3.88.11.83.11"/>
                                            <templateId root="1.3.6.1.4.1.19376.1.5.3.1.4.2"/>
                                            <code code="48767-8" codeSystem="2.16.840.1.113883.6.1" codeSystemName="LOINC" displayName="Annotation Comment"/>
                                            <text>PLATELET COUNT CONSISTENT  WITH SLIDE REVIEW ESPLT  EACH PLATELET PER OIL IMMERSION FIELD REPRESENTS APPROXIMATELY        TWENTY THOUSAND PLATELETS PER CUBIC MILLIMETER.<reference value="Comment_bb4d40b0ffa021d3815e1b"/>
                                            </text>
                                            <statusCode code="completed"/>
                                        </act>
                                    </entryRelationship>
                                    <referenceRange>
                                        <observationRange>
                                            <value xsi:type="IVL_PQ">
                                                <low value="7" unit="PER_OIF"/>
                                                <high value="20" unit="PER_OIF"/>
                                            </value>
                                        </observationRange>
                                    </referenceRange>
                                </observation>
                            </component>
                        </organizer>
                    </entry>
                    <entry>
                        <organizer classCode="BATTERY" moodCode="EVN">
                            <templateId root="2.16.840.1.113883.10.20.1.32"/>
                            <id root="541bbe20-5806-4d14-9fec-c0f6f3d5e92d"/>
                            <code code="CBC" codeSystemName="L" displayName="CBC">
                                <translation code="LAB"/>
                            </code>
                            <statusCode code="completed"/>
                            <component>
                                <procedure classCode="PROC" moodCode="EVN">
                                    <templateId root="2.16.840.1.113883.10.20.1.29"/>
                                    <templateId root="1.3.6.1.4.1.19376.1.5.3.1.4.19"/>
                                    <templateId root="2.16.840.1.113883.3.88.11.83.17"/>
                                    <id root="7ad5cd2d-aae1-425d-93a9-33e973d5a12d"/>
                                    <code nullFlavor="NI">
                                        <originalText>CBC</originalText>
                                    </code>
                                    <text>CBC</text>
                                    <statusCode code="completed"/>
                                    <effectiveTime>
                                        <low value="201208010945-0800"/>
                                    </effectiveTime>
                                    <priorityCode code="S" codeSystem="2.16.840.1.113883.3.88.12.80.71" codeSystemName="Order Priority" displayName="Stat"/>
                                    <participant typeCode="RESP" contextControlCode="OP">
                                        <participantRole>
                                            <addr nullFlavor="NI"/>
                                            <playingEntity>
                                                <name>
                                                    <given>Unnamed</given>
                                                    <family>User</family>
                                                </name>
                                            </playingEntity>
                                        </participantRole>
                                    </participant>
                                    <participant typeCode="ATND" contextControlCode="OP">
                                        <participantRole>
                                            <addr nullFlavor="NI"/>
                                            <playingEntity>
                                                <name>
                                                    <given>Test</given>
                                                    <family>Userone</family>
                                                </name>
                                            </playingEntity>
                                        </participantRole>
                                    </participant>
                                    <participant typeCode="ADM" contextControlCode="OP">
                                        <participantRole>
                                            <addr nullFlavor="NI"/>
                                            <playingEntity>
                                                <name>
                                                    <given>Test</given>
                                                    <family>Faxuser</family>
                                                </name>
                                            </playingEntity>
                                        </participantRole>
                                    </participant>
                                    <participant typeCode="REF" contextControlCode="OP">
                                        <participantRole>
                                            <addr nullFlavor="NI"/>
                                            <playingEntity>
                                                <name>
                                                    <given>Test</given>
                                                    <family>Faxuser</family>
                                                </name>
                                            </playingEntity>
                                        </participantRole>
                                    </participant>
                                    <participant typeCode="ORG" contextControlCode="OP">
                                        <participantRole>
                                            <addr nullFlavor="NI"/>
                                            <telecom nullFlavor="NI"/>
                                            <playingEntity>
                                                <name>UniLab</name>
                                            </playingEntity>
                                        </participantRole>
                                    </participant>
                                </procedure>
                            </component>
                            <component>
                                <observation classCode="OBS" moodCode="EVN">
                                    <templateId root="2.16.840.1.113883.10.20.1.31"/>
                                    <templateId root="1.3.6.1.4.1.19376.1.5.3.1.4.13"/>
                                    <templateId root="2.16.840.1.113883.3.88.11.83.15.1"/>
                                    <id root="f5d9801c-0321-4687-a68e-89c6c4edab69"/>
                                    <code code="#WBC" codeSystemName="L" displayName="WBC"/>
                                    <text>WBC<reference value="#Observation_9a48c8845fd07601a62b7a"/>
                                    </text>
                                    <statusCode code="completed"/>
                                    <effectiveTime value="201208010945-0800"/>
                                    <value xsi:type="PQ">6.33<reference value="#ObservationValue_5248ada4f6cae671980930"/>
                                    </value>
                                    <referenceRange>
                                        <observationRange>
                                            <value xsi:type="IVL_PQ">
                                                <low value="4.80" unit="THOUSAND"/>
                                                <high value="10.80" unit="THOUSAND"/>
                                            </value>
                                        </observationRange>
                                    </referenceRange>
                                </observation>
                            </component>
                            <component>
                                <observation classCode="OBS" moodCode="EVN">
                                    <templateId root="2.16.840.1.113883.10.20.1.31"/>
                                    <templateId root="1.3.6.1.4.1.19376.1.5.3.1.4.13"/>
                                    <templateId root="2.16.840.1.113883.3.88.11.83.15.1"/>
                                    <id root="e5b22625-f2df-403f-a978-28a00ee1a90c"/>
                                    <code code="#HGB" codeSystemName="L" displayName="HGB"/>
                                    <text>HGB<reference value="#Observation_5244b7a692d333acc0662a"/>
                                    </text>
                                    <statusCode code="completed"/>
                                    <effectiveTime value="201208010945-0800"/>
                                    <value xsi:type="PQ">14.4<reference value="#ObservationValue_e244bbb6d2cc511a619325"/>
                                    </value>
                                    <referenceRange>
                                        <observationRange>
                                            <value xsi:type="IVL_PQ">
                                                <low value="14.0" unit="G/dl"/>
                                                <high value="18.0" unit="G/dl"/>
                                            </value>
                                        </observationRange>
                                    </referenceRange>
                                </observation>
                            </component>
                            <component>
                                <observation classCode="OBS" moodCode="EVN">
                                    <templateId root="2.16.840.1.113883.10.20.1.31"/>
                                    <templateId root="1.3.6.1.4.1.19376.1.5.3.1.4.13"/>
                                    <templateId root="2.16.840.1.113883.3.88.11.83.15.1"/>
                                    <id root="3a3aa3a4-5e5b-4758-867f-e80cabb677f7"/>
                                    <code code="#HCT" codeSystemName="L" displayName="HCT"/>
                                    <text>HCT<reference value="#Observation_704ca6959ac1a90a26081a"/>
                                    </text>
                                    <statusCode code="completed"/>
                                    <effectiveTime value="201208010945-0800"/>
                                    <value xsi:type="PQ">44.2<reference value="#ObservationValue_4742b095615b499f92be06"/>
                                    </value>
                                    <referenceRange>
                                        <observationRange>
                                            <value xsi:type="IVL_PQ">
                                                <low value="42.0" unit="PERCENT"/>
                                                <high value="54.0" unit="PERCENT"/>
                                            </value>
                                        </observationRange>
                                    </referenceRange>
                                </observation>
                            </component>
                            <component>
                                <observation classCode="OBS" moodCode="EVN">
                                    <templateId root="2.16.840.1.113883.10.20.1.31"/>
                                    <templateId root="1.3.6.1.4.1.19376.1.5.3.1.4.13"/>
                                    <templateId root="2.16.840.1.113883.3.88.11.83.15.1"/>
                                    <id root="3a7317ee-6fef-413f-a2a8-e29bc24d9d2a"/>
                                    <code code="#PLT" codeSystemName="L" displayName="PLATELETS"/>
                                    <text>PLATELETS<reference value="#Observation_634eebb4ede9031ca05595"/>
                                    </text>
                                    <statusCode code="completed"/>
                                    <effectiveTime value="201208010945-0800"/>
                                    <value xsi:type="PQ">137<reference value="#ObservationValue_6940ab93e936e2a259887a"/>
                                    </value>
                                    <interpretationCode code="N" codeSystem="2.16.840.1.113883.5.83" codeSystemName="Observation Interpretation" displayName="Normal"/>
                                    <referenceRange>
                                        <observationRange>
                                            <value xsi:type="IVL_PQ">
                                                <low value="130" unit="THOUSAND"/>
                                                <high value="400" unit="THOUSAND"/>
                                            </value>
                                        </observationRange>
                                    </referenceRange>
                                </observation>
                            </component>
                            <component>
                                <observation classCode="OBS" moodCode="EVN">
                                    <templateId root="2.16.840.1.113883.10.20.1.31"/>
                                    <templateId root="1.3.6.1.4.1.19376.1.5.3.1.4.13"/>
                                    <templateId root="2.16.840.1.113883.3.88.11.83.15.1"/>
                                    <id root="e206c135-009e-4253-b44c-d7e0c585f7ea"/>
                                    <code code="#RBC" codeSystemName="L" displayName="RBC"/>
                                    <text>RBC<reference value="#Observation_82419d9445b2e17121a6a4"/>
                                    </text>
                                    <statusCode code="completed"/>
                                    <effectiveTime value="201208010945-0800"/>
                                    <value xsi:type="PQ">4.81<reference value="#ObservationValue_bc4c368eabd7089b260878"/>
                                    </value>
                                    <referenceRange>
                                        <observationRange>
                                            <value xsi:type="IVL_PQ">
                                                <low value="4.70" unit="MILLION"/>
                                                <high value="6.10" unit="MILLION"/>
                                            </value>
                                        </observationRange>
                                    </referenceRange>
                                </observation>
                            </component>
                            <component>
                                <observation classCode="OBS" moodCode="EVN">
                                    <templateId root="2.16.840.1.113883.10.20.1.31"/>
                                    <templateId root="1.3.6.1.4.1.19376.1.5.3.1.4.13"/>
                                    <templateId root="2.16.840.1.113883.3.88.11.83.15.1"/>
                                    <id root="65ac2290-b2cb-4a35-a330-852d8fe50f37"/>
                                    <code code="#MCV" codeSystemName="L" displayName="MCV"/>
                                    <text>MCV<reference value="#Observation_4547b0b6dc93f6d6286003"/>
                                    </text>
                                    <statusCode code="completed"/>
                                    <effectiveTime value="201208010945-0800"/>
                                    <value xsi:type="PQ">92.2<reference value="#ObservationValue_f544459803c88ab167510b"/>
                                    </value>
                                    <referenceRange>
                                        <observationRange>
                                            <value xsi:type="IVL_PQ">
                                                <low value="83.0" unit="fl"/>
                                                <high value="99.0" unit="fl"/>
                                            </value>
                                        </observationRange>
                                    </referenceRange>
                                </observation>
                            </component>
                            <component>
                                <observation classCode="OBS" moodCode="EVN">
                                    <templateId root="2.16.840.1.113883.10.20.1.31"/>
                                    <templateId root="1.3.6.1.4.1.19376.1.5.3.1.4.13"/>
                                    <templateId root="2.16.840.1.113883.3.88.11.83.15.1"/>
                                    <id root="321c851b-2c68-4a83-9ad2-90472353b676"/>
                                    <code code="#MCH" codeSystemName="L" displayName="MCH"/>
                                    <text>MCH<reference value="#Observation_484bcebb5a0a8008e68dca"/>
                                    </text>
                                    <statusCode code="completed"/>
                                    <effectiveTime value="201208010945-0800"/>
                                    <value xsi:type="PQ">30.6<reference value="#ObservationValue_f3499a970073ffd762f431"/>
                                    </value>
                                    <referenceRange>
                                        <observationRange>
                                            <value xsi:type="IVL_PQ">
                                                <low value="27.0" unit="pg"/>
                                                <high value="32.0" unit="pg"/>
                                            </value>
                                        </observationRange>
                                    </referenceRange>
                                </observation>
                            </component>
                            <component>
                                <observation classCode="OBS" moodCode="EVN">
                                    <templateId root="2.16.840.1.113883.10.20.1.31"/>
                                    <templateId root="1.3.6.1.4.1.19376.1.5.3.1.4.13"/>
                                    <templateId root="2.16.840.1.113883.3.88.11.83.15.1"/>
                                    <id root="9d82c56c-ff60-45ae-839f-c25354b0097e"/>
                                    <code code="#MCHC" codeSystemName="L" displayName="MCHC"/>
                                    <text>MCHC<reference value="#Observation_c44d25b1f78404436cc9c9"/>
                                    </text>
                                    <statusCode code="completed"/>
                                    <effectiveTime value="201208010945-0800"/>
                                    <value xsi:type="PQ">33.3<reference value="#ObservationValue_a8474eae7d6cd3b2175409"/>
                                    </value>
                                    <referenceRange>
                                        <observationRange>
                                            <value xsi:type="IVL_PQ">
                                                <low value="32.0" unit="G/dl"/>
                                                <high value="37.0" unit="G/dl"/>
                                            </value>
                                        </observationRange>
                                    </referenceRange>
                                </observation>
                            </component>
                            <component>
                                <observation classCode="OBS" moodCode="EVN">
                                    <templateId root="2.16.840.1.113883.10.20.1.31"/>
                                    <templateId root="1.3.6.1.4.1.19376.1.5.3.1.4.13"/>
                                    <templateId root="2.16.840.1.113883.3.88.11.83.15.1"/>
                                    <id root="1d62cbdb-f432-418c-b9e1-dd1c83d2ce81"/>
                                    <code code="#RDW" codeSystemName="L" displayName="RDW"/>
                                    <text>RDW<reference value="#Observation_394aea942bce6201632166"/>
                                    </text>
                                    <statusCode code="completed"/>
                                    <effectiveTime value="201208010945-0800"/>
                                    <value xsi:type="PQ">13<reference value="#ObservationValue_734df794745844233d9c3a"/>
                                    </value>
                                    <interpretationCode code="N" codeSystem="2.16.840.1.113883.5.83" codeSystemName="Observation Interpretation" displayName="Normal"/>
                                    <referenceRange>
                                        <observationRange>
                                            <value xsi:type="IVL_PQ">
                                                <low value="11.5" unit="PERCENT"/>
                                                <high value="14.5" unit="PERCENT"/>
                                            </value>
                                        </observationRange>
                                    </referenceRange>
                                </observation>
                            </component>
                            <component>
                                <observation classCode="OBS" moodCode="EVN">
                                    <templateId root="2.16.840.1.113883.10.20.1.31"/>
                                    <templateId root="1.3.6.1.4.1.19376.1.5.3.1.4.13"/>
                                    <templateId root="2.16.840.1.113883.3.88.11.83.15.1"/>
                                    <id root="fb58ae0b-e9d4-44e6-b63a-acdfdef319ab"/>
                                    <code code="#NEUT" codeSystemName="L" displayName="NEUT"/>
                                    <text>NEUT<reference value="#Observation_e74a488281cdf224bc069e"/>
                                    </text>
                                    <statusCode code="completed"/>
                                    <effectiveTime value="201208010945-0800"/>
                                    <value xsi:type="PQ">68<reference value="#ObservationValue_e846d4a55ca1df02886685"/>
                                    </value>
                                    <interpretationCode code="N" codeSystem="2.16.840.1.113883.5.83" codeSystemName="Observation Interpretation" displayName="Normal"/>
                                    <referenceRange>
                                        <observationRange>
                                            <value xsi:type="IVL_PQ">
                                                <low value="40.0" unit="PERCENT"/>
                                                <high value="74.0" unit="PERCENT"/>
                                            </value>
                                        </observationRange>
                                    </referenceRange>
                                </observation>
                            </component>
                            <component>
                                <observation classCode="OBS" moodCode="EVN">
                                    <templateId root="2.16.840.1.113883.10.20.1.31"/>
                                    <templateId root="1.3.6.1.4.1.19376.1.5.3.1.4.13"/>
                                    <templateId root="2.16.840.1.113883.3.88.11.83.15.1"/>
                                    <id root="660b1e1b-be76-480e-a333-1aeeb858005f"/>
                                    <code code="#LYMPH" codeSystemName="L" displayName="LYMPH"/>
                                    <text>LYMPH<reference value="#Observation_99456cb3bab570ce36d175"/>
                                    </text>
                                    <statusCode code="completed"/>
                                    <effectiveTime value="201208010945-0800"/>
                                    <value xsi:type="PQ">24<reference value="#ObservationValue_e6410c889b7ed3a8dc4b73"/>
                                    </value>
                                    <interpretationCode code="N" codeSystem="2.16.840.1.113883.5.83" codeSystemName="Observation Interpretation" displayName="Normal"/>
                                    <referenceRange>
                                        <observationRange>
                                            <value xsi:type="IVL_PQ">
                                                <low value="19.0" unit="PERCENT"/>
                                                <high value="48.0" unit="PERCENT"/>
                                            </value>
                                        </observationRange>
                                    </referenceRange>
                                </observation>
                            </component>
                            <component>
                                <observation classCode="OBS" moodCode="EVN">
                                    <templateId root="2.16.840.1.113883.10.20.1.31"/>
                                    <templateId root="1.3.6.1.4.1.19376.1.5.3.1.4.13"/>
                                    <templateId root="2.16.840.1.113883.3.88.11.83.15.1"/>
                                    <id root="b260ff9a-9c20-4791-8587-d18993f2b59a"/>
                                    <code code="#MONO" codeSystemName="L" displayName="MONO"/>
                                    <text>MONO<reference value="#Observation_49451eb435ed17379e115a"/>
                                    </text>
                                    <statusCode code="completed"/>
                                    <effectiveTime value="201208010945-0800"/>
                                    <value xsi:type="PQ">8.7<reference value="#ObservationValue_6e4543a2850fefaca3f263"/>
                                    </value>
                                    <interpretationCode code="N" codeSystem="2.16.840.1.113883.5.83" codeSystemName="Observation Interpretation" displayName="Normal"/>
                                    <referenceRange>
                                        <observationRange>
                                            <value xsi:type="IVL_PQ">
                                                <low value="3.5" unit="PERCENT"/>
                                                <high value="9.0" unit="PERCENT"/>
                                            </value>
                                        </observationRange>
                                    </referenceRange>
                                </observation>
                            </component>
                            <component>
                                <observation classCode="OBS" moodCode="EVN">
                                    <templateId root="2.16.840.1.113883.10.20.1.31"/>
                                    <templateId root="1.3.6.1.4.1.19376.1.5.3.1.4.13"/>
                                    <templateId root="2.16.840.1.113883.3.88.11.83.15.1"/>
                                    <id root="3cfe6c82-0e39-4171-bd69-052f7827bfc2"/>
                                    <code code="#EOS" codeSystemName="L" displayName="EOS"/>
                                    <text>EOS<reference value="#Observation_8c424785f59a6d2e5bfbf6"/>
                                    </text>
                                    <statusCode code="completed"/>
                                    <effectiveTime value="201208010945-0800"/>
                                    <value xsi:type="PQ">0.7<reference value="#ObservationValue_734e92b258d81ecbd2bf9c"/>
                                    </value>
                                    <referenceRange>
                                        <observationRange>
                                            <value xsi:type="IVL_PQ">
                                                <low value="0.0" unit="PERCENT"/>
                                                <high value="7.0" unit="PERCENT"/>
                                            </value>
                                        </observationRange>
                                    </referenceRange>
                                </observation>
                            </component>
                            <component>
                                <observation classCode="OBS" moodCode="EVN">
                                    <templateId root="2.16.840.1.113883.10.20.1.31"/>
                                    <templateId root="1.3.6.1.4.1.19376.1.5.3.1.4.13"/>
                                    <templateId root="2.16.840.1.113883.3.88.11.83.15.1"/>
                                    <id root="53d3a3ba-73a4-46ad-a145-1491cd910141"/>
                                    <code code="#BASO" codeSystemName="L" displayName="BASO"/>
                                    <text>BASO<reference value="#Observation_85441a965052326973eef0"/>
                                    </text>
                                    <statusCode code="completed"/>
                                    <effectiveTime value="201208010945-0800"/>
                                    <value xsi:type="PQ">0.6<reference value="#ObservationValue_63473588349a8d6b76281f"/>
                                    </value>
                                    <referenceRange>
                                        <observationRange>
                                            <value xsi:type="IVL_PQ">
                                                <low value="0.0" unit="PERCENT"/>
                                                <high value="1.5" unit="PERCENT"/>
                                            </value>
                                        </observationRange>
                                    </referenceRange>
                                </observation>
                            </component>
                            <component>
                                <observation classCode="OBS" moodCode="EVN">
                                    <templateId root="2.16.840.1.113883.10.20.1.31"/>
                                    <templateId root="1.3.6.1.4.1.19376.1.5.3.1.4.13"/>
                                    <templateId root="2.16.840.1.113883.3.88.11.83.15.1"/>
                                    <id root="8f37ae17-6cc7-4344-9c0b-78807023199d"/>
                                    <code code="#LUC" codeSystemName="L" displayName="LGE UNST.CELL"/>
                                    <text>LGE UNST.CELL<reference value="#Observation_da4dff84aa950bd4790b9e"/>
                                    </text>
                                    <statusCode code="completed"/>
                                    <effectiveTime value="201208010945-0800"/>
                                    <value xsi:type="PQ">0.9<reference value="#ObservationValue_6a414f9f5c23db3a9b7105"/>
                                    </value>
                                    <referenceRange>
                                        <observationRange>
                                            <value xsi:type="IVL_PQ">
                                                <low value="0.0" unit="PERCENT"/>
                                                <high value="4.0" unit="PERCENT"/>
                                            </value>
                                        </observationRange>
                                    </referenceRange>
                                </observation>
                            </component>
                            <component>
                                <observation classCode="OBS" moodCode="EVN">
                                    <templateId root="2.16.840.1.113883.10.20.1.31"/>
                                    <templateId root="1.3.6.1.4.1.19376.1.5.3.1.4.13"/>
                                    <templateId root="2.16.840.1.113883.3.88.11.83.15.1"/>
                                    <id root="17b15fc9-08ed-48d1-944e-0f993e15f416"/>
                                    <code code="##NEUT" codeSystemName="L" displayName="NEUT ABS"/>
                                    <text>NEUT ABS<reference value="#Observation_d34a249f2890baa671c893"/>
                                    </text>
                                    <statusCode code="completed"/>
                                    <effectiveTime value="201208010945-0800"/>
                                    <value xsi:type="PQ">6.50<reference value="#ObservationValue_874c0d8dc37920bdfbccd3"/>
                                    </value>
                                    <referenceRange>
                                        <observationRange>
                                            <value xsi:type="IVL_PQ">
                                                <low value="1.90" unit="THOUSAND"/>
                                                <high value="8.00" unit="THOUSAND"/>
                                            </value>
                                        </observationRange>
                                    </referenceRange>
                                </observation>
                            </component>
                            <component>
                                <observation classCode="OBS" moodCode="EVN">
                                    <templateId root="2.16.840.1.113883.10.20.1.31"/>
                                    <templateId root="1.3.6.1.4.1.19376.1.5.3.1.4.13"/>
                                    <templateId root="2.16.840.1.113883.3.88.11.83.15.1"/>
                                    <id root="90268b9b-a226-4d98-a464-8752665ca2be"/>
                                    <code code="##LYMP" codeSystemName="L" displayName="LYMPH ABS"/>
                                    <text>LYMPH ABS<reference value="#Observation_4849b087405177d9863278"/>
                                    </text>
                                    <statusCode code="completed"/>
                                    <effectiveTime value="201208010945-0800"/>
                                    <value xsi:type="PQ">1.4<reference value="#ObservationValue_f548b8ae456e9f856b0210"/>
                                    </value>
                                    <interpretationCode code="N" codeSystem="2.16.840.1.113883.5.83" codeSystemName="Observation Interpretation" displayName="Normal"/>
                                    <referenceRange>
                                        <observationRange>
                                            <value xsi:type="IVL_PQ">
                                                <low value="0.90" unit="THOUSAND"/>
                                                <high value="5.20" unit="THOUSAND"/>
                                            </value>
                                        </observationRange>
                                    </referenceRange>
                                </observation>
                            </component>
                            <component>
                                <observation classCode="OBS" moodCode="EVN">
                                    <templateId root="2.16.840.1.113883.10.20.1.31"/>
                                    <templateId root="1.3.6.1.4.1.19376.1.5.3.1.4.13"/>
                                    <templateId root="2.16.840.1.113883.3.88.11.83.15.1"/>
                                    <id root="bca66e3c-53b5-4a99-a3f4-742c9e5cd0b2"/>
                                    <code code="##MONO" codeSystemName="L" displayName="MONO ABS"/>
                                    <text>MONO ABS<reference value="#Observation_044bfdbb68f5e4aff51c02"/>
                                    </text>
                                    <statusCode code="completed"/>
                                    <effectiveTime value="201208010945-0800"/>
                                    <value xsi:type="PQ">0.80<reference value="#ObservationValue_6c474eb74f733eb13423f7"/>
                                    </value>
                                    <referenceRange>
                                        <observationRange>
                                            <value xsi:type="IVL_PQ">
                                                <low value="0.16" unit="THOUSAND"/>
                                                <high value="1.00" unit="THOUSAND"/>
                                            </value>
                                        </observationRange>
                                    </referenceRange>
                                </observation>
                            </component>
                            <component>
                                <observation classCode="OBS" moodCode="EVN">
                                    <templateId root="2.16.840.1.113883.10.20.1.31"/>
                                    <templateId root="1.3.6.1.4.1.19376.1.5.3.1.4.13"/>
                                    <templateId root="2.16.840.1.113883.3.88.11.83.15.1"/>
                                    <id root="ace5012f-1c8f-47a9-9692-3467dfe0f7ae"/>
                                    <code code="EOS" codeSystemName="L" displayName="EOS ABS"/>
                                    <text>EOS ABS<reference value="#Observation_5b41809a7608acf255c127"/>
                                    </text>
                                    <statusCode code="completed"/>
                                    <effectiveTime value="201208010945-0800"/>
                                    <value xsi:type="PQ">0.07<reference value="#ObservationValue_894c7baa38b15bc638d515"/>
                                    </value>
                                    <referenceRange>
                                        <observationRange>
                                            <value xsi:type="IVL_PQ">
                                                <low value="0.00" unit="THOUSAND"/>
                                                <high value="0.80" unit="THOUSAND"/>
                                            </value>
                                        </observationRange>
                                    </referenceRange>
                                </observation>
                            </component>
                            <component>
                                <observation classCode="OBS" moodCode="EVN">
                                    <templateId root="2.16.840.1.113883.10.20.1.31"/>
                                    <templateId root="1.3.6.1.4.1.19376.1.5.3.1.4.13"/>
                                    <templateId root="2.16.840.1.113883.3.88.11.83.15.1"/>
                                    <id root="8ec826cb-3f76-42f3-a90d-f2a18e78e027"/>
                                    <code code="BASO" codeSystemName="L" displayName="BASO ABS"/>
                                    <text>BASO ABS<reference value="#Observation_7d4c6786e717e8efbbe4fa"/>
                                    </text>
                                    <statusCode code="completed"/>
                                    <effectiveTime value="201208010945-0800"/>
                                    <value xsi:type="PQ">0.08<reference value="#ObservationValue_3f4e9e9f5f927937cc9fc6"/>
                                    </value>
                                    <referenceRange>
                                        <observationRange>
                                            <value xsi:type="IVL_PQ">
                                                <low value="0.00" unit="THOUSAND"/>
                                                <high value="0.20" unit="THOUSAND"/>
                                            </value>
                                        </observationRange>
                                    </referenceRange>
                                </observation>
                            </component>
                            <component>
                                <observation classCode="OBS" moodCode="EVN">
                                    <templateId root="2.16.840.1.113883.10.20.1.31"/>
                                    <templateId root="1.3.6.1.4.1.19376.1.5.3.1.4.13"/>
                                    <templateId root="2.16.840.1.113883.3.88.11.83.15.1"/>
                                    <id root="ff2ad8a7-a1f5-45cf-91ac-560601b96f9b"/>
                                    <code code="##LUC" codeSystemName="L" displayName="LUC ABS"/>
                                    <text>LUC ABS<reference value="#Observation_16437f8f48d1afee31a83c"/>
                                    </text>
                                    <statusCode code="completed"/>
                                    <effectiveTime value="201208010945-0800"/>
                                    <value xsi:type="PQ">0.07<reference value="#ObservationValue_6c49b9a356481592990e0d"/>
                                    </value>
                                    <referenceRange>
                                        <observationRange>
                                            <value xsi:type="IVL_PQ">
                                                <low value="0.00" unit="THOUSAND"/>
                                                <high value="0.40" unit="THOUSAND"/>
                                            </value>
                                        </observationRange>
                                    </referenceRange>
                                </observation>
                            </component>
                            <component>
                                <observation classCode="OBS" moodCode="EVN">
                                    <templateId root="2.16.840.1.113883.10.20.1.31"/>
                                    <templateId root="1.3.6.1.4.1.19376.1.5.3.1.4.13"/>
                                    <templateId root="2.16.840.1.113883.3.88.11.83.15.1"/>
                                    <id root="de52bdb2-44e9-41e5-9344-4ed24669ac8b"/>
                                    <code code="#MNBND" codeSystemName="L" displayName="MAN BAND NEUT"/>
                                    <text>MAN BAND NEUT<reference value="#Observation_1446cb933e1885df326837"/>
                                    </text>
                                    <statusCode code="completed"/>
                                    <effectiveTime value="201208010945-0800"/>
                                    <value xsi:type="PQ">6<reference value="#ObservationValue_454fedba80f8c2425ba79a"/>
                                    </value>
                                    <interpretationCode code="N" codeSystem="2.16.840.1.113883.5.83" codeSystemName="Observation Interpretation" displayName="Normal"/>
                                    <referenceRange>
                                        <observationRange>
                                            <value xsi:type="IVL_PQ">
                                                <low value="0" unit="PERCENT"/>
                                                <high value="8" unit="PERCENT"/>
                                            </value>
                                        </observationRange>
                                    </referenceRange>
                                </observation>
                            </component>
                            <component>
                                <observation classCode="OBS" moodCode="EVN">
                                    <templateId root="2.16.840.1.113883.10.20.1.31"/>
                                    <templateId root="1.3.6.1.4.1.19376.1.5.3.1.4.13"/>
                                    <templateId root="2.16.840.1.113883.3.88.11.83.15.1"/>
                                    <id root="0a050297-0a2b-4ada-af49-c5f502718216"/>
                                    <code code="#MNSEG" codeSystemName="L" displayName="MAN SEG NEUT"/>
                                    <text>MAN SEG NEUT<reference value="#Observation_d24d838d9d2a3d8484a8d2"/>
                                    </text>
                                    <statusCode code="completed"/>
                                    <effectiveTime value="201208010945-0800"/>
                                    <value xsi:type="PQ">70<reference value="#ObservationValue_f34e89a4853f2c2bef644a"/>
                                    </value>
                                    <referenceRange>
                                        <observationRange>
                                            <value xsi:type="IVL_PQ">
                                                <low value="40" unit="PERCENT"/>
                                                <high value="74" unit="PERCENT"/>
                                            </value>
                                        </observationRange>
                                    </referenceRange>
                                </observation>
                            </component>
                            <component>
                                <observation classCode="OBS" moodCode="EVN">
                                    <templateId root="2.16.840.1.113883.10.20.1.31"/>
                                    <templateId root="1.3.6.1.4.1.19376.1.5.3.1.4.13"/>
                                    <templateId root="2.16.840.1.113883.3.88.11.83.15.1"/>
                                    <id root="9e83c6ed-cd3b-47d0-86ec-43a087b0c6b7"/>
                                    <code code="#MNLYM" codeSystemName="L" displayName="MAN LYMPH"/>
                                    <text>MAN LYMPH<reference value="#Observation_304eb0933f247a5eaa6055"/>
                                    </text>
                                    <statusCode code="completed"/>
                                    <effectiveTime value="201208010945-0800"/>
                                    <value xsi:type="PQ">21<reference value="#ObservationValue_d1426a97c54969422bf54f"/>
                                    </value>
                                    <interpretationCode code="N" codeSystem="2.16.840.1.113883.5.83" codeSystemName="Observation Interpretation" displayName="Normal"/>
                                    <referenceRange>
                                        <observationRange>
                                            <value xsi:type="IVL_PQ">
                                                <low value="19" unit="PERCENT"/>
                                                <high value="48" unit="PERCENT"/>
                                            </value>
                                        </observationRange>
                                    </referenceRange>
                                </observation>
                            </component>
                            <component>
                                <observation classCode="OBS" moodCode="EVN">
                                    <templateId root="2.16.840.1.113883.10.20.1.31"/>
                                    <templateId root="1.3.6.1.4.1.19376.1.5.3.1.4.13"/>
                                    <templateId root="2.16.840.1.113883.3.88.11.83.15.1"/>
                                    <id root="b082a8c0-26df-488e-a838-e05fc587e561"/>
                                    <code code="#MNMNO" codeSystemName="L" displayName="MAN MONO"/>
                                    <text>MAN MONO<reference value="#Observation_8b46cdb9327026abef2f83"/>
                                    </text>
                                    <statusCode code="completed"/>
                                    <effectiveTime value="201208010945-0800"/>
                                    <value xsi:type="PQ">8<reference value="#ObservationValue_524584b0731dae72d569e5"/>
                                    </value>
                                    <referenceRange>
                                        <observationRange>
                                            <value xsi:type="IVL_PQ">
                                                <low value="4" unit="PERCENT"/>
                                                <high value="9" unit="PERCENT"/>
                                            </value>
                                        </observationRange>
                                    </referenceRange>
                                </observation>
                            </component>
                            <component>
                                <observation classCode="OBS" moodCode="EVN">
                                    <templateId root="2.16.840.1.113883.10.20.1.31"/>
                                    <templateId root="1.3.6.1.4.1.19376.1.5.3.1.4.13"/>
                                    <templateId root="2.16.840.1.113883.3.88.11.83.15.1"/>
                                    <id root="af2b2fa1-041d-411f-844c-0f44be93f478"/>
                                    <code code="#MNEOS" codeSystemName="L" displayName="MAN EOS"/>
                                    <text>MAN EOS<reference value="#Observation_b148198315fc9a2be9f70e"/>
                                    </text>
                                    <statusCode code="completed"/>
                                    <effectiveTime value="201208010945-0800"/>
                                    <value xsi:type="PQ">3<reference value="#ObservationValue_f749239761fc7ecf9fbaf1"/>
                                    </value>
                                    <referenceRange>
                                        <observationRange>
                                            <value xsi:type="IVL_PQ">
                                                <low value="0" unit="PERCENT"/>
                                                <high value="7" unit="PERCENT"/>
                                            </value>
                                        </observationRange>
                                    </referenceRange>
                                </observation>
                            </component>
                            <component>
                                <observation classCode="OBS" moodCode="EVN">
                                    <templateId root="2.16.840.1.113883.10.20.1.31"/>
                                    <templateId root="1.3.6.1.4.1.19376.1.5.3.1.4.13"/>
                                    <templateId root="2.16.840.1.113883.3.88.11.83.15.1"/>
                                    <id root="67828049-e638-43de-961b-bf31f1269df6"/>
                                    <code code="#MNBAS" codeSystemName="L" displayName="MAN BASO"/>
                                    <text>MAN BASO<reference value="#Observation_394c85837c7427860dd088"/>
                                    </text>
                                    <statusCode code="completed"/>
                                    <effectiveTime value="201208010945-0800"/>
                                    <value xsi:type="PQ">0<reference value="#ObservationValue_7a4cde8c02d5045bec2f70"/>
                                    </value>
                                    <referenceRange>
                                        <observationRange>
                                            <value xsi:type="IVL_PQ">
                                                <low value="0" unit="PERCENT"/>
                                                <high value="2" unit="PERCENT"/>
                                            </value>
                                        </observationRange>
                                    </referenceRange>
                                </observation>
                            </component>
                            <component>
                                <observation classCode="OBS" moodCode="EVN">
                                    <templateId root="2.16.840.1.113883.10.20.1.31"/>
                                    <templateId root="1.3.6.1.4.1.19376.1.5.3.1.4.13"/>
                                    <templateId root="2.16.840.1.113883.3.88.11.83.15.1"/>
                                    <id root="3c8d9516-b64f-4fee-897d-b2e470f163eb"/>
                                    <code code="#MNMET" codeSystemName="L" displayName="MAN METAMYL"/>
                                    <text>MAN METAMYL<reference value="#Observation_b04221bffb5fdb3287c3b4"/>
                                    </text>
                                    <statusCode code="completed"/>
                                    <effectiveTime value="201208010945-0800"/>
                                    <value xsi:type="PQ">0<reference value="#ObservationValue_fc4db48dddcae5c1808b1e"/>
                                    </value>
                                    <referenceRange>
                                        <observationRange>
                                            <value xsi:type="IVL_PQ">
                                                <low value="0" unit="PERCENT"/>
                                                <high value="1" unit="PERCENT"/>
                                            </value>
                                        </observationRange>
                                    </referenceRange>
                                </observation>
                            </component>
                            <component>
                                <observation classCode="OBS" moodCode="EVN">
                                    <templateId root="2.16.840.1.113883.10.20.1.31"/>
                                    <templateId root="1.3.6.1.4.1.19376.1.5.3.1.4.13"/>
                                    <templateId root="2.16.840.1.113883.3.88.11.83.15.1"/>
                                    <id root="fed2ee21-d5af-4f52-931f-42d293441c4d"/>
                                    <code code="#MNMYL" codeSystemName="L" displayName="MAN MYELOCYTE"/>
                                    <text>MAN MYELOCYTE<reference value="#Observation_a940e88da8b12a0b535ab5"/>
                                    </text>
                                    <statusCode code="completed"/>
                                    <effectiveTime value="201208010945-0800"/>
                                    <value xsi:type="PQ">0<reference value="#ObservationValue_cf45a188bbac328e2c85a2"/>
                                    </value>
                                    <referenceRange>
                                        <observationRange>
                                            <value xsi:type="IVL_PQ">
                                                <low value="0" unit="PERCENT"/>
                                                <high value="1" unit="PERCENT"/>
                                            </value>
                                        </observationRange>
                                    </referenceRange>
                                </observation>
                            </component>
                            <component>
                                <observation classCode="OBS" moodCode="EVN">
                                    <templateId root="2.16.840.1.113883.10.20.1.31"/>
                                    <templateId root="1.3.6.1.4.1.19376.1.5.3.1.4.13"/>
                                    <templateId root="2.16.840.1.113883.3.88.11.83.15.1"/>
                                    <id root="9d96f3ca-9fed-45d1-9d12-dfee4681a4e6"/>
                                    <code code="#MNPRO" codeSystemName="L" displayName="MAN PROMYELO"/>
                                    <text>MAN PROMYELO<reference value="#Observation_184ec491c1fd90c52e1528"/>
                                    </text>
                                    <statusCode code="completed"/>
                                    <effectiveTime value="201208010945-0800"/>
                                    <value xsi:type="PQ">0<reference value="#ObservationValue_c441a09fea8b1e9ab208c1"/>
                                    </value>
                                    <referenceRange>
                                        <observationRange>
                                            <value xsi:type="IVL_PQ">
                                                <low value="0" unit="PERCENT"/>
                                                <high value="0" unit="PERCENT"/>
                                            </value>
                                        </observationRange>
                                    </referenceRange>
                                </observation>
                            </component>
                            <component>
                                <observation classCode="OBS" moodCode="EVN">
                                    <templateId root="2.16.840.1.113883.10.20.1.31"/>
                                    <templateId root="1.3.6.1.4.1.19376.1.5.3.1.4.13"/>
                                    <templateId root="2.16.840.1.113883.3.88.11.83.15.1"/>
                                    <id root="9af9be5c-6f05-4a87-95d1-d0bd1c2a1410"/>
                                    <code code="#MNBLS" codeSystemName="L" displayName="MAN BLASTS"/>
                                    <text>MAN BLASTS<reference value="#Observation_96435f86d626923a20e04c"/>
                                    </text>
                                    <statusCode code="completed"/>
                                    <effectiveTime value="201208010945-0800"/>
                                    <value xsi:type="PQ">0<reference value="#ObservationValue_75442cbae2061c1fb7ab61"/>
                                    </value>
                                    <referenceRange>
                                        <observationRange>
                                            <value xsi:type="IVL_PQ">
                                                <low value="0" unit="PERCENT"/>
                                                <high value="0" unit="PERCENT"/>
                                            </value>
                                        </observationRange>
                                    </referenceRange>
                                </observation>
                            </component>
                            <component>
                                <observation classCode="OBS" moodCode="EVN">
                                    <templateId root="2.16.840.1.113883.10.20.1.31"/>
                                    <templateId root="1.3.6.1.4.1.19376.1.5.3.1.4.13"/>
                                    <templateId root="2.16.840.1.113883.3.88.11.83.15.1"/>
                                    <id root="611d1633-72c5-4daa-b4d2-ea9fa3399e88"/>
                                    <code code="#ESPLT" codeSystemName="L" displayName="PLATELET (EST)"/>
                                    <text>PLATELET (EST)<reference value="#Observation_814574bdc1ae9d77d4ab88"/>
                                    </text>
                                    <statusCode code="completed"/>
                                    <effectiveTime value="201208010945-0800"/>
                                    <value xsi:type="ED">10-12<reference value="#ObservationValue_c643e4922885287d05e951"/>
                                    </value>
                                    <entryRelationship typeCode="SUBJ" inversionInd="true">
                                        <act classCode="ACT" moodCode="EVN">
                                            <templateId root="2.16.840.1.113883.10.20.1.40"/>
                                            <templateId root="2.16.840.1.113883.3.88.11.83.11"/>
                                            <templateId root="1.3.6.1.4.1.19376.1.5.3.1.4.2"/>
                                            <code code="48767-8" codeSystem="2.16.840.1.113883.6.1" codeSystemName="LOINC" displayName="Annotation Comment"/>
                                            <text>PLATELET COUNT CONSISTENT  WITH SLIDE REVIEW ESPLT  EACH PLATELET PER OIL IMMERSION FIELD REPRESENTS APPROXIMATELY        TWENTY THOUSAND PLATELETS PER CUBIC MILLIMETER.<reference value="Comment_bb4d40b0ffa021d3815e1b"/>
                                            </text>
                                            <statusCode code="completed"/>
                                        </act>
                                    </entryRelationship>
                                    <referenceRange>
                                        <observationRange>
                                            <value xsi:type="IVL_PQ">
                                                <low value="7" unit="PER_OIF"/>
                                                <high value="20" unit="PER_OIF"/>
                                            </value>
                                        </observationRange>
                                    </referenceRange>
                                </observation>
                            </component>
                        </organizer>
                    </entry>
                    <entry>
                        <organizer classCode="BATTERY" moodCode="EVN">
                            <templateId root="2.16.840.1.113883.10.20.1.32"/>
                            <id root="541bbe20-5806-4d14-9fec-c0f6f3d5e92d"/>
                            <code code="CBC" codeSystemName="L" displayName="CBC">
                                <translation code="LAB"/>
                            </code>
                            <statusCode code="completed"/>
                            <component>
                                <procedure classCode="PROC" moodCode="EVN">
                                    <templateId root="2.16.840.1.113883.10.20.1.29"/>
                                    <templateId root="1.3.6.1.4.1.19376.1.5.3.1.4.19"/>
                                    <templateId root="2.16.840.1.113883.3.88.11.83.17"/>
                                    <id root="7ad5cd2d-aae1-425d-93a9-33e973d5a12d"/>
                                    <code nullFlavor="NI">
                                        <originalText>CBC</originalText>
                                    </code>
                                    <text>CBC</text>
                                    <statusCode code="completed"/>
                                    <effectiveTime>
                                        <low value="201208080945-0800"/>
                                    </effectiveTime>
                                    <priorityCode code="S" codeSystem="2.16.840.1.113883.3.88.12.80.71" codeSystemName="Order Priority" displayName="Stat"/>
                                    <participant typeCode="RESP" contextControlCode="OP">
                                        <participantRole>
                                            <addr nullFlavor="NI"/>
                                            <playingEntity>
                                                <name>
                                                    <given>Unnamed</given>
                                                    <family>User</family>
                                                </name>
                                            </playingEntity>
                                        </participantRole>
                                    </participant>
                                    <participant typeCode="ATND" contextControlCode="OP">
                                        <participantRole>
                                            <addr nullFlavor="NI"/>
                                            <playingEntity>
                                                <name>
                                                    <given>Test</given>
                                                    <family>Userone</family>
                                                </name>
                                            </playingEntity>
                                        </participantRole>
                                    </participant>
                                    <participant typeCode="ADM" contextControlCode="OP">
                                        <participantRole>
                                            <addr nullFlavor="NI"/>
                                            <playingEntity>
                                                <name>
                                                    <given>Test</given>
                                                    <family>Faxuser</family>
                                                </name>
                                            </playingEntity>
                                        </participantRole>
                                    </participant>
                                    <participant typeCode="REF" contextControlCode="OP">
                                        <participantRole>
                                            <addr nullFlavor="NI"/>
                                            <playingEntity>
                                                <name>
                                                    <given>Test</given>
                                                    <family>Faxuser</family>
                                                </name>
                                            </playingEntity>
                                        </participantRole>
                                    </participant>
                                    <participant typeCode="ORG" contextControlCode="OP">
                                        <participantRole>
                                            <addr nullFlavor="NI"/>
                                            <telecom nullFlavor="NI"/>
                                            <playingEntity>
                                                <name>UniLab</name>
                                            </playingEntity>
                                        </participantRole>
                                    </participant>
                                </procedure>
                            </component>
                            <component>
                                <observation classCode="OBS" moodCode="EVN">
                                    <templateId root="2.16.840.1.113883.10.20.1.31"/>
                                    <templateId root="1.3.6.1.4.1.19376.1.5.3.1.4.13"/>
                                    <templateId root="2.16.840.1.113883.3.88.11.83.15.1"/>
                                    <id root="f5d9801c-0321-4687-a68e-89c6c4edab69"/>
                                    <code code="#WBC" codeSystemName="L" displayName="WBC"/>
                                    <text>WBC<reference value="#Observation_9a48c8845fd07601a62b7a"/>
                                    </text>
                                    <statusCode code="completed"/>
                                    <effectiveTime value="201208080945-0800"/>
                                    <value xsi:type="PQ">6.33<reference value="#ObservationValue_5248ada4f6cae671980930"/>
                                    </value>
                                    <referenceRange>
                                        <observationRange>
                                            <value xsi:type="IVL_PQ">
                                                <low value="4.80" unit="THOUSAND"/>
                                                <high value="10.80" unit="THOUSAND"/>
                                            </value>
                                        </observationRange>
                                    </referenceRange>
                                </observation>
                            </component>
                            <component>
                                <observation classCode="OBS" moodCode="EVN">
                                    <templateId root="2.16.840.1.113883.10.20.1.31"/>
                                    <templateId root="1.3.6.1.4.1.19376.1.5.3.1.4.13"/>
                                    <templateId root="2.16.840.1.113883.3.88.11.83.15.1"/>
                                    <id root="e5b22625-f2df-403f-a978-28a00ee1a90c"/>
                                    <code code="#HGB" codeSystemName="L" displayName="HGB"/>
                                    <text>HGB<reference value="#Observation_5244b7a692d333acc0662a"/>
                                    </text>
                                    <statusCode code="completed"/>
                                    <effectiveTime value="201208080945-0800"/>
                                    <value xsi:type="PQ">14.4<reference value="#ObservationValue_e244bbb6d2cc511a619325"/>
                                    </value>
                                    <referenceRange>
                                        <observationRange>
                                            <value xsi:type="IVL_PQ">
                                                <low value="14.0" unit="G/dl"/>
                                                <high value="18.0" unit="G/dl"/>
                                            </value>
                                        </observationRange>
                                    </referenceRange>
                                </observation>
                            </component>
                            <component>
                                <observation classCode="OBS" moodCode="EVN">
                                    <templateId root="2.16.840.1.113883.10.20.1.31"/>
                                    <templateId root="1.3.6.1.4.1.19376.1.5.3.1.4.13"/>
                                    <templateId root="2.16.840.1.113883.3.88.11.83.15.1"/>
                                    <id root="3a3aa3a4-5e5b-4758-867f-e80cabb677f7"/>
                                    <code code="#HCT" codeSystemName="L" displayName="HCT"/>
                                    <text>HCT<reference value="#Observation_704ca6959ac1a90a26081a"/>
                                    </text>
                                    <statusCode code="completed"/>
                                    <effectiveTime value="201208080945-0800"/>
                                    <value xsi:type="PQ">44.2<reference value="#ObservationValue_4742b095615b499f92be06"/>
                                    </value>
                                    <referenceRange>
                                        <observationRange>
                                            <value xsi:type="IVL_PQ">
                                                <low value="42.0" unit="PERCENT"/>
                                                <high value="54.0" unit="PERCENT"/>
                                            </value>
                                        </observationRange>
                                    </referenceRange>
                                </observation>
                            </component>
                            <component>
                                <observation classCode="OBS" moodCode="EVN">
                                    <templateId root="2.16.840.1.113883.10.20.1.31"/>
                                    <templateId root="1.3.6.1.4.1.19376.1.5.3.1.4.13"/>
                                    <templateId root="2.16.840.1.113883.3.88.11.83.15.1"/>
                                    <id root="3a7317ee-6fef-413f-a2a8-e29bc24d9d2a"/>
                                    <code code="#PLT" codeSystemName="L" displayName="PLATELETS"/>
                                    <text>PLATELETS<reference value="#Observation_634eebb4ede9031ca05595"/>
                                    </text>
                                    <statusCode code="completed"/>
                                    <effectiveTime value="201208080945-0800"/>
                                    <value xsi:type="PQ">137<reference value="#ObservationValue_6940ab93e936e2a259887a"/>
                                    </value>
                                    <interpretationCode code="N" codeSystem="2.16.840.1.113883.5.83" codeSystemName="Observation Interpretation" displayName="Normal"/>
                                    <referenceRange>
                                        <observationRange>
                                            <value xsi:type="IVL_PQ">
                                                <low value="130" unit="THOUSAND"/>
                                                <high value="400" unit="THOUSAND"/>
                                            </value>
                                        </observationRange>
                                    </referenceRange>
                                </observation>
                            </component>
                            <component>
                                <observation classCode="OBS" moodCode="EVN">
                                    <templateId root="2.16.840.1.113883.10.20.1.31"/>
                                    <templateId root="1.3.6.1.4.1.19376.1.5.3.1.4.13"/>
                                    <templateId root="2.16.840.1.113883.3.88.11.83.15.1"/>
                                    <id root="e206c135-009e-4253-b44c-d7e0c585f7ea"/>
                                    <code code="#RBC" codeSystemName="L" displayName="RBC"/>
                                    <text>RBC<reference value="#Observation_82419d9445b2e17121a6a4"/>
                                    </text>
                                    <statusCode code="completed"/>
                                    <effectiveTime value="201208080945-0800"/>
                                    <value xsi:type="PQ">4.81<reference value="#ObservationValue_bc4c368eabd7089b260878"/>
                                    </value>
                                    <referenceRange>
                                        <observationRange>
                                            <value xsi:type="IVL_PQ">
                                                <low value="4.70" unit="MILLION"/>
                                                <high value="6.10" unit="MILLION"/>
                                            </value>
                                        </observationRange>
                                    </referenceRange>
                                </observation>
                            </component>
                            <component>
                                <observation classCode="OBS" moodCode="EVN">
                                    <templateId root="2.16.840.1.113883.10.20.1.31"/>
                                    <templateId root="1.3.6.1.4.1.19376.1.5.3.1.4.13"/>
                                    <templateId root="2.16.840.1.113883.3.88.11.83.15.1"/>
                                    <id root="65ac2290-b2cb-4a35-a330-852d8fe50f37"/>
                                    <code code="#MCV" codeSystemName="L" displayName="MCV"/>
                                    <text>MCV<reference value="#Observation_4547b0b6dc93f6d6286003"/>
                                    </text>
                                    <statusCode code="completed"/>
                                    <effectiveTime value="201208080945-0800"/>
                                    <value xsi:type="PQ">92.2<reference value="#ObservationValue_f544459803c88ab167510b"/>
                                    </value>
                                    <referenceRange>
                                        <observationRange>
                                            <value xsi:type="IVL_PQ">
                                                <low value="83.0" unit="fl"/>
                                                <high value="99.0" unit="fl"/>
                                            </value>
                                        </observationRange>
                                    </referenceRange>
                                </observation>
                            </component>
                            <component>
                                <observation classCode="OBS" moodCode="EVN">
                                    <templateId root="2.16.840.1.113883.10.20.1.31"/>
                                    <templateId root="1.3.6.1.4.1.19376.1.5.3.1.4.13"/>
                                    <templateId root="2.16.840.1.113883.3.88.11.83.15.1"/>
                                    <id root="321c851b-2c68-4a83-9ad2-90472353b676"/>
                                    <code code="#MCH" codeSystemName="L" displayName="MCH"/>
                                    <text>MCH<reference value="#Observation_484bcebb5a0a8008e68dca"/>
                                    </text>
                                    <statusCode code="completed"/>
                                    <effectiveTime value="201208080945-0800"/>
                                    <value xsi:type="PQ">30.6<reference value="#ObservationValue_f3499a970073ffd762f431"/>
                                    </value>
                                    <referenceRange>
                                        <observationRange>
                                            <value xsi:type="IVL_PQ">
                                                <low value="27.0" unit="pg"/>
                                                <high value="32.0" unit="pg"/>
                                            </value>
                                        </observationRange>
                                    </referenceRange>
                                </observation>
                            </component>
                            <component>
                                <observation classCode="OBS" moodCode="EVN">
                                    <templateId root="2.16.840.1.113883.10.20.1.31"/>
                                    <templateId root="1.3.6.1.4.1.19376.1.5.3.1.4.13"/>
                                    <templateId root="2.16.840.1.113883.3.88.11.83.15.1"/>
                                    <id root="9d82c56c-ff60-45ae-839f-c25354b0097e"/>
                                    <code code="#MCHC" codeSystemName="L" displayName="MCHC"/>
                                    <text>MCHC<reference value="#Observation_c44d25b1f78404436cc9c9"/>
                                    </text>
                                    <statusCode code="completed"/>
                                    <effectiveTime value="201208080945-0800"/>
                                    <value xsi:type="PQ">33.3<reference value="#ObservationValue_a8474eae7d6cd3b2175409"/>
                                    </value>
                                    <referenceRange>
                                        <observationRange>
                                            <value xsi:type="IVL_PQ">
                                                <low value="32.0" unit="G/dl"/>
                                                <high value="37.0" unit="G/dl"/>
                                            </value>
                                        </observationRange>
                                    </referenceRange>
                                </observation>
                            </component>
                            <component>
                                <observation classCode="OBS" moodCode="EVN">
                                    <templateId root="2.16.840.1.113883.10.20.1.31"/>
                                    <templateId root="1.3.6.1.4.1.19376.1.5.3.1.4.13"/>
                                    <templateId root="2.16.840.1.113883.3.88.11.83.15.1"/>
                                    <id root="1d62cbdb-f432-418c-b9e1-dd1c83d2ce81"/>
                                    <code code="#RDW" codeSystemName="L" displayName="RDW"/>
                                    <text>RDW<reference value="#Observation_394aea942bce6201632166"/>
                                    </text>
                                    <statusCode code="completed"/>
                                    <effectiveTime value="201208080945-0800"/>
                                    <value xsi:type="PQ">13<reference value="#ObservationValue_734df794745844233d9c3a"/>
                                    </value>
                                    <interpretationCode code="N" codeSystem="2.16.840.1.113883.5.83" codeSystemName="Observation Interpretation" displayName="Normal"/>
                                    <referenceRange>
                                        <observationRange>
                                            <value xsi:type="IVL_PQ">
                                                <low value="11.5" unit="PERCENT"/>
                                                <high value="14.5" unit="PERCENT"/>
                                            </value>
                                        </observationRange>
                                    </referenceRange>
                                </observation>
                            </component>
                            <component>
                                <observation classCode="OBS" moodCode="EVN">
                                    <templateId root="2.16.840.1.113883.10.20.1.31"/>
                                    <templateId root="1.3.6.1.4.1.19376.1.5.3.1.4.13"/>
                                    <templateId root="2.16.840.1.113883.3.88.11.83.15.1"/>
                                    <id root="fb58ae0b-e9d4-44e6-b63a-acdfdef319ab"/>
                                    <code code="#NEUT" codeSystemName="L" displayName="NEUT"/>
                                    <text>NEUT<reference value="#Observation_e74a488281cdf224bc069e"/>
                                    </text>
                                    <statusCode code="completed"/>
                                    <effectiveTime value="201208080945-0800"/>
                                    <value xsi:type="PQ">68<reference value="#ObservationValue_e846d4a55ca1df02886685"/>
                                    </value>
                                    <interpretationCode code="N" codeSystem="2.16.840.1.113883.5.83" codeSystemName="Observation Interpretation" displayName="Normal"/>
                                    <referenceRange>
                                        <observationRange>
                                            <value xsi:type="IVL_PQ">
                                                <low value="40.0" unit="PERCENT"/>
                                                <high value="74.0" unit="PERCENT"/>
                                            </value>
                                        </observationRange>
                                    </referenceRange>
                                </observation>
                            </component>
                            <component>
                                <observation classCode="OBS" moodCode="EVN">
                                    <templateId root="2.16.840.1.113883.10.20.1.31"/>
                                    <templateId root="1.3.6.1.4.1.19376.1.5.3.1.4.13"/>
                                    <templateId root="2.16.840.1.113883.3.88.11.83.15.1"/>
                                    <id root="660b1e1b-be76-480e-a333-1aeeb858005f"/>
                                    <code code="#LYMPH" codeSystemName="L" displayName="LYMPH"/>
                                    <text>LYMPH<reference value="#Observation_99456cb3bab570ce36d175"/>
                                    </text>
                                    <statusCode code="completed"/>
                                    <effectiveTime value="201208080945-0800"/>
                                    <value xsi:type="PQ">25<reference value="#ObservationValue_e6410c889b7ed3a8dc4b73"/>
                                    </value>
                                    <interpretationCode code="N" codeSystem="2.16.840.1.113883.5.83" codeSystemName="Observation Interpretation" displayName="Normal"/>
                                    <referenceRange>
                                        <observationRange>
                                            <value xsi:type="IVL_PQ">
                                                <low value="19.0" unit="PERCENT"/>
                                                <high value="48.0" unit="PERCENT"/>
                                            </value>
                                        </observationRange>
                                    </referenceRange>
                                </observation>
                            </component>
                            <component>
                                <observation classCode="OBS" moodCode="EVN">
                                    <templateId root="2.16.840.1.113883.10.20.1.31"/>
                                    <templateId root="1.3.6.1.4.1.19376.1.5.3.1.4.13"/>
                                    <templateId root="2.16.840.1.113883.3.88.11.83.15.1"/>
                                    <id root="b260ff9a-9c20-4791-8587-d18993f2b59a"/>
                                    <code code="#MONO" codeSystemName="L" displayName="MONO"/>
                                    <text>MONO<reference value="#Observation_49451eb435ed17379e115a"/>
                                    </text>
                                    <statusCode code="completed"/>
                                    <effectiveTime value="201208080945-0800"/>
                                    <value xsi:type="PQ">8.7<reference value="#ObservationValue_6e4543a2850fefaca3f263"/>
                                    </value>
                                    <interpretationCode code="N" codeSystem="2.16.840.1.113883.5.83" codeSystemName="Observation Interpretation" displayName="Normal"/>
                                    <referenceRange>
                                        <observationRange>
                                            <value xsi:type="IVL_PQ">
                                                <low value="3.5" unit="PERCENT"/>
                                                <high value="9.0" unit="PERCENT"/>
                                            </value>
                                        </observationRange>
                                    </referenceRange>
                                </observation>
                            </component>
                            <component>
                                <observation classCode="OBS" moodCode="EVN">
                                    <templateId root="2.16.840.1.113883.10.20.1.31"/>
                                    <templateId root="1.3.6.1.4.1.19376.1.5.3.1.4.13"/>
                                    <templateId root="2.16.840.1.113883.3.88.11.83.15.1"/>
                                    <id root="3cfe6c82-0e39-4171-bd69-052f7827bfc2"/>
                                    <code code="#EOS" codeSystemName="L" displayName="EOS"/>
                                    <text>EOS<reference value="#Observation_8c424785f59a6d2e5bfbf6"/>
                                    </text>
                                    <statusCode code="completed"/>
                                    <effectiveTime value="201208080945-0800"/>
                                    <value xsi:type="PQ">0.7<reference value="#ObservationValue_734e92b258d81ecbd2bf9c"/>
                                    </value>
                                    <referenceRange>
                                        <observationRange>
                                            <value xsi:type="IVL_PQ">
                                                <low value="0.0" unit="PERCENT"/>
                                                <high value="7.0" unit="PERCENT"/>
                                            </value>
                                        </observationRange>
                                    </referenceRange>
                                </observation>
                            </component>
                            <component>
                                <observation classCode="OBS" moodCode="EVN">
                                    <templateId root="2.16.840.1.113883.10.20.1.31"/>
                                    <templateId root="1.3.6.1.4.1.19376.1.5.3.1.4.13"/>
                                    <templateId root="2.16.840.1.113883.3.88.11.83.15.1"/>
                                    <id root="53d3a3ba-73a4-46ad-a145-1491cd910141"/>
                                    <code code="#BASO" codeSystemName="L" displayName="BASO"/>
                                    <text>BASO<reference value="#Observation_85441a965052326973eef0"/>
                                    </text>
                                    <statusCode code="completed"/>
                                    <effectiveTime value="201208080945-0800"/>
                                    <value xsi:type="PQ">0.6<reference value="#ObservationValue_63473588349a8d6b76281f"/>
                                    </value>
                                    <referenceRange>
                                        <observationRange>
                                            <value xsi:type="IVL_PQ">
                                                <low value="0.0" unit="PERCENT"/>
                                                <high value="1.5" unit="PERCENT"/>
                                            </value>
                                        </observationRange>
                                    </referenceRange>
                                </observation>
                            </component>
                            <component>
                                <observation classCode="OBS" moodCode="EVN">
                                    <templateId root="2.16.840.1.113883.10.20.1.31"/>
                                    <templateId root="1.3.6.1.4.1.19376.1.5.3.1.4.13"/>
                                    <templateId root="2.16.840.1.113883.3.88.11.83.15.1"/>
                                    <id root="8f37ae17-6cc7-4344-9c0b-78807023199d"/>
                                    <code code="#LUC" codeSystemName="L" displayName="LGE UNST.CELL"/>
                                    <text>LGE UNST.CELL<reference value="#Observation_da4dff84aa950bd4790b9e"/>
                                    </text>
                                    <statusCode code="completed"/>
                                    <effectiveTime value="201208080945-0800"/>
                                    <value xsi:type="PQ">0.9<reference value="#ObservationValue_6a414f9f5c23db3a9b7105"/>
                                    </value>
                                    <referenceRange>
                                        <observationRange>
                                            <value xsi:type="IVL_PQ">
                                                <low value="0.0" unit="PERCENT"/>
                                                <high value="4.0" unit="PERCENT"/>
                                            </value>
                                        </observationRange>
                                    </referenceRange>
                                </observation>
                            </component>
                            <component>
                                <observation classCode="OBS" moodCode="EVN">
                                    <templateId root="2.16.840.1.113883.10.20.1.31"/>
                                    <templateId root="1.3.6.1.4.1.19376.1.5.3.1.4.13"/>
                                    <templateId root="2.16.840.1.113883.3.88.11.83.15.1"/>
                                    <id root="17b15fc9-08ed-48d1-944e-0f993e15f416"/>
                                    <code code="##NEUT" codeSystemName="L" displayName="NEUT ABS"/>
                                    <text>NEUT ABS<reference value="#Observation_d34a249f2890baa671c893"/>
                                    </text>
                                    <statusCode code="completed"/>
                                    <effectiveTime value="201208080945-0800"/>
                                    <value xsi:type="PQ">6.50<reference value="#ObservationValue_874c0d8dc37920bdfbccd3"/>
                                    </value>
                                    <referenceRange>
                                        <observationRange>
                                            <value xsi:type="IVL_PQ">
                                                <low value="1.90" unit="THOUSAND"/>
                                                <high value="8.00" unit="THOUSAND"/>
                                            </value>
                                        </observationRange>
                                    </referenceRange>
                                </observation>
                            </component>
                            <component>
                                <observation classCode="OBS" moodCode="EVN">
                                    <templateId root="2.16.840.1.113883.10.20.1.31"/>
                                    <templateId root="1.3.6.1.4.1.19376.1.5.3.1.4.13"/>
                                    <templateId root="2.16.840.1.113883.3.88.11.83.15.1"/>
                                    <id root="90268b9b-a226-4d98-a464-8752665ca2be"/>
                                    <code code="##LYMP" codeSystemName="L" displayName="LYMPH ABS"/>
                                    <text>LYMPH ABS<reference value="#Observation_4849b087405177d9863278"/>
                                    </text>
                                    <statusCode code="completed"/>
                                    <effectiveTime value="201208080945-0800"/>
                                    <value xsi:type="PQ">1.4<reference value="#ObservationValue_f548b8ae456e9f856b0210"/>
                                    </value>
                                    <interpretationCode code="N" codeSystem="2.16.840.1.113883.5.83" codeSystemName="Observation Interpretation" displayName="Normal"/>
                                    <referenceRange>
                                        <observationRange>
                                            <value xsi:type="IVL_PQ">
                                                <low value="0.90" unit="THOUSAND"/>
                                                <high value="5.20" unit="THOUSAND"/>
                                            </value>
                                        </observationRange>
                                    </referenceRange>
                                </observation>
                            </component>
                            <component>
                                <observation classCode="OBS" moodCode="EVN">
                                    <templateId root="2.16.840.1.113883.10.20.1.31"/>
                                    <templateId root="1.3.6.1.4.1.19376.1.5.3.1.4.13"/>
                                    <templateId root="2.16.840.1.113883.3.88.11.83.15.1"/>
                                    <id root="bca66e3c-53b5-4a99-a3f4-742c9e5cd0b2"/>
                                    <code code="##MONO" codeSystemName="L" displayName="MONO ABS"/>
                                    <text>MONO ABS<reference value="#Observation_044bfdbb68f5e4aff51c02"/>
                                    </text>
                                    <statusCode code="completed"/>
                                    <effectiveTime value="201208080945-0800"/>
                                    <value xsi:type="PQ">0.80<reference value="#ObservationValue_6c474eb74f733eb13423f7"/>
                                    </value>
                                    <referenceRange>
                                        <observationRange>
                                            <value xsi:type="IVL_PQ">
                                                <low value="0.16" unit="THOUSAND"/>
                                                <high value="1.00" unit="THOUSAND"/>
                                            </value>
                                        </observationRange>
                                    </referenceRange>
                                </observation>
                            </component>
                            <component>
                                <observation classCode="OBS" moodCode="EVN">
                                    <templateId root="2.16.840.1.113883.10.20.1.31"/>
                                    <templateId root="1.3.6.1.4.1.19376.1.5.3.1.4.13"/>
                                    <templateId root="2.16.840.1.113883.3.88.11.83.15.1"/>
                                    <id root="ace5012f-1c8f-47a9-9692-3467dfe0f7ae"/>
                                    <code code="EOS" codeSystemName="L" displayName="EOS ABS"/>
                                    <text>EOS ABS<reference value="#Observation_5b41809a7608acf255c127"/>
                                    </text>
                                    <statusCode code="completed"/>
                                    <effectiveTime value="201208080945-0800"/>
                                    <value xsi:type="PQ">0.07<reference value="#ObservationValue_894c7baa38b15bc638d515"/>
                                    </value>
                                    <referenceRange>
                                        <observationRange>
                                            <value xsi:type="IVL_PQ">
                                                <low value="0.00" unit="THOUSAND"/>
                                                <high value="0.80" unit="THOUSAND"/>
                                            </value>
                                        </observationRange>
                                    </referenceRange>
                                </observation>
                            </component>
                            <component>
                                <observation classCode="OBS" moodCode="EVN">
                                    <templateId root="2.16.840.1.113883.10.20.1.31"/>
                                    <templateId root="1.3.6.1.4.1.19376.1.5.3.1.4.13"/>
                                    <templateId root="2.16.840.1.113883.3.88.11.83.15.1"/>
                                    <id root="8ec826cb-3f76-42f3-a90d-f2a18e78e027"/>
                                    <code code="BASO" codeSystemName="L" displayName="BASO ABS"/>
                                    <text>BASO ABS<reference value="#Observation_7d4c6786e717e8efbbe4fa"/>
                                    </text>
                                    <statusCode code="completed"/>
                                    <effectiveTime value="201208080945-0800"/>
                                    <value xsi:type="PQ">0.08<reference value="#ObservationValue_3f4e9e9f5f927937cc9fc6"/>
                                    </value>
                                    <referenceRange>
                                        <observationRange>
                                            <value xsi:type="IVL_PQ">
                                                <low value="0.00" unit="THOUSAND"/>
                                                <high value="0.20" unit="THOUSAND"/>
                                            </value>
                                        </observationRange>
                                    </referenceRange>
                                </observation>
                            </component>
                            <component>
                                <observation classCode="OBS" moodCode="EVN">
                                    <templateId root="2.16.840.1.113883.10.20.1.31"/>
                                    <templateId root="1.3.6.1.4.1.19376.1.5.3.1.4.13"/>
                                    <templateId root="2.16.840.1.113883.3.88.11.83.15.1"/>
                                    <id root="ff2ad8a7-a1f5-45cf-91ac-560601b96f9b"/>
                                    <code code="##LUC" codeSystemName="L" displayName="LUC ABS"/>
                                    <text>LUC ABS<reference value="#Observation_16437f8f48d1afee31a83c"/>
                                    </text>
                                    <statusCode code="completed"/>
                                    <effectiveTime value="201208080945-0800"/>
                                    <value xsi:type="PQ">0.07<reference value="#ObservationValue_6c49b9a356481592990e0d"/>
                                    </value>
                                    <referenceRange>
                                        <observationRange>
                                            <value xsi:type="IVL_PQ">
                                                <low value="0.00" unit="THOUSAND"/>
                                                <high value="0.40" unit="THOUSAND"/>
                                            </value>
                                        </observationRange>
                                    </referenceRange>
                                </observation>
                            </component>
                            <component>
                                <observation classCode="OBS" moodCode="EVN">
                                    <templateId root="2.16.840.1.113883.10.20.1.31"/>
                                    <templateId root="1.3.6.1.4.1.19376.1.5.3.1.4.13"/>
                                    <templateId root="2.16.840.1.113883.3.88.11.83.15.1"/>
                                    <id root="de52bdb2-44e9-41e5-9344-4ed24669ac8b"/>
                                    <code code="#MNBND" codeSystemName="L" displayName="MAN BAND NEUT"/>
                                    <text>MAN BAND NEUT<reference value="#Observation_1446cb933e1885df326837"/>
                                    </text>
                                    <statusCode code="completed"/>
                                    <effectiveTime value="201208080945-0800"/>
                                    <value xsi:type="PQ">6<reference value="#ObservationValue_454fedba80f8c2425ba79a"/>
                                    </value>
                                    <interpretationCode code="N" codeSystem="2.16.840.1.113883.5.83" codeSystemName="Observation Interpretation" displayName="Normal"/>
                                    <referenceRange>
                                        <observationRange>
                                            <value xsi:type="IVL_PQ">
                                                <low value="0" unit="PERCENT"/>
                                                <high value="8" unit="PERCENT"/>
                                            </value>
                                        </observationRange>
                                    </referenceRange>
                                </observation>
                            </component>
                            <component>
                                <observation classCode="OBS" moodCode="EVN">
                                    <templateId root="2.16.840.1.113883.10.20.1.31"/>
                                    <templateId root="1.3.6.1.4.1.19376.1.5.3.1.4.13"/>
                                    <templateId root="2.16.840.1.113883.3.88.11.83.15.1"/>
                                    <id root="0a050297-0a2b-4ada-af49-c5f502718216"/>
                                    <code code="#MNSEG" codeSystemName="L" displayName="MAN SEG NEUT"/>
                                    <text>MAN SEG NEUT<reference value="#Observation_d24d838d9d2a3d8484a8d2"/>
                                    </text>
                                    <statusCode code="completed"/>
                                    <effectiveTime value="201208080945-0800"/>
                                    <value xsi:type="PQ">70<reference value="#ObservationValue_f34e89a4853f2c2bef644a"/>
                                    </value>
                                    <referenceRange>
                                        <observationRange>
                                            <value xsi:type="IVL_PQ">
                                                <low value="40" unit="PERCENT"/>
                                                <high value="74" unit="PERCENT"/>
                                            </value>
                                        </observationRange>
                                    </referenceRange>
                                </observation>
                            </component>
                            <component>
                                <observation classCode="OBS" moodCode="EVN">
                                    <templateId root="2.16.840.1.113883.10.20.1.31"/>
                                    <templateId root="1.3.6.1.4.1.19376.1.5.3.1.4.13"/>
                                    <templateId root="2.16.840.1.113883.3.88.11.83.15.1"/>
                                    <id root="9e83c6ed-cd3b-47d0-86ec-43a087b0c6b7"/>
                                    <code code="#MNLYM" codeSystemName="L" displayName="MAN LYMPH"/>
                                    <text>MAN LYMPH<reference value="#Observation_304eb0933f247a5eaa6055"/>
                                    </text>
                                    <statusCode code="completed"/>
                                    <effectiveTime value="201208080945-0800"/>
                                    <value xsi:type="PQ">21<reference value="#ObservationValue_d1426a97c54969422bf54f"/>
                                    </value>
                                    <interpretationCode code="N" codeSystem="2.16.840.1.113883.5.83" codeSystemName="Observation Interpretation" displayName="Normal"/>
                                    <referenceRange>
                                        <observationRange>
                                            <value xsi:type="IVL_PQ">
                                                <low value="19" unit="PERCENT"/>
                                                <high value="48" unit="PERCENT"/>
                                            </value>
                                        </observationRange>
                                    </referenceRange>
                                </observation>
                            </component>
                            <component>
                                <observation classCode="OBS" moodCode="EVN">
                                    <templateId root="2.16.840.1.113883.10.20.1.31"/>
                                    <templateId root="1.3.6.1.4.1.19376.1.5.3.1.4.13"/>
                                    <templateId root="2.16.840.1.113883.3.88.11.83.15.1"/>
                                    <id root="b082a8c0-26df-488e-a838-e05fc587e561"/>
                                    <code code="#MNMNO" codeSystemName="L" displayName="MAN MONO"/>
                                    <text>MAN MONO<reference value="#Observation_8b46cdb9327026abef2f83"/>
                                    </text>
                                    <statusCode code="completed"/>
                                    <effectiveTime value="201208080945-0800"/>
                                    <value xsi:type="PQ">8<reference value="#ObservationValue_524584b0731dae72d569e5"/>
                                    </value>
                                    <referenceRange>
                                        <observationRange>
                                            <value xsi:type="IVL_PQ">
                                                <low value="4" unit="PERCENT"/>
                                                <high value="9" unit="PERCENT"/>
                                            </value>
                                        </observationRange>
                                    </referenceRange>
                                </observation>
                            </component>
                            <component>
                                <observation classCode="OBS" moodCode="EVN">
                                    <templateId root="2.16.840.1.113883.10.20.1.31"/>
                                    <templateId root="1.3.6.1.4.1.19376.1.5.3.1.4.13"/>
                                    <templateId root="2.16.840.1.113883.3.88.11.83.15.1"/>
                                    <id root="af2b2fa1-041d-411f-844c-0f44be93f478"/>
                                    <code code="#MNEOS" codeSystemName="L" displayName="MAN EOS"/>
                                    <text>MAN EOS<reference value="#Observation_b148198315fc9a2be9f70e"/>
                                    </text>
                                    <statusCode code="completed"/>
                                    <effectiveTime value="201208080945-0800"/>
                                    <value xsi:type="PQ">3<reference value="#ObservationValue_f749239761fc7ecf9fbaf1"/>
                                    </value>
                                    <referenceRange>
                                        <observationRange>
                                            <value xsi:type="IVL_PQ">
                                                <low value="0" unit="PERCENT"/>
                                                <high value="7" unit="PERCENT"/>
                                            </value>
                                        </observationRange>
                                    </referenceRange>
                                </observation>
                            </component>
                            <component>
                                <observation classCode="OBS" moodCode="EVN">
                                    <templateId root="2.16.840.1.113883.10.20.1.31"/>
                                    <templateId root="1.3.6.1.4.1.19376.1.5.3.1.4.13"/>
                                    <templateId root="2.16.840.1.113883.3.88.11.83.15.1"/>
                                    <id root="67828049-e638-43de-961b-bf31f1269df6"/>
                                    <code code="#MNBAS" codeSystemName="L" displayName="MAN BASO"/>
                                    <text>MAN BASO<reference value="#Observation_394c85837c7427860dd088"/>
                                    </text>
                                    <statusCode code="completed"/>
                                    <effectiveTime value="201208080945-0800"/>
                                    <value xsi:type="PQ">0<reference value="#ObservationValue_7a4cde8c02d5045bec2f70"/>
                                    </value>
                                    <referenceRange>
                                        <observationRange>
                                            <value xsi:type="IVL_PQ">
                                                <low value="0" unit="PERCENT"/>
                                                <high value="2" unit="PERCENT"/>
                                            </value>
                                        </observationRange>
                                    </referenceRange>
                                </observation>
                            </component>
                            <component>
                                <observation classCode="OBS" moodCode="EVN">
                                    <templateId root="2.16.840.1.113883.10.20.1.31"/>
                                    <templateId root="1.3.6.1.4.1.19376.1.5.3.1.4.13"/>
                                    <templateId root="2.16.840.1.113883.3.88.11.83.15.1"/>
                                    <id root="3c8d9516-b64f-4fee-897d-b2e470f163eb"/>
                                    <code code="#MNMET" codeSystemName="L" displayName="MAN METAMYL"/>
                                    <text>MAN METAMYL<reference value="#Observation_b04221bffb5fdb3287c3b4"/>
                                    </text>
                                    <statusCode code="completed"/>
                                    <effectiveTime value="201208080945-0800"/>
                                    <value xsi:type="PQ">0<reference value="#ObservationValue_fc4db48dddcae5c1808b1e"/>
                                    </value>
                                    <referenceRange>
                                        <observationRange>
                                            <value xsi:type="IVL_PQ">
                                                <low value="0" unit="PERCENT"/>
                                                <high value="1" unit="PERCENT"/>
                                            </value>
                                        </observationRange>
                                    </referenceRange>
                                </observation>
                            </component>
                            <component>
                                <observation classCode="OBS" moodCode="EVN">
                                    <templateId root="2.16.840.1.113883.10.20.1.31"/>
                                    <templateId root="1.3.6.1.4.1.19376.1.5.3.1.4.13"/>
                                    <templateId root="2.16.840.1.113883.3.88.11.83.15.1"/>
                                    <id root="fed2ee21-d5af-4f52-931f-42d293441c4d"/>
                                    <code code="#MNMYL" codeSystemName="L" displayName="MAN MYELOCYTE"/>
                                    <text>MAN MYELOCYTE<reference value="#Observation_a940e88da8b12a0b535ab5"/>
                                    </text>
                                    <statusCode code="completed"/>
                                    <effectiveTime value="201208080945-0800"/>
                                    <value xsi:type="PQ">0<reference value="#ObservationValue_cf45a188bbac328e2c85a2"/>
                                    </value>
                                    <referenceRange>
                                        <observationRange>
                                            <value xsi:type="IVL_PQ">
                                                <low value="0" unit="PERCENT"/>
                                                <high value="1" unit="PERCENT"/>
                                            </value>
                                        </observationRange>
                                    </referenceRange>
                                </observation>
                            </component>
                            <component>
                                <observation classCode="OBS" moodCode="EVN">
                                    <templateId root="2.16.840.1.113883.10.20.1.31"/>
                                    <templateId root="1.3.6.1.4.1.19376.1.5.3.1.4.13"/>
                                    <templateId root="2.16.840.1.113883.3.88.11.83.15.1"/>
                                    <id root="9d96f3ca-9fed-45d1-9d12-dfee4681a4e6"/>
                                    <code code="#MNPRO" codeSystemName="L" displayName="MAN PROMYELO"/>
                                    <text>MAN PROMYELO<reference value="#Observation_184ec491c1fd90c52e1528"/>
                                    </text>
                                    <statusCode code="completed"/>
                                    <effectiveTime value="201208080945-0800"/>
                                    <value xsi:type="PQ">0<reference value="#ObservationValue_c441a09fea8b1e9ab208c1"/>
                                    </value>
                                    <referenceRange>
                                        <observationRange>
                                            <value xsi:type="IVL_PQ">
                                                <low value="0" unit="PERCENT"/>
                                                <high value="0" unit="PERCENT"/>
                                            </value>
                                        </observationRange>
                                    </referenceRange>
                                </observation>
                            </component>
                            <component>
                                <observation classCode="OBS" moodCode="EVN">
                                    <templateId root="2.16.840.1.113883.10.20.1.31"/>
                                    <templateId root="1.3.6.1.4.1.19376.1.5.3.1.4.13"/>
                                    <templateId root="2.16.840.1.113883.3.88.11.83.15.1"/>
                                    <id root="9af9be5c-6f05-4a87-95d1-d0bd1c2a1410"/>
                                    <code code="#MNBLS" codeSystemName="L" displayName="MAN BLASTS"/>
                                    <text>MAN BLASTS<reference value="#Observation_96435f86d626923a20e04c"/>
                                    </text>
                                    <statusCode code="completed"/>
                                    <effectiveTime value="201208080945-0800"/>
                                    <value xsi:type="PQ">0<reference value="#ObservationValue_75442cbae2061c1fb7ab61"/>
                                    </value>
                                    <referenceRange>
                                        <observationRange>
                                            <value xsi:type="IVL_PQ">
                                                <low value="0" unit="PERCENT"/>
                                                <high value="0" unit="PERCENT"/>
                                            </value>
                                        </observationRange>
                                    </referenceRange>
                                </observation>
                            </component>
                            <component>
                                <observation classCode="OBS" moodCode="EVN">
                                    <templateId root="2.16.840.1.113883.10.20.1.31"/>
                                    <templateId root="1.3.6.1.4.1.19376.1.5.3.1.4.13"/>
                                    <templateId root="2.16.840.1.113883.3.88.11.83.15.1"/>
                                    <id root="611d1633-72c5-4daa-b4d2-ea9fa3399e88"/>
                                    <code code="#ESPLT" codeSystemName="L" displayName="PLATELET (EST)"/>
                                    <text>PLATELET (EST)<reference value="#Observation_814574bdc1ae9d77d4ab88"/>
                                    </text>
                                    <statusCode code="completed"/>
                                    <effectiveTime value="201208080945-0800"/>
                                    <value xsi:type="ED">10-12<reference value="#ObservationValue_c643e4922885287d05e951"/>
                                    </value>
                                    <entryRelationship typeCode="SUBJ" inversionInd="true">
                                        <act classCode="ACT" moodCode="EVN">
                                            <templateId root="2.16.840.1.113883.10.20.1.40"/>
                                            <templateId root="2.16.840.1.113883.3.88.11.83.11"/>
                                            <templateId root="1.3.6.1.4.1.19376.1.5.3.1.4.2"/>
                                            <code code="48767-8" codeSystem="2.16.840.1.113883.6.1" codeSystemName="LOINC" displayName="Annotation Comment"/>
                                            <text>PLATELET COUNT CONSISTENT  WITH SLIDE REVIEW ESPLT  EACH PLATELET PER OIL IMMERSION FIELD REPRESENTS APPROXIMATELY        TWENTY THOUSAND PLATELETS PER CUBIC MILLIMETER.<reference value="Comment_bb4d40b0ffa021d3815e1b"/>
                                            </text>
                                            <statusCode code="completed"/>
                                        </act>
                                    </entryRelationship>
                                    <referenceRange>
                                        <observationRange>
                                            <value xsi:type="IVL_PQ">
                                                <low value="7" unit="PER_OIF"/>
                                                <high value="20" unit="PER_OIF"/>
                                            </value>
                                        </observationRange>
                                    </referenceRange>
                                </observation>
                            </component>
                        </organizer>
                    </entry>
                    <entry>
                        <organizer classCode="BATTERY" moodCode="EVN">
                            <templateId root="2.16.840.1.113883.10.20.1.32"/>
                            <id root="541bbe20-5806-4d14-9fec-c0f6f3d5e92d"/>
                            <code code="CBC" codeSystemName="L" displayName="CBC">
                                <translation code="LAB"/>
                            </code>
                            <statusCode code="completed"/>
                            <component>
                                <procedure classCode="PROC" moodCode="EVN">
                                    <templateId root="2.16.840.1.113883.10.20.1.29"/>
                                    <templateId root="1.3.6.1.4.1.19376.1.5.3.1.4.19"/>
                                    <templateId root="2.16.840.1.113883.3.88.11.83.17"/>
                                    <id root="7ad5cd2d-aae1-425d-93a9-33e973d5a12d"/>
                                    <code nullFlavor="NI">
                                        <originalText>CBC</originalText>
                                    </code>
                                    <text>CBC</text>
                                    <statusCode code="completed"/>
                                    <effectiveTime>
                                        <low value="201208081645-0800"/>
                                    </effectiveTime>
                                    <priorityCode code="S" codeSystem="2.16.840.1.113883.3.88.12.80.71" codeSystemName="Order Priority" displayName="Stat"/>
                                    <participant typeCode="RESP" contextControlCode="OP">
                                        <participantRole>
                                            <addr nullFlavor="NI"/>
                                            <playingEntity>
                                                <name>
                                                    <given>Unnamed</given>
                                                    <family>User</family>
                                                </name>
                                            </playingEntity>
                                        </participantRole>
                                    </participant>
                                    <participant typeCode="ATND" contextControlCode="OP">
                                        <participantRole>
                                            <addr nullFlavor="NI"/>
                                            <playingEntity>
                                                <name>
                                                    <given>Test</given>
                                                    <family>Userone</family>
                                                </name>
                                            </playingEntity>
                                        </participantRole>
                                    </participant>
                                    <participant typeCode="ADM" contextControlCode="OP">
                                        <participantRole>
                                            <addr nullFlavor="NI"/>
                                            <playingEntity>
                                                <name>
                                                    <given>Test</given>
                                                    <family>Faxuser</family>
                                                </name>
                                            </playingEntity>
                                        </participantRole>
                                    </participant>
                                    <participant typeCode="REF" contextControlCode="OP">
                                        <participantRole>
                                            <addr nullFlavor="NI"/>
                                            <playingEntity>
                                                <name>
                                                    <given>Test</given>
                                                    <family>Faxuser</family>
                                                </name>
                                            </playingEntity>
                                        </participantRole>
                                    </participant>
                                    <participant typeCode="ORG" contextControlCode="OP">
                                        <participantRole>
                                            <addr nullFlavor="NI"/>
                                            <telecom nullFlavor="NI"/>
                                            <playingEntity>
                                                <name>UniLab</name>
                                            </playingEntity>
                                        </participantRole>
                                    </participant>
                                </procedure>
                            </component>
                            <component>
                                <observation classCode="OBS" moodCode="EVN">
                                    <templateId root="2.16.840.1.113883.10.20.1.31"/>
                                    <templateId root="1.3.6.1.4.1.19376.1.5.3.1.4.13"/>
                                    <templateId root="2.16.840.1.113883.3.88.11.83.15.1"/>
                                    <id root="f5d9801c-0321-4687-a68e-89c6c4edab69"/>
                                    <code code="#WBC" codeSystemName="L" displayName="WBC"/>
                                    <text>WBC<reference value="#Observation_9a48c8845fd07601a62b7a"/>
                                    </text>
                                    <statusCode code="completed"/>
                                    <effectiveTime value="201208081645-0800"/>
                                    <value xsi:type="PQ">6.73<reference value="#ObservationValue_5248ada4f6cae671980930"/>
                                    </value>
                                    <referenceRange>
                                        <observationRange>
                                            <value xsi:type="IVL_PQ">
                                                <low value="4.80" unit="THOUSAND"/>
                                                <high value="10.80" unit="THOUSAND"/>
                                            </value>
                                        </observationRange>
                                    </referenceRange>
                                </observation>
                            </component>
                            <component>
                                <observation classCode="OBS" moodCode="EVN">
                                    <templateId root="2.16.840.1.113883.10.20.1.31"/>
                                    <templateId root="1.3.6.1.4.1.19376.1.5.3.1.4.13"/>
                                    <templateId root="2.16.840.1.113883.3.88.11.83.15.1"/>
                                    <id root="e5b22625-f2df-403f-a978-28a00ee1a90c"/>
                                    <code code="#HGB" codeSystemName="L" displayName="HGB"/>
                                    <text>HGB<reference value="#Observation_5244b7a692d333acc0662a"/>
                                    </text>
                                    <statusCode code="completed"/>
                                    <effectiveTime value="201208081645-0800"/>
                                    <value xsi:type="PQ">14.4<reference value="#ObservationValue_e244bbb6d2cc511a619325"/>
                                    </value>
                                    <referenceRange>
                                        <observationRange>
                                            <value xsi:type="IVL_PQ">
                                                <low value="14.0" unit="G/dl"/>
                                                <high value="18.0" unit="G/dl"/>
                                            </value>
                                        </observationRange>
                                    </referenceRange>
                                </observation>
                            </component>
                            <component>
                                <observation classCode="OBS" moodCode="EVN">
                                    <templateId root="2.16.840.1.113883.10.20.1.31"/>
                                    <templateId root="1.3.6.1.4.1.19376.1.5.3.1.4.13"/>
                                    <templateId root="2.16.840.1.113883.3.88.11.83.15.1"/>
                                    <id root="3a3aa3a4-5e5b-4758-867f-e80cabb677f7"/>
                                    <code code="#HCT" codeSystemName="L" displayName="HCT"/>
                                    <text>HCT<reference value="#Observation_704ca6959ac1a90a26081a"/>
                                    </text>
                                    <statusCode code="completed"/>
                                    <effectiveTime value="201208081645-0800"/>
                                    <value xsi:type="PQ">44.2<reference value="#ObservationValue_4742b095615b499f92be06"/>
                                    </value>
                                    <referenceRange>
                                        <observationRange>
                                            <value xsi:type="IVL_PQ">
                                                <low value="42.0" unit="PERCENT"/>
                                                <high value="54.0" unit="PERCENT"/>
                                            </value>
                                        </observationRange>
                                    </referenceRange>
                                </observation>
                            </component>
                            <component>
                                <observation classCode="OBS" moodCode="EVN">
                                    <templateId root="2.16.840.1.113883.10.20.1.31"/>
                                    <templateId root="1.3.6.1.4.1.19376.1.5.3.1.4.13"/>
                                    <templateId root="2.16.840.1.113883.3.88.11.83.15.1"/>
                                    <id root="3a7317ee-6fef-413f-a2a8-e29bc24d9d2a"/>
                                    <code code="#PLT" codeSystemName="L" displayName="PLATELETS"/>
                                    <text>PLATELETS<reference value="#Observation_634eebb4ede9031ca05595"/>
                                    </text>
                                    <statusCode code="completed"/>
                                    <effectiveTime value="201208081645-0800"/>
                                    <value xsi:type="PQ">137<reference value="#ObservationValue_6940ab93e936e2a259887a"/>
                                    </value>
                                    <interpretationCode code="N" codeSystem="2.16.840.1.113883.5.83" codeSystemName="Observation Interpretation" displayName="Normal"/>
                                    <referenceRange>
                                        <observationRange>
                                            <value xsi:type="IVL_PQ">
                                                <low value="130" unit="THOUSAND"/>
                                                <high value="400" unit="THOUSAND"/>
                                            </value>
                                        </observationRange>
                                    </referenceRange>
                                </observation>
                            </component>
                            <component>
                                <observation classCode="OBS" moodCode="EVN">
                                    <templateId root="2.16.840.1.113883.10.20.1.31"/>
                                    <templateId root="1.3.6.1.4.1.19376.1.5.3.1.4.13"/>
                                    <templateId root="2.16.840.1.113883.3.88.11.83.15.1"/>
                                    <id root="e206c135-009e-4253-b44c-d7e0c585f7ea"/>
                                    <code code="#RBC" codeSystemName="L" displayName="RBC"/>
                                    <text>RBC<reference value="#Observation_82419d9445b2e17121a6a4"/>
                                    </text>
                                    <statusCode code="completed"/>
                                    <effectiveTime value="201208081645-0800"/>
                                    <value xsi:type="PQ">4.81<reference value="#ObservationValue_bc4c368eabd7089b260878"/>
                                    </value>
                                    <referenceRange>
                                        <observationRange>
                                            <value xsi:type="IVL_PQ">
                                                <low value="4.70" unit="MILLION"/>
                                                <high value="6.10" unit="MILLION"/>
                                            </value>
                                        </observationRange>
                                    </referenceRange>
                                </observation>
                            </component>
                            <component>
                                <observation classCode="OBS" moodCode="EVN">
                                    <templateId root="2.16.840.1.113883.10.20.1.31"/>
                                    <templateId root="1.3.6.1.4.1.19376.1.5.3.1.4.13"/>
                                    <templateId root="2.16.840.1.113883.3.88.11.83.15.1"/>
                                    <id root="65ac2290-b2cb-4a35-a330-852d8fe50f37"/>
                                    <code code="#MCV" codeSystemName="L" displayName="MCV"/>
                                    <text>MCV<reference value="#Observation_4547b0b6dc93f6d6286003"/>
                                    </text>
                                    <statusCode code="completed"/>
                                    <effectiveTime value="201208081645-0800"/>
                                    <value xsi:type="PQ">92.2<reference value="#ObservationValue_f544459803c88ab167510b"/>
                                    </value>
                                    <referenceRange>
                                        <observationRange>
                                            <value xsi:type="IVL_PQ">
                                                <low value="83.0" unit="fl"/>
                                                <high value="99.0" unit="fl"/>
                                            </value>
                                        </observationRange>
                                    </referenceRange>
                                </observation>
                            </component>
                            <component>
                                <observation classCode="OBS" moodCode="EVN">
                                    <templateId root="2.16.840.1.113883.10.20.1.31"/>
                                    <templateId root="1.3.6.1.4.1.19376.1.5.3.1.4.13"/>
                                    <templateId root="2.16.840.1.113883.3.88.11.83.15.1"/>
                                    <id root="321c851b-2c68-4a83-9ad2-90472353b676"/>
                                    <code code="#MCH" codeSystemName="L" displayName="MCH"/>
                                    <text>MCH<reference value="#Observation_484bcebb5a0a8008e68dca"/>
                                    </text>
                                    <statusCode code="completed"/>
                                    <effectiveTime value="201208081645-0800"/>
                                    <value xsi:type="PQ">30.6<reference value="#ObservationValue_f3499a970073ffd762f431"/>
                                    </value>
                                    <referenceRange>
                                        <observationRange>
                                            <value xsi:type="IVL_PQ">
                                                <low value="27.0" unit="pg"/>
                                                <high value="32.0" unit="pg"/>
                                            </value>
                                        </observationRange>
                                    </referenceRange>
                                </observation>
                            </component>
                            <component>
                                <observation classCode="OBS" moodCode="EVN">
                                    <templateId root="2.16.840.1.113883.10.20.1.31"/>
                                    <templateId root="1.3.6.1.4.1.19376.1.5.3.1.4.13"/>
                                    <templateId root="2.16.840.1.113883.3.88.11.83.15.1"/>
                                    <id root="9d82c56c-ff60-45ae-839f-c25354b0097e"/>
                                    <code code="#MCHC" codeSystemName="L" displayName="MCHC"/>
                                    <text>MCHC<reference value="#Observation_c44d25b1f78404436cc9c9"/>
                                    </text>
                                    <statusCode code="completed"/>
                                    <effectiveTime value="201208081645-0800"/>
                                    <value xsi:type="PQ">33.3<reference value="#ObservationValue_a8474eae7d6cd3b2175409"/>
                                    </value>
                                    <referenceRange>
                                        <observationRange>
                                            <value xsi:type="IVL_PQ">
                                                <low value="32.0" unit="G/dl"/>
                                                <high value="37.0" unit="G/dl"/>
                                            </value>
                                        </observationRange>
                                    </referenceRange>
                                </observation>
                            </component>
                            <component>
                                <observation classCode="OBS" moodCode="EVN">
                                    <templateId root="2.16.840.1.113883.10.20.1.31"/>
                                    <templateId root="1.3.6.1.4.1.19376.1.5.3.1.4.13"/>
                                    <templateId root="2.16.840.1.113883.3.88.11.83.15.1"/>
                                    <id root="1d62cbdb-f432-418c-b9e1-dd1c83d2ce81"/>
                                    <code code="#RDW" codeSystemName="L" displayName="RDW"/>
                                    <text>RDW<reference value="#Observation_394aea942bce6201632166"/>
                                    </text>
                                    <statusCode code="completed"/>
                                    <effectiveTime value="201208081645-0800"/>
                                    <value xsi:type="PQ">13<reference value="#ObservationValue_734df794745844233d9c3a"/>
                                    </value>
                                    <interpretationCode code="N" codeSystem="2.16.840.1.113883.5.83" codeSystemName="Observation Interpretation" displayName="Normal"/>
                                    <referenceRange>
                                        <observationRange>
                                            <value xsi:type="IVL_PQ">
                                                <low value="11.5" unit="PERCENT"/>
                                                <high value="14.5" unit="PERCENT"/>
                                            </value>
                                        </observationRange>
                                    </referenceRange>
                                </observation>
                            </component>
                            <component>
                                <observation classCode="OBS" moodCode="EVN">
                                    <templateId root="2.16.840.1.113883.10.20.1.31"/>
                                    <templateId root="1.3.6.1.4.1.19376.1.5.3.1.4.13"/>
                                    <templateId root="2.16.840.1.113883.3.88.11.83.15.1"/>
                                    <id root="fb58ae0b-e9d4-44e6-b63a-acdfdef319ab"/>
                                    <code code="#NEUT" codeSystemName="L" displayName="NEUT"/>
                                    <text>NEUT<reference value="#Observation_e74a488281cdf224bc069e"/>
                                    </text>
                                    <statusCode code="completed"/>
                                    <effectiveTime value="201208081645-0800"/>
                                    <value xsi:type="PQ">68<reference value="#ObservationValue_e846d4a55ca1df02886685"/>
                                    </value>
                                    <interpretationCode code="N" codeSystem="2.16.840.1.113883.5.83" codeSystemName="Observation Interpretation" displayName="Normal"/>
                                    <referenceRange>
                                        <observationRange>
                                            <value xsi:type="IVL_PQ">
                                                <low value="40.0" unit="PERCENT"/>
                                                <high value="74.0" unit="PERCENT"/>
                                            </value>
                                        </observationRange>
                                    </referenceRange>
                                </observation>
                            </component>
                            <component>
                                <observation classCode="OBS" moodCode="EVN">
                                    <templateId root="2.16.840.1.113883.10.20.1.31"/>
                                    <templateId root="1.3.6.1.4.1.19376.1.5.3.1.4.13"/>
                                    <templateId root="2.16.840.1.113883.3.88.11.83.15.1"/>
                                    <id root="660b1e1b-be76-480e-a333-1aeeb858005f"/>
                                    <code code="#LYMPH" codeSystemName="L" displayName="LYMPH"/>
                                    <text>LYMPH<reference value="#Observation_99456cb3bab570ce36d175"/>
                                    </text>
                                    <statusCode code="completed"/>
                                    <effectiveTime value="201208081645-0800"/>
                                    <value xsi:type="PQ">24<reference value="#ObservationValue_e6410c889b7ed3a8dc4b73"/>
                                    </value>
                                    <interpretationCode code="N" codeSystem="2.16.840.1.113883.5.83" codeSystemName="Observation Interpretation" displayName="Normal"/>
                                    <referenceRange>
                                        <observationRange>
                                            <value xsi:type="IVL_PQ">
                                                <low value="19.0" unit="PERCENT"/>
                                                <high value="48.0" unit="PERCENT"/>
                                            </value>
                                        </observationRange>
                                    </referenceRange>
                                </observation>
                            </component>
                            <component>
                                <observation classCode="OBS" moodCode="EVN">
                                    <templateId root="2.16.840.1.113883.10.20.1.31"/>
                                    <templateId root="1.3.6.1.4.1.19376.1.5.3.1.4.13"/>
                                    <templateId root="2.16.840.1.113883.3.88.11.83.15.1"/>
                                    <id root="b260ff9a-9c20-4791-8587-d18993f2b59a"/>
                                    <code code="#MONO" codeSystemName="L" displayName="MONO"/>
                                    <text>MONO<reference value="#Observation_49451eb435ed17379e115a"/>
                                    </text>
                                    <statusCode code="completed"/>
                                    <effectiveTime value="201208081645-0800"/>
                                    <value xsi:type="PQ">8.7<reference value="#ObservationValue_6e4543a2850fefaca3f263"/>
                                    </value>
                                    <interpretationCode code="N" codeSystem="2.16.840.1.113883.5.83" codeSystemName="Observation Interpretation" displayName="Normal"/>
                                    <referenceRange>
                                        <observationRange>
                                            <value xsi:type="IVL_PQ">
                                                <low value="3.5" unit="PERCENT"/>
                                                <high value="9.0" unit="PERCENT"/>
                                            </value>
                                        </observationRange>
                                    </referenceRange>
                                </observation>
                            </component>
                            <component>
                                <observation classCode="OBS" moodCode="EVN">
                                    <templateId root="2.16.840.1.113883.10.20.1.31"/>
                                    <templateId root="1.3.6.1.4.1.19376.1.5.3.1.4.13"/>
                                    <templateId root="2.16.840.1.113883.3.88.11.83.15.1"/>
                                    <id root="3cfe6c82-0e39-4171-bd69-052f7827bfc2"/>
                                    <code code="#EOS" codeSystemName="L" displayName="EOS"/>
                                    <text>EOS<reference value="#Observation_8c424785f59a6d2e5bfbf6"/>
                                    </text>
                                    <statusCode code="completed"/>
                                    <effectiveTime value="201208081645-0800"/>
                                    <value xsi:type="PQ">0.7<reference value="#ObservationValue_734e92b258d81ecbd2bf9c"/>
                                    </value>
                                    <referenceRange>
                                        <observationRange>
                                            <value xsi:type="IVL_PQ">
                                                <low value="0.0" unit="PERCENT"/>
                                                <high value="7.0" unit="PERCENT"/>
                                            </value>
                                        </observationRange>
                                    </referenceRange>
                                </observation>
                            </component>
                            <component>
                                <observation classCode="OBS" moodCode="EVN">
                                    <templateId root="2.16.840.1.113883.10.20.1.31"/>
                                    <templateId root="1.3.6.1.4.1.19376.1.5.3.1.4.13"/>
                                    <templateId root="2.16.840.1.113883.3.88.11.83.15.1"/>
                                    <id root="53d3a3ba-73a4-46ad-a145-1491cd910141"/>
                                    <code code="#BASO" codeSystemName="L" displayName="BASO"/>
                                    <text>BASO<reference value="#Observation_85441a965052326973eef0"/>
                                    </text>
                                    <statusCode code="completed"/>
                                    <effectiveTime value="201208081645-0800"/>
                                    <value xsi:type="PQ">0.6<reference value="#ObservationValue_63473588349a8d6b76281f"/>
                                    </value>
                                    <referenceRange>
                                        <observationRange>
                                            <value xsi:type="IVL_PQ">
                                                <low value="0.0" unit="PERCENT"/>
                                                <high value="1.5" unit="PERCENT"/>
                                            </value>
                                        </observationRange>
                                    </referenceRange>
                                </observation>
                            </component>
                            <component>
                                <observation classCode="OBS" moodCode="EVN">
                                    <templateId root="2.16.840.1.113883.10.20.1.31"/>
                                    <templateId root="1.3.6.1.4.1.19376.1.5.3.1.4.13"/>
                                    <templateId root="2.16.840.1.113883.3.88.11.83.15.1"/>
                                    <id root="8f37ae17-6cc7-4344-9c0b-78807023199d"/>
                                    <code code="#LUC" codeSystemName="L" displayName="LGE UNST.CELL"/>
                                    <text>LGE UNST.CELL<reference value="#Observation_da4dff84aa950bd4790b9e"/>
                                    </text>
                                    <statusCode code="completed"/>
                                    <effectiveTime value="201208081645-0800"/>
                                    <value xsi:type="PQ">0.9<reference value="#ObservationValue_6a414f9f5c23db3a9b7105"/>
                                    </value>
                                    <referenceRange>
                                        <observationRange>
                                            <value xsi:type="IVL_PQ">
                                                <low value="0.0" unit="PERCENT"/>
                                                <high value="4.0" unit="PERCENT"/>
                                            </value>
                                        </observationRange>
                                    </referenceRange>
                                </observation>
                            </component>
                            <component>
                                <observation classCode="OBS" moodCode="EVN">
                                    <templateId root="2.16.840.1.113883.10.20.1.31"/>
                                    <templateId root="1.3.6.1.4.1.19376.1.5.3.1.4.13"/>
                                    <templateId root="2.16.840.1.113883.3.88.11.83.15.1"/>
                                    <id root="17b15fc9-08ed-48d1-944e-0f993e15f416"/>
                                    <code code="##NEUT" codeSystemName="L" displayName="NEUT ABS"/>
                                    <text>NEUT ABS<reference value="#Observation_d34a249f2890baa671c893"/>
                                    </text>
                                    <statusCode code="completed"/>
                                    <effectiveTime value="201208081645-0800"/>
                                    <value xsi:type="PQ">6.50<reference value="#ObservationValue_874c0d8dc37920bdfbccd3"/>
                                    </value>
                                    <referenceRange>
                                        <observationRange>
                                            <value xsi:type="IVL_PQ">
                                                <low value="1.90" unit="THOUSAND"/>
                                                <high value="8.00" unit="THOUSAND"/>
                                            </value>
                                        </observationRange>
                                    </referenceRange>
                                </observation>
                            </component>
                            <component>
                                <observation classCode="OBS" moodCode="EVN">
                                    <templateId root="2.16.840.1.113883.10.20.1.31"/>
                                    <templateId root="1.3.6.1.4.1.19376.1.5.3.1.4.13"/>
                                    <templateId root="2.16.840.1.113883.3.88.11.83.15.1"/>
                                    <id root="90268b9b-a226-4d98-a464-8752665ca2be"/>
                                    <code code="##LYMP" codeSystemName="L" displayName="LYMPH ABS"/>
                                    <text>LYMPH ABS<reference value="#Observation_4849b087405177d9863278"/>
                                    </text>
                                    <statusCode code="completed"/>
                                    <effectiveTime value="201208081645-0800"/>
                                    <value xsi:type="PQ">1.4<reference value="#ObservationValue_f548b8ae456e9f856b0210"/>
                                    </value>
                                    <interpretationCode code="N" codeSystem="2.16.840.1.113883.5.83" codeSystemName="Observation Interpretation" displayName="Normal"/>
                                    <referenceRange>
                                        <observationRange>
                                            <value xsi:type="IVL_PQ">
                                                <low value="0.90" unit="THOUSAND"/>
                                                <high value="5.20" unit="THOUSAND"/>
                                            </value>
                                        </observationRange>
                                    </referenceRange>
                                </observation>
                            </component>
                            <component>
                                <observation classCode="OBS" moodCode="EVN">
                                    <templateId root="2.16.840.1.113883.10.20.1.31"/>
                                    <templateId root="1.3.6.1.4.1.19376.1.5.3.1.4.13"/>
                                    <templateId root="2.16.840.1.113883.3.88.11.83.15.1"/>
                                    <id root="bca66e3c-53b5-4a99-a3f4-742c9e5cd0b2"/>
                                    <code code="##MONO" codeSystemName="L" displayName="MONO ABS"/>
                                    <text>MONO ABS<reference value="#Observation_044bfdbb68f5e4aff51c02"/>
                                    </text>
                                    <statusCode code="completed"/>
                                    <effectiveTime value="201208081645-0800"/>
                                    <value xsi:type="PQ">0.80<reference value="#ObservationValue_6c474eb74f733eb13423f7"/>
                                    </value>
                                    <referenceRange>
                                        <observationRange>
                                            <value xsi:type="IVL_PQ">
                                                <low value="0.16" unit="THOUSAND"/>
                                                <high value="1.00" unit="THOUSAND"/>
                                            </value>
                                        </observationRange>
                                    </referenceRange>
                                </observation>
                            </component>
                            <component>
                                <observation classCode="OBS" moodCode="EVN">
                                    <templateId root="2.16.840.1.113883.10.20.1.31"/>
                                    <templateId root="1.3.6.1.4.1.19376.1.5.3.1.4.13"/>
                                    <templateId root="2.16.840.1.113883.3.88.11.83.15.1"/>
                                    <id root="ace5012f-1c8f-47a9-9692-3467dfe0f7ae"/>
                                    <code code="EOS" codeSystemName="L" displayName="EOS ABS"/>
                                    <text>EOS ABS<reference value="#Observation_5b41809a7608acf255c127"/>
                                    </text>
                                    <statusCode code="completed"/>
                                    <effectiveTime value="201208081645-0800"/>
                                    <value xsi:type="PQ">0.07<reference value="#ObservationValue_894c7baa38b15bc638d515"/>
                                    </value>
                                    <referenceRange>
                                        <observationRange>
                                            <value xsi:type="IVL_PQ">
                                                <low value="0.00" unit="THOUSAND"/>
                                                <high value="0.80" unit="THOUSAND"/>
                                            </value>
                                        </observationRange>
                                    </referenceRange>
                                </observation>
                            </component>
                            <component>
                                <observation classCode="OBS" moodCode="EVN">
                                    <templateId root="2.16.840.1.113883.10.20.1.31"/>
                                    <templateId root="1.3.6.1.4.1.19376.1.5.3.1.4.13"/>
                                    <templateId root="2.16.840.1.113883.3.88.11.83.15.1"/>
                                    <id root="8ec826cb-3f76-42f3-a90d-f2a18e78e027"/>
                                    <code code="BASO" codeSystemName="L" displayName="BASO ABS"/>
                                    <text>BASO ABS<reference value="#Observation_7d4c6786e717e8efbbe4fa"/>
                                    </text>
                                    <statusCode code="completed"/>
                                    <effectiveTime value="201208081645-0800"/>
                                    <value xsi:type="PQ">0.08<reference value="#ObservationValue_3f4e9e9f5f927937cc9fc6"/>
                                    </value>
                                    <referenceRange>
                                        <observationRange>
                                            <value xsi:type="IVL_PQ">
                                                <low value="0.00" unit="THOUSAND"/>
                                                <high value="0.20" unit="THOUSAND"/>
                                            </value>
                                        </observationRange>
                                    </referenceRange>
                                </observation>
                            </component>
                            <component>
                                <observation classCode="OBS" moodCode="EVN">
                                    <templateId root="2.16.840.1.113883.10.20.1.31"/>
                                    <templateId root="1.3.6.1.4.1.19376.1.5.3.1.4.13"/>
                                    <templateId root="2.16.840.1.113883.3.88.11.83.15.1"/>
                                    <id root="ff2ad8a7-a1f5-45cf-91ac-560601b96f9b"/>
                                    <code code="##LUC" codeSystemName="L" displayName="LUC ABS"/>
                                    <text>LUC ABS<reference value="#Observation_16437f8f48d1afee31a83c"/>
                                    </text>
                                    <statusCode code="completed"/>
                                    <effectiveTime value="201208081645-0800"/>
                                    <value xsi:type="PQ">0.07<reference value="#ObservationValue_6c49b9a356481592990e0d"/>
                                    </value>
                                    <referenceRange>
                                        <observationRange>
                                            <value xsi:type="IVL_PQ">
                                                <low value="0.00" unit="THOUSAND"/>
                                                <high value="0.40" unit="THOUSAND"/>
                                            </value>
                                        </observationRange>
                                    </referenceRange>
                                </observation>
                            </component>
                            <component>
                                <observation classCode="OBS" moodCode="EVN">
                                    <templateId root="2.16.840.1.113883.10.20.1.31"/>
                                    <templateId root="1.3.6.1.4.1.19376.1.5.3.1.4.13"/>
                                    <templateId root="2.16.840.1.113883.3.88.11.83.15.1"/>
                                    <id root="de52bdb2-44e9-41e5-9344-4ed24669ac8b"/>
                                    <code code="#MNBND" codeSystemName="L" displayName="MAN BAND NEUT"/>
                                    <text>MAN BAND NEUT<reference value="#Observation_1446cb933e1885df326837"/>
                                    </text>
                                    <statusCode code="completed"/>
                                    <effectiveTime value="201208081645-0800"/>
                                    <value xsi:type="PQ">6<reference value="#ObservationValue_454fedba80f8c2425ba79a"/>
                                    </value>
                                    <interpretationCode code="N" codeSystem="2.16.840.1.113883.5.83" codeSystemName="Observation Interpretation" displayName="Normal"/>
                                    <referenceRange>
                                        <observationRange>
                                            <value xsi:type="IVL_PQ">
                                                <low value="0" unit="PERCENT"/>
                                                <high value="8" unit="PERCENT"/>
                                            </value>
                                        </observationRange>
                                    </referenceRange>
                                </observation>
                            </component>
                            <component>
                                <observation classCode="OBS" moodCode="EVN">
                                    <templateId root="2.16.840.1.113883.10.20.1.31"/>
                                    <templateId root="1.3.6.1.4.1.19376.1.5.3.1.4.13"/>
                                    <templateId root="2.16.840.1.113883.3.88.11.83.15.1"/>
                                    <id root="0a050297-0a2b-4ada-af49-c5f502718216"/>
                                    <code code="#MNSEG" codeSystemName="L" displayName="MAN SEG NEUT"/>
                                    <text>MAN SEG NEUT<reference value="#Observation_d24d838d9d2a3d8484a8d2"/>
                                    </text>
                                    <statusCode code="completed"/>
                                    <effectiveTime value="201208081645-0800"/>
                                    <value xsi:type="PQ">70<reference value="#ObservationValue_f34e89a4853f2c2bef644a"/>
                                    </value>
                                    <referenceRange>
                                        <observationRange>
                                            <value xsi:type="IVL_PQ">
                                                <low value="40" unit="PERCENT"/>
                                                <high value="74" unit="PERCENT"/>
                                            </value>
                                        </observationRange>
                                    </referenceRange>
                                </observation>
                            </component>
                            <component>
                                <observation classCode="OBS" moodCode="EVN">
                                    <templateId root="2.16.840.1.113883.10.20.1.31"/>
                                    <templateId root="1.3.6.1.4.1.19376.1.5.3.1.4.13"/>
                                    <templateId root="2.16.840.1.113883.3.88.11.83.15.1"/>
                                    <id root="9e83c6ed-cd3b-47d0-86ec-43a087b0c6b7"/>
                                    <code code="#MNLYM" codeSystemName="L" displayName="MAN LYMPH"/>
                                    <text>MAN LYMPH<reference value="#Observation_304eb0933f247a5eaa6055"/>
                                    </text>
                                    <statusCode code="completed"/>
                                    <effectiveTime value="201208081645-0800"/>
                                    <value xsi:type="PQ">21<reference value="#ObservationValue_d1426a97c54969422bf54f"/>
                                    </value>
                                    <interpretationCode code="N" codeSystem="2.16.840.1.113883.5.83" codeSystemName="Observation Interpretation" displayName="Normal"/>
                                    <referenceRange>
                                        <observationRange>
                                            <value xsi:type="IVL_PQ">
                                                <low value="19" unit="PERCENT"/>
                                                <high value="48" unit="PERCENT"/>
                                            </value>
                                        </observationRange>
                                    </referenceRange>
                                </observation>
                            </component>
                            <component>
                                <observation classCode="OBS" moodCode="EVN">
                                    <templateId root="2.16.840.1.113883.10.20.1.31"/>
                                    <templateId root="1.3.6.1.4.1.19376.1.5.3.1.4.13"/>
                                    <templateId root="2.16.840.1.113883.3.88.11.83.15.1"/>
                                    <id root="b082a8c0-26df-488e-a838-e05fc587e561"/>
                                    <code code="#MNMNO" codeSystemName="L" displayName="MAN MONO"/>
                                    <text>MAN MONO<reference value="#Observation_8b46cdb9327026abef2f83"/>
                                    </text>
                                    <statusCode code="completed"/>
                                    <effectiveTime value="201208081645-0800"/>
                                    <value xsi:type="PQ">8<reference value="#ObservationValue_524584b0731dae72d569e5"/>
                                    </value>
                                    <referenceRange>
                                        <observationRange>
                                            <value xsi:type="IVL_PQ">
                                                <low value="4" unit="PERCENT"/>
                                                <high value="9" unit="PERCENT"/>
                                            </value>
                                        </observationRange>
                                    </referenceRange>
                                </observation>
                            </component>
                            <component>
                                <observation classCode="OBS" moodCode="EVN">
                                    <templateId root="2.16.840.1.113883.10.20.1.31"/>
                                    <templateId root="1.3.6.1.4.1.19376.1.5.3.1.4.13"/>
                                    <templateId root="2.16.840.1.113883.3.88.11.83.15.1"/>
                                    <id root="af2b2fa1-041d-411f-844c-0f44be93f478"/>
                                    <code code="#MNEOS" codeSystemName="L" displayName="MAN EOS"/>
                                    <text>MAN EOS<reference value="#Observation_b148198315fc9a2be9f70e"/>
                                    </text>
                                    <statusCode code="completed"/>
                                    <effectiveTime value="201208081645-0800"/>
                                    <value xsi:type="PQ">3<reference value="#ObservationValue_f749239761fc7ecf9fbaf1"/>
                                    </value>
                                    <referenceRange>
                                        <observationRange>
                                            <value xsi:type="IVL_PQ">
                                                <low value="0" unit="PERCENT"/>
                                                <high value="7" unit="PERCENT"/>
                                            </value>
                                        </observationRange>
                                    </referenceRange>
                                </observation>
                            </component>
                            <component>
                                <observation classCode="OBS" moodCode="EVN">
                                    <templateId root="2.16.840.1.113883.10.20.1.31"/>
                                    <templateId root="1.3.6.1.4.1.19376.1.5.3.1.4.13"/>
                                    <templateId root="2.16.840.1.113883.3.88.11.83.15.1"/>
                                    <id root="67828049-e638-43de-961b-bf31f1269df6"/>
                                    <code code="#MNBAS" codeSystemName="L" displayName="MAN BASO"/>
                                    <text>MAN BASO<reference value="#Observation_394c85837c7427860dd088"/>
                                    </text>
                                    <statusCode code="completed"/>
                                    <effectiveTime value="201208081645-0800"/>
                                    <value xsi:type="PQ">0<reference value="#ObservationValue_7a4cde8c02d5045bec2f70"/>
                                    </value>
                                    <referenceRange>
                                        <observationRange>
                                            <value xsi:type="IVL_PQ">
                                                <low value="0" unit="PERCENT"/>
                                                <high value="2" unit="PERCENT"/>
                                            </value>
                                        </observationRange>
                                    </referenceRange>
                                </observation>
                            </component>
                            <component>
                                <observation classCode="OBS" moodCode="EVN">
                                    <templateId root="2.16.840.1.113883.10.20.1.31"/>
                                    <templateId root="1.3.6.1.4.1.19376.1.5.3.1.4.13"/>
                                    <templateId root="2.16.840.1.113883.3.88.11.83.15.1"/>
                                    <id root="3c8d9516-b64f-4fee-897d-b2e470f163eb"/>
                                    <code code="#MNMET" codeSystemName="L" displayName="MAN METAMYL"/>
                                    <text>MAN METAMYL<reference value="#Observation_b04221bffb5fdb3287c3b4"/>
                                    </text>
                                    <statusCode code="completed"/>
                                    <effectiveTime value="201208081645-0800"/>
                                    <value xsi:type="PQ">0<reference value="#ObservationValue_fc4db48dddcae5c1808b1e"/>
                                    </value>
                                    <referenceRange>
                                        <observationRange>
                                            <value xsi:type="IVL_PQ">
                                                <low value="0" unit="PERCENT"/>
                                                <high value="1" unit="PERCENT"/>
                                            </value>
                                        </observationRange>
                                    </referenceRange>
                                </observation>
                            </component>
                            <component>
                                <observation classCode="OBS" moodCode="EVN">
                                    <templateId root="2.16.840.1.113883.10.20.1.31"/>
                                    <templateId root="1.3.6.1.4.1.19376.1.5.3.1.4.13"/>
                                    <templateId root="2.16.840.1.113883.3.88.11.83.15.1"/>
                                    <id root="fed2ee21-d5af-4f52-931f-42d293441c4d"/>
                                    <code code="#MNMYL" codeSystemName="L" displayName="MAN MYELOCYTE"/>
                                    <text>MAN MYELOCYTE<reference value="#Observation_a940e88da8b12a0b535ab5"/>
                                    </text>
                                    <statusCode code="completed"/>
                                    <effectiveTime value="201208081645-0800"/>
                                    <value xsi:type="PQ">0<reference value="#ObservationValue_cf45a188bbac328e2c85a2"/>
                                    </value>
                                    <referenceRange>
                                        <observationRange>
                                            <value xsi:type="IVL_PQ">
                                                <low value="0" unit="PERCENT"/>
                                                <high value="1" unit="PERCENT"/>
                                            </value>
                                        </observationRange>
                                    </referenceRange>
                                </observation>
                            </component>
                            <component>
                                <observation classCode="OBS" moodCode="EVN">
                                    <templateId root="2.16.840.1.113883.10.20.1.31"/>
                                    <templateId root="1.3.6.1.4.1.19376.1.5.3.1.4.13"/>
                                    <templateId root="2.16.840.1.113883.3.88.11.83.15.1"/>
                                    <id root="9d96f3ca-9fed-45d1-9d12-dfee4681a4e6"/>
                                    <code code="#MNPRO" codeSystemName="L" displayName="MAN PROMYELO"/>
                                    <text>MAN PROMYELO<reference value="#Observation_184ec491c1fd90c52e1528"/>
                                    </text>
                                    <statusCode code="completed"/>
                                    <effectiveTime value="201208081645-0800"/>
                                    <value xsi:type="PQ">0<reference value="#ObservationValue_c441a09fea8b1e9ab208c1"/>
                                    </value>
                                    <referenceRange>
                                        <observationRange>
                                            <value xsi:type="IVL_PQ">
                                                <low value="0" unit="PERCENT"/>
                                                <high value="0" unit="PERCENT"/>
                                            </value>
                                        </observationRange>
                                    </referenceRange>
                                </observation>
                            </component>
                            <component>
                                <observation classCode="OBS" moodCode="EVN">
                                    <templateId root="2.16.840.1.113883.10.20.1.31"/>
                                    <templateId root="1.3.6.1.4.1.19376.1.5.3.1.4.13"/>
                                    <templateId root="2.16.840.1.113883.3.88.11.83.15.1"/>
                                    <id root="9af9be5c-6f05-4a87-95d1-d0bd1c2a1410"/>
                                    <code code="#MNBLS" codeSystemName="L" displayName="MAN BLASTS"/>
                                    <text>MAN BLASTS<reference value="#Observation_96435f86d626923a20e04c"/>
                                    </text>
                                    <statusCode code="completed"/>
                                    <effectiveTime value="201208081645-0800"/>
                                    <value xsi:type="PQ">0<reference value="#ObservationValue_75442cbae2061c1fb7ab61"/>
                                    </value>
                                    <referenceRange>
                                        <observationRange>
                                            <value xsi:type="IVL_PQ">
                                                <low value="0" unit="PERCENT"/>
                                                <high value="0" unit="PERCENT"/>
                                            </value>
                                        </observationRange>
                                    </referenceRange>
                                </observation>
                            </component>
                            <component>
                                <observation classCode="OBS" moodCode="EVN">
                                    <templateId root="2.16.840.1.113883.10.20.1.31"/>
                                    <templateId root="1.3.6.1.4.1.19376.1.5.3.1.4.13"/>
                                    <templateId root="2.16.840.1.113883.3.88.11.83.15.1"/>
                                    <id root="611d1633-72c5-4daa-b4d2-ea9fa3399e88"/>
                                    <code code="#ESPLT" codeSystemName="L" displayName="PLATELET (EST)"/>
                                    <text>PLATELET (EST)<reference value="#Observation_814574bdc1ae9d77d4ab88"/>
                                    </text>
                                    <statusCode code="completed"/>
                                    <effectiveTime value="201208081645-0800"/>
                                    <value xsi:type="ED">10-12<reference value="#ObservationValue_c643e4922885287d05e951"/>
                                    </value>
                                    <entryRelationship typeCode="SUBJ" inversionInd="true">
                                        <act classCode="ACT" moodCode="EVN">
                                            <templateId root="2.16.840.1.113883.10.20.1.40"/>
                                            <templateId root="2.16.840.1.113883.3.88.11.83.11"/>
                                            <templateId root="1.3.6.1.4.1.19376.1.5.3.1.4.2"/>
                                            <code code="48767-8" codeSystem="2.16.840.1.113883.6.1" codeSystemName="LOINC" displayName="Annotation Comment"/>
                                            <text>PLATELET COUNT CONSISTENT  WITH SLIDE REVIEW ESPLT  EACH PLATELET PER OIL IMMERSION FIELD REPRESENTS APPROXIMATELY        TWENTY THOUSAND PLATELETS PER CUBIC MILLIMETER.<reference value="Comment_bb4d40b0ffa021d3815e1b"/>
                                            </text>
                                            <statusCode code="completed"/>
                                        </act>
                                    </entryRelationship>
                                    <referenceRange>
                                        <observationRange>
                                            <value xsi:type="IVL_PQ">
                                                <low value="7" unit="PER_OIF"/>
                                                <high value="20" unit="PER_OIF"/>
                                            </value>
                                        </observationRange>
                                    </referenceRange>
                                </observation>
                            </component>
                        </organizer>
                    </entry>
                    <entry>
                        <organizer classCode="BATTERY" moodCode="EVN">
                            <templateId root="2.16.840.1.113883.10.20.1.32"/>
                            <id root="541bbe20-5806-4d14-9fec-c0f6f3d5e92d"/>
                            <code code="CBC" codeSystemName="L" displayName="CBC">
                                <translation code="LAB"/>
                            </code>
                            <statusCode code="completed"/>
                            <component>
                                <procedure classCode="PROC" moodCode="EVN">
                                    <templateId root="2.16.840.1.113883.10.20.1.29"/>
                                    <templateId root="1.3.6.1.4.1.19376.1.5.3.1.4.19"/>
                                    <templateId root="2.16.840.1.113883.3.88.11.83.17"/>
                                    <id root="7ad5cd2d-aae1-425d-93a9-33e973d5a12d"/>
                                    <code nullFlavor="NI">
                                        <originalText>CBC</originalText>
                                    </code>
                                    <text>CBC</text>
                                    <statusCode code="completed"/>
                                    <effectiveTime>
                                        <low value="201208121645-0800"/>
                                    </effectiveTime>
                                    <priorityCode code="S" codeSystem="2.16.840.1.113883.3.88.12.80.71" codeSystemName="Order Priority" displayName="Stat"/>
                                    <participant typeCode="RESP" contextControlCode="OP">
                                        <participantRole>
                                            <addr nullFlavor="NI"/>
                                            <playingEntity>
                                                <name>
                                                    <given>Unnamed</given>
                                                    <family>User</family>
                                                </name>
                                            </playingEntity>
                                        </participantRole>
                                    </participant>
                                    <participant typeCode="ATND" contextControlCode="OP">
                                        <participantRole>
                                            <addr nullFlavor="NI"/>
                                            <playingEntity>
                                                <name>
                                                    <given>Test</given>
                                                    <family>Userone</family>
                                                </name>
                                            </playingEntity>
                                        </participantRole>
                                    </participant>
                                    <participant typeCode="ADM" contextControlCode="OP">
                                        <participantRole>
                                            <addr nullFlavor="NI"/>
                                            <playingEntity>
                                                <name>
                                                    <given>Test</given>
                                                    <family>Faxuser</family>
                                                </name>
                                            </playingEntity>
                                        </participantRole>
                                    </participant>
                                    <participant typeCode="REF" contextControlCode="OP">
                                        <participantRole>
                                            <addr nullFlavor="NI"/>
                                            <playingEntity>
                                                <name>
                                                    <given>Test</given>
                                                    <family>Faxuser</family>
                                                </name>
                                            </playingEntity>
                                        </participantRole>
                                    </participant>
                                    <participant typeCode="ORG" contextControlCode="OP">
                                        <participantRole>
                                            <addr nullFlavor="NI"/>
                                            <telecom nullFlavor="NI"/>
                                            <playingEntity>
                                                <name>UniLab</name>
                                            </playingEntity>
                                        </participantRole>
                                    </participant>
                                </procedure>
                            </component>
                            <component>
                                <observation classCode="OBS" moodCode="EVN">
                                    <templateId root="2.16.840.1.113883.10.20.1.31"/>
                                    <templateId root="1.3.6.1.4.1.19376.1.5.3.1.4.13"/>
                                    <templateId root="2.16.840.1.113883.3.88.11.83.15.1"/>
                                    <id root="f5d9801c-0321-4687-a68e-89c6c4edab69"/>
                                    <code code="#WBC" codeSystemName="L" displayName="WBC"/>
                                    <text>WBC<reference value="#Observation_9a48c8845fd07601a62b7a"/>
                                    </text>
                                    <statusCode code="completed"/>
                                    <effectiveTime value="201208121645-0800"/>
                                    <value xsi:type="PQ">6.83<reference value="#ObservationValue_5248ada4f6cae671980930"/>
                                    </value>
                                    <referenceRange>
                                        <observationRange>
                                            <value xsi:type="IVL_PQ">
                                                <low value="4.80" unit="THOUSAND"/>
                                                <high value="10.80" unit="THOUSAND"/>
                                            </value>
                                        </observationRange>
                                    </referenceRange>
                                </observation>
                            </component>
                            <component>
                                <observation classCode="OBS" moodCode="EVN">
                                    <templateId root="2.16.840.1.113883.10.20.1.31"/>
                                    <templateId root="1.3.6.1.4.1.19376.1.5.3.1.4.13"/>
                                    <templateId root="2.16.840.1.113883.3.88.11.83.15.1"/>
                                    <id root="e5b22625-f2df-403f-a978-28a00ee1a90c"/>
                                    <code code="#HGB" codeSystemName="L" displayName="HGB"/>
                                    <text>HGB<reference value="#Observation_5244b7a692d333acc0662a"/>
                                    </text>
                                    <statusCode code="completed"/>
                                    <effectiveTime value="201208121645-0800"/>
                                    <value xsi:type="PQ">14.4<reference value="#ObservationValue_e244bbb6d2cc511a619325"/>
                                    </value>
                                    <referenceRange>
                                        <observationRange>
                                            <value xsi:type="IVL_PQ">
                                                <low value="14.0" unit="G/dl"/>
                                                <high value="18.0" unit="G/dl"/>
                                            </value>
                                        </observationRange>
                                    </referenceRange>
                                </observation>
                            </component>
                            <component>
                                <observation classCode="OBS" moodCode="EVN">
                                    <templateId root="2.16.840.1.113883.10.20.1.31"/>
                                    <templateId root="1.3.6.1.4.1.19376.1.5.3.1.4.13"/>
                                    <templateId root="2.16.840.1.113883.3.88.11.83.15.1"/>
                                    <id root="3a3aa3a4-5e5b-4758-867f-e80cabb677f7"/>
                                    <code code="#HCT" codeSystemName="L" displayName="HCT"/>
                                    <text>HCT<reference value="#Observation_704ca6959ac1a90a26081a"/>
                                    </text>
                                    <statusCode code="completed"/>
                                    <effectiveTime value="201208121645-0800"/>
                                    <value xsi:type="PQ">44.2<reference value="#ObservationValue_4742b095615b499f92be06"/>
                                    </value>
                                    <referenceRange>
                                        <observationRange>
                                            <value xsi:type="IVL_PQ">
                                                <low value="42.0" unit="PERCENT"/>
                                                <high value="54.0" unit="PERCENT"/>
                                            </value>
                                        </observationRange>
                                    </referenceRange>
                                </observation>
                            </component>
                            <component>
                                <observation classCode="OBS" moodCode="EVN">
                                    <templateId root="2.16.840.1.113883.10.20.1.31"/>
                                    <templateId root="1.3.6.1.4.1.19376.1.5.3.1.4.13"/>
                                    <templateId root="2.16.840.1.113883.3.88.11.83.15.1"/>
                                    <id root="3a7317ee-6fef-413f-a2a8-e29bc24d9d2a"/>
                                    <code code="#PLT" codeSystemName="L" displayName="PLATELETS"/>
                                    <text>PLATELETS<reference value="#Observation_634eebb4ede9031ca05595"/>
                                    </text>
                                    <statusCode code="completed"/>
                                    <effectiveTime value="201208121645-0800"/>
                                    <value xsi:type="PQ">137<reference value="#ObservationValue_6940ab93e936e2a259887a"/>
                                    </value>
                                    <interpretationCode code="N" codeSystem="2.16.840.1.113883.5.83" codeSystemName="Observation Interpretation" displayName="Normal"/>
                                    <referenceRange>
                                        <observationRange>
                                            <value xsi:type="IVL_PQ">
                                                <low value="130" unit="THOUSAND"/>
                                                <high value="400" unit="THOUSAND"/>
                                            </value>
                                        </observationRange>
                                    </referenceRange>
                                </observation>
                            </component>
                            <component>
                                <observation classCode="OBS" moodCode="EVN">
                                    <templateId root="2.16.840.1.113883.10.20.1.31"/>
                                    <templateId root="1.3.6.1.4.1.19376.1.5.3.1.4.13"/>
                                    <templateId root="2.16.840.1.113883.3.88.11.83.15.1"/>
                                    <id root="e206c135-009e-4253-b44c-d7e0c585f7ea"/>
                                    <code code="#RBC" codeSystemName="L" displayName="RBC"/>
                                    <text>RBC<reference value="#Observation_82419d9445b2e17121a6a4"/>
                                    </text>
                                    <statusCode code="completed"/>
                                    <effectiveTime value="201208121645-0800"/>
                                    <value xsi:type="PQ">4.81<reference value="#ObservationValue_bc4c368eabd7089b260878"/>
                                    </value>
                                    <referenceRange>
                                        <observationRange>
                                            <value xsi:type="IVL_PQ">
                                                <low value="4.70" unit="MILLION"/>
                                                <high value="6.10" unit="MILLION"/>
                                            </value>
                                        </observationRange>
                                    </referenceRange>
                                </observation>
                            </component>
                            <component>
                                <observation classCode="OBS" moodCode="EVN">
                                    <templateId root="2.16.840.1.113883.10.20.1.31"/>
                                    <templateId root="1.3.6.1.4.1.19376.1.5.3.1.4.13"/>
                                    <templateId root="2.16.840.1.113883.3.88.11.83.15.1"/>
                                    <id root="65ac2290-b2cb-4a35-a330-852d8fe50f37"/>
                                    <code code="#MCV" codeSystemName="L" displayName="MCV"/>
                                    <text>MCV<reference value="#Observation_4547b0b6dc93f6d6286003"/>
                                    </text>
                                    <statusCode code="completed"/>
                                    <effectiveTime value="201208121645-0800"/>
                                    <value xsi:type="PQ">92.2<reference value="#ObservationValue_f544459803c88ab167510b"/>
                                    </value>
                                    <referenceRange>
                                        <observationRange>
                                            <value xsi:type="IVL_PQ">
                                                <low value="83.0" unit="fl"/>
                                                <high value="99.0" unit="fl"/>
                                            </value>
                                        </observationRange>
                                    </referenceRange>
                                </observation>
                            </component>
                            <component>
                                <observation classCode="OBS" moodCode="EVN">
                                    <templateId root="2.16.840.1.113883.10.20.1.31"/>
                                    <templateId root="1.3.6.1.4.1.19376.1.5.3.1.4.13"/>
                                    <templateId root="2.16.840.1.113883.3.88.11.83.15.1"/>
                                    <id root="321c851b-2c68-4a83-9ad2-90472353b676"/>
                                    <code code="#MCH" codeSystemName="L" displayName="MCH"/>
                                    <text>MCH<reference value="#Observation_484bcebb5a0a8008e68dca"/>
                                    </text>
                                    <statusCode code="completed"/>
                                    <effectiveTime value="201208121645-0800"/>
                                    <value xsi:type="PQ">30.6<reference value="#ObservationValue_f3499a970073ffd762f431"/>
                                    </value>
                                    <referenceRange>
                                        <observationRange>
                                            <value xsi:type="IVL_PQ">
                                                <low value="27.0" unit="pg"/>
                                                <high value="32.0" unit="pg"/>
                                            </value>
                                        </observationRange>
                                    </referenceRange>
                                </observation>
                            </component>
                            <component>
                                <observation classCode="OBS" moodCode="EVN">
                                    <templateId root="2.16.840.1.113883.10.20.1.31"/>
                                    <templateId root="1.3.6.1.4.1.19376.1.5.3.1.4.13"/>
                                    <templateId root="2.16.840.1.113883.3.88.11.83.15.1"/>
                                    <id root="9d82c56c-ff60-45ae-839f-c25354b0097e"/>
                                    <code code="#MCHC" codeSystemName="L" displayName="MCHC"/>
                                    <text>MCHC<reference value="#Observation_c44d25b1f78404436cc9c9"/>
                                    </text>
                                    <statusCode code="completed"/>
                                    <effectiveTime value="201208121645-0800"/>
                                    <value xsi:type="PQ">33.3<reference value="#ObservationValue_a8474eae7d6cd3b2175409"/>
                                    </value>
                                    <referenceRange>
                                        <observationRange>
                                            <value xsi:type="IVL_PQ">
                                                <low value="32.0" unit="G/dl"/>
                                                <high value="37.0" unit="G/dl"/>
                                            </value>
                                        </observationRange>
                                    </referenceRange>
                                </observation>
                            </component>
                            <component>
                                <observation classCode="OBS" moodCode="EVN">
                                    <templateId root="2.16.840.1.113883.10.20.1.31"/>
                                    <templateId root="1.3.6.1.4.1.19376.1.5.3.1.4.13"/>
                                    <templateId root="2.16.840.1.113883.3.88.11.83.15.1"/>
                                    <id root="1d62cbdb-f432-418c-b9e1-dd1c83d2ce81"/>
                                    <code code="#RDW" codeSystemName="L" displayName="RDW"/>
                                    <text>RDW<reference value="#Observation_394aea942bce6201632166"/>
                                    </text>
                                    <statusCode code="completed"/>
                                    <effectiveTime value="201208121645-0800"/>
                                    <value xsi:type="PQ">13<reference value="#ObservationValue_734df794745844233d9c3a"/>
                                    </value>
                                    <interpretationCode code="N" codeSystem="2.16.840.1.113883.5.83" codeSystemName="Observation Interpretation" displayName="Normal"/>
                                    <referenceRange>
                                        <observationRange>
                                            <value xsi:type="IVL_PQ">
                                                <low value="11.5" unit="PERCENT"/>
                                                <high value="14.5" unit="PERCENT"/>
                                            </value>
                                        </observationRange>
                                    </referenceRange>
                                </observation>
                            </component>
                            <component>
                                <observation classCode="OBS" moodCode="EVN">
                                    <templateId root="2.16.840.1.113883.10.20.1.31"/>
                                    <templateId root="1.3.6.1.4.1.19376.1.5.3.1.4.13"/>
                                    <templateId root="2.16.840.1.113883.3.88.11.83.15.1"/>
                                    <id root="fb58ae0b-e9d4-44e6-b63a-acdfdef319ab"/>
                                    <code code="#NEUT" codeSystemName="L" displayName="NEUT"/>
                                    <text>NEUT<reference value="#Observation_e74a488281cdf224bc069e"/>
                                    </text>
                                    <statusCode code="completed"/>
                                    <effectiveTime value="201208121645-0800"/>
                                    <value xsi:type="PQ">68<reference value="#ObservationValue_e846d4a55ca1df02886685"/>
                                    </value>
                                    <interpretationCode code="N" codeSystem="2.16.840.1.113883.5.83" codeSystemName="Observation Interpretation" displayName="Normal"/>
                                    <referenceRange>
                                        <observationRange>
                                            <value xsi:type="IVL_PQ">
                                                <low value="40.0" unit="PERCENT"/>
                                                <high value="74.0" unit="PERCENT"/>
                                            </value>
                                        </observationRange>
                                    </referenceRange>
                                </observation>
                            </component>
                            <component>
                                <observation classCode="OBS" moodCode="EVN">
                                    <templateId root="2.16.840.1.113883.10.20.1.31"/>
                                    <templateId root="1.3.6.1.4.1.19376.1.5.3.1.4.13"/>
                                    <templateId root="2.16.840.1.113883.3.88.11.83.15.1"/>
                                    <id root="660b1e1b-be76-480e-a333-1aeeb858005f"/>
                                    <code code="#LYMPH" codeSystemName="L" displayName="LYMPH"/>
                                    <text>LYMPH<reference value="#Observation_99456cb3bab570ce36d175"/>
                                    </text>
                                    <statusCode code="completed"/>
                                    <effectiveTime value="201208121645-0800"/>
                                    <value xsi:type="PQ">25<reference value="#ObservationValue_e6410c889b7ed3a8dc4b73"/>
                                    </value>
                                    <interpretationCode code="N" codeSystem="2.16.840.1.113883.5.83" codeSystemName="Observation Interpretation" displayName="Normal"/>
                                    <referenceRange>
                                        <observationRange>
                                            <value xsi:type="IVL_PQ">
                                                <low value="19.0" unit="PERCENT"/>
                                                <high value="48.0" unit="PERCENT"/>
                                            </value>
                                        </observationRange>
                                    </referenceRange>
                                </observation>
                            </component>
                            <component>
                                <observation classCode="OBS" moodCode="EVN">
                                    <templateId root="2.16.840.1.113883.10.20.1.31"/>
                                    <templateId root="1.3.6.1.4.1.19376.1.5.3.1.4.13"/>
                                    <templateId root="2.16.840.1.113883.3.88.11.83.15.1"/>
                                    <id root="b260ff9a-9c20-4791-8587-d18993f2b59a"/>
                                    <code code="#MONO" codeSystemName="L" displayName="MONO"/>
                                    <text>MONO<reference value="#Observation_49451eb435ed17379e115a"/>
                                    </text>
                                    <statusCode code="completed"/>
                                    <effectiveTime value="201208121645-0800"/>
                                    <value xsi:type="PQ">8.7<reference value="#ObservationValue_6e4543a2850fefaca3f263"/>
                                    </value>
                                    <interpretationCode code="N" codeSystem="2.16.840.1.113883.5.83" codeSystemName="Observation Interpretation" displayName="Normal"/>
                                    <referenceRange>
                                        <observationRange>
                                            <value xsi:type="IVL_PQ">
                                                <low value="3.5" unit="PERCENT"/>
                                                <high value="9.0" unit="PERCENT"/>
                                            </value>
                                        </observationRange>
                                    </referenceRange>
                                </observation>
                            </component>
                            <component>
                                <observation classCode="OBS" moodCode="EVN">
                                    <templateId root="2.16.840.1.113883.10.20.1.31"/>
                                    <templateId root="1.3.6.1.4.1.19376.1.5.3.1.4.13"/>
                                    <templateId root="2.16.840.1.113883.3.88.11.83.15.1"/>
                                    <id root="3cfe6c82-0e39-4171-bd69-052f7827bfc2"/>
                                    <code code="#EOS" codeSystemName="L" displayName="EOS"/>
                                    <text>EOS<reference value="#Observation_8c424785f59a6d2e5bfbf6"/>
                                    </text>
                                    <statusCode code="completed"/>
                                    <effectiveTime value="201208121645-0800"/>
                                    <value xsi:type="PQ">0.7<reference value="#ObservationValue_734e92b258d81ecbd2bf9c"/>
                                    </value>
                                    <referenceRange>
                                        <observationRange>
                                            <value xsi:type="IVL_PQ">
                                                <low value="0.0" unit="PERCENT"/>
                                                <high value="7.0" unit="PERCENT"/>
                                            </value>
                                        </observationRange>
                                    </referenceRange>
                                </observation>
                            </component>
                            <component>
                                <observation classCode="OBS" moodCode="EVN">
                                    <templateId root="2.16.840.1.113883.10.20.1.31"/>
                                    <templateId root="1.3.6.1.4.1.19376.1.5.3.1.4.13"/>
                                    <templateId root="2.16.840.1.113883.3.88.11.83.15.1"/>
                                    <id root="53d3a3ba-73a4-46ad-a145-1491cd910141"/>
                                    <code code="#BASO" codeSystemName="L" displayName="BASO"/>
                                    <text>BASO<reference value="#Observation_85441a965052326973eef0"/>
                                    </text>
                                    <statusCode code="completed"/>
                                    <effectiveTime value="201208121645-0800"/>
                                    <value xsi:type="PQ">0.6<reference value="#ObservationValue_63473588349a8d6b76281f"/>
                                    </value>
                                    <referenceRange>
                                        <observationRange>
                                            <value xsi:type="IVL_PQ">
                                                <low value="0.0" unit="PERCENT"/>
                                                <high value="1.5" unit="PERCENT"/>
                                            </value>
                                        </observationRange>
                                    </referenceRange>
                                </observation>
                            </component>
                            <component>
                                <observation classCode="OBS" moodCode="EVN">
                                    <templateId root="2.16.840.1.113883.10.20.1.31"/>
                                    <templateId root="1.3.6.1.4.1.19376.1.5.3.1.4.13"/>
                                    <templateId root="2.16.840.1.113883.3.88.11.83.15.1"/>
                                    <id root="8f37ae17-6cc7-4344-9c0b-78807023199d"/>
                                    <code code="#LUC" codeSystemName="L" displayName="LGE UNST.CELL"/>
                                    <text>LGE UNST.CELL<reference value="#Observation_da4dff84aa950bd4790b9e"/>
                                    </text>
                                    <statusCode code="completed"/>
                                    <effectiveTime value="201208121645-0800"/>
                                    <value xsi:type="PQ">0.9<reference value="#ObservationValue_6a414f9f5c23db3a9b7105"/>
                                    </value>
                                    <referenceRange>
                                        <observationRange>
                                            <value xsi:type="IVL_PQ">
                                                <low value="0.0" unit="PERCENT"/>
                                                <high value="4.0" unit="PERCENT"/>
                                            </value>
                                        </observationRange>
                                    </referenceRange>
                                </observation>
                            </component>
                            <component>
                                <observation classCode="OBS" moodCode="EVN">
                                    <templateId root="2.16.840.1.113883.10.20.1.31"/>
                                    <templateId root="1.3.6.1.4.1.19376.1.5.3.1.4.13"/>
                                    <templateId root="2.16.840.1.113883.3.88.11.83.15.1"/>
                                    <id root="17b15fc9-08ed-48d1-944e-0f993e15f416"/>
                                    <code code="##NEUT" codeSystemName="L" displayName="NEUT ABS"/>
                                    <text>NEUT ABS<reference value="#Observation_d34a249f2890baa671c893"/>
                                    </text>
                                    <statusCode code="completed"/>
                                    <effectiveTime value="201208121645-0800"/>
                                    <value xsi:type="PQ">6.50<reference value="#ObservationValue_874c0d8dc37920bdfbccd3"/>
                                    </value>
                                    <referenceRange>
                                        <observationRange>
                                            <value xsi:type="IVL_PQ">
                                                <low value="1.90" unit="THOUSAND"/>
                                                <high value="8.00" unit="THOUSAND"/>
                                            </value>
                                        </observationRange>
                                    </referenceRange>
                                </observation>
                            </component>
                            <component>
                                <observation classCode="OBS" moodCode="EVN">
                                    <templateId root="2.16.840.1.113883.10.20.1.31"/>
                                    <templateId root="1.3.6.1.4.1.19376.1.5.3.1.4.13"/>
                                    <templateId root="2.16.840.1.113883.3.88.11.83.15.1"/>
                                    <id root="90268b9b-a226-4d98-a464-8752665ca2be"/>
                                    <code code="##LYMP" codeSystemName="L" displayName="LYMPH ABS"/>
                                    <text>LYMPH ABS<reference value="#Observation_4849b087405177d9863278"/>
                                    </text>
                                    <statusCode code="completed"/>
                                    <effectiveTime value="201208121645-0800"/>
                                    <value xsi:type="PQ">1.4<reference value="#ObservationValue_f548b8ae456e9f856b0210"/>
                                    </value>
                                    <interpretationCode code="N" codeSystem="2.16.840.1.113883.5.83" codeSystemName="Observation Interpretation" displayName="Normal"/>
                                    <referenceRange>
                                        <observationRange>
                                            <value xsi:type="IVL_PQ">
                                                <low value="0.90" unit="THOUSAND"/>
                                                <high value="5.20" unit="THOUSAND"/>
                                            </value>
                                        </observationRange>
                                    </referenceRange>
                                </observation>
                            </component>
                            <component>
                                <observation classCode="OBS" moodCode="EVN">
                                    <templateId root="2.16.840.1.113883.10.20.1.31"/>
                                    <templateId root="1.3.6.1.4.1.19376.1.5.3.1.4.13"/>
                                    <templateId root="2.16.840.1.113883.3.88.11.83.15.1"/>
                                    <id root="bca66e3c-53b5-4a99-a3f4-742c9e5cd0b2"/>
                                    <code code="##MONO" codeSystemName="L" displayName="MONO ABS"/>
                                    <text>MONO ABS<reference value="#Observation_044bfdbb68f5e4aff51c02"/>
                                    </text>
                                    <statusCode code="completed"/>
                                    <effectiveTime value="201208121645-0800"/>
                                    <value xsi:type="PQ">0.80<reference value="#ObservationValue_6c474eb74f733eb13423f7"/>
                                    </value>
                                    <referenceRange>
                                        <observationRange>
                                            <value xsi:type="IVL_PQ">
                                                <low value="0.16" unit="THOUSAND"/>
                                                <high value="1.00" unit="THOUSAND"/>
                                            </value>
                                        </observationRange>
                                    </referenceRange>
                                </observation>
                            </component>
                            <component>
                                <observation classCode="OBS" moodCode="EVN">
                                    <templateId root="2.16.840.1.113883.10.20.1.31"/>
                                    <templateId root="1.3.6.1.4.1.19376.1.5.3.1.4.13"/>
                                    <templateId root="2.16.840.1.113883.3.88.11.83.15.1"/>
                                    <id root="ace5012f-1c8f-47a9-9692-3467dfe0f7ae"/>
                                    <code code="EOS" codeSystemName="L" displayName="EOS ABS"/>
                                    <text>EOS ABS<reference value="#Observation_5b41809a7608acf255c127"/>
                                    </text>
                                    <statusCode code="completed"/>
                                    <effectiveTime value="201208121645-0800"/>
                                    <value xsi:type="PQ">0.07<reference value="#ObservationValue_894c7baa38b15bc638d515"/>
                                    </value>
                                    <referenceRange>
                                        <observationRange>
                                            <value xsi:type="IVL_PQ">
                                                <low value="0.00" unit="THOUSAND"/>
                                                <high value="0.80" unit="THOUSAND"/>
                                            </value>
                                        </observationRange>
                                    </referenceRange>
                                </observation>
                            </component>
                            <component>
                                <observation classCode="OBS" moodCode="EVN">
                                    <templateId root="2.16.840.1.113883.10.20.1.31"/>
                                    <templateId root="1.3.6.1.4.1.19376.1.5.3.1.4.13"/>
                                    <templateId root="2.16.840.1.113883.3.88.11.83.15.1"/>
                                    <id root="8ec826cb-3f76-42f3-a90d-f2a18e78e027"/>
                                    <code code="BASO" codeSystemName="L" displayName="BASO ABS"/>
                                    <text>BASO ABS<reference value="#Observation_7d4c6786e717e8efbbe4fa"/>
                                    </text>
                                    <statusCode code="completed"/>
                                    <effectiveTime value="201208121645-0800"/>
                                    <value xsi:type="PQ">0.08<reference value="#ObservationValue_3f4e9e9f5f927937cc9fc6"/>
                                    </value>
                                    <referenceRange>
                                        <observationRange>
                                            <value xsi:type="IVL_PQ">
                                                <low value="0.00" unit="THOUSAND"/>
                                                <high value="0.20" unit="THOUSAND"/>
                                            </value>
                                        </observationRange>
                                    </referenceRange>
                                </observation>
                            </component>
                            <component>
                                <observation classCode="OBS" moodCode="EVN">
                                    <templateId root="2.16.840.1.113883.10.20.1.31"/>
                                    <templateId root="1.3.6.1.4.1.19376.1.5.3.1.4.13"/>
                                    <templateId root="2.16.840.1.113883.3.88.11.83.15.1"/>
                                    <id root="ff2ad8a7-a1f5-45cf-91ac-560601b96f9b"/>
                                    <code code="##LUC" codeSystemName="L" displayName="LUC ABS"/>
                                    <text>LUC ABS<reference value="#Observation_16437f8f48d1afee31a83c"/>
                                    </text>
                                    <statusCode code="completed"/>
                                    <effectiveTime value="201208121645-0800"/>
                                    <value xsi:type="PQ">0.07<reference value="#ObservationValue_6c49b9a356481592990e0d"/>
                                    </value>
                                    <referenceRange>
                                        <observationRange>
                                            <value xsi:type="IVL_PQ">
                                                <low value="0.00" unit="THOUSAND"/>
                                                <high value="0.40" unit="THOUSAND"/>
                                            </value>
                                        </observationRange>
                                    </referenceRange>
                                </observation>
                            </component>
                            <component>
                                <observation classCode="OBS" moodCode="EVN">
                                    <templateId root="2.16.840.1.113883.10.20.1.31"/>
                                    <templateId root="1.3.6.1.4.1.19376.1.5.3.1.4.13"/>
                                    <templateId root="2.16.840.1.113883.3.88.11.83.15.1"/>
                                    <id root="de52bdb2-44e9-41e5-9344-4ed24669ac8b"/>
                                    <code code="#MNBND" codeSystemName="L" displayName="MAN BAND NEUT"/>
                                    <text>MAN BAND NEUT<reference value="#Observation_1446cb933e1885df326837"/>
                                    </text>
                                    <statusCode code="completed"/>
                                    <effectiveTime value="201208121645-0800"/>
                                    <value xsi:type="PQ">6<reference value="#ObservationValue_454fedba80f8c2425ba79a"/>
                                    </value>
                                    <interpretationCode code="N" codeSystem="2.16.840.1.113883.5.83" codeSystemName="Observation Interpretation" displayName="Normal"/>
                                    <referenceRange>
                                        <observationRange>
                                            <value xsi:type="IVL_PQ">
                                                <low value="0" unit="PERCENT"/>
                                                <high value="8" unit="PERCENT"/>
                                            </value>
                                        </observationRange>
                                    </referenceRange>
                                </observation>
                            </component>
                            <component>
                                <observation classCode="OBS" moodCode="EVN">
                                    <templateId root="2.16.840.1.113883.10.20.1.31"/>
                                    <templateId root="1.3.6.1.4.1.19376.1.5.3.1.4.13"/>
                                    <templateId root="2.16.840.1.113883.3.88.11.83.15.1"/>
                                    <id root="0a050297-0a2b-4ada-af49-c5f502718216"/>
                                    <code code="#MNSEG" codeSystemName="L" displayName="MAN SEG NEUT"/>
                                    <text>MAN SEG NEUT<reference value="#Observation_d24d838d9d2a3d8484a8d2"/>
                                    </text>
                                    <statusCode code="completed"/>
                                    <effectiveTime value="201208121645-0800"/>
                                    <value xsi:type="PQ">70<reference value="#ObservationValue_f34e89a4853f2c2bef644a"/>
                                    </value>
                                    <referenceRange>
                                        <observationRange>
                                            <value xsi:type="IVL_PQ">
                                                <low value="40" unit="PERCENT"/>
                                                <high value="74" unit="PERCENT"/>
                                            </value>
                                        </observationRange>
                                    </referenceRange>
                                </observation>
                            </component>
                            <component>
                                <observation classCode="OBS" moodCode="EVN">
                                    <templateId root="2.16.840.1.113883.10.20.1.31"/>
                                    <templateId root="1.3.6.1.4.1.19376.1.5.3.1.4.13"/>
                                    <templateId root="2.16.840.1.113883.3.88.11.83.15.1"/>
                                    <id root="9e83c6ed-cd3b-47d0-86ec-43a087b0c6b7"/>
                                    <code code="#MNLYM" codeSystemName="L" displayName="MAN LYMPH"/>
                                    <text>MAN LYMPH<reference value="#Observation_304eb0933f247a5eaa6055"/>
                                    </text>
                                    <statusCode code="completed"/>
                                    <effectiveTime value="201208121645-0800"/>
                                    <value xsi:type="PQ">21<reference value="#ObservationValue_d1426a97c54969422bf54f"/>
                                    </value>
                                    <interpretationCode code="N" codeSystem="2.16.840.1.113883.5.83" codeSystemName="Observation Interpretation" displayName="Normal"/>
                                    <referenceRange>
                                        <observationRange>
                                            <value xsi:type="IVL_PQ">
                                                <low value="19" unit="PERCENT"/>
                                                <high value="48" unit="PERCENT"/>
                                            </value>
                                        </observationRange>
                                    </referenceRange>
                                </observation>
                            </component>
                            <component>
                                <observation classCode="OBS" moodCode="EVN">
                                    <templateId root="2.16.840.1.113883.10.20.1.31"/>
                                    <templateId root="1.3.6.1.4.1.19376.1.5.3.1.4.13"/>
                                    <templateId root="2.16.840.1.113883.3.88.11.83.15.1"/>
                                    <id root="b082a8c0-26df-488e-a838-e05fc587e561"/>
                                    <code code="#MNMNO" codeSystemName="L" displayName="MAN MONO"/>
                                    <text>MAN MONO<reference value="#Observation_8b46cdb9327026abef2f83"/>
                                    </text>
                                    <statusCode code="completed"/>
                                    <effectiveTime value="201208121645-0800"/>
                                    <value xsi:type="PQ">8<reference value="#ObservationValue_524584b0731dae72d569e5"/>
                                    </value>
                                    <referenceRange>
                                        <observationRange>
                                            <value xsi:type="IVL_PQ">
                                                <low value="4" unit="PERCENT"/>
                                                <high value="9" unit="PERCENT"/>
                                            </value>
                                        </observationRange>
                                    </referenceRange>
                                </observation>
                            </component>
                            <component>
                                <observation classCode="OBS" moodCode="EVN">
                                    <templateId root="2.16.840.1.113883.10.20.1.31"/>
                                    <templateId root="1.3.6.1.4.1.19376.1.5.3.1.4.13"/>
                                    <templateId root="2.16.840.1.113883.3.88.11.83.15.1"/>
                                    <id root="af2b2fa1-041d-411f-844c-0f44be93f478"/>
                                    <code code="#MNEOS" codeSystemName="L" displayName="MAN EOS"/>
                                    <text>MAN EOS<reference value="#Observation_b148198315fc9a2be9f70e"/>
                                    </text>
                                    <statusCode code="completed"/>
                                    <effectiveTime value="201208121645-0800"/>
                                    <value xsi:type="PQ">3<reference value="#ObservationValue_f749239761fc7ecf9fbaf1"/>
                                    </value>
                                    <referenceRange>
                                        <observationRange>
                                            <value xsi:type="IVL_PQ">
                                                <low value="0" unit="PERCENT"/>
                                                <high value="7" unit="PERCENT"/>
                                            </value>
                                        </observationRange>
                                    </referenceRange>
                                </observation>
                            </component>
                            <component>
                                <observation classCode="OBS" moodCode="EVN">
                                    <templateId root="2.16.840.1.113883.10.20.1.31"/>
                                    <templateId root="1.3.6.1.4.1.19376.1.5.3.1.4.13"/>
                                    <templateId root="2.16.840.1.113883.3.88.11.83.15.1"/>
                                    <id root="67828049-e638-43de-961b-bf31f1269df6"/>
                                    <code code="#MNBAS" codeSystemName="L" displayName="MAN BASO"/>
                                    <text>MAN BASO<reference value="#Observation_394c85837c7427860dd088"/>
                                    </text>
                                    <statusCode code="completed"/>
                                    <effectiveTime value="201208121645-0800"/>
                                    <value xsi:type="PQ">0<reference value="#ObservationValue_7a4cde8c02d5045bec2f70"/>
                                    </value>
                                    <referenceRange>
                                        <observationRange>
                                            <value xsi:type="IVL_PQ">
                                                <low value="0" unit="PERCENT"/>
                                                <high value="2" unit="PERCENT"/>
                                            </value>
                                        </observationRange>
                                    </referenceRange>
                                </observation>
                            </component>
                            <component>
                                <observation classCode="OBS" moodCode="EVN">
                                    <templateId root="2.16.840.1.113883.10.20.1.31"/>
                                    <templateId root="1.3.6.1.4.1.19376.1.5.3.1.4.13"/>
                                    <templateId root="2.16.840.1.113883.3.88.11.83.15.1"/>
                                    <id root="3c8d9516-b64f-4fee-897d-b2e470f163eb"/>
                                    <code code="#MNMET" codeSystemName="L" displayName="MAN METAMYL"/>
                                    <text>MAN METAMYL<reference value="#Observation_b04221bffb5fdb3287c3b4"/>
                                    </text>
                                    <statusCode code="completed"/>
                                    <effectiveTime value="201208121645-0800"/>
                                    <value xsi:type="PQ">0<reference value="#ObservationValue_fc4db48dddcae5c1808b1e"/>
                                    </value>
                                    <referenceRange>
                                        <observationRange>
                                            <value xsi:type="IVL_PQ">
                                                <low value="0" unit="PERCENT"/>
                                                <high value="1" unit="PERCENT"/>
                                            </value>
                                        </observationRange>
                                    </referenceRange>
                                </observation>
                            </component>
                            <component>
                                <observation classCode="OBS" moodCode="EVN">
                                    <templateId root="2.16.840.1.113883.10.20.1.31"/>
                                    <templateId root="1.3.6.1.4.1.19376.1.5.3.1.4.13"/>
                                    <templateId root="2.16.840.1.113883.3.88.11.83.15.1"/>
                                    <id root="fed2ee21-d5af-4f52-931f-42d293441c4d"/>
                                    <code code="#MNMYL" codeSystemName="L" displayName="MAN MYELOCYTE"/>
                                    <text>MAN MYELOCYTE<reference value="#Observation_a940e88da8b12a0b535ab5"/>
                                    </text>
                                    <statusCode code="completed"/>
                                    <effectiveTime value="201208121645-0800"/>
                                    <value xsi:type="PQ">0<reference value="#ObservationValue_cf45a188bbac328e2c85a2"/>
                                    </value>
                                    <referenceRange>
                                        <observationRange>
                                            <value xsi:type="IVL_PQ">
                                                <low value="0" unit="PERCENT"/>
                                                <high value="1" unit="PERCENT"/>
                                            </value>
                                        </observationRange>
                                    </referenceRange>
                                </observation>
                            </component>
                            <component>
                                <observation classCode="OBS" moodCode="EVN">
                                    <templateId root="2.16.840.1.113883.10.20.1.31"/>
                                    <templateId root="1.3.6.1.4.1.19376.1.5.3.1.4.13"/>
                                    <templateId root="2.16.840.1.113883.3.88.11.83.15.1"/>
                                    <id root="9d96f3ca-9fed-45d1-9d12-dfee4681a4e6"/>
                                    <code code="#MNPRO" codeSystemName="L" displayName="MAN PROMYELO"/>
                                    <text>MAN PROMYELO<reference value="#Observation_184ec491c1fd90c52e1528"/>
                                    </text>
                                    <statusCode code="completed"/>
                                    <effectiveTime value="201208121645-0800"/>
                                    <value xsi:type="PQ">0<reference value="#ObservationValue_c441a09fea8b1e9ab208c1"/>
                                    </value>
                                    <referenceRange>
                                        <observationRange>
                                            <value xsi:type="IVL_PQ">
                                                <low value="0" unit="PERCENT"/>
                                                <high value="0" unit="PERCENT"/>
                                            </value>
                                        </observationRange>
                                    </referenceRange>
                                </observation>
                            </component>
                            <component>
                                <observation classCode="OBS" moodCode="EVN">
                                    <templateId root="2.16.840.1.113883.10.20.1.31"/>
                                    <templateId root="1.3.6.1.4.1.19376.1.5.3.1.4.13"/>
                                    <templateId root="2.16.840.1.113883.3.88.11.83.15.1"/>
                                    <id root="9af9be5c-6f05-4a87-95d1-d0bd1c2a1410"/>
                                    <code code="#MNBLS" codeSystemName="L" displayName="MAN BLASTS"/>
                                    <text>MAN BLASTS<reference value="#Observation_96435f86d626923a20e04c"/>
                                    </text>
                                    <statusCode code="completed"/>
                                    <effectiveTime value="201208121645-0800"/>
                                    <value xsi:type="PQ">0<reference value="#ObservationValue_75442cbae2061c1fb7ab61"/>
                                    </value>
                                    <referenceRange>
                                        <observationRange>
                                            <value xsi:type="IVL_PQ">
                                                <low value="0" unit="PERCENT"/>
                                                <high value="0" unit="PERCENT"/>
                                            </value>
                                        </observationRange>
                                    </referenceRange>
                                </observation>
                            </component>
                            <component>
                                <observation classCode="OBS" moodCode="EVN">
                                    <templateId root="2.16.840.1.113883.10.20.1.31"/>
                                    <templateId root="1.3.6.1.4.1.19376.1.5.3.1.4.13"/>
                                    <templateId root="2.16.840.1.113883.3.88.11.83.15.1"/>
                                    <id root="611d1633-72c5-4daa-b4d2-ea9fa3399e88"/>
                                    <code code="#ESPLT" codeSystemName="L" displayName="PLATELET (EST)"/>
                                    <text>PLATELET (EST)<reference value="#Observation_814574bdc1ae9d77d4ab88"/>
                                    </text>
                                    <statusCode code="completed"/>
                                    <effectiveTime value="201208121645-0800"/>
                                    <value xsi:type="ED">10-12<reference value="#ObservationValue_c643e4922885287d05e951"/>
                                    </value>
                                    <entryRelationship typeCode="SUBJ" inversionInd="true">
                                        <act classCode="ACT" moodCode="EVN">
                                            <templateId root="2.16.840.1.113883.10.20.1.40"/>
                                            <templateId root="2.16.840.1.113883.3.88.11.83.11"/>
                                            <templateId root="1.3.6.1.4.1.19376.1.5.3.1.4.2"/>
                                            <code code="48767-8" codeSystem="2.16.840.1.113883.6.1" codeSystemName="LOINC" displayName="Annotation Comment"/>
                                            <text>PLATELET COUNT CONSISTENT  WITH SLIDE REVIEW ESPLT  EACH PLATELET PER OIL IMMERSION FIELD REPRESENTS APPROXIMATELY        TWENTY THOUSAND PLATELETS PER CUBIC MILLIMETER.<reference value="Comment_bb4d40b0ffa021d3815e1b"/>
                                            </text>
                                            <statusCode code="completed"/>
                                        </act>
                                    </entryRelationship>
                                    <referenceRange>
                                        <observationRange>
                                            <value xsi:type="IVL_PQ">
                                                <low value="7" unit="PER_OIF"/>
                                                <high value="20" unit="PER_OIF"/>
                                            </value>
                                        </observationRange>
                                    </referenceRange>
                                </observation>
                            </component>
                        </organizer>
                    </entry>
                    <entry>
                        <organizer classCode="BATTERY" moodCode="EVN">
                            <templateId root="2.16.840.1.113883.10.20.1.32"/>
                            <id root="541bbe20-5806-4d14-9fec-c0f6f3d5e92d"/>
                            <code code="CBC" codeSystemName="L" displayName="CBC">
                                <translation code="LAB"/>
                            </code>
                            <statusCode code="completed"/>
                            <component>
                                <procedure classCode="PROC" moodCode="EVN">
                                    <templateId root="2.16.840.1.113883.10.20.1.29"/>
                                    <templateId root="1.3.6.1.4.1.19376.1.5.3.1.4.19"/>
                                    <templateId root="2.16.840.1.113883.3.88.11.83.17"/>
                                    <id root="7ad5cd2d-aae1-425d-93a9-33e973d5a12d"/>
                                    <code nullFlavor="NI">
                                        <originalText>CBC</originalText>
                                    </code>
                                    <text>CBC</text>
                                    <statusCode code="completed"/>
                                    <effectiveTime>
                                        <low value="201208191645-0800"/>
                                    </effectiveTime>
                                    <priorityCode code="S" codeSystem="2.16.840.1.113883.3.88.12.80.71" codeSystemName="Order Priority" displayName="Stat"/>
                                    <participant typeCode="RESP" contextControlCode="OP">
                                        <participantRole>
                                            <addr nullFlavor="NI"/>
                                            <playingEntity>
                                                <name>
                                                    <given>Unnamed</given>
                                                    <family>User</family>
                                                </name>
                                            </playingEntity>
                                        </participantRole>
                                    </participant>
                                    <participant typeCode="ATND" contextControlCode="OP">
                                        <participantRole>
                                            <addr nullFlavor="NI"/>
                                            <playingEntity>
                                                <name>
                                                    <given>Test</given>
                                                    <family>Userone</family>
                                                </name>
                                            </playingEntity>
                                        </participantRole>
                                    </participant>
                                    <participant typeCode="ADM" contextControlCode="OP">
                                        <participantRole>
                                            <addr nullFlavor="NI"/>
                                            <playingEntity>
                                                <name>
                                                    <given>Test</given>
                                                    <family>Faxuser</family>
                                                </name>
                                            </playingEntity>
                                        </participantRole>
                                    </participant>
                                    <participant typeCode="REF" contextControlCode="OP">
                                        <participantRole>
                                            <addr nullFlavor="NI"/>
                                            <playingEntity>
                                                <name>
                                                    <given>Test</given>
                                                    <family>Faxuser</family>
                                                </name>
                                            </playingEntity>
                                        </participantRole>
                                    </participant>
                                    <participant typeCode="ORG" contextControlCode="OP">
                                        <participantRole>
                                            <addr nullFlavor="NI"/>
                                            <telecom nullFlavor="NI"/>
                                            <playingEntity>
                                                <name>UniLab</name>
                                            </playingEntity>
                                        </participantRole>
                                    </participant>
                                </procedure>
                            </component>
                            <component>
                                <observation classCode="OBS" moodCode="EVN">
                                    <templateId root="2.16.840.1.113883.10.20.1.31"/>
                                    <templateId root="1.3.6.1.4.1.19376.1.5.3.1.4.13"/>
                                    <templateId root="2.16.840.1.113883.3.88.11.83.15.1"/>
                                    <id root="f5d9801c-0321-4687-a68e-89c6c4edab69"/>
                                    <code code="#WBC" codeSystemName="L" displayName="WBC"/>
                                    <text>WBC<reference value="#Observation_9a48c8845fd07601a62b7a"/>
                                    </text>
                                    <statusCode code="completed"/>
                                    <effectiveTime value="201208191645-0800"/>
                                    <value xsi:type="PQ">7.33<reference value="#ObservationValue_5248ada4f6cae671980930"/>
                                    </value>
                                    <referenceRange>
                                        <observationRange>
                                            <value xsi:type="IVL_PQ">
                                                <low value="4.80" unit="THOUSAND"/>
                                                <high value="10.80" unit="THOUSAND"/>
                                            </value>
                                        </observationRange>
                                    </referenceRange>
                                </observation>
                            </component>
                            <component>
                                <observation classCode="OBS" moodCode="EVN">
                                    <templateId root="2.16.840.1.113883.10.20.1.31"/>
                                    <templateId root="1.3.6.1.4.1.19376.1.5.3.1.4.13"/>
                                    <templateId root="2.16.840.1.113883.3.88.11.83.15.1"/>
                                    <id root="e5b22625-f2df-403f-a978-28a00ee1a90c"/>
                                    <code code="#HGB" codeSystemName="L" displayName="HGB"/>
                                    <text>HGB<reference value="#Observation_5244b7a692d333acc0662a"/>
                                    </text>
                                    <statusCode code="completed"/>
                                    <effectiveTime value="201208191645-0800"/>
                                    <value xsi:type="PQ">14.4<reference value="#ObservationValue_e244bbb6d2cc511a619325"/>
                                    </value>
                                    <referenceRange>
                                        <observationRange>
                                            <value xsi:type="IVL_PQ">
                                                <low value="14.0" unit="G/dl"/>
                                                <high value="18.0" unit="G/dl"/>
                                            </value>
                                        </observationRange>
                                    </referenceRange>
                                </observation>
                            </component>
                            <component>
                                <observation classCode="OBS" moodCode="EVN">
                                    <templateId root="2.16.840.1.113883.10.20.1.31"/>
                                    <templateId root="1.3.6.1.4.1.19376.1.5.3.1.4.13"/>
                                    <templateId root="2.16.840.1.113883.3.88.11.83.15.1"/>
                                    <id root="3a3aa3a4-5e5b-4758-867f-e80cabb677f7"/>
                                    <code code="#HCT" codeSystemName="L" displayName="HCT"/>
                                    <text>HCT<reference value="#Observation_704ca6959ac1a90a26081a"/>
                                    </text>
                                    <statusCode code="completed"/>
                                    <effectiveTime value="201208191645-0800"/>
                                    <value xsi:type="PQ">44.2<reference value="#ObservationValue_4742b095615b499f92be06"/>
                                    </value>
                                    <referenceRange>
                                        <observationRange>
                                            <value xsi:type="IVL_PQ">
                                                <low value="42.0" unit="PERCENT"/>
                                                <high value="54.0" unit="PERCENT"/>
                                            </value>
                                        </observationRange>
                                    </referenceRange>
                                </observation>
                            </component>
                            <component>
                                <observation classCode="OBS" moodCode="EVN">
                                    <templateId root="2.16.840.1.113883.10.20.1.31"/>
                                    <templateId root="1.3.6.1.4.1.19376.1.5.3.1.4.13"/>
                                    <templateId root="2.16.840.1.113883.3.88.11.83.15.1"/>
                                    <id root="3a7317ee-6fef-413f-a2a8-e29bc24d9d2a"/>
                                    <code code="#PLT" codeSystemName="L" displayName="PLATELETS"/>
                                    <text>PLATELETS<reference value="#Observation_634eebb4ede9031ca05595"/>
                                    </text>
                                    <statusCode code="completed"/>
                                    <effectiveTime value="201208191645-0800"/>
                                    <value xsi:type="PQ">137<reference value="#ObservationValue_6940ab93e936e2a259887a"/>
                                    </value>
                                    <interpretationCode code="N" codeSystem="2.16.840.1.113883.5.83" codeSystemName="Observation Interpretation" displayName="Normal"/>
                                    <referenceRange>
                                        <observationRange>
                                            <value xsi:type="IVL_PQ">
                                                <low value="130" unit="THOUSAND"/>
                                                <high value="400" unit="THOUSAND"/>
                                            </value>
                                        </observationRange>
                                    </referenceRange>
                                </observation>
                            </component>
                            <component>
                                <observation classCode="OBS" moodCode="EVN">
                                    <templateId root="2.16.840.1.113883.10.20.1.31"/>
                                    <templateId root="1.3.6.1.4.1.19376.1.5.3.1.4.13"/>
                                    <templateId root="2.16.840.1.113883.3.88.11.83.15.1"/>
                                    <id root="e206c135-009e-4253-b44c-d7e0c585f7ea"/>
                                    <code code="#RBC" codeSystemName="L" displayName="RBC"/>
                                    <text>RBC<reference value="#Observation_82419d9445b2e17121a6a4"/>
                                    </text>
                                    <statusCode code="completed"/>
                                    <effectiveTime value="201208191645-0800"/>
                                    <value xsi:type="PQ">4.81<reference value="#ObservationValue_bc4c368eabd7089b260878"/>
                                    </value>
                                    <referenceRange>
                                        <observationRange>
                                            <value xsi:type="IVL_PQ">
                                                <low value="4.70" unit="MILLION"/>
                                                <high value="6.10" unit="MILLION"/>
                                            </value>
                                        </observationRange>
                                    </referenceRange>
                                </observation>
                            </component>
                            <component>
                                <observation classCode="OBS" moodCode="EVN">
                                    <templateId root="2.16.840.1.113883.10.20.1.31"/>
                                    <templateId root="1.3.6.1.4.1.19376.1.5.3.1.4.13"/>
                                    <templateId root="2.16.840.1.113883.3.88.11.83.15.1"/>
                                    <id root="65ac2290-b2cb-4a35-a330-852d8fe50f37"/>
                                    <code code="#MCV" codeSystemName="L" displayName="MCV"/>
                                    <text>MCV<reference value="#Observation_4547b0b6dc93f6d6286003"/>
                                    </text>
                                    <statusCode code="completed"/>
                                    <effectiveTime value="201208191645-0800"/>
                                    <value xsi:type="PQ">92.2<reference value="#ObservationValue_f544459803c88ab167510b"/>
                                    </value>
                                    <referenceRange>
                                        <observationRange>
                                            <value xsi:type="IVL_PQ">
                                                <low value="83.0" unit="fl"/>
                                                <high value="99.0" unit="fl"/>
                                            </value>
                                        </observationRange>
                                    </referenceRange>
                                </observation>
                            </component>
                            <component>
                                <observation classCode="OBS" moodCode="EVN">
                                    <templateId root="2.16.840.1.113883.10.20.1.31"/>
                                    <templateId root="1.3.6.1.4.1.19376.1.5.3.1.4.13"/>
                                    <templateId root="2.16.840.1.113883.3.88.11.83.15.1"/>
                                    <id root="321c851b-2c68-4a83-9ad2-90472353b676"/>
                                    <code code="#MCH" codeSystemName="L" displayName="MCH"/>
                                    <text>MCH<reference value="#Observation_484bcebb5a0a8008e68dca"/>
                                    </text>
                                    <statusCode code="completed"/>
                                    <effectiveTime value="201208191645-0800"/>
                                    <value xsi:type="PQ">30.6<reference value="#ObservationValue_f3499a970073ffd762f431"/>
                                    </value>
                                    <referenceRange>
                                        <observationRange>
                                            <value xsi:type="IVL_PQ">
                                                <low value="27.0" unit="pg"/>
                                                <high value="32.0" unit="pg"/>
                                            </value>
                                        </observationRange>
                                    </referenceRange>
                                </observation>
                            </component>
                            <component>
                                <observation classCode="OBS" moodCode="EVN">
                                    <templateId root="2.16.840.1.113883.10.20.1.31"/>
                                    <templateId root="1.3.6.1.4.1.19376.1.5.3.1.4.13"/>
                                    <templateId root="2.16.840.1.113883.3.88.11.83.15.1"/>
                                    <id root="9d82c56c-ff60-45ae-839f-c25354b0097e"/>
                                    <code code="#MCHC" codeSystemName="L" displayName="MCHC"/>
                                    <text>MCHC<reference value="#Observation_c44d25b1f78404436cc9c9"/>
                                    </text>
                                    <statusCode code="completed"/>
                                    <effectiveTime value="201208191645-0800"/>
                                    <value xsi:type="PQ">33.3<reference value="#ObservationValue_a8474eae7d6cd3b2175409"/>
                                    </value>
                                    <referenceRange>
                                        <observationRange>
                                            <value xsi:type="IVL_PQ">
                                                <low value="32.0" unit="G/dl"/>
                                                <high value="37.0" unit="G/dl"/>
                                            </value>
                                        </observationRange>
                                    </referenceRange>
                                </observation>
                            </component>
                            <component>
                                <observation classCode="OBS" moodCode="EVN">
                                    <templateId root="2.16.840.1.113883.10.20.1.31"/>
                                    <templateId root="1.3.6.1.4.1.19376.1.5.3.1.4.13"/>
                                    <templateId root="2.16.840.1.113883.3.88.11.83.15.1"/>
                                    <id root="1d62cbdb-f432-418c-b9e1-dd1c83d2ce81"/>
                                    <code code="#RDW" codeSystemName="L" displayName="RDW"/>
                                    <text>RDW<reference value="#Observation_394aea942bce6201632166"/>
                                    </text>
                                    <statusCode code="completed"/>
                                    <effectiveTime value="201208191645-0800"/>
                                    <value xsi:type="PQ">13<reference value="#ObservationValue_734df794745844233d9c3a"/>
                                    </value>
                                    <interpretationCode code="N" codeSystem="2.16.840.1.113883.5.83" codeSystemName="Observation Interpretation" displayName="Normal"/>
                                    <referenceRange>
                                        <observationRange>
                                            <value xsi:type="IVL_PQ">
                                                <low value="11.5" unit="PERCENT"/>
                                                <high value="14.5" unit="PERCENT"/>
                                            </value>
                                        </observationRange>
                                    </referenceRange>
                                </observation>
                            </component>
                            <component>
                                <observation classCode="OBS" moodCode="EVN">
                                    <templateId root="2.16.840.1.113883.10.20.1.31"/>
                                    <templateId root="1.3.6.1.4.1.19376.1.5.3.1.4.13"/>
                                    <templateId root="2.16.840.1.113883.3.88.11.83.15.1"/>
                                    <id root="fb58ae0b-e9d4-44e6-b63a-acdfdef319ab"/>
                                    <code code="#NEUT" codeSystemName="L" displayName="NEUT"/>
                                    <text>NEUT<reference value="#Observation_e74a488281cdf224bc069e"/>
                                    </text>
                                    <statusCode code="completed"/>
                                    <effectiveTime value="201208191645-0800"/>
                                    <value xsi:type="PQ">68<reference value="#ObservationValue_e846d4a55ca1df02886685"/>
                                    </value>
                                    <interpretationCode code="N" codeSystem="2.16.840.1.113883.5.83" codeSystemName="Observation Interpretation" displayName="Normal"/>
                                    <referenceRange>
                                        <observationRange>
                                            <value xsi:type="IVL_PQ">
                                                <low value="40.0" unit="PERCENT"/>
                                                <high value="74.0" unit="PERCENT"/>
                                            </value>
                                        </observationRange>
                                    </referenceRange>
                                </observation>
                            </component>
                            <component>
                                <observation classCode="OBS" moodCode="EVN">
                                    <templateId root="2.16.840.1.113883.10.20.1.31"/>
                                    <templateId root="1.3.6.1.4.1.19376.1.5.3.1.4.13"/>
                                    <templateId root="2.16.840.1.113883.3.88.11.83.15.1"/>
                                    <id root="660b1e1b-be76-480e-a333-1aeeb858005f"/>
                                    <code code="#LYMPH" codeSystemName="L" displayName="LYMPH"/>
                                    <text>LYMPH<reference value="#Observation_99456cb3bab570ce36d175"/>
                                    </text>
                                    <statusCode code="completed"/>
                                    <effectiveTime value="201208191645-0800"/>
                                    <value xsi:type="PQ">25<reference value="#ObservationValue_e6410c889b7ed3a8dc4b73"/>
                                    </value>
                                    <interpretationCode code="N" codeSystem="2.16.840.1.113883.5.83" codeSystemName="Observation Interpretation" displayName="Normal"/>
                                    <referenceRange>
                                        <observationRange>
                                            <value xsi:type="IVL_PQ">
                                                <low value="19.0" unit="PERCENT"/>
                                                <high value="48.0" unit="PERCENT"/>
                                            </value>
                                        </observationRange>
                                    </referenceRange>
                                </observation>
                            </component>
                            <component>
                                <observation classCode="OBS" moodCode="EVN">
                                    <templateId root="2.16.840.1.113883.10.20.1.31"/>
                                    <templateId root="1.3.6.1.4.1.19376.1.5.3.1.4.13"/>
                                    <templateId root="2.16.840.1.113883.3.88.11.83.15.1"/>
                                    <id root="b260ff9a-9c20-4791-8587-d18993f2b59a"/>
                                    <code code="#MONO" codeSystemName="L" displayName="MONO"/>
                                    <text>MONO<reference value="#Observation_49451eb435ed17379e115a"/>
                                    </text>
                                    <statusCode code="completed"/>
                                    <effectiveTime value="201208191645-0800"/>
                                    <value xsi:type="PQ">8.7<reference value="#ObservationValue_6e4543a2850fefaca3f263"/>
                                    </value>
                                    <interpretationCode code="N" codeSystem="2.16.840.1.113883.5.83" codeSystemName="Observation Interpretation" displayName="Normal"/>
                                    <referenceRange>
                                        <observationRange>
                                            <value xsi:type="IVL_PQ">
                                                <low value="3.5" unit="PERCENT"/>
                                                <high value="9.0" unit="PERCENT"/>
                                            </value>
                                        </observationRange>
                                    </referenceRange>
                                </observation>
                            </component>
                            <component>
                                <observation classCode="OBS" moodCode="EVN">
                                    <templateId root="2.16.840.1.113883.10.20.1.31"/>
                                    <templateId root="1.3.6.1.4.1.19376.1.5.3.1.4.13"/>
                                    <templateId root="2.16.840.1.113883.3.88.11.83.15.1"/>
                                    <id root="3cfe6c82-0e39-4171-bd69-052f7827bfc2"/>
                                    <code code="#EOS" codeSystemName="L" displayName="EOS"/>
                                    <text>EOS<reference value="#Observation_8c424785f59a6d2e5bfbf6"/>
                                    </text>
                                    <statusCode code="completed"/>
                                    <effectiveTime value="201208191645-0800"/>
                                    <value xsi:type="PQ">0.7<reference value="#ObservationValue_734e92b258d81ecbd2bf9c"/>
                                    </value>
                                    <referenceRange>
                                        <observationRange>
                                            <value xsi:type="IVL_PQ">
                                                <low value="0.0" unit="PERCENT"/>
                                                <high value="7.0" unit="PERCENT"/>
                                            </value>
                                        </observationRange>
                                    </referenceRange>
                                </observation>
                            </component>
                            <component>
                                <observation classCode="OBS" moodCode="EVN">
                                    <templateId root="2.16.840.1.113883.10.20.1.31"/>
                                    <templateId root="1.3.6.1.4.1.19376.1.5.3.1.4.13"/>
                                    <templateId root="2.16.840.1.113883.3.88.11.83.15.1"/>
                                    <id root="53d3a3ba-73a4-46ad-a145-1491cd910141"/>
                                    <code code="#BASO" codeSystemName="L" displayName="BASO"/>
                                    <text>BASO<reference value="#Observation_85441a965052326973eef0"/>
                                    </text>
                                    <statusCode code="completed"/>
                                    <effectiveTime value="201208191645-0800"/>
                                    <value xsi:type="PQ">0.6<reference value="#ObservationValue_63473588349a8d6b76281f"/>
                                    </value>
                                    <referenceRange>
                                        <observationRange>
                                            <value xsi:type="IVL_PQ">
                                                <low value="0.0" unit="PERCENT"/>
                                                <high value="1.5" unit="PERCENT"/>
                                            </value>
                                        </observationRange>
                                    </referenceRange>
                                </observation>
                            </component>
                            <component>
                                <observation classCode="OBS" moodCode="EVN">
                                    <templateId root="2.16.840.1.113883.10.20.1.31"/>
                                    <templateId root="1.3.6.1.4.1.19376.1.5.3.1.4.13"/>
                                    <templateId root="2.16.840.1.113883.3.88.11.83.15.1"/>
                                    <id root="8f37ae17-6cc7-4344-9c0b-78807023199d"/>
                                    <code code="#LUC" codeSystemName="L" displayName="LGE UNST.CELL"/>
                                    <text>LGE UNST.CELL<reference value="#Observation_da4dff84aa950bd4790b9e"/>
                                    </text>
                                    <statusCode code="completed"/>
                                    <effectiveTime value="201208191645-0800"/>
                                    <value xsi:type="PQ">0.9<reference value="#ObservationValue_6a414f9f5c23db3a9b7105"/>
                                    </value>
                                    <referenceRange>
                                        <observationRange>
                                            <value xsi:type="IVL_PQ">
                                                <low value="0.0" unit="PERCENT"/>
                                                <high value="4.0" unit="PERCENT"/>
                                            </value>
                                        </observationRange>
                                    </referenceRange>
                                </observation>
                            </component>
                            <component>
                                <observation classCode="OBS" moodCode="EVN">
                                    <templateId root="2.16.840.1.113883.10.20.1.31"/>
                                    <templateId root="1.3.6.1.4.1.19376.1.5.3.1.4.13"/>
                                    <templateId root="2.16.840.1.113883.3.88.11.83.15.1"/>
                                    <id root="17b15fc9-08ed-48d1-944e-0f993e15f416"/>
                                    <code code="##NEUT" codeSystemName="L" displayName="NEUT ABS"/>
                                    <text>NEUT ABS<reference value="#Observation_d34a249f2890baa671c893"/>
                                    </text>
                                    <statusCode code="completed"/>
                                    <effectiveTime value="201208191645-0800"/>
                                    <value xsi:type="PQ">6.50<reference value="#ObservationValue_874c0d8dc37920bdfbccd3"/>
                                    </value>
                                    <referenceRange>
                                        <observationRange>
                                            <value xsi:type="IVL_PQ">
                                                <low value="1.90" unit="THOUSAND"/>
                                                <high value="8.00" unit="THOUSAND"/>
                                            </value>
                                        </observationRange>
                                    </referenceRange>
                                </observation>
                            </component>
                            <component>
                                <observation classCode="OBS" moodCode="EVN">
                                    <templateId root="2.16.840.1.113883.10.20.1.31"/>
                                    <templateId root="1.3.6.1.4.1.19376.1.5.3.1.4.13"/>
                                    <templateId root="2.16.840.1.113883.3.88.11.83.15.1"/>
                                    <id root="90268b9b-a226-4d98-a464-8752665ca2be"/>
                                    <code code="##LYMP" codeSystemName="L" displayName="LYMPH ABS"/>
                                    <text>LYMPH ABS<reference value="#Observation_4849b087405177d9863278"/>
                                    </text>
                                    <statusCode code="completed"/>
                                    <effectiveTime value="201208191645-0800"/>
                                    <value xsi:type="PQ">1.4<reference value="#ObservationValue_f548b8ae456e9f856b0210"/>
                                    </value>
                                    <interpretationCode code="N" codeSystem="2.16.840.1.113883.5.83" codeSystemName="Observation Interpretation" displayName="Normal"/>
                                    <referenceRange>
                                        <observationRange>
                                            <value xsi:type="IVL_PQ">
                                                <low value="0.90" unit="THOUSAND"/>
                                                <high value="5.20" unit="THOUSAND"/>
                                            </value>
                                        </observationRange>
                                    </referenceRange>
                                </observation>
                            </component>
                            <component>
                                <observation classCode="OBS" moodCode="EVN">
                                    <templateId root="2.16.840.1.113883.10.20.1.31"/>
                                    <templateId root="1.3.6.1.4.1.19376.1.5.3.1.4.13"/>
                                    <templateId root="2.16.840.1.113883.3.88.11.83.15.1"/>
                                    <id root="bca66e3c-53b5-4a99-a3f4-742c9e5cd0b2"/>
                                    <code code="##MONO" codeSystemName="L" displayName="MONO ABS"/>
                                    <text>MONO ABS<reference value="#Observation_044bfdbb68f5e4aff51c02"/>
                                    </text>
                                    <statusCode code="completed"/>
                                    <effectiveTime value="201208191645-0800"/>
                                    <value xsi:type="PQ">0.80<reference value="#ObservationValue_6c474eb74f733eb13423f7"/>
                                    </value>
                                    <referenceRange>
                                        <observationRange>
                                            <value xsi:type="IVL_PQ">
                                                <low value="0.16" unit="THOUSAND"/>
                                                <high value="1.00" unit="THOUSAND"/>
                                            </value>
                                        </observationRange>
                                    </referenceRange>
                                </observation>
                            </component>
                            <component>
                                <observation classCode="OBS" moodCode="EVN">
                                    <templateId root="2.16.840.1.113883.10.20.1.31"/>
                                    <templateId root="1.3.6.1.4.1.19376.1.5.3.1.4.13"/>
                                    <templateId root="2.16.840.1.113883.3.88.11.83.15.1"/>
                                    <id root="ace5012f-1c8f-47a9-9692-3467dfe0f7ae"/>
                                    <code code="EOS" codeSystemName="L" displayName="EOS ABS"/>
                                    <text>EOS ABS<reference value="#Observation_5b41809a7608acf255c127"/>
                                    </text>
                                    <statusCode code="completed"/>
                                    <effectiveTime value="201208191645-0800"/>
                                    <value xsi:type="PQ">0.07<reference value="#ObservationValue_894c7baa38b15bc638d515"/>
                                    </value>
                                    <referenceRange>
                                        <observationRange>
                                            <value xsi:type="IVL_PQ">
                                                <low value="0.00" unit="THOUSAND"/>
                                                <high value="0.80" unit="THOUSAND"/>
                                            </value>
                                        </observationRange>
                                    </referenceRange>
                                </observation>
                            </component>
                            <component>
                                <observation classCode="OBS" moodCode="EVN">
                                    <templateId root="2.16.840.1.113883.10.20.1.31"/>
                                    <templateId root="1.3.6.1.4.1.19376.1.5.3.1.4.13"/>
                                    <templateId root="2.16.840.1.113883.3.88.11.83.15.1"/>
                                    <id root="8ec826cb-3f76-42f3-a90d-f2a18e78e027"/>
                                    <code code="BASO" codeSystemName="L" displayName="BASO ABS"/>
                                    <text>BASO ABS<reference value="#Observation_7d4c6786e717e8efbbe4fa"/>
                                    </text>
                                    <statusCode code="completed"/>
                                    <effectiveTime value="201208191645-0800"/>
                                    <value xsi:type="PQ">0.08<reference value="#ObservationValue_3f4e9e9f5f927937cc9fc6"/>
                                    </value>
                                    <referenceRange>
                                        <observationRange>
                                            <value xsi:type="IVL_PQ">
                                                <low value="0.00" unit="THOUSAND"/>
                                                <high value="0.20" unit="THOUSAND"/>
                                            </value>
                                        </observationRange>
                                    </referenceRange>
                                </observation>
                            </component>
                            <component>
                                <observation classCode="OBS" moodCode="EVN">
                                    <templateId root="2.16.840.1.113883.10.20.1.31"/>
                                    <templateId root="1.3.6.1.4.1.19376.1.5.3.1.4.13"/>
                                    <templateId root="2.16.840.1.113883.3.88.11.83.15.1"/>
                                    <id root="ff2ad8a7-a1f5-45cf-91ac-560601b96f9b"/>
                                    <code code="##LUC" codeSystemName="L" displayName="LUC ABS"/>
                                    <text>LUC ABS<reference value="#Observation_16437f8f48d1afee31a83c"/>
                                    </text>
                                    <statusCode code="completed"/>
                                    <effectiveTime value="201208191645-0800"/>
                                    <value xsi:type="PQ">0.07<reference value="#ObservationValue_6c49b9a356481592990e0d"/>
                                    </value>
                                    <referenceRange>
                                        <observationRange>
                                            <value xsi:type="IVL_PQ">
                                                <low value="0.00" unit="THOUSAND"/>
                                                <high value="0.40" unit="THOUSAND"/>
                                            </value>
                                        </observationRange>
                                    </referenceRange>
                                </observation>
                            </component>
                            <component>
                                <observation classCode="OBS" moodCode="EVN">
                                    <templateId root="2.16.840.1.113883.10.20.1.31"/>
                                    <templateId root="1.3.6.1.4.1.19376.1.5.3.1.4.13"/>
                                    <templateId root="2.16.840.1.113883.3.88.11.83.15.1"/>
                                    <id root="de52bdb2-44e9-41e5-9344-4ed24669ac8b"/>
                                    <code code="#MNBND" codeSystemName="L" displayName="MAN BAND NEUT"/>
                                    <text>MAN BAND NEUT<reference value="#Observation_1446cb933e1885df326837"/>
                                    </text>
                                    <statusCode code="completed"/>
                                    <effectiveTime value="201208191645-0800"/>
                                    <value xsi:type="PQ">6<reference value="#ObservationValue_454fedba80f8c2425ba79a"/>
                                    </value>
                                    <interpretationCode code="N" codeSystem="2.16.840.1.113883.5.83" codeSystemName="Observation Interpretation" displayName="Normal"/>
                                    <referenceRange>
                                        <observationRange>
                                            <value xsi:type="IVL_PQ">
                                                <low value="0" unit="PERCENT"/>
                                                <high value="8" unit="PERCENT"/>
                                            </value>
                                        </observationRange>
                                    </referenceRange>
                                </observation>
                            </component>
                            <component>
                                <observation classCode="OBS" moodCode="EVN">
                                    <templateId root="2.16.840.1.113883.10.20.1.31"/>
                                    <templateId root="1.3.6.1.4.1.19376.1.5.3.1.4.13"/>
                                    <templateId root="2.16.840.1.113883.3.88.11.83.15.1"/>
                                    <id root="0a050297-0a2b-4ada-af49-c5f502718216"/>
                                    <code code="#MNSEG" codeSystemName="L" displayName="MAN SEG NEUT"/>
                                    <text>MAN SEG NEUT<reference value="#Observation_d24d838d9d2a3d8484a8d2"/>
                                    </text>
                                    <statusCode code="completed"/>
                                    <effectiveTime value="201208191645-0800"/>
                                    <value xsi:type="PQ">70<reference value="#ObservationValue_f34e89a4853f2c2bef644a"/>
                                    </value>
                                    <referenceRange>
                                        <observationRange>
                                            <value xsi:type="IVL_PQ">
                                                <low value="40" unit="PERCENT"/>
                                                <high value="74" unit="PERCENT"/>
                                            </value>
                                        </observationRange>
                                    </referenceRange>
                                </observation>
                            </component>
                            <component>
                                <observation classCode="OBS" moodCode="EVN">
                                    <templateId root="2.16.840.1.113883.10.20.1.31"/>
                                    <templateId root="1.3.6.1.4.1.19376.1.5.3.1.4.13"/>
                                    <templateId root="2.16.840.1.113883.3.88.11.83.15.1"/>
                                    <id root="9e83c6ed-cd3b-47d0-86ec-43a087b0c6b7"/>
                                    <code code="#MNLYM" codeSystemName="L" displayName="MAN LYMPH"/>
                                    <text>MAN LYMPH<reference value="#Observation_304eb0933f247a5eaa6055"/>
                                    </text>
                                    <statusCode code="completed"/>
                                    <effectiveTime value="201208191645-0800"/>
                                    <value xsi:type="PQ">21<reference value="#ObservationValue_d1426a97c54969422bf54f"/>
                                    </value>
                                    <interpretationCode code="N" codeSystem="2.16.840.1.113883.5.83" codeSystemName="Observation Interpretation" displayName="Normal"/>
                                    <referenceRange>
                                        <observationRange>
                                            <value xsi:type="IVL_PQ">
                                                <low value="19" unit="PERCENT"/>
                                                <high value="48" unit="PERCENT"/>
                                            </value>
                                        </observationRange>
                                    </referenceRange>
                                </observation>
                            </component>
                            <component>
                                <observation classCode="OBS" moodCode="EVN">
                                    <templateId root="2.16.840.1.113883.10.20.1.31"/>
                                    <templateId root="1.3.6.1.4.1.19376.1.5.3.1.4.13"/>
                                    <templateId root="2.16.840.1.113883.3.88.11.83.15.1"/>
                                    <id root="b082a8c0-26df-488e-a838-e05fc587e561"/>
                                    <code code="#MNMNO" codeSystemName="L" displayName="MAN MONO"/>
                                    <text>MAN MONO<reference value="#Observation_8b46cdb9327026abef2f83"/>
                                    </text>
                                    <statusCode code="completed"/>
                                    <effectiveTime value="201208191645-0800"/>
                                    <value xsi:type="PQ">8<reference value="#ObservationValue_524584b0731dae72d569e5"/>
                                    </value>
                                    <referenceRange>
                                        <observationRange>
                                            <value xsi:type="IVL_PQ">
                                                <low value="4" unit="PERCENT"/>
                                                <high value="9" unit="PERCENT"/>
                                            </value>
                                        </observationRange>
                                    </referenceRange>
                                </observation>
                            </component>
                            <component>
                                <observation classCode="OBS" moodCode="EVN">
                                    <templateId root="2.16.840.1.113883.10.20.1.31"/>
                                    <templateId root="1.3.6.1.4.1.19376.1.5.3.1.4.13"/>
                                    <templateId root="2.16.840.1.113883.3.88.11.83.15.1"/>
                                    <id root="af2b2fa1-041d-411f-844c-0f44be93f478"/>
                                    <code code="#MNEOS" codeSystemName="L" displayName="MAN EOS"/>
                                    <text>MAN EOS<reference value="#Observation_b148198315fc9a2be9f70e"/>
                                    </text>
                                    <statusCode code="completed"/>
                                    <effectiveTime value="201208191645-0800"/>
                                    <value xsi:type="PQ">3<reference value="#ObservationValue_f749239761fc7ecf9fbaf1"/>
                                    </value>
                                    <referenceRange>
                                        <observationRange>
                                            <value xsi:type="IVL_PQ">
                                                <low value="0" unit="PERCENT"/>
                                                <high value="7" unit="PERCENT"/>
                                            </value>
                                        </observationRange>
                                    </referenceRange>
                                </observation>
                            </component>
                            <component>
                                <observation classCode="OBS" moodCode="EVN">
                                    <templateId root="2.16.840.1.113883.10.20.1.31"/>
                                    <templateId root="1.3.6.1.4.1.19376.1.5.3.1.4.13"/>
                                    <templateId root="2.16.840.1.113883.3.88.11.83.15.1"/>
                                    <id root="67828049-e638-43de-961b-bf31f1269df6"/>
                                    <code code="#MNBAS" codeSystemName="L" displayName="MAN BASO"/>
                                    <text>MAN BASO<reference value="#Observation_394c85837c7427860dd088"/>
                                    </text>
                                    <statusCode code="completed"/>
                                    <effectiveTime value="201208191645-0800"/>
                                    <value xsi:type="PQ">0<reference value="#ObservationValue_7a4cde8c02d5045bec2f70"/>
                                    </value>
                                    <referenceRange>
                                        <observationRange>
                                            <value xsi:type="IVL_PQ">
                                                <low value="0" unit="PERCENT"/>
                                                <high value="2" unit="PERCENT"/>
                                            </value>
                                        </observationRange>
                                    </referenceRange>
                                </observation>
                            </component>
                            <component>
                                <observation classCode="OBS" moodCode="EVN">
                                    <templateId root="2.16.840.1.113883.10.20.1.31"/>
                                    <templateId root="1.3.6.1.4.1.19376.1.5.3.1.4.13"/>
                                    <templateId root="2.16.840.1.113883.3.88.11.83.15.1"/>
                                    <id root="3c8d9516-b64f-4fee-897d-b2e470f163eb"/>
                                    <code code="#MNMET" codeSystemName="L" displayName="MAN METAMYL"/>
                                    <text>MAN METAMYL<reference value="#Observation_b04221bffb5fdb3287c3b4"/>
                                    </text>
                                    <statusCode code="completed"/>
                                    <effectiveTime value="201208191645-0800"/>
                                    <value xsi:type="PQ">0<reference value="#ObservationValue_fc4db48dddcae5c1808b1e"/>
                                    </value>
                                    <referenceRange>
                                        <observationRange>
                                            <value xsi:type="IVL_PQ">
                                                <low value="0" unit="PERCENT"/>
                                                <high value="1" unit="PERCENT"/>
                                            </value>
                                        </observationRange>
                                    </referenceRange>
                                </observation>
                            </component>
                            <component>
                                <observation classCode="OBS" moodCode="EVN">
                                    <templateId root="2.16.840.1.113883.10.20.1.31"/>
                                    <templateId root="1.3.6.1.4.1.19376.1.5.3.1.4.13"/>
                                    <templateId root="2.16.840.1.113883.3.88.11.83.15.1"/>
                                    <id root="fed2ee21-d5af-4f52-931f-42d293441c4d"/>
                                    <code code="#MNMYL" codeSystemName="L" displayName="MAN MYELOCYTE"/>
                                    <text>MAN MYELOCYTE<reference value="#Observation_a940e88da8b12a0b535ab5"/>
                                    </text>
                                    <statusCode code="completed"/>
                                    <effectiveTime value="201208191645-0800"/>
                                    <value xsi:type="PQ">0<reference value="#ObservationValue_cf45a188bbac328e2c85a2"/>
                                    </value>
                                    <referenceRange>
                                        <observationRange>
                                            <value xsi:type="IVL_PQ">
                                                <low value="0" unit="PERCENT"/>
                                                <high value="1" unit="PERCENT"/>
                                            </value>
                                        </observationRange>
                                    </referenceRange>
                                </observation>
                            </component>
                            <component>
                                <observation classCode="OBS" moodCode="EVN">
                                    <templateId root="2.16.840.1.113883.10.20.1.31"/>
                                    <templateId root="1.3.6.1.4.1.19376.1.5.3.1.4.13"/>
                                    <templateId root="2.16.840.1.113883.3.88.11.83.15.1"/>
                                    <id root="9d96f3ca-9fed-45d1-9d12-dfee4681a4e6"/>
                                    <code code="#MNPRO" codeSystemName="L" displayName="MAN PROMYELO"/>
                                    <text>MAN PROMYELO<reference value="#Observation_184ec491c1fd90c52e1528"/>
                                    </text>
                                    <statusCode code="completed"/>
                                    <effectiveTime value="201208191645-0800"/>
                                    <value xsi:type="PQ">0<reference value="#ObservationValue_c441a09fea8b1e9ab208c1"/>
                                    </value>
                                    <referenceRange>
                                        <observationRange>
                                            <value xsi:type="IVL_PQ">
                                                <low value="0" unit="PERCENT"/>
                                                <high value="0" unit="PERCENT"/>
                                            </value>
                                        </observationRange>
                                    </referenceRange>
                                </observation>
                            </component>
                            <component>
                                <observation classCode="OBS" moodCode="EVN">
                                    <templateId root="2.16.840.1.113883.10.20.1.31"/>
                                    <templateId root="1.3.6.1.4.1.19376.1.5.3.1.4.13"/>
                                    <templateId root="2.16.840.1.113883.3.88.11.83.15.1"/>
                                    <id root="9af9be5c-6f05-4a87-95d1-d0bd1c2a1410"/>
                                    <code code="#MNBLS" codeSystemName="L" displayName="MAN BLASTS"/>
                                    <text>MAN BLASTS<reference value="#Observation_96435f86d626923a20e04c"/>
                                    </text>
                                    <statusCode code="completed"/>
                                    <effectiveTime value="201208191645-0800"/>
                                    <value xsi:type="PQ">0<reference value="#ObservationValue_75442cbae2061c1fb7ab61"/>
                                    </value>
                                    <referenceRange>
                                        <observationRange>
                                            <value xsi:type="IVL_PQ">
                                                <low value="0" unit="PERCENT"/>
                                                <high value="0" unit="PERCENT"/>
                                            </value>
                                        </observationRange>
                                    </referenceRange>
                                </observation>
                            </component>
                            <component>
                                <observation classCode="OBS" moodCode="EVN">
                                    <templateId root="2.16.840.1.113883.10.20.1.31"/>
                                    <templateId root="1.3.6.1.4.1.19376.1.5.3.1.4.13"/>
                                    <templateId root="2.16.840.1.113883.3.88.11.83.15.1"/>
                                    <id root="611d1633-72c5-4daa-b4d2-ea9fa3399e88"/>
                                    <code code="#ESPLT" codeSystemName="L" displayName="PLATELET (EST)"/>
                                    <text>PLATELET (EST)<reference value="#Observation_814574bdc1ae9d77d4ab88"/>
                                    </text>
                                    <statusCode code="completed"/>
                                    <effectiveTime value="201208191645-0800"/>
                                    <value xsi:type="ED">10-12<reference value="#ObservationValue_c643e4922885287d05e951"/>
                                    </value>
                                    <entryRelationship typeCode="SUBJ" inversionInd="true">
                                        <act classCode="ACT" moodCode="EVN">
                                            <templateId root="2.16.840.1.113883.10.20.1.40"/>
                                            <templateId root="2.16.840.1.113883.3.88.11.83.11"/>
                                            <templateId root="1.3.6.1.4.1.19376.1.5.3.1.4.2"/>
                                            <code code="48767-8" codeSystem="2.16.840.1.113883.6.1" codeSystemName="LOINC" displayName="Annotation Comment"/>
                                            <text>PLATELET COUNT CONSISTENT  WITH SLIDE REVIEW ESPLT  EACH PLATELET PER OIL IMMERSION FIELD REPRESENTS APPROXIMATELY        TWENTY THOUSAND PLATELETS PER CUBIC MILLIMETER.<reference value="Comment_bb4d40b0ffa021d3815e1b"/>
                                            </text>
                                            <statusCode code="completed"/>
                                        </act>
                                    </entryRelationship>
                                    <referenceRange>
                                        <observationRange>
                                            <value xsi:type="IVL_PQ">
                                                <low value="7" unit="PER_OIF"/>
                                                <high value="20" unit="PER_OIF"/>
                                            </value>
                                        </observationRange>
                                    </referenceRange>
                                </observation>
                            </component>
                        </organizer>
                    </entry>
                    <entry>
                        <organizer classCode="BATTERY" moodCode="EVN">
                            <templateId root="2.16.840.1.113883.10.20.1.32"/>
                            <id root="541bbe20-5806-4d14-9fec-c0f6f3d5e92d"/>
                            <code code="CBC" codeSystemName="L" displayName="CBC">
                                <translation code="LAB"/>
                            </code>
                            <statusCode code="completed"/>
                            <component>
                                <procedure classCode="PROC" moodCode="EVN">
                                    <templateId root="2.16.840.1.113883.10.20.1.29"/>
                                    <templateId root="1.3.6.1.4.1.19376.1.5.3.1.4.19"/>
                                    <templateId root="2.16.840.1.113883.3.88.11.83.17"/>
                                    <id root="7ad5cd2d-aae1-425d-93a9-33e973d5a12d"/>
                                    <code nullFlavor="NI">
                                        <originalText>CBC</originalText>
                                    </code>
                                    <text>CBC</text>
                                    <statusCode code="completed"/>
                                    <effectiveTime>
                                        <low value="201208261645-0800"/>
                                    </effectiveTime>
                                    <priorityCode code="S" codeSystem="2.16.840.1.113883.3.88.12.80.71" codeSystemName="Order Priority" displayName="Stat"/>
                                    <participant typeCode="RESP" contextControlCode="OP">
                                        <participantRole>
                                            <addr nullFlavor="NI"/>
                                            <playingEntity>
                                                <name>
                                                    <given>Unnamed</given>
                                                    <family>User</family>
                                                </name>
                                            </playingEntity>
                                        </participantRole>
                                    </participant>
                                    <participant typeCode="ATND" contextControlCode="OP">
                                        <participantRole>
                                            <addr nullFlavor="NI"/>
                                            <playingEntity>
                                                <name>
                                                    <given>Test</given>
                                                    <family>Userone</family>
                                                </name>
                                            </playingEntity>
                                        </participantRole>
                                    </participant>
                                    <participant typeCode="ADM" contextControlCode="OP">
                                        <participantRole>
                                            <addr nullFlavor="NI"/>
                                            <playingEntity>
                                                <name>
                                                    <given>Test</given>
                                                    <family>Faxuser</family>
                                                </name>
                                            </playingEntity>
                                        </participantRole>
                                    </participant>
                                    <participant typeCode="REF" contextControlCode="OP">
                                        <participantRole>
                                            <addr nullFlavor="NI"/>
                                            <playingEntity>
                                                <name>
                                                    <given>Test</given>
                                                    <family>Faxuser</family>
                                                </name>
                                            </playingEntity>
                                        </participantRole>
                                    </participant>
                                    <participant typeCode="ORG" contextControlCode="OP">
                                        <participantRole>
                                            <addr nullFlavor="NI"/>
                                            <telecom nullFlavor="NI"/>
                                            <playingEntity>
                                                <name>UniLab</name>
                                            </playingEntity>
                                        </participantRole>
                                    </participant>
                                </procedure>
                            </component>
                            <component>
                                <observation classCode="OBS" moodCode="EVN">
                                    <templateId root="2.16.840.1.113883.10.20.1.31"/>
                                    <templateId root="1.3.6.1.4.1.19376.1.5.3.1.4.13"/>
                                    <templateId root="2.16.840.1.113883.3.88.11.83.15.1"/>
                                    <id root="f5d9801c-0321-4687-a68e-89c6c4edab69"/>
                                    <code code="#WBC" codeSystemName="L" displayName="WBC"/>
                                    <text>WBC<reference value="#Observation_9a48c8845fd07601a62b7a"/>
                                    </text>
                                    <statusCode code="completed"/>
                                    <effectiveTime value="201208261645-0800"/>
                                    <value xsi:type="PQ">7.33<reference value="#ObservationValue_5248ada4f6cae671980930"/>
                                    </value>
                                    <referenceRange>
                                        <observationRange>
                                            <value xsi:type="IVL_PQ">
                                                <low value="4.80" unit="THOUSAND"/>
                                                <high value="10.80" unit="THOUSAND"/>
                                            </value>
                                        </observationRange>
                                    </referenceRange>
                                </observation>
                            </component>
                            <component>
                                <observation classCode="OBS" moodCode="EVN">
                                    <templateId root="2.16.840.1.113883.10.20.1.31"/>
                                    <templateId root="1.3.6.1.4.1.19376.1.5.3.1.4.13"/>
                                    <templateId root="2.16.840.1.113883.3.88.11.83.15.1"/>
                                    <id root="e5b22625-f2df-403f-a978-28a00ee1a90c"/>
                                    <code code="#HGB" codeSystemName="L" displayName="HGB"/>
                                    <text>HGB<reference value="#Observation_5244b7a692d333acc0662a"/>
                                    </text>
                                    <statusCode code="completed"/>
                                    <effectiveTime value="201208261645-0800"/>
                                    <value xsi:type="PQ">14.4<reference value="#ObservationValue_e244bbb6d2cc511a619325"/>
                                    </value>
                                    <referenceRange>
                                        <observationRange>
                                            <value xsi:type="IVL_PQ">
                                                <low value="14.0" unit="G/dl"/>
                                                <high value="18.0" unit="G/dl"/>
                                            </value>
                                        </observationRange>
                                    </referenceRange>
                                </observation>
                            </component>
                            <component>
                                <observation classCode="OBS" moodCode="EVN">
                                    <templateId root="2.16.840.1.113883.10.20.1.31"/>
                                    <templateId root="1.3.6.1.4.1.19376.1.5.3.1.4.13"/>
                                    <templateId root="2.16.840.1.113883.3.88.11.83.15.1"/>
                                    <id root="3a3aa3a4-5e5b-4758-867f-e80cabb677f7"/>
                                    <code code="#HCT" codeSystemName="L" displayName="HCT"/>
                                    <text>HCT<reference value="#Observation_704ca6959ac1a90a26081a"/>
                                    </text>
                                    <statusCode code="completed"/>
                                    <effectiveTime value="201208261645-0800"/>
                                    <value xsi:type="PQ">44.2<reference value="#ObservationValue_4742b095615b499f92be06"/>
                                    </value>
                                    <referenceRange>
                                        <observationRange>
                                            <value xsi:type="IVL_PQ">
                                                <low value="42.0" unit="PERCENT"/>
                                                <high value="54.0" unit="PERCENT"/>
                                            </value>
                                        </observationRange>
                                    </referenceRange>
                                </observation>
                            </component>
                            <component>
                                <observation classCode="OBS" moodCode="EVN">
                                    <templateId root="2.16.840.1.113883.10.20.1.31"/>
                                    <templateId root="1.3.6.1.4.1.19376.1.5.3.1.4.13"/>
                                    <templateId root="2.16.840.1.113883.3.88.11.83.15.1"/>
                                    <id root="3a7317ee-6fef-413f-a2a8-e29bc24d9d2a"/>
                                    <code code="#PLT" codeSystemName="L" displayName="PLATELETS"/>
                                    <text>PLATELETS<reference value="#Observation_634eebb4ede9031ca05595"/>
                                    </text>
                                    <statusCode code="completed"/>
                                    <effectiveTime value="201208261645-0800"/>
                                    <value xsi:type="PQ">137<reference value="#ObservationValue_6940ab93e936e2a259887a"/>
                                    </value>
                                    <interpretationCode code="N" codeSystem="2.16.840.1.113883.5.83" codeSystemName="Observation Interpretation" displayName="Normal"/>
                                    <referenceRange>
                                        <observationRange>
                                            <value xsi:type="IVL_PQ">
                                                <low value="130" unit="THOUSAND"/>
                                                <high value="400" unit="THOUSAND"/>
                                            </value>
                                        </observationRange>
                                    </referenceRange>
                                </observation>
                            </component>
                            <component>
                                <observation classCode="OBS" moodCode="EVN">
                                    <templateId root="2.16.840.1.113883.10.20.1.31"/>
                                    <templateId root="1.3.6.1.4.1.19376.1.5.3.1.4.13"/>
                                    <templateId root="2.16.840.1.113883.3.88.11.83.15.1"/>
                                    <id root="e206c135-009e-4253-b44c-d7e0c585f7ea"/>
                                    <code code="#RBC" codeSystemName="L" displayName="RBC"/>
                                    <text>RBC<reference value="#Observation_82419d9445b2e17121a6a4"/>
                                    </text>
                                    <statusCode code="completed"/>
                                    <effectiveTime value="201208261645-0800"/>
                                    <value xsi:type="PQ">4.81<reference value="#ObservationValue_bc4c368eabd7089b260878"/>
                                    </value>
                                    <referenceRange>
                                        <observationRange>
                                            <value xsi:type="IVL_PQ">
                                                <low value="4.70" unit="MILLION"/>
                                                <high value="6.10" unit="MILLION"/>
                                            </value>
                                        </observationRange>
                                    </referenceRange>
                                </observation>
                            </component>
                            <component>
                                <observation classCode="OBS" moodCode="EVN">
                                    <templateId root="2.16.840.1.113883.10.20.1.31"/>
                                    <templateId root="1.3.6.1.4.1.19376.1.5.3.1.4.13"/>
                                    <templateId root="2.16.840.1.113883.3.88.11.83.15.1"/>
                                    <id root="65ac2290-b2cb-4a35-a330-852d8fe50f37"/>
                                    <code code="#MCV" codeSystemName="L" displayName="MCV"/>
                                    <text>MCV<reference value="#Observation_4547b0b6dc93f6d6286003"/>
                                    </text>
                                    <statusCode code="completed"/>
                                    <effectiveTime value="201208261645-0800"/>
                                    <value xsi:type="PQ">92.2<reference value="#ObservationValue_f544459803c88ab167510b"/>
                                    </value>
                                    <referenceRange>
                                        <observationRange>
                                            <value xsi:type="IVL_PQ">
                                                <low value="83.0" unit="fl"/>
                                                <high value="99.0" unit="fl"/>
                                            </value>
                                        </observationRange>
                                    </referenceRange>
                                </observation>
                            </component>
                            <component>
                                <observation classCode="OBS" moodCode="EVN">
                                    <templateId root="2.16.840.1.113883.10.20.1.31"/>
                                    <templateId root="1.3.6.1.4.1.19376.1.5.3.1.4.13"/>
                                    <templateId root="2.16.840.1.113883.3.88.11.83.15.1"/>
                                    <id root="321c851b-2c68-4a83-9ad2-90472353b676"/>
                                    <code code="#MCH" codeSystemName="L" displayName="MCH"/>
                                    <text>MCH<reference value="#Observation_484bcebb5a0a8008e68dca"/>
                                    </text>
                                    <statusCode code="completed"/>
                                    <effectiveTime value="201208261645-0800"/>
                                    <value xsi:type="PQ">30.6<reference value="#ObservationValue_f3499a970073ffd762f431"/>
                                    </value>
                                    <referenceRange>
                                        <observationRange>
                                            <value xsi:type="IVL_PQ">
                                                <low value="27.0" unit="pg"/>
                                                <high value="32.0" unit="pg"/>
                                            </value>
                                        </observationRange>
                                    </referenceRange>
                                </observation>
                            </component>
                            <component>
                                <observation classCode="OBS" moodCode="EVN">
                                    <templateId root="2.16.840.1.113883.10.20.1.31"/>
                                    <templateId root="1.3.6.1.4.1.19376.1.5.3.1.4.13"/>
                                    <templateId root="2.16.840.1.113883.3.88.11.83.15.1"/>
                                    <id root="9d82c56c-ff60-45ae-839f-c25354b0097e"/>
                                    <code code="#MCHC" codeSystemName="L" displayName="MCHC"/>
                                    <text>MCHC<reference value="#Observation_c44d25b1f78404436cc9c9"/>
                                    </text>
                                    <statusCode code="completed"/>
                                    <effectiveTime value="201208261645-0800"/>
                                    <value xsi:type="PQ">33.3<reference value="#ObservationValue_a8474eae7d6cd3b2175409"/>
                                    </value>
                                    <referenceRange>
                                        <observationRange>
                                            <value xsi:type="IVL_PQ">
                                                <low value="32.0" unit="G/dl"/>
                                                <high value="37.0" unit="G/dl"/>
                                            </value>
                                        </observationRange>
                                    </referenceRange>
                                </observation>
                            </component>
                            <component>
                                <observation classCode="OBS" moodCode="EVN">
                                    <templateId root="2.16.840.1.113883.10.20.1.31"/>
                                    <templateId root="1.3.6.1.4.1.19376.1.5.3.1.4.13"/>
                                    <templateId root="2.16.840.1.113883.3.88.11.83.15.1"/>
                                    <id root="1d62cbdb-f432-418c-b9e1-dd1c83d2ce81"/>
                                    <code code="#RDW" codeSystemName="L" displayName="RDW"/>
                                    <text>RDW<reference value="#Observation_394aea942bce6201632166"/>
                                    </text>
                                    <statusCode code="completed"/>
                                    <effectiveTime value="201208261645-0800"/>
                                    <value xsi:type="PQ">13<reference value="#ObservationValue_734df794745844233d9c3a"/>
                                    </value>
                                    <interpretationCode code="N" codeSystem="2.16.840.1.113883.5.83" codeSystemName="Observation Interpretation" displayName="Normal"/>
                                    <referenceRange>
                                        <observationRange>
                                            <value xsi:type="IVL_PQ">
                                                <low value="11.5" unit="PERCENT"/>
                                                <high value="14.5" unit="PERCENT"/>
                                            </value>
                                        </observationRange>
                                    </referenceRange>
                                </observation>
                            </component>
                            <component>
                                <observation classCode="OBS" moodCode="EVN">
                                    <templateId root="2.16.840.1.113883.10.20.1.31"/>
                                    <templateId root="1.3.6.1.4.1.19376.1.5.3.1.4.13"/>
                                    <templateId root="2.16.840.1.113883.3.88.11.83.15.1"/>
                                    <id root="fb58ae0b-e9d4-44e6-b63a-acdfdef319ab"/>
                                    <code code="#NEUT" codeSystemName="L" displayName="NEUT"/>
                                    <text>NEUT<reference value="#Observation_e74a488281cdf224bc069e"/>
                                    </text>
                                    <statusCode code="completed"/>
                                    <effectiveTime value="201208261645-0800"/>
                                    <value xsi:type="PQ">68<reference value="#ObservationValue_e846d4a55ca1df02886685"/>
                                    </value>
                                    <interpretationCode code="N" codeSystem="2.16.840.1.113883.5.83" codeSystemName="Observation Interpretation" displayName="Normal"/>
                                    <referenceRange>
                                        <observationRange>
                                            <value xsi:type="IVL_PQ">
                                                <low value="40.0" unit="PERCENT"/>
                                                <high value="74.0" unit="PERCENT"/>
                                            </value>
                                        </observationRange>
                                    </referenceRange>
                                </observation>
                            </component>
                            <component>
                                <observation classCode="OBS" moodCode="EVN">
                                    <templateId root="2.16.840.1.113883.10.20.1.31"/>
                                    <templateId root="1.3.6.1.4.1.19376.1.5.3.1.4.13"/>
                                    <templateId root="2.16.840.1.113883.3.88.11.83.15.1"/>
                                    <id root="660b1e1b-be76-480e-a333-1aeeb858005f"/>
                                    <code code="#LYMPH" codeSystemName="L" displayName="LYMPH"/>
                                    <text>LYMPH<reference value="#Observation_99456cb3bab570ce36d175"/>
                                    </text>
                                    <statusCode code="completed"/>
                                    <effectiveTime value="201208261645-0800"/>
                                    <value xsi:type="PQ">28<reference value="#ObservationValue_e6410c889b7ed3a8dc4b73"/>
                                    </value>
                                    <interpretationCode code="N" codeSystem="2.16.840.1.113883.5.83" codeSystemName="Observation Interpretation" displayName="Normal"/>
                                    <referenceRange>
                                        <observationRange>
                                            <value xsi:type="IVL_PQ">
                                                <low value="19.0" unit="PERCENT"/>
                                                <high value="48.0" unit="PERCENT"/>
                                            </value>
                                        </observationRange>
                                    </referenceRange>
                                </observation>
                            </component>
                            <component>
                                <observation classCode="OBS" moodCode="EVN">
                                    <templateId root="2.16.840.1.113883.10.20.1.31"/>
                                    <templateId root="1.3.6.1.4.1.19376.1.5.3.1.4.13"/>
                                    <templateId root="2.16.840.1.113883.3.88.11.83.15.1"/>
                                    <id root="b260ff9a-9c20-4791-8587-d18993f2b59a"/>
                                    <code code="#MONO" codeSystemName="L" displayName="MONO"/>
                                    <text>MONO<reference value="#Observation_49451eb435ed17379e115a"/>
                                    </text>
                                    <statusCode code="completed"/>
                                    <effectiveTime value="201208261645-0800"/>
                                    <value xsi:type="PQ">8.7<reference value="#ObservationValue_6e4543a2850fefaca3f263"/>
                                    </value>
                                    <interpretationCode code="N" codeSystem="2.16.840.1.113883.5.83" codeSystemName="Observation Interpretation" displayName="Normal"/>
                                    <referenceRange>
                                        <observationRange>
                                            <value xsi:type="IVL_PQ">
                                                <low value="3.5" unit="PERCENT"/>
                                                <high value="9.0" unit="PERCENT"/>
                                            </value>
                                        </observationRange>
                                    </referenceRange>
                                </observation>
                            </component>
                            <component>
                                <observation classCode="OBS" moodCode="EVN">
                                    <templateId root="2.16.840.1.113883.10.20.1.31"/>
                                    <templateId root="1.3.6.1.4.1.19376.1.5.3.1.4.13"/>
                                    <templateId root="2.16.840.1.113883.3.88.11.83.15.1"/>
                                    <id root="3cfe6c82-0e39-4171-bd69-052f7827bfc2"/>
                                    <code code="#EOS" codeSystemName="L" displayName="EOS"/>
                                    <text>EOS<reference value="#Observation_8c424785f59a6d2e5bfbf6"/>
                                    </text>
                                    <statusCode code="completed"/>
                                    <effectiveTime value="201208261645-0800"/>
                                    <value xsi:type="PQ">0.7<reference value="#ObservationValue_734e92b258d81ecbd2bf9c"/>
                                    </value>
                                    <referenceRange>
                                        <observationRange>
                                            <value xsi:type="IVL_PQ">
                                                <low value="0.0" unit="PERCENT"/>
                                                <high value="7.0" unit="PERCENT"/>
                                            </value>
                                        </observationRange>
                                    </referenceRange>
                                </observation>
                            </component>
                            <component>
                                <observation classCode="OBS" moodCode="EVN">
                                    <templateId root="2.16.840.1.113883.10.20.1.31"/>
                                    <templateId root="1.3.6.1.4.1.19376.1.5.3.1.4.13"/>
                                    <templateId root="2.16.840.1.113883.3.88.11.83.15.1"/>
                                    <id root="53d3a3ba-73a4-46ad-a145-1491cd910141"/>
                                    <code code="#BASO" codeSystemName="L" displayName="BASO"/>
                                    <text>BASO<reference value="#Observation_85441a965052326973eef0"/>
                                    </text>
                                    <statusCode code="completed"/>
                                    <effectiveTime value="201208261645-0800"/>
                                    <value xsi:type="PQ">0.6<reference value="#ObservationValue_63473588349a8d6b76281f"/>
                                    </value>
                                    <referenceRange>
                                        <observationRange>
                                            <value xsi:type="IVL_PQ">
                                                <low value="0.0" unit="PERCENT"/>
                                                <high value="1.5" unit="PERCENT"/>
                                            </value>
                                        </observationRange>
                                    </referenceRange>
                                </observation>
                            </component>
                            <component>
                                <observation classCode="OBS" moodCode="EVN">
                                    <templateId root="2.16.840.1.113883.10.20.1.31"/>
                                    <templateId root="1.3.6.1.4.1.19376.1.5.3.1.4.13"/>
                                    <templateId root="2.16.840.1.113883.3.88.11.83.15.1"/>
                                    <id root="8f37ae17-6cc7-4344-9c0b-78807023199d"/>
                                    <code code="#LUC" codeSystemName="L" displayName="LGE UNST.CELL"/>
                                    <text>LGE UNST.CELL<reference value="#Observation_da4dff84aa950bd4790b9e"/>
                                    </text>
                                    <statusCode code="completed"/>
                                    <effectiveTime value="201208261645-0800"/>
                                    <value xsi:type="PQ">0.9<reference value="#ObservationValue_6a414f9f5c23db3a9b7105"/>
                                    </value>
                                    <referenceRange>
                                        <observationRange>
                                            <value xsi:type="IVL_PQ">
                                                <low value="0.0" unit="PERCENT"/>
                                                <high value="4.0" unit="PERCENT"/>
                                            </value>
                                        </observationRange>
                                    </referenceRange>
                                </observation>
                            </component>
                            <component>
                                <observation classCode="OBS" moodCode="EVN">
                                    <templateId root="2.16.840.1.113883.10.20.1.31"/>
                                    <templateId root="1.3.6.1.4.1.19376.1.5.3.1.4.13"/>
                                    <templateId root="2.16.840.1.113883.3.88.11.83.15.1"/>
                                    <id root="17b15fc9-08ed-48d1-944e-0f993e15f416"/>
                                    <code code="##NEUT" codeSystemName="L" displayName="NEUT ABS"/>
                                    <text>NEUT ABS<reference value="#Observation_d34a249f2890baa671c893"/>
                                    </text>
                                    <statusCode code="completed"/>
                                    <effectiveTime value="201208261645-0800"/>
                                    <value xsi:type="PQ">6.50<reference value="#ObservationValue_874c0d8dc37920bdfbccd3"/>
                                    </value>
                                    <referenceRange>
                                        <observationRange>
                                            <value xsi:type="IVL_PQ">
                                                <low value="1.90" unit="THOUSAND"/>
                                                <high value="8.00" unit="THOUSAND"/>
                                            </value>
                                        </observationRange>
                                    </referenceRange>
                                </observation>
                            </component>
                            <component>
                                <observation classCode="OBS" moodCode="EVN">
                                    <templateId root="2.16.840.1.113883.10.20.1.31"/>
                                    <templateId root="1.3.6.1.4.1.19376.1.5.3.1.4.13"/>
                                    <templateId root="2.16.840.1.113883.3.88.11.83.15.1"/>
                                    <id root="90268b9b-a226-4d98-a464-8752665ca2be"/>
                                    <code code="##LYMP" codeSystemName="L" displayName="LYMPH ABS"/>
                                    <text>LYMPH ABS<reference value="#Observation_4849b087405177d9863278"/>
                                    </text>
                                    <statusCode code="completed"/>
                                    <effectiveTime value="201208261645-0800"/>
                                    <value xsi:type="PQ">1.4<reference value="#ObservationValue_f548b8ae456e9f856b0210"/>
                                    </value>
                                    <interpretationCode code="N" codeSystem="2.16.840.1.113883.5.83" codeSystemName="Observation Interpretation" displayName="Normal"/>
                                    <referenceRange>
                                        <observationRange>
                                            <value xsi:type="IVL_PQ">
                                                <low value="0.90" unit="THOUSAND"/>
                                                <high value="5.20" unit="THOUSAND"/>
                                            </value>
                                        </observationRange>
                                    </referenceRange>
                                </observation>
                            </component>
                            <component>
                                <observation classCode="OBS" moodCode="EVN">
                                    <templateId root="2.16.840.1.113883.10.20.1.31"/>
                                    <templateId root="1.3.6.1.4.1.19376.1.5.3.1.4.13"/>
                                    <templateId root="2.16.840.1.113883.3.88.11.83.15.1"/>
                                    <id root="bca66e3c-53b5-4a99-a3f4-742c9e5cd0b2"/>
                                    <code code="##MONO" codeSystemName="L" displayName="MONO ABS"/>
                                    <text>MONO ABS<reference value="#Observation_044bfdbb68f5e4aff51c02"/>
                                    </text>
                                    <statusCode code="completed"/>
                                    <effectiveTime value="201208261645-0800"/>
                                    <value xsi:type="PQ">0.80<reference value="#ObservationValue_6c474eb74f733eb13423f7"/>
                                    </value>
                                    <referenceRange>
                                        <observationRange>
                                            <value xsi:type="IVL_PQ">
                                                <low value="0.16" unit="THOUSAND"/>
                                                <high value="1.00" unit="THOUSAND"/>
                                            </value>
                                        </observationRange>
                                    </referenceRange>
                                </observation>
                            </component>
                            <component>
                                <observation classCode="OBS" moodCode="EVN">
                                    <templateId root="2.16.840.1.113883.10.20.1.31"/>
                                    <templateId root="1.3.6.1.4.1.19376.1.5.3.1.4.13"/>
                                    <templateId root="2.16.840.1.113883.3.88.11.83.15.1"/>
                                    <id root="ace5012f-1c8f-47a9-9692-3467dfe0f7ae"/>
                                    <code code="EOS" codeSystemName="L" displayName="EOS ABS"/>
                                    <text>EOS ABS<reference value="#Observation_5b41809a7608acf255c127"/>
                                    </text>
                                    <statusCode code="completed"/>
                                    <effectiveTime value="201208261645-0800"/>
                                    <value xsi:type="PQ">0.07<reference value="#ObservationValue_894c7baa38b15bc638d515"/>
                                    </value>
                                    <referenceRange>
                                        <observationRange>
                                            <value xsi:type="IVL_PQ">
                                                <low value="0.00" unit="THOUSAND"/>
                                                <high value="0.80" unit="THOUSAND"/>
                                            </value>
                                        </observationRange>
                                    </referenceRange>
                                </observation>
                            </component>
                            <component>
                                <observation classCode="OBS" moodCode="EVN">
                                    <templateId root="2.16.840.1.113883.10.20.1.31"/>
                                    <templateId root="1.3.6.1.4.1.19376.1.5.3.1.4.13"/>
                                    <templateId root="2.16.840.1.113883.3.88.11.83.15.1"/>
                                    <id root="8ec826cb-3f76-42f3-a90d-f2a18e78e027"/>
                                    <code code="BASO" codeSystemName="L" displayName="BASO ABS"/>
                                    <text>BASO ABS<reference value="#Observation_7d4c6786e717e8efbbe4fa"/>
                                    </text>
                                    <statusCode code="completed"/>
                                    <effectiveTime value="201208261645-0800"/>
                                    <value xsi:type="PQ">0.08<reference value="#ObservationValue_3f4e9e9f5f927937cc9fc6"/>
                                    </value>
                                    <referenceRange>
                                        <observationRange>
                                            <value xsi:type="IVL_PQ">
                                                <low value="0.00" unit="THOUSAND"/>
                                                <high value="0.20" unit="THOUSAND"/>
                                            </value>
                                        </observationRange>
                                    </referenceRange>
                                </observation>
                            </component>
                            <component>
                                <observation classCode="OBS" moodCode="EVN">
                                    <templateId root="2.16.840.1.113883.10.20.1.31"/>
                                    <templateId root="1.3.6.1.4.1.19376.1.5.3.1.4.13"/>
                                    <templateId root="2.16.840.1.113883.3.88.11.83.15.1"/>
                                    <id root="ff2ad8a7-a1f5-45cf-91ac-560601b96f9b"/>
                                    <code code="##LUC" codeSystemName="L" displayName="LUC ABS"/>
                                    <text>LUC ABS<reference value="#Observation_16437f8f48d1afee31a83c"/>
                                    </text>
                                    <statusCode code="completed"/>
                                    <effectiveTime value="201208261645-0800"/>
                                    <value xsi:type="PQ">0.07<reference value="#ObservationValue_6c49b9a356481592990e0d"/>
                                    </value>
                                    <referenceRange>
                                        <observationRange>
                                            <value xsi:type="IVL_PQ">
                                                <low value="0.00" unit="THOUSAND"/>
                                                <high value="0.40" unit="THOUSAND"/>
                                            </value>
                                        </observationRange>
                                    </referenceRange>
                                </observation>
                            </component>
                            <component>
                                <observation classCode="OBS" moodCode="EVN">
                                    <templateId root="2.16.840.1.113883.10.20.1.31"/>
                                    <templateId root="1.3.6.1.4.1.19376.1.5.3.1.4.13"/>
                                    <templateId root="2.16.840.1.113883.3.88.11.83.15.1"/>
                                    <id root="de52bdb2-44e9-41e5-9344-4ed24669ac8b"/>
                                    <code code="#MNBND" codeSystemName="L" displayName="MAN BAND NEUT"/>
                                    <text>MAN BAND NEUT<reference value="#Observation_1446cb933e1885df326837"/>
                                    </text>
                                    <statusCode code="completed"/>
                                    <effectiveTime value="201208261645-0800"/>
                                    <value xsi:type="PQ">6<reference value="#ObservationValue_454fedba80f8c2425ba79a"/>
                                    </value>
                                    <interpretationCode code="N" codeSystem="2.16.840.1.113883.5.83" codeSystemName="Observation Interpretation" displayName="Normal"/>
                                    <referenceRange>
                                        <observationRange>
                                            <value xsi:type="IVL_PQ">
                                                <low value="0" unit="PERCENT"/>
                                                <high value="8" unit="PERCENT"/>
                                            </value>
                                        </observationRange>
                                    </referenceRange>
                                </observation>
                            </component>
                            <component>
                                <observation classCode="OBS" moodCode="EVN">
                                    <templateId root="2.16.840.1.113883.10.20.1.31"/>
                                    <templateId root="1.3.6.1.4.1.19376.1.5.3.1.4.13"/>
                                    <templateId root="2.16.840.1.113883.3.88.11.83.15.1"/>
                                    <id root="0a050297-0a2b-4ada-af49-c5f502718216"/>
                                    <code code="#MNSEG" codeSystemName="L" displayName="MAN SEG NEUT"/>
                                    <text>MAN SEG NEUT<reference value="#Observation_d24d838d9d2a3d8484a8d2"/>
                                    </text>
                                    <statusCode code="completed"/>
                                    <effectiveTime value="201208261645-0800"/>
                                    <value xsi:type="PQ">70<reference value="#ObservationValue_f34e89a4853f2c2bef644a"/>
                                    </value>
                                    <referenceRange>
                                        <observationRange>
                                            <value xsi:type="IVL_PQ">
                                                <low value="40" unit="PERCENT"/>
                                                <high value="74" unit="PERCENT"/>
                                            </value>
                                        </observationRange>
                                    </referenceRange>
                                </observation>
                            </component>
                            <component>
                                <observation classCode="OBS" moodCode="EVN">
                                    <templateId root="2.16.840.1.113883.10.20.1.31"/>
                                    <templateId root="1.3.6.1.4.1.19376.1.5.3.1.4.13"/>
                                    <templateId root="2.16.840.1.113883.3.88.11.83.15.1"/>
                                    <id root="9e83c6ed-cd3b-47d0-86ec-43a087b0c6b7"/>
                                    <code code="#MNLYM" codeSystemName="L" displayName="MAN LYMPH"/>
                                    <text>MAN LYMPH<reference value="#Observation_304eb0933f247a5eaa6055"/>
                                    </text>
                                    <statusCode code="completed"/>
                                    <effectiveTime value="201208261645-0800"/>
                                    <value xsi:type="PQ">21<reference value="#ObservationValue_d1426a97c54969422bf54f"/>
                                    </value>
                                    <interpretationCode code="N" codeSystem="2.16.840.1.113883.5.83" codeSystemName="Observation Interpretation" displayName="Normal"/>
                                    <referenceRange>
                                        <observationRange>
                                            <value xsi:type="IVL_PQ">
                                                <low value="19" unit="PERCENT"/>
                                                <high value="48" unit="PERCENT"/>
                                            </value>
                                        </observationRange>
                                    </referenceRange>
                                </observation>
                            </component>
                            <component>
                                <observation classCode="OBS" moodCode="EVN">
                                    <templateId root="2.16.840.1.113883.10.20.1.31"/>
                                    <templateId root="1.3.6.1.4.1.19376.1.5.3.1.4.13"/>
                                    <templateId root="2.16.840.1.113883.3.88.11.83.15.1"/>
                                    <id root="b082a8c0-26df-488e-a838-e05fc587e561"/>
                                    <code code="#MNMNO" codeSystemName="L" displayName="MAN MONO"/>
                                    <text>MAN MONO<reference value="#Observation_8b46cdb9327026abef2f83"/>
                                    </text>
                                    <statusCode code="completed"/>
                                    <effectiveTime value="201208261645-0800"/>
                                    <value xsi:type="PQ">8<reference value="#ObservationValue_524584b0731dae72d569e5"/>
                                    </value>
                                    <referenceRange>
                                        <observationRange>
                                            <value xsi:type="IVL_PQ">
                                                <low value="4" unit="PERCENT"/>
                                                <high value="9" unit="PERCENT"/>
                                            </value>
                                        </observationRange>
                                    </referenceRange>
                                </observation>
                            </component>
                            <component>
                                <observation classCode="OBS" moodCode="EVN">
                                    <templateId root="2.16.840.1.113883.10.20.1.31"/>
                                    <templateId root="1.3.6.1.4.1.19376.1.5.3.1.4.13"/>
                                    <templateId root="2.16.840.1.113883.3.88.11.83.15.1"/>
                                    <id root="af2b2fa1-041d-411f-844c-0f44be93f478"/>
                                    <code code="#MNEOS" codeSystemName="L" displayName="MAN EOS"/>
                                    <text>MAN EOS<reference value="#Observation_b148198315fc9a2be9f70e"/>
                                    </text>
                                    <statusCode code="completed"/>
                                    <effectiveTime value="201208261645-0800"/>
                                    <value xsi:type="PQ">3<reference value="#ObservationValue_f749239761fc7ecf9fbaf1"/>
                                    </value>
                                    <referenceRange>
                                        <observationRange>
                                            <value xsi:type="IVL_PQ">
                                                <low value="0" unit="PERCENT"/>
                                                <high value="7" unit="PERCENT"/>
                                            </value>
                                        </observationRange>
                                    </referenceRange>
                                </observation>
                            </component>
                            <component>
                                <observation classCode="OBS" moodCode="EVN">
                                    <templateId root="2.16.840.1.113883.10.20.1.31"/>
                                    <templateId root="1.3.6.1.4.1.19376.1.5.3.1.4.13"/>
                                    <templateId root="2.16.840.1.113883.3.88.11.83.15.1"/>
                                    <id root="67828049-e638-43de-961b-bf31f1269df6"/>
                                    <code code="#MNBAS" codeSystemName="L" displayName="MAN BASO"/>
                                    <text>MAN BASO<reference value="#Observation_394c85837c7427860dd088"/>
                                    </text>
                                    <statusCode code="completed"/>
                                    <effectiveTime value="201208261645-0800"/>
                                    <value xsi:type="PQ">0<reference value="#ObservationValue_7a4cde8c02d5045bec2f70"/>
                                    </value>
                                    <referenceRange>
                                        <observationRange>
                                            <value xsi:type="IVL_PQ">
                                                <low value="0" unit="PERCENT"/>
                                                <high value="2" unit="PERCENT"/>
                                            </value>
                                        </observationRange>
                                    </referenceRange>
                                </observation>
                            </component>
                            <component>
                                <observation classCode="OBS" moodCode="EVN">
                                    <templateId root="2.16.840.1.113883.10.20.1.31"/>
                                    <templateId root="1.3.6.1.4.1.19376.1.5.3.1.4.13"/>
                                    <templateId root="2.16.840.1.113883.3.88.11.83.15.1"/>
                                    <id root="3c8d9516-b64f-4fee-897d-b2e470f163eb"/>
                                    <code code="#MNMET" codeSystemName="L" displayName="MAN METAMYL"/>
                                    <text>MAN METAMYL<reference value="#Observation_b04221bffb5fdb3287c3b4"/>
                                    </text>
                                    <statusCode code="completed"/>
                                    <effectiveTime value="201208261645-0800"/>
                                    <value xsi:type="PQ">0<reference value="#ObservationValue_fc4db48dddcae5c1808b1e"/>
                                    </value>
                                    <referenceRange>
                                        <observationRange>
                                            <value xsi:type="IVL_PQ">
                                                <low value="0" unit="PERCENT"/>
                                                <high value="1" unit="PERCENT"/>
                                            </value>
                                        </observationRange>
                                    </referenceRange>
                                </observation>
                            </component>
                            <component>
                                <observation classCode="OBS" moodCode="EVN">
                                    <templateId root="2.16.840.1.113883.10.20.1.31"/>
                                    <templateId root="1.3.6.1.4.1.19376.1.5.3.1.4.13"/>
                                    <templateId root="2.16.840.1.113883.3.88.11.83.15.1"/>
                                    <id root="fed2ee21-d5af-4f52-931f-42d293441c4d"/>
                                    <code code="#MNMYL" codeSystemName="L" displayName="MAN MYELOCYTE"/>
                                    <text>MAN MYELOCYTE<reference value="#Observation_a940e88da8b12a0b535ab5"/>
                                    </text>
                                    <statusCode code="completed"/>
                                    <effectiveTime value="201208261645-0800"/>
                                    <value xsi:type="PQ">0<reference value="#ObservationValue_cf45a188bbac328e2c85a2"/>
                                    </value>
                                    <referenceRange>
                                        <observationRange>
                                            <value xsi:type="IVL_PQ">
                                                <low value="0" unit="PERCENT"/>
                                                <high value="1" unit="PERCENT"/>
                                            </value>
                                        </observationRange>
                                    </referenceRange>
                                </observation>
                            </component>
                            <component>
                                <observation classCode="OBS" moodCode="EVN">
                                    <templateId root="2.16.840.1.113883.10.20.1.31"/>
                                    <templateId root="1.3.6.1.4.1.19376.1.5.3.1.4.13"/>
                                    <templateId root="2.16.840.1.113883.3.88.11.83.15.1"/>
                                    <id root="9d96f3ca-9fed-45d1-9d12-dfee4681a4e6"/>
                                    <code code="#MNPRO" codeSystemName="L" displayName="MAN PROMYELO"/>
                                    <text>MAN PROMYELO<reference value="#Observation_184ec491c1fd90c52e1528"/>
                                    </text>
                                    <statusCode code="completed"/>
                                    <effectiveTime value="201208261645-0800"/>
                                    <value xsi:type="PQ">0<reference value="#ObservationValue_c441a09fea8b1e9ab208c1"/>
                                    </value>
                                    <referenceRange>
                                        <observationRange>
                                            <value xsi:type="IVL_PQ">
                                                <low value="0" unit="PERCENT"/>
                                                <high value="0" unit="PERCENT"/>
                                            </value>
                                        </observationRange>
                                    </referenceRange>
                                </observation>
                            </component>
                            <component>
                                <observation classCode="OBS" moodCode="EVN">
                                    <templateId root="2.16.840.1.113883.10.20.1.31"/>
                                    <templateId root="1.3.6.1.4.1.19376.1.5.3.1.4.13"/>
                                    <templateId root="2.16.840.1.113883.3.88.11.83.15.1"/>
                                    <id root="9af9be5c-6f05-4a87-95d1-d0bd1c2a1410"/>
                                    <code code="#MNBLS" codeSystemName="L" displayName="MAN BLASTS"/>
                                    <text>MAN BLASTS<reference value="#Observation_96435f86d626923a20e04c"/>
                                    </text>
                                    <statusCode code="completed"/>
                                    <effectiveTime value="201208261645-0800"/>
                                    <value xsi:type="PQ">0<reference value="#ObservationValue_75442cbae2061c1fb7ab61"/>
                                    </value>
                                    <referenceRange>
                                        <observationRange>
                                            <value xsi:type="IVL_PQ">
                                                <low value="0" unit="PERCENT"/>
                                                <high value="0" unit="PERCENT"/>
                                            </value>
                                        </observationRange>
                                    </referenceRange>
                                </observation>
                            </component>
                            <component>
                                <observation classCode="OBS" moodCode="EVN">
                                    <templateId root="2.16.840.1.113883.10.20.1.31"/>
                                    <templateId root="1.3.6.1.4.1.19376.1.5.3.1.4.13"/>
                                    <templateId root="2.16.840.1.113883.3.88.11.83.15.1"/>
                                    <id root="611d1633-72c5-4daa-b4d2-ea9fa3399e88"/>
                                    <code code="#ESPLT" codeSystemName="L" displayName="PLATELET (EST)"/>
                                    <text>PLATELET (EST)<reference value="#Observation_814574bdc1ae9d77d4ab88"/>
                                    </text>
                                    <statusCode code="completed"/>
                                    <effectiveTime value="201208261645-0800"/>
                                    <value xsi:type="ED">10-12<reference value="#ObservationValue_c643e4922885287d05e951"/>
                                    </value>
                                    <entryRelationship typeCode="SUBJ" inversionInd="true">
                                        <act classCode="ACT" moodCode="EVN">
                                            <templateId root="2.16.840.1.113883.10.20.1.40"/>
                                            <templateId root="2.16.840.1.113883.3.88.11.83.11"/>
                                            <templateId root="1.3.6.1.4.1.19376.1.5.3.1.4.2"/>
                                            <code code="48767-8" codeSystem="2.16.840.1.113883.6.1" codeSystemName="LOINC" displayName="Annotation Comment"/>
                                            <text>PLATELET COUNT CONSISTENT  WITH SLIDE REVIEW ESPLT  EACH PLATELET PER OIL IMMERSION FIELD REPRESENTS APPROXIMATELY        TWENTY THOUSAND PLATELETS PER CUBIC MILLIMETER.<reference value="Comment_bb4d40b0ffa021d3815e1b"/>
                                            </text>
                                            <statusCode code="completed"/>
                                        </act>
                                    </entryRelationship>
                                    <referenceRange>
                                        <observationRange>
                                            <value xsi:type="IVL_PQ">
                                                <low value="7" unit="PER_OIF"/>
                                                <high value="20" unit="PER_OIF"/>
                                            </value>
                                        </observationRange>
                                    </referenceRange>
                                </observation>
                            </component>
                        </organizer>
                    </entry>
                    <entry>
                        <organizer classCode="BATTERY" moodCode="EVN">
                            <templateId root="2.16.840.1.113883.10.20.1.32"/>
                            <id root="541bbe20-5806-4d14-9fec-c0f6f3d5e92d"/>
                            <code code="CBC" codeSystemName="L" displayName="CBC">
                                <translation code="LAB"/>
                            </code>
                            <statusCode code="completed"/>
                            <component>
                                <procedure classCode="PROC" moodCode="EVN">
                                    <templateId root="2.16.840.1.113883.10.20.1.29"/>
                                    <templateId root="1.3.6.1.4.1.19376.1.5.3.1.4.19"/>
                                    <templateId root="2.16.840.1.113883.3.88.11.83.17"/>
                                    <id root="7ad5cd2d-aae1-425d-93a9-33e973d5a12d"/>
                                    <code nullFlavor="NI">
                                        <originalText>CBC</originalText>
                                    </code>
                                    <text>CBC</text>
                                    <statusCode code="completed"/>
                                    <effectiveTime>
                                        <low value="201209011645-0800"/>
                                    </effectiveTime>
                                    <priorityCode code="S" codeSystem="2.16.840.1.113883.3.88.12.80.71" codeSystemName="Order Priority" displayName="Stat"/>
                                    <participant typeCode="RESP" contextControlCode="OP">
                                        <participantRole>
                                            <addr nullFlavor="NI"/>
                                            <playingEntity>
                                                <name>
                                                    <given>Unnamed</given>
                                                    <family>User</family>
                                                </name>
                                            </playingEntity>
                                        </participantRole>
                                    </participant>
                                    <participant typeCode="ATND" contextControlCode="OP">
                                        <participantRole>
                                            <addr nullFlavor="NI"/>
                                            <playingEntity>
                                                <name>
                                                    <given>Test</given>
                                                    <family>Userone</family>
                                                </name>
                                            </playingEntity>
                                        </participantRole>
                                    </participant>
                                    <participant typeCode="ADM" contextControlCode="OP">
                                        <participantRole>
                                            <addr nullFlavor="NI"/>
                                            <playingEntity>
                                                <name>
                                                    <given>Test</given>
                                                    <family>Faxuser</family>
                                                </name>
                                            </playingEntity>
                                        </participantRole>
                                    </participant>
                                    <participant typeCode="REF" contextControlCode="OP">
                                        <participantRole>
                                            <addr nullFlavor="NI"/>
                                            <playingEntity>
                                                <name>
                                                    <given>Test</given>
                                                    <family>Faxuser</family>
                                                </name>
                                            </playingEntity>
                                        </participantRole>
                                    </participant>
                                    <participant typeCode="ORG" contextControlCode="OP">
                                        <participantRole>
                                            <addr nullFlavor="NI"/>
                                            <telecom nullFlavor="NI"/>
                                            <playingEntity>
                                                <name>UniLab</name>
                                            </playingEntity>
                                        </participantRole>
                                    </participant>
                                </procedure>
                            </component>
                            <component>
                                <observation classCode="OBS" moodCode="EVN">
                                    <templateId root="2.16.840.1.113883.10.20.1.31"/>
                                    <templateId root="1.3.6.1.4.1.19376.1.5.3.1.4.13"/>
                                    <templateId root="2.16.840.1.113883.3.88.11.83.15.1"/>
                                    <id root="f5d9801c-0321-4687-a68e-89c6c4edab69"/>
                                    <code code="#WBC" codeSystemName="L" displayName="WBC"/>
                                    <text>WBC<reference value="#Observation_9a48c8845fd07601a62b7a"/>
                                    </text>
                                    <statusCode code="completed"/>
                                    <effectiveTime value="201209011645-0800"/>
                                    <value xsi:type="PQ">7.53<reference value="#ObservationValue_5248ada4f6cae671980930"/>
                                    </value>
                                    <referenceRange>
                                        <observationRange>
                                            <value xsi:type="IVL_PQ">
                                                <low value="4.80" unit="THOUSAND"/>
                                                <high value="10.80" unit="THOUSAND"/>
                                            </value>
                                        </observationRange>
                                    </referenceRange>
                                </observation>
                            </component>
                            <component>
                                <observation classCode="OBS" moodCode="EVN">
                                    <templateId root="2.16.840.1.113883.10.20.1.31"/>
                                    <templateId root="1.3.6.1.4.1.19376.1.5.3.1.4.13"/>
                                    <templateId root="2.16.840.1.113883.3.88.11.83.15.1"/>
                                    <id root="e5b22625-f2df-403f-a978-28a00ee1a90c"/>
                                    <code code="#HGB" codeSystemName="L" displayName="HGB"/>
                                    <text>HGB<reference value="#Observation_5244b7a692d333acc0662a"/>
                                    </text>
                                    <statusCode code="completed"/>
                                    <effectiveTime value="201209011645-0800"/>
                                    <value xsi:type="PQ">14.4<reference value="#ObservationValue_e244bbb6d2cc511a619325"/>
                                    </value>
                                    <referenceRange>
                                        <observationRange>
                                            <value xsi:type="IVL_PQ">
                                                <low value="14.0" unit="G/dl"/>
                                                <high value="18.0" unit="G/dl"/>
                                            </value>
                                        </observationRange>
                                    </referenceRange>
                                </observation>
                            </component>
                            <component>
                                <observation classCode="OBS" moodCode="EVN">
                                    <templateId root="2.16.840.1.113883.10.20.1.31"/>
                                    <templateId root="1.3.6.1.4.1.19376.1.5.3.1.4.13"/>
                                    <templateId root="2.16.840.1.113883.3.88.11.83.15.1"/>
                                    <id root="3a3aa3a4-5e5b-4758-867f-e80cabb677f7"/>
                                    <code code="#HCT" codeSystemName="L" displayName="HCT"/>
                                    <text>HCT<reference value="#Observation_704ca6959ac1a90a26081a"/>
                                    </text>
                                    <statusCode code="completed"/>
                                    <effectiveTime value="201209011645-0800"/>
                                    <value xsi:type="PQ">44.2<reference value="#ObservationValue_4742b095615b499f92be06"/>
                                    </value>
                                    <referenceRange>
                                        <observationRange>
                                            <value xsi:type="IVL_PQ">
                                                <low value="42.0" unit="PERCENT"/>
                                                <high value="54.0" unit="PERCENT"/>
                                            </value>
                                        </observationRange>
                                    </referenceRange>
                                </observation>
                            </component>
                            <component>
                                <observation classCode="OBS" moodCode="EVN">
                                    <templateId root="2.16.840.1.113883.10.20.1.31"/>
                                    <templateId root="1.3.6.1.4.1.19376.1.5.3.1.4.13"/>
                                    <templateId root="2.16.840.1.113883.3.88.11.83.15.1"/>
                                    <id root="3a7317ee-6fef-413f-a2a8-e29bc24d9d2a"/>
                                    <code code="#PLT" codeSystemName="L" displayName="PLATELETS"/>
                                    <text>PLATELETS<reference value="#Observation_634eebb4ede9031ca05595"/>
                                    </text>
                                    <statusCode code="completed"/>
                                    <effectiveTime value="201209011645-0800"/>
                                    <value xsi:type="PQ">137<reference value="#ObservationValue_6940ab93e936e2a259887a"/>
                                    </value>
                                    <interpretationCode code="N" codeSystem="2.16.840.1.113883.5.83" codeSystemName="Observation Interpretation" displayName="Normal"/>
                                    <referenceRange>
                                        <observationRange>
                                            <value xsi:type="IVL_PQ">
                                                <low value="130" unit="THOUSAND"/>
                                                <high value="400" unit="THOUSAND"/>
                                            </value>
                                        </observationRange>
                                    </referenceRange>
                                </observation>
                            </component>
                            <component>
                                <observation classCode="OBS" moodCode="EVN">
                                    <templateId root="2.16.840.1.113883.10.20.1.31"/>
                                    <templateId root="1.3.6.1.4.1.19376.1.5.3.1.4.13"/>
                                    <templateId root="2.16.840.1.113883.3.88.11.83.15.1"/>
                                    <id root="e206c135-009e-4253-b44c-d7e0c585f7ea"/>
                                    <code code="#RBC" codeSystemName="L" displayName="RBC"/>
                                    <text>RBC<reference value="#Observation_82419d9445b2e17121a6a4"/>
                                    </text>
                                    <statusCode code="completed"/>
                                    <effectiveTime value="201209011645-0800"/>
                                    <value xsi:type="PQ">4.81<reference value="#ObservationValue_bc4c368eabd7089b260878"/>
                                    </value>
                                    <referenceRange>
                                        <observationRange>
                                            <value xsi:type="IVL_PQ">
                                                <low value="4.70" unit="MILLION"/>
                                                <high value="6.10" unit="MILLION"/>
                                            </value>
                                        </observationRange>
                                    </referenceRange>
                                </observation>
                            </component>
                            <component>
                                <observation classCode="OBS" moodCode="EVN">
                                    <templateId root="2.16.840.1.113883.10.20.1.31"/>
                                    <templateId root="1.3.6.1.4.1.19376.1.5.3.1.4.13"/>
                                    <templateId root="2.16.840.1.113883.3.88.11.83.15.1"/>
                                    <id root="65ac2290-b2cb-4a35-a330-852d8fe50f37"/>
                                    <code code="#MCV" codeSystemName="L" displayName="MCV"/>
                                    <text>MCV<reference value="#Observation_4547b0b6dc93f6d6286003"/>
                                    </text>
                                    <statusCode code="completed"/>
                                    <effectiveTime value="201209011645-0800"/>
                                    <value xsi:type="PQ">92.2<reference value="#ObservationValue_f544459803c88ab167510b"/>
                                    </value>
                                    <referenceRange>
                                        <observationRange>
                                            <value xsi:type="IVL_PQ">
                                                <low value="83.0" unit="fl"/>
                                                <high value="99.0" unit="fl"/>
                                            </value>
                                        </observationRange>
                                    </referenceRange>
                                </observation>
                            </component>
                            <component>
                                <observation classCode="OBS" moodCode="EVN">
                                    <templateId root="2.16.840.1.113883.10.20.1.31"/>
                                    <templateId root="1.3.6.1.4.1.19376.1.5.3.1.4.13"/>
                                    <templateId root="2.16.840.1.113883.3.88.11.83.15.1"/>
                                    <id root="321c851b-2c68-4a83-9ad2-90472353b676"/>
                                    <code code="#MCH" codeSystemName="L" displayName="MCH"/>
                                    <text>MCH<reference value="#Observation_484bcebb5a0a8008e68dca"/>
                                    </text>
                                    <statusCode code="completed"/>
                                    <effectiveTime value="201209011645-0800"/>
                                    <value xsi:type="PQ">30.6<reference value="#ObservationValue_f3499a970073ffd762f431"/>
                                    </value>
                                    <referenceRange>
                                        <observationRange>
                                            <value xsi:type="IVL_PQ">
                                                <low value="27.0" unit="pg"/>
                                                <high value="32.0" unit="pg"/>
                                            </value>
                                        </observationRange>
                                    </referenceRange>
                                </observation>
                            </component>
                            <component>
                                <observation classCode="OBS" moodCode="EVN">
                                    <templateId root="2.16.840.1.113883.10.20.1.31"/>
                                    <templateId root="1.3.6.1.4.1.19376.1.5.3.1.4.13"/>
                                    <templateId root="2.16.840.1.113883.3.88.11.83.15.1"/>
                                    <id root="9d82c56c-ff60-45ae-839f-c25354b0097e"/>
                                    <code code="#MCHC" codeSystemName="L" displayName="MCHC"/>
                                    <text>MCHC<reference value="#Observation_c44d25b1f78404436cc9c9"/>
                                    </text>
                                    <statusCode code="completed"/>
                                    <effectiveTime value="201209011645-0800"/>
                                    <value xsi:type="PQ">33.3<reference value="#ObservationValue_a8474eae7d6cd3b2175409"/>
                                    </value>
                                    <referenceRange>
                                        <observationRange>
                                            <value xsi:type="IVL_PQ">
                                                <low value="32.0" unit="G/dl"/>
                                                <high value="37.0" unit="G/dl"/>
                                            </value>
                                        </observationRange>
                                    </referenceRange>
                                </observation>
                            </component>
                            <component>
                                <observation classCode="OBS" moodCode="EVN">
                                    <templateId root="2.16.840.1.113883.10.20.1.31"/>
                                    <templateId root="1.3.6.1.4.1.19376.1.5.3.1.4.13"/>
                                    <templateId root="2.16.840.1.113883.3.88.11.83.15.1"/>
                                    <id root="1d62cbdb-f432-418c-b9e1-dd1c83d2ce81"/>
                                    <code code="#RDW" codeSystemName="L" displayName="RDW"/>
                                    <text>RDW<reference value="#Observation_394aea942bce6201632166"/>
                                    </text>
                                    <statusCode code="completed"/>
                                    <effectiveTime value="201209011645-0800"/>
                                    <value xsi:type="PQ">13<reference value="#ObservationValue_734df794745844233d9c3a"/>
                                    </value>
                                    <interpretationCode code="N" codeSystem="2.16.840.1.113883.5.83" codeSystemName="Observation Interpretation" displayName="Normal"/>
                                    <referenceRange>
                                        <observationRange>
                                            <value xsi:type="IVL_PQ">
                                                <low value="11.5" unit="PERCENT"/>
                                                <high value="14.5" unit="PERCENT"/>
                                            </value>
                                        </observationRange>
                                    </referenceRange>
                                </observation>
                            </component>
                            <component>
                                <observation classCode="OBS" moodCode="EVN">
                                    <templateId root="2.16.840.1.113883.10.20.1.31"/>
                                    <templateId root="1.3.6.1.4.1.19376.1.5.3.1.4.13"/>
                                    <templateId root="2.16.840.1.113883.3.88.11.83.15.1"/>
                                    <id root="fb58ae0b-e9d4-44e6-b63a-acdfdef319ab"/>
                                    <code code="#NEUT" codeSystemName="L" displayName="NEUT"/>
                                    <text>NEUT<reference value="#Observation_e74a488281cdf224bc069e"/>
                                    </text>
                                    <statusCode code="completed"/>
                                    <effectiveTime value="201209011645-0800"/>
                                    <value xsi:type="PQ">68<reference value="#ObservationValue_e846d4a55ca1df02886685"/>
                                    </value>
                                    <interpretationCode code="N" codeSystem="2.16.840.1.113883.5.83" codeSystemName="Observation Interpretation" displayName="Normal"/>
                                    <referenceRange>
                                        <observationRange>
                                            <value xsi:type="IVL_PQ">
                                                <low value="40.0" unit="PERCENT"/>
                                                <high value="74.0" unit="PERCENT"/>
                                            </value>
                                        </observationRange>
                                    </referenceRange>
                                </observation>
                            </component>
                            <component>
                                <observation classCode="OBS" moodCode="EVN">
                                    <templateId root="2.16.840.1.113883.10.20.1.31"/>
                                    <templateId root="1.3.6.1.4.1.19376.1.5.3.1.4.13"/>
                                    <templateId root="2.16.840.1.113883.3.88.11.83.15.1"/>
                                    <id root="660b1e1b-be76-480e-a333-1aeeb858005f"/>
                                    <code code="#LYMPH" codeSystemName="L" displayName="LYMPH"/>
                                    <text>LYMPH<reference value="#Observation_99456cb3bab570ce36d175"/>
                                    </text>
                                    <statusCode code="completed"/>
                                    <effectiveTime value="201209011645-0800"/>
                                    <value xsi:type="PQ">27<reference value="#ObservationValue_e6410c889b7ed3a8dc4b73"/>
                                    </value>
                                    <interpretationCode code="N" codeSystem="2.16.840.1.113883.5.83" codeSystemName="Observation Interpretation" displayName="Normal"/>
                                    <referenceRange>
                                        <observationRange>
                                            <value xsi:type="IVL_PQ">
                                                <low value="19.0" unit="PERCENT"/>
                                                <high value="48.0" unit="PERCENT"/>
                                            </value>
                                        </observationRange>
                                    </referenceRange>
                                </observation>
                            </component>
                            <component>
                                <observation classCode="OBS" moodCode="EVN">
                                    <templateId root="2.16.840.1.113883.10.20.1.31"/>
                                    <templateId root="1.3.6.1.4.1.19376.1.5.3.1.4.13"/>
                                    <templateId root="2.16.840.1.113883.3.88.11.83.15.1"/>
                                    <id root="b260ff9a-9c20-4791-8587-d18993f2b59a"/>
                                    <code code="#MONO" codeSystemName="L" displayName="MONO"/>
                                    <text>MONO<reference value="#Observation_49451eb435ed17379e115a"/>
                                    </text>
                                    <statusCode code="completed"/>
                                    <effectiveTime value="201209011645-0800"/>
                                    <value xsi:type="PQ">8.7<reference value="#ObservationValue_6e4543a2850fefaca3f263"/>
                                    </value>
                                    <interpretationCode code="N" codeSystem="2.16.840.1.113883.5.83" codeSystemName="Observation Interpretation" displayName="Normal"/>
                                    <referenceRange>
                                        <observationRange>
                                            <value xsi:type="IVL_PQ">
                                                <low value="3.5" unit="PERCENT"/>
                                                <high value="9.0" unit="PERCENT"/>
                                            </value>
                                        </observationRange>
                                    </referenceRange>
                                </observation>
                            </component>
                            <component>
                                <observation classCode="OBS" moodCode="EVN">
                                    <templateId root="2.16.840.1.113883.10.20.1.31"/>
                                    <templateId root="1.3.6.1.4.1.19376.1.5.3.1.4.13"/>
                                    <templateId root="2.16.840.1.113883.3.88.11.83.15.1"/>
                                    <id root="3cfe6c82-0e39-4171-bd69-052f7827bfc2"/>
                                    <code code="#EOS" codeSystemName="L" displayName="EOS"/>
                                    <text>EOS<reference value="#Observation_8c424785f59a6d2e5bfbf6"/>
                                    </text>
                                    <statusCode code="completed"/>
                                    <effectiveTime value="201209011645-0800"/>
                                    <value xsi:type="PQ">0.7<reference value="#ObservationValue_734e92b258d81ecbd2bf9c"/>
                                    </value>
                                    <referenceRange>
                                        <observationRange>
                                            <value xsi:type="IVL_PQ">
                                                <low value="0.0" unit="PERCENT"/>
                                                <high value="7.0" unit="PERCENT"/>
                                            </value>
                                        </observationRange>
                                    </referenceRange>
                                </observation>
                            </component>
                            <component>
                                <observation classCode="OBS" moodCode="EVN">
                                    <templateId root="2.16.840.1.113883.10.20.1.31"/>
                                    <templateId root="1.3.6.1.4.1.19376.1.5.3.1.4.13"/>
                                    <templateId root="2.16.840.1.113883.3.88.11.83.15.1"/>
                                    <id root="53d3a3ba-73a4-46ad-a145-1491cd910141"/>
                                    <code code="#BASO" codeSystemName="L" displayName="BASO"/>
                                    <text>BASO<reference value="#Observation_85441a965052326973eef0"/>
                                    </text>
                                    <statusCode code="completed"/>
                                    <effectiveTime value="201209011645-0800"/>
                                    <value xsi:type="PQ">0.6<reference value="#ObservationValue_63473588349a8d6b76281f"/>
                                    </value>
                                    <referenceRange>
                                        <observationRange>
                                            <value xsi:type="IVL_PQ">
                                                <low value="0.0" unit="PERCENT"/>
                                                <high value="1.5" unit="PERCENT"/>
                                            </value>
                                        </observationRange>
                                    </referenceRange>
                                </observation>
                            </component>
                            <component>
                                <observation classCode="OBS" moodCode="EVN">
                                    <templateId root="2.16.840.1.113883.10.20.1.31"/>
                                    <templateId root="1.3.6.1.4.1.19376.1.5.3.1.4.13"/>
                                    <templateId root="2.16.840.1.113883.3.88.11.83.15.1"/>
                                    <id root="8f37ae17-6cc7-4344-9c0b-78807023199d"/>
                                    <code code="#LUC" codeSystemName="L" displayName="LGE UNST.CELL"/>
                                    <text>LGE UNST.CELL<reference value="#Observation_da4dff84aa950bd4790b9e"/>
                                    </text>
                                    <statusCode code="completed"/>
                                    <effectiveTime value="201209011645-0800"/>
                                    <value xsi:type="PQ">0.9<reference value="#ObservationValue_6a414f9f5c23db3a9b7105"/>
                                    </value>
                                    <referenceRange>
                                        <observationRange>
                                            <value xsi:type="IVL_PQ">
                                                <low value="0.0" unit="PERCENT"/>
                                                <high value="4.0" unit="PERCENT"/>
                                            </value>
                                        </observationRange>
                                    </referenceRange>
                                </observation>
                            </component>
                            <component>
                                <observation classCode="OBS" moodCode="EVN">
                                    <templateId root="2.16.840.1.113883.10.20.1.31"/>
                                    <templateId root="1.3.6.1.4.1.19376.1.5.3.1.4.13"/>
                                    <templateId root="2.16.840.1.113883.3.88.11.83.15.1"/>
                                    <id root="17b15fc9-08ed-48d1-944e-0f993e15f416"/>
                                    <code code="##NEUT" codeSystemName="L" displayName="NEUT ABS"/>
                                    <text>NEUT ABS<reference value="#Observation_d34a249f2890baa671c893"/>
                                    </text>
                                    <statusCode code="completed"/>
                                    <effectiveTime value="201209011645-0800"/>
                                    <value xsi:type="PQ">6.50<reference value="#ObservationValue_874c0d8dc37920bdfbccd3"/>
                                    </value>
                                    <referenceRange>
                                        <observationRange>
                                            <value xsi:type="IVL_PQ">
                                                <low value="1.90" unit="THOUSAND"/>
                                                <high value="8.00" unit="THOUSAND"/>
                                            </value>
                                        </observationRange>
                                    </referenceRange>
                                </observation>
                            </component>
                            <component>
                                <observation classCode="OBS" moodCode="EVN">
                                    <templateId root="2.16.840.1.113883.10.20.1.31"/>
                                    <templateId root="1.3.6.1.4.1.19376.1.5.3.1.4.13"/>
                                    <templateId root="2.16.840.1.113883.3.88.11.83.15.1"/>
                                    <id root="90268b9b-a226-4d98-a464-8752665ca2be"/>
                                    <code code="##LYMP" codeSystemName="L" displayName="LYMPH ABS"/>
                                    <text>LYMPH ABS<reference value="#Observation_4849b087405177d9863278"/>
                                    </text>
                                    <statusCode code="completed"/>
                                    <effectiveTime value="201209011645-0800"/>
                                    <value xsi:type="PQ">1.4<reference value="#ObservationValue_f548b8ae456e9f856b0210"/>
                                    </value>
                                    <interpretationCode code="N" codeSystem="2.16.840.1.113883.5.83" codeSystemName="Observation Interpretation" displayName="Normal"/>
                                    <referenceRange>
                                        <observationRange>
                                            <value xsi:type="IVL_PQ">
                                                <low value="0.90" unit="THOUSAND"/>
                                                <high value="5.20" unit="THOUSAND"/>
                                            </value>
                                        </observationRange>
                                    </referenceRange>
                                </observation>
                            </component>
                            <component>
                                <observation classCode="OBS" moodCode="EVN">
                                    <templateId root="2.16.840.1.113883.10.20.1.31"/>
                                    <templateId root="1.3.6.1.4.1.19376.1.5.3.1.4.13"/>
                                    <templateId root="2.16.840.1.113883.3.88.11.83.15.1"/>
                                    <id root="bca66e3c-53b5-4a99-a3f4-742c9e5cd0b2"/>
                                    <code code="##MONO" codeSystemName="L" displayName="MONO ABS"/>
                                    <text>MONO ABS<reference value="#Observation_044bfdbb68f5e4aff51c02"/>
                                    </text>
                                    <statusCode code="completed"/>
                                    <effectiveTime value="201209011645-0800"/>
                                    <value xsi:type="PQ">0.80<reference value="#ObservationValue_6c474eb74f733eb13423f7"/>
                                    </value>
                                    <referenceRange>
                                        <observationRange>
                                            <value xsi:type="IVL_PQ">
                                                <low value="0.16" unit="THOUSAND"/>
                                                <high value="1.00" unit="THOUSAND"/>
                                            </value>
                                        </observationRange>
                                    </referenceRange>
                                </observation>
                            </component>
                            <component>
                                <observation classCode="OBS" moodCode="EVN">
                                    <templateId root="2.16.840.1.113883.10.20.1.31"/>
                                    <templateId root="1.3.6.1.4.1.19376.1.5.3.1.4.13"/>
                                    <templateId root="2.16.840.1.113883.3.88.11.83.15.1"/>
                                    <id root="ace5012f-1c8f-47a9-9692-3467dfe0f7ae"/>
                                    <code code="EOS" codeSystemName="L" displayName="EOS ABS"/>
                                    <text>EOS ABS<reference value="#Observation_5b41809a7608acf255c127"/>
                                    </text>
                                    <statusCode code="completed"/>
                                    <effectiveTime value="201209011645-0800"/>
                                    <value xsi:type="PQ">0.07<reference value="#ObservationValue_894c7baa38b15bc638d515"/>
                                    </value>
                                    <referenceRange>
                                        <observationRange>
                                            <value xsi:type="IVL_PQ">
                                                <low value="0.00" unit="THOUSAND"/>
                                                <high value="0.80" unit="THOUSAND"/>
                                            </value>
                                        </observationRange>
                                    </referenceRange>
                                </observation>
                            </component>
                            <component>
                                <observation classCode="OBS" moodCode="EVN">
                                    <templateId root="2.16.840.1.113883.10.20.1.31"/>
                                    <templateId root="1.3.6.1.4.1.19376.1.5.3.1.4.13"/>
                                    <templateId root="2.16.840.1.113883.3.88.11.83.15.1"/>
                                    <id root="8ec826cb-3f76-42f3-a90d-f2a18e78e027"/>
                                    <code code="BASO" codeSystemName="L" displayName="BASO ABS"/>
                                    <text>BASO ABS<reference value="#Observation_7d4c6786e717e8efbbe4fa"/>
                                    </text>
                                    <statusCode code="completed"/>
                                    <effectiveTime value="201209011645-0800"/>
                                    <value xsi:type="PQ">0.08<reference value="#ObservationValue_3f4e9e9f5f927937cc9fc6"/>
                                    </value>
                                    <referenceRange>
                                        <observationRange>
                                            <value xsi:type="IVL_PQ">
                                                <low value="0.00" unit="THOUSAND"/>
                                                <high value="0.20" unit="THOUSAND"/>
                                            </value>
                                        </observationRange>
                                    </referenceRange>
                                </observation>
                            </component>
                            <component>
                                <observation classCode="OBS" moodCode="EVN">
                                    <templateId root="2.16.840.1.113883.10.20.1.31"/>
                                    <templateId root="1.3.6.1.4.1.19376.1.5.3.1.4.13"/>
                                    <templateId root="2.16.840.1.113883.3.88.11.83.15.1"/>
                                    <id root="ff2ad8a7-a1f5-45cf-91ac-560601b96f9b"/>
                                    <code code="##LUC" codeSystemName="L" displayName="LUC ABS"/>
                                    <text>LUC ABS<reference value="#Observation_16437f8f48d1afee31a83c"/>
                                    </text>
                                    <statusCode code="completed"/>
                                    <effectiveTime value="201209011645-0800"/>
                                    <value xsi:type="PQ">0.07<reference value="#ObservationValue_6c49b9a356481592990e0d"/>
                                    </value>
                                    <referenceRange>
                                        <observationRange>
                                            <value xsi:type="IVL_PQ">
                                                <low value="0.00" unit="THOUSAND"/>
                                                <high value="0.40" unit="THOUSAND"/>
                                            </value>
                                        </observationRange>
                                    </referenceRange>
                                </observation>
                            </component>
                            <component>
                                <observation classCode="OBS" moodCode="EVN">
                                    <templateId root="2.16.840.1.113883.10.20.1.31"/>
                                    <templateId root="1.3.6.1.4.1.19376.1.5.3.1.4.13"/>
                                    <templateId root="2.16.840.1.113883.3.88.11.83.15.1"/>
                                    <id root="de52bdb2-44e9-41e5-9344-4ed24669ac8b"/>
                                    <code code="#MNBND" codeSystemName="L" displayName="MAN BAND NEUT"/>
                                    <text>MAN BAND NEUT<reference value="#Observation_1446cb933e1885df326837"/>
                                    </text>
                                    <statusCode code="completed"/>
                                    <effectiveTime value="201209011645-0800"/>
                                    <value xsi:type="PQ">6<reference value="#ObservationValue_454fedba80f8c2425ba79a"/>
                                    </value>
                                    <interpretationCode code="N" codeSystem="2.16.840.1.113883.5.83" codeSystemName="Observation Interpretation" displayName="Normal"/>
                                    <referenceRange>
                                        <observationRange>
                                            <value xsi:type="IVL_PQ">
                                                <low value="0" unit="PERCENT"/>
                                                <high value="8" unit="PERCENT"/>
                                            </value>
                                        </observationRange>
                                    </referenceRange>
                                </observation>
                            </component>
                            <component>
                                <observation classCode="OBS" moodCode="EVN">
                                    <templateId root="2.16.840.1.113883.10.20.1.31"/>
                                    <templateId root="1.3.6.1.4.1.19376.1.5.3.1.4.13"/>
                                    <templateId root="2.16.840.1.113883.3.88.11.83.15.1"/>
                                    <id root="0a050297-0a2b-4ada-af49-c5f502718216"/>
                                    <code code="#MNSEG" codeSystemName="L" displayName="MAN SEG NEUT"/>
                                    <text>MAN SEG NEUT<reference value="#Observation_d24d838d9d2a3d8484a8d2"/>
                                    </text>
                                    <statusCode code="completed"/>
                                    <effectiveTime value="201209011645-0800"/>
                                    <value xsi:type="PQ">70<reference value="#ObservationValue_f34e89a4853f2c2bef644a"/>
                                    </value>
                                    <referenceRange>
                                        <observationRange>
                                            <value xsi:type="IVL_PQ">
                                                <low value="40" unit="PERCENT"/>
                                                <high value="74" unit="PERCENT"/>
                                            </value>
                                        </observationRange>
                                    </referenceRange>
                                </observation>
                            </component>
                            <component>
                                <observation classCode="OBS" moodCode="EVN">
                                    <templateId root="2.16.840.1.113883.10.20.1.31"/>
                                    <templateId root="1.3.6.1.4.1.19376.1.5.3.1.4.13"/>
                                    <templateId root="2.16.840.1.113883.3.88.11.83.15.1"/>
                                    <id root="9e83c6ed-cd3b-47d0-86ec-43a087b0c6b7"/>
                                    <code code="#MNLYM" codeSystemName="L" displayName="MAN LYMPH"/>
                                    <text>MAN LYMPH<reference value="#Observation_304eb0933f247a5eaa6055"/>
                                    </text>
                                    <statusCode code="completed"/>
                                    <effectiveTime value="201209011645-0800"/>
                                    <value xsi:type="PQ">21<reference value="#ObservationValue_d1426a97c54969422bf54f"/>
                                    </value>
                                    <interpretationCode code="N" codeSystem="2.16.840.1.113883.5.83" codeSystemName="Observation Interpretation" displayName="Normal"/>
                                    <referenceRange>
                                        <observationRange>
                                            <value xsi:type="IVL_PQ">
                                                <low value="19" unit="PERCENT"/>
                                                <high value="48" unit="PERCENT"/>
                                            </value>
                                        </observationRange>
                                    </referenceRange>
                                </observation>
                            </component>
                            <component>
                                <observation classCode="OBS" moodCode="EVN">
                                    <templateId root="2.16.840.1.113883.10.20.1.31"/>
                                    <templateId root="1.3.6.1.4.1.19376.1.5.3.1.4.13"/>
                                    <templateId root="2.16.840.1.113883.3.88.11.83.15.1"/>
                                    <id root="b082a8c0-26df-488e-a838-e05fc587e561"/>
                                    <code code="#MNMNO" codeSystemName="L" displayName="MAN MONO"/>
                                    <text>MAN MONO<reference value="#Observation_8b46cdb9327026abef2f83"/>
                                    </text>
                                    <statusCode code="completed"/>
                                    <effectiveTime value="201209011645-0800"/>
                                    <value xsi:type="PQ">8<reference value="#ObservationValue_524584b0731dae72d569e5"/>
                                    </value>
                                    <referenceRange>
                                        <observationRange>
                                            <value xsi:type="IVL_PQ">
                                                <low value="4" unit="PERCENT"/>
                                                <high value="9" unit="PERCENT"/>
                                            </value>
                                        </observationRange>
                                    </referenceRange>
                                </observation>
                            </component>
                            <component>
                                <observation classCode="OBS" moodCode="EVN">
                                    <templateId root="2.16.840.1.113883.10.20.1.31"/>
                                    <templateId root="1.3.6.1.4.1.19376.1.5.3.1.4.13"/>
                                    <templateId root="2.16.840.1.113883.3.88.11.83.15.1"/>
                                    <id root="af2b2fa1-041d-411f-844c-0f44be93f478"/>
                                    <code code="#MNEOS" codeSystemName="L" displayName="MAN EOS"/>
                                    <text>MAN EOS<reference value="#Observation_b148198315fc9a2be9f70e"/>
                                    </text>
                                    <statusCode code="completed"/>
                                    <effectiveTime value="201209011645-0800"/>
                                    <value xsi:type="PQ">3<reference value="#ObservationValue_f749239761fc7ecf9fbaf1"/>
                                    </value>
                                    <referenceRange>
                                        <observationRange>
                                            <value xsi:type="IVL_PQ">
                                                <low value="0" unit="PERCENT"/>
                                                <high value="7" unit="PERCENT"/>
                                            </value>
                                        </observationRange>
                                    </referenceRange>
                                </observation>
                            </component>
                            <component>
                                <observation classCode="OBS" moodCode="EVN">
                                    <templateId root="2.16.840.1.113883.10.20.1.31"/>
                                    <templateId root="1.3.6.1.4.1.19376.1.5.3.1.4.13"/>
                                    <templateId root="2.16.840.1.113883.3.88.11.83.15.1"/>
                                    <id root="67828049-e638-43de-961b-bf31f1269df6"/>
                                    <code code="#MNBAS" codeSystemName="L" displayName="MAN BASO"/>
                                    <text>MAN BASO<reference value="#Observation_394c85837c7427860dd088"/>
                                    </text>
                                    <statusCode code="completed"/>
                                    <effectiveTime value="201209011645-0800"/>
                                    <value xsi:type="PQ">0<reference value="#ObservationValue_7a4cde8c02d5045bec2f70"/>
                                    </value>
                                    <referenceRange>
                                        <observationRange>
                                            <value xsi:type="IVL_PQ">
                                                <low value="0" unit="PERCENT"/>
                                                <high value="2" unit="PERCENT"/>
                                            </value>
                                        </observationRange>
                                    </referenceRange>
                                </observation>
                            </component>
                            <component>
                                <observation classCode="OBS" moodCode="EVN">
                                    <templateId root="2.16.840.1.113883.10.20.1.31"/>
                                    <templateId root="1.3.6.1.4.1.19376.1.5.3.1.4.13"/>
                                    <templateId root="2.16.840.1.113883.3.88.11.83.15.1"/>
                                    <id root="3c8d9516-b64f-4fee-897d-b2e470f163eb"/>
                                    <code code="#MNMET" codeSystemName="L" displayName="MAN METAMYL"/>
                                    <text>MAN METAMYL<reference value="#Observation_b04221bffb5fdb3287c3b4"/>
                                    </text>
                                    <statusCode code="completed"/>
                                    <effectiveTime value="201209011645-0800"/>
                                    <value xsi:type="PQ">0<reference value="#ObservationValue_fc4db48dddcae5c1808b1e"/>
                                    </value>
                                    <referenceRange>
                                        <observationRange>
                                            <value xsi:type="IVL_PQ">
                                                <low value="0" unit="PERCENT"/>
                                                <high value="1" unit="PERCENT"/>
                                            </value>
                                        </observationRange>
                                    </referenceRange>
                                </observation>
                            </component>
                            <component>
                                <observation classCode="OBS" moodCode="EVN">
                                    <templateId root="2.16.840.1.113883.10.20.1.31"/>
                                    <templateId root="1.3.6.1.4.1.19376.1.5.3.1.4.13"/>
                                    <templateId root="2.16.840.1.113883.3.88.11.83.15.1"/>
                                    <id root="fed2ee21-d5af-4f52-931f-42d293441c4d"/>
                                    <code code="#MNMYL" codeSystemName="L" displayName="MAN MYELOCYTE"/>
                                    <text>MAN MYELOCYTE<reference value="#Observation_a940e88da8b12a0b535ab5"/>
                                    </text>
                                    <statusCode code="completed"/>
                                    <effectiveTime value="201209011645-0800"/>
                                    <value xsi:type="PQ">0<reference value="#ObservationValue_cf45a188bbac328e2c85a2"/>
                                    </value>
                                    <referenceRange>
                                        <observationRange>
                                            <value xsi:type="IVL_PQ">
                                                <low value="0" unit="PERCENT"/>
                                                <high value="1" unit="PERCENT"/>
                                            </value>
                                        </observationRange>
                                    </referenceRange>
                                </observation>
                            </component>
                            <component>
                                <observation classCode="OBS" moodCode="EVN">
                                    <templateId root="2.16.840.1.113883.10.20.1.31"/>
                                    <templateId root="1.3.6.1.4.1.19376.1.5.3.1.4.13"/>
                                    <templateId root="2.16.840.1.113883.3.88.11.83.15.1"/>
                                    <id root="9d96f3ca-9fed-45d1-9d12-dfee4681a4e6"/>
                                    <code code="#MNPRO" codeSystemName="L" displayName="MAN PROMYELO"/>
                                    <text>MAN PROMYELO<reference value="#Observation_184ec491c1fd90c52e1528"/>
                                    </text>
                                    <statusCode code="completed"/>
                                    <effectiveTime value="201209011645-0800"/>
                                    <value xsi:type="PQ">0<reference value="#ObservationValue_c441a09fea8b1e9ab208c1"/>
                                    </value>
                                    <referenceRange>
                                        <observationRange>
                                            <value xsi:type="IVL_PQ">
                                                <low value="0" unit="PERCENT"/>
                                                <high value="0" unit="PERCENT"/>
                                            </value>
                                        </observationRange>
                                    </referenceRange>
                                </observation>
                            </component>
                            <component>
                                <observation classCode="OBS" moodCode="EVN">
                                    <templateId root="2.16.840.1.113883.10.20.1.31"/>
                                    <templateId root="1.3.6.1.4.1.19376.1.5.3.1.4.13"/>
                                    <templateId root="2.16.840.1.113883.3.88.11.83.15.1"/>
                                    <id root="9af9be5c-6f05-4a87-95d1-d0bd1c2a1410"/>
                                    <code code="#MNBLS" codeSystemName="L" displayName="MAN BLASTS"/>
                                    <text>MAN BLASTS<reference value="#Observation_96435f86d626923a20e04c"/>
                                    </text>
                                    <statusCode code="completed"/>
                                    <effectiveTime value="201209011645-0800"/>
                                    <value xsi:type="PQ">0<reference value="#ObservationValue_75442cbae2061c1fb7ab61"/>
                                    </value>
                                    <referenceRange>
                                        <observationRange>
                                            <value xsi:type="IVL_PQ">
                                                <low value="0" unit="PERCENT"/>
                                                <high value="0" unit="PERCENT"/>
                                            </value>
                                        </observationRange>
                                    </referenceRange>
                                </observation>
                            </component>
                            <component>
                                <observation classCode="OBS" moodCode="EVN">
                                    <templateId root="2.16.840.1.113883.10.20.1.31"/>
                                    <templateId root="1.3.6.1.4.1.19376.1.5.3.1.4.13"/>
                                    <templateId root="2.16.840.1.113883.3.88.11.83.15.1"/>
                                    <id root="611d1633-72c5-4daa-b4d2-ea9fa3399e88"/>
                                    <code code="#ESPLT" codeSystemName="L" displayName="PLATELET (EST)"/>
                                    <text>PLATELET (EST)<reference value="#Observation_814574bdc1ae9d77d4ab88"/>
                                    </text>
                                    <statusCode code="completed"/>
                                    <effectiveTime value="201209011645-0800"/>
                                    <value xsi:type="ED">10-12<reference value="#ObservationValue_c643e4922885287d05e951"/>
                                    </value>
                                    <entryRelationship typeCode="SUBJ" inversionInd="true">
                                        <act classCode="ACT" moodCode="EVN">
                                            <templateId root="2.16.840.1.113883.10.20.1.40"/>
                                            <templateId root="2.16.840.1.113883.3.88.11.83.11"/>
                                            <templateId root="1.3.6.1.4.1.19376.1.5.3.1.4.2"/>
                                            <code code="48767-8" codeSystem="2.16.840.1.113883.6.1" codeSystemName="LOINC" displayName="Annotation Comment"/>
                                            <text>PLATELET COUNT CONSISTENT  WITH SLIDE REVIEW ESPLT  EACH PLATELET PER OIL IMMERSION FIELD REPRESENTS APPROXIMATELY        TWENTY THOUSAND PLATELETS PER CUBIC MILLIMETER.<reference value="Comment_bb4d40b0ffa021d3815e1b"/>
                                            </text>
                                            <statusCode code="completed"/>
                                        </act>
                                    </entryRelationship>
                                    <referenceRange>
                                        <observationRange>
                                            <value xsi:type="IVL_PQ">
                                                <low value="7" unit="PER_OIF"/>
                                                <high value="20" unit="PER_OIF"/>
                                            </value>
                                        </observationRange>
                                    </referenceRange>
                                </observation>
                            </component>
                        </organizer>
                    </entry>
                    <entry>
                        <organizer classCode="BATTERY" moodCode="EVN">
                            <templateId root="2.16.840.1.113883.10.20.1.32"/>
                            <id root="541bbe20-5806-4d14-9fec-c0f6f3d5e92d"/>
                            <code code="CBC" codeSystemName="L" displayName="CBC">
                                <translation code="LAB"/>
                            </code>
                            <statusCode code="completed"/>
                            <component>
                                <procedure classCode="PROC" moodCode="EVN">
                                    <templateId root="2.16.840.1.113883.10.20.1.29"/>
                                    <templateId root="1.3.6.1.4.1.19376.1.5.3.1.4.19"/>
                                    <templateId root="2.16.840.1.113883.3.88.11.83.17"/>
                                    <id root="7ad5cd2d-aae1-425d-93a9-33e973d5a12d"/>
                                    <code nullFlavor="NI">
                                        <originalText>CBC</originalText>
                                    </code>
                                    <text>CBC</text>
                                    <statusCode code="completed"/>
                                    <effectiveTime>
                                        <low value="201209081645-0800"/>
                                    </effectiveTime>
                                    <priorityCode code="S" codeSystem="2.16.840.1.113883.3.88.12.80.71" codeSystemName="Order Priority" displayName="Stat"/>
                                    <participant typeCode="RESP" contextControlCode="OP">
                                        <participantRole>
                                            <addr nullFlavor="NI"/>
                                            <playingEntity>
                                                <name>
                                                    <given>Unnamed</given>
                                                    <family>User</family>
                                                </name>
                                            </playingEntity>
                                        </participantRole>
                                    </participant>
                                    <participant typeCode="ATND" contextControlCode="OP">
                                        <participantRole>
                                            <addr nullFlavor="NI"/>
                                            <playingEntity>
                                                <name>
                                                    <given>Test</given>
                                                    <family>Userone</family>
                                                </name>
                                            </playingEntity>
                                        </participantRole>
                                    </participant>
                                    <participant typeCode="ADM" contextControlCode="OP">
                                        <participantRole>
                                            <addr nullFlavor="NI"/>
                                            <playingEntity>
                                                <name>
                                                    <given>Test</given>
                                                    <family>Faxuser</family>
                                                </name>
                                            </playingEntity>
                                        </participantRole>
                                    </participant>
                                    <participant typeCode="REF" contextControlCode="OP">
                                        <participantRole>
                                            <addr nullFlavor="NI"/>
                                            <playingEntity>
                                                <name>
                                                    <given>Test</given>
                                                    <family>Faxuser</family>
                                                </name>
                                            </playingEntity>
                                        </participantRole>
                                    </participant>
                                    <participant typeCode="ORG" contextControlCode="OP">
                                        <participantRole>
                                            <addr nullFlavor="NI"/>
                                            <telecom nullFlavor="NI"/>
                                            <playingEntity>
                                                <name>UniLab</name>
                                            </playingEntity>
                                        </participantRole>
                                    </participant>
                                </procedure>
                            </component>
                            <component>
                                <observation classCode="OBS" moodCode="EVN">
                                    <templateId root="2.16.840.1.113883.10.20.1.31"/>
                                    <templateId root="1.3.6.1.4.1.19376.1.5.3.1.4.13"/>
                                    <templateId root="2.16.840.1.113883.3.88.11.83.15.1"/>
                                    <id root="f5d9801c-0321-4687-a68e-89c6c4edab69"/>
                                    <code code="#WBC" codeSystemName="L" displayName="WBC"/>
                                    <text>WBC<reference value="#Observation_9a48c8845fd07601a62b7a"/>
                                    </text>
                                    <statusCode code="completed"/>
                                    <effectiveTime value="201209081645-0800"/>
                                    <value xsi:type="PQ">7.73<reference value="#ObservationValue_5248ada4f6cae671980930"/>
                                    </value>
                                    <referenceRange>
                                        <observationRange>
                                            <value xsi:type="IVL_PQ">
                                                <low value="4.80" unit="THOUSAND"/>
                                                <high value="10.80" unit="THOUSAND"/>
                                            </value>
                                        </observationRange>
                                    </referenceRange>
                                </observation>
                            </component>
                            <component>
                                <observation classCode="OBS" moodCode="EVN">
                                    <templateId root="2.16.840.1.113883.10.20.1.31"/>
                                    <templateId root="1.3.6.1.4.1.19376.1.5.3.1.4.13"/>
                                    <templateId root="2.16.840.1.113883.3.88.11.83.15.1"/>
                                    <id root="e5b22625-f2df-403f-a978-28a00ee1a90c"/>
                                    <code code="#HGB" codeSystemName="L" displayName="HGB"/>
                                    <text>HGB<reference value="#Observation_5244b7a692d333acc0662a"/>
                                    </text>
                                    <statusCode code="completed"/>
                                    <effectiveTime value="201209081645-0800"/>
                                    <value xsi:type="PQ">14.4<reference value="#ObservationValue_e244bbb6d2cc511a619325"/>
                                    </value>
                                    <referenceRange>
                                        <observationRange>
                                            <value xsi:type="IVL_PQ">
                                                <low value="14.0" unit="G/dl"/>
                                                <high value="18.0" unit="G/dl"/>
                                            </value>
                                        </observationRange>
                                    </referenceRange>
                                </observation>
                            </component>
                            <component>
                                <observation classCode="OBS" moodCode="EVN">
                                    <templateId root="2.16.840.1.113883.10.20.1.31"/>
                                    <templateId root="1.3.6.1.4.1.19376.1.5.3.1.4.13"/>
                                    <templateId root="2.16.840.1.113883.3.88.11.83.15.1"/>
                                    <id root="3a3aa3a4-5e5b-4758-867f-e80cabb677f7"/>
                                    <code code="#HCT" codeSystemName="L" displayName="HCT"/>
                                    <text>HCT<reference value="#Observation_704ca6959ac1a90a26081a"/>
                                    </text>
                                    <statusCode code="completed"/>
                                    <effectiveTime value="201209081645-0800"/>
                                    <value xsi:type="PQ">44.2<reference value="#ObservationValue_4742b095615b499f92be06"/>
                                    </value>
                                    <referenceRange>
                                        <observationRange>
                                            <value xsi:type="IVL_PQ">
                                                <low value="42.0" unit="PERCENT"/>
                                                <high value="54.0" unit="PERCENT"/>
                                            </value>
                                        </observationRange>
                                    </referenceRange>
                                </observation>
                            </component>
                            <component>
                                <observation classCode="OBS" moodCode="EVN">
                                    <templateId root="2.16.840.1.113883.10.20.1.31"/>
                                    <templateId root="1.3.6.1.4.1.19376.1.5.3.1.4.13"/>
                                    <templateId root="2.16.840.1.113883.3.88.11.83.15.1"/>
                                    <id root="3a7317ee-6fef-413f-a2a8-e29bc24d9d2a"/>
                                    <code code="#PLT" codeSystemName="L" displayName="PLATELETS"/>
                                    <text>PLATELETS<reference value="#Observation_634eebb4ede9031ca05595"/>
                                    </text>
                                    <statusCode code="completed"/>
                                    <effectiveTime value="201209081645-0800"/>
                                    <value xsi:type="PQ">137<reference value="#ObservationValue_6940ab93e936e2a259887a"/>
                                    </value>
                                    <interpretationCode code="N" codeSystem="2.16.840.1.113883.5.83" codeSystemName="Observation Interpretation" displayName="Normal"/>
                                    <referenceRange>
                                        <observationRange>
                                            <value xsi:type="IVL_PQ">
                                                <low value="130" unit="THOUSAND"/>
                                                <high value="400" unit="THOUSAND"/>
                                            </value>
                                        </observationRange>
                                    </referenceRange>
                                </observation>
                            </component>
                            <component>
                                <observation classCode="OBS" moodCode="EVN">
                                    <templateId root="2.16.840.1.113883.10.20.1.31"/>
                                    <templateId root="1.3.6.1.4.1.19376.1.5.3.1.4.13"/>
                                    <templateId root="2.16.840.1.113883.3.88.11.83.15.1"/>
                                    <id root="e206c135-009e-4253-b44c-d7e0c585f7ea"/>
                                    <code code="#RBC" codeSystemName="L" displayName="RBC"/>
                                    <text>RBC<reference value="#Observation_82419d9445b2e17121a6a4"/>
                                    </text>
                                    <statusCode code="completed"/>
                                    <effectiveTime value="201209081645-0800"/>
                                    <value xsi:type="PQ">4.81<reference value="#ObservationValue_bc4c368eabd7089b260878"/>
                                    </value>
                                    <referenceRange>
                                        <observationRange>
                                            <value xsi:type="IVL_PQ">
                                                <low value="4.70" unit="MILLION"/>
                                                <high value="6.10" unit="MILLION"/>
                                            </value>
                                        </observationRange>
                                    </referenceRange>
                                </observation>
                            </component>
                            <component>
                                <observation classCode="OBS" moodCode="EVN">
                                    <templateId root="2.16.840.1.113883.10.20.1.31"/>
                                    <templateId root="1.3.6.1.4.1.19376.1.5.3.1.4.13"/>
                                    <templateId root="2.16.840.1.113883.3.88.11.83.15.1"/>
                                    <id root="65ac2290-b2cb-4a35-a330-852d8fe50f37"/>
                                    <code code="#MCV" codeSystemName="L" displayName="MCV"/>
                                    <text>MCV<reference value="#Observation_4547b0b6dc93f6d6286003"/>
                                    </text>
                                    <statusCode code="completed"/>
                                    <effectiveTime value="201209081645-0800"/>
                                    <value xsi:type="PQ">92.2<reference value="#ObservationValue_f544459803c88ab167510b"/>
                                    </value>
                                    <referenceRange>
                                        <observationRange>
                                            <value xsi:type="IVL_PQ">
                                                <low value="83.0" unit="fl"/>
                                                <high value="99.0" unit="fl"/>
                                            </value>
                                        </observationRange>
                                    </referenceRange>
                                </observation>
                            </component>
                            <component>
                                <observation classCode="OBS" moodCode="EVN">
                                    <templateId root="2.16.840.1.113883.10.20.1.31"/>
                                    <templateId root="1.3.6.1.4.1.19376.1.5.3.1.4.13"/>
                                    <templateId root="2.16.840.1.113883.3.88.11.83.15.1"/>
                                    <id root="321c851b-2c68-4a83-9ad2-90472353b676"/>
                                    <code code="#MCH" codeSystemName="L" displayName="MCH"/>
                                    <text>MCH<reference value="#Observation_484bcebb5a0a8008e68dca"/>
                                    </text>
                                    <statusCode code="completed"/>
                                    <effectiveTime value="201209081645-0800"/>
                                    <value xsi:type="PQ">30.6<reference value="#ObservationValue_f3499a970073ffd762f431"/>
                                    </value>
                                    <referenceRange>
                                        <observationRange>
                                            <value xsi:type="IVL_PQ">
                                                <low value="27.0" unit="pg"/>
                                                <high value="32.0" unit="pg"/>
                                            </value>
                                        </observationRange>
                                    </referenceRange>
                                </observation>
                            </component>
                            <component>
                                <observation classCode="OBS" moodCode="EVN">
                                    <templateId root="2.16.840.1.113883.10.20.1.31"/>
                                    <templateId root="1.3.6.1.4.1.19376.1.5.3.1.4.13"/>
                                    <templateId root="2.16.840.1.113883.3.88.11.83.15.1"/>
                                    <id root="9d82c56c-ff60-45ae-839f-c25354b0097e"/>
                                    <code code="#MCHC" codeSystemName="L" displayName="MCHC"/>
                                    <text>MCHC<reference value="#Observation_c44d25b1f78404436cc9c9"/>
                                    </text>
                                    <statusCode code="completed"/>
                                    <effectiveTime value="201209081645-0800"/>
                                    <value xsi:type="PQ">33.3<reference value="#ObservationValue_a8474eae7d6cd3b2175409"/>
                                    </value>
                                    <referenceRange>
                                        <observationRange>
                                            <value xsi:type="IVL_PQ">
                                                <low value="32.0" unit="G/dl"/>
                                                <high value="37.0" unit="G/dl"/>
                                            </value>
                                        </observationRange>
                                    </referenceRange>
                                </observation>
                            </component>
                            <component>
                                <observation classCode="OBS" moodCode="EVN">
                                    <templateId root="2.16.840.1.113883.10.20.1.31"/>
                                    <templateId root="1.3.6.1.4.1.19376.1.5.3.1.4.13"/>
                                    <templateId root="2.16.840.1.113883.3.88.11.83.15.1"/>
                                    <id root="1d62cbdb-f432-418c-b9e1-dd1c83d2ce81"/>
                                    <code code="#RDW" codeSystemName="L" displayName="RDW"/>
                                    <text>RDW<reference value="#Observation_394aea942bce6201632166"/>
                                    </text>
                                    <statusCode code="completed"/>
                                    <effectiveTime value="201209081645-0800"/>
                                    <value xsi:type="PQ">13<reference value="#ObservationValue_734df794745844233d9c3a"/>
                                    </value>
                                    <interpretationCode code="N" codeSystem="2.16.840.1.113883.5.83" codeSystemName="Observation Interpretation" displayName="Normal"/>
                                    <referenceRange>
                                        <observationRange>
                                            <value xsi:type="IVL_PQ">
                                                <low value="11.5" unit="PERCENT"/>
                                                <high value="14.5" unit="PERCENT"/>
                                            </value>
                                        </observationRange>
                                    </referenceRange>
                                </observation>
                            </component>
                            <component>
                                <observation classCode="OBS" moodCode="EVN">
                                    <templateId root="2.16.840.1.113883.10.20.1.31"/>
                                    <templateId root="1.3.6.1.4.1.19376.1.5.3.1.4.13"/>
                                    <templateId root="2.16.840.1.113883.3.88.11.83.15.1"/>
                                    <id root="fb58ae0b-e9d4-44e6-b63a-acdfdef319ab"/>
                                    <code code="#NEUT" codeSystemName="L" displayName="NEUT"/>
                                    <text>NEUT<reference value="#Observation_e74a488281cdf224bc069e"/>
                                    </text>
                                    <statusCode code="completed"/>
                                    <effectiveTime value="201209081645-0800"/>
                                    <value xsi:type="PQ">68<reference value="#ObservationValue_e846d4a55ca1df02886685"/>
                                    </value>
                                    <interpretationCode code="N" codeSystem="2.16.840.1.113883.5.83" codeSystemName="Observation Interpretation" displayName="Normal"/>
                                    <referenceRange>
                                        <observationRange>
                                            <value xsi:type="IVL_PQ">
                                                <low value="40.0" unit="PERCENT"/>
                                                <high value="74.0" unit="PERCENT"/>
                                            </value>
                                        </observationRange>
                                    </referenceRange>
                                </observation>
                            </component>
                            <component>
                                <observation classCode="OBS" moodCode="EVN">
                                    <templateId root="2.16.840.1.113883.10.20.1.31"/>
                                    <templateId root="1.3.6.1.4.1.19376.1.5.3.1.4.13"/>
                                    <templateId root="2.16.840.1.113883.3.88.11.83.15.1"/>
                                    <id root="660b1e1b-be76-480e-a333-1aeeb858005f"/>
                                    <code code="#LYMPH" codeSystemName="L" displayName="LYMPH"/>
                                    <text>LYMPH<reference value="#Observation_99456cb3bab570ce36d175"/>
                                    </text>
                                    <statusCode code="completed"/>
                                    <effectiveTime value="201209081645-0800"/>
                                    <value xsi:type="PQ">27<reference value="#ObservationValue_e6410c889b7ed3a8dc4b73"/>
                                    </value>
                                    <interpretationCode code="N" codeSystem="2.16.840.1.113883.5.83" codeSystemName="Observation Interpretation" displayName="Normal"/>
                                    <referenceRange>
                                        <observationRange>
                                            <value xsi:type="IVL_PQ">
                                                <low value="19.0" unit="PERCENT"/>
                                                <high value="48.0" unit="PERCENT"/>
                                            </value>
                                        </observationRange>
                                    </referenceRange>
                                </observation>
                            </component>
                            <component>
                                <observation classCode="OBS" moodCode="EVN">
                                    <templateId root="2.16.840.1.113883.10.20.1.31"/>
                                    <templateId root="1.3.6.1.4.1.19376.1.5.3.1.4.13"/>
                                    <templateId root="2.16.840.1.113883.3.88.11.83.15.1"/>
                                    <id root="b260ff9a-9c20-4791-8587-d18993f2b59a"/>
                                    <code code="#MONO" codeSystemName="L" displayName="MONO"/>
                                    <text>MONO<reference value="#Observation_49451eb435ed17379e115a"/>
                                    </text>
                                    <statusCode code="completed"/>
                                    <effectiveTime value="201209081645-0800"/>
                                    <value xsi:type="PQ">8.7<reference value="#ObservationValue_6e4543a2850fefaca3f263"/>
                                    </value>
                                    <interpretationCode code="N" codeSystem="2.16.840.1.113883.5.83" codeSystemName="Observation Interpretation" displayName="Normal"/>
                                    <referenceRange>
                                        <observationRange>
                                            <value xsi:type="IVL_PQ">
                                                <low value="3.5" unit="PERCENT"/>
                                                <high value="9.0" unit="PERCENT"/>
                                            </value>
                                        </observationRange>
                                    </referenceRange>
                                </observation>
                            </component>
                            <component>
                                <observation classCode="OBS" moodCode="EVN">
                                    <templateId root="2.16.840.1.113883.10.20.1.31"/>
                                    <templateId root="1.3.6.1.4.1.19376.1.5.3.1.4.13"/>
                                    <templateId root="2.16.840.1.113883.3.88.11.83.15.1"/>
                                    <id root="3cfe6c82-0e39-4171-bd69-052f7827bfc2"/>
                                    <code code="#EOS" codeSystemName="L" displayName="EOS"/>
                                    <text>EOS<reference value="#Observation_8c424785f59a6d2e5bfbf6"/>
                                    </text>
                                    <statusCode code="completed"/>
                                    <effectiveTime value="201209081645-0800"/>
                                    <value xsi:type="PQ">0.7<reference value="#ObservationValue_734e92b258d81ecbd2bf9c"/>
                                    </value>
                                    <referenceRange>
                                        <observationRange>
                                            <value xsi:type="IVL_PQ">
                                                <low value="0.0" unit="PERCENT"/>
                                                <high value="7.0" unit="PERCENT"/>
                                            </value>
                                        </observationRange>
                                    </referenceRange>
                                </observation>
                            </component>
                            <component>
                                <observation classCode="OBS" moodCode="EVN">
                                    <templateId root="2.16.840.1.113883.10.20.1.31"/>
                                    <templateId root="1.3.6.1.4.1.19376.1.5.3.1.4.13"/>
                                    <templateId root="2.16.840.1.113883.3.88.11.83.15.1"/>
                                    <id root="53d3a3ba-73a4-46ad-a145-1491cd910141"/>
                                    <code code="#BASO" codeSystemName="L" displayName="BASO"/>
                                    <text>BASO<reference value="#Observation_85441a965052326973eef0"/>
                                    </text>
                                    <statusCode code="completed"/>
                                    <effectiveTime value="201209081645-0800"/>
                                    <value xsi:type="PQ">0.6<reference value="#ObservationValue_63473588349a8d6b76281f"/>
                                    </value>
                                    <referenceRange>
                                        <observationRange>
                                            <value xsi:type="IVL_PQ">
                                                <low value="0.0" unit="PERCENT"/>
                                                <high value="1.5" unit="PERCENT"/>
                                            </value>
                                        </observationRange>
                                    </referenceRange>
                                </observation>
                            </component>
                            <component>
                                <observation classCode="OBS" moodCode="EVN">
                                    <templateId root="2.16.840.1.113883.10.20.1.31"/>
                                    <templateId root="1.3.6.1.4.1.19376.1.5.3.1.4.13"/>
                                    <templateId root="2.16.840.1.113883.3.88.11.83.15.1"/>
                                    <id root="8f37ae17-6cc7-4344-9c0b-78807023199d"/>
                                    <code code="#LUC" codeSystemName="L" displayName="LGE UNST.CELL"/>
                                    <text>LGE UNST.CELL<reference value="#Observation_da4dff84aa950bd4790b9e"/>
                                    </text>
                                    <statusCode code="completed"/>
                                    <effectiveTime value="201209081645-0800"/>
                                    <value xsi:type="PQ">0.9<reference value="#ObservationValue_6a414f9f5c23db3a9b7105"/>
                                    </value>
                                    <referenceRange>
                                        <observationRange>
                                            <value xsi:type="IVL_PQ">
                                                <low value="0.0" unit="PERCENT"/>
                                                <high value="4.0" unit="PERCENT"/>
                                            </value>
                                        </observationRange>
                                    </referenceRange>
                                </observation>
                            </component>
                            <component>
                                <observation classCode="OBS" moodCode="EVN">
                                    <templateId root="2.16.840.1.113883.10.20.1.31"/>
                                    <templateId root="1.3.6.1.4.1.19376.1.5.3.1.4.13"/>
                                    <templateId root="2.16.840.1.113883.3.88.11.83.15.1"/>
                                    <id root="17b15fc9-08ed-48d1-944e-0f993e15f416"/>
                                    <code code="##NEUT" codeSystemName="L" displayName="NEUT ABS"/>
                                    <text>NEUT ABS<reference value="#Observation_d34a249f2890baa671c893"/>
                                    </text>
                                    <statusCode code="completed"/>
                                    <effectiveTime value="201209081645-0800"/>
                                    <value xsi:type="PQ">6.50<reference value="#ObservationValue_874c0d8dc37920bdfbccd3"/>
                                    </value>
                                    <referenceRange>
                                        <observationRange>
                                            <value xsi:type="IVL_PQ">
                                                <low value="1.90" unit="THOUSAND"/>
                                                <high value="8.00" unit="THOUSAND"/>
                                            </value>
                                        </observationRange>
                                    </referenceRange>
                                </observation>
                            </component>
                            <component>
                                <observation classCode="OBS" moodCode="EVN">
                                    <templateId root="2.16.840.1.113883.10.20.1.31"/>
                                    <templateId root="1.3.6.1.4.1.19376.1.5.3.1.4.13"/>
                                    <templateId root="2.16.840.1.113883.3.88.11.83.15.1"/>
                                    <id root="90268b9b-a226-4d98-a464-8752665ca2be"/>
                                    <code code="##LYMP" codeSystemName="L" displayName="LYMPH ABS"/>
                                    <text>LYMPH ABS<reference value="#Observation_4849b087405177d9863278"/>
                                    </text>
                                    <statusCode code="completed"/>
                                    <effectiveTime value="201209081645-0800"/>
                                    <value xsi:type="PQ">1.4<reference value="#ObservationValue_f548b8ae456e9f856b0210"/>
                                    </value>
                                    <interpretationCode code="N" codeSystem="2.16.840.1.113883.5.83" codeSystemName="Observation Interpretation" displayName="Normal"/>
                                    <referenceRange>
                                        <observationRange>
                                            <value xsi:type="IVL_PQ">
                                                <low value="0.90" unit="THOUSAND"/>
                                                <high value="5.20" unit="THOUSAND"/>
                                            </value>
                                        </observationRange>
                                    </referenceRange>
                                </observation>
                            </component>
                            <component>
                                <observation classCode="OBS" moodCode="EVN">
                                    <templateId root="2.16.840.1.113883.10.20.1.31"/>
                                    <templateId root="1.3.6.1.4.1.19376.1.5.3.1.4.13"/>
                                    <templateId root="2.16.840.1.113883.3.88.11.83.15.1"/>
                                    <id root="bca66e3c-53b5-4a99-a3f4-742c9e5cd0b2"/>
                                    <code code="##MONO" codeSystemName="L" displayName="MONO ABS"/>
                                    <text>MONO ABS<reference value="#Observation_044bfdbb68f5e4aff51c02"/>
                                    </text>
                                    <statusCode code="completed"/>
                                    <effectiveTime value="201209081645-0800"/>
                                    <value xsi:type="PQ">0.80<reference value="#ObservationValue_6c474eb74f733eb13423f7"/>
                                    </value>
                                    <referenceRange>
                                        <observationRange>
                                            <value xsi:type="IVL_PQ">
                                                <low value="0.16" unit="THOUSAND"/>
                                                <high value="1.00" unit="THOUSAND"/>
                                            </value>
                                        </observationRange>
                                    </referenceRange>
                                </observation>
                            </component>
                            <component>
                                <observation classCode="OBS" moodCode="EVN">
                                    <templateId root="2.16.840.1.113883.10.20.1.31"/>
                                    <templateId root="1.3.6.1.4.1.19376.1.5.3.1.4.13"/>
                                    <templateId root="2.16.840.1.113883.3.88.11.83.15.1"/>
                                    <id root="ace5012f-1c8f-47a9-9692-3467dfe0f7ae"/>
                                    <code code="EOS" codeSystemName="L" displayName="EOS ABS"/>
                                    <text>EOS ABS<reference value="#Observation_5b41809a7608acf255c127"/>
                                    </text>
                                    <statusCode code="completed"/>
                                    <effectiveTime value="201209081645-0800"/>
                                    <value xsi:type="PQ">0.07<reference value="#ObservationValue_894c7baa38b15bc638d515"/>
                                    </value>
                                    <referenceRange>
                                        <observationRange>
                                            <value xsi:type="IVL_PQ">
                                                <low value="0.00" unit="THOUSAND"/>
                                                <high value="0.80" unit="THOUSAND"/>
                                            </value>
                                        </observationRange>
                                    </referenceRange>
                                </observation>
                            </component>
                            <component>
                                <observation classCode="OBS" moodCode="EVN">
                                    <templateId root="2.16.840.1.113883.10.20.1.31"/>
                                    <templateId root="1.3.6.1.4.1.19376.1.5.3.1.4.13"/>
                                    <templateId root="2.16.840.1.113883.3.88.11.83.15.1"/>
                                    <id root="8ec826cb-3f76-42f3-a90d-f2a18e78e027"/>
                                    <code code="BASO" codeSystemName="L" displayName="BASO ABS"/>
                                    <text>BASO ABS<reference value="#Observation_7d4c6786e717e8efbbe4fa"/>
                                    </text>
                                    <statusCode code="completed"/>
                                    <effectiveTime value="201209081645-0800"/>
                                    <value xsi:type="PQ">0.08<reference value="#ObservationValue_3f4e9e9f5f927937cc9fc6"/>
                                    </value>
                                    <referenceRange>
                                        <observationRange>
                                            <value xsi:type="IVL_PQ">
                                                <low value="0.00" unit="THOUSAND"/>
                                                <high value="0.20" unit="THOUSAND"/>
                                            </value>
                                        </observationRange>
                                    </referenceRange>
                                </observation>
                            </component>
                            <component>
                                <observation classCode="OBS" moodCode="EVN">
                                    <templateId root="2.16.840.1.113883.10.20.1.31"/>
                                    <templateId root="1.3.6.1.4.1.19376.1.5.3.1.4.13"/>
                                    <templateId root="2.16.840.1.113883.3.88.11.83.15.1"/>
                                    <id root="ff2ad8a7-a1f5-45cf-91ac-560601b96f9b"/>
                                    <code code="##LUC" codeSystemName="L" displayName="LUC ABS"/>
                                    <text>LUC ABS<reference value="#Observation_16437f8f48d1afee31a83c"/>
                                    </text>
                                    <statusCode code="completed"/>
                                    <effectiveTime value="201209081645-0800"/>
                                    <value xsi:type="PQ">0.07<reference value="#ObservationValue_6c49b9a356481592990e0d"/>
                                    </value>
                                    <referenceRange>
                                        <observationRange>
                                            <value xsi:type="IVL_PQ">
                                                <low value="0.00" unit="THOUSAND"/>
                                                <high value="0.40" unit="THOUSAND"/>
                                            </value>
                                        </observationRange>
                                    </referenceRange>
                                </observation>
                            </component>
                            <component>
                                <observation classCode="OBS" moodCode="EVN">
                                    <templateId root="2.16.840.1.113883.10.20.1.31"/>
                                    <templateId root="1.3.6.1.4.1.19376.1.5.3.1.4.13"/>
                                    <templateId root="2.16.840.1.113883.3.88.11.83.15.1"/>
                                    <id root="de52bdb2-44e9-41e5-9344-4ed24669ac8b"/>
                                    <code code="#MNBND" codeSystemName="L" displayName="MAN BAND NEUT"/>
                                    <text>MAN BAND NEUT<reference value="#Observation_1446cb933e1885df326837"/>
                                    </text>
                                    <statusCode code="completed"/>
                                    <effectiveTime value="201209081645-0800"/>
                                    <value xsi:type="PQ">6<reference value="#ObservationValue_454fedba80f8c2425ba79a"/>
                                    </value>
                                    <interpretationCode code="N" codeSystem="2.16.840.1.113883.5.83" codeSystemName="Observation Interpretation" displayName="Normal"/>
                                    <referenceRange>
                                        <observationRange>
                                            <value xsi:type="IVL_PQ">
                                                <low value="0" unit="PERCENT"/>
                                                <high value="8" unit="PERCENT"/>
                                            </value>
                                        </observationRange>
                                    </referenceRange>
                                </observation>
                            </component>
                            <component>
                                <observation classCode="OBS" moodCode="EVN">
                                    <templateId root="2.16.840.1.113883.10.20.1.31"/>
                                    <templateId root="1.3.6.1.4.1.19376.1.5.3.1.4.13"/>
                                    <templateId root="2.16.840.1.113883.3.88.11.83.15.1"/>
                                    <id root="0a050297-0a2b-4ada-af49-c5f502718216"/>
                                    <code code="#MNSEG" codeSystemName="L" displayName="MAN SEG NEUT"/>
                                    <text>MAN SEG NEUT<reference value="#Observation_d24d838d9d2a3d8484a8d2"/>
                                    </text>
                                    <statusCode code="completed"/>
                                    <effectiveTime value="201209081645-0800"/>
                                    <value xsi:type="PQ">70<reference value="#ObservationValue_f34e89a4853f2c2bef644a"/>
                                    </value>
                                    <referenceRange>
                                        <observationRange>
                                            <value xsi:type="IVL_PQ">
                                                <low value="40" unit="PERCENT"/>
                                                <high value="74" unit="PERCENT"/>
                                            </value>
                                        </observationRange>
                                    </referenceRange>
                                </observation>
                            </component>
                            <component>
                                <observation classCode="OBS" moodCode="EVN">
                                    <templateId root="2.16.840.1.113883.10.20.1.31"/>
                                    <templateId root="1.3.6.1.4.1.19376.1.5.3.1.4.13"/>
                                    <templateId root="2.16.840.1.113883.3.88.11.83.15.1"/>
                                    <id root="9e83c6ed-cd3b-47d0-86ec-43a087b0c6b7"/>
                                    <code code="#MNLYM" codeSystemName="L" displayName="MAN LYMPH"/>
                                    <text>MAN LYMPH<reference value="#Observation_304eb0933f247a5eaa6055"/>
                                    </text>
                                    <statusCode code="completed"/>
                                    <effectiveTime value="201209081645-0800"/>
                                    <value xsi:type="PQ">21<reference value="#ObservationValue_d1426a97c54969422bf54f"/>
                                    </value>
                                    <interpretationCode code="N" codeSystem="2.16.840.1.113883.5.83" codeSystemName="Observation Interpretation" displayName="Normal"/>
                                    <referenceRange>
                                        <observationRange>
                                            <value xsi:type="IVL_PQ">
                                                <low value="19" unit="PERCENT"/>
                                                <high value="48" unit="PERCENT"/>
                                            </value>
                                        </observationRange>
                                    </referenceRange>
                                </observation>
                            </component>
                            <component>
                                <observation classCode="OBS" moodCode="EVN">
                                    <templateId root="2.16.840.1.113883.10.20.1.31"/>
                                    <templateId root="1.3.6.1.4.1.19376.1.5.3.1.4.13"/>
                                    <templateId root="2.16.840.1.113883.3.88.11.83.15.1"/>
                                    <id root="b082a8c0-26df-488e-a838-e05fc587e561"/>
                                    <code code="#MNMNO" codeSystemName="L" displayName="MAN MONO"/>
                                    <text>MAN MONO<reference value="#Observation_8b46cdb9327026abef2f83"/>
                                    </text>
                                    <statusCode code="completed"/>
                                    <effectiveTime value="201209081645-0800"/>
                                    <value xsi:type="PQ">8<reference value="#ObservationValue_524584b0731dae72d569e5"/>
                                    </value>
                                    <referenceRange>
                                        <observationRange>
                                            <value xsi:type="IVL_PQ">
                                                <low value="4" unit="PERCENT"/>
                                                <high value="9" unit="PERCENT"/>
                                            </value>
                                        </observationRange>
                                    </referenceRange>
                                </observation>
                            </component>
                            <component>
                                <observation classCode="OBS" moodCode="EVN">
                                    <templateId root="2.16.840.1.113883.10.20.1.31"/>
                                    <templateId root="1.3.6.1.4.1.19376.1.5.3.1.4.13"/>
                                    <templateId root="2.16.840.1.113883.3.88.11.83.15.1"/>
                                    <id root="af2b2fa1-041d-411f-844c-0f44be93f478"/>
                                    <code code="#MNEOS" codeSystemName="L" displayName="MAN EOS"/>
                                    <text>MAN EOS<reference value="#Observation_b148198315fc9a2be9f70e"/>
                                    </text>
                                    <statusCode code="completed"/>
                                    <effectiveTime value="201209081645-0800"/>
                                    <value xsi:type="PQ">3<reference value="#ObservationValue_f749239761fc7ecf9fbaf1"/>
                                    </value>
                                    <referenceRange>
                                        <observationRange>
                                            <value xsi:type="IVL_PQ">
                                                <low value="0" unit="PERCENT"/>
                                                <high value="7" unit="PERCENT"/>
                                            </value>
                                        </observationRange>
                                    </referenceRange>
                                </observation>
                            </component>
                            <component>
                                <observation classCode="OBS" moodCode="EVN">
                                    <templateId root="2.16.840.1.113883.10.20.1.31"/>
                                    <templateId root="1.3.6.1.4.1.19376.1.5.3.1.4.13"/>
                                    <templateId root="2.16.840.1.113883.3.88.11.83.15.1"/>
                                    <id root="67828049-e638-43de-961b-bf31f1269df6"/>
                                    <code code="#MNBAS" codeSystemName="L" displayName="MAN BASO"/>
                                    <text>MAN BASO<reference value="#Observation_394c85837c7427860dd088"/>
                                    </text>
                                    <statusCode code="completed"/>
                                    <effectiveTime value="201209081645-0800"/>
                                    <value xsi:type="PQ">0<reference value="#ObservationValue_7a4cde8c02d5045bec2f70"/>
                                    </value>
                                    <referenceRange>
                                        <observationRange>
                                            <value xsi:type="IVL_PQ">
                                                <low value="0" unit="PERCENT"/>
                                                <high value="2" unit="PERCENT"/>
                                            </value>
                                        </observationRange>
                                    </referenceRange>
                                </observation>
                            </component>
                            <component>
                                <observation classCode="OBS" moodCode="EVN">
                                    <templateId root="2.16.840.1.113883.10.20.1.31"/>
                                    <templateId root="1.3.6.1.4.1.19376.1.5.3.1.4.13"/>
                                    <templateId root="2.16.840.1.113883.3.88.11.83.15.1"/>
                                    <id root="3c8d9516-b64f-4fee-897d-b2e470f163eb"/>
                                    <code code="#MNMET" codeSystemName="L" displayName="MAN METAMYL"/>
                                    <text>MAN METAMYL<reference value="#Observation_b04221bffb5fdb3287c3b4"/>
                                    </text>
                                    <statusCode code="completed"/>
                                    <effectiveTime value="201209081645-0800"/>
                                    <value xsi:type="PQ">0<reference value="#ObservationValue_fc4db48dddcae5c1808b1e"/>
                                    </value>
                                    <referenceRange>
                                        <observationRange>
                                            <value xsi:type="IVL_PQ">
                                                <low value="0" unit="PERCENT"/>
                                                <high value="1" unit="PERCENT"/>
                                            </value>
                                        </observationRange>
                                    </referenceRange>
                                </observation>
                            </component>
                            <component>
                                <observation classCode="OBS" moodCode="EVN">
                                    <templateId root="2.16.840.1.113883.10.20.1.31"/>
                                    <templateId root="1.3.6.1.4.1.19376.1.5.3.1.4.13"/>
                                    <templateId root="2.16.840.1.113883.3.88.11.83.15.1"/>
                                    <id root="fed2ee21-d5af-4f52-931f-42d293441c4d"/>
                                    <code code="#MNMYL" codeSystemName="L" displayName="MAN MYELOCYTE"/>
                                    <text>MAN MYELOCYTE<reference value="#Observation_a940e88da8b12a0b535ab5"/>
                                    </text>
                                    <statusCode code="completed"/>
                                    <effectiveTime value="201209081645-0800"/>
                                    <value xsi:type="PQ">0<reference value="#ObservationValue_cf45a188bbac328e2c85a2"/>
                                    </value>
                                    <referenceRange>
                                        <observationRange>
                                            <value xsi:type="IVL_PQ">
                                                <low value="0" unit="PERCENT"/>
                                                <high value="1" unit="PERCENT"/>
                                            </value>
                                        </observationRange>
                                    </referenceRange>
                                </observation>
                            </component>
                            <component>
                                <observation classCode="OBS" moodCode="EVN">
                                    <templateId root="2.16.840.1.113883.10.20.1.31"/>
                                    <templateId root="1.3.6.1.4.1.19376.1.5.3.1.4.13"/>
                                    <templateId root="2.16.840.1.113883.3.88.11.83.15.1"/>
                                    <id root="9d96f3ca-9fed-45d1-9d12-dfee4681a4e6"/>
                                    <code code="#MNPRO" codeSystemName="L" displayName="MAN PROMYELO"/>
                                    <text>MAN PROMYELO<reference value="#Observation_184ec491c1fd90c52e1528"/>
                                    </text>
                                    <statusCode code="completed"/>
                                    <effectiveTime value="201209081645-0800"/>
                                    <value xsi:type="PQ">0<reference value="#ObservationValue_c441a09fea8b1e9ab208c1"/>
                                    </value>
                                    <referenceRange>
                                        <observationRange>
                                            <value xsi:type="IVL_PQ">
                                                <low value="0" unit="PERCENT"/>
                                                <high value="0" unit="PERCENT"/>
                                            </value>
                                        </observationRange>
                                    </referenceRange>
                                </observation>
                            </component>
                            <component>
                                <observation classCode="OBS" moodCode="EVN">
                                    <templateId root="2.16.840.1.113883.10.20.1.31"/>
                                    <templateId root="1.3.6.1.4.1.19376.1.5.3.1.4.13"/>
                                    <templateId root="2.16.840.1.113883.3.88.11.83.15.1"/>
                                    <id root="9af9be5c-6f05-4a87-95d1-d0bd1c2a1410"/>
                                    <code code="#MNBLS" codeSystemName="L" displayName="MAN BLASTS"/>
                                    <text>MAN BLASTS<reference value="#Observation_96435f86d626923a20e04c"/>
                                    </text>
                                    <statusCode code="completed"/>
                                    <effectiveTime value="201209081645-0800"/>
                                    <value xsi:type="PQ">0<reference value="#ObservationValue_75442cbae2061c1fb7ab61"/>
                                    </value>
                                    <referenceRange>
                                        <observationRange>
                                            <value xsi:type="IVL_PQ">
                                                <low value="0" unit="PERCENT"/>
                                                <high value="0" unit="PERCENT"/>
                                            </value>
                                        </observationRange>
                                    </referenceRange>
                                </observation>
                            </component>
                            <component>
                                <observation classCode="OBS" moodCode="EVN">
                                    <templateId root="2.16.840.1.113883.10.20.1.31"/>
                                    <templateId root="1.3.6.1.4.1.19376.1.5.3.1.4.13"/>
                                    <templateId root="2.16.840.1.113883.3.88.11.83.15.1"/>
                                    <id root="611d1633-72c5-4daa-b4d2-ea9fa3399e88"/>
                                    <code code="#ESPLT" codeSystemName="L" displayName="PLATELET (EST)"/>
                                    <text>PLATELET (EST)<reference value="#Observation_814574bdc1ae9d77d4ab88"/>
                                    </text>
                                    <statusCode code="completed"/>
                                    <effectiveTime value="201209081645-0800"/>
                                    <value xsi:type="ED">10-12<reference value="#ObservationValue_c643e4922885287d05e951"/>
                                    </value>
                                    <entryRelationship typeCode="SUBJ" inversionInd="true">
                                        <act classCode="ACT" moodCode="EVN">
                                            <templateId root="2.16.840.1.113883.10.20.1.40"/>
                                            <templateId root="2.16.840.1.113883.3.88.11.83.11"/>
                                            <templateId root="1.3.6.1.4.1.19376.1.5.3.1.4.2"/>
                                            <code code="48767-8" codeSystem="2.16.840.1.113883.6.1" codeSystemName="LOINC" displayName="Annotation Comment"/>
                                            <text>PLATELET COUNT CONSISTENT  WITH SLIDE REVIEW ESPLT  EACH PLATELET PER OIL IMMERSION FIELD REPRESENTS APPROXIMATELY        TWENTY THOUSAND PLATELETS PER CUBIC MILLIMETER.<reference value="Comment_bb4d40b0ffa021d3815e1b"/>
                                            </text>
                                            <statusCode code="completed"/>
                                        </act>
                                    </entryRelationship>
                                    <referenceRange>
                                        <observationRange>
                                            <value xsi:type="IVL_PQ">
                                                <low value="7" unit="PER_OIF"/>
                                                <high value="20" unit="PER_OIF"/>
                                            </value>
                                        </observationRange>
                                    </referenceRange>
                                </observation>
                            </component>
                        </organizer>
                    </entry>
                    <entry>
                        <organizer classCode="BATTERY" moodCode="EVN">
                            <templateId root="2.16.840.1.113883.10.20.1.32"/>
                            <id root="541bbe20-5806-4d14-9fec-c0f6f3d5e92d"/>
                            <code code="CBC" codeSystemName="L" displayName="CBC">
                                <translation code="LAB"/>
                            </code>
                            <statusCode code="completed"/>
                            <component>
                                <procedure classCode="PROC" moodCode="EVN">
                                    <templateId root="2.16.840.1.113883.10.20.1.29"/>
                                    <templateId root="1.3.6.1.4.1.19376.1.5.3.1.4.19"/>
                                    <templateId root="2.16.840.1.113883.3.88.11.83.17"/>
                                    <id root="7ad5cd2d-aae1-425d-93a9-33e973d5a12d"/>
                                    <code nullFlavor="NI">
                                        <originalText>CBC</originalText>
                                    </code>
                                    <text>CBC</text>
                                    <statusCode code="completed"/>
                                    <effectiveTime>
                                        <low value="201209151645-0800"/>
                                    </effectiveTime>
                                    <priorityCode code="S" codeSystem="2.16.840.1.113883.3.88.12.80.71" codeSystemName="Order Priority" displayName="Stat"/>
                                    <participant typeCode="RESP" contextControlCode="OP">
                                        <participantRole>
                                            <addr nullFlavor="NI"/>
                                            <playingEntity>
                                                <name>
                                                    <given>Unnamed</given>
                                                    <family>User</family>
                                                </name>
                                            </playingEntity>
                                        </participantRole>
                                    </participant>
                                    <participant typeCode="ATND" contextControlCode="OP">
                                        <participantRole>
                                            <addr nullFlavor="NI"/>
                                            <playingEntity>
                                                <name>
                                                    <given>Test</given>
                                                    <family>Userone</family>
                                                </name>
                                            </playingEntity>
                                        </participantRole>
                                    </participant>
                                    <participant typeCode="ADM" contextControlCode="OP">
                                        <participantRole>
                                            <addr nullFlavor="NI"/>
                                            <playingEntity>
                                                <name>
                                                    <given>Test</given>
                                                    <family>Faxuser</family>
                                                </name>
                                            </playingEntity>
                                        </participantRole>
                                    </participant>
                                    <participant typeCode="REF" contextControlCode="OP">
                                        <participantRole>
                                            <addr nullFlavor="NI"/>
                                            <playingEntity>
                                                <name>
                                                    <given>Test</given>
                                                    <family>Faxuser</family>
                                                </name>
                                            </playingEntity>
                                        </participantRole>
                                    </participant>
                                    <participant typeCode="ORG" contextControlCode="OP">
                                        <participantRole>
                                            <addr nullFlavor="NI"/>
                                            <telecom nullFlavor="NI"/>
                                            <playingEntity>
                                                <name>UniLab</name>
                                            </playingEntity>
                                        </participantRole>
                                    </participant>
                                </procedure>
                            </component>
                            <component>
                                <observation classCode="OBS" moodCode="EVN">
                                    <templateId root="2.16.840.1.113883.10.20.1.31"/>
                                    <templateId root="1.3.6.1.4.1.19376.1.5.3.1.4.13"/>
                                    <templateId root="2.16.840.1.113883.3.88.11.83.15.1"/>
                                    <id root="f5d9801c-0321-4687-a68e-89c6c4edab69"/>
                                    <code code="#WBC" codeSystemName="L" displayName="WBC"/>
                                    <text>WBC<reference value="#Observation_9a48c8845fd07601a62b7a"/>
                                    </text>
                                    <statusCode code="completed"/>
                                    <effectiveTime value="201209151645-0800"/>
                                    <value xsi:type="PQ">8.03<reference value="#ObservationValue_5248ada4f6cae671980930"/>
                                    </value>
                                    <referenceRange>
                                        <observationRange>
                                            <value xsi:type="IVL_PQ">
                                                <low value="4.80" unit="THOUSAND"/>
                                                <high value="10.80" unit="THOUSAND"/>
                                            </value>
                                        </observationRange>
                                    </referenceRange>
                                </observation>
                            </component>
                            <component>
                                <observation classCode="OBS" moodCode="EVN">
                                    <templateId root="2.16.840.1.113883.10.20.1.31"/>
                                    <templateId root="1.3.6.1.4.1.19376.1.5.3.1.4.13"/>
                                    <templateId root="2.16.840.1.113883.3.88.11.83.15.1"/>
                                    <id root="e5b22625-f2df-403f-a978-28a00ee1a90c"/>
                                    <code code="#HGB" codeSystemName="L" displayName="HGB"/>
                                    <text>HGB<reference value="#Observation_5244b7a692d333acc0662a"/>
                                    </text>
                                    <statusCode code="completed"/>
                                    <effectiveTime value="201209151645-0800"/>
                                    <value xsi:type="PQ">14.4<reference value="#ObservationValue_e244bbb6d2cc511a619325"/>
                                    </value>
                                    <referenceRange>
                                        <observationRange>
                                            <value xsi:type="IVL_PQ">
                                                <low value="14.0" unit="G/dl"/>
                                                <high value="18.0" unit="G/dl"/>
                                            </value>
                                        </observationRange>
                                    </referenceRange>
                                </observation>
                            </component>
                            <component>
                                <observation classCode="OBS" moodCode="EVN">
                                    <templateId root="2.16.840.1.113883.10.20.1.31"/>
                                    <templateId root="1.3.6.1.4.1.19376.1.5.3.1.4.13"/>
                                    <templateId root="2.16.840.1.113883.3.88.11.83.15.1"/>
                                    <id root="3a3aa3a4-5e5b-4758-867f-e80cabb677f7"/>
                                    <code code="#HCT" codeSystemName="L" displayName="HCT"/>
                                    <text>HCT<reference value="#Observation_704ca6959ac1a90a26081a"/>
                                    </text>
                                    <statusCode code="completed"/>
                                    <effectiveTime value="201209151645-0800"/>
                                    <value xsi:type="PQ">44.2<reference value="#ObservationValue_4742b095615b499f92be06"/>
                                    </value>
                                    <referenceRange>
                                        <observationRange>
                                            <value xsi:type="IVL_PQ">
                                                <low value="42.0" unit="PERCENT"/>
                                                <high value="54.0" unit="PERCENT"/>
                                            </value>
                                        </observationRange>
                                    </referenceRange>
                                </observation>
                            </component>
                            <component>
                                <observation classCode="OBS" moodCode="EVN">
                                    <templateId root="2.16.840.1.113883.10.20.1.31"/>
                                    <templateId root="1.3.6.1.4.1.19376.1.5.3.1.4.13"/>
                                    <templateId root="2.16.840.1.113883.3.88.11.83.15.1"/>
                                    <id root="3a7317ee-6fef-413f-a2a8-e29bc24d9d2a"/>
                                    <code code="#PLT" codeSystemName="L" displayName="PLATELETS"/>
                                    <text>PLATELETS<reference value="#Observation_634eebb4ede9031ca05595"/>
                                    </text>
                                    <statusCode code="completed"/>
                                    <effectiveTime value="201209151645-0800"/>
                                    <value xsi:type="PQ">137<reference value="#ObservationValue_6940ab93e936e2a259887a"/>
                                    </value>
                                    <interpretationCode code="N" codeSystem="2.16.840.1.113883.5.83" codeSystemName="Observation Interpretation" displayName="Normal"/>
                                    <referenceRange>
                                        <observationRange>
                                            <value xsi:type="IVL_PQ">
                                                <low value="130" unit="THOUSAND"/>
                                                <high value="400" unit="THOUSAND"/>
                                            </value>
                                        </observationRange>
                                    </referenceRange>
                                </observation>
                            </component>
                            <component>
                                <observation classCode="OBS" moodCode="EVN">
                                    <templateId root="2.16.840.1.113883.10.20.1.31"/>
                                    <templateId root="1.3.6.1.4.1.19376.1.5.3.1.4.13"/>
                                    <templateId root="2.16.840.1.113883.3.88.11.83.15.1"/>
                                    <id root="e206c135-009e-4253-b44c-d7e0c585f7ea"/>
                                    <code code="#RBC" codeSystemName="L" displayName="RBC"/>
                                    <text>RBC<reference value="#Observation_82419d9445b2e17121a6a4"/>
                                    </text>
                                    <statusCode code="completed"/>
                                    <effectiveTime value="201209151645-0800"/>
                                    <value xsi:type="PQ">4.81<reference value="#ObservationValue_bc4c368eabd7089b260878"/>
                                    </value>
                                    <referenceRange>
                                        <observationRange>
                                            <value xsi:type="IVL_PQ">
                                                <low value="4.70" unit="MILLION"/>
                                                <high value="6.10" unit="MILLION"/>
                                            </value>
                                        </observationRange>
                                    </referenceRange>
                                </observation>
                            </component>
                            <component>
                                <observation classCode="OBS" moodCode="EVN">
                                    <templateId root="2.16.840.1.113883.10.20.1.31"/>
                                    <templateId root="1.3.6.1.4.1.19376.1.5.3.1.4.13"/>
                                    <templateId root="2.16.840.1.113883.3.88.11.83.15.1"/>
                                    <id root="65ac2290-b2cb-4a35-a330-852d8fe50f37"/>
                                    <code code="#MCV" codeSystemName="L" displayName="MCV"/>
                                    <text>MCV<reference value="#Observation_4547b0b6dc93f6d6286003"/>
                                    </text>
                                    <statusCode code="completed"/>
                                    <effectiveTime value="201209151645-0800"/>
                                    <value xsi:type="PQ">92.2<reference value="#ObservationValue_f544459803c88ab167510b"/>
                                    </value>
                                    <referenceRange>
                                        <observationRange>
                                            <value xsi:type="IVL_PQ">
                                                <low value="83.0" unit="fl"/>
                                                <high value="99.0" unit="fl"/>
                                            </value>
                                        </observationRange>
                                    </referenceRange>
                                </observation>
                            </component>
                            <component>
                                <observation classCode="OBS" moodCode="EVN">
                                    <templateId root="2.16.840.1.113883.10.20.1.31"/>
                                    <templateId root="1.3.6.1.4.1.19376.1.5.3.1.4.13"/>
                                    <templateId root="2.16.840.1.113883.3.88.11.83.15.1"/>
                                    <id root="321c851b-2c68-4a83-9ad2-90472353b676"/>
                                    <code code="#MCH" codeSystemName="L" displayName="MCH"/>
                                    <text>MCH<reference value="#Observation_484bcebb5a0a8008e68dca"/>
                                    </text>
                                    <statusCode code="completed"/>
                                    <effectiveTime value="201209151645-0800"/>
                                    <value xsi:type="PQ">30.6<reference value="#ObservationValue_f3499a970073ffd762f431"/>
                                    </value>
                                    <referenceRange>
                                        <observationRange>
                                            <value xsi:type="IVL_PQ">
                                                <low value="27.0" unit="pg"/>
                                                <high value="32.0" unit="pg"/>
                                            </value>
                                        </observationRange>
                                    </referenceRange>
                                </observation>
                            </component>
                            <component>
                                <observation classCode="OBS" moodCode="EVN">
                                    <templateId root="2.16.840.1.113883.10.20.1.31"/>
                                    <templateId root="1.3.6.1.4.1.19376.1.5.3.1.4.13"/>
                                    <templateId root="2.16.840.1.113883.3.88.11.83.15.1"/>
                                    <id root="9d82c56c-ff60-45ae-839f-c25354b0097e"/>
                                    <code code="#MCHC" codeSystemName="L" displayName="MCHC"/>
                                    <text>MCHC<reference value="#Observation_c44d25b1f78404436cc9c9"/>
                                    </text>
                                    <statusCode code="completed"/>
                                    <effectiveTime value="201209151645-0800"/>
                                    <value xsi:type="PQ">33.3<reference value="#ObservationValue_a8474eae7d6cd3b2175409"/>
                                    </value>
                                    <referenceRange>
                                        <observationRange>
                                            <value xsi:type="IVL_PQ">
                                                <low value="32.0" unit="G/dl"/>
                                                <high value="37.0" unit="G/dl"/>
                                            </value>
                                        </observationRange>
                                    </referenceRange>
                                </observation>
                            </component>
                            <component>
                                <observation classCode="OBS" moodCode="EVN">
                                    <templateId root="2.16.840.1.113883.10.20.1.31"/>
                                    <templateId root="1.3.6.1.4.1.19376.1.5.3.1.4.13"/>
                                    <templateId root="2.16.840.1.113883.3.88.11.83.15.1"/>
                                    <id root="1d62cbdb-f432-418c-b9e1-dd1c83d2ce81"/>
                                    <code code="#RDW" codeSystemName="L" displayName="RDW"/>
                                    <text>RDW<reference value="#Observation_394aea942bce6201632166"/>
                                    </text>
                                    <statusCode code="completed"/>
                                    <effectiveTime value="201209151645-0800"/>
                                    <value xsi:type="PQ">13<reference value="#ObservationValue_734df794745844233d9c3a"/>
                                    </value>
                                    <interpretationCode code="N" codeSystem="2.16.840.1.113883.5.83" codeSystemName="Observation Interpretation" displayName="Normal"/>
                                    <referenceRange>
                                        <observationRange>
                                            <value xsi:type="IVL_PQ">
                                                <low value="11.5" unit="PERCENT"/>
                                                <high value="14.5" unit="PERCENT"/>
                                            </value>
                                        </observationRange>
                                    </referenceRange>
                                </observation>
                            </component>
                            <component>
                                <observation classCode="OBS" moodCode="EVN">
                                    <templateId root="2.16.840.1.113883.10.20.1.31"/>
                                    <templateId root="1.3.6.1.4.1.19376.1.5.3.1.4.13"/>
                                    <templateId root="2.16.840.1.113883.3.88.11.83.15.1"/>
                                    <id root="fb58ae0b-e9d4-44e6-b63a-acdfdef319ab"/>
                                    <code code="#NEUT" codeSystemName="L" displayName="NEUT"/>
                                    <text>NEUT<reference value="#Observation_e74a488281cdf224bc069e"/>
                                    </text>
                                    <statusCode code="completed"/>
                                    <effectiveTime value="201209151645-0800"/>
                                    <value xsi:type="PQ">68<reference value="#ObservationValue_e846d4a55ca1df02886685"/>
                                    </value>
                                    <interpretationCode code="N" codeSystem="2.16.840.1.113883.5.83" codeSystemName="Observation Interpretation" displayName="Normal"/>
                                    <referenceRange>
                                        <observationRange>
                                            <value xsi:type="IVL_PQ">
                                                <low value="40.0" unit="PERCENT"/>
                                                <high value="74.0" unit="PERCENT"/>
                                            </value>
                                        </observationRange>
                                    </referenceRange>
                                </observation>
                            </component>
                            <component>
                                <observation classCode="OBS" moodCode="EVN">
                                    <templateId root="2.16.840.1.113883.10.20.1.31"/>
                                    <templateId root="1.3.6.1.4.1.19376.1.5.3.1.4.13"/>
                                    <templateId root="2.16.840.1.113883.3.88.11.83.15.1"/>
                                    <id root="660b1e1b-be76-480e-a333-1aeeb858005f"/>
                                    <code code="#LYMPH" codeSystemName="L" displayName="LYMPH"/>
                                    <text>LYMPH<reference value="#Observation_99456cb3bab570ce36d175"/>
                                    </text>
                                    <statusCode code="completed"/>
                                    <effectiveTime value="201209151645-0800"/>
                                    <value xsi:type="PQ">26<reference value="#ObservationValue_e6410c889b7ed3a8dc4b73"/>
                                    </value>
                                    <interpretationCode code="N" codeSystem="2.16.840.1.113883.5.83" codeSystemName="Observation Interpretation" displayName="Normal"/>
                                    <referenceRange>
                                        <observationRange>
                                            <value xsi:type="IVL_PQ">
                                                <low value="19.0" unit="PERCENT"/>
                                                <high value="48.0" unit="PERCENT"/>
                                            </value>
                                        </observationRange>
                                    </referenceRange>
                                </observation>
                            </component>
                            <component>
                                <observation classCode="OBS" moodCode="EVN">
                                    <templateId root="2.16.840.1.113883.10.20.1.31"/>
                                    <templateId root="1.3.6.1.4.1.19376.1.5.3.1.4.13"/>
                                    <templateId root="2.16.840.1.113883.3.88.11.83.15.1"/>
                                    <id root="b260ff9a-9c20-4791-8587-d18993f2b59a"/>
                                    <code code="#MONO" codeSystemName="L" displayName="MONO"/>
                                    <text>MONO<reference value="#Observation_49451eb435ed17379e115a"/>
                                    </text>
                                    <statusCode code="completed"/>
                                    <effectiveTime value="201209151645-0800"/>
                                    <value xsi:type="PQ">8.7<reference value="#ObservationValue_6e4543a2850fefaca3f263"/>
                                    </value>
                                    <interpretationCode code="N" codeSystem="2.16.840.1.113883.5.83" codeSystemName="Observation Interpretation" displayName="Normal"/>
                                    <referenceRange>
                                        <observationRange>
                                            <value xsi:type="IVL_PQ">
                                                <low value="3.5" unit="PERCENT"/>
                                                <high value="9.0" unit="PERCENT"/>
                                            </value>
                                        </observationRange>
                                    </referenceRange>
                                </observation>
                            </component>
                            <component>
                                <observation classCode="OBS" moodCode="EVN">
                                    <templateId root="2.16.840.1.113883.10.20.1.31"/>
                                    <templateId root="1.3.6.1.4.1.19376.1.5.3.1.4.13"/>
                                    <templateId root="2.16.840.1.113883.3.88.11.83.15.1"/>
                                    <id root="3cfe6c82-0e39-4171-bd69-052f7827bfc2"/>
                                    <code code="#EOS" codeSystemName="L" displayName="EOS"/>
                                    <text>EOS<reference value="#Observation_8c424785f59a6d2e5bfbf6"/>
                                    </text>
                                    <statusCode code="completed"/>
                                    <effectiveTime value="201209151645-0800"/>
                                    <value xsi:type="PQ">0.7<reference value="#ObservationValue_734e92b258d81ecbd2bf9c"/>
                                    </value>
                                    <referenceRange>
                                        <observationRange>
                                            <value xsi:type="IVL_PQ">
                                                <low value="0.0" unit="PERCENT"/>
                                                <high value="7.0" unit="PERCENT"/>
                                            </value>
                                        </observationRange>
                                    </referenceRange>
                                </observation>
                            </component>
                            <component>
                                <observation classCode="OBS" moodCode="EVN">
                                    <templateId root="2.16.840.1.113883.10.20.1.31"/>
                                    <templateId root="1.3.6.1.4.1.19376.1.5.3.1.4.13"/>
                                    <templateId root="2.16.840.1.113883.3.88.11.83.15.1"/>
                                    <id root="53d3a3ba-73a4-46ad-a145-1491cd910141"/>
                                    <code code="#BASO" codeSystemName="L" displayName="BASO"/>
                                    <text>BASO<reference value="#Observation_85441a965052326973eef0"/>
                                    </text>
                                    <statusCode code="completed"/>
                                    <effectiveTime value="201209151645-0800"/>
                                    <value xsi:type="PQ">0.6<reference value="#ObservationValue_63473588349a8d6b76281f"/>
                                    </value>
                                    <referenceRange>
                                        <observationRange>
                                            <value xsi:type="IVL_PQ">
                                                <low value="0.0" unit="PERCENT"/>
                                                <high value="1.5" unit="PERCENT"/>
                                            </value>
                                        </observationRange>
                                    </referenceRange>
                                </observation>
                            </component>
                            <component>
                                <observation classCode="OBS" moodCode="EVN">
                                    <templateId root="2.16.840.1.113883.10.20.1.31"/>
                                    <templateId root="1.3.6.1.4.1.19376.1.5.3.1.4.13"/>
                                    <templateId root="2.16.840.1.113883.3.88.11.83.15.1"/>
                                    <id root="8f37ae17-6cc7-4344-9c0b-78807023199d"/>
                                    <code code="#LUC" codeSystemName="L" displayName="LGE UNST.CELL"/>
                                    <text>LGE UNST.CELL<reference value="#Observation_da4dff84aa950bd4790b9e"/>
                                    </text>
                                    <statusCode code="completed"/>
                                    <effectiveTime value="201209151645-0800"/>
                                    <value xsi:type="PQ">0.9<reference value="#ObservationValue_6a414f9f5c23db3a9b7105"/>
                                    </value>
                                    <referenceRange>
                                        <observationRange>
                                            <value xsi:type="IVL_PQ">
                                                <low value="0.0" unit="PERCENT"/>
                                                <high value="4.0" unit="PERCENT"/>
                                            </value>
                                        </observationRange>
                                    </referenceRange>
                                </observation>
                            </component>
                            <component>
                                <observation classCode="OBS" moodCode="EVN">
                                    <templateId root="2.16.840.1.113883.10.20.1.31"/>
                                    <templateId root="1.3.6.1.4.1.19376.1.5.3.1.4.13"/>
                                    <templateId root="2.16.840.1.113883.3.88.11.83.15.1"/>
                                    <id root="17b15fc9-08ed-48d1-944e-0f993e15f416"/>
                                    <code code="##NEUT" codeSystemName="L" displayName="NEUT ABS"/>
                                    <text>NEUT ABS<reference value="#Observation_d34a249f2890baa671c893"/>
                                    </text>
                                    <statusCode code="completed"/>
                                    <effectiveTime value="201209151645-0800"/>
                                    <value xsi:type="PQ">6.50<reference value="#ObservationValue_874c0d8dc37920bdfbccd3"/>
                                    </value>
                                    <referenceRange>
                                        <observationRange>
                                            <value xsi:type="IVL_PQ">
                                                <low value="1.90" unit="THOUSAND"/>
                                                <high value="8.00" unit="THOUSAND"/>
                                            </value>
                                        </observationRange>
                                    </referenceRange>
                                </observation>
                            </component>
                            <component>
                                <observation classCode="OBS" moodCode="EVN">
                                    <templateId root="2.16.840.1.113883.10.20.1.31"/>
                                    <templateId root="1.3.6.1.4.1.19376.1.5.3.1.4.13"/>
                                    <templateId root="2.16.840.1.113883.3.88.11.83.15.1"/>
                                    <id root="90268b9b-a226-4d98-a464-8752665ca2be"/>
                                    <code code="##LYMP" codeSystemName="L" displayName="LYMPH ABS"/>
                                    <text>LYMPH ABS<reference value="#Observation_4849b087405177d9863278"/>
                                    </text>
                                    <statusCode code="completed"/>
                                    <effectiveTime value="201209151645-0800"/>
                                    <value xsi:type="PQ">1.4<reference value="#ObservationValue_f548b8ae456e9f856b0210"/>
                                    </value>
                                    <interpretationCode code="N" codeSystem="2.16.840.1.113883.5.83" codeSystemName="Observation Interpretation" displayName="Normal"/>
                                    <referenceRange>
                                        <observationRange>
                                            <value xsi:type="IVL_PQ">
                                                <low value="0.90" unit="THOUSAND"/>
                                                <high value="5.20" unit="THOUSAND"/>
                                            </value>
                                        </observationRange>
                                    </referenceRange>
                                </observation>
                            </component>
                            <component>
                                <observation classCode="OBS" moodCode="EVN">
                                    <templateId root="2.16.840.1.113883.10.20.1.31"/>
                                    <templateId root="1.3.6.1.4.1.19376.1.5.3.1.4.13"/>
                                    <templateId root="2.16.840.1.113883.3.88.11.83.15.1"/>
                                    <id root="bca66e3c-53b5-4a99-a3f4-742c9e5cd0b2"/>
                                    <code code="##MONO" codeSystemName="L" displayName="MONO ABS"/>
                                    <text>MONO ABS<reference value="#Observation_044bfdbb68f5e4aff51c02"/>
                                    </text>
                                    <statusCode code="completed"/>
                                    <effectiveTime value="201209151645-0800"/>
                                    <value xsi:type="PQ">0.80<reference value="#ObservationValue_6c474eb74f733eb13423f7"/>
                                    </value>
                                    <referenceRange>
                                        <observationRange>
                                            <value xsi:type="IVL_PQ">
                                                <low value="0.16" unit="THOUSAND"/>
                                                <high value="1.00" unit="THOUSAND"/>
                                            </value>
                                        </observationRange>
                                    </referenceRange>
                                </observation>
                            </component>
                            <component>
                                <observation classCode="OBS" moodCode="EVN">
                                    <templateId root="2.16.840.1.113883.10.20.1.31"/>
                                    <templateId root="1.3.6.1.4.1.19376.1.5.3.1.4.13"/>
                                    <templateId root="2.16.840.1.113883.3.88.11.83.15.1"/>
                                    <id root="ace5012f-1c8f-47a9-9692-3467dfe0f7ae"/>
                                    <code code="EOS" codeSystemName="L" displayName="EOS ABS"/>
                                    <text>EOS ABS<reference value="#Observation_5b41809a7608acf255c127"/>
                                    </text>
                                    <statusCode code="completed"/>
                                    <effectiveTime value="201209151645-0800"/>
                                    <value xsi:type="PQ">0.07<reference value="#ObservationValue_894c7baa38b15bc638d515"/>
                                    </value>
                                    <referenceRange>
                                        <observationRange>
                                            <value xsi:type="IVL_PQ">
                                                <low value="0.00" unit="THOUSAND"/>
                                                <high value="0.80" unit="THOUSAND"/>
                                            </value>
                                        </observationRange>
                                    </referenceRange>
                                </observation>
                            </component>
                            <component>
                                <observation classCode="OBS" moodCode="EVN">
                                    <templateId root="2.16.840.1.113883.10.20.1.31"/>
                                    <templateId root="1.3.6.1.4.1.19376.1.5.3.1.4.13"/>
                                    <templateId root="2.16.840.1.113883.3.88.11.83.15.1"/>
                                    <id root="8ec826cb-3f76-42f3-a90d-f2a18e78e027"/>
                                    <code code="BASO" codeSystemName="L" displayName="BASO ABS"/>
                                    <text>BASO ABS<reference value="#Observation_7d4c6786e717e8efbbe4fa"/>
                                    </text>
                                    <statusCode code="completed"/>
                                    <effectiveTime value="201209151645-0800"/>
                                    <value xsi:type="PQ">0.08<reference value="#ObservationValue_3f4e9e9f5f927937cc9fc6"/>
                                    </value>
                                    <referenceRange>
                                        <observationRange>
                                            <value xsi:type="IVL_PQ">
                                                <low value="0.00" unit="THOUSAND"/>
                                                <high value="0.20" unit="THOUSAND"/>
                                            </value>
                                        </observationRange>
                                    </referenceRange>
                                </observation>
                            </component>
                            <component>
                                <observation classCode="OBS" moodCode="EVN">
                                    <templateId root="2.16.840.1.113883.10.20.1.31"/>
                                    <templateId root="1.3.6.1.4.1.19376.1.5.3.1.4.13"/>
                                    <templateId root="2.16.840.1.113883.3.88.11.83.15.1"/>
                                    <id root="ff2ad8a7-a1f5-45cf-91ac-560601b96f9b"/>
                                    <code code="##LUC" codeSystemName="L" displayName="LUC ABS"/>
                                    <text>LUC ABS<reference value="#Observation_16437f8f48d1afee31a83c"/>
                                    </text>
                                    <statusCode code="completed"/>
                                    <effectiveTime value="201209151645-0800"/>
                                    <value xsi:type="PQ">0.07<reference value="#ObservationValue_6c49b9a356481592990e0d"/>
                                    </value>
                                    <referenceRange>
                                        <observationRange>
                                            <value xsi:type="IVL_PQ">
                                                <low value="0.00" unit="THOUSAND"/>
                                                <high value="0.40" unit="THOUSAND"/>
                                            </value>
                                        </observationRange>
                                    </referenceRange>
                                </observation>
                            </component>
                            <component>
                                <observation classCode="OBS" moodCode="EVN">
                                    <templateId root="2.16.840.1.113883.10.20.1.31"/>
                                    <templateId root="1.3.6.1.4.1.19376.1.5.3.1.4.13"/>
                                    <templateId root="2.16.840.1.113883.3.88.11.83.15.1"/>
                                    <id root="de52bdb2-44e9-41e5-9344-4ed24669ac8b"/>
                                    <code code="#MNBND" codeSystemName="L" displayName="MAN BAND NEUT"/>
                                    <text>MAN BAND NEUT<reference value="#Observation_1446cb933e1885df326837"/>
                                    </text>
                                    <statusCode code="completed"/>
                                    <effectiveTime value="201209151645-0800"/>
                                    <value xsi:type="PQ">6<reference value="#ObservationValue_454fedba80f8c2425ba79a"/>
                                    </value>
                                    <interpretationCode code="N" codeSystem="2.16.840.1.113883.5.83" codeSystemName="Observation Interpretation" displayName="Normal"/>
                                    <referenceRange>
                                        <observationRange>
                                            <value xsi:type="IVL_PQ">
                                                <low value="0" unit="PERCENT"/>
                                                <high value="8" unit="PERCENT"/>
                                            </value>
                                        </observationRange>
                                    </referenceRange>
                                </observation>
                            </component>
                            <component>
                                <observation classCode="OBS" moodCode="EVN">
                                    <templateId root="2.16.840.1.113883.10.20.1.31"/>
                                    <templateId root="1.3.6.1.4.1.19376.1.5.3.1.4.13"/>
                                    <templateId root="2.16.840.1.113883.3.88.11.83.15.1"/>
                                    <id root="0a050297-0a2b-4ada-af49-c5f502718216"/>
                                    <code code="#MNSEG" codeSystemName="L" displayName="MAN SEG NEUT"/>
                                    <text>MAN SEG NEUT<reference value="#Observation_d24d838d9d2a3d8484a8d2"/>
                                    </text>
                                    <statusCode code="completed"/>
                                    <effectiveTime value="201209151645-0800"/>
                                    <value xsi:type="PQ">70<reference value="#ObservationValue_f34e89a4853f2c2bef644a"/>
                                    </value>
                                    <referenceRange>
                                        <observationRange>
                                            <value xsi:type="IVL_PQ">
                                                <low value="40" unit="PERCENT"/>
                                                <high value="74" unit="PERCENT"/>
                                            </value>
                                        </observationRange>
                                    </referenceRange>
                                </observation>
                            </component>
                            <component>
                                <observation classCode="OBS" moodCode="EVN">
                                    <templateId root="2.16.840.1.113883.10.20.1.31"/>
                                    <templateId root="1.3.6.1.4.1.19376.1.5.3.1.4.13"/>
                                    <templateId root="2.16.840.1.113883.3.88.11.83.15.1"/>
                                    <id root="9e83c6ed-cd3b-47d0-86ec-43a087b0c6b7"/>
                                    <code code="#MNLYM" codeSystemName="L" displayName="MAN LYMPH"/>
                                    <text>MAN LYMPH<reference value="#Observation_304eb0933f247a5eaa6055"/>
                                    </text>
                                    <statusCode code="completed"/>
                                    <effectiveTime value="201209151645-0800"/>
                                    <value xsi:type="PQ">21<reference value="#ObservationValue_d1426a97c54969422bf54f"/>
                                    </value>
                                    <interpretationCode code="N" codeSystem="2.16.840.1.113883.5.83" codeSystemName="Observation Interpretation" displayName="Normal"/>
                                    <referenceRange>
                                        <observationRange>
                                            <value xsi:type="IVL_PQ">
                                                <low value="19" unit="PERCENT"/>
                                                <high value="48" unit="PERCENT"/>
                                            </value>
                                        </observationRange>
                                    </referenceRange>
                                </observation>
                            </component>
                            <component>
                                <observation classCode="OBS" moodCode="EVN">
                                    <templateId root="2.16.840.1.113883.10.20.1.31"/>
                                    <templateId root="1.3.6.1.4.1.19376.1.5.3.1.4.13"/>
                                    <templateId root="2.16.840.1.113883.3.88.11.83.15.1"/>
                                    <id root="b082a8c0-26df-488e-a838-e05fc587e561"/>
                                    <code code="#MNMNO" codeSystemName="L" displayName="MAN MONO"/>
                                    <text>MAN MONO<reference value="#Observation_8b46cdb9327026abef2f83"/>
                                    </text>
                                    <statusCode code="completed"/>
                                    <effectiveTime value="201209151645-0800"/>
                                    <value xsi:type="PQ">8<reference value="#ObservationValue_524584b0731dae72d569e5"/>
                                    </value>
                                    <referenceRange>
                                        <observationRange>
                                            <value xsi:type="IVL_PQ">
                                                <low value="4" unit="PERCENT"/>
                                                <high value="9" unit="PERCENT"/>
                                            </value>
                                        </observationRange>
                                    </referenceRange>
                                </observation>
                            </component>
                            <component>
                                <observation classCode="OBS" moodCode="EVN">
                                    <templateId root="2.16.840.1.113883.10.20.1.31"/>
                                    <templateId root="1.3.6.1.4.1.19376.1.5.3.1.4.13"/>
                                    <templateId root="2.16.840.1.113883.3.88.11.83.15.1"/>
                                    <id root="af2b2fa1-041d-411f-844c-0f44be93f478"/>
                                    <code code="#MNEOS" codeSystemName="L" displayName="MAN EOS"/>
                                    <text>MAN EOS<reference value="#Observation_b148198315fc9a2be9f70e"/>
                                    </text>
                                    <statusCode code="completed"/>
                                    <effectiveTime value="201209151645-0800"/>
                                    <value xsi:type="PQ">3<reference value="#ObservationValue_f749239761fc7ecf9fbaf1"/>
                                    </value>
                                    <referenceRange>
                                        <observationRange>
                                            <value xsi:type="IVL_PQ">
                                                <low value="0" unit="PERCENT"/>
                                                <high value="7" unit="PERCENT"/>
                                            </value>
                                        </observationRange>
                                    </referenceRange>
                                </observation>
                            </component>
                            <component>
                                <observation classCode="OBS" moodCode="EVN">
                                    <templateId root="2.16.840.1.113883.10.20.1.31"/>
                                    <templateId root="1.3.6.1.4.1.19376.1.5.3.1.4.13"/>
                                    <templateId root="2.16.840.1.113883.3.88.11.83.15.1"/>
                                    <id root="67828049-e638-43de-961b-bf31f1269df6"/>
                                    <code code="#MNBAS" codeSystemName="L" displayName="MAN BASO"/>
                                    <text>MAN BASO<reference value="#Observation_394c85837c7427860dd088"/>
                                    </text>
                                    <statusCode code="completed"/>
                                    <effectiveTime value="201209151645-0800"/>
                                    <value xsi:type="PQ">0<reference value="#ObservationValue_7a4cde8c02d5045bec2f70"/>
                                    </value>
                                    <referenceRange>
                                        <observationRange>
                                            <value xsi:type="IVL_PQ">
                                                <low value="0" unit="PERCENT"/>
                                                <high value="2" unit="PERCENT"/>
                                            </value>
                                        </observationRange>
                                    </referenceRange>
                                </observation>
                            </component>
                            <component>
                                <observation classCode="OBS" moodCode="EVN">
                                    <templateId root="2.16.840.1.113883.10.20.1.31"/>
                                    <templateId root="1.3.6.1.4.1.19376.1.5.3.1.4.13"/>
                                    <templateId root="2.16.840.1.113883.3.88.11.83.15.1"/>
                                    <id root="3c8d9516-b64f-4fee-897d-b2e470f163eb"/>
                                    <code code="#MNMET" codeSystemName="L" displayName="MAN METAMYL"/>
                                    <text>MAN METAMYL<reference value="#Observation_b04221bffb5fdb3287c3b4"/>
                                    </text>
                                    <statusCode code="completed"/>
                                    <effectiveTime value="201209151645-0800"/>
                                    <value xsi:type="PQ">0<reference value="#ObservationValue_fc4db48dddcae5c1808b1e"/>
                                    </value>
                                    <referenceRange>
                                        <observationRange>
                                            <value xsi:type="IVL_PQ">
                                                <low value="0" unit="PERCENT"/>
                                                <high value="1" unit="PERCENT"/>
                                            </value>
                                        </observationRange>
                                    </referenceRange>
                                </observation>
                            </component>
                            <component>
                                <observation classCode="OBS" moodCode="EVN">
                                    <templateId root="2.16.840.1.113883.10.20.1.31"/>
                                    <templateId root="1.3.6.1.4.1.19376.1.5.3.1.4.13"/>
                                    <templateId root="2.16.840.1.113883.3.88.11.83.15.1"/>
                                    <id root="fed2ee21-d5af-4f52-931f-42d293441c4d"/>
                                    <code code="#MNMYL" codeSystemName="L" displayName="MAN MYELOCYTE"/>
                                    <text>MAN MYELOCYTE<reference value="#Observation_a940e88da8b12a0b535ab5"/>
                                    </text>
                                    <statusCode code="completed"/>
                                    <effectiveTime value="201209151645-0800"/>
                                    <value xsi:type="PQ">0<reference value="#ObservationValue_cf45a188bbac328e2c85a2"/>
                                    </value>
                                    <referenceRange>
                                        <observationRange>
                                            <value xsi:type="IVL_PQ">
                                                <low value="0" unit="PERCENT"/>
                                                <high value="1" unit="PERCENT"/>
                                            </value>
                                        </observationRange>
                                    </referenceRange>
                                </observation>
                            </component>
                            <component>
                                <observation classCode="OBS" moodCode="EVN">
                                    <templateId root="2.16.840.1.113883.10.20.1.31"/>
                                    <templateId root="1.3.6.1.4.1.19376.1.5.3.1.4.13"/>
                                    <templateId root="2.16.840.1.113883.3.88.11.83.15.1"/>
                                    <id root="9d96f3ca-9fed-45d1-9d12-dfee4681a4e6"/>
                                    <code code="#MNPRO" codeSystemName="L" displayName="MAN PROMYELO"/>
                                    <text>MAN PROMYELO<reference value="#Observation_184ec491c1fd90c52e1528"/>
                                    </text>
                                    <statusCode code="completed"/>
                                    <effectiveTime value="201209151645-0800"/>
                                    <value xsi:type="PQ">0<reference value="#ObservationValue_c441a09fea8b1e9ab208c1"/>
                                    </value>
                                    <referenceRange>
                                        <observationRange>
                                            <value xsi:type="IVL_PQ">
                                                <low value="0" unit="PERCENT"/>
                                                <high value="0" unit="PERCENT"/>
                                            </value>
                                        </observationRange>
                                    </referenceRange>
                                </observation>
                            </component>
                            <component>
                                <observation classCode="OBS" moodCode="EVN">
                                    <templateId root="2.16.840.1.113883.10.20.1.31"/>
                                    <templateId root="1.3.6.1.4.1.19376.1.5.3.1.4.13"/>
                                    <templateId root="2.16.840.1.113883.3.88.11.83.15.1"/>
                                    <id root="9af9be5c-6f05-4a87-95d1-d0bd1c2a1410"/>
                                    <code code="#MNBLS" codeSystemName="L" displayName="MAN BLASTS"/>
                                    <text>MAN BLASTS<reference value="#Observation_96435f86d626923a20e04c"/>
                                    </text>
                                    <statusCode code="completed"/>
                                    <effectiveTime value="201209151645-0800"/>
                                    <value xsi:type="PQ">0<reference value="#ObservationValue_75442cbae2061c1fb7ab61"/>
                                    </value>
                                    <referenceRange>
                                        <observationRange>
                                            <value xsi:type="IVL_PQ">
                                                <low value="0" unit="PERCENT"/>
                                                <high value="0" unit="PERCENT"/>
                                            </value>
                                        </observationRange>
                                    </referenceRange>
                                </observation>
                            </component>
                            <component>
                                <observation classCode="OBS" moodCode="EVN">
                                    <templateId root="2.16.840.1.113883.10.20.1.31"/>
                                    <templateId root="1.3.6.1.4.1.19376.1.5.3.1.4.13"/>
                                    <templateId root="2.16.840.1.113883.3.88.11.83.15.1"/>
                                    <id root="611d1633-72c5-4daa-b4d2-ea9fa3399e88"/>
                                    <code code="#ESPLT" codeSystemName="L" displayName="PLATELET (EST)"/>
                                    <text>PLATELET (EST)<reference value="#Observation_814574bdc1ae9d77d4ab88"/>
                                    </text>
                                    <statusCode code="completed"/>
                                    <effectiveTime value="201209151645-0800"/>
                                    <value xsi:type="ED">10-12<reference value="#ObservationValue_c643e4922885287d05e951"/>
                                    </value>
                                    <entryRelationship typeCode="SUBJ" inversionInd="true">
                                        <act classCode="ACT" moodCode="EVN">
                                            <templateId root="2.16.840.1.113883.10.20.1.40"/>
                                            <templateId root="2.16.840.1.113883.3.88.11.83.11"/>
                                            <templateId root="1.3.6.1.4.1.19376.1.5.3.1.4.2"/>
                                            <code code="48767-8" codeSystem="2.16.840.1.113883.6.1" codeSystemName="LOINC" displayName="Annotation Comment"/>
                                            <text>PLATELET COUNT CONSISTENT  WITH SLIDE REVIEW ESPLT  EACH PLATELET PER OIL IMMERSION FIELD REPRESENTS APPROXIMATELY        TWENTY THOUSAND PLATELETS PER CUBIC MILLIMETER.<reference value="Comment_bb4d40b0ffa021d3815e1b"/>
                                            </text>
                                            <statusCode code="completed"/>
                                        </act>
                                    </entryRelationship>
                                    <referenceRange>
                                        <observationRange>
                                            <value xsi:type="IVL_PQ">
                                                <low value="7" unit="PER_OIF"/>
                                                <high value="20" unit="PER_OIF"/>
                                            </value>
                                        </observationRange>
                                    </referenceRange>
                                </observation>
                            </component>
                        </organizer>
                    </entry>
                    <entry>
                        <organizer classCode="BATTERY" moodCode="EVN">
                            <templateId root="2.16.840.1.113883.10.20.1.32"/>
                            <id root="541bbe20-5806-4d14-9fec-c0f6f3d5e92d"/>
                            <code code="CBC" codeSystemName="L" displayName="CBC">
                                <translation code="LAB"/>
                            </code>
                            <statusCode code="completed"/>
                            <component>
                                <procedure classCode="PROC" moodCode="EVN">
                                    <templateId root="2.16.840.1.113883.10.20.1.29"/>
                                    <templateId root="1.3.6.1.4.1.19376.1.5.3.1.4.19"/>
                                    <templateId root="2.16.840.1.113883.3.88.11.83.17"/>
                                    <id root="7ad5cd2d-aae1-425d-93a9-33e973d5a12d"/>
                                    <code nullFlavor="NI">
                                        <originalText>CBC</originalText>
                                    </code>
                                    <text>CBC</text>
                                    <statusCode code="completed"/>
                                    <effectiveTime>
                                        <low value="201209221645-0800"/>
                                    </effectiveTime>
                                    <priorityCode code="S" codeSystem="2.16.840.1.113883.3.88.12.80.71" codeSystemName="Order Priority" displayName="Stat"/>
                                    <participant typeCode="RESP" contextControlCode="OP">
                                        <participantRole>
                                            <addr nullFlavor="NI"/>
                                            <playingEntity>
                                                <name>
                                                    <given>Unnamed</given>
                                                    <family>User</family>
                                                </name>
                                            </playingEntity>
                                        </participantRole>
                                    </participant>
                                    <participant typeCode="ATND" contextControlCode="OP">
                                        <participantRole>
                                            <addr nullFlavor="NI"/>
                                            <playingEntity>
                                                <name>
                                                    <given>Test</given>
                                                    <family>Userone</family>
                                                </name>
                                            </playingEntity>
                                        </participantRole>
                                    </participant>
                                    <participant typeCode="ADM" contextControlCode="OP">
                                        <participantRole>
                                            <addr nullFlavor="NI"/>
                                            <playingEntity>
                                                <name>
                                                    <given>Test</given>
                                                    <family>Faxuser</family>
                                                </name>
                                            </playingEntity>
                                        </participantRole>
                                    </participant>
                                    <participant typeCode="REF" contextControlCode="OP">
                                        <participantRole>
                                            <addr nullFlavor="NI"/>
                                            <playingEntity>
                                                <name>
                                                    <given>Test</given>
                                                    <family>Faxuser</family>
                                                </name>
                                            </playingEntity>
                                        </participantRole>
                                    </participant>
                                    <participant typeCode="ORG" contextControlCode="OP">
                                        <participantRole>
                                            <addr nullFlavor="NI"/>
                                            <telecom nullFlavor="NI"/>
                                            <playingEntity>
                                                <name>UniLab</name>
                                            </playingEntity>
                                        </participantRole>
                                    </participant>
                                </procedure>
                            </component>
                            <component>
                                <observation classCode="OBS" moodCode="EVN">
                                    <templateId root="2.16.840.1.113883.10.20.1.31"/>
                                    <templateId root="1.3.6.1.4.1.19376.1.5.3.1.4.13"/>
                                    <templateId root="2.16.840.1.113883.3.88.11.83.15.1"/>
                                    <id root="f5d9801c-0321-4687-a68e-89c6c4edab69"/>
                                    <code code="#WBC" codeSystemName="L" displayName="WBC"/>
                                    <text>WBC<reference value="#Observation_9a48c8845fd07601a62b7a"/>
                                    </text>
                                    <statusCode code="completed"/>
                                    <effectiveTime value="201209221645-0800"/>
                                    <value xsi:type="PQ">8.13<reference value="#ObservationValue_5248ada4f6cae671980930"/>
                                    </value>
                                    <referenceRange>
                                        <observationRange>
                                            <value xsi:type="IVL_PQ">
                                                <low value="4.80" unit="THOUSAND"/>
                                                <high value="10.80" unit="THOUSAND"/>
                                            </value>
                                        </observationRange>
                                    </referenceRange>
                                </observation>
                            </component>
                            <component>
                                <observation classCode="OBS" moodCode="EVN">
                                    <templateId root="2.16.840.1.113883.10.20.1.31"/>
                                    <templateId root="1.3.6.1.4.1.19376.1.5.3.1.4.13"/>
                                    <templateId root="2.16.840.1.113883.3.88.11.83.15.1"/>
                                    <id root="e5b22625-f2df-403f-a978-28a00ee1a90c"/>
                                    <code code="#HGB" codeSystemName="L" displayName="HGB"/>
                                    <text>HGB<reference value="#Observation_5244b7a692d333acc0662a"/>
                                    </text>
                                    <statusCode code="completed"/>
                                    <effectiveTime value="201209221645-0800"/>
                                    <value xsi:type="PQ">14.4<reference value="#ObservationValue_e244bbb6d2cc511a619325"/>
                                    </value>
                                    <referenceRange>
                                        <observationRange>
                                            <value xsi:type="IVL_PQ">
                                                <low value="14.0" unit="G/dl"/>
                                                <high value="18.0" unit="G/dl"/>
                                            </value>
                                        </observationRange>
                                    </referenceRange>
                                </observation>
                            </component>
                            <component>
                                <observation classCode="OBS" moodCode="EVN">
                                    <templateId root="2.16.840.1.113883.10.20.1.31"/>
                                    <templateId root="1.3.6.1.4.1.19376.1.5.3.1.4.13"/>
                                    <templateId root="2.16.840.1.113883.3.88.11.83.15.1"/>
                                    <id root="3a3aa3a4-5e5b-4758-867f-e80cabb677f7"/>
                                    <code code="#HCT" codeSystemName="L" displayName="HCT"/>
                                    <text>HCT<reference value="#Observation_704ca6959ac1a90a26081a"/>
                                    </text>
                                    <statusCode code="completed"/>
                                    <effectiveTime value="201209221645-0800"/>
                                    <value xsi:type="PQ">44.2<reference value="#ObservationValue_4742b095615b499f92be06"/>
                                    </value>
                                    <referenceRange>
                                        <observationRange>
                                            <value xsi:type="IVL_PQ">
                                                <low value="42.0" unit="PERCENT"/>
                                                <high value="54.0" unit="PERCENT"/>
                                            </value>
                                        </observationRange>
                                    </referenceRange>
                                </observation>
                            </component>
                            <component>
                                <observation classCode="OBS" moodCode="EVN">
                                    <templateId root="2.16.840.1.113883.10.20.1.31"/>
                                    <templateId root="1.3.6.1.4.1.19376.1.5.3.1.4.13"/>
                                    <templateId root="2.16.840.1.113883.3.88.11.83.15.1"/>
                                    <id root="3a7317ee-6fef-413f-a2a8-e29bc24d9d2a"/>
                                    <code code="#PLT" codeSystemName="L" displayName="PLATELETS"/>
                                    <text>PLATELETS<reference value="#Observation_634eebb4ede9031ca05595"/>
                                    </text>
                                    <statusCode code="completed"/>
                                    <effectiveTime value="201209221645-0800"/>
                                    <value xsi:type="PQ">137<reference value="#ObservationValue_6940ab93e936e2a259887a"/>
                                    </value>
                                    <interpretationCode code="N" codeSystem="2.16.840.1.113883.5.83" codeSystemName="Observation Interpretation" displayName="Normal"/>
                                    <referenceRange>
                                        <observationRange>
                                            <value xsi:type="IVL_PQ">
                                                <low value="130" unit="THOUSAND"/>
                                                <high value="400" unit="THOUSAND"/>
                                            </value>
                                        </observationRange>
                                    </referenceRange>
                                </observation>
                            </component>
                            <component>
                                <observation classCode="OBS" moodCode="EVN">
                                    <templateId root="2.16.840.1.113883.10.20.1.31"/>
                                    <templateId root="1.3.6.1.4.1.19376.1.5.3.1.4.13"/>
                                    <templateId root="2.16.840.1.113883.3.88.11.83.15.1"/>
                                    <id root="e206c135-009e-4253-b44c-d7e0c585f7ea"/>
                                    <code code="#RBC" codeSystemName="L" displayName="RBC"/>
                                    <text>RBC<reference value="#Observation_82419d9445b2e17121a6a4"/>
                                    </text>
                                    <statusCode code="completed"/>
                                    <effectiveTime value="201209221645-0800"/>
                                    <value xsi:type="PQ">4.81<reference value="#ObservationValue_bc4c368eabd7089b260878"/>
                                    </value>
                                    <referenceRange>
                                        <observationRange>
                                            <value xsi:type="IVL_PQ">
                                                <low value="4.70" unit="MILLION"/>
                                                <high value="6.10" unit="MILLION"/>
                                            </value>
                                        </observationRange>
                                    </referenceRange>
                                </observation>
                            </component>
                            <component>
                                <observation classCode="OBS" moodCode="EVN">
                                    <templateId root="2.16.840.1.113883.10.20.1.31"/>
                                    <templateId root="1.3.6.1.4.1.19376.1.5.3.1.4.13"/>
                                    <templateId root="2.16.840.1.113883.3.88.11.83.15.1"/>
                                    <id root="65ac2290-b2cb-4a35-a330-852d8fe50f37"/>
                                    <code code="#MCV" codeSystemName="L" displayName="MCV"/>
                                    <text>MCV<reference value="#Observation_4547b0b6dc93f6d6286003"/>
                                    </text>
                                    <statusCode code="completed"/>
                                    <effectiveTime value="201209221645-0800"/>
                                    <value xsi:type="PQ">92.2<reference value="#ObservationValue_f544459803c88ab167510b"/>
                                    </value>
                                    <referenceRange>
                                        <observationRange>
                                            <value xsi:type="IVL_PQ">
                                                <low value="83.0" unit="fl"/>
                                                <high value="99.0" unit="fl"/>
                                            </value>
                                        </observationRange>
                                    </referenceRange>
                                </observation>
                            </component>
                            <component>
                                <observation classCode="OBS" moodCode="EVN">
                                    <templateId root="2.16.840.1.113883.10.20.1.31"/>
                                    <templateId root="1.3.6.1.4.1.19376.1.5.3.1.4.13"/>
                                    <templateId root="2.16.840.1.113883.3.88.11.83.15.1"/>
                                    <id root="321c851b-2c68-4a83-9ad2-90472353b676"/>
                                    <code code="#MCH" codeSystemName="L" displayName="MCH"/>
                                    <text>MCH<reference value="#Observation_484bcebb5a0a8008e68dca"/>
                                    </text>
                                    <statusCode code="completed"/>
                                    <effectiveTime value="201209221645-0800"/>
                                    <value xsi:type="PQ">30.6<reference value="#ObservationValue_f3499a970073ffd762f431"/>
                                    </value>
                                    <referenceRange>
                                        <observationRange>
                                            <value xsi:type="IVL_PQ">
                                                <low value="27.0" unit="pg"/>
                                                <high value="32.0" unit="pg"/>
                                            </value>
                                        </observationRange>
                                    </referenceRange>
                                </observation>
                            </component>
                            <component>
                                <observation classCode="OBS" moodCode="EVN">
                                    <templateId root="2.16.840.1.113883.10.20.1.31"/>
                                    <templateId root="1.3.6.1.4.1.19376.1.5.3.1.4.13"/>
                                    <templateId root="2.16.840.1.113883.3.88.11.83.15.1"/>
                                    <id root="9d82c56c-ff60-45ae-839f-c25354b0097e"/>
                                    <code code="#MCHC" codeSystemName="L" displayName="MCHC"/>
                                    <text>MCHC<reference value="#Observation_c44d25b1f78404436cc9c9"/>
                                    </text>
                                    <statusCode code="completed"/>
                                    <effectiveTime value="201209221645-0800"/>
                                    <value xsi:type="PQ">33.3<reference value="#ObservationValue_a8474eae7d6cd3b2175409"/>
                                    </value>
                                    <referenceRange>
                                        <observationRange>
                                            <value xsi:type="IVL_PQ">
                                                <low value="32.0" unit="G/dl"/>
                                                <high value="37.0" unit="G/dl"/>
                                            </value>
                                        </observationRange>
                                    </referenceRange>
                                </observation>
                            </component>
                            <component>
                                <observation classCode="OBS" moodCode="EVN">
                                    <templateId root="2.16.840.1.113883.10.20.1.31"/>
                                    <templateId root="1.3.6.1.4.1.19376.1.5.3.1.4.13"/>
                                    <templateId root="2.16.840.1.113883.3.88.11.83.15.1"/>
                                    <id root="1d62cbdb-f432-418c-b9e1-dd1c83d2ce81"/>
                                    <code code="#RDW" codeSystemName="L" displayName="RDW"/>
                                    <text>RDW<reference value="#Observation_394aea942bce6201632166"/>
                                    </text>
                                    <statusCode code="completed"/>
                                    <effectiveTime value="201209221645-0800"/>
                                    <value xsi:type="PQ">13<reference value="#ObservationValue_734df794745844233d9c3a"/>
                                    </value>
                                    <interpretationCode code="N" codeSystem="2.16.840.1.113883.5.83" codeSystemName="Observation Interpretation" displayName="Normal"/>
                                    <referenceRange>
                                        <observationRange>
                                            <value xsi:type="IVL_PQ">
                                                <low value="11.5" unit="PERCENT"/>
                                                <high value="14.5" unit="PERCENT"/>
                                            </value>
                                        </observationRange>
                                    </referenceRange>
                                </observation>
                            </component>
                            <component>
                                <observation classCode="OBS" moodCode="EVN">
                                    <templateId root="2.16.840.1.113883.10.20.1.31"/>
                                    <templateId root="1.3.6.1.4.1.19376.1.5.3.1.4.13"/>
                                    <templateId root="2.16.840.1.113883.3.88.11.83.15.1"/>
                                    <id root="fb58ae0b-e9d4-44e6-b63a-acdfdef319ab"/>
                                    <code code="#NEUT" codeSystemName="L" displayName="NEUT"/>
                                    <text>NEUT<reference value="#Observation_e74a488281cdf224bc069e"/>
                                    </text>
                                    <statusCode code="completed"/>
                                    <effectiveTime value="201209221645-0800"/>
                                    <value xsi:type="PQ">68<reference value="#ObservationValue_e846d4a55ca1df02886685"/>
                                    </value>
                                    <interpretationCode code="N" codeSystem="2.16.840.1.113883.5.83" codeSystemName="Observation Interpretation" displayName="Normal"/>
                                    <referenceRange>
                                        <observationRange>
                                            <value xsi:type="IVL_PQ">
                                                <low value="40.0" unit="PERCENT"/>
                                                <high value="74.0" unit="PERCENT"/>
                                            </value>
                                        </observationRange>
                                    </referenceRange>
                                </observation>
                            </component>
                            <component>
                                <observation classCode="OBS" moodCode="EVN">
                                    <templateId root="2.16.840.1.113883.10.20.1.31"/>
                                    <templateId root="1.3.6.1.4.1.19376.1.5.3.1.4.13"/>
                                    <templateId root="2.16.840.1.113883.3.88.11.83.15.1"/>
                                    <id root="660b1e1b-be76-480e-a333-1aeeb858005f"/>
                                    <code code="#LYMPH" codeSystemName="L" displayName="LYMPH"/>
                                    <text>LYMPH<reference value="#Observation_99456cb3bab570ce36d175"/>
                                    </text>
                                    <statusCode code="completed"/>
                                    <effectiveTime value="201209221645-0800"/>
                                    <value xsi:type="PQ">27<reference value="#ObservationValue_e6410c889b7ed3a8dc4b73"/>
                                    </value>
                                    <interpretationCode code="N" codeSystem="2.16.840.1.113883.5.83" codeSystemName="Observation Interpretation" displayName="Normal"/>
                                    <referenceRange>
                                        <observationRange>
                                            <value xsi:type="IVL_PQ">
                                                <low value="19.0" unit="PERCENT"/>
                                                <high value="48.0" unit="PERCENT"/>
                                            </value>
                                        </observationRange>
                                    </referenceRange>
                                </observation>
                            </component>
                            <component>
                                <observation classCode="OBS" moodCode="EVN">
                                    <templateId root="2.16.840.1.113883.10.20.1.31"/>
                                    <templateId root="1.3.6.1.4.1.19376.1.5.3.1.4.13"/>
                                    <templateId root="2.16.840.1.113883.3.88.11.83.15.1"/>
                                    <id root="b260ff9a-9c20-4791-8587-d18993f2b59a"/>
                                    <code code="#MONO" codeSystemName="L" displayName="MONO"/>
                                    <text>MONO<reference value="#Observation_49451eb435ed17379e115a"/>
                                    </text>
                                    <statusCode code="completed"/>
                                    <effectiveTime value="201209221645-0800"/>
                                    <value xsi:type="PQ">8.7<reference value="#ObservationValue_6e4543a2850fefaca3f263"/>
                                    </value>
                                    <interpretationCode code="N" codeSystem="2.16.840.1.113883.5.83" codeSystemName="Observation Interpretation" displayName="Normal"/>
                                    <referenceRange>
                                        <observationRange>
                                            <value xsi:type="IVL_PQ">
                                                <low value="3.5" unit="PERCENT"/>
                                                <high value="9.0" unit="PERCENT"/>
                                            </value>
                                        </observationRange>
                                    </referenceRange>
                                </observation>
                            </component>
                            <component>
                                <observation classCode="OBS" moodCode="EVN">
                                    <templateId root="2.16.840.1.113883.10.20.1.31"/>
                                    <templateId root="1.3.6.1.4.1.19376.1.5.3.1.4.13"/>
                                    <templateId root="2.16.840.1.113883.3.88.11.83.15.1"/>
                                    <id root="3cfe6c82-0e39-4171-bd69-052f7827bfc2"/>
                                    <code code="#EOS" codeSystemName="L" displayName="EOS"/>
                                    <text>EOS<reference value="#Observation_8c424785f59a6d2e5bfbf6"/>
                                    </text>
                                    <statusCode code="completed"/>
                                    <effectiveTime value="201209221645-0800"/>
                                    <value xsi:type="PQ">0.7<reference value="#ObservationValue_734e92b258d81ecbd2bf9c"/>
                                    </value>
                                    <referenceRange>
                                        <observationRange>
                                            <value xsi:type="IVL_PQ">
                                                <low value="0.0" unit="PERCENT"/>
                                                <high value="7.0" unit="PERCENT"/>
                                            </value>
                                        </observationRange>
                                    </referenceRange>
                                </observation>
                            </component>
                            <component>
                                <observation classCode="OBS" moodCode="EVN">
                                    <templateId root="2.16.840.1.113883.10.20.1.31"/>
                                    <templateId root="1.3.6.1.4.1.19376.1.5.3.1.4.13"/>
                                    <templateId root="2.16.840.1.113883.3.88.11.83.15.1"/>
                                    <id root="53d3a3ba-73a4-46ad-a145-1491cd910141"/>
                                    <code code="#BASO" codeSystemName="L" displayName="BASO"/>
                                    <text>BASO<reference value="#Observation_85441a965052326973eef0"/>
                                    </text>
                                    <statusCode code="completed"/>
                                    <effectiveTime value="201209221645-0800"/>
                                    <value xsi:type="PQ">0.6<reference value="#ObservationValue_63473588349a8d6b76281f"/>
                                    </value>
                                    <referenceRange>
                                        <observationRange>
                                            <value xsi:type="IVL_PQ">
                                                <low value="0.0" unit="PERCENT"/>
                                                <high value="1.5" unit="PERCENT"/>
                                            </value>
                                        </observationRange>
                                    </referenceRange>
                                </observation>
                            </component>
                            <component>
                                <observation classCode="OBS" moodCode="EVN">
                                    <templateId root="2.16.840.1.113883.10.20.1.31"/>
                                    <templateId root="1.3.6.1.4.1.19376.1.5.3.1.4.13"/>
                                    <templateId root="2.16.840.1.113883.3.88.11.83.15.1"/>
                                    <id root="8f37ae17-6cc7-4344-9c0b-78807023199d"/>
                                    <code code="#LUC" codeSystemName="L" displayName="LGE UNST.CELL"/>
                                    <text>LGE UNST.CELL<reference value="#Observation_da4dff84aa950bd4790b9e"/>
                                    </text>
                                    <statusCode code="completed"/>
                                    <effectiveTime value="201209221645-0800"/>
                                    <value xsi:type="PQ">0.9<reference value="#ObservationValue_6a414f9f5c23db3a9b7105"/>
                                    </value>
                                    <referenceRange>
                                        <observationRange>
                                            <value xsi:type="IVL_PQ">
                                                <low value="0.0" unit="PERCENT"/>
                                                <high value="4.0" unit="PERCENT"/>
                                            </value>
                                        </observationRange>
                                    </referenceRange>
                                </observation>
                            </component>
                            <component>
                                <observation classCode="OBS" moodCode="EVN">
                                    <templateId root="2.16.840.1.113883.10.20.1.31"/>
                                    <templateId root="1.3.6.1.4.1.19376.1.5.3.1.4.13"/>
                                    <templateId root="2.16.840.1.113883.3.88.11.83.15.1"/>
                                    <id root="17b15fc9-08ed-48d1-944e-0f993e15f416"/>
                                    <code code="##NEUT" codeSystemName="L" displayName="NEUT ABS"/>
                                    <text>NEUT ABS<reference value="#Observation_d34a249f2890baa671c893"/>
                                    </text>
                                    <statusCode code="completed"/>
                                    <effectiveTime value="201209221645-0800"/>
                                    <value xsi:type="PQ">6.50<reference value="#ObservationValue_874c0d8dc37920bdfbccd3"/>
                                    </value>
                                    <referenceRange>
                                        <observationRange>
                                            <value xsi:type="IVL_PQ">
                                                <low value="1.90" unit="THOUSAND"/>
                                                <high value="8.00" unit="THOUSAND"/>
                                            </value>
                                        </observationRange>
                                    </referenceRange>
                                </observation>
                            </component>
                            <component>
                                <observation classCode="OBS" moodCode="EVN">
                                    <templateId root="2.16.840.1.113883.10.20.1.31"/>
                                    <templateId root="1.3.6.1.4.1.19376.1.5.3.1.4.13"/>
                                    <templateId root="2.16.840.1.113883.3.88.11.83.15.1"/>
                                    <id root="90268b9b-a226-4d98-a464-8752665ca2be"/>
                                    <code code="##LYMP" codeSystemName="L" displayName="LYMPH ABS"/>
                                    <text>LYMPH ABS<reference value="#Observation_4849b087405177d9863278"/>
                                    </text>
                                    <statusCode code="completed"/>
                                    <effectiveTime value="201209221645-0800"/>
                                    <value xsi:type="PQ">1.4<reference value="#ObservationValue_f548b8ae456e9f856b0210"/>
                                    </value>
                                    <interpretationCode code="N" codeSystem="2.16.840.1.113883.5.83" codeSystemName="Observation Interpretation" displayName="Normal"/>
                                    <referenceRange>
                                        <observationRange>
                                            <value xsi:type="IVL_PQ">
                                                <low value="0.90" unit="THOUSAND"/>
                                                <high value="5.20" unit="THOUSAND"/>
                                            </value>
                                        </observationRange>
                                    </referenceRange>
                                </observation>
                            </component>
                            <component>
                                <observation classCode="OBS" moodCode="EVN">
                                    <templateId root="2.16.840.1.113883.10.20.1.31"/>
                                    <templateId root="1.3.6.1.4.1.19376.1.5.3.1.4.13"/>
                                    <templateId root="2.16.840.1.113883.3.88.11.83.15.1"/>
                                    <id root="bca66e3c-53b5-4a99-a3f4-742c9e5cd0b2"/>
                                    <code code="##MONO" codeSystemName="L" displayName="MONO ABS"/>
                                    <text>MONO ABS<reference value="#Observation_044bfdbb68f5e4aff51c02"/>
                                    </text>
                                    <statusCode code="completed"/>
                                    <effectiveTime value="201209221645-0800"/>
                                    <value xsi:type="PQ">0.80<reference value="#ObservationValue_6c474eb74f733eb13423f7"/>
                                    </value>
                                    <referenceRange>
                                        <observationRange>
                                            <value xsi:type="IVL_PQ">
                                                <low value="0.16" unit="THOUSAND"/>
                                                <high value="1.00" unit="THOUSAND"/>
                                            </value>
                                        </observationRange>
                                    </referenceRange>
                                </observation>
                            </component>
                            <component>
                                <observation classCode="OBS" moodCode="EVN">
                                    <templateId root="2.16.840.1.113883.10.20.1.31"/>
                                    <templateId root="1.3.6.1.4.1.19376.1.5.3.1.4.13"/>
                                    <templateId root="2.16.840.1.113883.3.88.11.83.15.1"/>
                                    <id root="ace5012f-1c8f-47a9-9692-3467dfe0f7ae"/>
                                    <code code="EOS" codeSystemName="L" displayName="EOS ABS"/>
                                    <text>EOS ABS<reference value="#Observation_5b41809a7608acf255c127"/>
                                    </text>
                                    <statusCode code="completed"/>
                                    <effectiveTime value="201209221645-0800"/>
                                    <value xsi:type="PQ">0.07<reference value="#ObservationValue_894c7baa38b15bc638d515"/>
                                    </value>
                                    <referenceRange>
                                        <observationRange>
                                            <value xsi:type="IVL_PQ">
                                                <low value="0.00" unit="THOUSAND"/>
                                                <high value="0.80" unit="THOUSAND"/>
                                            </value>
                                        </observationRange>
                                    </referenceRange>
                                </observation>
                            </component>
                            <component>
                                <observation classCode="OBS" moodCode="EVN">
                                    <templateId root="2.16.840.1.113883.10.20.1.31"/>
                                    <templateId root="1.3.6.1.4.1.19376.1.5.3.1.4.13"/>
                                    <templateId root="2.16.840.1.113883.3.88.11.83.15.1"/>
                                    <id root="8ec826cb-3f76-42f3-a90d-f2a18e78e027"/>
                                    <code code="BASO" codeSystemName="L" displayName="BASO ABS"/>
                                    <text>BASO ABS<reference value="#Observation_7d4c6786e717e8efbbe4fa"/>
                                    </text>
                                    <statusCode code="completed"/>
                                    <effectiveTime value="201209221645-0800"/>
                                    <value xsi:type="PQ">0.08<reference value="#ObservationValue_3f4e9e9f5f927937cc9fc6"/>
                                    </value>
                                    <referenceRange>
                                        <observationRange>
                                            <value xsi:type="IVL_PQ">
                                                <low value="0.00" unit="THOUSAND"/>
                                                <high value="0.20" unit="THOUSAND"/>
                                            </value>
                                        </observationRange>
                                    </referenceRange>
                                </observation>
                            </component>
                            <component>
                                <observation classCode="OBS" moodCode="EVN">
                                    <templateId root="2.16.840.1.113883.10.20.1.31"/>
                                    <templateId root="1.3.6.1.4.1.19376.1.5.3.1.4.13"/>
                                    <templateId root="2.16.840.1.113883.3.88.11.83.15.1"/>
                                    <id root="ff2ad8a7-a1f5-45cf-91ac-560601b96f9b"/>
                                    <code code="##LUC" codeSystemName="L" displayName="LUC ABS"/>
                                    <text>LUC ABS<reference value="#Observation_16437f8f48d1afee31a83c"/>
                                    </text>
                                    <statusCode code="completed"/>
                                    <effectiveTime value="201209221645-0800"/>
                                    <value xsi:type="PQ">0.07<reference value="#ObservationValue_6c49b9a356481592990e0d"/>
                                    </value>
                                    <referenceRange>
                                        <observationRange>
                                            <value xsi:type="IVL_PQ">
                                                <low value="0.00" unit="THOUSAND"/>
                                                <high value="0.40" unit="THOUSAND"/>
                                            </value>
                                        </observationRange>
                                    </referenceRange>
                                </observation>
                            </component>
                            <component>
                                <observation classCode="OBS" moodCode="EVN">
                                    <templateId root="2.16.840.1.113883.10.20.1.31"/>
                                    <templateId root="1.3.6.1.4.1.19376.1.5.3.1.4.13"/>
                                    <templateId root="2.16.840.1.113883.3.88.11.83.15.1"/>
                                    <id root="de52bdb2-44e9-41e5-9344-4ed24669ac8b"/>
                                    <code code="#MNBND" codeSystemName="L" displayName="MAN BAND NEUT"/>
                                    <text>MAN BAND NEUT<reference value="#Observation_1446cb933e1885df326837"/>
                                    </text>
                                    <statusCode code="completed"/>
                                    <effectiveTime value="201209221645-0800"/>
                                    <value xsi:type="PQ">6<reference value="#ObservationValue_454fedba80f8c2425ba79a"/>
                                    </value>
                                    <interpretationCode code="N" codeSystem="2.16.840.1.113883.5.83" codeSystemName="Observation Interpretation" displayName="Normal"/>
                                    <referenceRange>
                                        <observationRange>
                                            <value xsi:type="IVL_PQ">
                                                <low value="0" unit="PERCENT"/>
                                                <high value="8" unit="PERCENT"/>
                                            </value>
                                        </observationRange>
                                    </referenceRange>
                                </observation>
                            </component>
                            <component>
                                <observation classCode="OBS" moodCode="EVN">
                                    <templateId root="2.16.840.1.113883.10.20.1.31"/>
                                    <templateId root="1.3.6.1.4.1.19376.1.5.3.1.4.13"/>
                                    <templateId root="2.16.840.1.113883.3.88.11.83.15.1"/>
                                    <id root="0a050297-0a2b-4ada-af49-c5f502718216"/>
                                    <code code="#MNSEG" codeSystemName="L" displayName="MAN SEG NEUT"/>
                                    <text>MAN SEG NEUT<reference value="#Observation_d24d838d9d2a3d8484a8d2"/>
                                    </text>
                                    <statusCode code="completed"/>
                                    <effectiveTime value="201209221645-0800"/>
                                    <value xsi:type="PQ">70<reference value="#ObservationValue_f34e89a4853f2c2bef644a"/>
                                    </value>
                                    <referenceRange>
                                        <observationRange>
                                            <value xsi:type="IVL_PQ">
                                                <low value="40" unit="PERCENT"/>
                                                <high value="74" unit="PERCENT"/>
                                            </value>
                                        </observationRange>
                                    </referenceRange>
                                </observation>
                            </component>
                            <component>
                                <observation classCode="OBS" moodCode="EVN">
                                    <templateId root="2.16.840.1.113883.10.20.1.31"/>
                                    <templateId root="1.3.6.1.4.1.19376.1.5.3.1.4.13"/>
                                    <templateId root="2.16.840.1.113883.3.88.11.83.15.1"/>
                                    <id root="9e83c6ed-cd3b-47d0-86ec-43a087b0c6b7"/>
                                    <code code="#MNLYM" codeSystemName="L" displayName="MAN LYMPH"/>
                                    <text>MAN LYMPH<reference value="#Observation_304eb0933f247a5eaa6055"/>
                                    </text>
                                    <statusCode code="completed"/>
                                    <effectiveTime value="201209221645-0800"/>
                                    <value xsi:type="PQ">21<reference value="#ObservationValue_d1426a97c54969422bf54f"/>
                                    </value>
                                    <interpretationCode code="N" codeSystem="2.16.840.1.113883.5.83" codeSystemName="Observation Interpretation" displayName="Normal"/>
                                    <referenceRange>
                                        <observationRange>
                                            <value xsi:type="IVL_PQ">
                                                <low value="19" unit="PERCENT"/>
                                                <high value="48" unit="PERCENT"/>
                                            </value>
                                        </observationRange>
                                    </referenceRange>
                                </observation>
                            </component>
                            <component>
                                <observation classCode="OBS" moodCode="EVN">
                                    <templateId root="2.16.840.1.113883.10.20.1.31"/>
                                    <templateId root="1.3.6.1.4.1.19376.1.5.3.1.4.13"/>
                                    <templateId root="2.16.840.1.113883.3.88.11.83.15.1"/>
                                    <id root="b082a8c0-26df-488e-a838-e05fc587e561"/>
                                    <code code="#MNMNO" codeSystemName="L" displayName="MAN MONO"/>
                                    <text>MAN MONO<reference value="#Observation_8b46cdb9327026abef2f83"/>
                                    </text>
                                    <statusCode code="completed"/>
                                    <effectiveTime value="201209221645-0800"/>
                                    <value xsi:type="PQ">8<reference value="#ObservationValue_524584b0731dae72d569e5"/>
                                    </value>
                                    <referenceRange>
                                        <observationRange>
                                            <value xsi:type="IVL_PQ">
                                                <low value="4" unit="PERCENT"/>
                                                <high value="9" unit="PERCENT"/>
                                            </value>
                                        </observationRange>
                                    </referenceRange>
                                </observation>
                            </component>
                            <component>
                                <observation classCode="OBS" moodCode="EVN">
                                    <templateId root="2.16.840.1.113883.10.20.1.31"/>
                                    <templateId root="1.3.6.1.4.1.19376.1.5.3.1.4.13"/>
                                    <templateId root="2.16.840.1.113883.3.88.11.83.15.1"/>
                                    <id root="af2b2fa1-041d-411f-844c-0f44be93f478"/>
                                    <code code="#MNEOS" codeSystemName="L" displayName="MAN EOS"/>
                                    <text>MAN EOS<reference value="#Observation_b148198315fc9a2be9f70e"/>
                                    </text>
                                    <statusCode code="completed"/>
                                    <effectiveTime value="201209221645-0800"/>
                                    <value xsi:type="PQ">3<reference value="#ObservationValue_f749239761fc7ecf9fbaf1"/>
                                    </value>
                                    <referenceRange>
                                        <observationRange>
                                            <value xsi:type="IVL_PQ">
                                                <low value="0" unit="PERCENT"/>
                                                <high value="7" unit="PERCENT"/>
                                            </value>
                                        </observationRange>
                                    </referenceRange>
                                </observation>
                            </component>
                            <component>
                                <observation classCode="OBS" moodCode="EVN">
                                    <templateId root="2.16.840.1.113883.10.20.1.31"/>
                                    <templateId root="1.3.6.1.4.1.19376.1.5.3.1.4.13"/>
                                    <templateId root="2.16.840.1.113883.3.88.11.83.15.1"/>
                                    <id root="67828049-e638-43de-961b-bf31f1269df6"/>
                                    <code code="#MNBAS" codeSystemName="L" displayName="MAN BASO"/>
                                    <text>MAN BASO<reference value="#Observation_394c85837c7427860dd088"/>
                                    </text>
                                    <statusCode code="completed"/>
                                    <effectiveTime value="201209221645-0800"/>
                                    <value xsi:type="PQ">0<reference value="#ObservationValue_7a4cde8c02d5045bec2f70"/>
                                    </value>
                                    <referenceRange>
                                        <observationRange>
                                            <value xsi:type="IVL_PQ">
                                                <low value="0" unit="PERCENT"/>
                                                <high value="2" unit="PERCENT"/>
                                            </value>
                                        </observationRange>
                                    </referenceRange>
                                </observation>
                            </component>
                            <component>
                                <observation classCode="OBS" moodCode="EVN">
                                    <templateId root="2.16.840.1.113883.10.20.1.31"/>
                                    <templateId root="1.3.6.1.4.1.19376.1.5.3.1.4.13"/>
                                    <templateId root="2.16.840.1.113883.3.88.11.83.15.1"/>
                                    <id root="3c8d9516-b64f-4fee-897d-b2e470f163eb"/>
                                    <code code="#MNMET" codeSystemName="L" displayName="MAN METAMYL"/>
                                    <text>MAN METAMYL<reference value="#Observation_b04221bffb5fdb3287c3b4"/>
                                    </text>
                                    <statusCode code="completed"/>
                                    <effectiveTime value="201209221645-0800"/>
                                    <value xsi:type="PQ">0<reference value="#ObservationValue_fc4db48dddcae5c1808b1e"/>
                                    </value>
                                    <referenceRange>
                                        <observationRange>
                                            <value xsi:type="IVL_PQ">
                                                <low value="0" unit="PERCENT"/>
                                                <high value="1" unit="PERCENT"/>
                                            </value>
                                        </observationRange>
                                    </referenceRange>
                                </observation>
                            </component>
                            <component>
                                <observation classCode="OBS" moodCode="EVN">
                                    <templateId root="2.16.840.1.113883.10.20.1.31"/>
                                    <templateId root="1.3.6.1.4.1.19376.1.5.3.1.4.13"/>
                                    <templateId root="2.16.840.1.113883.3.88.11.83.15.1"/>
                                    <id root="fed2ee21-d5af-4f52-931f-42d293441c4d"/>
                                    <code code="#MNMYL" codeSystemName="L" displayName="MAN MYELOCYTE"/>
                                    <text>MAN MYELOCYTE<reference value="#Observation_a940e88da8b12a0b535ab5"/>
                                    </text>
                                    <statusCode code="completed"/>
                                    <effectiveTime value="201209221645-0800"/>
                                    <value xsi:type="PQ">0<reference value="#ObservationValue_cf45a188bbac328e2c85a2"/>
                                    </value>
                                    <referenceRange>
                                        <observationRange>
                                            <value xsi:type="IVL_PQ">
                                                <low value="0" unit="PERCENT"/>
                                                <high value="1" unit="PERCENT"/>
                                            </value>
                                        </observationRange>
                                    </referenceRange>
                                </observation>
                            </component>
                            <component>
                                <observation classCode="OBS" moodCode="EVN">
                                    <templateId root="2.16.840.1.113883.10.20.1.31"/>
                                    <templateId root="1.3.6.1.4.1.19376.1.5.3.1.4.13"/>
                                    <templateId root="2.16.840.1.113883.3.88.11.83.15.1"/>
                                    <id root="9d96f3ca-9fed-45d1-9d12-dfee4681a4e6"/>
                                    <code code="#MNPRO" codeSystemName="L" displayName="MAN PROMYELO"/>
                                    <text>MAN PROMYELO<reference value="#Observation_184ec491c1fd90c52e1528"/>
                                    </text>
                                    <statusCode code="completed"/>
                                    <effectiveTime value="201209221645-0800"/>
                                    <value xsi:type="PQ">0<reference value="#ObservationValue_c441a09fea8b1e9ab208c1"/>
                                    </value>
                                    <referenceRange>
                                        <observationRange>
                                            <value xsi:type="IVL_PQ">
                                                <low value="0" unit="PERCENT"/>
                                                <high value="0" unit="PERCENT"/>
                                            </value>
                                        </observationRange>
                                    </referenceRange>
                                </observation>
                            </component>
                            <component>
                                <observation classCode="OBS" moodCode="EVN">
                                    <templateId root="2.16.840.1.113883.10.20.1.31"/>
                                    <templateId root="1.3.6.1.4.1.19376.1.5.3.1.4.13"/>
                                    <templateId root="2.16.840.1.113883.3.88.11.83.15.1"/>
                                    <id root="9af9be5c-6f05-4a87-95d1-d0bd1c2a1410"/>
                                    <code code="#MNBLS" codeSystemName="L" displayName="MAN BLASTS"/>
                                    <text>MAN BLASTS<reference value="#Observation_96435f86d626923a20e04c"/>
                                    </text>
                                    <statusCode code="completed"/>
                                    <effectiveTime value="201209221645-0800"/>
                                    <value xsi:type="PQ">0<reference value="#ObservationValue_75442cbae2061c1fb7ab61"/>
                                    </value>
                                    <referenceRange>
                                        <observationRange>
                                            <value xsi:type="IVL_PQ">
                                                <low value="0" unit="PERCENT"/>
                                                <high value="0" unit="PERCENT"/>
                                            </value>
                                        </observationRange>
                                    </referenceRange>
                                </observation>
                            </component>
                            <component>
                                <observation classCode="OBS" moodCode="EVN">
                                    <templateId root="2.16.840.1.113883.10.20.1.31"/>
                                    <templateId root="1.3.6.1.4.1.19376.1.5.3.1.4.13"/>
                                    <templateId root="2.16.840.1.113883.3.88.11.83.15.1"/>
                                    <id root="611d1633-72c5-4daa-b4d2-ea9fa3399e88"/>
                                    <code code="#ESPLT" codeSystemName="L" displayName="PLATELET (EST)"/>
                                    <text>PLATELET (EST)<reference value="#Observation_814574bdc1ae9d77d4ab88"/>
                                    </text>
                                    <statusCode code="completed"/>
                                    <effectiveTime value="201209221645-0800"/>
                                    <value xsi:type="ED">10-12<reference value="#ObservationValue_c643e4922885287d05e951"/>
                                    </value>
                                    <entryRelationship typeCode="SUBJ" inversionInd="true">
                                        <act classCode="ACT" moodCode="EVN">
                                            <templateId root="2.16.840.1.113883.10.20.1.40"/>
                                            <templateId root="2.16.840.1.113883.3.88.11.83.11"/>
                                            <templateId root="1.3.6.1.4.1.19376.1.5.3.1.4.2"/>
                                            <code code="48767-8" codeSystem="2.16.840.1.113883.6.1" codeSystemName="LOINC" displayName="Annotation Comment"/>
                                            <text>PLATELET COUNT CONSISTENT  WITH SLIDE REVIEW ESPLT  EACH PLATELET PER OIL IMMERSION FIELD REPRESENTS APPROXIMATELY        TWENTY THOUSAND PLATELETS PER CUBIC MILLIMETER.<reference value="Comment_bb4d40b0ffa021d3815e1b"/>
                                            </text>
                                            <statusCode code="completed"/>
                                        </act>
                                    </entryRelationship>
                                    <referenceRange>
                                        <observationRange>
                                            <value xsi:type="IVL_PQ">
                                                <low value="7" unit="PER_OIF"/>
                                                <high value="20" unit="PER_OIF"/>
                                            </value>
                                        </observationRange>
                                    </referenceRange>
                                </observation>
                            </component>
                        </organizer>
                    </entry>
                    <entry>
                        <organizer classCode="BATTERY" moodCode="EVN">
                            <templateId root="2.16.840.1.113883.10.20.1.32"/>
                            <id root="541bbe20-5806-4d14-9fec-c0f6f3d5e92d"/>
                            <code code="CBC" codeSystemName="L" displayName="CBC">
                                <translation code="LAB"/>
                            </code>
                            <statusCode code="completed"/>
                            <component>
                                <procedure classCode="PROC" moodCode="EVN">
                                    <templateId root="2.16.840.1.113883.10.20.1.29"/>
                                    <templateId root="1.3.6.1.4.1.19376.1.5.3.1.4.19"/>
                                    <templateId root="2.16.840.1.113883.3.88.11.83.17"/>
                                    <id root="7ad5cd2d-aae1-425d-93a9-33e973d5a12d"/>
                                    <code nullFlavor="NI">
                                        <originalText>CBC</originalText>
                                    </code>
                                    <text>CBC</text>
                                    <statusCode code="completed"/>
                                    <effectiveTime>
                                        <low value="201209291645-0800"/>
                                    </effectiveTime>
                                    <priorityCode code="S" codeSystem="2.16.840.1.113883.3.88.12.80.71" codeSystemName="Order Priority" displayName="Stat"/>
                                    <participant typeCode="RESP" contextControlCode="OP">
                                        <participantRole>
                                            <addr nullFlavor="NI"/>
                                            <playingEntity>
                                                <name>
                                                    <given>Unnamed</given>
                                                    <family>User</family>
                                                </name>
                                            </playingEntity>
                                        </participantRole>
                                    </participant>
                                    <participant typeCode="ATND" contextControlCode="OP">
                                        <participantRole>
                                            <addr nullFlavor="NI"/>
                                            <playingEntity>
                                                <name>
                                                    <given>Test</given>
                                                    <family>Userone</family>
                                                </name>
                                            </playingEntity>
                                        </participantRole>
                                    </participant>
                                    <participant typeCode="ADM" contextControlCode="OP">
                                        <participantRole>
                                            <addr nullFlavor="NI"/>
                                            <playingEntity>
                                                <name>
                                                    <given>Test</given>
                                                    <family>Faxuser</family>
                                                </name>
                                            </playingEntity>
                                        </participantRole>
                                    </participant>
                                    <participant typeCode="REF" contextControlCode="OP">
                                        <participantRole>
                                            <addr nullFlavor="NI"/>
                                            <playingEntity>
                                                <name>
                                                    <given>Test</given>
                                                    <family>Faxuser</family>
                                                </name>
                                            </playingEntity>
                                        </participantRole>
                                    </participant>
                                    <participant typeCode="ORG" contextControlCode="OP">
                                        <participantRole>
                                            <addr nullFlavor="NI"/>
                                            <telecom nullFlavor="NI"/>
                                            <playingEntity>
                                                <name>UniLab</name>
                                            </playingEntity>
                                        </participantRole>
                                    </participant>
                                </procedure>
                            </component>
                            <component>
                                <observation classCode="OBS" moodCode="EVN">
                                    <templateId root="2.16.840.1.113883.10.20.1.31"/>
                                    <templateId root="1.3.6.1.4.1.19376.1.5.3.1.4.13"/>
                                    <templateId root="2.16.840.1.113883.3.88.11.83.15.1"/>
                                    <id root="f5d9801c-0321-4687-a68e-89c6c4edab69"/>
                                    <code code="#WBC" codeSystemName="L" displayName="WBC"/>
                                    <text>WBC<reference value="#Observation_9a48c8845fd07601a62b7a"/>
                                    </text>
                                    <statusCode code="completed"/>
                                    <effectiveTime value="201209291645-0800"/>
                                    <value xsi:type="PQ">8.03<reference value="#ObservationValue_5248ada4f6cae671980930"/>
                                    </value>
                                    <referenceRange>
                                        <observationRange>
                                            <value xsi:type="IVL_PQ">
                                                <low value="4.80" unit="THOUSAND"/>
                                                <high value="10.80" unit="THOUSAND"/>
                                            </value>
                                        </observationRange>
                                    </referenceRange>
                                </observation>
                            </component>
                            <component>
                                <observation classCode="OBS" moodCode="EVN">
                                    <templateId root="2.16.840.1.113883.10.20.1.31"/>
                                    <templateId root="1.3.6.1.4.1.19376.1.5.3.1.4.13"/>
                                    <templateId root="2.16.840.1.113883.3.88.11.83.15.1"/>
                                    <id root="e5b22625-f2df-403f-a978-28a00ee1a90c"/>
                                    <code code="#HGB" codeSystemName="L" displayName="HGB"/>
                                    <text>HGB<reference value="#Observation_5244b7a692d333acc0662a"/>
                                    </text>
                                    <statusCode code="completed"/>
                                    <effectiveTime value="201209291645-0800"/>
                                    <value xsi:type="PQ">14.4<reference value="#ObservationValue_e244bbb6d2cc511a619325"/>
                                    </value>
                                    <referenceRange>
                                        <observationRange>
                                            <value xsi:type="IVL_PQ">
                                                <low value="14.0" unit="G/dl"/>
                                                <high value="18.0" unit="G/dl"/>
                                            </value>
                                        </observationRange>
                                    </referenceRange>
                                </observation>
                            </component>
                            <component>
                                <observation classCode="OBS" moodCode="EVN">
                                    <templateId root="2.16.840.1.113883.10.20.1.31"/>
                                    <templateId root="1.3.6.1.4.1.19376.1.5.3.1.4.13"/>
                                    <templateId root="2.16.840.1.113883.3.88.11.83.15.1"/>
                                    <id root="3a3aa3a4-5e5b-4758-867f-e80cabb677f7"/>
                                    <code code="#HCT" codeSystemName="L" displayName="HCT"/>
                                    <text>HCT<reference value="#Observation_704ca6959ac1a90a26081a"/>
                                    </text>
                                    <statusCode code="completed"/>
                                    <effectiveTime value="201209291645-0800"/>
                                    <value xsi:type="PQ">44.2<reference value="#ObservationValue_4742b095615b499f92be06"/>
                                    </value>
                                    <referenceRange>
                                        <observationRange>
                                            <value xsi:type="IVL_PQ">
                                                <low value="42.0" unit="PERCENT"/>
                                                <high value="54.0" unit="PERCENT"/>
                                            </value>
                                        </observationRange>
                                    </referenceRange>
                                </observation>
                            </component>
                            <component>
                                <observation classCode="OBS" moodCode="EVN">
                                    <templateId root="2.16.840.1.113883.10.20.1.31"/>
                                    <templateId root="1.3.6.1.4.1.19376.1.5.3.1.4.13"/>
                                    <templateId root="2.16.840.1.113883.3.88.11.83.15.1"/>
                                    <id root="3a7317ee-6fef-413f-a2a8-e29bc24d9d2a"/>
                                    <code code="#PLT" codeSystemName="L" displayName="PLATELETS"/>
                                    <text>PLATELETS<reference value="#Observation_634eebb4ede9031ca05595"/>
                                    </text>
                                    <statusCode code="completed"/>
                                    <effectiveTime value="201209291645-0800"/>
                                    <value xsi:type="PQ">137<reference value="#ObservationValue_6940ab93e936e2a259887a"/>
                                    </value>
                                    <interpretationCode code="N" codeSystem="2.16.840.1.113883.5.83" codeSystemName="Observation Interpretation" displayName="Normal"/>
                                    <referenceRange>
                                        <observationRange>
                                            <value xsi:type="IVL_PQ">
                                                <low value="130" unit="THOUSAND"/>
                                                <high value="400" unit="THOUSAND"/>
                                            </value>
                                        </observationRange>
                                    </referenceRange>
                                </observation>
                            </component>
                            <component>
                                <observation classCode="OBS" moodCode="EVN">
                                    <templateId root="2.16.840.1.113883.10.20.1.31"/>
                                    <templateId root="1.3.6.1.4.1.19376.1.5.3.1.4.13"/>
                                    <templateId root="2.16.840.1.113883.3.88.11.83.15.1"/>
                                    <id root="e206c135-009e-4253-b44c-d7e0c585f7ea"/>
                                    <code code="#RBC" codeSystemName="L" displayName="RBC"/>
                                    <text>RBC<reference value="#Observation_82419d9445b2e17121a6a4"/>
                                    </text>
                                    <statusCode code="completed"/>
                                    <effectiveTime value="201209291645-0800"/>
                                    <value xsi:type="PQ">4.81<reference value="#ObservationValue_bc4c368eabd7089b260878"/>
                                    </value>
                                    <referenceRange>
                                        <observationRange>
                                            <value xsi:type="IVL_PQ">
                                                <low value="4.70" unit="MILLION"/>
                                                <high value="6.10" unit="MILLION"/>
                                            </value>
                                        </observationRange>
                                    </referenceRange>
                                </observation>
                            </component>
                            <component>
                                <observation classCode="OBS" moodCode="EVN">
                                    <templateId root="2.16.840.1.113883.10.20.1.31"/>
                                    <templateId root="1.3.6.1.4.1.19376.1.5.3.1.4.13"/>
                                    <templateId root="2.16.840.1.113883.3.88.11.83.15.1"/>
                                    <id root="65ac2290-b2cb-4a35-a330-852d8fe50f37"/>
                                    <code code="#MCV" codeSystemName="L" displayName="MCV"/>
                                    <text>MCV<reference value="#Observation_4547b0b6dc93f6d6286003"/>
                                    </text>
                                    <statusCode code="completed"/>
                                    <effectiveTime value="201209291645-0800"/>
                                    <value xsi:type="PQ">92.2<reference value="#ObservationValue_f544459803c88ab167510b"/>
                                    </value>
                                    <referenceRange>
                                        <observationRange>
                                            <value xsi:type="IVL_PQ">
                                                <low value="83.0" unit="fl"/>
                                                <high value="99.0" unit="fl"/>
                                            </value>
                                        </observationRange>
                                    </referenceRange>
                                </observation>
                            </component>
                            <component>
                                <observation classCode="OBS" moodCode="EVN">
                                    <templateId root="2.16.840.1.113883.10.20.1.31"/>
                                    <templateId root="1.3.6.1.4.1.19376.1.5.3.1.4.13"/>
                                    <templateId root="2.16.840.1.113883.3.88.11.83.15.1"/>
                                    <id root="321c851b-2c68-4a83-9ad2-90472353b676"/>
                                    <code code="#MCH" codeSystemName="L" displayName="MCH"/>
                                    <text>MCH<reference value="#Observation_484bcebb5a0a8008e68dca"/>
                                    </text>
                                    <statusCode code="completed"/>
                                    <effectiveTime value="201209291645-0800"/>
                                    <value xsi:type="PQ">30.6<reference value="#ObservationValue_f3499a970073ffd762f431"/>
                                    </value>
                                    <referenceRange>
                                        <observationRange>
                                            <value xsi:type="IVL_PQ">
                                                <low value="27.0" unit="pg"/>
                                                <high value="32.0" unit="pg"/>
                                            </value>
                                        </observationRange>
                                    </referenceRange>
                                </observation>
                            </component>
                            <component>
                                <observation classCode="OBS" moodCode="EVN">
                                    <templateId root="2.16.840.1.113883.10.20.1.31"/>
                                    <templateId root="1.3.6.1.4.1.19376.1.5.3.1.4.13"/>
                                    <templateId root="2.16.840.1.113883.3.88.11.83.15.1"/>
                                    <id root="9d82c56c-ff60-45ae-839f-c25354b0097e"/>
                                    <code code="#MCHC" codeSystemName="L" displayName="MCHC"/>
                                    <text>MCHC<reference value="#Observation_c44d25b1f78404436cc9c9"/>
                                    </text>
                                    <statusCode code="completed"/>
                                    <effectiveTime value="201209291645-0800"/>
                                    <value xsi:type="PQ">33.3<reference value="#ObservationValue_a8474eae7d6cd3b2175409"/>
                                    </value>
                                    <referenceRange>
                                        <observationRange>
                                            <value xsi:type="IVL_PQ">
                                                <low value="32.0" unit="G/dl"/>
                                                <high value="37.0" unit="G/dl"/>
                                            </value>
                                        </observationRange>
                                    </referenceRange>
                                </observation>
                            </component>
                            <component>
                                <observation classCode="OBS" moodCode="EVN">
                                    <templateId root="2.16.840.1.113883.10.20.1.31"/>
                                    <templateId root="1.3.6.1.4.1.19376.1.5.3.1.4.13"/>
                                    <templateId root="2.16.840.1.113883.3.88.11.83.15.1"/>
                                    <id root="1d62cbdb-f432-418c-b9e1-dd1c83d2ce81"/>
                                    <code code="#RDW" codeSystemName="L" displayName="RDW"/>
                                    <text>RDW<reference value="#Observation_394aea942bce6201632166"/>
                                    </text>
                                    <statusCode code="completed"/>
                                    <effectiveTime value="201209291645-0800"/>
                                    <value xsi:type="PQ">13<reference value="#ObservationValue_734df794745844233d9c3a"/>
                                    </value>
                                    <interpretationCode code="N" codeSystem="2.16.840.1.113883.5.83" codeSystemName="Observation Interpretation" displayName="Normal"/>
                                    <referenceRange>
                                        <observationRange>
                                            <value xsi:type="IVL_PQ">
                                                <low value="11.5" unit="PERCENT"/>
                                                <high value="14.5" unit="PERCENT"/>
                                            </value>
                                        </observationRange>
                                    </referenceRange>
                                </observation>
                            </component>
                            <component>
                                <observation classCode="OBS" moodCode="EVN">
                                    <templateId root="2.16.840.1.113883.10.20.1.31"/>
                                    <templateId root="1.3.6.1.4.1.19376.1.5.3.1.4.13"/>
                                    <templateId root="2.16.840.1.113883.3.88.11.83.15.1"/>
                                    <id root="fb58ae0b-e9d4-44e6-b63a-acdfdef319ab"/>
                                    <code code="#NEUT" codeSystemName="L" displayName="NEUT"/>
                                    <text>NEUT<reference value="#Observation_e74a488281cdf224bc069e"/>
                                    </text>
                                    <statusCode code="completed"/>
                                    <effectiveTime value="201209291645-0800"/>
                                    <value xsi:type="PQ">68<reference value="#ObservationValue_e846d4a55ca1df02886685"/>
                                    </value>
                                    <interpretationCode code="N" codeSystem="2.16.840.1.113883.5.83" codeSystemName="Observation Interpretation" displayName="Normal"/>
                                    <referenceRange>
                                        <observationRange>
                                            <value xsi:type="IVL_PQ">
                                                <low value="40.0" unit="PERCENT"/>
                                                <high value="74.0" unit="PERCENT"/>
                                            </value>
                                        </observationRange>
                                    </referenceRange>
                                </observation>
                            </component>
                            <component>
                                <observation classCode="OBS" moodCode="EVN">
                                    <templateId root="2.16.840.1.113883.10.20.1.31"/>
                                    <templateId root="1.3.6.1.4.1.19376.1.5.3.1.4.13"/>
                                    <templateId root="2.16.840.1.113883.3.88.11.83.15.1"/>
                                    <id root="660b1e1b-be76-480e-a333-1aeeb858005f"/>
                                    <code code="#LYMPH" codeSystemName="L" displayName="LYMPH"/>
                                    <text>LYMPH<reference value="#Observation_99456cb3bab570ce36d175"/>
                                    </text>
                                    <statusCode code="completed"/>
                                    <effectiveTime value="201209291645-0800"/>
                                    <value xsi:type="PQ">28<reference value="#ObservationValue_e6410c889b7ed3a8dc4b73"/>
                                    </value>
                                    <interpretationCode code="N" codeSystem="2.16.840.1.113883.5.83" codeSystemName="Observation Interpretation" displayName="Normal"/>
                                    <referenceRange>
                                        <observationRange>
                                            <value xsi:type="IVL_PQ">
                                                <low value="19.0" unit="PERCENT"/>
                                                <high value="48.0" unit="PERCENT"/>
                                            </value>
                                        </observationRange>
                                    </referenceRange>
                                </observation>
                            </component>
                            <component>
                                <observation classCode="OBS" moodCode="EVN">
                                    <templateId root="2.16.840.1.113883.10.20.1.31"/>
                                    <templateId root="1.3.6.1.4.1.19376.1.5.3.1.4.13"/>
                                    <templateId root="2.16.840.1.113883.3.88.11.83.15.1"/>
                                    <id root="b260ff9a-9c20-4791-8587-d18993f2b59a"/>
                                    <code code="#MONO" codeSystemName="L" displayName="MONO"/>
                                    <text>MONO<reference value="#Observation_49451eb435ed17379e115a"/>
                                    </text>
                                    <statusCode code="completed"/>
                                    <effectiveTime value="201209291645-0800"/>
                                    <value xsi:type="PQ">8.7<reference value="#ObservationValue_6e4543a2850fefaca3f263"/>
                                    </value>
                                    <interpretationCode code="N" codeSystem="2.16.840.1.113883.5.83" codeSystemName="Observation Interpretation" displayName="Normal"/>
                                    <referenceRange>
                                        <observationRange>
                                            <value xsi:type="IVL_PQ">
                                                <low value="3.5" unit="PERCENT"/>
                                                <high value="9.0" unit="PERCENT"/>
                                            </value>
                                        </observationRange>
                                    </referenceRange>
                                </observation>
                            </component>
                            <component>
                                <observation classCode="OBS" moodCode="EVN">
                                    <templateId root="2.16.840.1.113883.10.20.1.31"/>
                                    <templateId root="1.3.6.1.4.1.19376.1.5.3.1.4.13"/>
                                    <templateId root="2.16.840.1.113883.3.88.11.83.15.1"/>
                                    <id root="3cfe6c82-0e39-4171-bd69-052f7827bfc2"/>
                                    <code code="#EOS" codeSystemName="L" displayName="EOS"/>
                                    <text>EOS<reference value="#Observation_8c424785f59a6d2e5bfbf6"/>
                                    </text>
                                    <statusCode code="completed"/>
                                    <effectiveTime value="201209291645-0800"/>
                                    <value xsi:type="PQ">0.7<reference value="#ObservationValue_734e92b258d81ecbd2bf9c"/>
                                    </value>
                                    <referenceRange>
                                        <observationRange>
                                            <value xsi:type="IVL_PQ">
                                                <low value="0.0" unit="PERCENT"/>
                                                <high value="7.0" unit="PERCENT"/>
                                            </value>
                                        </observationRange>
                                    </referenceRange>
                                </observation>
                            </component>
                            <component>
                                <observation classCode="OBS" moodCode="EVN">
                                    <templateId root="2.16.840.1.113883.10.20.1.31"/>
                                    <templateId root="1.3.6.1.4.1.19376.1.5.3.1.4.13"/>
                                    <templateId root="2.16.840.1.113883.3.88.11.83.15.1"/>
                                    <id root="53d3a3ba-73a4-46ad-a145-1491cd910141"/>
                                    <code code="#BASO" codeSystemName="L" displayName="BASO"/>
                                    <text>BASO<reference value="#Observation_85441a965052326973eef0"/>
                                    </text>
                                    <statusCode code="completed"/>
                                    <effectiveTime value="201209291645-0800"/>
                                    <value xsi:type="PQ">0.6<reference value="#ObservationValue_63473588349a8d6b76281f"/>
                                    </value>
                                    <referenceRange>
                                        <observationRange>
                                            <value xsi:type="IVL_PQ">
                                                <low value="0.0" unit="PERCENT"/>
                                                <high value="1.5" unit="PERCENT"/>
                                            </value>
                                        </observationRange>
                                    </referenceRange>
                                </observation>
                            </component>
                            <component>
                                <observation classCode="OBS" moodCode="EVN">
                                    <templateId root="2.16.840.1.113883.10.20.1.31"/>
                                    <templateId root="1.3.6.1.4.1.19376.1.5.3.1.4.13"/>
                                    <templateId root="2.16.840.1.113883.3.88.11.83.15.1"/>
                                    <id root="8f37ae17-6cc7-4344-9c0b-78807023199d"/>
                                    <code code="#LUC" codeSystemName="L" displayName="LGE UNST.CELL"/>
                                    <text>LGE UNST.CELL<reference value="#Observation_da4dff84aa950bd4790b9e"/>
                                    </text>
                                    <statusCode code="completed"/>
                                    <effectiveTime value="201209291645-0800"/>
                                    <value xsi:type="PQ">0.9<reference value="#ObservationValue_6a414f9f5c23db3a9b7105"/>
                                    </value>
                                    <referenceRange>
                                        <observationRange>
                                            <value xsi:type="IVL_PQ">
                                                <low value="0.0" unit="PERCENT"/>
                                                <high value="4.0" unit="PERCENT"/>
                                            </value>
                                        </observationRange>
                                    </referenceRange>
                                </observation>
                            </component>
                            <component>
                                <observation classCode="OBS" moodCode="EVN">
                                    <templateId root="2.16.840.1.113883.10.20.1.31"/>
                                    <templateId root="1.3.6.1.4.1.19376.1.5.3.1.4.13"/>
                                    <templateId root="2.16.840.1.113883.3.88.11.83.15.1"/>
                                    <id root="17b15fc9-08ed-48d1-944e-0f993e15f416"/>
                                    <code code="##NEUT" codeSystemName="L" displayName="NEUT ABS"/>
                                    <text>NEUT ABS<reference value="#Observation_d34a249f2890baa671c893"/>
                                    </text>
                                    <statusCode code="completed"/>
                                    <effectiveTime value="201209291645-0800"/>
                                    <value xsi:type="PQ">6.50<reference value="#ObservationValue_874c0d8dc37920bdfbccd3"/>
                                    </value>
                                    <referenceRange>
                                        <observationRange>
                                            <value xsi:type="IVL_PQ">
                                                <low value="1.90" unit="THOUSAND"/>
                                                <high value="8.00" unit="THOUSAND"/>
                                            </value>
                                        </observationRange>
                                    </referenceRange>
                                </observation>
                            </component>
                            <component>
                                <observation classCode="OBS" moodCode="EVN">
                                    <templateId root="2.16.840.1.113883.10.20.1.31"/>
                                    <templateId root="1.3.6.1.4.1.19376.1.5.3.1.4.13"/>
                                    <templateId root="2.16.840.1.113883.3.88.11.83.15.1"/>
                                    <id root="90268b9b-a226-4d98-a464-8752665ca2be"/>
                                    <code code="##LYMP" codeSystemName="L" displayName="LYMPH ABS"/>
                                    <text>LYMPH ABS<reference value="#Observation_4849b087405177d9863278"/>
                                    </text>
                                    <statusCode code="completed"/>
                                    <effectiveTime value="201209291645-0800"/>
                                    <value xsi:type="PQ">1.4<reference value="#ObservationValue_f548b8ae456e9f856b0210"/>
                                    </value>
                                    <interpretationCode code="N" codeSystem="2.16.840.1.113883.5.83" codeSystemName="Observation Interpretation" displayName="Normal"/>
                                    <referenceRange>
                                        <observationRange>
                                            <value xsi:type="IVL_PQ">
                                                <low value="0.90" unit="THOUSAND"/>
                                                <high value="5.20" unit="THOUSAND"/>
                                            </value>
                                        </observationRange>
                                    </referenceRange>
                                </observation>
                            </component>
                            <component>
                                <observation classCode="OBS" moodCode="EVN">
                                    <templateId root="2.16.840.1.113883.10.20.1.31"/>
                                    <templateId root="1.3.6.1.4.1.19376.1.5.3.1.4.13"/>
                                    <templateId root="2.16.840.1.113883.3.88.11.83.15.1"/>
                                    <id root="bca66e3c-53b5-4a99-a3f4-742c9e5cd0b2"/>
                                    <code code="##MONO" codeSystemName="L" displayName="MONO ABS"/>
                                    <text>MONO ABS<reference value="#Observation_044bfdbb68f5e4aff51c02"/>
                                    </text>
                                    <statusCode code="completed"/>
                                    <effectiveTime value="201209291645-0800"/>
                                    <value xsi:type="PQ">0.80<reference value="#ObservationValue_6c474eb74f733eb13423f7"/>
                                    </value>
                                    <referenceRange>
                                        <observationRange>
                                            <value xsi:type="IVL_PQ">
                                                <low value="0.16" unit="THOUSAND"/>
                                                <high value="1.00" unit="THOUSAND"/>
                                            </value>
                                        </observationRange>
                                    </referenceRange>
                                </observation>
                            </component>
                            <component>
                                <observation classCode="OBS" moodCode="EVN">
                                    <templateId root="2.16.840.1.113883.10.20.1.31"/>
                                    <templateId root="1.3.6.1.4.1.19376.1.5.3.1.4.13"/>
                                    <templateId root="2.16.840.1.113883.3.88.11.83.15.1"/>
                                    <id root="ace5012f-1c8f-47a9-9692-3467dfe0f7ae"/>
                                    <code code="EOS" codeSystemName="L" displayName="EOS ABS"/>
                                    <text>EOS ABS<reference value="#Observation_5b41809a7608acf255c127"/>
                                    </text>
                                    <statusCode code="completed"/>
                                    <effectiveTime value="201209291645-0800"/>
                                    <value xsi:type="PQ">0.07<reference value="#ObservationValue_894c7baa38b15bc638d515"/>
                                    </value>
                                    <referenceRange>
                                        <observationRange>
                                            <value xsi:type="IVL_PQ">
                                                <low value="0.00" unit="THOUSAND"/>
                                                <high value="0.80" unit="THOUSAND"/>
                                            </value>
                                        </observationRange>
                                    </referenceRange>
                                </observation>
                            </component>
                            <component>
                                <observation classCode="OBS" moodCode="EVN">
                                    <templateId root="2.16.840.1.113883.10.20.1.31"/>
                                    <templateId root="1.3.6.1.4.1.19376.1.5.3.1.4.13"/>
                                    <templateId root="2.16.840.1.113883.3.88.11.83.15.1"/>
                                    <id root="8ec826cb-3f76-42f3-a90d-f2a18e78e027"/>
                                    <code code="BASO" codeSystemName="L" displayName="BASO ABS"/>
                                    <text>BASO ABS<reference value="#Observation_7d4c6786e717e8efbbe4fa"/>
                                    </text>
                                    <statusCode code="completed"/>
                                    <effectiveTime value="201209291645-0800"/>
                                    <value xsi:type="PQ">0.08<reference value="#ObservationValue_3f4e9e9f5f927937cc9fc6"/>
                                    </value>
                                    <referenceRange>
                                        <observationRange>
                                            <value xsi:type="IVL_PQ">
                                                <low value="0.00" unit="THOUSAND"/>
                                                <high value="0.20" unit="THOUSAND"/>
                                            </value>
                                        </observationRange>
                                    </referenceRange>
                                </observation>
                            </component>
                            <component>
                                <observation classCode="OBS" moodCode="EVN">
                                    <templateId root="2.16.840.1.113883.10.20.1.31"/>
                                    <templateId root="1.3.6.1.4.1.19376.1.5.3.1.4.13"/>
                                    <templateId root="2.16.840.1.113883.3.88.11.83.15.1"/>
                                    <id root="ff2ad8a7-a1f5-45cf-91ac-560601b96f9b"/>
                                    <code code="##LUC" codeSystemName="L" displayName="LUC ABS"/>
                                    <text>LUC ABS<reference value="#Observation_16437f8f48d1afee31a83c"/>
                                    </text>
                                    <statusCode code="completed"/>
                                    <effectiveTime value="201209291645-0800"/>
                                    <value xsi:type="PQ">0.07<reference value="#ObservationValue_6c49b9a356481592990e0d"/>
                                    </value>
                                    <referenceRange>
                                        <observationRange>
                                            <value xsi:type="IVL_PQ">
                                                <low value="0.00" unit="THOUSAND"/>
                                                <high value="0.40" unit="THOUSAND"/>
                                            </value>
                                        </observationRange>
                                    </referenceRange>
                                </observation>
                            </component>
                            <component>
                                <observation classCode="OBS" moodCode="EVN">
                                    <templateId root="2.16.840.1.113883.10.20.1.31"/>
                                    <templateId root="1.3.6.1.4.1.19376.1.5.3.1.4.13"/>
                                    <templateId root="2.16.840.1.113883.3.88.11.83.15.1"/>
                                    <id root="de52bdb2-44e9-41e5-9344-4ed24669ac8b"/>
                                    <code code="#MNBND" codeSystemName="L" displayName="MAN BAND NEUT"/>
                                    <text>MAN BAND NEUT<reference value="#Observation_1446cb933e1885df326837"/>
                                    </text>
                                    <statusCode code="completed"/>
                                    <effectiveTime value="201209291645-0800"/>
                                    <value xsi:type="PQ">6<reference value="#ObservationValue_454fedba80f8c2425ba79a"/>
                                    </value>
                                    <interpretationCode code="N" codeSystem="2.16.840.1.113883.5.83" codeSystemName="Observation Interpretation" displayName="Normal"/>
                                    <referenceRange>
                                        <observationRange>
                                            <value xsi:type="IVL_PQ">
                                                <low value="0" unit="PERCENT"/>
                                                <high value="8" unit="PERCENT"/>
                                            </value>
                                        </observationRange>
                                    </referenceRange>
                                </observation>
                            </component>
                            <component>
                                <observation classCode="OBS" moodCode="EVN">
                                    <templateId root="2.16.840.1.113883.10.20.1.31"/>
                                    <templateId root="1.3.6.1.4.1.19376.1.5.3.1.4.13"/>
                                    <templateId root="2.16.840.1.113883.3.88.11.83.15.1"/>
                                    <id root="0a050297-0a2b-4ada-af49-c5f502718216"/>
                                    <code code="#MNSEG" codeSystemName="L" displayName="MAN SEG NEUT"/>
                                    <text>MAN SEG NEUT<reference value="#Observation_d24d838d9d2a3d8484a8d2"/>
                                    </text>
                                    <statusCode code="completed"/>
                                    <effectiveTime value="201209291645-0800"/>
                                    <value xsi:type="PQ">70<reference value="#ObservationValue_f34e89a4853f2c2bef644a"/>
                                    </value>
                                    <referenceRange>
                                        <observationRange>
                                            <value xsi:type="IVL_PQ">
                                                <low value="40" unit="PERCENT"/>
                                                <high value="74" unit="PERCENT"/>
                                            </value>
                                        </observationRange>
                                    </referenceRange>
                                </observation>
                            </component>
                            <component>
                                <observation classCode="OBS" moodCode="EVN">
                                    <templateId root="2.16.840.1.113883.10.20.1.31"/>
                                    <templateId root="1.3.6.1.4.1.19376.1.5.3.1.4.13"/>
                                    <templateId root="2.16.840.1.113883.3.88.11.83.15.1"/>
                                    <id root="9e83c6ed-cd3b-47d0-86ec-43a087b0c6b7"/>
                                    <code code="#MNLYM" codeSystemName="L" displayName="MAN LYMPH"/>
                                    <text>MAN LYMPH<reference value="#Observation_304eb0933f247a5eaa6055"/>
                                    </text>
                                    <statusCode code="completed"/>
                                    <effectiveTime value="201209291645-0800"/>
                                    <value xsi:type="PQ">21<reference value="#ObservationValue_d1426a97c54969422bf54f"/>
                                    </value>
                                    <interpretationCode code="N" codeSystem="2.16.840.1.113883.5.83" codeSystemName="Observation Interpretation" displayName="Normal"/>
                                    <referenceRange>
                                        <observationRange>
                                            <value xsi:type="IVL_PQ">
                                                <low value="19" unit="PERCENT"/>
                                                <high value="48" unit="PERCENT"/>
                                            </value>
                                        </observationRange>
                                    </referenceRange>
                                </observation>
                            </component>
                            <component>
                                <observation classCode="OBS" moodCode="EVN">
                                    <templateId root="2.16.840.1.113883.10.20.1.31"/>
                                    <templateId root="1.3.6.1.4.1.19376.1.5.3.1.4.13"/>
                                    <templateId root="2.16.840.1.113883.3.88.11.83.15.1"/>
                                    <id root="b082a8c0-26df-488e-a838-e05fc587e561"/>
                                    <code code="#MNMNO" codeSystemName="L" displayName="MAN MONO"/>
                                    <text>MAN MONO<reference value="#Observation_8b46cdb9327026abef2f83"/>
                                    </text>
                                    <statusCode code="completed"/>
                                    <effectiveTime value="201209291645-0800"/>
                                    <value xsi:type="PQ">8<reference value="#ObservationValue_524584b0731dae72d569e5"/>
                                    </value>
                                    <referenceRange>
                                        <observationRange>
                                            <value xsi:type="IVL_PQ">
                                                <low value="4" unit="PERCENT"/>
                                                <high value="9" unit="PERCENT"/>
                                            </value>
                                        </observationRange>
                                    </referenceRange>
                                </observation>
                            </component>
                            <component>
                                <observation classCode="OBS" moodCode="EVN">
                                    <templateId root="2.16.840.1.113883.10.20.1.31"/>
                                    <templateId root="1.3.6.1.4.1.19376.1.5.3.1.4.13"/>
                                    <templateId root="2.16.840.1.113883.3.88.11.83.15.1"/>
                                    <id root="af2b2fa1-041d-411f-844c-0f44be93f478"/>
                                    <code code="#MNEOS" codeSystemName="L" displayName="MAN EOS"/>
                                    <text>MAN EOS<reference value="#Observation_b148198315fc9a2be9f70e"/>
                                    </text>
                                    <statusCode code="completed"/>
                                    <effectiveTime value="201209291645-0800"/>
                                    <value xsi:type="PQ">3<reference value="#ObservationValue_f749239761fc7ecf9fbaf1"/>
                                    </value>
                                    <referenceRange>
                                        <observationRange>
                                            <value xsi:type="IVL_PQ">
                                                <low value="0" unit="PERCENT"/>
                                                <high value="7" unit="PERCENT"/>
                                            </value>
                                        </observationRange>
                                    </referenceRange>
                                </observation>
                            </component>
                            <component>
                                <observation classCode="OBS" moodCode="EVN">
                                    <templateId root="2.16.840.1.113883.10.20.1.31"/>
                                    <templateId root="1.3.6.1.4.1.19376.1.5.3.1.4.13"/>
                                    <templateId root="2.16.840.1.113883.3.88.11.83.15.1"/>
                                    <id root="67828049-e638-43de-961b-bf31f1269df6"/>
                                    <code code="#MNBAS" codeSystemName="L" displayName="MAN BASO"/>
                                    <text>MAN BASO<reference value="#Observation_394c85837c7427860dd088"/>
                                    </text>
                                    <statusCode code="completed"/>
                                    <effectiveTime value="201209291645-0800"/>
                                    <value xsi:type="PQ">0<reference value="#ObservationValue_7a4cde8c02d5045bec2f70"/>
                                    </value>
                                    <referenceRange>
                                        <observationRange>
                                            <value xsi:type="IVL_PQ">
                                                <low value="0" unit="PERCENT"/>
                                                <high value="2" unit="PERCENT"/>
                                            </value>
                                        </observationRange>
                                    </referenceRange>
                                </observation>
                            </component>
                            <component>
                                <observation classCode="OBS" moodCode="EVN">
                                    <templateId root="2.16.840.1.113883.10.20.1.31"/>
                                    <templateId root="1.3.6.1.4.1.19376.1.5.3.1.4.13"/>
                                    <templateId root="2.16.840.1.113883.3.88.11.83.15.1"/>
                                    <id root="3c8d9516-b64f-4fee-897d-b2e470f163eb"/>
                                    <code code="#MNMET" codeSystemName="L" displayName="MAN METAMYL"/>
                                    <text>MAN METAMYL<reference value="#Observation_b04221bffb5fdb3287c3b4"/>
                                    </text>
                                    <statusCode code="completed"/>
                                    <effectiveTime value="201209291645-0800"/>
                                    <value xsi:type="PQ">0<reference value="#ObservationValue_fc4db48dddcae5c1808b1e"/>
                                    </value>
                                    <referenceRange>
                                        <observationRange>
                                            <value xsi:type="IVL_PQ">
                                                <low value="0" unit="PERCENT"/>
                                                <high value="1" unit="PERCENT"/>
                                            </value>
                                        </observationRange>
                                    </referenceRange>
                                </observation>
                            </component>
                            <component>
                                <observation classCode="OBS" moodCode="EVN">
                                    <templateId root="2.16.840.1.113883.10.20.1.31"/>
                                    <templateId root="1.3.6.1.4.1.19376.1.5.3.1.4.13"/>
                                    <templateId root="2.16.840.1.113883.3.88.11.83.15.1"/>
                                    <id root="fed2ee21-d5af-4f52-931f-42d293441c4d"/>
                                    <code code="#MNMYL" codeSystemName="L" displayName="MAN MYELOCYTE"/>
                                    <text>MAN MYELOCYTE<reference value="#Observation_a940e88da8b12a0b535ab5"/>
                                    </text>
                                    <statusCode code="completed"/>
                                    <effectiveTime value="201209291645-0800"/>
                                    <value xsi:type="PQ">0<reference value="#ObservationValue_cf45a188bbac328e2c85a2"/>
                                    </value>
                                    <referenceRange>
                                        <observationRange>
                                            <value xsi:type="IVL_PQ">
                                                <low value="0" unit="PERCENT"/>
                                                <high value="1" unit="PERCENT"/>
                                            </value>
                                        </observationRange>
                                    </referenceRange>
                                </observation>
                            </component>
                            <component>
                                <observation classCode="OBS" moodCode="EVN">
                                    <templateId root="2.16.840.1.113883.10.20.1.31"/>
                                    <templateId root="1.3.6.1.4.1.19376.1.5.3.1.4.13"/>
                                    <templateId root="2.16.840.1.113883.3.88.11.83.15.1"/>
                                    <id root="9d96f3ca-9fed-45d1-9d12-dfee4681a4e6"/>
                                    <code code="#MNPRO" codeSystemName="L" displayName="MAN PROMYELO"/>
                                    <text>MAN PROMYELO<reference value="#Observation_184ec491c1fd90c52e1528"/>
                                    </text>
                                    <statusCode code="completed"/>
                                    <effectiveTime value="201209291645-0800"/>
                                    <value xsi:type="PQ">0<reference value="#ObservationValue_c441a09fea8b1e9ab208c1"/>
                                    </value>
                                    <referenceRange>
                                        <observationRange>
                                            <value xsi:type="IVL_PQ">
                                                <low value="0" unit="PERCENT"/>
                                                <high value="0" unit="PERCENT"/>
                                            </value>
                                        </observationRange>
                                    </referenceRange>
                                </observation>
                            </component>
                            <component>
                                <observation classCode="OBS" moodCode="EVN">
                                    <templateId root="2.16.840.1.113883.10.20.1.31"/>
                                    <templateId root="1.3.6.1.4.1.19376.1.5.3.1.4.13"/>
                                    <templateId root="2.16.840.1.113883.3.88.11.83.15.1"/>
                                    <id root="9af9be5c-6f05-4a87-95d1-d0bd1c2a1410"/>
                                    <code code="#MNBLS" codeSystemName="L" displayName="MAN BLASTS"/>
                                    <text>MAN BLASTS<reference value="#Observation_96435f86d626923a20e04c"/>
                                    </text>
                                    <statusCode code="completed"/>
                                    <effectiveTime value="201209291645-0800"/>
                                    <value xsi:type="PQ">0<reference value="#ObservationValue_75442cbae2061c1fb7ab61"/>
                                    </value>
                                    <referenceRange>
                                        <observationRange>
                                            <value xsi:type="IVL_PQ">
                                                <low value="0" unit="PERCENT"/>
                                                <high value="0" unit="PERCENT"/>
                                            </value>
                                        </observationRange>
                                    </referenceRange>
                                </observation>
                            </component>
                            <component>
                                <observation classCode="OBS" moodCode="EVN">
                                    <templateId root="2.16.840.1.113883.10.20.1.31"/>
                                    <templateId root="1.3.6.1.4.1.19376.1.5.3.1.4.13"/>
                                    <templateId root="2.16.840.1.113883.3.88.11.83.15.1"/>
                                    <id root="611d1633-72c5-4daa-b4d2-ea9fa3399e88"/>
                                    <code code="#ESPLT" codeSystemName="L" displayName="PLATELET (EST)"/>
                                    <text>PLATELET (EST)<reference value="#Observation_814574bdc1ae9d77d4ab88"/>
                                    </text>
                                    <statusCode code="completed"/>
                                    <effectiveTime value="201209291645-0800"/>
                                    <value xsi:type="ED">10-12<reference value="#ObservationValue_c643e4922885287d05e951"/>
                                    </value>
                                    <entryRelationship typeCode="SUBJ" inversionInd="true">
                                        <act classCode="ACT" moodCode="EVN">
                                            <templateId root="2.16.840.1.113883.10.20.1.40"/>
                                            <templateId root="2.16.840.1.113883.3.88.11.83.11"/>
                                            <templateId root="1.3.6.1.4.1.19376.1.5.3.1.4.2"/>
                                            <code code="48767-8" codeSystem="2.16.840.1.113883.6.1" codeSystemName="LOINC" displayName="Annotation Comment"/>
                                            <text>PLATELET COUNT CONSISTENT  WITH SLIDE REVIEW ESPLT  EACH PLATELET PER OIL IMMERSION FIELD REPRESENTS APPROXIMATELY        TWENTY THOUSAND PLATELETS PER CUBIC MILLIMETER.<reference value="Comment_bb4d40b0ffa021d3815e1b"/>
                                            </text>
                                            <statusCode code="completed"/>
                                        </act>
                                    </entryRelationship>
                                    <referenceRange>
                                        <observationRange>
                                            <value xsi:type="IVL_PQ">
                                                <low value="7" unit="PER_OIF"/>
                                                <high value="20" unit="PER_OIF"/>
                                            </value>
                                        </observationRange>
                                    </referenceRange>
                                </observation>
                            </component>
                        </organizer>
                    </entry>
                    <entry>
                        <organizer classCode="BATTERY" moodCode="EVN">
                            <templateId root="2.16.840.1.113883.10.20.1.32"/>
                            <id root="541bbe20-5806-4d14-9fec-c0f6f3d5e92d"/>
                            <code code="CBC" codeSystemName="L" displayName="CBC">
                                <translation code="LAB"/>
                            </code>
                            <statusCode code="completed"/>
                            <component>
                                <procedure classCode="PROC" moodCode="EVN">
                                    <templateId root="2.16.840.1.113883.10.20.1.29"/>
                                    <templateId root="1.3.6.1.4.1.19376.1.5.3.1.4.19"/>
                                    <templateId root="2.16.840.1.113883.3.88.11.83.17"/>
                                    <id root="7ad5cd2d-aae1-425d-93a9-33e973d5a12d"/>
                                    <code nullFlavor="NI">
                                        <originalText>CBC</originalText>
                                    </code>
                                    <text>CBC</text>
                                    <statusCode code="completed"/>
                                    <effectiveTime>
                                        <low value="201210051645-0800"/>
                                    </effectiveTime>
                                    <priorityCode code="S" codeSystem="2.16.840.1.113883.3.88.12.80.71" codeSystemName="Order Priority" displayName="Stat"/>
                                    <participant typeCode="RESP" contextControlCode="OP">
                                        <participantRole>
                                            <addr nullFlavor="NI"/>
                                            <playingEntity>
                                                <name>
                                                    <given>Unnamed</given>
                                                    <family>User</family>
                                                </name>
                                            </playingEntity>
                                        </participantRole>
                                    </participant>
                                    <participant typeCode="ATND" contextControlCode="OP">
                                        <participantRole>
                                            <addr nullFlavor="NI"/>
                                            <playingEntity>
                                                <name>
                                                    <given>Test</given>
                                                    <family>Userone</family>
                                                </name>
                                            </playingEntity>
                                        </participantRole>
                                    </participant>
                                    <participant typeCode="ADM" contextControlCode="OP">
                                        <participantRole>
                                            <addr nullFlavor="NI"/>
                                            <playingEntity>
                                                <name>
                                                    <given>Test</given>
                                                    <family>Faxuser</family>
                                                </name>
                                            </playingEntity>
                                        </participantRole>
                                    </participant>
                                    <participant typeCode="REF" contextControlCode="OP">
                                        <participantRole>
                                            <addr nullFlavor="NI"/>
                                            <playingEntity>
                                                <name>
                                                    <given>Test</given>
                                                    <family>Faxuser</family>
                                                </name>
                                            </playingEntity>
                                        </participantRole>
                                    </participant>
                                    <participant typeCode="ORG" contextControlCode="OP">
                                        <participantRole>
                                            <addr nullFlavor="NI"/>
                                            <telecom nullFlavor="NI"/>
                                            <playingEntity>
                                                <name>UniLab</name>
                                            </playingEntity>
                                        </participantRole>
                                    </participant>
                                </procedure>
                            </component>
                            <component>
                                <observation classCode="OBS" moodCode="EVN">
                                    <templateId root="2.16.840.1.113883.10.20.1.31"/>
                                    <templateId root="1.3.6.1.4.1.19376.1.5.3.1.4.13"/>
                                    <templateId root="2.16.840.1.113883.3.88.11.83.15.1"/>
                                    <id root="f5d9801c-0321-4687-a68e-89c6c4edab69"/>
                                    <code code="#WBC" codeSystemName="L" displayName="WBC"/>
                                    <text>WBC<reference value="#Observation_9a48c8845fd07601a62b7a"/>
                                    </text>
                                    <statusCode code="completed"/>
                                    <effectiveTime value="201210051645-0800"/>
                                    <value xsi:type="PQ">8.33<reference value="#ObservationValue_5248ada4f6cae671980930"/>
                                    </value>
                                    <referenceRange>
                                        <observationRange>
                                            <value xsi:type="IVL_PQ">
                                                <low value="4.80" unit="THOUSAND"/>
                                                <high value="10.80" unit="THOUSAND"/>
                                            </value>
                                        </observationRange>
                                    </referenceRange>
                                </observation>
                            </component>
                            <component>
                                <observation classCode="OBS" moodCode="EVN">
                                    <templateId root="2.16.840.1.113883.10.20.1.31"/>
                                    <templateId root="1.3.6.1.4.1.19376.1.5.3.1.4.13"/>
                                    <templateId root="2.16.840.1.113883.3.88.11.83.15.1"/>
                                    <id root="e5b22625-f2df-403f-a978-28a00ee1a90c"/>
                                    <code code="#HGB" codeSystemName="L" displayName="HGB"/>
                                    <text>HGB<reference value="#Observation_5244b7a692d333acc0662a"/>
                                    </text>
                                    <statusCode code="completed"/>
                                    <effectiveTime value="201210051645-0800"/>
                                    <value xsi:type="PQ">14.4<reference value="#ObservationValue_e244bbb6d2cc511a619325"/>
                                    </value>
                                    <referenceRange>
                                        <observationRange>
                                            <value xsi:type="IVL_PQ">
                                                <low value="14.0" unit="G/dl"/>
                                                <high value="18.0" unit="G/dl"/>
                                            </value>
                                        </observationRange>
                                    </referenceRange>
                                </observation>
                            </component>
                            <component>
                                <observation classCode="OBS" moodCode="EVN">
                                    <templateId root="2.16.840.1.113883.10.20.1.31"/>
                                    <templateId root="1.3.6.1.4.1.19376.1.5.3.1.4.13"/>
                                    <templateId root="2.16.840.1.113883.3.88.11.83.15.1"/>
                                    <id root="3a3aa3a4-5e5b-4758-867f-e80cabb677f7"/>
                                    <code code="#HCT" codeSystemName="L" displayName="HCT"/>
                                    <text>HCT<reference value="#Observation_704ca6959ac1a90a26081a"/>
                                    </text>
                                    <statusCode code="completed"/>
                                    <effectiveTime value="201210051645-0800"/>
                                    <value xsi:type="PQ">44.2<reference value="#ObservationValue_4742b095615b499f92be06"/>
                                    </value>
                                    <referenceRange>
                                        <observationRange>
                                            <value xsi:type="IVL_PQ">
                                                <low value="42.0" unit="PERCENT"/>
                                                <high value="54.0" unit="PERCENT"/>
                                            </value>
                                        </observationRange>
                                    </referenceRange>
                                </observation>
                            </component>
                            <component>
                                <observation classCode="OBS" moodCode="EVN">
                                    <templateId root="2.16.840.1.113883.10.20.1.31"/>
                                    <templateId root="1.3.6.1.4.1.19376.1.5.3.1.4.13"/>
                                    <templateId root="2.16.840.1.113883.3.88.11.83.15.1"/>
                                    <id root="3a7317ee-6fef-413f-a2a8-e29bc24d9d2a"/>
                                    <code code="#PLT" codeSystemName="L" displayName="PLATELETS"/>
                                    <text>PLATELETS<reference value="#Observation_634eebb4ede9031ca05595"/>
                                    </text>
                                    <statusCode code="completed"/>
                                    <effectiveTime value="201210051645-0800"/>
                                    <value xsi:type="PQ">137<reference value="#ObservationValue_6940ab93e936e2a259887a"/>
                                    </value>
                                    <interpretationCode code="N" codeSystem="2.16.840.1.113883.5.83" codeSystemName="Observation Interpretation" displayName="Normal"/>
                                    <referenceRange>
                                        <observationRange>
                                            <value xsi:type="IVL_PQ">
                                                <low value="130" unit="THOUSAND"/>
                                                <high value="400" unit="THOUSAND"/>
                                            </value>
                                        </observationRange>
                                    </referenceRange>
                                </observation>
                            </component>
                            <component>
                                <observation classCode="OBS" moodCode="EVN">
                                    <templateId root="2.16.840.1.113883.10.20.1.31"/>
                                    <templateId root="1.3.6.1.4.1.19376.1.5.3.1.4.13"/>
                                    <templateId root="2.16.840.1.113883.3.88.11.83.15.1"/>
                                    <id root="e206c135-009e-4253-b44c-d7e0c585f7ea"/>
                                    <code code="#RBC" codeSystemName="L" displayName="RBC"/>
                                    <text>RBC<reference value="#Observation_82419d9445b2e17121a6a4"/>
                                    </text>
                                    <statusCode code="completed"/>
                                    <effectiveTime value="201210051645-0800"/>
                                    <value xsi:type="PQ">4.81<reference value="#ObservationValue_bc4c368eabd7089b260878"/>
                                    </value>
                                    <referenceRange>
                                        <observationRange>
                                            <value xsi:type="IVL_PQ">
                                                <low value="4.70" unit="MILLION"/>
                                                <high value="6.10" unit="MILLION"/>
                                            </value>
                                        </observationRange>
                                    </referenceRange>
                                </observation>
                            </component>
                            <component>
                                <observation classCode="OBS" moodCode="EVN">
                                    <templateId root="2.16.840.1.113883.10.20.1.31"/>
                                    <templateId root="1.3.6.1.4.1.19376.1.5.3.1.4.13"/>
                                    <templateId root="2.16.840.1.113883.3.88.11.83.15.1"/>
                                    <id root="65ac2290-b2cb-4a35-a330-852d8fe50f37"/>
                                    <code code="#MCV" codeSystemName="L" displayName="MCV"/>
                                    <text>MCV<reference value="#Observation_4547b0b6dc93f6d6286003"/>
                                    </text>
                                    <statusCode code="completed"/>
                                    <effectiveTime value="201210051645-0800"/>
                                    <value xsi:type="PQ">92.2<reference value="#ObservationValue_f544459803c88ab167510b"/>
                                    </value>
                                    <referenceRange>
                                        <observationRange>
                                            <value xsi:type="IVL_PQ">
                                                <low value="83.0" unit="fl"/>
                                                <high value="99.0" unit="fl"/>
                                            </value>
                                        </observationRange>
                                    </referenceRange>
                                </observation>
                            </component>
                            <component>
                                <observation classCode="OBS" moodCode="EVN">
                                    <templateId root="2.16.840.1.113883.10.20.1.31"/>
                                    <templateId root="1.3.6.1.4.1.19376.1.5.3.1.4.13"/>
                                    <templateId root="2.16.840.1.113883.3.88.11.83.15.1"/>
                                    <id root="321c851b-2c68-4a83-9ad2-90472353b676"/>
                                    <code code="#MCH" codeSystemName="L" displayName="MCH"/>
                                    <text>MCH<reference value="#Observation_484bcebb5a0a8008e68dca"/>
                                    </text>
                                    <statusCode code="completed"/>
                                    <effectiveTime value="201210051645-0800"/>
                                    <value xsi:type="PQ">30.6<reference value="#ObservationValue_f3499a970073ffd762f431"/>
                                    </value>
                                    <referenceRange>
                                        <observationRange>
                                            <value xsi:type="IVL_PQ">
                                                <low value="27.0" unit="pg"/>
                                                <high value="32.0" unit="pg"/>
                                            </value>
                                        </observationRange>
                                    </referenceRange>
                                </observation>
                            </component>
                            <component>
                                <observation classCode="OBS" moodCode="EVN">
                                    <templateId root="2.16.840.1.113883.10.20.1.31"/>
                                    <templateId root="1.3.6.1.4.1.19376.1.5.3.1.4.13"/>
                                    <templateId root="2.16.840.1.113883.3.88.11.83.15.1"/>
                                    <id root="9d82c56c-ff60-45ae-839f-c25354b0097e"/>
                                    <code code="#MCHC" codeSystemName="L" displayName="MCHC"/>
                                    <text>MCHC<reference value="#Observation_c44d25b1f78404436cc9c9"/>
                                    </text>
                                    <statusCode code="completed"/>
                                    <effectiveTime value="201210051645-0800"/>
                                    <value xsi:type="PQ">33.3<reference value="#ObservationValue_a8474eae7d6cd3b2175409"/>
                                    </value>
                                    <referenceRange>
                                        <observationRange>
                                            <value xsi:type="IVL_PQ">
                                                <low value="32.0" unit="G/dl"/>
                                                <high value="37.0" unit="G/dl"/>
                                            </value>
                                        </observationRange>
                                    </referenceRange>
                                </observation>
                            </component>
                            <component>
                                <observation classCode="OBS" moodCode="EVN">
                                    <templateId root="2.16.840.1.113883.10.20.1.31"/>
                                    <templateId root="1.3.6.1.4.1.19376.1.5.3.1.4.13"/>
                                    <templateId root="2.16.840.1.113883.3.88.11.83.15.1"/>
                                    <id root="1d62cbdb-f432-418c-b9e1-dd1c83d2ce81"/>
                                    <code code="#RDW" codeSystemName="L" displayName="RDW"/>
                                    <text>RDW<reference value="#Observation_394aea942bce6201632166"/>
                                    </text>
                                    <statusCode code="completed"/>
                                    <effectiveTime value="201210051645-0800"/>
                                    <value xsi:type="PQ">13<reference value="#ObservationValue_734df794745844233d9c3a"/>
                                    </value>
                                    <interpretationCode code="N" codeSystem="2.16.840.1.113883.5.83" codeSystemName="Observation Interpretation" displayName="Normal"/>
                                    <referenceRange>
                                        <observationRange>
                                            <value xsi:type="IVL_PQ">
                                                <low value="11.5" unit="PERCENT"/>
                                                <high value="14.5" unit="PERCENT"/>
                                            </value>
                                        </observationRange>
                                    </referenceRange>
                                </observation>
                            </component>
                            <component>
                                <observation classCode="OBS" moodCode="EVN">
                                    <templateId root="2.16.840.1.113883.10.20.1.31"/>
                                    <templateId root="1.3.6.1.4.1.19376.1.5.3.1.4.13"/>
                                    <templateId root="2.16.840.1.113883.3.88.11.83.15.1"/>
                                    <id root="fb58ae0b-e9d4-44e6-b63a-acdfdef319ab"/>
                                    <code code="#NEUT" codeSystemName="L" displayName="NEUT"/>
                                    <text>NEUT<reference value="#Observation_e74a488281cdf224bc069e"/>
                                    </text>
                                    <statusCode code="completed"/>
                                    <effectiveTime value="201210051645-0800"/>
                                    <value xsi:type="PQ">68<reference value="#ObservationValue_e846d4a55ca1df02886685"/>
                                    </value>
                                    <interpretationCode code="N" codeSystem="2.16.840.1.113883.5.83" codeSystemName="Observation Interpretation" displayName="Normal"/>
                                    <referenceRange>
                                        <observationRange>
                                            <value xsi:type="IVL_PQ">
                                                <low value="40.0" unit="PERCENT"/>
                                                <high value="74.0" unit="PERCENT"/>
                                            </value>
                                        </observationRange>
                                    </referenceRange>
                                </observation>
                            </component>
                            <component>
                                <observation classCode="OBS" moodCode="EVN">
                                    <templateId root="2.16.840.1.113883.10.20.1.31"/>
                                    <templateId root="1.3.6.1.4.1.19376.1.5.3.1.4.13"/>
                                    <templateId root="2.16.840.1.113883.3.88.11.83.15.1"/>
                                    <id root="660b1e1b-be76-480e-a333-1aeeb858005f"/>
                                    <code code="#LYMPH" codeSystemName="L" displayName="LYMPH"/>
                                    <text>LYMPH<reference value="#Observation_99456cb3bab570ce36d175"/>
                                    </text>
                                    <statusCode code="completed"/>
                                    <effectiveTime value="201210051645-0800"/>
                                    <value xsi:type="PQ">27<reference value="#ObservationValue_e6410c889b7ed3a8dc4b73"/>
                                    </value>
                                    <interpretationCode code="N" codeSystem="2.16.840.1.113883.5.83" codeSystemName="Observation Interpretation" displayName="Normal"/>
                                    <referenceRange>
                                        <observationRange>
                                            <value xsi:type="IVL_PQ">
                                                <low value="19.0" unit="PERCENT"/>
                                                <high value="48.0" unit="PERCENT"/>
                                            </value>
                                        </observationRange>
                                    </referenceRange>
                                </observation>
                            </component>
                            <component>
                                <observation classCode="OBS" moodCode="EVN">
                                    <templateId root="2.16.840.1.113883.10.20.1.31"/>
                                    <templateId root="1.3.6.1.4.1.19376.1.5.3.1.4.13"/>
                                    <templateId root="2.16.840.1.113883.3.88.11.83.15.1"/>
                                    <id root="b260ff9a-9c20-4791-8587-d18993f2b59a"/>
                                    <code code="#MONO" codeSystemName="L" displayName="MONO"/>
                                    <text>MONO<reference value="#Observation_49451eb435ed17379e115a"/>
                                    </text>
                                    <statusCode code="completed"/>
                                    <effectiveTime value="201210051645-0800"/>
                                    <value xsi:type="PQ">8.7<reference value="#ObservationValue_6e4543a2850fefaca3f263"/>
                                    </value>
                                    <interpretationCode code="N" codeSystem="2.16.840.1.113883.5.83" codeSystemName="Observation Interpretation" displayName="Normal"/>
                                    <referenceRange>
                                        <observationRange>
                                            <value xsi:type="IVL_PQ">
                                                <low value="3.5" unit="PERCENT"/>
                                                <high value="9.0" unit="PERCENT"/>
                                            </value>
                                        </observationRange>
                                    </referenceRange>
                                </observation>
                            </component>
                            <component>
                                <observation classCode="OBS" moodCode="EVN">
                                    <templateId root="2.16.840.1.113883.10.20.1.31"/>
                                    <templateId root="1.3.6.1.4.1.19376.1.5.3.1.4.13"/>
                                    <templateId root="2.16.840.1.113883.3.88.11.83.15.1"/>
                                    <id root="3cfe6c82-0e39-4171-bd69-052f7827bfc2"/>
                                    <code code="#EOS" codeSystemName="L" displayName="EOS"/>
                                    <text>EOS<reference value="#Observation_8c424785f59a6d2e5bfbf6"/>
                                    </text>
                                    <statusCode code="completed"/>
                                    <effectiveTime value="201210051645-0800"/>
                                    <value xsi:type="PQ">0.7<reference value="#ObservationValue_734e92b258d81ecbd2bf9c"/>
                                    </value>
                                    <referenceRange>
                                        <observationRange>
                                            <value xsi:type="IVL_PQ">
                                                <low value="0.0" unit="PERCENT"/>
                                                <high value="7.0" unit="PERCENT"/>
                                            </value>
                                        </observationRange>
                                    </referenceRange>
                                </observation>
                            </component>
                            <component>
                                <observation classCode="OBS" moodCode="EVN">
                                    <templateId root="2.16.840.1.113883.10.20.1.31"/>
                                    <templateId root="1.3.6.1.4.1.19376.1.5.3.1.4.13"/>
                                    <templateId root="2.16.840.1.113883.3.88.11.83.15.1"/>
                                    <id root="53d3a3ba-73a4-46ad-a145-1491cd910141"/>
                                    <code code="#BASO" codeSystemName="L" displayName="BASO"/>
                                    <text>BASO<reference value="#Observation_85441a965052326973eef0"/>
                                    </text>
                                    <statusCode code="completed"/>
                                    <effectiveTime value="201210051645-0800"/>
                                    <value xsi:type="PQ">0.6<reference value="#ObservationValue_63473588349a8d6b76281f"/>
                                    </value>
                                    <referenceRange>
                                        <observationRange>
                                            <value xsi:type="IVL_PQ">
                                                <low value="0.0" unit="PERCENT"/>
                                                <high value="1.5" unit="PERCENT"/>
                                            </value>
                                        </observationRange>
                                    </referenceRange>
                                </observation>
                            </component>
                            <component>
                                <observation classCode="OBS" moodCode="EVN">
                                    <templateId root="2.16.840.1.113883.10.20.1.31"/>
                                    <templateId root="1.3.6.1.4.1.19376.1.5.3.1.4.13"/>
                                    <templateId root="2.16.840.1.113883.3.88.11.83.15.1"/>
                                    <id root="8f37ae17-6cc7-4344-9c0b-78807023199d"/>
                                    <code code="#LUC" codeSystemName="L" displayName="LGE UNST.CELL"/>
                                    <text>LGE UNST.CELL<reference value="#Observation_da4dff84aa950bd4790b9e"/>
                                    </text>
                                    <statusCode code="completed"/>
                                    <effectiveTime value="201210051645-0800"/>
                                    <value xsi:type="PQ">0.9<reference value="#ObservationValue_6a414f9f5c23db3a9b7105"/>
                                    </value>
                                    <referenceRange>
                                        <observationRange>
                                            <value xsi:type="IVL_PQ">
                                                <low value="0.0" unit="PERCENT"/>
                                                <high value="4.0" unit="PERCENT"/>
                                            </value>
                                        </observationRange>
                                    </referenceRange>
                                </observation>
                            </component>
                            <component>
                                <observation classCode="OBS" moodCode="EVN">
                                    <templateId root="2.16.840.1.113883.10.20.1.31"/>
                                    <templateId root="1.3.6.1.4.1.19376.1.5.3.1.4.13"/>
                                    <templateId root="2.16.840.1.113883.3.88.11.83.15.1"/>
                                    <id root="17b15fc9-08ed-48d1-944e-0f993e15f416"/>
                                    <code code="##NEUT" codeSystemName="L" displayName="NEUT ABS"/>
                                    <text>NEUT ABS<reference value="#Observation_d34a249f2890baa671c893"/>
                                    </text>
                                    <statusCode code="completed"/>
                                    <effectiveTime value="201210051645-0800"/>
                                    <value xsi:type="PQ">6.50<reference value="#ObservationValue_874c0d8dc37920bdfbccd3"/>
                                    </value>
                                    <referenceRange>
                                        <observationRange>
                                            <value xsi:type="IVL_PQ">
                                                <low value="1.90" unit="THOUSAND"/>
                                                <high value="8.00" unit="THOUSAND"/>
                                            </value>
                                        </observationRange>
                                    </referenceRange>
                                </observation>
                            </component>
                            <component>
                                <observation classCode="OBS" moodCode="EVN">
                                    <templateId root="2.16.840.1.113883.10.20.1.31"/>
                                    <templateId root="1.3.6.1.4.1.19376.1.5.3.1.4.13"/>
                                    <templateId root="2.16.840.1.113883.3.88.11.83.15.1"/>
                                    <id root="90268b9b-a226-4d98-a464-8752665ca2be"/>
                                    <code code="##LYMP" codeSystemName="L" displayName="LYMPH ABS"/>
                                    <text>LYMPH ABS<reference value="#Observation_4849b087405177d9863278"/>
                                    </text>
                                    <statusCode code="completed"/>
                                    <effectiveTime value="201210051645-0800"/>
                                    <value xsi:type="PQ">1.4<reference value="#ObservationValue_f548b8ae456e9f856b0210"/>
                                    </value>
                                    <interpretationCode code="N" codeSystem="2.16.840.1.113883.5.83" codeSystemName="Observation Interpretation" displayName="Normal"/>
                                    <referenceRange>
                                        <observationRange>
                                            <value xsi:type="IVL_PQ">
                                                <low value="0.90" unit="THOUSAND"/>
                                                <high value="5.20" unit="THOUSAND"/>
                                            </value>
                                        </observationRange>
                                    </referenceRange>
                                </observation>
                            </component>
                            <component>
                                <observation classCode="OBS" moodCode="EVN">
                                    <templateId root="2.16.840.1.113883.10.20.1.31"/>
                                    <templateId root="1.3.6.1.4.1.19376.1.5.3.1.4.13"/>
                                    <templateId root="2.16.840.1.113883.3.88.11.83.15.1"/>
                                    <id root="bca66e3c-53b5-4a99-a3f4-742c9e5cd0b2"/>
                                    <code code="##MONO" codeSystemName="L" displayName="MONO ABS"/>
                                    <text>MONO ABS<reference value="#Observation_044bfdbb68f5e4aff51c02"/>
                                    </text>
                                    <statusCode code="completed"/>
                                    <effectiveTime value="201210051645-0800"/>
                                    <value xsi:type="PQ">0.80<reference value="#ObservationValue_6c474eb74f733eb13423f7"/>
                                    </value>
                                    <referenceRange>
                                        <observationRange>
                                            <value xsi:type="IVL_PQ">
                                                <low value="0.16" unit="THOUSAND"/>
                                                <high value="1.00" unit="THOUSAND"/>
                                            </value>
                                        </observationRange>
                                    </referenceRange>
                                </observation>
                            </component>
                            <component>
                                <observation classCode="OBS" moodCode="EVN">
                                    <templateId root="2.16.840.1.113883.10.20.1.31"/>
                                    <templateId root="1.3.6.1.4.1.19376.1.5.3.1.4.13"/>
                                    <templateId root="2.16.840.1.113883.3.88.11.83.15.1"/>
                                    <id root="ace5012f-1c8f-47a9-9692-3467dfe0f7ae"/>
                                    <code code="EOS" codeSystemName="L" displayName="EOS ABS"/>
                                    <text>EOS ABS<reference value="#Observation_5b41809a7608acf255c127"/>
                                    </text>
                                    <statusCode code="completed"/>
                                    <effectiveTime value="201210051645-0800"/>
                                    <value xsi:type="PQ">0.07<reference value="#ObservationValue_894c7baa38b15bc638d515"/>
                                    </value>
                                    <referenceRange>
                                        <observationRange>
                                            <value xsi:type="IVL_PQ">
                                                <low value="0.00" unit="THOUSAND"/>
                                                <high value="0.80" unit="THOUSAND"/>
                                            </value>
                                        </observationRange>
                                    </referenceRange>
                                </observation>
                            </component>
                            <component>
                                <observation classCode="OBS" moodCode="EVN">
                                    <templateId root="2.16.840.1.113883.10.20.1.31"/>
                                    <templateId root="1.3.6.1.4.1.19376.1.5.3.1.4.13"/>
                                    <templateId root="2.16.840.1.113883.3.88.11.83.15.1"/>
                                    <id root="8ec826cb-3f76-42f3-a90d-f2a18e78e027"/>
                                    <code code="BASO" codeSystemName="L" displayName="BASO ABS"/>
                                    <text>BASO ABS<reference value="#Observation_7d4c6786e717e8efbbe4fa"/>
                                    </text>
                                    <statusCode code="completed"/>
                                    <effectiveTime value="201210051645-0800"/>
                                    <value xsi:type="PQ">0.08<reference value="#ObservationValue_3f4e9e9f5f927937cc9fc6"/>
                                    </value>
                                    <referenceRange>
                                        <observationRange>
                                            <value xsi:type="IVL_PQ">
                                                <low value="0.00" unit="THOUSAND"/>
                                                <high value="0.20" unit="THOUSAND"/>
                                            </value>
                                        </observationRange>
                                    </referenceRange>
                                </observation>
                            </component>
                            <component>
                                <observation classCode="OBS" moodCode="EVN">
                                    <templateId root="2.16.840.1.113883.10.20.1.31"/>
                                    <templateId root="1.3.6.1.4.1.19376.1.5.3.1.4.13"/>
                                    <templateId root="2.16.840.1.113883.3.88.11.83.15.1"/>
                                    <id root="ff2ad8a7-a1f5-45cf-91ac-560601b96f9b"/>
                                    <code code="##LUC" codeSystemName="L" displayName="LUC ABS"/>
                                    <text>LUC ABS<reference value="#Observation_16437f8f48d1afee31a83c"/>
                                    </text>
                                    <statusCode code="completed"/>
                                    <effectiveTime value="201210051645-0800"/>
                                    <value xsi:type="PQ">0.07<reference value="#ObservationValue_6c49b9a356481592990e0d"/>
                                    </value>
                                    <referenceRange>
                                        <observationRange>
                                            <value xsi:type="IVL_PQ">
                                                <low value="0.00" unit="THOUSAND"/>
                                                <high value="0.40" unit="THOUSAND"/>
                                            </value>
                                        </observationRange>
                                    </referenceRange>
                                </observation>
                            </component>
                            <component>
                                <observation classCode="OBS" moodCode="EVN">
                                    <templateId root="2.16.840.1.113883.10.20.1.31"/>
                                    <templateId root="1.3.6.1.4.1.19376.1.5.3.1.4.13"/>
                                    <templateId root="2.16.840.1.113883.3.88.11.83.15.1"/>
                                    <id root="de52bdb2-44e9-41e5-9344-4ed24669ac8b"/>
                                    <code code="#MNBND" codeSystemName="L" displayName="MAN BAND NEUT"/>
                                    <text>MAN BAND NEUT<reference value="#Observation_1446cb933e1885df326837"/>
                                    </text>
                                    <statusCode code="completed"/>
                                    <effectiveTime value="201210051645-0800"/>
                                    <value xsi:type="PQ">6<reference value="#ObservationValue_454fedba80f8c2425ba79a"/>
                                    </value>
                                    <interpretationCode code="N" codeSystem="2.16.840.1.113883.5.83" codeSystemName="Observation Interpretation" displayName="Normal"/>
                                    <referenceRange>
                                        <observationRange>
                                            <value xsi:type="IVL_PQ">
                                                <low value="0" unit="PERCENT"/>
                                                <high value="8" unit="PERCENT"/>
                                            </value>
                                        </observationRange>
                                    </referenceRange>
                                </observation>
                            </component>
                            <component>
                                <observation classCode="OBS" moodCode="EVN">
                                    <templateId root="2.16.840.1.113883.10.20.1.31"/>
                                    <templateId root="1.3.6.1.4.1.19376.1.5.3.1.4.13"/>
                                    <templateId root="2.16.840.1.113883.3.88.11.83.15.1"/>
                                    <id root="0a050297-0a2b-4ada-af49-c5f502718216"/>
                                    <code code="#MNSEG" codeSystemName="L" displayName="MAN SEG NEUT"/>
                                    <text>MAN SEG NEUT<reference value="#Observation_d24d838d9d2a3d8484a8d2"/>
                                    </text>
                                    <statusCode code="completed"/>
                                    <effectiveTime value="201210051645-0800"/>
                                    <value xsi:type="PQ">70<reference value="#ObservationValue_f34e89a4853f2c2bef644a"/>
                                    </value>
                                    <referenceRange>
                                        <observationRange>
                                            <value xsi:type="IVL_PQ">
                                                <low value="40" unit="PERCENT"/>
                                                <high value="74" unit="PERCENT"/>
                                            </value>
                                        </observationRange>
                                    </referenceRange>
                                </observation>
                            </component>
                            <component>
                                <observation classCode="OBS" moodCode="EVN">
                                    <templateId root="2.16.840.1.113883.10.20.1.31"/>
                                    <templateId root="1.3.6.1.4.1.19376.1.5.3.1.4.13"/>
                                    <templateId root="2.16.840.1.113883.3.88.11.83.15.1"/>
                                    <id root="9e83c6ed-cd3b-47d0-86ec-43a087b0c6b7"/>
                                    <code code="#MNLYM" codeSystemName="L" displayName="MAN LYMPH"/>
                                    <text>MAN LYMPH<reference value="#Observation_304eb0933f247a5eaa6055"/>
                                    </text>
                                    <statusCode code="completed"/>
                                    <effectiveTime value="201210051645-0800"/>
                                    <value xsi:type="PQ">21<reference value="#ObservationValue_d1426a97c54969422bf54f"/>
                                    </value>
                                    <interpretationCode code="N" codeSystem="2.16.840.1.113883.5.83" codeSystemName="Observation Interpretation" displayName="Normal"/>
                                    <referenceRange>
                                        <observationRange>
                                            <value xsi:type="IVL_PQ">
                                                <low value="19" unit="PERCENT"/>
                                                <high value="48" unit="PERCENT"/>
                                            </value>
                                        </observationRange>
                                    </referenceRange>
                                </observation>
                            </component>
                            <component>
                                <observation classCode="OBS" moodCode="EVN">
                                    <templateId root="2.16.840.1.113883.10.20.1.31"/>
                                    <templateId root="1.3.6.1.4.1.19376.1.5.3.1.4.13"/>
                                    <templateId root="2.16.840.1.113883.3.88.11.83.15.1"/>
                                    <id root="b082a8c0-26df-488e-a838-e05fc587e561"/>
                                    <code code="#MNMNO" codeSystemName="L" displayName="MAN MONO"/>
                                    <text>MAN MONO<reference value="#Observation_8b46cdb9327026abef2f83"/>
                                    </text>
                                    <statusCode code="completed"/>
                                    <effectiveTime value="201210051645-0800"/>
                                    <value xsi:type="PQ">8<reference value="#ObservationValue_524584b0731dae72d569e5"/>
                                    </value>
                                    <referenceRange>
                                        <observationRange>
                                            <value xsi:type="IVL_PQ">
                                                <low value="4" unit="PERCENT"/>
                                                <high value="9" unit="PERCENT"/>
                                            </value>
                                        </observationRange>
                                    </referenceRange>
                                </observation>
                            </component>
                            <component>
                                <observation classCode="OBS" moodCode="EVN">
                                    <templateId root="2.16.840.1.113883.10.20.1.31"/>
                                    <templateId root="1.3.6.1.4.1.19376.1.5.3.1.4.13"/>
                                    <templateId root="2.16.840.1.113883.3.88.11.83.15.1"/>
                                    <id root="af2b2fa1-041d-411f-844c-0f44be93f478"/>
                                    <code code="#MNEOS" codeSystemName="L" displayName="MAN EOS"/>
                                    <text>MAN EOS<reference value="#Observation_b148198315fc9a2be9f70e"/>
                                    </text>
                                    <statusCode code="completed"/>
                                    <effectiveTime value="201210051645-0800"/>
                                    <value xsi:type="PQ">3<reference value="#ObservationValue_f749239761fc7ecf9fbaf1"/>
                                    </value>
                                    <referenceRange>
                                        <observationRange>
                                            <value xsi:type="IVL_PQ">
                                                <low value="0" unit="PERCENT"/>
                                                <high value="7" unit="PERCENT"/>
                                            </value>
                                        </observationRange>
                                    </referenceRange>
                                </observation>
                            </component>
                            <component>
                                <observation classCode="OBS" moodCode="EVN">
                                    <templateId root="2.16.840.1.113883.10.20.1.31"/>
                                    <templateId root="1.3.6.1.4.1.19376.1.5.3.1.4.13"/>
                                    <templateId root="2.16.840.1.113883.3.88.11.83.15.1"/>
                                    <id root="67828049-e638-43de-961b-bf31f1269df6"/>
                                    <code code="#MNBAS" codeSystemName="L" displayName="MAN BASO"/>
                                    <text>MAN BASO<reference value="#Observation_394c85837c7427860dd088"/>
                                    </text>
                                    <statusCode code="completed"/>
                                    <effectiveTime value="201210051645-0800"/>
                                    <value xsi:type="PQ">0<reference value="#ObservationValue_7a4cde8c02d5045bec2f70"/>
                                    </value>
                                    <referenceRange>
                                        <observationRange>
                                            <value xsi:type="IVL_PQ">
                                                <low value="0" unit="PERCENT"/>
                                                <high value="2" unit="PERCENT"/>
                                            </value>
                                        </observationRange>
                                    </referenceRange>
                                </observation>
                            </component>
                            <component>
                                <observation classCode="OBS" moodCode="EVN">
                                    <templateId root="2.16.840.1.113883.10.20.1.31"/>
                                    <templateId root="1.3.6.1.4.1.19376.1.5.3.1.4.13"/>
                                    <templateId root="2.16.840.1.113883.3.88.11.83.15.1"/>
                                    <id root="3c8d9516-b64f-4fee-897d-b2e470f163eb"/>
                                    <code code="#MNMET" codeSystemName="L" displayName="MAN METAMYL"/>
                                    <text>MAN METAMYL<reference value="#Observation_b04221bffb5fdb3287c3b4"/>
                                    </text>
                                    <statusCode code="completed"/>
                                    <effectiveTime value="201210051645-0800"/>
                                    <value xsi:type="PQ">0<reference value="#ObservationValue_fc4db48dddcae5c1808b1e"/>
                                    </value>
                                    <referenceRange>
                                        <observationRange>
                                            <value xsi:type="IVL_PQ">
                                                <low value="0" unit="PERCENT"/>
                                                <high value="1" unit="PERCENT"/>
                                            </value>
                                        </observationRange>
                                    </referenceRange>
                                </observation>
                            </component>
                            <component>
                                <observation classCode="OBS" moodCode="EVN">
                                    <templateId root="2.16.840.1.113883.10.20.1.31"/>
                                    <templateId root="1.3.6.1.4.1.19376.1.5.3.1.4.13"/>
                                    <templateId root="2.16.840.1.113883.3.88.11.83.15.1"/>
                                    <id root="fed2ee21-d5af-4f52-931f-42d293441c4d"/>
                                    <code code="#MNMYL" codeSystemName="L" displayName="MAN MYELOCYTE"/>
                                    <text>MAN MYELOCYTE<reference value="#Observation_a940e88da8b12a0b535ab5"/>
                                    </text>
                                    <statusCode code="completed"/>
                                    <effectiveTime value="201210051645-0800"/>
                                    <value xsi:type="PQ">0<reference value="#ObservationValue_cf45a188bbac328e2c85a2"/>
                                    </value>
                                    <referenceRange>
                                        <observationRange>
                                            <value xsi:type="IVL_PQ">
                                                <low value="0" unit="PERCENT"/>
                                                <high value="1" unit="PERCENT"/>
                                            </value>
                                        </observationRange>
                                    </referenceRange>
                                </observation>
                            </component>
                            <component>
                                <observation classCode="OBS" moodCode="EVN">
                                    <templateId root="2.16.840.1.113883.10.20.1.31"/>
                                    <templateId root="1.3.6.1.4.1.19376.1.5.3.1.4.13"/>
                                    <templateId root="2.16.840.1.113883.3.88.11.83.15.1"/>
                                    <id root="9d96f3ca-9fed-45d1-9d12-dfee4681a4e6"/>
                                    <code code="#MNPRO" codeSystemName="L" displayName="MAN PROMYELO"/>
                                    <text>MAN PROMYELO<reference value="#Observation_184ec491c1fd90c52e1528"/>
                                    </text>
                                    <statusCode code="completed"/>
                                    <effectiveTime value="201210051645-0800"/>
                                    <value xsi:type="PQ">0<reference value="#ObservationValue_c441a09fea8b1e9ab208c1"/>
                                    </value>
                                    <referenceRange>
                                        <observationRange>
                                            <value xsi:type="IVL_PQ">
                                                <low value="0" unit="PERCENT"/>
                                                <high value="0" unit="PERCENT"/>
                                            </value>
                                        </observationRange>
                                    </referenceRange>
                                </observation>
                            </component>
                            <component>
                                <observation classCode="OBS" moodCode="EVN">
                                    <templateId root="2.16.840.1.113883.10.20.1.31"/>
                                    <templateId root="1.3.6.1.4.1.19376.1.5.3.1.4.13"/>
                                    <templateId root="2.16.840.1.113883.3.88.11.83.15.1"/>
                                    <id root="9af9be5c-6f05-4a87-95d1-d0bd1c2a1410"/>
                                    <code code="#MNBLS" codeSystemName="L" displayName="MAN BLASTS"/>
                                    <text>MAN BLASTS<reference value="#Observation_96435f86d626923a20e04c"/>
                                    </text>
                                    <statusCode code="completed"/>
                                    <effectiveTime value="201210051645-0800"/>
                                    <value xsi:type="PQ">0<reference value="#ObservationValue_75442cbae2061c1fb7ab61"/>
                                    </value>
                                    <referenceRange>
                                        <observationRange>
                                            <value xsi:type="IVL_PQ">
                                                <low value="0" unit="PERCENT"/>
                                                <high value="0" unit="PERCENT"/>
                                            </value>
                                        </observationRange>
                                    </referenceRange>
                                </observation>
                            </component>
                            <component>
                                <observation classCode="OBS" moodCode="EVN">
                                    <templateId root="2.16.840.1.113883.10.20.1.31"/>
                                    <templateId root="1.3.6.1.4.1.19376.1.5.3.1.4.13"/>
                                    <templateId root="2.16.840.1.113883.3.88.11.83.15.1"/>
                                    <id root="611d1633-72c5-4daa-b4d2-ea9fa3399e88"/>
                                    <code code="#ESPLT" codeSystemName="L" displayName="PLATELET (EST)"/>
                                    <text>PLATELET (EST)<reference value="#Observation_814574bdc1ae9d77d4ab88"/>
                                    </text>
                                    <statusCode code="completed"/>
                                    <effectiveTime value="201210051645-0800"/>
                                    <value xsi:type="ED">10-12<reference value="#ObservationValue_c643e4922885287d05e951"/>
                                    </value>
                                    <entryRelationship typeCode="SUBJ" inversionInd="true">
                                        <act classCode="ACT" moodCode="EVN">
                                            <templateId root="2.16.840.1.113883.10.20.1.40"/>
                                            <templateId root="2.16.840.1.113883.3.88.11.83.11"/>
                                            <templateId root="1.3.6.1.4.1.19376.1.5.3.1.4.2"/>
                                            <code code="48767-8" codeSystem="2.16.840.1.113883.6.1" codeSystemName="LOINC" displayName="Annotation Comment"/>
                                            <text>PLATELET COUNT CONSISTENT  WITH SLIDE REVIEW ESPLT  EACH PLATELET PER OIL IMMERSION FIELD REPRESENTS APPROXIMATELY        TWENTY THOUSAND PLATELETS PER CUBIC MILLIMETER.<reference value="Comment_bb4d40b0ffa021d3815e1b"/>
                                            </text>
                                            <statusCode code="completed"/>
                                        </act>
                                    </entryRelationship>
                                    <referenceRange>
                                        <observationRange>
                                            <value xsi:type="IVL_PQ">
                                                <low value="7" unit="PER_OIF"/>
                                                <high value="20" unit="PER_OIF"/>
                                            </value>
                                        </observationRange>
                                    </referenceRange>
                                </observation>
                            </component>
                        </organizer>
                    </entry>
                    <entry>
                        <organizer classCode="BATTERY" moodCode="EVN">
                            <templateId root="2.16.840.1.113883.10.20.1.32"/>
                            <id root="541bbe20-5806-4d14-9fec-c0f6f3d5e92d"/>
                            <code code="CBC" codeSystemName="L" displayName="CBC">
                                <translation code="LAB"/>
                            </code>
                            <statusCode code="completed"/>
                            <component>
                                <procedure classCode="PROC" moodCode="EVN">
                                    <templateId root="2.16.840.1.113883.10.20.1.29"/>
                                    <templateId root="1.3.6.1.4.1.19376.1.5.3.1.4.19"/>
                                    <templateId root="2.16.840.1.113883.3.88.11.83.17"/>
                                    <id root="7ad5cd2d-aae1-425d-93a9-33e973d5a12d"/>
                                    <code nullFlavor="NI">
                                        <originalText>CBC</originalText>
                                    </code>
                                    <text>CBC</text>
                                    <statusCode code="completed"/>
                                    <effectiveTime>
                                        <low value="201210121645-0800"/>
                                    </effectiveTime>
                                    <priorityCode code="S" codeSystem="2.16.840.1.113883.3.88.12.80.71" codeSystemName="Order Priority" displayName="Stat"/>
                                    <participant typeCode="RESP" contextControlCode="OP">
                                        <participantRole>
                                            <addr nullFlavor="NI"/>
                                            <playingEntity>
                                                <name>
                                                    <given>Unnamed</given>
                                                    <family>User</family>
                                                </name>
                                            </playingEntity>
                                        </participantRole>
                                    </participant>
                                    <participant typeCode="ATND" contextControlCode="OP">
                                        <participantRole>
                                            <addr nullFlavor="NI"/>
                                            <playingEntity>
                                                <name>
                                                    <given>Test</given>
                                                    <family>Userone</family>
                                                </name>
                                            </playingEntity>
                                        </participantRole>
                                    </participant>
                                    <participant typeCode="ADM" contextControlCode="OP">
                                        <participantRole>
                                            <addr nullFlavor="NI"/>
                                            <playingEntity>
                                                <name>
                                                    <given>Test</given>
                                                    <family>Faxuser</family>
                                                </name>
                                            </playingEntity>
                                        </participantRole>
                                    </participant>
                                    <participant typeCode="REF" contextControlCode="OP">
                                        <participantRole>
                                            <addr nullFlavor="NI"/>
                                            <playingEntity>
                                                <name>
                                                    <given>Test</given>
                                                    <family>Faxuser</family>
                                                </name>
                                            </playingEntity>
                                        </participantRole>
                                    </participant>
                                    <participant typeCode="ORG" contextControlCode="OP">
                                        <participantRole>
                                            <addr nullFlavor="NI"/>
                                            <telecom nullFlavor="NI"/>
                                            <playingEntity>
                                                <name>UniLab</name>
                                            </playingEntity>
                                        </participantRole>
                                    </participant>
                                </procedure>
                            </component>
                            <component>
                                <observation classCode="OBS" moodCode="EVN">
                                    <templateId root="2.16.840.1.113883.10.20.1.31"/>
                                    <templateId root="1.3.6.1.4.1.19376.1.5.3.1.4.13"/>
                                    <templateId root="2.16.840.1.113883.3.88.11.83.15.1"/>
                                    <id root="f5d9801c-0321-4687-a68e-89c6c4edab69"/>
                                    <code code="#WBC" codeSystemName="L" displayName="WBC"/>
                                    <text>WBC<reference value="#Observation_9a48c8845fd07601a62b7a"/>
                                    </text>
                                    <statusCode code="completed"/>
                                    <effectiveTime value="201210121645-0800"/>
                                    <value xsi:type="PQ">8.33<reference value="#ObservationValue_5248ada4f6cae671980930"/>
                                    </value>
                                    <referenceRange>
                                        <observationRange>
                                            <value xsi:type="IVL_PQ">
                                                <low value="4.80" unit="THOUSAND"/>
                                                <high value="10.80" unit="THOUSAND"/>
                                            </value>
                                        </observationRange>
                                    </referenceRange>
                                </observation>
                            </component>
                            <component>
                                <observation classCode="OBS" moodCode="EVN">
                                    <templateId root="2.16.840.1.113883.10.20.1.31"/>
                                    <templateId root="1.3.6.1.4.1.19376.1.5.3.1.4.13"/>
                                    <templateId root="2.16.840.1.113883.3.88.11.83.15.1"/>
                                    <id root="e5b22625-f2df-403f-a978-28a00ee1a90c"/>
                                    <code code="#HGB" codeSystemName="L" displayName="HGB"/>
                                    <text>HGB<reference value="#Observation_5244b7a692d333acc0662a"/>
                                    </text>
                                    <statusCode code="completed"/>
                                    <effectiveTime value="201210121645-0800"/>
                                    <value xsi:type="PQ">14.4<reference value="#ObservationValue_e244bbb6d2cc511a619325"/>
                                    </value>
                                    <referenceRange>
                                        <observationRange>
                                            <value xsi:type="IVL_PQ">
                                                <low value="14.0" unit="G/dl"/>
                                                <high value="18.0" unit="G/dl"/>
                                            </value>
                                        </observationRange>
                                    </referenceRange>
                                </observation>
                            </component>
                            <component>
                                <observation classCode="OBS" moodCode="EVN">
                                    <templateId root="2.16.840.1.113883.10.20.1.31"/>
                                    <templateId root="1.3.6.1.4.1.19376.1.5.3.1.4.13"/>
                                    <templateId root="2.16.840.1.113883.3.88.11.83.15.1"/>
                                    <id root="3a3aa3a4-5e5b-4758-867f-e80cabb677f7"/>
                                    <code code="#HCT" codeSystemName="L" displayName="HCT"/>
                                    <text>HCT<reference value="#Observation_704ca6959ac1a90a26081a"/>
                                    </text>
                                    <statusCode code="completed"/>
                                    <effectiveTime value="201210121645-0800"/>
                                    <value xsi:type="PQ">44.2<reference value="#ObservationValue_4742b095615b499f92be06"/>
                                    </value>
                                    <referenceRange>
                                        <observationRange>
                                            <value xsi:type="IVL_PQ">
                                                <low value="42.0" unit="PERCENT"/>
                                                <high value="54.0" unit="PERCENT"/>
                                            </value>
                                        </observationRange>
                                    </referenceRange>
                                </observation>
                            </component>
                            <component>
                                <observation classCode="OBS" moodCode="EVN">
                                    <templateId root="2.16.840.1.113883.10.20.1.31"/>
                                    <templateId root="1.3.6.1.4.1.19376.1.5.3.1.4.13"/>
                                    <templateId root="2.16.840.1.113883.3.88.11.83.15.1"/>
                                    <id root="3a7317ee-6fef-413f-a2a8-e29bc24d9d2a"/>
                                    <code code="#PLT" codeSystemName="L" displayName="PLATELETS"/>
                                    <text>PLATELETS<reference value="#Observation_634eebb4ede9031ca05595"/>
                                    </text>
                                    <statusCode code="completed"/>
                                    <effectiveTime value="201210121645-0800"/>
                                    <value xsi:type="PQ">137<reference value="#ObservationValue_6940ab93e936e2a259887a"/>
                                    </value>
                                    <interpretationCode code="N" codeSystem="2.16.840.1.113883.5.83" codeSystemName="Observation Interpretation" displayName="Normal"/>
                                    <referenceRange>
                                        <observationRange>
                                            <value xsi:type="IVL_PQ">
                                                <low value="130" unit="THOUSAND"/>
                                                <high value="400" unit="THOUSAND"/>
                                            </value>
                                        </observationRange>
                                    </referenceRange>
                                </observation>
                            </component>
                            <component>
                                <observation classCode="OBS" moodCode="EVN">
                                    <templateId root="2.16.840.1.113883.10.20.1.31"/>
                                    <templateId root="1.3.6.1.4.1.19376.1.5.3.1.4.13"/>
                                    <templateId root="2.16.840.1.113883.3.88.11.83.15.1"/>
                                    <id root="e206c135-009e-4253-b44c-d7e0c585f7ea"/>
                                    <code code="#RBC" codeSystemName="L" displayName="RBC"/>
                                    <text>RBC<reference value="#Observation_82419d9445b2e17121a6a4"/>
                                    </text>
                                    <statusCode code="completed"/>
                                    <effectiveTime value="201210121645-0800"/>
                                    <value xsi:type="PQ">4.81<reference value="#ObservationValue_bc4c368eabd7089b260878"/>
                                    </value>
                                    <referenceRange>
                                        <observationRange>
                                            <value xsi:type="IVL_PQ">
                                                <low value="4.70" unit="MILLION"/>
                                                <high value="6.10" unit="MILLION"/>
                                            </value>
                                        </observationRange>
                                    </referenceRange>
                                </observation>
                            </component>
                            <component>
                                <observation classCode="OBS" moodCode="EVN">
                                    <templateId root="2.16.840.1.113883.10.20.1.31"/>
                                    <templateId root="1.3.6.1.4.1.19376.1.5.3.1.4.13"/>
                                    <templateId root="2.16.840.1.113883.3.88.11.83.15.1"/>
                                    <id root="65ac2290-b2cb-4a35-a330-852d8fe50f37"/>
                                    <code code="#MCV" codeSystemName="L" displayName="MCV"/>
                                    <text>MCV<reference value="#Observation_4547b0b6dc93f6d6286003"/>
                                    </text>
                                    <statusCode code="completed"/>
                                    <effectiveTime value="201210121645-0800"/>
                                    <value xsi:type="PQ">92.2<reference value="#ObservationValue_f544459803c88ab167510b"/>
                                    </value>
                                    <referenceRange>
                                        <observationRange>
                                            <value xsi:type="IVL_PQ">
                                                <low value="83.0" unit="fl"/>
                                                <high value="99.0" unit="fl"/>
                                            </value>
                                        </observationRange>
                                    </referenceRange>
                                </observation>
                            </component>
                            <component>
                                <observation classCode="OBS" moodCode="EVN">
                                    <templateId root="2.16.840.1.113883.10.20.1.31"/>
                                    <templateId root="1.3.6.1.4.1.19376.1.5.3.1.4.13"/>
                                    <templateId root="2.16.840.1.113883.3.88.11.83.15.1"/>
                                    <id root="321c851b-2c68-4a83-9ad2-90472353b676"/>
                                    <code code="#MCH" codeSystemName="L" displayName="MCH"/>
                                    <text>MCH<reference value="#Observation_484bcebb5a0a8008e68dca"/>
                                    </text>
                                    <statusCode code="completed"/>
                                    <effectiveTime value="201210121645-0800"/>
                                    <value xsi:type="PQ">30.6<reference value="#ObservationValue_f3499a970073ffd762f431"/>
                                    </value>
                                    <referenceRange>
                                        <observationRange>
                                            <value xsi:type="IVL_PQ">
                                                <low value="27.0" unit="pg"/>
                                                <high value="32.0" unit="pg"/>
                                            </value>
                                        </observationRange>
                                    </referenceRange>
                                </observation>
                            </component>
                            <component>
                                <observation classCode="OBS" moodCode="EVN">
                                    <templateId root="2.16.840.1.113883.10.20.1.31"/>
                                    <templateId root="1.3.6.1.4.1.19376.1.5.3.1.4.13"/>
                                    <templateId root="2.16.840.1.113883.3.88.11.83.15.1"/>
                                    <id root="9d82c56c-ff60-45ae-839f-c25354b0097e"/>
                                    <code code="#MCHC" codeSystemName="L" displayName="MCHC"/>
                                    <text>MCHC<reference value="#Observation_c44d25b1f78404436cc9c9"/>
                                    </text>
                                    <statusCode code="completed"/>
                                    <effectiveTime value="201210121645-0800"/>
                                    <value xsi:type="PQ">33.3<reference value="#ObservationValue_a8474eae7d6cd3b2175409"/>
                                    </value>
                                    <referenceRange>
                                        <observationRange>
                                            <value xsi:type="IVL_PQ">
                                                <low value="32.0" unit="G/dl"/>
                                                <high value="37.0" unit="G/dl"/>
                                            </value>
                                        </observationRange>
                                    </referenceRange>
                                </observation>
                            </component>
                            <component>
                                <observation classCode="OBS" moodCode="EVN">
                                    <templateId root="2.16.840.1.113883.10.20.1.31"/>
                                    <templateId root="1.3.6.1.4.1.19376.1.5.3.1.4.13"/>
                                    <templateId root="2.16.840.1.113883.3.88.11.83.15.1"/>
                                    <id root="1d62cbdb-f432-418c-b9e1-dd1c83d2ce81"/>
                                    <code code="#RDW" codeSystemName="L" displayName="RDW"/>
                                    <text>RDW<reference value="#Observation_394aea942bce6201632166"/>
                                    </text>
                                    <statusCode code="completed"/>
                                    <effectiveTime value="201210121645-0800"/>
                                    <value xsi:type="PQ">13<reference value="#ObservationValue_734df794745844233d9c3a"/>
                                    </value>
                                    <interpretationCode code="N" codeSystem="2.16.840.1.113883.5.83" codeSystemName="Observation Interpretation" displayName="Normal"/>
                                    <referenceRange>
                                        <observationRange>
                                            <value xsi:type="IVL_PQ">
                                                <low value="11.5" unit="PERCENT"/>
                                                <high value="14.5" unit="PERCENT"/>
                                            </value>
                                        </observationRange>
                                    </referenceRange>
                                </observation>
                            </component>
                            <component>
                                <observation classCode="OBS" moodCode="EVN">
                                    <templateId root="2.16.840.1.113883.10.20.1.31"/>
                                    <templateId root="1.3.6.1.4.1.19376.1.5.3.1.4.13"/>
                                    <templateId root="2.16.840.1.113883.3.88.11.83.15.1"/>
                                    <id root="fb58ae0b-e9d4-44e6-b63a-acdfdef319ab"/>
                                    <code code="#NEUT" codeSystemName="L" displayName="NEUT"/>
                                    <text>NEUT<reference value="#Observation_e74a488281cdf224bc069e"/>
                                    </text>
                                    <statusCode code="completed"/>
                                    <effectiveTime value="201210121645-0800"/>
                                    <value xsi:type="PQ">68<reference value="#ObservationValue_e846d4a55ca1df02886685"/>
                                    </value>
                                    <interpretationCode code="N" codeSystem="2.16.840.1.113883.5.83" codeSystemName="Observation Interpretation" displayName="Normal"/>
                                    <referenceRange>
                                        <observationRange>
                                            <value xsi:type="IVL_PQ">
                                                <low value="40.0" unit="PERCENT"/>
                                                <high value="74.0" unit="PERCENT"/>
                                            </value>
                                        </observationRange>
                                    </referenceRange>
                                </observation>
                            </component>
                            <component>
                                <observation classCode="OBS" moodCode="EVN">
                                    <templateId root="2.16.840.1.113883.10.20.1.31"/>
                                    <templateId root="1.3.6.1.4.1.19376.1.5.3.1.4.13"/>
                                    <templateId root="2.16.840.1.113883.3.88.11.83.15.1"/>
                                    <id root="660b1e1b-be76-480e-a333-1aeeb858005f"/>
                                    <code code="#LYMPH" codeSystemName="L" displayName="LYMPH"/>
                                    <text>LYMPH<reference value="#Observation_99456cb3bab570ce36d175"/>
                                    </text>
                                    <statusCode code="completed"/>
                                    <effectiveTime value="201210121645-0800"/>
                                    <value xsi:type="PQ">27<reference value="#ObservationValue_e6410c889b7ed3a8dc4b73"/>
                                    </value>
                                    <interpretationCode code="N" codeSystem="2.16.840.1.113883.5.83" codeSystemName="Observation Interpretation" displayName="Normal"/>
                                    <referenceRange>
                                        <observationRange>
                                            <value xsi:type="IVL_PQ">
                                                <low value="19.0" unit="PERCENT"/>
                                                <high value="48.0" unit="PERCENT"/>
                                            </value>
                                        </observationRange>
                                    </referenceRange>
                                </observation>
                            </component>
                            <component>
                                <observation classCode="OBS" moodCode="EVN">
                                    <templateId root="2.16.840.1.113883.10.20.1.31"/>
                                    <templateId root="1.3.6.1.4.1.19376.1.5.3.1.4.13"/>
                                    <templateId root="2.16.840.1.113883.3.88.11.83.15.1"/>
                                    <id root="b260ff9a-9c20-4791-8587-d18993f2b59a"/>
                                    <code code="#MONO" codeSystemName="L" displayName="MONO"/>
                                    <text>MONO<reference value="#Observation_49451eb435ed17379e115a"/>
                                    </text>
                                    <statusCode code="completed"/>
                                    <effectiveTime value="201210121645-0800"/>
                                    <value xsi:type="PQ">8.7<reference value="#ObservationValue_6e4543a2850fefaca3f263"/>
                                    </value>
                                    <interpretationCode code="N" codeSystem="2.16.840.1.113883.5.83" codeSystemName="Observation Interpretation" displayName="Normal"/>
                                    <referenceRange>
                                        <observationRange>
                                            <value xsi:type="IVL_PQ">
                                                <low value="3.5" unit="PERCENT"/>
                                                <high value="9.0" unit="PERCENT"/>
                                            </value>
                                        </observationRange>
                                    </referenceRange>
                                </observation>
                            </component>
                            <component>
                                <observation classCode="OBS" moodCode="EVN">
                                    <templateId root="2.16.840.1.113883.10.20.1.31"/>
                                    <templateId root="1.3.6.1.4.1.19376.1.5.3.1.4.13"/>
                                    <templateId root="2.16.840.1.113883.3.88.11.83.15.1"/>
                                    <id root="3cfe6c82-0e39-4171-bd69-052f7827bfc2"/>
                                    <code code="#EOS" codeSystemName="L" displayName="EOS"/>
                                    <text>EOS<reference value="#Observation_8c424785f59a6d2e5bfbf6"/>
                                    </text>
                                    <statusCode code="completed"/>
                                    <effectiveTime value="201210121645-0800"/>
                                    <value xsi:type="PQ">0.7<reference value="#ObservationValue_734e92b258d81ecbd2bf9c"/>
                                    </value>
                                    <referenceRange>
                                        <observationRange>
                                            <value xsi:type="IVL_PQ">
                                                <low value="0.0" unit="PERCENT"/>
                                                <high value="7.0" unit="PERCENT"/>
                                            </value>
                                        </observationRange>
                                    </referenceRange>
                                </observation>
                            </component>
                            <component>
                                <observation classCode="OBS" moodCode="EVN">
                                    <templateId root="2.16.840.1.113883.10.20.1.31"/>
                                    <templateId root="1.3.6.1.4.1.19376.1.5.3.1.4.13"/>
                                    <templateId root="2.16.840.1.113883.3.88.11.83.15.1"/>
                                    <id root="53d3a3ba-73a4-46ad-a145-1491cd910141"/>
                                    <code code="#BASO" codeSystemName="L" displayName="BASO"/>
                                    <text>BASO<reference value="#Observation_85441a965052326973eef0"/>
                                    </text>
                                    <statusCode code="completed"/>
                                    <effectiveTime value="201210121645-0800"/>
                                    <value xsi:type="PQ">0.6<reference value="#ObservationValue_63473588349a8d6b76281f"/>
                                    </value>
                                    <referenceRange>
                                        <observationRange>
                                            <value xsi:type="IVL_PQ">
                                                <low value="0.0" unit="PERCENT"/>
                                                <high value="1.5" unit="PERCENT"/>
                                            </value>
                                        </observationRange>
                                    </referenceRange>
                                </observation>
                            </component>
                            <component>
                                <observation classCode="OBS" moodCode="EVN">
                                    <templateId root="2.16.840.1.113883.10.20.1.31"/>
                                    <templateId root="1.3.6.1.4.1.19376.1.5.3.1.4.13"/>
                                    <templateId root="2.16.840.1.113883.3.88.11.83.15.1"/>
                                    <id root="8f37ae17-6cc7-4344-9c0b-78807023199d"/>
                                    <code code="#LUC" codeSystemName="L" displayName="LGE UNST.CELL"/>
                                    <text>LGE UNST.CELL<reference value="#Observation_da4dff84aa950bd4790b9e"/>
                                    </text>
                                    <statusCode code="completed"/>
                                    <effectiveTime value="201210121645-0800"/>
                                    <value xsi:type="PQ">0.9<reference value="#ObservationValue_6a414f9f5c23db3a9b7105"/>
                                    </value>
                                    <referenceRange>
                                        <observationRange>
                                            <value xsi:type="IVL_PQ">
                                                <low value="0.0" unit="PERCENT"/>
                                                <high value="4.0" unit="PERCENT"/>
                                            </value>
                                        </observationRange>
                                    </referenceRange>
                                </observation>
                            </component>
                            <component>
                                <observation classCode="OBS" moodCode="EVN">
                                    <templateId root="2.16.840.1.113883.10.20.1.31"/>
                                    <templateId root="1.3.6.1.4.1.19376.1.5.3.1.4.13"/>
                                    <templateId root="2.16.840.1.113883.3.88.11.83.15.1"/>
                                    <id root="17b15fc9-08ed-48d1-944e-0f993e15f416"/>
                                    <code code="##NEUT" codeSystemName="L" displayName="NEUT ABS"/>
                                    <text>NEUT ABS<reference value="#Observation_d34a249f2890baa671c893"/>
                                    </text>
                                    <statusCode code="completed"/>
                                    <effectiveTime value="201210121645-0800"/>
                                    <value xsi:type="PQ">6.50<reference value="#ObservationValue_874c0d8dc37920bdfbccd3"/>
                                    </value>
                                    <referenceRange>
                                        <observationRange>
                                            <value xsi:type="IVL_PQ">
                                                <low value="1.90" unit="THOUSAND"/>
                                                <high value="8.00" unit="THOUSAND"/>
                                            </value>
                                        </observationRange>
                                    </referenceRange>
                                </observation>
                            </component>
                            <component>
                                <observation classCode="OBS" moodCode="EVN">
                                    <templateId root="2.16.840.1.113883.10.20.1.31"/>
                                    <templateId root="1.3.6.1.4.1.19376.1.5.3.1.4.13"/>
                                    <templateId root="2.16.840.1.113883.3.88.11.83.15.1"/>
                                    <id root="90268b9b-a226-4d98-a464-8752665ca2be"/>
                                    <code code="##LYMP" codeSystemName="L" displayName="LYMPH ABS"/>
                                    <text>LYMPH ABS<reference value="#Observation_4849b087405177d9863278"/>
                                    </text>
                                    <statusCode code="completed"/>
                                    <effectiveTime value="201210121645-0800"/>
                                    <value xsi:type="PQ">1.4<reference value="#ObservationValue_f548b8ae456e9f856b0210"/>
                                    </value>
                                    <interpretationCode code="N" codeSystem="2.16.840.1.113883.5.83" codeSystemName="Observation Interpretation" displayName="Normal"/>
                                    <referenceRange>
                                        <observationRange>
                                            <value xsi:type="IVL_PQ">
                                                <low value="0.90" unit="THOUSAND"/>
                                                <high value="5.20" unit="THOUSAND"/>
                                            </value>
                                        </observationRange>
                                    </referenceRange>
                                </observation>
                            </component>
                            <component>
                                <observation classCode="OBS" moodCode="EVN">
                                    <templateId root="2.16.840.1.113883.10.20.1.31"/>
                                    <templateId root="1.3.6.1.4.1.19376.1.5.3.1.4.13"/>
                                    <templateId root="2.16.840.1.113883.3.88.11.83.15.1"/>
                                    <id root="bca66e3c-53b5-4a99-a3f4-742c9e5cd0b2"/>
                                    <code code="##MONO" codeSystemName="L" displayName="MONO ABS"/>
                                    <text>MONO ABS<reference value="#Observation_044bfdbb68f5e4aff51c02"/>
                                    </text>
                                    <statusCode code="completed"/>
                                    <effectiveTime value="201210121645-0800"/>
                                    <value xsi:type="PQ">0.80<reference value="#ObservationValue_6c474eb74f733eb13423f7"/>
                                    </value>
                                    <referenceRange>
                                        <observationRange>
                                            <value xsi:type="IVL_PQ">
                                                <low value="0.16" unit="THOUSAND"/>
                                                <high value="1.00" unit="THOUSAND"/>
                                            </value>
                                        </observationRange>
                                    </referenceRange>
                                </observation>
                            </component>
                            <component>
                                <observation classCode="OBS" moodCode="EVN">
                                    <templateId root="2.16.840.1.113883.10.20.1.31"/>
                                    <templateId root="1.3.6.1.4.1.19376.1.5.3.1.4.13"/>
                                    <templateId root="2.16.840.1.113883.3.88.11.83.15.1"/>
                                    <id root="ace5012f-1c8f-47a9-9692-3467dfe0f7ae"/>
                                    <code code="EOS" codeSystemName="L" displayName="EOS ABS"/>
                                    <text>EOS ABS<reference value="#Observation_5b41809a7608acf255c127"/>
                                    </text>
                                    <statusCode code="completed"/>
                                    <effectiveTime value="201210121645-0800"/>
                                    <value xsi:type="PQ">0.07<reference value="#ObservationValue_894c7baa38b15bc638d515"/>
                                    </value>
                                    <referenceRange>
                                        <observationRange>
                                            <value xsi:type="IVL_PQ">
                                                <low value="0.00" unit="THOUSAND"/>
                                                <high value="0.80" unit="THOUSAND"/>
                                            </value>
                                        </observationRange>
                                    </referenceRange>
                                </observation>
                            </component>
                            <component>
                                <observation classCode="OBS" moodCode="EVN">
                                    <templateId root="2.16.840.1.113883.10.20.1.31"/>
                                    <templateId root="1.3.6.1.4.1.19376.1.5.3.1.4.13"/>
                                    <templateId root="2.16.840.1.113883.3.88.11.83.15.1"/>
                                    <id root="8ec826cb-3f76-42f3-a90d-f2a18e78e027"/>
                                    <code code="BASO" codeSystemName="L" displayName="BASO ABS"/>
                                    <text>BASO ABS<reference value="#Observation_7d4c6786e717e8efbbe4fa"/>
                                    </text>
                                    <statusCode code="completed"/>
                                    <effectiveTime value="201210121645-0800"/>
                                    <value xsi:type="PQ">0.08<reference value="#ObservationValue_3f4e9e9f5f927937cc9fc6"/>
                                    </value>
                                    <referenceRange>
                                        <observationRange>
                                            <value xsi:type="IVL_PQ">
                                                <low value="0.00" unit="THOUSAND"/>
                                                <high value="0.20" unit="THOUSAND"/>
                                            </value>
                                        </observationRange>
                                    </referenceRange>
                                </observation>
                            </component>
                            <component>
                                <observation classCode="OBS" moodCode="EVN">
                                    <templateId root="2.16.840.1.113883.10.20.1.31"/>
                                    <templateId root="1.3.6.1.4.1.19376.1.5.3.1.4.13"/>
                                    <templateId root="2.16.840.1.113883.3.88.11.83.15.1"/>
                                    <id root="ff2ad8a7-a1f5-45cf-91ac-560601b96f9b"/>
                                    <code code="##LUC" codeSystemName="L" displayName="LUC ABS"/>
                                    <text>LUC ABS<reference value="#Observation_16437f8f48d1afee31a83c"/>
                                    </text>
                                    <statusCode code="completed"/>
                                    <effectiveTime value="201210121645-0800"/>
                                    <value xsi:type="PQ">0.07<reference value="#ObservationValue_6c49b9a356481592990e0d"/>
                                    </value>
                                    <referenceRange>
                                        <observationRange>
                                            <value xsi:type="IVL_PQ">
                                                <low value="0.00" unit="THOUSAND"/>
                                                <high value="0.40" unit="THOUSAND"/>
                                            </value>
                                        </observationRange>
                                    </referenceRange>
                                </observation>
                            </component>
                            <component>
                                <observation classCode="OBS" moodCode="EVN">
                                    <templateId root="2.16.840.1.113883.10.20.1.31"/>
                                    <templateId root="1.3.6.1.4.1.19376.1.5.3.1.4.13"/>
                                    <templateId root="2.16.840.1.113883.3.88.11.83.15.1"/>
                                    <id root="de52bdb2-44e9-41e5-9344-4ed24669ac8b"/>
                                    <code code="#MNBND" codeSystemName="L" displayName="MAN BAND NEUT"/>
                                    <text>MAN BAND NEUT<reference value="#Observation_1446cb933e1885df326837"/>
                                    </text>
                                    <statusCode code="completed"/>
                                    <effectiveTime value="201210121645-0800"/>
                                    <value xsi:type="PQ">6<reference value="#ObservationValue_454fedba80f8c2425ba79a"/>
                                    </value>
                                    <interpretationCode code="N" codeSystem="2.16.840.1.113883.5.83" codeSystemName="Observation Interpretation" displayName="Normal"/>
                                    <referenceRange>
                                        <observationRange>
                                            <value xsi:type="IVL_PQ">
                                                <low value="0" unit="PERCENT"/>
                                                <high value="8" unit="PERCENT"/>
                                            </value>
                                        </observationRange>
                                    </referenceRange>
                                </observation>
                            </component>
                            <component>
                                <observation classCode="OBS" moodCode="EVN">
                                    <templateId root="2.16.840.1.113883.10.20.1.31"/>
                                    <templateId root="1.3.6.1.4.1.19376.1.5.3.1.4.13"/>
                                    <templateId root="2.16.840.1.113883.3.88.11.83.15.1"/>
                                    <id root="0a050297-0a2b-4ada-af49-c5f502718216"/>
                                    <code code="#MNSEG" codeSystemName="L" displayName="MAN SEG NEUT"/>
                                    <text>MAN SEG NEUT<reference value="#Observation_d24d838d9d2a3d8484a8d2"/>
                                    </text>
                                    <statusCode code="completed"/>
                                    <effectiveTime value="201210121645-0800"/>
                                    <value xsi:type="PQ">70<reference value="#ObservationValue_f34e89a4853f2c2bef644a"/>
                                    </value>
                                    <referenceRange>
                                        <observationRange>
                                            <value xsi:type="IVL_PQ">
                                                <low value="40" unit="PERCENT"/>
                                                <high value="74" unit="PERCENT"/>
                                            </value>
                                        </observationRange>
                                    </referenceRange>
                                </observation>
                            </component>
                            <component>
                                <observation classCode="OBS" moodCode="EVN">
                                    <templateId root="2.16.840.1.113883.10.20.1.31"/>
                                    <templateId root="1.3.6.1.4.1.19376.1.5.3.1.4.13"/>
                                    <templateId root="2.16.840.1.113883.3.88.11.83.15.1"/>
                                    <id root="9e83c6ed-cd3b-47d0-86ec-43a087b0c6b7"/>
                                    <code code="#MNLYM" codeSystemName="L" displayName="MAN LYMPH"/>
                                    <text>MAN LYMPH<reference value="#Observation_304eb0933f247a5eaa6055"/>
                                    </text>
                                    <statusCode code="completed"/>
                                    <effectiveTime value="201210121645-0800"/>
                                    <value xsi:type="PQ">21<reference value="#ObservationValue_d1426a97c54969422bf54f"/>
                                    </value>
                                    <interpretationCode code="N" codeSystem="2.16.840.1.113883.5.83" codeSystemName="Observation Interpretation" displayName="Normal"/>
                                    <referenceRange>
                                        <observationRange>
                                            <value xsi:type="IVL_PQ">
                                                <low value="19" unit="PERCENT"/>
                                                <high value="48" unit="PERCENT"/>
                                            </value>
                                        </observationRange>
                                    </referenceRange>
                                </observation>
                            </component>
                            <component>
                                <observation classCode="OBS" moodCode="EVN">
                                    <templateId root="2.16.840.1.113883.10.20.1.31"/>
                                    <templateId root="1.3.6.1.4.1.19376.1.5.3.1.4.13"/>
                                    <templateId root="2.16.840.1.113883.3.88.11.83.15.1"/>
                                    <id root="b082a8c0-26df-488e-a838-e05fc587e561"/>
                                    <code code="#MNMNO" codeSystemName="L" displayName="MAN MONO"/>
                                    <text>MAN MONO<reference value="#Observation_8b46cdb9327026abef2f83"/>
                                    </text>
                                    <statusCode code="completed"/>
                                    <effectiveTime value="201210121645-0800"/>
                                    <value xsi:type="PQ">8<reference value="#ObservationValue_524584b0731dae72d569e5"/>
                                    </value>
                                    <referenceRange>
                                        <observationRange>
                                            <value xsi:type="IVL_PQ">
                                                <low value="4" unit="PERCENT"/>
                                                <high value="9" unit="PERCENT"/>
                                            </value>
                                        </observationRange>
                                    </referenceRange>
                                </observation>
                            </component>
                            <component>
                                <observation classCode="OBS" moodCode="EVN">
                                    <templateId root="2.16.840.1.113883.10.20.1.31"/>
                                    <templateId root="1.3.6.1.4.1.19376.1.5.3.1.4.13"/>
                                    <templateId root="2.16.840.1.113883.3.88.11.83.15.1"/>
                                    <id root="af2b2fa1-041d-411f-844c-0f44be93f478"/>
                                    <code code="#MNEOS" codeSystemName="L" displayName="MAN EOS"/>
                                    <text>MAN EOS<reference value="#Observation_b148198315fc9a2be9f70e"/>
                                    </text>
                                    <statusCode code="completed"/>
                                    <effectiveTime value="201210121645-0800"/>
                                    <value xsi:type="PQ">3<reference value="#ObservationValue_f749239761fc7ecf9fbaf1"/>
                                    </value>
                                    <referenceRange>
                                        <observationRange>
                                            <value xsi:type="IVL_PQ">
                                                <low value="0" unit="PERCENT"/>
                                                <high value="7" unit="PERCENT"/>
                                            </value>
                                        </observationRange>
                                    </referenceRange>
                                </observation>
                            </component>
                            <component>
                                <observation classCode="OBS" moodCode="EVN">
                                    <templateId root="2.16.840.1.113883.10.20.1.31"/>
                                    <templateId root="1.3.6.1.4.1.19376.1.5.3.1.4.13"/>
                                    <templateId root="2.16.840.1.113883.3.88.11.83.15.1"/>
                                    <id root="67828049-e638-43de-961b-bf31f1269df6"/>
                                    <code code="#MNBAS" codeSystemName="L" displayName="MAN BASO"/>
                                    <text>MAN BASO<reference value="#Observation_394c85837c7427860dd088"/>
                                    </text>
                                    <statusCode code="completed"/>
                                    <effectiveTime value="201210121645-0800"/>
                                    <value xsi:type="PQ">0<reference value="#ObservationValue_7a4cde8c02d5045bec2f70"/>
                                    </value>
                                    <referenceRange>
                                        <observationRange>
                                            <value xsi:type="IVL_PQ">
                                                <low value="0" unit="PERCENT"/>
                                                <high value="2" unit="PERCENT"/>
                                            </value>
                                        </observationRange>
                                    </referenceRange>
                                </observation>
                            </component>
                            <component>
                                <observation classCode="OBS" moodCode="EVN">
                                    <templateId root="2.16.840.1.113883.10.20.1.31"/>
                                    <templateId root="1.3.6.1.4.1.19376.1.5.3.1.4.13"/>
                                    <templateId root="2.16.840.1.113883.3.88.11.83.15.1"/>
                                    <id root="3c8d9516-b64f-4fee-897d-b2e470f163eb"/>
                                    <code code="#MNMET" codeSystemName="L" displayName="MAN METAMYL"/>
                                    <text>MAN METAMYL<reference value="#Observation_b04221bffb5fdb3287c3b4"/>
                                    </text>
                                    <statusCode code="completed"/>
                                    <effectiveTime value="201210121645-0800"/>
                                    <value xsi:type="PQ">0<reference value="#ObservationValue_fc4db48dddcae5c1808b1e"/>
                                    </value>
                                    <referenceRange>
                                        <observationRange>
                                            <value xsi:type="IVL_PQ">
                                                <low value="0" unit="PERCENT"/>
                                                <high value="1" unit="PERCENT"/>
                                            </value>
                                        </observationRange>
                                    </referenceRange>
                                </observation>
                            </component>
                            <component>
                                <observation classCode="OBS" moodCode="EVN">
                                    <templateId root="2.16.840.1.113883.10.20.1.31"/>
                                    <templateId root="1.3.6.1.4.1.19376.1.5.3.1.4.13"/>
                                    <templateId root="2.16.840.1.113883.3.88.11.83.15.1"/>
                                    <id root="fed2ee21-d5af-4f52-931f-42d293441c4d"/>
                                    <code code="#MNMYL" codeSystemName="L" displayName="MAN MYELOCYTE"/>
                                    <text>MAN MYELOCYTE<reference value="#Observation_a940e88da8b12a0b535ab5"/>
                                    </text>
                                    <statusCode code="completed"/>
                                    <effectiveTime value="201210121645-0800"/>
                                    <value xsi:type="PQ">0<reference value="#ObservationValue_cf45a188bbac328e2c85a2"/>
                                    </value>
                                    <referenceRange>
                                        <observationRange>
                                            <value xsi:type="IVL_PQ">
                                                <low value="0" unit="PERCENT"/>
                                                <high value="1" unit="PERCENT"/>
                                            </value>
                                        </observationRange>
                                    </referenceRange>
                                </observation>
                            </component>
                            <component>
                                <observation classCode="OBS" moodCode="EVN">
                                    <templateId root="2.16.840.1.113883.10.20.1.31"/>
                                    <templateId root="1.3.6.1.4.1.19376.1.5.3.1.4.13"/>
                                    <templateId root="2.16.840.1.113883.3.88.11.83.15.1"/>
                                    <id root="9d96f3ca-9fed-45d1-9d12-dfee4681a4e6"/>
                                    <code code="#MNPRO" codeSystemName="L" displayName="MAN PROMYELO"/>
                                    <text>MAN PROMYELO<reference value="#Observation_184ec491c1fd90c52e1528"/>
                                    </text>
                                    <statusCode code="completed"/>
                                    <effectiveTime value="201210121645-0800"/>
                                    <value xsi:type="PQ">0<reference value="#ObservationValue_c441a09fea8b1e9ab208c1"/>
                                    </value>
                                    <referenceRange>
                                        <observationRange>
                                            <value xsi:type="IVL_PQ">
                                                <low value="0" unit="PERCENT"/>
                                                <high value="0" unit="PERCENT"/>
                                            </value>
                                        </observationRange>
                                    </referenceRange>
                                </observation>
                            </component>
                            <component>
                                <observation classCode="OBS" moodCode="EVN">
                                    <templateId root="2.16.840.1.113883.10.20.1.31"/>
                                    <templateId root="1.3.6.1.4.1.19376.1.5.3.1.4.13"/>
                                    <templateId root="2.16.840.1.113883.3.88.11.83.15.1"/>
                                    <id root="9af9be5c-6f05-4a87-95d1-d0bd1c2a1410"/>
                                    <code code="#MNBLS" codeSystemName="L" displayName="MAN BLASTS"/>
                                    <text>MAN BLASTS<reference value="#Observation_96435f86d626923a20e04c"/>
                                    </text>
                                    <statusCode code="completed"/>
                                    <effectiveTime value="201210121645-0800"/>
                                    <value xsi:type="PQ">0<reference value="#ObservationValue_75442cbae2061c1fb7ab61"/>
                                    </value>
                                    <referenceRange>
                                        <observationRange>
                                            <value xsi:type="IVL_PQ">
                                                <low value="0" unit="PERCENT"/>
                                                <high value="0" unit="PERCENT"/>
                                            </value>
                                        </observationRange>
                                    </referenceRange>
                                </observation>
                            </component>
                            <component>
                                <observation classCode="OBS" moodCode="EVN">
                                    <templateId root="2.16.840.1.113883.10.20.1.31"/>
                                    <templateId root="1.3.6.1.4.1.19376.1.5.3.1.4.13"/>
                                    <templateId root="2.16.840.1.113883.3.88.11.83.15.1"/>
                                    <id root="611d1633-72c5-4daa-b4d2-ea9fa3399e88"/>
                                    <code code="#ESPLT" codeSystemName="L" displayName="PLATELET (EST)"/>
                                    <text>PLATELET (EST)<reference value="#Observation_814574bdc1ae9d77d4ab88"/>
                                    </text>
                                    <statusCode code="completed"/>
                                    <effectiveTime value="201210121645-0800"/>
                                    <value xsi:type="ED">10-12<reference value="#ObservationValue_c643e4922885287d05e951"/>
                                    </value>
                                    <entryRelationship typeCode="SUBJ" inversionInd="true">
                                        <act classCode="ACT" moodCode="EVN">
                                            <templateId root="2.16.840.1.113883.10.20.1.40"/>
                                            <templateId root="2.16.840.1.113883.3.88.11.83.11"/>
                                            <templateId root="1.3.6.1.4.1.19376.1.5.3.1.4.2"/>
                                            <code code="48767-8" codeSystem="2.16.840.1.113883.6.1" codeSystemName="LOINC" displayName="Annotation Comment"/>
                                            <text>PLATELET COUNT CONSISTENT  WITH SLIDE REVIEW ESPLT  EACH PLATELET PER OIL IMMERSION FIELD REPRESENTS APPROXIMATELY        TWENTY THOUSAND PLATELETS PER CUBIC MILLIMETER.<reference value="Comment_bb4d40b0ffa021d3815e1b"/>
                                            </text>
                                            <statusCode code="completed"/>
                                        </act>
                                    </entryRelationship>
                                    <referenceRange>
                                        <observationRange>
                                            <value xsi:type="IVL_PQ">
                                                <low value="7" unit="PER_OIF"/>
                                                <high value="20" unit="PER_OIF"/>
                                            </value>
                                        </observationRange>
                                    </referenceRange>
                                </observation>
                            </component>
                        </organizer>
                    </entry>
                </section>
            </component>
            <component>
                <section>
                    <templateId root="2.16.840.1.113883.10.20.1.16"/>
                    <templateId root="1.3.6.1.4.1.19376.1.5.3.1.3.25"/>
                    <templateId root="2.16.840.1.113883.3.88.11.83.119"/>
                    <templateId root="1.3.6.1.4.1.19376.1.5.3.1.1.5.3.2"/>
                    <code code="8716-3" codeSystem="2.16.840.1.113883.6.1" codeSystemName="LOINC"
                        displayName="Vital signs"/>
                    <title>Vital Signs</title>
                    <text>
                        <table>
                            <caption ID="Battery_6c4c27b7a5278f7ee14512" styleCode="bold"/>
                            <thead>
                                <tr>
                                    <th>Observation</th>
                                    <th>Value</th>
                                    <th>Reference Range</th>
                                    <th>Units</th>
                                    <th>Interpretation</th>
                                    <th>Notes</th>
                                </tr>
                            </thead>
                            <tbody>
                                <tr>
                                    <td ID="Observation_f44fe783f1dc2642d541bf">BODY HEIGHT
                                        (MEASURED)</td>
                                    <td>173.0</td>
                                    <td>No Information</td>
                                    <td/>
                                    <td>No Information</td>
                                    <td>No Information</td>
                                </tr>
                                <tr>
                                    <td ID="Observation_13417cb46f4b463f9207ff">BODY WEIGHT
                                        (MEASURED)</td>
                                    <td>70.0</td>
                                    <td>No Information</td>
                                    <td/>
                                    <td>No Information</td>
                                    <td>No Information</td>
                                </tr>
                                <tr>
                                    <td ID="Observation_3345d4b5eb91276b3a5e8c">BODY
                                        TEMPERATURE</td>
                                    <td>32.0</td>
                                    <td>No Information</td>
                                    <td/>
                                    <td>No Information</td>
                                    <td>No Information</td>
                                </tr>
                                <tr>
                                    <td ID="Observation_0449e89e5aaed3452dceb2">INTRAVASCULAR
                                        SYSTOLIC</td>
                                    <td>120.0</td>
                                    <td>No Information</td>
                                    <td>mm[Hg]</td>
                                    <td>No Information</td>
                                    <td>No Information</td>
                                </tr>
                                <tr>
                                    <td ID="Observation_0e4683b0a6ecea0957ec8a">INTRAVASCULAR
                                        DIASTOLIC</td>
                                    <td>80.0</td>
                                    <td>No Information</td>
                                    <td>mm[Hg]</td>
                                    <td>No Information</td>
                                    <td>No Information</td>
                                </tr>
                                <tr>
                                    <td ID="Observation_ba4f0ea566d486463bd06a">HEART BEAT</td>
                                    <td>150.0</td>
                                    <td>No Information</td>
                                    <td>/min</td>
                                    <td>No Information</td>
                                    <td>No Information</td>
                                </tr>
                                <tr>
                                    <td ID="Observation_ef47888ddb409c3e87b509">RESPIRATION
                                        RATE</td>
                                    <td>17.0</td>
                                    <td>No Information</td>
                                    <td>/min</td>
                                    <td>No Information</td>
                                    <td>No Information</td>
                                </tr>
                                <tr>
                                    <td ID="Observation_d7451488f52f7b404d739e">ELY-PEFR^PEAK
                                        EXPIRATION FLOW RATE^L</td>
                                    <td>93</td>
                                    <td>No Information</td>
                                    <td/>
                                    <td>No Information</td>
                                    <td>No Information</td>
                                </tr>
                                <tr>
                                    <td ID="Observation_214cbfbec7036357ec671b">BODY MASS INDEX</td>
                                    <td>23.4</td>
                                    <td>No Information</td>
                                    <td/>
                                    <td>No Information</td>
                                    <td>No Information</td>
                                </tr>
                            </tbody>
                        </table>
                        <table>
                            <caption ID="Battery_ed4a6295ceb4cb5e116299" styleCode="bold">Vital
                                Signs</caption>
                            <thead>
                                <tr>
                                    <th>Observation</th>
                                    <th>Value</th>
                                    <th>Reference Range</th>
                                    <th>Units</th>
                                    <th>Interpretation</th>
                                    <th>Notes</th>
                                </tr>
                            </thead>
                            <tbody>
                                <tr>
                                    <td ID="Observation_7544a5b7f9d2d014b42dc9">BODY HEIGHT
                                        (MEASURED)</td>
                                    <td>70.0</td>
                                    <td>No Information</td>
                                    <td>[in_us]</td>
                                    <td>No Information</td>
                                    <td>No Information</td>
                                </tr>
                                <tr>
                                    <td ID="Observation_4043919c5ac8298bf1be0f">BODY WEIGHT
                                        (MEASURED)</td>
                                    <td>150.0</td>
                                    <td>No Information</td>
                                    <td>[lb_av]</td>
                                    <td>No Information</td>
                                    <td>No Information</td>
                                </tr>
                                <tr>
                                    <td ID="Observation_a54ef48bbb12bb42c654c0">BODY
                                        TEMPERATURE</td>
                                    <td>98.5</td>
                                    <td>No Information</td>
                                    <td/>
                                    <td>No Information</td>
                                    <td>No Information</td>
                                </tr>
                                <tr>
                                    <td ID="Observation_ef46dfb181e465553c844f">INTRAVASCULAR
                                        SYSTOLIC</td>
                                    <td>120.0</td>
                                    <td>No Information</td>
                                    <td>mm[Hg]</td>
                                    <td>No Information</td>
                                    <td>No Information</td>
                                </tr>
                                <tr>
                                    <td ID="Observation_fb41a38ab291d5e61bedfa">INTRAVASCULAR
                                        DIASTOLIC</td>
                                    <td>60.0</td>
                                    <td>No Information</td>
                                    <td>mm[Hg]</td>
                                    <td>No Information</td>
                                    <td>No Information</td>
                                </tr>
                                <tr>
                                    <td ID="Observation_214aee8a755badd8dc610b">HEART BEAT</td>
                                    <td>65.0</td>
                                    <td>No Information</td>
                                    <td>/min</td>
                                    <td>No Information</td>
                                    <td>No Information</td>
                                </tr>
                                <tr>
                                    <td ID="Observation_2e45a297a2cec3e714f975">RESPIRATION
                                        RATE</td>
                                    <td>99.0</td>
                                    <td>No Information</td>
                                    <td>/min</td>
                                    <td>No Information</td>
                                    <td>No Information</td>
                                </tr>
                                <tr>
                                    <td ID="Observation_914c5c936dee9f4717de50">ELY-PEFR^PEAK
                                        EXPIRATION FLOW RATE^L</td>
                                    <td>100</td>
                                    <td>No Information</td>
                                    <td/>
                                    <td>No Information</td>
                                    <td>No Information</td>
                                </tr>
                                <tr>
                                    <td ID="Observation_134f239e4ef59c57bd64e2">BODY MASS INDEX</td>
                                    <td>21.5</td>
                                    <td>No Information</td>
                                    <td/>
                                    <td>No Information</td>
                                    <td>No Information</td>
                                </tr>
                            </tbody>
                        </table>
                        <table>
                            <caption ID="Battery_c545b68439fd31106e095d" styleCode="bold">Vital
                                Signs</caption>
                            <thead>
                                <tr>
                                    <th>Observation</th>
                                    <th>Value</th>
                                    <th>Reference Range</th>
                                    <th>Units</th>
                                    <th>Interpretation</th>
                                    <th>Notes</th>
                                </tr>
                            </thead>
                            <tbody>
                                <tr>
                                    <td ID="Observation_774a7e986686be3cb82b98">BODY HEIGHT
                                        (MEASURED)</td>
                                    <td>70.0</td>
                                    <td>No Information</td>
                                    <td>[in_us]</td>
                                    <td>No Information</td>
                                    <td>No Information</td>
                                </tr>
                                <tr>
                                    <td ID="Observation_bb4e4b81582ae95eb051fa">BODY WEIGHT
                                        (MEASURED)</td>
                                    <td>150.0</td>
                                    <td>No Information</td>
                                    <td>[lb_av]</td>
                                    <td>No Information</td>
                                    <td>No Information</td>
                                </tr>
                                <tr>
                                    <td ID="Observation_c745a68614383356e9f3a4">BODY
                                        TEMPERATURE</td>
                                    <td>98.5</td>
                                    <td>No Information</td>
                                    <td/>
                                    <td>No Information</td>
                                    <td>No Information</td>
                                </tr>
                                <tr>
                                    <td ID="Observation_344e419ff73e6310a6cdb8">INTRAVASCULAR
                                        SYSTOLIC</td>
                                    <td>120.0</td>
                                    <td>No Information</td>
                                    <td>mm[Hg]</td>
                                    <td>No Information</td>
                                    <td>No Information</td>
                                </tr>
                                <tr>
                                    <td ID="Observation_6544b4a892b437edeb3b28">INTRAVASCULAR
                                        DIASTOLIC</td>
                                    <td>60.0</td>
                                    <td>No Information</td>
                                    <td>mm[Hg]</td>
                                    <td>No Information</td>
                                    <td>No Information</td>
                                </tr>
                                <tr>
                                    <td ID="Observation_d44eeab4bd9db69e3f6543">HEART BEAT</td>
                                    <td>65.0</td>
                                    <td>No Information</td>
                                    <td>/min</td>
                                    <td>No Information</td>
                                    <td>No Information</td>
                                </tr>
                                <tr>
                                    <td ID="Observation_fb40508b6308c0e5fa80ea">RESPIRATION
                                        RATE</td>
                                    <td>99.0</td>
                                    <td>No Information</td>
                                    <td>/min</td>
                                    <td>No Information</td>
                                    <td>No Information</td>
                                </tr>
                                <tr>
                                    <td ID="Observation_ce475f9f81f96b0858a4d9">ELY-PEFR^PEAK
                                        EXPIRATION FLOW RATE^L</td>
                                    <td>100</td>
                                    <td>No Information</td>
                                    <td/>
                                    <td>No Information</td>
                                    <td>No Information</td>
                                </tr>
                                <tr>
                                    <td ID="Observation_a24e67b23be57027977aed">BODY MASS INDEX</td>
                                    <td>21.5</td>
                                    <td>No Information</td>
                                    <td/>
                                    <td>No Information</td>
                                    <td>No Information</td>
                                </tr>
                            </tbody>
                        </table>
                    </text>
                    
                    
                    <entry  xmlns="urn:hl7-org:v3" xmlns:voc="urn:hl7-org:v3/voc" xmlns:xsi="http://www.w3.org/2001/XMLSchema-instance" xmlns:axolotl="urn:axolotl-com:pdo">
                        <organizer classCode="BATTERY" moodCode="EVN">
                            <templateId root="2.16.840.1.113883.10.20.1.35"/>
                            <templateId root="1.3.6.1.4.1.19376.1.5.3.1.4.13.1"/>
                            <templateId root="2.16.840.1.113883.10.20.1.32"/>
                            <id root="5e6b080a-03a9-42b4-8815-9a472620bf33"/>
                            <code code="46680005" codeSystem="2.16.840.1.113883.6.96" codeSystemName="SNOMED CT" displayName="Vital signs"/>
                            <statusCode code="completed"/>
                            <effectiveTime value="201204070945-0800"/>
                            <component>
                                <procedure classCode="PROC" moodCode="EVN">
                                    <templateId root="2.16.840.1.113883.10.20.1.29"/>
                                    <templateId root="1.3.6.1.4.1.19376.1.5.3.1.4.19"/>
                                    <templateId root="2.16.840.1.113883.3.88.11.83.17"/>
                                    <id root="219d8535-5206-41cf-9bf8-db22e85a414e"/>
                                    <code nullFlavor="NI">
                                        <originalText>Vital Signs<reference value="#Battery_8c4a7c9e10efd5dce2a6f7"/>
                                        </originalText>
                                    </code>
                                    <text>Vital Signs<reference value="#Battery_8c4a7c9e10efd5dce2a6f7"/>
                                    </text>
                                    <statusCode code="completed"/>
                                    <effectiveTime value="201204070945-0800"/>
                                    <priorityCode nullFlavor="NI"/>
                                    <participant typeCode="RESP" contextControlCode="OP">
                                        <participantRole>
                                            <playingEntity>
                                                <name>
                                                    <given>Doctor</given>
                                                    <family>Doom</family>
                                                </name>
                                            </playingEntity>
                                        </participantRole>
                                    </participant>
                                    <participant typeCode="ORG" contextControlCode="OP">
                                        <participantRole>
                                            <playingEntity>
                                                <name>AOMC</name>
                                            </playingEntity>
                                        </participantRole>
                                    </participant>
                                </procedure>
                            </component>
                            <component>
                                <observation classCode="OBS" moodCode="EVN">
                                    <templateId root="2.16.840.1.113883.10.20.1.31"/>
                                    <templateId root="1.3.6.1.4.1.19376.1.5.3.1.4.13"/>
                                    <templateId root="1.3.6.1.4.1.19376.1.5.3.1.4.13.2"/>
                                    <templateId root="2.16.840.1.113883.3.88.11.83.14"/>
                                    <id root="5cc76264-72e8-4fc9-bca8-1b3d87fbddc0"/>
                                    <code code="8302-2" codeSystem="2.16.840.1.113883.6.1" displayName="BODY HEIGHT (MEASURED)"/>
                                    <text>BODY HEIGHT (MEASURED)<reference value="#Observation_8a4048a5078f6b1c58943f"/>
                                    </text>
                                    <statusCode code="completed"/>
                                    <effectiveTime value="201204070945-0800"/>
                                    <value xsi:type="PQ" value="70.0" unit="[in_us]"/>
                                </observation>
                            </component>
                            <component>
                                <observation classCode="OBS" moodCode="EVN">
                                    <templateId root="2.16.840.1.113883.10.20.1.31"/>
                                    <templateId root="1.3.6.1.4.1.19376.1.5.3.1.4.13"/>
                                    <templateId root="1.3.6.1.4.1.19376.1.5.3.1.4.13.2"/>
                                    <templateId root="2.16.840.1.113883.3.88.11.83.14"/>
                                    <id root="ce24389d-6af5-4f4f-98fe-db4924422d3b"/>
                                    <code code="3141-9" codeSystem="2.16.840.1.113883.6.1" displayName="BODY WEIGHT (MEASURED)"/>
                                    <text>BODY WEIGHT (MEASURED)<reference value="#Observation_814f5b8cee3a5aa7386407"/>
                                    </text>
                                    <statusCode code="completed"/>
                                    <effectiveTime value="201204070945-0800"/>
                                    <value xsi:type="PQ" value="150.0" unit="[lb_av]"/>
                                </observation>
                            </component>
                            <component>
                                <observation classCode="OBS" moodCode="EVN">
                                    <templateId root="2.16.840.1.113883.10.20.1.31"/>
                                    <templateId root="1.3.6.1.4.1.19376.1.5.3.1.4.13"/>
                                    <templateId root="1.3.6.1.4.1.19376.1.5.3.1.4.13.2"/>
                                    <templateId root="2.16.840.1.113883.3.88.11.83.14"/>
                                    <id root="535068e4-fbc7-4f3b-896b-352f939afcdf"/>
                                    <code code="8310-5" codeSystem="2.16.840.1.113883.6.1" displayName="BODY TEMPERATURE"/>
                                    <text>BODY TEMPERATURE<reference value="#Observation_084750bae68e1ef6b5b826"/>
                                    </text>
                                    <statusCode code="completed"/>
                                    <effectiveTime value="201204070945-0800"/>
                                    <value xsi:type="PQ" value="98" unit=".5"/>
                                </observation>
                            </component>
                            <component>
                                <observation classCode="OBS" moodCode="EVN">
                                    <templateId root="2.16.840.1.113883.10.20.1.31"/>
                                    <templateId root="1.3.6.1.4.1.19376.1.5.3.1.4.13"/>
                                    <templateId root="1.3.6.1.4.1.19376.1.5.3.1.4.13.2"/>
                                    <templateId root="2.16.840.1.113883.3.88.11.83.14"/>
                                    <id root="fa3bccf1-32a4-453e-b509-5e983c056438"/>
                                    <code code="8480-6" codeSystem="2.16.840.1.113883.6.1" displayName="INTRAVASCULAR SYSTOLIC"/>
                                    <text>INTRAVASCULAR SYSTOLIC<reference value="#Observation_75431bbd78c5b13e07d252"/>
                                    </text>
                                    <statusCode code="completed"/>
                                    <effectiveTime value="201204070945-0800"/>
                                    <value xsi:type="PQ" value="120.0" unit="mm[Hg]"/>
                                </observation>
                            </component>
                            <component>
                                <observation classCode="OBS" moodCode="EVN">
                                    <templateId root="2.16.840.1.113883.10.20.1.31"/>
                                    <templateId root="1.3.6.1.4.1.19376.1.5.3.1.4.13"/>
                                    <templateId root="1.3.6.1.4.1.19376.1.5.3.1.4.13.2"/>
                                    <templateId root="2.16.840.1.113883.3.88.11.83.14"/>
                                    <id root="132b8d59-073c-456a-b3be-b0f54ae95a75"/>
                                    <code code="8462-4" codeSystem="2.16.840.1.113883.6.1" displayName="INTRAVASCULAR DIASTOLIC"/>
                                    <text>INTRAVASCULAR DIASTOLIC<reference value="#Observation_cf4d5c9d1f06845f71476a"/>
                                    </text>
                                    <statusCode code="completed"/>
                                    <effectiveTime value="201204070945-0800"/>
                                    <value xsi:type="PQ" value="60.0" unit="mm[Hg]"/>
                                </observation>
                            </component>
                            <component>
                                <observation classCode="OBS" moodCode="EVN">
                                    <templateId root="2.16.840.1.113883.10.20.1.31"/>
                                    <templateId root="1.3.6.1.4.1.19376.1.5.3.1.4.13"/>
                                    <templateId root="1.3.6.1.4.1.19376.1.5.3.1.4.13.2"/>
                                    <templateId root="2.16.840.1.113883.3.88.11.83.14"/>
                                    <id root="4f697a6b-9088-47bf-bd12-90081803a99c"/>
                                    <code code="8867-4" codeSystem="2.16.840.1.113883.6.1" displayName="HEART BEAT"/>
                                    <text>HEART BEAT<reference value="#Observation_dd4020994140f937a500e0"/>
                                    </text>
                                    <statusCode code="completed"/>
                                    <effectiveTime value="201204070945-0800"/>
                                    <value xsi:type="PQ" value="65.0" unit="/min"/>
                                </observation>
                            </component>
                            <component>
                                <observation classCode="OBS" moodCode="EVN">
                                    <templateId root="2.16.840.1.113883.10.20.1.31"/>
                                    <templateId root="1.3.6.1.4.1.19376.1.5.3.1.4.13"/>
                                    <templateId root="1.3.6.1.4.1.19376.1.5.3.1.4.13.2"/>
                                    <templateId root="2.16.840.1.113883.3.88.11.83.14"/>
                                    <id root="54f6f81e-0463-43f0-bcab-80d5eb50962b"/>
                                    <code code="9279-1" codeSystem="2.16.840.1.113883.6.1" displayName="RESPIRATION RATE"/>
                                    <text>RESPIRATION RATE<reference value="#Observation_2b4837b509d775ca8f900b"/>
                                    </text>
                                    <statusCode code="completed"/>
                                    <effectiveTime value="201204070945-0800"/>
                                    <value xsi:type="PQ" value="99.0" unit="/min"/>
                                </observation>
                            </component>
                            <component>
                                <observation classCode="OBS" moodCode="EVN">
                                    <templateId root="2.16.840.1.113883.10.20.1.31"/>
                                    <templateId root="1.3.6.1.4.1.19376.1.5.3.1.4.13"/>
                                    <templateId root="1.3.6.1.4.1.19376.1.5.3.1.4.13.2"/>
                                    <templateId root="2.16.840.1.113883.3.88.11.83.14"/>
                                    <id root="1cb49668-87db-42dd-b86b-db548153e3ab"/>
                                    <code nullFlavor="NI">
                                        <originalText>ELY-PEFR^PEAK EXPIRATION FLOW RATE^L</originalText>
                                    </code>
                                    <text>ELY-PEFR^PEAK EXPIRATION FLOW RATE^L</text>
                                    <statusCode code="completed"/>
                                    <effectiveTime value="201204070945-0800"/>
                                    <value xsi:type="PQ" value="10" unit="0"/>
                                </observation>
                            </component>
                            <component>
                                <observation classCode="OBS" moodCode="EVN">
                                    <templateId root="2.16.840.1.113883.10.20.1.31"/>
                                    <templateId root="1.3.6.1.4.1.19376.1.5.3.1.4.13"/>
                                    <templateId root="1.3.6.1.4.1.19376.1.5.3.1.4.13.2"/>
                                    <templateId root="2.16.840.1.113883.3.88.11.83.14"/>
                                    <id root="eaa2b910-8f6f-4a05-957a-642100ab6d18"/>
                                    <code code="41909-3" codeSystem="2.16.840.1.113883.6.1" displayName="BODY MASS INDEX"/>
                                    <text>BODY MASS INDEX<reference value="#Observation_5b485eb6e5d67588df6585"/>
                                    </text>
                                    <statusCode code="completed"/>
                                    <effectiveTime value="201204070945-0800"/>
                                    <value xsi:type="PQ" value="21" unit=".5"/>
                                </observation>
                            </component>
                        </organizer>
                    </entry>
                    <entry  xmlns="urn:hl7-org:v3" xmlns:voc="urn:hl7-org:v3/voc" xmlns:xsi="http://www.w3.org/2001/XMLSchema-instance" xmlns:axolotl="urn:axolotl-com:pdo">
                        <organizer classCode="BATTERY" moodCode="EVN">
                            <templateId root="2.16.840.1.113883.10.20.1.35"/>
                            <templateId root="1.3.6.1.4.1.19376.1.5.3.1.4.13.1"/>
                            <templateId root="2.16.840.1.113883.10.20.1.32"/>
                            <id root="5e6b080a-03a9-42b4-8815-9a472620bf33"/>
                            <code code="46680005" codeSystem="2.16.840.1.113883.6.96" codeSystemName="SNOMED CT" displayName="Vital signs"/>
                            <statusCode code="completed"/>
                            <effectiveTime value="201204140945-0800"/>
                            <component>
                                <procedure classCode="PROC" moodCode="EVN">
                                    <templateId root="2.16.840.1.113883.10.20.1.29"/>
                                    <templateId root="1.3.6.1.4.1.19376.1.5.3.1.4.19"/>
                                    <templateId root="2.16.840.1.113883.3.88.11.83.17"/>
                                    <id root="219d8535-5206-41cf-9bf8-db22e85a414e"/>
                                    <code nullFlavor="NI">
                                        <originalText>Vital Signs<reference value="#Battery_8c4a7c9e10efd5dce2a6f7"/>
                                        </originalText>
                                    </code>
                                    <text>Vital Signs<reference value="#Battery_8c4a7c9e10efd5dce2a6f7"/>
                                    </text>
                                    <statusCode code="completed"/>
                                    <effectiveTime value="201204140945-0800"/>
                                    <priorityCode nullFlavor="NI"/>
                                    <participant typeCode="RESP" contextControlCode="OP">
                                        <participantRole>
                                            <playingEntity>
                                                <name>
                                                    <given>Doctor</given>
                                                    <family>Doom</family>
                                                </name>
                                            </playingEntity>
                                        </participantRole>
                                    </participant>
                                    <participant typeCode="ORG" contextControlCode="OP">
                                        <participantRole>
                                            <playingEntity>
                                                <name>AOMC</name>
                                            </playingEntity>
                                        </participantRole>
                                    </participant>
                                </procedure>
                            </component>
                            <component>
                                <observation classCode="OBS" moodCode="EVN">
                                    <templateId root="2.16.840.1.113883.10.20.1.31"/>
                                    <templateId root="1.3.6.1.4.1.19376.1.5.3.1.4.13"/>
                                    <templateId root="1.3.6.1.4.1.19376.1.5.3.1.4.13.2"/>
                                    <templateId root="2.16.840.1.113883.3.88.11.83.14"/>
                                    <id root="5cc76264-72e8-4fc9-bca8-1b3d87fbddc0"/>
                                    <code code="8302-2" codeSystem="2.16.840.1.113883.6.1" displayName="BODY HEIGHT (MEASURED)"/>
                                    <text>BODY HEIGHT (MEASURED)<reference value="#Observation_8a4048a5078f6b1c58943f"/>
                                    </text>
                                    <statusCode code="completed"/>
                                    <effectiveTime value="201204140945-0800"/>
                                    <value xsi:type="PQ" value="70.0" unit="[in_us]"/>
                                </observation>
                            </component>
                            <component>
                                <observation classCode="OBS" moodCode="EVN">
                                    <templateId root="2.16.840.1.113883.10.20.1.31"/>
                                    <templateId root="1.3.6.1.4.1.19376.1.5.3.1.4.13"/>
                                    <templateId root="1.3.6.1.4.1.19376.1.5.3.1.4.13.2"/>
                                    <templateId root="2.16.840.1.113883.3.88.11.83.14"/>
                                    <id root="ce24389d-6af5-4f4f-98fe-db4924422d3b"/>
                                    <code code="3141-9" codeSystem="2.16.840.1.113883.6.1" displayName="BODY WEIGHT (MEASURED)"/>
                                    <text>BODY WEIGHT (MEASURED)<reference value="#Observation_814f5b8cee3a5aa7386407"/>
                                    </text>
                                    <statusCode code="completed"/>
                                    <effectiveTime value="201204140945-0800"/>
                                    <value xsi:type="PQ" value="150.0" unit="[lb_av]"/>
                                </observation>
                            </component>
                            <component>
                                <observation classCode="OBS" moodCode="EVN">
                                    <templateId root="2.16.840.1.113883.10.20.1.31"/>
                                    <templateId root="1.3.6.1.4.1.19376.1.5.3.1.4.13"/>
                                    <templateId root="1.3.6.1.4.1.19376.1.5.3.1.4.13.2"/>
                                    <templateId root="2.16.840.1.113883.3.88.11.83.14"/>
                                    <id root="535068e4-fbc7-4f3b-896b-352f939afcdf"/>
                                    <code code="8310-5" codeSystem="2.16.840.1.113883.6.1" displayName="BODY TEMPERATURE"/>
                                    <text>BODY TEMPERATURE<reference value="#Observation_084750bae68e1ef6b5b826"/>
                                    </text>
                                    <statusCode code="completed"/>
                                    <effectiveTime value="201204140945-0800"/>
                                    <value xsi:type="PQ" value="98" unit=".5"/>
                                </observation>
                            </component>
                            <component>
                                <observation classCode="OBS" moodCode="EVN">
                                    <templateId root="2.16.840.1.113883.10.20.1.31"/>
                                    <templateId root="1.3.6.1.4.1.19376.1.5.3.1.4.13"/>
                                    <templateId root="1.3.6.1.4.1.19376.1.5.3.1.4.13.2"/>
                                    <templateId root="2.16.840.1.113883.3.88.11.83.14"/>
                                    <id root="fa3bccf1-32a4-453e-b509-5e983c056438"/>
                                    <code code="8480-6" codeSystem="2.16.840.1.113883.6.1" displayName="INTRAVASCULAR SYSTOLIC"/>
                                    <text>INTRAVASCULAR SYSTOLIC<reference value="#Observation_75431bbd78c5b13e07d252"/>
                                    </text>
                                    <statusCode code="completed"/>
                                    <effectiveTime value="201204140945-0800"/>
                                    <value xsi:type="PQ" value="120.0" unit="mm[Hg]"/>
                                </observation>
                            </component>
                            <component>
                                <observation classCode="OBS" moodCode="EVN">
                                    <templateId root="2.16.840.1.113883.10.20.1.31"/>
                                    <templateId root="1.3.6.1.4.1.19376.1.5.3.1.4.13"/>
                                    <templateId root="1.3.6.1.4.1.19376.1.5.3.1.4.13.2"/>
                                    <templateId root="2.16.840.1.113883.3.88.11.83.14"/>
                                    <id root="132b8d59-073c-456a-b3be-b0f54ae95a75"/>
                                    <code code="8462-4" codeSystem="2.16.840.1.113883.6.1" displayName="INTRAVASCULAR DIASTOLIC"/>
                                    <text>INTRAVASCULAR DIASTOLIC<reference value="#Observation_cf4d5c9d1f06845f71476a"/>
                                    </text>
                                    <statusCode code="completed"/>
                                    <effectiveTime value="201204140945-0800"/>
                                    <value xsi:type="PQ" value="60.0" unit="mm[Hg]"/>
                                </observation>
                            </component>
                            <component>
                                <observation classCode="OBS" moodCode="EVN">
                                    <templateId root="2.16.840.1.113883.10.20.1.31"/>
                                    <templateId root="1.3.6.1.4.1.19376.1.5.3.1.4.13"/>
                                    <templateId root="1.3.6.1.4.1.19376.1.5.3.1.4.13.2"/>
                                    <templateId root="2.16.840.1.113883.3.88.11.83.14"/>
                                    <id root="4f697a6b-9088-47bf-bd12-90081803a99c"/>
                                    <code code="8867-4" codeSystem="2.16.840.1.113883.6.1" displayName="HEART BEAT"/>
                                    <text>HEART BEAT<reference value="#Observation_dd4020994140f937a500e0"/>
                                    </text>
                                    <statusCode code="completed"/>
                                    <effectiveTime value="201204140945-0800"/>
                                    <value xsi:type="PQ" value="65.0" unit="/min"/>
                                </observation>
                            </component>
                            <component>
                                <observation classCode="OBS" moodCode="EVN">
                                    <templateId root="2.16.840.1.113883.10.20.1.31"/>
                                    <templateId root="1.3.6.1.4.1.19376.1.5.3.1.4.13"/>
                                    <templateId root="1.3.6.1.4.1.19376.1.5.3.1.4.13.2"/>
                                    <templateId root="2.16.840.1.113883.3.88.11.83.14"/>
                                    <id root="54f6f81e-0463-43f0-bcab-80d5eb50962b"/>
                                    <code code="9279-1" codeSystem="2.16.840.1.113883.6.1" displayName="RESPIRATION RATE"/>
                                    <text>RESPIRATION RATE<reference value="#Observation_2b4837b509d775ca8f900b"/>
                                    </text>
                                    <statusCode code="completed"/>
                                    <effectiveTime value="201204140945-0800"/>
                                    <value xsi:type="PQ" value="99.0" unit="/min"/>
                                </observation>
                            </component>
                            <component>
                                <observation classCode="OBS" moodCode="EVN">
                                    <templateId root="2.16.840.1.113883.10.20.1.31"/>
                                    <templateId root="1.3.6.1.4.1.19376.1.5.3.1.4.13"/>
                                    <templateId root="1.3.6.1.4.1.19376.1.5.3.1.4.13.2"/>
                                    <templateId root="2.16.840.1.113883.3.88.11.83.14"/>
                                    <id root="1cb49668-87db-42dd-b86b-db548153e3ab"/>
                                    <code nullFlavor="NI">
                                        <originalText>ELY-PEFR^PEAK EXPIRATION FLOW RATE^L</originalText>
                                    </code>
                                    <text>ELY-PEFR^PEAK EXPIRATION FLOW RATE^L</text>
                                    <statusCode code="completed"/>
                                    <effectiveTime value="201204140945-0800"/>
                                    <value xsi:type="PQ" value="10" unit="0"/>
                                </observation>
                            </component>
                            <component>
                                <observation classCode="OBS" moodCode="EVN">
                                    <templateId root="2.16.840.1.113883.10.20.1.31"/>
                                    <templateId root="1.3.6.1.4.1.19376.1.5.3.1.4.13"/>
                                    <templateId root="1.3.6.1.4.1.19376.1.5.3.1.4.13.2"/>
                                    <templateId root="2.16.840.1.113883.3.88.11.83.14"/>
                                    <id root="eaa2b910-8f6f-4a05-957a-642100ab6d18"/>
                                    <code code="41909-3" codeSystem="2.16.840.1.113883.6.1" displayName="BODY MASS INDEX"/>
                                    <text>BODY MASS INDEX<reference value="#Observation_5b485eb6e5d67588df6585"/>
                                    </text>
                                    <statusCode code="completed"/>
                                    <effectiveTime value="201204140945-0800"/>
                                    <value xsi:type="PQ" value="21" unit=".5"/>
                                </observation>
                            </component>
                        </organizer>
                    </entry>
                    <entry  xmlns="urn:hl7-org:v3" xmlns:voc="urn:hl7-org:v3/voc" xmlns:xsi="http://www.w3.org/2001/XMLSchema-instance" xmlns:axolotl="urn:axolotl-com:pdo">
                        <organizer classCode="BATTERY" moodCode="EVN">
                            <templateId root="2.16.840.1.113883.10.20.1.35"/>
                            <templateId root="1.3.6.1.4.1.19376.1.5.3.1.4.13.1"/>
                            <templateId root="2.16.840.1.113883.10.20.1.32"/>
                            <id root="5e6b080a-03a9-42b4-8815-9a472620bf33"/>
                            <code code="46680005" codeSystem="2.16.840.1.113883.6.96" codeSystemName="SNOMED CT" displayName="Vital signs"/>
                            <statusCode code="completed"/>
                            <effectiveTime value="201204210945-0800"/>
                            <component>
                                <procedure classCode="PROC" moodCode="EVN">
                                    <templateId root="2.16.840.1.113883.10.20.1.29"/>
                                    <templateId root="1.3.6.1.4.1.19376.1.5.3.1.4.19"/>
                                    <templateId root="2.16.840.1.113883.3.88.11.83.17"/>
                                    <id root="219d8535-5206-41cf-9bf8-db22e85a414e"/>
                                    <code nullFlavor="NI">
                                        <originalText>Vital Signs<reference value="#Battery_8c4a7c9e10efd5dce2a6f7"/>
                                        </originalText>
                                    </code>
                                    <text>Vital Signs<reference value="#Battery_8c4a7c9e10efd5dce2a6f7"/>
                                    </text>
                                    <statusCode code="completed"/>
                                    <effectiveTime value="201204210945-0800"/>
                                    <priorityCode nullFlavor="NI"/>
                                    <participant typeCode="RESP" contextControlCode="OP">
                                        <participantRole>
                                            <playingEntity>
                                                <name>
                                                    <given>Doctor</given>
                                                    <family>Doom</family>
                                                </name>
                                            </playingEntity>
                                        </participantRole>
                                    </participant>
                                    <participant typeCode="ORG" contextControlCode="OP">
                                        <participantRole>
                                            <playingEntity>
                                                <name>AOMC</name>
                                            </playingEntity>
                                        </participantRole>
                                    </participant>
                                </procedure>
                            </component>
                            <component>
                                <observation classCode="OBS" moodCode="EVN">
                                    <templateId root="2.16.840.1.113883.10.20.1.31"/>
                                    <templateId root="1.3.6.1.4.1.19376.1.5.3.1.4.13"/>
                                    <templateId root="1.3.6.1.4.1.19376.1.5.3.1.4.13.2"/>
                                    <templateId root="2.16.840.1.113883.3.88.11.83.14"/>
                                    <id root="5cc76264-72e8-4fc9-bca8-1b3d87fbddc0"/>
                                    <code code="8302-2" codeSystem="2.16.840.1.113883.6.1" displayName="BODY HEIGHT (MEASURED)"/>
                                    <text>BODY HEIGHT (MEASURED)<reference value="#Observation_8a4048a5078f6b1c58943f"/>
                                    </text>
                                    <statusCode code="completed"/>
                                    <effectiveTime value="201204210945-0800"/>
                                    <value xsi:type="PQ" value="70.0" unit="[in_us]"/>
                                </observation>
                            </component>
                            <component>
                                <observation classCode="OBS" moodCode="EVN">
                                    <templateId root="2.16.840.1.113883.10.20.1.31"/>
                                    <templateId root="1.3.6.1.4.1.19376.1.5.3.1.4.13"/>
                                    <templateId root="1.3.6.1.4.1.19376.1.5.3.1.4.13.2"/>
                                    <templateId root="2.16.840.1.113883.3.88.11.83.14"/>
                                    <id root="ce24389d-6af5-4f4f-98fe-db4924422d3b"/>
                                    <code code="3141-9" codeSystem="2.16.840.1.113883.6.1" displayName="BODY WEIGHT (MEASURED)"/>
                                    <text>BODY WEIGHT (MEASURED)<reference value="#Observation_814f5b8cee3a5aa7386407"/>
                                    </text>
                                    <statusCode code="completed"/>
                                    <effectiveTime value="201204210945-0800"/>
                                    <value xsi:type="PQ" value="150.0" unit="[lb_av]"/>
                                </observation>
                            </component>
                            <component>
                                <observation classCode="OBS" moodCode="EVN">
                                    <templateId root="2.16.840.1.113883.10.20.1.31"/>
                                    <templateId root="1.3.6.1.4.1.19376.1.5.3.1.4.13"/>
                                    <templateId root="1.3.6.1.4.1.19376.1.5.3.1.4.13.2"/>
                                    <templateId root="2.16.840.1.113883.3.88.11.83.14"/>
                                    <id root="535068e4-fbc7-4f3b-896b-352f939afcdf"/>
                                    <code code="8310-5" codeSystem="2.16.840.1.113883.6.1" displayName="BODY TEMPERATURE"/>
                                    <text>BODY TEMPERATURE<reference value="#Observation_084750bae68e1ef6b5b826"/>
                                    </text>
                                    <statusCode code="completed"/>
                                    <effectiveTime value="201204210945-0800"/>
                                    <value xsi:type="PQ" value="98" unit=".5"/>
                                </observation>
                            </component>
                            <component>
                                <observation classCode="OBS" moodCode="EVN">
                                    <templateId root="2.16.840.1.113883.10.20.1.31"/>
                                    <templateId root="1.3.6.1.4.1.19376.1.5.3.1.4.13"/>
                                    <templateId root="1.3.6.1.4.1.19376.1.5.3.1.4.13.2"/>
                                    <templateId root="2.16.840.1.113883.3.88.11.83.14"/>
                                    <id root="fa3bccf1-32a4-453e-b509-5e983c056438"/>
                                    <code code="8480-6" codeSystem="2.16.840.1.113883.6.1" displayName="INTRAVASCULAR SYSTOLIC"/>
                                    <text>INTRAVASCULAR SYSTOLIC<reference value="#Observation_75431bbd78c5b13e07d252"/>
                                    </text>
                                    <statusCode code="completed"/>
                                    <effectiveTime value="201204210945-0800"/>
                                    <value xsi:type="PQ" value="120.0" unit="mm[Hg]"/>
                                </observation>
                            </component>
                            <component>
                                <observation classCode="OBS" moodCode="EVN">
                                    <templateId root="2.16.840.1.113883.10.20.1.31"/>
                                    <templateId root="1.3.6.1.4.1.19376.1.5.3.1.4.13"/>
                                    <templateId root="1.3.6.1.4.1.19376.1.5.3.1.4.13.2"/>
                                    <templateId root="2.16.840.1.113883.3.88.11.83.14"/>
                                    <id root="132b8d59-073c-456a-b3be-b0f54ae95a75"/>
                                    <code code="8462-4" codeSystem="2.16.840.1.113883.6.1" displayName="INTRAVASCULAR DIASTOLIC"/>
                                    <text>INTRAVASCULAR DIASTOLIC<reference value="#Observation_cf4d5c9d1f06845f71476a"/>
                                    </text>
                                    <statusCode code="completed"/>
                                    <effectiveTime value="201204210945-0800"/>
                                    <value xsi:type="PQ" value="60.0" unit="mm[Hg]"/>
                                </observation>
                            </component>
                            <component>
                                <observation classCode="OBS" moodCode="EVN">
                                    <templateId root="2.16.840.1.113883.10.20.1.31"/>
                                    <templateId root="1.3.6.1.4.1.19376.1.5.3.1.4.13"/>
                                    <templateId root="1.3.6.1.4.1.19376.1.5.3.1.4.13.2"/>
                                    <templateId root="2.16.840.1.113883.3.88.11.83.14"/>
                                    <id root="4f697a6b-9088-47bf-bd12-90081803a99c"/>
                                    <code code="8867-4" codeSystem="2.16.840.1.113883.6.1" displayName="HEART BEAT"/>
                                    <text>HEART BEAT<reference value="#Observation_dd4020994140f937a500e0"/>
                                    </text>
                                    <statusCode code="completed"/>
                                    <effectiveTime value="201204210945-0800"/>
                                    <value xsi:type="PQ" value="65.0" unit="/min"/>
                                </observation>
                            </component>
                            <component>
                                <observation classCode="OBS" moodCode="EVN">
                                    <templateId root="2.16.840.1.113883.10.20.1.31"/>
                                    <templateId root="1.3.6.1.4.1.19376.1.5.3.1.4.13"/>
                                    <templateId root="1.3.6.1.4.1.19376.1.5.3.1.4.13.2"/>
                                    <templateId root="2.16.840.1.113883.3.88.11.83.14"/>
                                    <id root="54f6f81e-0463-43f0-bcab-80d5eb50962b"/>
                                    <code code="9279-1" codeSystem="2.16.840.1.113883.6.1" displayName="RESPIRATION RATE"/>
                                    <text>RESPIRATION RATE<reference value="#Observation_2b4837b509d775ca8f900b"/>
                                    </text>
                                    <statusCode code="completed"/>
                                    <effectiveTime value="201204210945-0800"/>
                                    <value xsi:type="PQ" value="99.0" unit="/min"/>
                                </observation>
                            </component>
                            <component>
                                <observation classCode="OBS" moodCode="EVN">
                                    <templateId root="2.16.840.1.113883.10.20.1.31"/>
                                    <templateId root="1.3.6.1.4.1.19376.1.5.3.1.4.13"/>
                                    <templateId root="1.3.6.1.4.1.19376.1.5.3.1.4.13.2"/>
                                    <templateId root="2.16.840.1.113883.3.88.11.83.14"/>
                                    <id root="1cb49668-87db-42dd-b86b-db548153e3ab"/>
                                    <code nullFlavor="NI">
                                        <originalText>ELY-PEFR^PEAK EXPIRATION FLOW RATE^L</originalText>
                                    </code>
                                    <text>ELY-PEFR^PEAK EXPIRATION FLOW RATE^L</text>
                                    <statusCode code="completed"/>
                                    <effectiveTime value="201204210945-0800"/>
                                    <value xsi:type="PQ" value="10" unit="0"/>
                                </observation>
                            </component>
                            <component>
                                <observation classCode="OBS" moodCode="EVN">
                                    <templateId root="2.16.840.1.113883.10.20.1.31"/>
                                    <templateId root="1.3.6.1.4.1.19376.1.5.3.1.4.13"/>
                                    <templateId root="1.3.6.1.4.1.19376.1.5.3.1.4.13.2"/>
                                    <templateId root="2.16.840.1.113883.3.88.11.83.14"/>
                                    <id root="eaa2b910-8f6f-4a05-957a-642100ab6d18"/>
                                    <code code="41909-3" codeSystem="2.16.840.1.113883.6.1" displayName="BODY MASS INDEX"/>
                                    <text>BODY MASS INDEX<reference value="#Observation_5b485eb6e5d67588df6585"/>
                                    </text>
                                    <statusCode code="completed"/>
                                    <effectiveTime value="201204210945-0800"/>
                                    <value xsi:type="PQ" value="21" unit=".5"/>
                                </observation>
                            </component>
                        </organizer>
                    </entry>
                    <entry  xmlns="urn:hl7-org:v3" xmlns:voc="urn:hl7-org:v3/voc" xmlns:xsi="http://www.w3.org/2001/XMLSchema-instance" xmlns:axolotl="urn:axolotl-com:pdo">
                        <organizer classCode="BATTERY" moodCode="EVN">
                            <templateId root="2.16.840.1.113883.10.20.1.35"/>
                            <templateId root="1.3.6.1.4.1.19376.1.5.3.1.4.13.1"/>
                            <templateId root="2.16.840.1.113883.10.20.1.32"/>
                            <id root="5e6b080a-03a9-42b4-8815-9a472620bf33"/>
                            <code code="46680005" codeSystem="2.16.840.1.113883.6.96" codeSystemName="SNOMED CT" displayName="Vital signs"/>
                            <statusCode code="completed"/>
                            <effectiveTime value="201204280945-0800"/>
                            <component>
                                <procedure classCode="PROC" moodCode="EVN">
                                    <templateId root="2.16.840.1.113883.10.20.1.29"/>
                                    <templateId root="1.3.6.1.4.1.19376.1.5.3.1.4.19"/>
                                    <templateId root="2.16.840.1.113883.3.88.11.83.17"/>
                                    <id root="219d8535-5206-41cf-9bf8-db22e85a414e"/>
                                    <code nullFlavor="NI">
                                        <originalText>Vital Signs<reference value="#Battery_8c4a7c9e10efd5dce2a6f7"/>
                                        </originalText>
                                    </code>
                                    <text>Vital Signs<reference value="#Battery_8c4a7c9e10efd5dce2a6f7"/>
                                    </text>
                                    <statusCode code="completed"/>
                                    <effectiveTime value="201204280945-0800"/>
                                    <priorityCode nullFlavor="NI"/>
                                    <participant typeCode="RESP" contextControlCode="OP">
                                        <participantRole>
                                            <playingEntity>
                                                <name>
                                                    <given>Doctor</given>
                                                    <family>Doom</family>
                                                </name>
                                            </playingEntity>
                                        </participantRole>
                                    </participant>
                                    <participant typeCode="ORG" contextControlCode="OP">
                                        <participantRole>
                                            <playingEntity>
                                                <name>AOMC</name>
                                            </playingEntity>
                                        </participantRole>
                                    </participant>
                                </procedure>
                            </component>
                            <component>
                                <observation classCode="OBS" moodCode="EVN">
                                    <templateId root="2.16.840.1.113883.10.20.1.31"/>
                                    <templateId root="1.3.6.1.4.1.19376.1.5.3.1.4.13"/>
                                    <templateId root="1.3.6.1.4.1.19376.1.5.3.1.4.13.2"/>
                                    <templateId root="2.16.840.1.113883.3.88.11.83.14"/>
                                    <id root="5cc76264-72e8-4fc9-bca8-1b3d87fbddc0"/>
                                    <code code="8302-2" codeSystem="2.16.840.1.113883.6.1" displayName="BODY HEIGHT (MEASURED)"/>
                                    <text>BODY HEIGHT (MEASURED)<reference value="#Observation_8a4048a5078f6b1c58943f"/>
                                    </text>
                                    <statusCode code="completed"/>
                                    <effectiveTime value="201204280945-0800"/>
                                    <value xsi:type="PQ" value="70.0" unit="[in_us]"/>
                                </observation>
                            </component>
                            <component>
                                <observation classCode="OBS" moodCode="EVN">
                                    <templateId root="2.16.840.1.113883.10.20.1.31"/>
                                    <templateId root="1.3.6.1.4.1.19376.1.5.3.1.4.13"/>
                                    <templateId root="1.3.6.1.4.1.19376.1.5.3.1.4.13.2"/>
                                    <templateId root="2.16.840.1.113883.3.88.11.83.14"/>
                                    <id root="ce24389d-6af5-4f4f-98fe-db4924422d3b"/>
                                    <code code="3141-9" codeSystem="2.16.840.1.113883.6.1" displayName="BODY WEIGHT (MEASURED)"/>
                                    <text>BODY WEIGHT (MEASURED)<reference value="#Observation_814f5b8cee3a5aa7386407"/>
                                    </text>
                                    <statusCode code="completed"/>
                                    <effectiveTime value="201204280945-0800"/>
                                    <value xsi:type="PQ" value="150.0" unit="[lb_av]"/>
                                </observation>
                            </component>
                            <component>
                                <observation classCode="OBS" moodCode="EVN">
                                    <templateId root="2.16.840.1.113883.10.20.1.31"/>
                                    <templateId root="1.3.6.1.4.1.19376.1.5.3.1.4.13"/>
                                    <templateId root="1.3.6.1.4.1.19376.1.5.3.1.4.13.2"/>
                                    <templateId root="2.16.840.1.113883.3.88.11.83.14"/>
                                    <id root="535068e4-fbc7-4f3b-896b-352f939afcdf"/>
                                    <code code="8310-5" codeSystem="2.16.840.1.113883.6.1" displayName="BODY TEMPERATURE"/>
                                    <text>BODY TEMPERATURE<reference value="#Observation_084750bae68e1ef6b5b826"/>
                                    </text>
                                    <statusCode code="completed"/>
                                    <effectiveTime value="201204280945-0800"/>
                                    <value xsi:type="PQ" value="98" unit=".5"/>
                                </observation>
                            </component>
                            <component>
                                <observation classCode="OBS" moodCode="EVN">
                                    <templateId root="2.16.840.1.113883.10.20.1.31"/>
                                    <templateId root="1.3.6.1.4.1.19376.1.5.3.1.4.13"/>
                                    <templateId root="1.3.6.1.4.1.19376.1.5.3.1.4.13.2"/>
                                    <templateId root="2.16.840.1.113883.3.88.11.83.14"/>
                                    <id root="fa3bccf1-32a4-453e-b509-5e983c056438"/>
                                    <code code="8480-6" codeSystem="2.16.840.1.113883.6.1" displayName="INTRAVASCULAR SYSTOLIC"/>
                                    <text>INTRAVASCULAR SYSTOLIC<reference value="#Observation_75431bbd78c5b13e07d252"/>
                                    </text>
                                    <statusCode code="completed"/>
                                    <effectiveTime value="201204280945-0800"/>
                                    <value xsi:type="PQ" value="120.0" unit="mm[Hg]"/>
                                </observation>
                            </component>
                            <component>
                                <observation classCode="OBS" moodCode="EVN">
                                    <templateId root="2.16.840.1.113883.10.20.1.31"/>
                                    <templateId root="1.3.6.1.4.1.19376.1.5.3.1.4.13"/>
                                    <templateId root="1.3.6.1.4.1.19376.1.5.3.1.4.13.2"/>
                                    <templateId root="2.16.840.1.113883.3.88.11.83.14"/>
                                    <id root="132b8d59-073c-456a-b3be-b0f54ae95a75"/>
                                    <code code="8462-4" codeSystem="2.16.840.1.113883.6.1" displayName="INTRAVASCULAR DIASTOLIC"/>
                                    <text>INTRAVASCULAR DIASTOLIC<reference value="#Observation_cf4d5c9d1f06845f71476a"/>
                                    </text>
                                    <statusCode code="completed"/>
                                    <effectiveTime value="201204280945-0800"/>
                                    <value xsi:type="PQ" value="60.0" unit="mm[Hg]"/>
                                </observation>
                            </component>
                            <component>
                                <observation classCode="OBS" moodCode="EVN">
                                    <templateId root="2.16.840.1.113883.10.20.1.31"/>
                                    <templateId root="1.3.6.1.4.1.19376.1.5.3.1.4.13"/>
                                    <templateId root="1.3.6.1.4.1.19376.1.5.3.1.4.13.2"/>
                                    <templateId root="2.16.840.1.113883.3.88.11.83.14"/>
                                    <id root="4f697a6b-9088-47bf-bd12-90081803a99c"/>
                                    <code code="8867-4" codeSystem="2.16.840.1.113883.6.1" displayName="HEART BEAT"/>
                                    <text>HEART BEAT<reference value="#Observation_dd4020994140f937a500e0"/>
                                    </text>
                                    <statusCode code="completed"/>
                                    <effectiveTime value="201204280945-0800"/>
                                    <value xsi:type="PQ" value="65.0" unit="/min"/>
                                </observation>
                            </component>
                            <component>
                                <observation classCode="OBS" moodCode="EVN">
                                    <templateId root="2.16.840.1.113883.10.20.1.31"/>
                                    <templateId root="1.3.6.1.4.1.19376.1.5.3.1.4.13"/>
                                    <templateId root="1.3.6.1.4.1.19376.1.5.3.1.4.13.2"/>
                                    <templateId root="2.16.840.1.113883.3.88.11.83.14"/>
                                    <id root="54f6f81e-0463-43f0-bcab-80d5eb50962b"/>
                                    <code code="9279-1" codeSystem="2.16.840.1.113883.6.1" displayName="RESPIRATION RATE"/>
                                    <text>RESPIRATION RATE<reference value="#Observation_2b4837b509d775ca8f900b"/>
                                    </text>
                                    <statusCode code="completed"/>
                                    <effectiveTime value="201204280945-0800"/>
                                    <value xsi:type="PQ" value="99.0" unit="/min"/>
                                </observation>
                            </component>
                            <component>
                                <observation classCode="OBS" moodCode="EVN">
                                    <templateId root="2.16.840.1.113883.10.20.1.31"/>
                                    <templateId root="1.3.6.1.4.1.19376.1.5.3.1.4.13"/>
                                    <templateId root="1.3.6.1.4.1.19376.1.5.3.1.4.13.2"/>
                                    <templateId root="2.16.840.1.113883.3.88.11.83.14"/>
                                    <id root="1cb49668-87db-42dd-b86b-db548153e3ab"/>
                                    <code nullFlavor="NI">
                                        <originalText>ELY-PEFR^PEAK EXPIRATION FLOW RATE^L</originalText>
                                    </code>
                                    <text>ELY-PEFR^PEAK EXPIRATION FLOW RATE^L</text>
                                    <statusCode code="completed"/>
                                    <effectiveTime value="201204280945-0800"/>
                                    <value xsi:type="PQ" value="10" unit="0"/>
                                </observation>
                            </component>
                            <component>
                                <observation classCode="OBS" moodCode="EVN">
                                    <templateId root="2.16.840.1.113883.10.20.1.31"/>
                                    <templateId root="1.3.6.1.4.1.19376.1.5.3.1.4.13"/>
                                    <templateId root="1.3.6.1.4.1.19376.1.5.3.1.4.13.2"/>
                                    <templateId root="2.16.840.1.113883.3.88.11.83.14"/>
                                    <id root="eaa2b910-8f6f-4a05-957a-642100ab6d18"/>
                                    <code code="41909-3" codeSystem="2.16.840.1.113883.6.1" displayName="BODY MASS INDEX"/>
                                    <text>BODY MASS INDEX<reference value="#Observation_5b485eb6e5d67588df6585"/>
                                    </text>
                                    <statusCode code="completed"/>
                                    <effectiveTime value="201204280945-0800"/>
                                    <value xsi:type="PQ" value="21" unit=".5"/>
                                </observation>
                            </component>
                        </organizer>
                    </entry>
                </section>
            </component>
        </structuredBody>
    </component>
</ClinicalDocument>